<?xml version="1.0" encoding="UTF-8"?>
<testsuite xmlns:xsi="http://www.w3.org/2001/XMLSchema-instance" xsi:noNamespaceSchemaLocation="https://maven.apache.org/surefire/maven-surefire-plugin/xsd/surefire-test-report-3.0.xsd" version="3.0" name="com.catan.model.CatanGameTest" time="1.042" tests="6" errors="0" skipped="0" failures="0">
  <properties>
    <property name="java.specification.version" value="17"/>
    <property name="sun.cpu.isalist" value="amd64"/>
    <property name="sun.jnu.encoding" value="Cp1252"/>
    <property name="java.class.path" value="C:\Users\robts\OneDrive\Desktop\catan_projekt\Java-Catan\target\test-classes;C:\Users\robts\OneDrive\Desktop\catan_projekt\Java-Catan\target\classes;C:\Users\robts\.m2\repository\org\openjfx\javafx-controls\17.0.2\javafx-controls-17.0.2.jar;C:\Users\robts\.m2\repository\org\openjfx\javafx-controls\17.0.2\javafx-controls-17.0.2-win.jar;C:\Users\robts\.m2\repository\org\openjfx\javafx-graphics\17.0.2\javafx-graphics-17.0.2.jar;C:\Users\robts\.m2\repository\org\openjfx\javafx-graphics\17.0.2\javafx-graphics-17.0.2-win.jar;C:\Users\robts\.m2\repository\org\openjfx\javafx-base\17.0.2\javafx-base-17.0.2.jar;C:\Users\robts\.m2\repository\org\openjfx\javafx-base\17.0.2\javafx-base-17.0.2-win.jar;C:\Users\robts\.m2\repository\org\openjfx\javafx-fxml\17.0.2\javafx-fxml-17.0.2.jar;C:\Users\robts\.m2\repository\org\openjfx\javafx-fxml\17.0.2\javafx-fxml-17.0.2-win.jar;C:\Users\robts\.m2\repository\org\junit\jupiter\junit-jupiter-api\5.8.2\junit-jupiter-api-5.8.2.jar;C:\Users\robts\.m2\repository\org\opentest4j\opentest4j\1.2.0\opentest4j-1.2.0.jar;C:\Users\robts\.m2\repository\org\junit\platform\junit-platform-commons\1.8.2\junit-platform-commons-1.8.2.jar;C:\Users\robts\.m2\repository\org\apiguardian\apiguardian-api\1.1.2\apiguardian-api-1.1.2.jar;C:\Users\robts\.m2\repository\org\junit\jupiter\junit-jupiter-engine\5.8.2\junit-jupiter-engine-5.8.2.jar;C:\Users\robts\.m2\repository\org\junit\platform\junit-platform-engine\1.8.2\junit-platform-engine-1.8.2.jar;"/>
    <property name="java.vm.vendor" value="Eclipse Adoptium"/>
    <property name="sun.arch.data.model" value="64"/>
    <property name="user.variant" value=""/>
    <property name="java.vendor.url" value="https://adoptium.net/"/>
    <property name="user.timezone" value="Europe/Berlin"/>
    <property name="os.name" value="Windows 11"/>
    <property name="java.vm.specification.version" value="17"/>
    <property name="sun.java.launcher" value="SUN_STANDARD"/>
    <property name="user.country" value="DE"/>
    <property name="sun.boot.library.path" value="C:\Program Files\Eclipse Adoptium\jdk-17.0.15.6-hotspot\bin"/>
    <property name="sun.java.command" value="C:\Users\robts\AppData\Local\Temp\surefire3310653836311734782\surefirebooter-20250706185526188_3.jar C:\Users\robts\AppData\Local\Temp\surefire3310653836311734782 2025-07-06T18-55-25_976-jvmRun1 surefire-20250706185526188_1tmp surefire_0-20250706185526188_2tmp"/>
    <property name="jdk.debug" value="release"/>
    <property name="surefire.test.class.path" value="C:\Users\robts\OneDrive\Desktop\catan_projekt\Java-Catan\target\test-classes;C:\Users\robts\OneDrive\Desktop\catan_projekt\Java-Catan\target\classes;C:\Users\robts\.m2\repository\org\openjfx\javafx-controls\17.0.2\javafx-controls-17.0.2.jar;C:\Users\robts\.m2\repository\org\openjfx\javafx-controls\17.0.2\javafx-controls-17.0.2-win.jar;C:\Users\robts\.m2\repository\org\openjfx\javafx-graphics\17.0.2\javafx-graphics-17.0.2.jar;C:\Users\robts\.m2\repository\org\openjfx\javafx-graphics\17.0.2\javafx-graphics-17.0.2-win.jar;C:\Users\robts\.m2\repository\org\openjfx\javafx-base\17.0.2\javafx-base-17.0.2.jar;C:\Users\robts\.m2\repository\org\openjfx\javafx-base\17.0.2\javafx-base-17.0.2-win.jar;C:\Users\robts\.m2\repository\org\openjfx\javafx-fxml\17.0.2\javafx-fxml-17.0.2.jar;C:\Users\robts\.m2\repository\org\openjfx\javafx-fxml\17.0.2\javafx-fxml-17.0.2-win.jar;C:\Users\robts\.m2\repository\org\junit\jupiter\junit-jupiter-api\5.8.2\junit-jupiter-api-5.8.2.jar;C:\Users\robts\.m2\repository\org\opentest4j\opentest4j\1.2.0\opentest4j-1.2.0.jar;C:\Users\robts\.m2\repository\org\junit\platform\junit-platform-commons\1.8.2\junit-platform-commons-1.8.2.jar;C:\Users\robts\.m2\repository\org\apiguardian\apiguardian-api\1.1.2\apiguardian-api-1.1.2.jar;C:\Users\robts\.m2\repository\org\junit\jupiter\junit-jupiter-engine\5.8.2\junit-jupiter-engine-5.8.2.jar;C:\Users\robts\.m2\repository\org\junit\platform\junit-platform-engine\1.8.2\junit-platform-engine-1.8.2.jar;"/>
    <property name="sun.cpu.endian" value="little"/>
    <property name="user.home" value="C:\Users\robts"/>
    <property name="user.language" value="de"/>
    <property name="java.specification.vendor" value="Oracle Corporation"/>
    <property name="java.version.date" value="2025-04-15"/>
    <property name="java.home" value="C:\Program Files\Eclipse Adoptium\jdk-17.0.15.6-hotspot"/>
    <property name="file.separator" value="\"/>
    <property name="basedir" value="C:\Users\robts\OneDrive\Desktop\catan_projekt\Java-Catan"/>
    <property name="java.vm.compressedOopsMode" value="Zero based"/>
    <property name="line.separator" value="&#10;"/>
    <property name="java.vm.specification.vendor" value="Oracle Corporation"/>
    <property name="java.specification.name" value="Java Platform API Specification"/>
    <property name="surefire.real.class.path" value="C:\Users\robts\AppData\Local\Temp\surefire3310653836311734782\surefirebooter-20250706185526188_3.jar"/>
    <property name="user.script" value=""/>
    <property name="sun.management.compiler" value="HotSpot 64-Bit Tiered Compilers"/>
    <property name="java.runtime.version" value="17.0.15+6"/>
    <property name="user.name" value="robts"/>
    <property name="path.separator" value=";"/>
    <property name="os.version" value="10.0"/>
    <property name="java.runtime.name" value="OpenJDK Runtime Environment"/>
    <property name="file.encoding" value="Cp1252"/>
    <property name="java.vm.name" value="OpenJDK 64-Bit Server VM"/>
    <property name="java.vendor.version" value="Temurin-17.0.15+6"/>
    <property name="localRepository" value="C:\Users\robts\.m2\repository"/>
    <property name="java.vendor.url.bug" value="https://github.com/adoptium/adoptium-support/issues"/>
    <property name="java.io.tmpdir" value="C:\Users\robts\AppData\Local\Temp\"/>
    <property name="java.version" value="17.0.15"/>
    <property name="user.dir" value="C:\Users\robts\OneDrive\Desktop\catan_projekt\Java-Catan"/>
    <property name="os.arch" value="amd64"/>
    <property name="java.vm.specification.name" value="Java Virtual Machine Specification"/>
    <property name="sun.os.patch.level" value=""/>
    <property name="native.encoding" value="Cp1252"/>
    <property name="java.library.path" value="C:\Program Files\Eclipse Adoptium\jdk-17.0.15.6-hotspot\bin;C:\WINDOWS\Sun\Java\bin;C:\WINDOWS\system32;C:\WINDOWS;C:/Users/robts/.p2/pool/plugins/org.eclipse.justj.openjdk.hotspot.jre.full.win32.x86_64_21.0.7.v20250502-0916/jre/bin/server;C:/Users/robts/.p2/pool/plugins/org.eclipse.justj.openjdk.hotspot.jre.full.win32.x86_64_21.0.7.v20250502-0916/jre/bin;C:\Program Files\Eclipse Adoptium\jdk-17.0.15.6-hotspot\bin;C:\Program Files\Common Files\Oracle\Java\javapath;C:\Program Files (x86)\Razer Chroma SDK\bin;C:\Program Files\Razer Chroma SDK\bin;C:\Windows\system32;C:\Windows;C:\Windows\System32\Wbem;C:\Windows\System32\WindowsPowerShell\v1.0\;C:\Windows\System32\OpenSSH\;C:\Program Files (x86)\NVIDIA Corporation\PhysX\Common;C:\Program Files\NVIDIA Corporation\NVIDIA app\NvDLISR;C:\Program Files\MATLAB\R2024b\bin;C:\Windows\system32\config\systemprofile\AppData\Local\Microsoft\WindowsApps;C:\Program Files (x86)\Razer\ChromaBroadcast\bin;C:\Program Files\Razer\ChromaBroadcast\bin;C:\Users\robts\AppData\Local\Microsoft\WindowsApps;C:\Users\robts\AppData\Local\Programs\Microsoft VS Code\bin;C:\msys64\ucrt64\bin;C:\WINDOWS\system32;C:\WINDOWS;C:\WINDOWS\System32\Wbem;C:\WINDOWS\System32\WindowsPowerShell\v1.0\;C:\WINDOWS\System32\OpenSSH\;C:\Program Files\Git\cmd;C:\Users\robts\.cargo\bin;C:\Users\robts\AppData\Local\Microsoft\WindowsApps;C:\Users\robts\AppData\Local\Programs\Microsoft VS Code\bin;C:\msys64\ucrt64\bin;C:\Program Files\Eclipse Adoptium\jdk-17.0.15.6-hotspot\bin;C:\Users\robts\Programme\apache-maven-3.9.10\bin;;C:\Users\robts\OneDrive\Desktop;;."/>
    <property name="java.vm.info" value="mixed mode, sharing"/>
    <property name="java.vendor" value="Eclipse Adoptium"/>
    <property name="java.vm.version" value="17.0.15+6"/>
    <property name="java.specification.maintenance.version" value="1"/>
    <property name="sun.io.unicode.encoding" value="UnicodeLittle"/>
    <property name="java.class.version" value="61.0"/>
  </properties>
  <testcase name="testInvalidPlayerCount" classname="com.catan.model.CatanGameTest" time="0.108">
    <system-out><![CDATA[Key: com.catan.model.RoundedPoint2D@154311, Value: [Vertex(-1, -2, 0)]
Key: com.catan.model.RoundedPoint2D@154311, Value: [Vertex(-1, -2, 0)]
Key: com.catan.model.RoundedPoint2D@187a61, Value: [Vertex(-1, -2, 1)]
Key: com.catan.model.RoundedPoint2D@154311, Value: [Vertex(-1, -2, 0)]
Key: com.catan.model.RoundedPoint2D@185b21, Value: [Vertex(-1, -2, 2)]
Key: com.catan.model.RoundedPoint2D@187a61, Value: [Vertex(-1, -2, 1)]
Key: com.catan.model.RoundedPoint2D@150491, Value: [Vertex(-1, -2, 3)]
Key: com.catan.model.RoundedPoint2D@154311, Value: [Vertex(-1, -2, 0)]
Key: com.catan.model.RoundedPoint2D@185b21, Value: [Vertex(-1, -2, 2)]
Key: com.catan.model.RoundedPoint2D@187a61, Value: [Vertex(-1, -2, 1)]
Key: com.catan.model.RoundedPoint2D@11cd22, Value: [Vertex(-1, -2, 4)]
Key: com.catan.model.RoundedPoint2D@150491, Value: [Vertex(-1, -2, 3)]
Key: com.catan.model.RoundedPoint2D@154311, Value: [Vertex(-1, -2, 0)]
Key: com.catan.model.RoundedPoint2D@185b21, Value: [Vertex(-1, -2, 2)]
Key: com.catan.model.RoundedPoint2D@187a61, Value: [Vertex(-1, -2, 1)]
Key: com.catan.model.RoundedPoint2D@11ec62, Value: [Vertex(-1, -2, 5)]
Key: com.catan.model.RoundedPoint2D@11cd22, Value: [Vertex(-1, -2, 4)]
Key: com.catan.model.RoundedPoint2D@150491, Value: [Vertex(-1, -2, 3)]
Key: com.catan.model.RoundedPoint2D@154311, Value: [Vertex(-1, -2, 0)]
Key: com.catan.model.RoundedPoint2D@185b21, Value: [Vertex(-1, -2, 2)]
Key: com.catan.model.RoundedPoint2D@187a61, Value: [Vertex(-1, -2, 1)]
Key: com.catan.model.RoundedPoint2D@11ec62, Value: [Vertex(-1, -2, 5)]
Key: com.catan.model.RoundedPoint2D@11cd22, Value: [Vertex(-1, -2, 4)]
Key: com.catan.model.RoundedPoint2D@150491, Value: [Vertex(-1, -2, 3)]
Key: com.catan.model.RoundedPoint2D@154311, Value: [Vertex(-1, -2, 0)]
Key: com.catan.model.RoundedPoint2D@185b21, Value: [Vertex(-1, -2, 2)]
Key: com.catan.model.RoundedPoint2D@187a61, Value: [Vertex(-1, -2, 1)]
Key: com.catan.model.RoundedPoint2D@1f46c1, Value: [Vertex(0, -1, 0)]
Key: com.catan.model.RoundedPoint2D@227e11, Value: [Vertex(0, -1, 1)]
Key: com.catan.model.RoundedPoint2D@11ec62, Value: [Vertex(-1, -2, 5)]
Key: com.catan.model.RoundedPoint2D@11cd22, Value: [Vertex(-1, -2, 4)]
Key: com.catan.model.RoundedPoint2D@150491, Value: [Vertex(-1, -2, 3)]
Key: com.catan.model.RoundedPoint2D@154311, Value: [Vertex(-1, -2, 0)]
Key: com.catan.model.RoundedPoint2D@185b21, Value: [Vertex(-1, -2, 2)]
Key: com.catan.model.RoundedPoint2D@187a61, Value: [Vertex(-1, -2, 1)]
Key: com.catan.model.RoundedPoint2D@1f46c1, Value: [Vertex(0, -1, 0)]
Key: com.catan.model.RoundedPoint2D@225ed1, Value: [Vertex(0, -1, 2)]
Key: com.catan.model.RoundedPoint2D@227e11, Value: [Vertex(0, -1, 1)]
Key: com.catan.model.RoundedPoint2D@11ec62, Value: [Vertex(-1, -2, 5)]
Key: com.catan.model.RoundedPoint2D@11cd22, Value: [Vertex(-1, -2, 4)]
Key: com.catan.model.RoundedPoint2D@150491, Value: [Vertex(-1, -2, 3)]
Key: com.catan.model.RoundedPoint2D@154311, Value: [Vertex(-1, -2, 0)]
Key: com.catan.model.RoundedPoint2D@185b21, Value: [Vertex(-1, -2, 2)]
Key: com.catan.model.RoundedPoint2D@187a61, Value: [Vertex(-1, -2, 1)]
Key: com.catan.model.RoundedPoint2D@1f46c1, Value: [Vertex(0, -1, 0)]
Key: com.catan.model.RoundedPoint2D@225ed1, Value: [Vertex(0, -1, 2)]
Key: com.catan.model.RoundedPoint2D@227e11, Value: [Vertex(0, -1, 1)]
Key: com.catan.model.RoundedPoint2D@11ec62, Value: [Vertex(-1, -2, 5)]
Key: com.catan.model.RoundedPoint2D@11cd22, Value: [Vertex(-1, -2, 4)]
Key: com.catan.model.RoundedPoint2D@150491, Value: [Vertex(-1, -2, 3)]
Key: com.catan.model.RoundedPoint2D@154311, Value: [Vertex(-1, -2, 0)]
Key: com.catan.model.RoundedPoint2D@185b21, Value: [Vertex(-1, -2, 2)]
Key: com.catan.model.RoundedPoint2D@187a61, Value: [Vertex(-1, -2, 1)]
Key: com.catan.model.RoundedPoint2D@1f0841, Value: [Vertex(0, -1, 3)]
Key: com.catan.model.RoundedPoint2D@1f46c1, Value: [Vertex(0, -1, 0)]
Key: com.catan.model.RoundedPoint2D@225ed1, Value: [Vertex(0, -1, 2)]
Key: com.catan.model.RoundedPoint2D@227e11, Value: [Vertex(0, -1, 1)]
Key: com.catan.model.RoundedPoint2D@11ec62, Value: [Vertex(-1, -2, 5)]
Key: com.catan.model.RoundedPoint2D@11cd22, Value: [Vertex(-1, -2, 4)]
Key: com.catan.model.RoundedPoint2D@150491, Value: [Vertex(-1, -2, 3)]
Key: com.catan.model.RoundedPoint2D@154311, Value: [Vertex(-1, -2, 0)]
Key: com.catan.model.RoundedPoint2D@185b21, Value: [Vertex(-1, -2, 2)]
Key: com.catan.model.RoundedPoint2D@187a61, Value: [Vertex(-1, -2, 1)]
Key: com.catan.model.RoundedPoint2D@1bd0f1, Value: [Vertex(0, -1, 4)]
Key: com.catan.model.RoundedPoint2D@1f0841, Value: [Vertex(0, -1, 3)]
Key: com.catan.model.RoundedPoint2D@1f46c1, Value: [Vertex(0, -1, 0)]
Key: com.catan.model.RoundedPoint2D@225ed1, Value: [Vertex(0, -1, 2)]
Key: com.catan.model.RoundedPoint2D@227e11, Value: [Vertex(0, -1, 1)]
Key: com.catan.model.RoundedPoint2D@11ec62, Value: [Vertex(-1, -2, 5)]
Key: com.catan.model.RoundedPoint2D@11cd22, Value: [Vertex(-1, -2, 4)]
Key: com.catan.model.RoundedPoint2D@150491, Value: [Vertex(-1, -2, 3)]
Key: com.catan.model.RoundedPoint2D@154311, Value: [Vertex(-1, -2, 0)]
Key: com.catan.model.RoundedPoint2D@185b21, Value: [Vertex(-1, -2, 2)]
Key: com.catan.model.RoundedPoint2D@187a61, Value: [Vertex(-1, -2, 1)]
Key: com.catan.model.RoundedPoint2D@1bf031, Value: [Vertex(0, -1, 5)]
Key: com.catan.model.RoundedPoint2D@1bd0f1, Value: [Vertex(0, -1, 4)]
Key: com.catan.model.RoundedPoint2D@1f0841, Value: [Vertex(0, -1, 3)]
Key: com.catan.model.RoundedPoint2D@1f46c1, Value: [Vertex(0, -1, 0)]
Key: com.catan.model.RoundedPoint2D@225ed1, Value: [Vertex(0, -1, 2)]
Key: com.catan.model.RoundedPoint2D@227e11, Value: [Vertex(0, -1, 1)]
Key: com.catan.model.RoundedPoint2D@11ec62, Value: [Vertex(-1, -2, 5)]
Key: com.catan.model.RoundedPoint2D@11cd22, Value: [Vertex(-1, -2, 4)]
Key: com.catan.model.RoundedPoint2D@150491, Value: [Vertex(-1, -2, 3)]
Key: com.catan.model.RoundedPoint2D@154311, Value: [Vertex(-1, -2, 0)]
Key: com.catan.model.RoundedPoint2D@185b21, Value: [Vertex(-1, -2, 2)]
Key: com.catan.model.RoundedPoint2D@187a61, Value: [Vertex(-1, -2, 1)]
Key: com.catan.model.RoundedPoint2D@1bf031, Value: [Vertex(0, -1, 5)]
Key: com.catan.model.RoundedPoint2D@1bd0f1, Value: [Vertex(0, -1, 4)]
Key: com.catan.model.RoundedPoint2D@1c2eb1, Value: [Vertex(0, 0, 0)]
Key: com.catan.model.RoundedPoint2D@1f0841, Value: [Vertex(0, -1, 3)]
Key: com.catan.model.RoundedPoint2D@1f46c1, Value: [Vertex(0, -1, 0)]
Key: com.catan.model.RoundedPoint2D@150491, Value: [Vertex(-1, -2, 3)]
Key: com.catan.model.RoundedPoint2D@154311, Value: [Vertex(-1, -2, 0)]
Key: com.catan.model.RoundedPoint2D@1bf031, Value: [Vertex(0, -1, 5)]
Key: com.catan.model.RoundedPoint2D@1bd0f1, Value: [Vertex(0, -1, 4)]
Key: com.catan.model.RoundedPoint2D@1c2eb1, Value: [Vertex(0, 0, 0)]
Key: com.catan.model.RoundedPoint2D@225ed1, Value: [Vertex(0, -1, 2)]
Key: com.catan.model.RoundedPoint2D@227e11, Value: [Vertex(0, -1, 1)]
Key: com.catan.model.RoundedPoint2D@11ec62, Value: [Vertex(-1, -2, 5)]
Key: com.catan.model.RoundedPoint2D@11cd22, Value: [Vertex(-1, -2, 4)]
Key: com.catan.model.RoundedPoint2D@185b21, Value: [Vertex(-1, -2, 2)]
Key: com.catan.model.RoundedPoint2D@187a61, Value: [Vertex(-1, -2, 1)]
Key: com.catan.model.RoundedPoint2D@1f6601, Value: [Vertex(0, 0, 1)]
Key: com.catan.model.RoundedPoint2D@1f0841, Value: [Vertex(0, -1, 3)]
Key: com.catan.model.RoundedPoint2D@1f46c1, Value: [Vertex(0, -1, 0)]
Key: com.catan.model.RoundedPoint2D@150491, Value: [Vertex(-1, -2, 3)]
Key: com.catan.model.RoundedPoint2D@154311, Value: [Vertex(-1, -2, 0)]
Key: com.catan.model.RoundedPoint2D@1bf031, Value: [Vertex(0, -1, 5)]
Key: com.catan.model.RoundedPoint2D@1bd0f1, Value: [Vertex(0, -1, 4)]
Key: com.catan.model.RoundedPoint2D@1c2eb1, Value: [Vertex(0, 0, 0)]
Key: com.catan.model.RoundedPoint2D@225ed1, Value: [Vertex(0, -1, 2)]
Key: com.catan.model.RoundedPoint2D@227e11, Value: [Vertex(0, -1, 1)]
Key: com.catan.model.RoundedPoint2D@11ec62, Value: [Vertex(-1, -2, 5)]
Key: com.catan.model.RoundedPoint2D@11cd22, Value: [Vertex(-1, -2, 4)]
Key: com.catan.model.RoundedPoint2D@185b21, Value: [Vertex(-1, -2, 2)]
Key: com.catan.model.RoundedPoint2D@187a61, Value: [Vertex(-1, -2, 1)]
Key: com.catan.model.RoundedPoint2D@1f6601, Value: [Vertex(0, 0, 1)]
Key: com.catan.model.RoundedPoint2D@1f0841, Value: [Vertex(0, -1, 3)]
Key: com.catan.model.RoundedPoint2D@1f46c1, Value: [Vertex(0, -1, 0), Vertex(0, 0, 2)]
Key: com.catan.model.RoundedPoint2D@150491, Value: [Vertex(-1, -2, 3)]
Key: com.catan.model.RoundedPoint2D@154311, Value: [Vertex(-1, -2, 0)]
Key: com.catan.model.RoundedPoint2D@1bf031, Value: [Vertex(0, -1, 5), Vertex(0, 0, 3)]
Key: com.catan.model.RoundedPoint2D@1bd0f1, Value: [Vertex(0, -1, 4)]
Key: com.catan.model.RoundedPoint2D@1c2eb1, Value: [Vertex(0, 0, 0)]
Key: com.catan.model.RoundedPoint2D@225ed1, Value: [Vertex(0, -1, 2)]
Key: com.catan.model.RoundedPoint2D@227e11, Value: [Vertex(0, -1, 1)]
Key: com.catan.model.RoundedPoint2D@11ec62, Value: [Vertex(-1, -2, 5)]
Key: com.catan.model.RoundedPoint2D@11cd22, Value: [Vertex(-1, -2, 4)]
Key: com.catan.model.RoundedPoint2D@185b21, Value: [Vertex(-1, -2, 2)]
Key: com.catan.model.RoundedPoint2D@187a61, Value: [Vertex(-1, -2, 1)]
Key: com.catan.model.RoundedPoint2D@1f6601, Value: [Vertex(0, 0, 1)]
Key: com.catan.model.RoundedPoint2D@1f0841, Value: [Vertex(0, -1, 3)]
Key: com.catan.model.RoundedPoint2D@1f46c1, Value: [Vertex(0, -1, 0), Vertex(0, 0, 2)]
Key: com.catan.model.RoundedPoint2D@150491, Value: [Vertex(-1, -2, 3)]
Key: com.catan.model.RoundedPoint2D@154311, Value: [Vertex(-1, -2, 0)]
Key: com.catan.model.RoundedPoint2D@1bf031, Value: [Vertex(0, -1, 5), Vertex(0, 0, 3)]
Key: com.catan.model.RoundedPoint2D@1bd0f1, Value: [Vertex(0, -1, 4)]
Key: com.catan.model.RoundedPoint2D@1c2eb1, Value: [Vertex(0, 0, 0)]
Key: com.catan.model.RoundedPoint2D@225ed1, Value: [Vertex(0, -1, 2)]
Key: com.catan.model.RoundedPoint2D@227e11, Value: [Vertex(0, -1, 1)]
Key: com.catan.model.RoundedPoint2D@11ec62, Value: [Vertex(-1, -2, 5)]
Key: com.catan.model.RoundedPoint2D@11cd22, Value: [Vertex(-1, -2, 4)]
Key: com.catan.model.RoundedPoint2D@18b8e1, Value: [Vertex(0, 0, 4)]
Key: com.catan.model.RoundedPoint2D@185b21, Value: [Vertex(-1, -2, 2)]
Key: com.catan.model.RoundedPoint2D@187a61, Value: [Vertex(-1, -2, 1)]
Key: com.catan.model.RoundedPoint2D@1f6601, Value: [Vertex(0, 0, 1)]
Key: com.catan.model.RoundedPoint2D@1f0841, Value: [Vertex(0, -1, 3)]
Key: com.catan.model.RoundedPoint2D@1f46c1, Value: [Vertex(0, -1, 0), Vertex(0, 0, 2)]
Key: com.catan.model.RoundedPoint2D@150491, Value: [Vertex(-1, -2, 3)]
Key: com.catan.model.RoundedPoint2D@154311, Value: [Vertex(-1, -2, 0)]
Key: com.catan.model.RoundedPoint2D@1bf031, Value: [Vertex(0, -1, 5), Vertex(0, 0, 3)]
Key: com.catan.model.RoundedPoint2D@1bd0f1, Value: [Vertex(0, -1, 4)]
Key: com.catan.model.RoundedPoint2D@1c2eb1, Value: [Vertex(0, 0, 0)]
Key: com.catan.model.RoundedPoint2D@225ed1, Value: [Vertex(0, -1, 2)]
Key: com.catan.model.RoundedPoint2D@227e11, Value: [Vertex(0, -1, 1)]
Key: com.catan.model.RoundedPoint2D@11ec62, Value: [Vertex(-1, -2, 5)]
Key: com.catan.model.RoundedPoint2D@11cd22, Value: [Vertex(-1, -2, 4)]
Key: com.catan.model.RoundedPoint2D@18d821, Value: [Vertex(0, 0, 5)]
Key: com.catan.model.RoundedPoint2D@18b8e1, Value: [Vertex(0, 0, 4)]
Key: com.catan.model.RoundedPoint2D@185b21, Value: [Vertex(-1, -2, 2)]
Key: com.catan.model.RoundedPoint2D@187a61, Value: [Vertex(-1, -2, 1)]
Key: com.catan.model.RoundedPoint2D@1f6601, Value: [Vertex(0, 0, 1)]
Key: com.catan.model.RoundedPoint2D@1f0841, Value: [Vertex(0, -1, 3)]
Key: com.catan.model.RoundedPoint2D@1f46c1, Value: [Vertex(0, -1, 0), Vertex(0, 0, 2)]
Key: com.catan.model.RoundedPoint2D@150491, Value: [Vertex(-1, -2, 3)]
Key: com.catan.model.RoundedPoint2D@154311, Value: [Vertex(-1, -2, 0)]
Key: com.catan.model.RoundedPoint2D@263280, Value: [Vertex(1, 1, 0)]
Key: com.catan.model.RoundedPoint2D@1bf031, Value: [Vertex(0, -1, 5), Vertex(0, 0, 3)]
Key: com.catan.model.RoundedPoint2D@1bd0f1, Value: [Vertex(0, -1, 4)]
Key: com.catan.model.RoundedPoint2D@1c2eb1, Value: [Vertex(0, 0, 0)]
Key: com.catan.model.RoundedPoint2D@225ed1, Value: [Vertex(0, -1, 2)]
Key: com.catan.model.RoundedPoint2D@227e11, Value: [Vertex(0, -1, 1)]
Key: com.catan.model.RoundedPoint2D@11ec62, Value: [Vertex(-1, -2, 5)]
Key: com.catan.model.RoundedPoint2D@11cd22, Value: [Vertex(-1, -2, 4)]
Key: com.catan.model.RoundedPoint2D@18d821, Value: [Vertex(0, 0, 5)]
Key: com.catan.model.RoundedPoint2D@18b8e1, Value: [Vertex(0, 0, 4)]
Key: com.catan.model.RoundedPoint2D@185b21, Value: [Vertex(-1, -2, 2)]
Key: com.catan.model.RoundedPoint2D@187a61, Value: [Vertex(-1, -2, 1)]
Key: com.catan.model.RoundedPoint2D@1f6601, Value: [Vertex(0, 0, 1)]
Key: com.catan.model.RoundedPoint2D@1f0841, Value: [Vertex(0, -1, 3)]
Key: com.catan.model.RoundedPoint2D@1f46c1, Value: [Vertex(0, -1, 0), Vertex(0, 0, 2)]
Key: com.catan.model.RoundedPoint2D@150491, Value: [Vertex(-1, -2, 3)]
Key: com.catan.model.RoundedPoint2D@154311, Value: [Vertex(-1, -2, 0)]
Key: com.catan.model.RoundedPoint2D@263280, Value: [Vertex(1, 1, 0)]
Key: com.catan.model.RoundedPoint2D@1bf031, Value: [Vertex(0, -1, 5), Vertex(0, 0, 3)]
Key: com.catan.model.RoundedPoint2D@1bd0f1, Value: [Vertex(0, -1, 4)]
Key: com.catan.model.RoundedPoint2D@1c2eb1, Value: [Vertex(0, 0, 0)]
Key: com.catan.model.RoundedPoint2D@225ed1, Value: [Vertex(0, -1, 2)]
Key: com.catan.model.RoundedPoint2D@227e11, Value: [Vertex(0, -1, 1)]
Key: com.catan.model.RoundedPoint2D@11ec62, Value: [Vertex(-1, -2, 5)]
Key: com.catan.model.RoundedPoint2D@11cd22, Value: [Vertex(-1, -2, 4)]
Key: com.catan.model.RoundedPoint2D@2969d0, Value: [Vertex(1, 1, 1)]
Key: com.catan.model.RoundedPoint2D@18d821, Value: [Vertex(0, 0, 5)]
Key: com.catan.model.RoundedPoint2D@18b8e1, Value: [Vertex(0, 0, 4)]
Key: com.catan.model.RoundedPoint2D@185b21, Value: [Vertex(-1, -2, 2)]
Key: com.catan.model.RoundedPoint2D@187a61, Value: [Vertex(-1, -2, 1)]
Key: com.catan.model.RoundedPoint2D@1f6601, Value: [Vertex(0, 0, 1)]
Key: com.catan.model.RoundedPoint2D@1f0841, Value: [Vertex(0, -1, 3)]
Key: com.catan.model.RoundedPoint2D@1f46c1, Value: [Vertex(0, -1, 0), Vertex(0, 0, 2)]
Key: com.catan.model.RoundedPoint2D@150491, Value: [Vertex(-1, -2, 3)]
Key: com.catan.model.RoundedPoint2D@154311, Value: [Vertex(-1, -2, 0)]
Key: com.catan.model.RoundedPoint2D@263280, Value: [Vertex(1, 1, 0)]
Key: com.catan.model.RoundedPoint2D@1bf031, Value: [Vertex(0, -1, 5), Vertex(0, 0, 3)]
Key: com.catan.model.RoundedPoint2D@1bd0f1, Value: [Vertex(0, -1, 4)]
Key: com.catan.model.RoundedPoint2D@1c2eb1, Value: [Vertex(0, 0, 0)]
Key: com.catan.model.RoundedPoint2D@225ed1, Value: [Vertex(0, -1, 2)]
Key: com.catan.model.RoundedPoint2D@227e11, Value: [Vertex(0, -1, 1)]
Key: com.catan.model.RoundedPoint2D@11ec62, Value: [Vertex(-1, -2, 5)]
Key: com.catan.model.RoundedPoint2D@11cd22, Value: [Vertex(-1, -2, 4)]
Key: com.catan.model.RoundedPoint2D@294a90, Value: [Vertex(1, 1, 2)]
Key: com.catan.model.RoundedPoint2D@2969d0, Value: [Vertex(1, 1, 1)]
Key: com.catan.model.RoundedPoint2D@18d821, Value: [Vertex(0, 0, 5)]
Key: com.catan.model.RoundedPoint2D@18b8e1, Value: [Vertex(0, 0, 4)]
Key: com.catan.model.RoundedPoint2D@185b21, Value: [Vertex(-1, -2, 2)]
Key: com.catan.model.RoundedPoint2D@187a61, Value: [Vertex(-1, -2, 1)]
Key: com.catan.model.RoundedPoint2D@1f6601, Value: [Vertex(0, 0, 1)]
Key: com.catan.model.RoundedPoint2D@1f0841, Value: [Vertex(0, -1, 3)]
Key: com.catan.model.RoundedPoint2D@1f46c1, Value: [Vertex(0, -1, 0), Vertex(0, 0, 2)]
Key: com.catan.model.RoundedPoint2D@150491, Value: [Vertex(-1, -2, 3)]
Key: com.catan.model.RoundedPoint2D@154311, Value: [Vertex(-1, -2, 0)]
Key: com.catan.model.RoundedPoint2D@25f400, Value: [Vertex(1, 1, 3)]
Key: com.catan.model.RoundedPoint2D@263280, Value: [Vertex(1, 1, 0)]
Key: com.catan.model.RoundedPoint2D@1bf031, Value: [Vertex(0, -1, 5), Vertex(0, 0, 3)]
Key: com.catan.model.RoundedPoint2D@1bd0f1, Value: [Vertex(0, -1, 4)]
Key: com.catan.model.RoundedPoint2D@1c2eb1, Value: [Vertex(0, 0, 0)]
Key: com.catan.model.RoundedPoint2D@225ed1, Value: [Vertex(0, -1, 2)]
Key: com.catan.model.RoundedPoint2D@227e11, Value: [Vertex(0, -1, 1)]
Key: com.catan.model.RoundedPoint2D@11ec62, Value: [Vertex(-1, -2, 5)]
Key: com.catan.model.RoundedPoint2D@11cd22, Value: [Vertex(-1, -2, 4)]
Key: com.catan.model.RoundedPoint2D@294a90, Value: [Vertex(1, 1, 2)]
Key: com.catan.model.RoundedPoint2D@2969d0, Value: [Vertex(1, 1, 1)]
Key: com.catan.model.RoundedPoint2D@18d821, Value: [Vertex(0, 0, 5)]
Key: com.catan.model.RoundedPoint2D@18b8e1, Value: [Vertex(0, 0, 4)]
Key: com.catan.model.RoundedPoint2D@185b21, Value: [Vertex(-1, -2, 2)]
Key: com.catan.model.RoundedPoint2D@187a61, Value: [Vertex(-1, -2, 1)]
Key: com.catan.model.RoundedPoint2D@1f6601, Value: [Vertex(0, 0, 1)]
Key: com.catan.model.RoundedPoint2D@1f0841, Value: [Vertex(0, -1, 3)]
Key: com.catan.model.RoundedPoint2D@1f46c1, Value: [Vertex(0, -1, 0), Vertex(0, 0, 2)]
Key: com.catan.model.RoundedPoint2D@150491, Value: [Vertex(-1, -2, 3)]
Key: com.catan.model.RoundedPoint2D@154311, Value: [Vertex(-1, -2, 0)]
Key: com.catan.model.RoundedPoint2D@25f400, Value: [Vertex(1, 1, 3)]
Key: com.catan.model.RoundedPoint2D@263280, Value: [Vertex(1, 1, 0)]
Key: com.catan.model.RoundedPoint2D@1bf031, Value: [Vertex(0, -1, 5), Vertex(0, 0, 3)]
Key: com.catan.model.RoundedPoint2D@1bd0f1, Value: [Vertex(0, -1, 4)]
Key: com.catan.model.RoundedPoint2D@1c2eb1, Value: [Vertex(0, 0, 0)]
Key: com.catan.model.RoundedPoint2D@22bc91, Value: [Vertex(1, 1, 4)]
Key: com.catan.model.RoundedPoint2D@225ed1, Value: [Vertex(0, -1, 2)]
Key: com.catan.model.RoundedPoint2D@227e11, Value: [Vertex(0, -1, 1)]
Key: com.catan.model.RoundedPoint2D@11ec62, Value: [Vertex(-1, -2, 5)]
Key: com.catan.model.RoundedPoint2D@11cd22, Value: [Vertex(-1, -2, 4)]
Key: com.catan.model.RoundedPoint2D@294a90, Value: [Vertex(1, 1, 2)]
Key: com.catan.model.RoundedPoint2D@2969d0, Value: [Vertex(1, 1, 1)]
Key: com.catan.model.RoundedPoint2D@18d821, Value: [Vertex(0, 0, 5)]
Key: com.catan.model.RoundedPoint2D@18b8e1, Value: [Vertex(0, 0, 4)]
Key: com.catan.model.RoundedPoint2D@185b21, Value: [Vertex(-1, -2, 2)]
Key: com.catan.model.RoundedPoint2D@187a61, Value: [Vertex(-1, -2, 1)]
Key: com.catan.model.RoundedPoint2D@1f6601, Value: [Vertex(0, 0, 1)]
Key: com.catan.model.RoundedPoint2D@1f0841, Value: [Vertex(0, -1, 3)]
Key: com.catan.model.RoundedPoint2D@1f46c1, Value: [Vertex(0, -1, 0), Vertex(0, 0, 2)]
Key: com.catan.model.RoundedPoint2D@150491, Value: [Vertex(-1, -2, 3)]
Key: com.catan.model.RoundedPoint2D@154311, Value: [Vertex(-1, -2, 0)]
Key: com.catan.model.RoundedPoint2D@25f400, Value: [Vertex(1, 1, 3)]
Key: com.catan.model.RoundedPoint2D@263280, Value: [Vertex(1, 1, 0)]
Key: com.catan.model.RoundedPoint2D@1bf031, Value: [Vertex(0, -1, 5), Vertex(0, 0, 3)]
Key: com.catan.model.RoundedPoint2D@1bd0f1, Value: [Vertex(0, -1, 4)]
Key: com.catan.model.RoundedPoint2D@1c2eb1, Value: [Vertex(0, 0, 0)]
Key: com.catan.model.RoundedPoint2D@22dbd1, Value: [Vertex(1, 1, 5)]
Key: com.catan.model.RoundedPoint2D@22bc91, Value: [Vertex(1, 1, 4)]
Key: com.catan.model.RoundedPoint2D@225ed1, Value: [Vertex(0, -1, 2)]
Key: com.catan.model.RoundedPoint2D@227e11, Value: [Vertex(0, -1, 1)]
Key: com.catan.model.RoundedPoint2D@11ec62, Value: [Vertex(-1, -2, 5)]
Key: com.catan.model.RoundedPoint2D@11cd22, Value: [Vertex(-1, -2, 4)]
Key: com.catan.model.RoundedPoint2D@294a90, Value: [Vertex(1, 1, 2)]
Key: com.catan.model.RoundedPoint2D@2969d0, Value: [Vertex(1, 1, 1)]
Key: com.catan.model.RoundedPoint2D@18d821, Value: [Vertex(0, 0, 5)]
Key: com.catan.model.RoundedPoint2D@18b8e1, Value: [Vertex(0, 0, 4)]
Key: com.catan.model.RoundedPoint2D@185b21, Value: [Vertex(-1, -2, 2)]
Key: com.catan.model.RoundedPoint2D@187a61, Value: [Vertex(-1, -2, 1)]
Key: com.catan.model.RoundedPoint2D@1f6601, Value: [Vertex(0, 0, 1)]
Key: com.catan.model.RoundedPoint2D@1f0841, Value: [Vertex(0, -1, 3)]
Key: com.catan.model.RoundedPoint2D@1f46c1, Value: [Vertex(0, -1, 0), Vertex(0, 0, 2)]
Key: com.catan.model.RoundedPoint2D@150491, Value: [Vertex(-1, -2, 3)]
Key: com.catan.model.RoundedPoint2D@154311, Value: [Vertex(-1, -2, 0)]
Key: com.catan.model.RoundedPoint2D@25f400, Value: [Vertex(1, 1, 3)]
Key: com.catan.model.RoundedPoint2D@263280, Value: [Vertex(1, 1, 0)]
Key: com.catan.model.RoundedPoint2D@1bf031, Value: [Vertex(0, -1, 5), Vertex(0, 0, 3)]
Key: com.catan.model.RoundedPoint2D@1bd0f1, Value: [Vertex(0, -1, 4), Vertex(0, -2, 0)]
Key: com.catan.model.RoundedPoint2D@1c2eb1, Value: [Vertex(0, 0, 0)]
Key: com.catan.model.RoundedPoint2D@22dbd1, Value: [Vertex(1, 1, 5)]
Key: com.catan.model.RoundedPoint2D@22bc91, Value: [Vertex(1, 1, 4)]
Key: com.catan.model.RoundedPoint2D@225ed1, Value: [Vertex(0, -1, 2)]
Key: com.catan.model.RoundedPoint2D@227e11, Value: [Vertex(0, -1, 1)]
Key: com.catan.model.RoundedPoint2D@11ec62, Value: [Vertex(-1, -2, 5)]
Key: com.catan.model.RoundedPoint2D@11cd22, Value: [Vertex(-1, -2, 4)]
Key: com.catan.model.RoundedPoint2D@294a90, Value: [Vertex(1, 1, 2)]
Key: com.catan.model.RoundedPoint2D@2969d0, Value: [Vertex(1, 1, 1)]
Key: com.catan.model.RoundedPoint2D@18d821, Value: [Vertex(0, 0, 5)]
Key: com.catan.model.RoundedPoint2D@18b8e1, Value: [Vertex(0, 0, 4)]
Key: com.catan.model.RoundedPoint2D@185b21, Value: [Vertex(-1, -2, 2)]
Key: com.catan.model.RoundedPoint2D@187a61, Value: [Vertex(-1, -2, 1)]
Key: com.catan.model.RoundedPoint2D@1f6601, Value: [Vertex(0, 0, 1)]
Key: com.catan.model.RoundedPoint2D@1f0841, Value: [Vertex(0, -1, 3)]
Key: com.catan.model.RoundedPoint2D@1f46c1, Value: [Vertex(0, -1, 0), Vertex(0, 0, 2)]
Key: com.catan.model.RoundedPoint2D@150491, Value: [Vertex(-1, -2, 3)]
Key: com.catan.model.RoundedPoint2D@154311, Value: [Vertex(-1, -2, 0)]
Key: com.catan.model.RoundedPoint2D@25f400, Value: [Vertex(1, 1, 3)]
Key: com.catan.model.RoundedPoint2D@263280, Value: [Vertex(1, 1, 0)]
Key: com.catan.model.RoundedPoint2D@1bf031, Value: [Vertex(0, -1, 5), Vertex(0, 0, 3)]
Key: com.catan.model.RoundedPoint2D@1bd0f1, Value: [Vertex(0, -1, 4), Vertex(0, -2, 0)]
Key: com.catan.model.RoundedPoint2D@1c2eb1, Value: [Vertex(0, 0, 0)]
Key: com.catan.model.RoundedPoint2D@22dbd1, Value: [Vertex(1, 1, 5)]
Key: com.catan.model.RoundedPoint2D@22bc91, Value: [Vertex(1, 1, 4)]
Key: com.catan.model.RoundedPoint2D@225ed1, Value: [Vertex(0, -1, 2)]
Key: com.catan.model.RoundedPoint2D@227e11, Value: [Vertex(0, -1, 1)]
Key: com.catan.model.RoundedPoint2D@11ec62, Value: [Vertex(-1, -2, 5)]
Key: com.catan.model.RoundedPoint2D@11cd22, Value: [Vertex(-1, -2, 4)]
Key: com.catan.model.RoundedPoint2D@294a90, Value: [Vertex(1, 1, 2)]
Key: com.catan.model.RoundedPoint2D@2969d0, Value: [Vertex(1, 1, 1)]
Key: com.catan.model.RoundedPoint2D@18d821, Value: [Vertex(0, 0, 5)]
Key: com.catan.model.RoundedPoint2D@18b8e1, Value: [Vertex(0, 0, 4)]
Key: com.catan.model.RoundedPoint2D@185b21, Value: [Vertex(-1, -2, 2)]
Key: com.catan.model.RoundedPoint2D@187a61, Value: [Vertex(-1, -2, 1)]
Key: com.catan.model.RoundedPoint2D@1f6601, Value: [Vertex(0, 0, 1)]
Key: com.catan.model.RoundedPoint2D@1f0841, Value: [Vertex(0, -1, 3), Vertex(0, -2, 1)]
Key: com.catan.model.RoundedPoint2D@1f46c1, Value: [Vertex(0, -1, 0), Vertex(0, 0, 2)]
Key: com.catan.model.RoundedPoint2D@150491, Value: [Vertex(-1, -2, 3)]
Key: com.catan.model.RoundedPoint2D@154311, Value: [Vertex(-1, -2, 0)]
Key: com.catan.model.RoundedPoint2D@25f400, Value: [Vertex(1, 1, 3)]
Key: com.catan.model.RoundedPoint2D@263280, Value: [Vertex(1, 1, 0)]
Key: com.catan.model.RoundedPoint2D@1bf031, Value: [Vertex(0, -1, 5), Vertex(0, 0, 3)]
Key: com.catan.model.RoundedPoint2D@1bd0f1, Value: [Vertex(0, -1, 4), Vertex(0, -2, 0)]
Key: com.catan.model.RoundedPoint2D@1c2eb1, Value: [Vertex(0, 0, 0)]
Key: com.catan.model.RoundedPoint2D@22dbd1, Value: [Vertex(1, 1, 5)]
Key: com.catan.model.RoundedPoint2D@22bc91, Value: [Vertex(1, 1, 4)]
Key: com.catan.model.RoundedPoint2D@225ed1, Value: [Vertex(0, -1, 2)]
Key: com.catan.model.RoundedPoint2D@227e11, Value: [Vertex(0, -1, 1)]
Key: com.catan.model.RoundedPoint2D@11ec62, Value: [Vertex(-1, -2, 5)]
Key: com.catan.model.RoundedPoint2D@11cd22, Value: [Vertex(-1, -2, 4)]
Key: com.catan.model.RoundedPoint2D@294a90, Value: [Vertex(1, 1, 2)]
Key: com.catan.model.RoundedPoint2D@2969d0, Value: [Vertex(1, 1, 1)]
Key: com.catan.model.RoundedPoint2D@18d821, Value: [Vertex(0, 0, 5)]
Key: com.catan.model.RoundedPoint2D@18b8e1, Value: [Vertex(0, 0, 4)]
Key: com.catan.model.RoundedPoint2D@185b21, Value: [Vertex(-1, -2, 2)]
Key: com.catan.model.RoundedPoint2D@187a61, Value: [Vertex(-1, -2, 1)]
Key: com.catan.model.RoundedPoint2D@1f6601, Value: [Vertex(0, 0, 1)]
Key: com.catan.model.RoundedPoint2D@1f0841, Value: [Vertex(0, -1, 3), Vertex(0, -2, 1)]
Key: com.catan.model.RoundedPoint2D@1f46c1, Value: [Vertex(0, -1, 0), Vertex(0, 0, 2)]
Key: com.catan.model.RoundedPoint2D@1ee901, Value: [Vertex(0, -2, 2)]
Key: com.catan.model.RoundedPoint2D@150491, Value: [Vertex(-1, -2, 3)]
Key: com.catan.model.RoundedPoint2D@154311, Value: [Vertex(-1, -2, 0)]
Key: com.catan.model.RoundedPoint2D@25f400, Value: [Vertex(1, 1, 3)]
Key: com.catan.model.RoundedPoint2D@263280, Value: [Vertex(1, 1, 0)]
Key: com.catan.model.RoundedPoint2D@1b9271, Value: [Vertex(0, -2, 3)]
Key: com.catan.model.RoundedPoint2D@1bf031, Value: [Vertex(0, -1, 5), Vertex(0, 0, 3)]
Key: com.catan.model.RoundedPoint2D@1bd0f1, Value: [Vertex(0, -1, 4), Vertex(0, -2, 0)]
Key: com.catan.model.RoundedPoint2D@1c2eb1, Value: [Vertex(0, 0, 0)]
Key: com.catan.model.RoundedPoint2D@22dbd1, Value: [Vertex(1, 1, 5)]
Key: com.catan.model.RoundedPoint2D@22bc91, Value: [Vertex(1, 1, 4)]
Key: com.catan.model.RoundedPoint2D@225ed1, Value: [Vertex(0, -1, 2)]
Key: com.catan.model.RoundedPoint2D@227e11, Value: [Vertex(0, -1, 1)]
Key: com.catan.model.RoundedPoint2D@11ec62, Value: [Vertex(-1, -2, 5)]
Key: com.catan.model.RoundedPoint2D@11cd22, Value: [Vertex(-1, -2, 4)]
Key: com.catan.model.RoundedPoint2D@294a90, Value: [Vertex(1, 1, 2)]
Key: com.catan.model.RoundedPoint2D@2969d0, Value: [Vertex(1, 1, 1)]
Key: com.catan.model.RoundedPoint2D@18d821, Value: [Vertex(0, 0, 5)]
Key: com.catan.model.RoundedPoint2D@18b8e1, Value: [Vertex(0, 0, 4)]
Key: com.catan.model.RoundedPoint2D@185b21, Value: [Vertex(-1, -2, 2)]
Key: com.catan.model.RoundedPoint2D@187a61, Value: [Vertex(-1, -2, 1)]
Key: com.catan.model.RoundedPoint2D@1f6601, Value: [Vertex(0, 0, 1)]
Key: com.catan.model.RoundedPoint2D@1f0841, Value: [Vertex(0, -1, 3), Vertex(0, -2, 1)]
Key: com.catan.model.RoundedPoint2D@1f46c1, Value: [Vertex(0, -1, 0), Vertex(0, 0, 2)]
Key: com.catan.model.RoundedPoint2D@1ee901, Value: [Vertex(0, -2, 2)]
Key: com.catan.model.RoundedPoint2D@150491, Value: [Vertex(-1, -2, 3)]
Key: com.catan.model.RoundedPoint2D@154311, Value: [Vertex(-1, -2, 0)]
Key: com.catan.model.RoundedPoint2D@25f400, Value: [Vertex(1, 1, 3)]
Key: com.catan.model.RoundedPoint2D@263280, Value: [Vertex(1, 1, 0)]
Key: com.catan.model.RoundedPoint2D@1b9271, Value: [Vertex(0, -2, 3)]
Key: com.catan.model.RoundedPoint2D@1bf031, Value: [Vertex(0, -1, 5), Vertex(0, 0, 3)]
Key: com.catan.model.RoundedPoint2D@1bd0f1, Value: [Vertex(0, -1, 4), Vertex(0, -2, 0)]
Key: com.catan.model.RoundedPoint2D@1c2eb1, Value: [Vertex(0, 0, 0)]
Key: com.catan.model.RoundedPoint2D@22dbd1, Value: [Vertex(1, 1, 5)]
Key: com.catan.model.RoundedPoint2D@22bc91, Value: [Vertex(1, 1, 4)]
Key: com.catan.model.RoundedPoint2D@225ed1, Value: [Vertex(0, -1, 2)]
Key: com.catan.model.RoundedPoint2D@227e11, Value: [Vertex(0, -1, 1)]
Key: com.catan.model.RoundedPoint2D@11ec62, Value: [Vertex(-1, -2, 5)]
Key: com.catan.model.RoundedPoint2D@11cd22, Value: [Vertex(-1, -2, 4)]
Key: com.catan.model.RoundedPoint2D@294a90, Value: [Vertex(1, 1, 2)]
Key: com.catan.model.RoundedPoint2D@2969d0, Value: [Vertex(1, 1, 1)]
Key: com.catan.model.RoundedPoint2D@18d821, Value: [Vertex(0, 0, 5)]
Key: com.catan.model.RoundedPoint2D@18b8e1, Value: [Vertex(0, 0, 4)]
Key: com.catan.model.RoundedPoint2D@185b21, Value: [Vertex(-1, -2, 2), Vertex(0, -2, 4)]
Key: com.catan.model.RoundedPoint2D@187a61, Value: [Vertex(-1, -2, 1)]
Key: com.catan.model.RoundedPoint2D@1f6601, Value: [Vertex(0, 0, 1)]
Key: com.catan.model.RoundedPoint2D@1f0841, Value: [Vertex(0, -1, 3), Vertex(0, -2, 1)]
Key: com.catan.model.RoundedPoint2D@1f46c1, Value: [Vertex(0, -1, 0), Vertex(0, 0, 2)]
Key: com.catan.model.RoundedPoint2D@1ee901, Value: [Vertex(0, -2, 2)]
Key: com.catan.model.RoundedPoint2D@150491, Value: [Vertex(-1, -2, 3)]
Key: com.catan.model.RoundedPoint2D@154311, Value: [Vertex(-1, -2, 0)]
Key: com.catan.model.RoundedPoint2D@25f400, Value: [Vertex(1, 1, 3)]
Key: com.catan.model.RoundedPoint2D@263280, Value: [Vertex(1, 1, 0)]
Key: com.catan.model.RoundedPoint2D@1b9271, Value: [Vertex(0, -2, 3)]
Key: com.catan.model.RoundedPoint2D@1bf031, Value: [Vertex(0, -1, 5), Vertex(0, 0, 3)]
Key: com.catan.model.RoundedPoint2D@1bd0f1, Value: [Vertex(0, -1, 4), Vertex(0, -2, 0)]
Key: com.catan.model.RoundedPoint2D@1c2eb1, Value: [Vertex(0, 0, 0)]
Key: com.catan.model.RoundedPoint2D@22dbd1, Value: [Vertex(1, 1, 5)]
Key: com.catan.model.RoundedPoint2D@22bc91, Value: [Vertex(1, 1, 4)]
Key: com.catan.model.RoundedPoint2D@225ed1, Value: [Vertex(0, -1, 2)]
Key: com.catan.model.RoundedPoint2D@227e11, Value: [Vertex(0, -1, 1)]
Key: com.catan.model.RoundedPoint2D@11ec62, Value: [Vertex(-1, -2, 5)]
Key: com.catan.model.RoundedPoint2D@11cd22, Value: [Vertex(-1, -2, 4)]
Key: com.catan.model.RoundedPoint2D@294a90, Value: [Vertex(1, 1, 2)]
Key: com.catan.model.RoundedPoint2D@2969d0, Value: [Vertex(1, 1, 1)]
Key: com.catan.model.RoundedPoint2D@18d821, Value: [Vertex(0, 0, 5)]
Key: com.catan.model.RoundedPoint2D@18b8e1, Value: [Vertex(0, 0, 4)]
Key: com.catan.model.RoundedPoint2D@185b21, Value: [Vertex(-1, -2, 2), Vertex(0, -2, 4)]
Key: com.catan.model.RoundedPoint2D@187a61, Value: [Vertex(-1, -2, 1), Vertex(0, -2, 5)]
Key: com.catan.model.RoundedPoint2D@1f6601, Value: [Vertex(0, 0, 1)]
Key: com.catan.model.RoundedPoint2D@1f0841, Value: [Vertex(0, -1, 3), Vertex(0, -2, 1)]
Key: com.catan.model.RoundedPoint2D@1f46c1, Value: [Vertex(0, -1, 0), Vertex(0, 0, 2)]
Key: com.catan.model.RoundedPoint2D@1ee901, Value: [Vertex(0, -2, 2)]
Key: com.catan.model.RoundedPoint2D@150491, Value: [Vertex(-1, -2, 3)]
Key: com.catan.model.RoundedPoint2D@154311, Value: [Vertex(-1, -2, 0)]
Key: com.catan.model.RoundedPoint2D@25f400, Value: [Vertex(1, 1, 3)]
Key: com.catan.model.RoundedPoint2D@263280, Value: [Vertex(1, 1, 0)]
Key: com.catan.model.RoundedPoint2D@1b9271, Value: [Vertex(0, -2, 3)]
Key: com.catan.model.RoundedPoint2D@1bf031, Value: [Vertex(0, -1, 5), Vertex(0, 0, 3)]
Key: com.catan.model.RoundedPoint2D@1bd0f1, Value: [Vertex(0, -1, 4), Vertex(0, -2, 0)]
Key: com.catan.model.RoundedPoint2D@1c2eb1, Value: [Vertex(0, 0, 0)]
Key: com.catan.model.RoundedPoint2D@22dbd1, Value: [Vertex(1, 1, 5)]
Key: com.catan.model.RoundedPoint2D@22bc91, Value: [Vertex(1, 1, 4)]
Key: com.catan.model.RoundedPoint2D@225ed1, Value: [Vertex(0, -1, 2)]
Key: com.catan.model.RoundedPoint2D@227e11, Value: [Vertex(0, -1, 1)]
Key: com.catan.model.RoundedPoint2D@11ec62, Value: [Vertex(-1, -2, 5)]
Key: com.catan.model.RoundedPoint2D@11cd22, Value: [Vertex(-1, -2, 4)]
Key: com.catan.model.RoundedPoint2D@294a90, Value: [Vertex(1, 1, 2)]
Key: com.catan.model.RoundedPoint2D@2969d0, Value: [Vertex(1, 1, 1)]
Key: com.catan.model.RoundedPoint2D@18d821, Value: [Vertex(0, 0, 5)]
Key: com.catan.model.RoundedPoint2D@18b8e1, Value: [Vertex(0, 0, 4)]
Key: com.catan.model.RoundedPoint2D@185b21, Value: [Vertex(-1, -2, 2), Vertex(0, -2, 4)]
Key: com.catan.model.RoundedPoint2D@187a61, Value: [Vertex(-1, -2, 1), Vertex(0, -2, 5)]
Key: com.catan.model.RoundedPoint2D@1fa481, Value: [Vertex(0, 1, 0)]
Key: com.catan.model.RoundedPoint2D@1f6601, Value: [Vertex(0, 0, 1)]
Key: com.catan.model.RoundedPoint2D@1f0841, Value: [Vertex(0, -1, 3), Vertex(0, -2, 1)]
Key: com.catan.model.RoundedPoint2D@1f46c1, Value: [Vertex(0, -1, 0), Vertex(0, 0, 2)]
Key: com.catan.model.RoundedPoint2D@1ee901, Value: [Vertex(0, -2, 2)]
Key: com.catan.model.RoundedPoint2D@150491, Value: [Vertex(-1, -2, 3)]
Key: com.catan.model.RoundedPoint2D@154311, Value: [Vertex(-1, -2, 0)]
Key: com.catan.model.RoundedPoint2D@1fa481, Value: [Vertex(0, 1, 0)]
Key: com.catan.model.RoundedPoint2D@1f6601, Value: [Vertex(0, 0, 1)]
Key: com.catan.model.RoundedPoint2D@1f0841, Value: [Vertex(0, -1, 3), Vertex(0, -2, 1)]
Key: com.catan.model.RoundedPoint2D@1f46c1, Value: [Vertex(0, -1, 0), Vertex(0, 0, 2)]
Key: com.catan.model.RoundedPoint2D@1ee901, Value: [Vertex(0, -2, 2)]
Key: com.catan.model.RoundedPoint2D@25f400, Value: [Vertex(1, 1, 3)]
Key: com.catan.model.RoundedPoint2D@263280, Value: [Vertex(1, 1, 0)]
Key: com.catan.model.RoundedPoint2D@1b9271, Value: [Vertex(0, -2, 3)]
Key: com.catan.model.RoundedPoint2D@1bf031, Value: [Vertex(0, -1, 5), Vertex(0, 0, 3)]
Key: com.catan.model.RoundedPoint2D@1bd0f1, Value: [Vertex(0, -1, 4), Vertex(0, -2, 0)]
Key: com.catan.model.RoundedPoint2D@1c2eb1, Value: [Vertex(0, 0, 0)]
Key: com.catan.model.RoundedPoint2D@22dbd1, Value: [Vertex(1, 1, 5), Vertex(0, 1, 1)]
Key: com.catan.model.RoundedPoint2D@22bc91, Value: [Vertex(1, 1, 4)]
Key: com.catan.model.RoundedPoint2D@225ed1, Value: [Vertex(0, -1, 2)]
Key: com.catan.model.RoundedPoint2D@227e11, Value: [Vertex(0, -1, 1)]
Key: com.catan.model.RoundedPoint2D@11ec62, Value: [Vertex(-1, -2, 5)]
Key: com.catan.model.RoundedPoint2D@11cd22, Value: [Vertex(-1, -2, 4)]
Key: com.catan.model.RoundedPoint2D@294a90, Value: [Vertex(1, 1, 2)]
Key: com.catan.model.RoundedPoint2D@2969d0, Value: [Vertex(1, 1, 1)]
Key: com.catan.model.RoundedPoint2D@18d821, Value: [Vertex(0, 0, 5)]
Key: com.catan.model.RoundedPoint2D@18b8e1, Value: [Vertex(0, 0, 4)]
Key: com.catan.model.RoundedPoint2D@185b21, Value: [Vertex(-1, -2, 2), Vertex(0, -2, 4)]
Key: com.catan.model.RoundedPoint2D@187a61, Value: [Vertex(-1, -2, 1), Vertex(0, -2, 5)]
Key: com.catan.model.RoundedPoint2D@150491, Value: [Vertex(-1, -2, 3)]
Key: com.catan.model.RoundedPoint2D@154311, Value: [Vertex(-1, -2, 0)]
Key: com.catan.model.RoundedPoint2D@1fa481, Value: [Vertex(0, 1, 0)]
Key: com.catan.model.RoundedPoint2D@1f6601, Value: [Vertex(0, 0, 1)]
Key: com.catan.model.RoundedPoint2D@1f0841, Value: [Vertex(0, -1, 3), Vertex(0, -2, 1)]
Key: com.catan.model.RoundedPoint2D@1f46c1, Value: [Vertex(0, -1, 0), Vertex(0, 0, 2)]
Key: com.catan.model.RoundedPoint2D@1ee901, Value: [Vertex(0, -2, 2)]
Key: com.catan.model.RoundedPoint2D@25f400, Value: [Vertex(1, 1, 3)]
Key: com.catan.model.RoundedPoint2D@263280, Value: [Vertex(1, 1, 0)]
Key: com.catan.model.RoundedPoint2D@1b9271, Value: [Vertex(0, -2, 3)]
Key: com.catan.model.RoundedPoint2D@1bf031, Value: [Vertex(0, -1, 5), Vertex(0, 0, 3)]
Key: com.catan.model.RoundedPoint2D@1bd0f1, Value: [Vertex(0, -1, 4), Vertex(0, -2, 0)]
Key: com.catan.model.RoundedPoint2D@1c2eb1, Value: [Vertex(0, 0, 0)]
Key: com.catan.model.RoundedPoint2D@22dbd1, Value: [Vertex(1, 1, 5), Vertex(0, 1, 1)]
Key: com.catan.model.RoundedPoint2D@22bc91, Value: [Vertex(1, 1, 4), Vertex(0, 1, 2)]
Key: com.catan.model.RoundedPoint2D@225ed1, Value: [Vertex(0, -1, 2)]
Key: com.catan.model.RoundedPoint2D@227e11, Value: [Vertex(0, -1, 1)]
Key: com.catan.model.RoundedPoint2D@11ec62, Value: [Vertex(-1, -2, 5)]
Key: com.catan.model.RoundedPoint2D@11cd22, Value: [Vertex(-1, -2, 4)]
Key: com.catan.model.RoundedPoint2D@294a90, Value: [Vertex(1, 1, 2)]
Key: com.catan.model.RoundedPoint2D@2969d0, Value: [Vertex(1, 1, 1)]
Key: com.catan.model.RoundedPoint2D@18d821, Value: [Vertex(0, 0, 5)]
Key: com.catan.model.RoundedPoint2D@18b8e1, Value: [Vertex(0, 0, 4)]
Key: com.catan.model.RoundedPoint2D@185b21, Value: [Vertex(-1, -2, 2), Vertex(0, -2, 4)]
Key: com.catan.model.RoundedPoint2D@187a61, Value: [Vertex(-1, -2, 1), Vertex(0, -2, 5)]
Key: com.catan.model.RoundedPoint2D@150491, Value: [Vertex(-1, -2, 3)]
Key: com.catan.model.RoundedPoint2D@154311, Value: [Vertex(-1, -2, 0)]
Key: com.catan.model.RoundedPoint2D@1fa481, Value: [Vertex(0, 1, 0)]
Key: com.catan.model.RoundedPoint2D@1f6601, Value: [Vertex(0, 0, 1), Vertex(0, 1, 3)]
Key: com.catan.model.RoundedPoint2D@1f0841, Value: [Vertex(0, -1, 3), Vertex(0, -2, 1)]
Key: com.catan.model.RoundedPoint2D@1f46c1, Value: [Vertex(0, -1, 0), Vertex(0, 0, 2)]
Key: com.catan.model.RoundedPoint2D@1ee901, Value: [Vertex(0, -2, 2)]
Key: com.catan.model.RoundedPoint2D@25f400, Value: [Vertex(1, 1, 3)]
Key: com.catan.model.RoundedPoint2D@263280, Value: [Vertex(1, 1, 0)]
Key: com.catan.model.RoundedPoint2D@1b9271, Value: [Vertex(0, -2, 3)]
Key: com.catan.model.RoundedPoint2D@1bf031, Value: [Vertex(0, -1, 5), Vertex(0, 0, 3)]
Key: com.catan.model.RoundedPoint2D@1bd0f1, Value: [Vertex(0, -1, 4), Vertex(0, -2, 0)]
Key: com.catan.model.RoundedPoint2D@1c2eb1, Value: [Vertex(0, 0, 0)]
Key: com.catan.model.RoundedPoint2D@22dbd1, Value: [Vertex(1, 1, 5), Vertex(0, 1, 1)]
Key: com.catan.model.RoundedPoint2D@22bc91, Value: [Vertex(1, 1, 4), Vertex(0, 1, 2)]
Key: com.catan.model.RoundedPoint2D@225ed1, Value: [Vertex(0, -1, 2)]
Key: com.catan.model.RoundedPoint2D@227e11, Value: [Vertex(0, -1, 1)]
Key: com.catan.model.RoundedPoint2D@11ec62, Value: [Vertex(-1, -2, 5)]
Key: com.catan.model.RoundedPoint2D@11cd22, Value: [Vertex(-1, -2, 4)]
Key: com.catan.model.RoundedPoint2D@294a90, Value: [Vertex(1, 1, 2)]
Key: com.catan.model.RoundedPoint2D@2969d0, Value: [Vertex(1, 1, 1)]
Key: com.catan.model.RoundedPoint2D@18d821, Value: [Vertex(0, 0, 5)]
Key: com.catan.model.RoundedPoint2D@18b8e1, Value: [Vertex(0, 0, 4)]
Key: com.catan.model.RoundedPoint2D@185b21, Value: [Vertex(-1, -2, 2), Vertex(0, -2, 4)]
Key: com.catan.model.RoundedPoint2D@187a61, Value: [Vertex(-1, -2, 1), Vertex(0, -2, 5)]
Key: com.catan.model.RoundedPoint2D@150491, Value: [Vertex(-1, -2, 3)]
Key: com.catan.model.RoundedPoint2D@154311, Value: [Vertex(-1, -2, 0)]
Key: com.catan.model.RoundedPoint2D@1fa481, Value: [Vertex(0, 1, 0)]
Key: com.catan.model.RoundedPoint2D@1f6601, Value: [Vertex(0, 0, 1), Vertex(0, 1, 3)]
Key: com.catan.model.RoundedPoint2D@1f0841, Value: [Vertex(0, -1, 3), Vertex(0, -2, 1)]
Key: com.catan.model.RoundedPoint2D@1f46c1, Value: [Vertex(0, -1, 0), Vertex(0, 0, 2)]
Key: com.catan.model.RoundedPoint2D@1ee901, Value: [Vertex(0, -2, 2)]
Key: com.catan.model.RoundedPoint2D@25f400, Value: [Vertex(1, 1, 3)]
Key: com.catan.model.RoundedPoint2D@263280, Value: [Vertex(1, 1, 0)]
Key: com.catan.model.RoundedPoint2D@1b9271, Value: [Vertex(0, -2, 3)]
Key: com.catan.model.RoundedPoint2D@1bf031, Value: [Vertex(0, -1, 5), Vertex(0, 0, 3)]
Key: com.catan.model.RoundedPoint2D@1bd0f1, Value: [Vertex(0, -1, 4), Vertex(0, -2, 0)]
Key: com.catan.model.RoundedPoint2D@1c2eb1, Value: [Vertex(0, 0, 0), Vertex(0, 1, 4)]
Key: com.catan.model.RoundedPoint2D@22dbd1, Value: [Vertex(1, 1, 5), Vertex(0, 1, 1)]
Key: com.catan.model.RoundedPoint2D@22bc91, Value: [Vertex(1, 1, 4), Vertex(0, 1, 2)]
Key: com.catan.model.RoundedPoint2D@225ed1, Value: [Vertex(0, -1, 2)]
Key: com.catan.model.RoundedPoint2D@227e11, Value: [Vertex(0, -1, 1)]
Key: com.catan.model.RoundedPoint2D@11ec62, Value: [Vertex(-1, -2, 5)]
Key: com.catan.model.RoundedPoint2D@11cd22, Value: [Vertex(-1, -2, 4)]
Key: com.catan.model.RoundedPoint2D@294a90, Value: [Vertex(1, 1, 2)]
Key: com.catan.model.RoundedPoint2D@2969d0, Value: [Vertex(1, 1, 1)]
Key: com.catan.model.RoundedPoint2D@18d821, Value: [Vertex(0, 0, 5)]
Key: com.catan.model.RoundedPoint2D@18b8e1, Value: [Vertex(0, 0, 4)]
Key: com.catan.model.RoundedPoint2D@185b21, Value: [Vertex(-1, -2, 2), Vertex(0, -2, 4)]
Key: com.catan.model.RoundedPoint2D@187a61, Value: [Vertex(-1, -2, 1), Vertex(0, -2, 5)]
Key: com.catan.model.RoundedPoint2D@150491, Value: [Vertex(-1, -2, 3)]
Key: com.catan.model.RoundedPoint2D@154311, Value: [Vertex(-1, -2, 0)]
Key: com.catan.model.RoundedPoint2D@1fa481, Value: [Vertex(0, 1, 0)]
Key: com.catan.model.RoundedPoint2D@1f6601, Value: [Vertex(0, 0, 1), Vertex(0, 1, 3)]
Key: com.catan.model.RoundedPoint2D@1f0841, Value: [Vertex(0, -1, 3), Vertex(0, -2, 1)]
Key: com.catan.model.RoundedPoint2D@1f46c1, Value: [Vertex(0, -1, 0), Vertex(0, 0, 2)]
Key: com.catan.model.RoundedPoint2D@1ee901, Value: [Vertex(0, -2, 2)]
Key: com.catan.model.RoundedPoint2D@25f400, Value: [Vertex(1, 1, 3)]
Key: com.catan.model.RoundedPoint2D@263280, Value: [Vertex(1, 1, 0)]
Key: com.catan.model.RoundedPoint2D@1b9271, Value: [Vertex(0, -2, 3)]
Key: com.catan.model.RoundedPoint2D@1bf031, Value: [Vertex(0, -1, 5), Vertex(0, 0, 3)]
Key: com.catan.model.RoundedPoint2D@1bd0f1, Value: [Vertex(0, -1, 4), Vertex(0, -2, 0)]
Key: com.catan.model.RoundedPoint2D@1c4df1, Value: [Vertex(0, 1, 5)]
Key: com.catan.model.RoundedPoint2D@1c2eb1, Value: [Vertex(0, 0, 0), Vertex(0, 1, 4)]
Key: com.catan.model.RoundedPoint2D@22dbd1, Value: [Vertex(1, 1, 5), Vertex(0, 1, 1)]
Key: com.catan.model.RoundedPoint2D@22bc91, Value: [Vertex(1, 1, 4), Vertex(0, 1, 2)]
Key: com.catan.model.RoundedPoint2D@225ed1, Value: [Vertex(0, -1, 2)]
Key: com.catan.model.RoundedPoint2D@227e11, Value: [Vertex(0, -1, 1)]
Key: com.catan.model.RoundedPoint2D@11ec62, Value: [Vertex(-1, -2, 5)]
Key: com.catan.model.RoundedPoint2D@11cd22, Value: [Vertex(-1, -2, 4)]
Key: com.catan.model.RoundedPoint2D@294a90, Value: [Vertex(1, 1, 2)]
Key: com.catan.model.RoundedPoint2D@2969d0, Value: [Vertex(1, 1, 1)]
Key: com.catan.model.RoundedPoint2D@18d821, Value: [Vertex(0, 0, 5)]
Key: com.catan.model.RoundedPoint2D@18b8e1, Value: [Vertex(0, 0, 4)]
Key: com.catan.model.RoundedPoint2D@185b21, Value: [Vertex(-1, -2, 2), Vertex(0, -2, 4)]
Key: com.catan.model.RoundedPoint2D@187a61, Value: [Vertex(-1, -2, 1), Vertex(0, -2, 5)]
Key: com.catan.model.RoundedPoint2D@150491, Value: [Vertex(-1, -2, 3)]
Key: com.catan.model.RoundedPoint2D@154311, Value: [Vertex(-1, -2, 0)]
Key: com.catan.model.RoundedPoint2D@1fa481, Value: [Vertex(0, 1, 0)]
Key: com.catan.model.RoundedPoint2D@1f6601, Value: [Vertex(0, 0, 1), Vertex(0, 1, 3)]
Key: com.catan.model.RoundedPoint2D@1f0841, Value: [Vertex(0, -1, 3), Vertex(0, -2, 1)]
Key: com.catan.model.RoundedPoint2D@1f46c1, Value: [Vertex(0, -1, 0), Vertex(0, 0, 2)]
Key: com.catan.model.RoundedPoint2D@1ee901, Value: [Vertex(0, -2, 2)]
Key: com.catan.model.RoundedPoint2D@25f400, Value: [Vertex(1, 1, 3)]
Key: com.catan.model.RoundedPoint2D@263280, Value: [Vertex(1, 1, 0)]
Key: com.catan.model.RoundedPoint2D@1b9271, Value: [Vertex(0, -2, 3)]
Key: com.catan.model.RoundedPoint2D@1bf031, Value: [Vertex(0, -1, 5), Vertex(0, 0, 3)]
Key: com.catan.model.RoundedPoint2D@1bd0f1, Value: [Vertex(0, -1, 4), Vertex(0, -2, 0)]
Key: com.catan.model.RoundedPoint2D@1c4df1, Value: [Vertex(0, 1, 5)]
Key: com.catan.model.RoundedPoint2D@1c2eb1, Value: [Vertex(0, 0, 0), Vertex(0, 1, 4)]
Key: com.catan.model.RoundedPoint2D@231a51, Value: [Vertex(1, 2, 0)]
Key: com.catan.model.RoundedPoint2D@22dbd1, Value: [Vertex(1, 1, 5), Vertex(0, 1, 1)]
Key: com.catan.model.RoundedPoint2D@22bc91, Value: [Vertex(1, 1, 4), Vertex(0, 1, 2)]
Key: com.catan.model.RoundedPoint2D@225ed1, Value: [Vertex(0, -1, 2)]
Key: com.catan.model.RoundedPoint2D@227e11, Value: [Vertex(0, -1, 1)]
Key: com.catan.model.RoundedPoint2D@11ec62, Value: [Vertex(-1, -2, 5)]
Key: com.catan.model.RoundedPoint2D@11cd22, Value: [Vertex(-1, -2, 4)]
Key: com.catan.model.RoundedPoint2D@294a90, Value: [Vertex(1, 1, 2)]
Key: com.catan.model.RoundedPoint2D@2969d0, Value: [Vertex(1, 1, 1)]
Key: com.catan.model.RoundedPoint2D@18d821, Value: [Vertex(0, 0, 5)]
Key: com.catan.model.RoundedPoint2D@18b8e1, Value: [Vertex(0, 0, 4)]
Key: com.catan.model.RoundedPoint2D@185b21, Value: [Vertex(-1, -2, 2), Vertex(0, -2, 4)]
Key: com.catan.model.RoundedPoint2D@187a61, Value: [Vertex(-1, -2, 1), Vertex(0, -2, 5)]
Key: com.catan.model.RoundedPoint2D@150491, Value: [Vertex(-1, -2, 3)]
Key: com.catan.model.RoundedPoint2D@154311, Value: [Vertex(-1, -2, 0)]
Key: com.catan.model.RoundedPoint2D@1fa481, Value: [Vertex(0, 1, 0)]
Key: com.catan.model.RoundedPoint2D@1f6601, Value: [Vertex(0, 0, 1), Vertex(0, 1, 3)]
Key: com.catan.model.RoundedPoint2D@1f0841, Value: [Vertex(0, -1, 3), Vertex(0, -2, 1)]
Key: com.catan.model.RoundedPoint2D@1f46c1, Value: [Vertex(0, -1, 0), Vertex(0, 0, 2)]
Key: com.catan.model.RoundedPoint2D@1ee901, Value: [Vertex(0, -2, 2)]
Key: com.catan.model.RoundedPoint2D@25f400, Value: [Vertex(1, 1, 3)]
Key: com.catan.model.RoundedPoint2D@2651c0, Value: [Vertex(1, 2, 1)]
Key: com.catan.model.RoundedPoint2D@263280, Value: [Vertex(1, 1, 0)]
Key: com.catan.model.RoundedPoint2D@1b9271, Value: [Vertex(0, -2, 3)]
Key: com.catan.model.RoundedPoint2D@1bf031, Value: [Vertex(0, -1, 5), Vertex(0, 0, 3)]
Key: com.catan.model.RoundedPoint2D@1bd0f1, Value: [Vertex(0, -1, 4), Vertex(0, -2, 0)]
Key: com.catan.model.RoundedPoint2D@1c4df1, Value: [Vertex(0, 1, 5)]
Key: com.catan.model.RoundedPoint2D@1c2eb1, Value: [Vertex(0, 0, 0), Vertex(0, 1, 4)]
Key: com.catan.model.RoundedPoint2D@231a51, Value: [Vertex(1, 2, 0)]
Key: com.catan.model.RoundedPoint2D@22dbd1, Value: [Vertex(1, 1, 5), Vertex(0, 1, 1)]
Key: com.catan.model.RoundedPoint2D@22bc91, Value: [Vertex(1, 1, 4), Vertex(0, 1, 2)]
Key: com.catan.model.RoundedPoint2D@225ed1, Value: [Vertex(0, -1, 2)]
Key: com.catan.model.RoundedPoint2D@227e11, Value: [Vertex(0, -1, 1)]
Key: com.catan.model.RoundedPoint2D@11ec62, Value: [Vertex(-1, -2, 5)]
Key: com.catan.model.RoundedPoint2D@11cd22, Value: [Vertex(-1, -2, 4)]
Key: com.catan.model.RoundedPoint2D@294a90, Value: [Vertex(1, 1, 2)]
Key: com.catan.model.RoundedPoint2D@2969d0, Value: [Vertex(1, 1, 1)]
Key: com.catan.model.RoundedPoint2D@18d821, Value: [Vertex(0, 0, 5)]
Key: com.catan.model.RoundedPoint2D@18b8e1, Value: [Vertex(0, 0, 4)]
Key: com.catan.model.RoundedPoint2D@185b21, Value: [Vertex(-1, -2, 2), Vertex(0, -2, 4)]
Key: com.catan.model.RoundedPoint2D@187a61, Value: [Vertex(-1, -2, 1), Vertex(0, -2, 5)]
Key: com.catan.model.RoundedPoint2D@150491, Value: [Vertex(-1, -2, 3)]
Key: com.catan.model.RoundedPoint2D@154311, Value: [Vertex(-1, -2, 0)]
Key: com.catan.model.RoundedPoint2D@1fa481, Value: [Vertex(0, 1, 0)]
Key: com.catan.model.RoundedPoint2D@1f6601, Value: [Vertex(0, 0, 1), Vertex(0, 1, 3)]
Key: com.catan.model.RoundedPoint2D@1f0841, Value: [Vertex(0, -1, 3), Vertex(0, -2, 1)]
Key: com.catan.model.RoundedPoint2D@1f46c1, Value: [Vertex(0, -1, 0), Vertex(0, 0, 2)]
Key: com.catan.model.RoundedPoint2D@1ee901, Value: [Vertex(0, -2, 2)]
Key: com.catan.model.RoundedPoint2D@25f400, Value: [Vertex(1, 1, 3)]
Key: com.catan.model.RoundedPoint2D@2651c0, Value: [Vertex(1, 2, 1)]
Key: com.catan.model.RoundedPoint2D@263280, Value: [Vertex(1, 1, 0), Vertex(1, 2, 2)]
Key: com.catan.model.RoundedPoint2D@1b9271, Value: [Vertex(0, -2, 3)]
Key: com.catan.model.RoundedPoint2D@1bf031, Value: [Vertex(0, -1, 5), Vertex(0, 0, 3)]
Key: com.catan.model.RoundedPoint2D@1bd0f1, Value: [Vertex(0, -1, 4), Vertex(0, -2, 0)]
Key: com.catan.model.RoundedPoint2D@1c4df1, Value: [Vertex(0, 1, 5)]
Key: com.catan.model.RoundedPoint2D@1c2eb1, Value: [Vertex(0, 0, 0), Vertex(0, 1, 4)]
Key: com.catan.model.RoundedPoint2D@231a51, Value: [Vertex(1, 2, 0)]
Key: com.catan.model.RoundedPoint2D@22dbd1, Value: [Vertex(1, 1, 5), Vertex(0, 1, 1)]
Key: com.catan.model.RoundedPoint2D@22bc91, Value: [Vertex(1, 1, 4), Vertex(0, 1, 2)]
Key: com.catan.model.RoundedPoint2D@225ed1, Value: [Vertex(0, -1, 2)]
Key: com.catan.model.RoundedPoint2D@227e11, Value: [Vertex(0, -1, 1)]
Key: com.catan.model.RoundedPoint2D@11ec62, Value: [Vertex(-1, -2, 5)]
Key: com.catan.model.RoundedPoint2D@11cd22, Value: [Vertex(-1, -2, 4)]
Key: com.catan.model.RoundedPoint2D@294a90, Value: [Vertex(1, 1, 2)]
Key: com.catan.model.RoundedPoint2D@2969d0, Value: [Vertex(1, 1, 1)]
Key: com.catan.model.RoundedPoint2D@18d821, Value: [Vertex(0, 0, 5)]
Key: com.catan.model.RoundedPoint2D@18b8e1, Value: [Vertex(0, 0, 4)]
Key: com.catan.model.RoundedPoint2D@185b21, Value: [Vertex(-1, -2, 2), Vertex(0, -2, 4)]
Key: com.catan.model.RoundedPoint2D@187a61, Value: [Vertex(-1, -2, 1), Vertex(0, -2, 5)]
Key: com.catan.model.RoundedPoint2D@150491, Value: [Vertex(-1, -2, 3)]
Key: com.catan.model.RoundedPoint2D@154311, Value: [Vertex(-1, -2, 0)]
Key: com.catan.model.RoundedPoint2D@1fa481, Value: [Vertex(0, 1, 0)]
Key: com.catan.model.RoundedPoint2D@1f6601, Value: [Vertex(0, 0, 1), Vertex(0, 1, 3)]
Key: com.catan.model.RoundedPoint2D@1f0841, Value: [Vertex(0, -1, 3), Vertex(0, -2, 1)]
Key: com.catan.model.RoundedPoint2D@1f46c1, Value: [Vertex(0, -1, 0), Vertex(0, 0, 2)]
Key: com.catan.model.RoundedPoint2D@1ee901, Value: [Vertex(0, -2, 2)]
Key: com.catan.model.RoundedPoint2D@25f400, Value: [Vertex(1, 1, 3)]
Key: com.catan.model.RoundedPoint2D@2651c0, Value: [Vertex(1, 2, 1)]
Key: com.catan.model.RoundedPoint2D@263280, Value: [Vertex(1, 1, 0), Vertex(1, 2, 2)]
Key: com.catan.model.RoundedPoint2D@1b9271, Value: [Vertex(0, -2, 3)]
Key: com.catan.model.RoundedPoint2D@1bf031, Value: [Vertex(0, -1, 5), Vertex(0, 0, 3)]
Key: com.catan.model.RoundedPoint2D@1bd0f1, Value: [Vertex(0, -1, 4), Vertex(0, -2, 0)]
Key: com.catan.model.RoundedPoint2D@1c4df1, Value: [Vertex(0, 1, 5)]
Key: com.catan.model.RoundedPoint2D@1c2eb1, Value: [Vertex(0, 0, 0), Vertex(0, 1, 4)]
Key: com.catan.model.RoundedPoint2D@231a51, Value: [Vertex(1, 2, 0)]
Key: com.catan.model.RoundedPoint2D@22dbd1, Value: [Vertex(1, 1, 5), Vertex(0, 1, 1), Vertex(1, 2, 3)]
Key: com.catan.model.RoundedPoint2D@22bc91, Value: [Vertex(1, 1, 4), Vertex(0, 1, 2)]
Key: com.catan.model.RoundedPoint2D@225ed1, Value: [Vertex(0, -1, 2)]
Key: com.catan.model.RoundedPoint2D@227e11, Value: [Vertex(0, -1, 1)]
Key: com.catan.model.RoundedPoint2D@11ec62, Value: [Vertex(-1, -2, 5)]
Key: com.catan.model.RoundedPoint2D@11cd22, Value: [Vertex(-1, -2, 4)]
Key: com.catan.model.RoundedPoint2D@294a90, Value: [Vertex(1, 1, 2)]
Key: com.catan.model.RoundedPoint2D@2969d0, Value: [Vertex(1, 1, 1)]
Key: com.catan.model.RoundedPoint2D@18d821, Value: [Vertex(0, 0, 5)]
Key: com.catan.model.RoundedPoint2D@18b8e1, Value: [Vertex(0, 0, 4)]
Key: com.catan.model.RoundedPoint2D@185b21, Value: [Vertex(-1, -2, 2), Vertex(0, -2, 4)]
Key: com.catan.model.RoundedPoint2D@187a61, Value: [Vertex(-1, -2, 1), Vertex(0, -2, 5)]
Key: com.catan.model.RoundedPoint2D@150491, Value: [Vertex(-1, -2, 3)]
Key: com.catan.model.RoundedPoint2D@154311, Value: [Vertex(-1, -2, 0)]
Key: com.catan.model.RoundedPoint2D@1fa481, Value: [Vertex(0, 1, 0), Vertex(1, 2, 4)]
Key: com.catan.model.RoundedPoint2D@1f6601, Value: [Vertex(0, 0, 1), Vertex(0, 1, 3)]
Key: com.catan.model.RoundedPoint2D@1f0841, Value: [Vertex(0, -1, 3), Vertex(0, -2, 1)]
Key: com.catan.model.RoundedPoint2D@1f46c1, Value: [Vertex(0, -1, 0), Vertex(0, 0, 2)]
Key: com.catan.model.RoundedPoint2D@1ee901, Value: [Vertex(0, -2, 2)]
Key: com.catan.model.RoundedPoint2D@25f400, Value: [Vertex(1, 1, 3)]
Key: com.catan.model.RoundedPoint2D@2651c0, Value: [Vertex(1, 2, 1)]
Key: com.catan.model.RoundedPoint2D@263280, Value: [Vertex(1, 1, 0), Vertex(1, 2, 2)]
Key: com.catan.model.RoundedPoint2D@1b9271, Value: [Vertex(0, -2, 3)]
Key: com.catan.model.RoundedPoint2D@1bf031, Value: [Vertex(0, -1, 5), Vertex(0, 0, 3)]
Key: com.catan.model.RoundedPoint2D@1bd0f1, Value: [Vertex(0, -1, 4), Vertex(0, -2, 0)]
Key: com.catan.model.RoundedPoint2D@1c4df1, Value: [Vertex(0, 1, 5)]
Key: com.catan.model.RoundedPoint2D@1c2eb1, Value: [Vertex(0, 0, 0), Vertex(0, 1, 4)]
Key: com.catan.model.RoundedPoint2D@231a51, Value: [Vertex(1, 2, 0)]
Key: com.catan.model.RoundedPoint2D@22dbd1, Value: [Vertex(1, 1, 5), Vertex(0, 1, 1), Vertex(1, 2, 3)]
Key: com.catan.model.RoundedPoint2D@22bc91, Value: [Vertex(1, 1, 4), Vertex(0, 1, 2)]
Key: com.catan.model.RoundedPoint2D@225ed1, Value: [Vertex(0, -1, 2)]
Key: com.catan.model.RoundedPoint2D@227e11, Value: [Vertex(0, -1, 1)]
Key: com.catan.model.RoundedPoint2D@11ec62, Value: [Vertex(-1, -2, 5)]
Key: com.catan.model.RoundedPoint2D@11cd22, Value: [Vertex(-1, -2, 4)]
Key: com.catan.model.RoundedPoint2D@294a90, Value: [Vertex(1, 1, 2)]
Key: com.catan.model.RoundedPoint2D@2969d0, Value: [Vertex(1, 1, 1)]
Key: com.catan.model.RoundedPoint2D@18d821, Value: [Vertex(0, 0, 5)]
Key: com.catan.model.RoundedPoint2D@18b8e1, Value: [Vertex(0, 0, 4)]
Key: com.catan.model.RoundedPoint2D@185b21, Value: [Vertex(-1, -2, 2), Vertex(0, -2, 4)]
Key: com.catan.model.RoundedPoint2D@187a61, Value: [Vertex(-1, -2, 1), Vertex(0, -2, 5)]
Key: com.catan.model.RoundedPoint2D@150491, Value: [Vertex(-1, -2, 3)]
Key: com.catan.model.RoundedPoint2D@154311, Value: [Vertex(-1, -2, 0)]
Key: com.catan.model.RoundedPoint2D@1fc3c1, Value: [Vertex(1, 2, 5)]
Key: com.catan.model.RoundedPoint2D@1fa481, Value: [Vertex(0, 1, 0), Vertex(1, 2, 4)]
Key: com.catan.model.RoundedPoint2D@1f6601, Value: [Vertex(0, 0, 1), Vertex(0, 1, 3)]
Key: com.catan.model.RoundedPoint2D@1f0841, Value: [Vertex(0, -1, 3), Vertex(0, -2, 1)]
Key: com.catan.model.RoundedPoint2D@1f46c1, Value: [Vertex(0, -1, 0), Vertex(0, 0, 2)]
Key: com.catan.model.RoundedPoint2D@1ee901, Value: [Vertex(0, -2, 2)]
Key: com.catan.model.RoundedPoint2D@25f400, Value: [Vertex(1, 1, 3)]
Key: com.catan.model.RoundedPoint2D@2651c0, Value: [Vertex(1, 2, 1)]
Key: com.catan.model.RoundedPoint2D@263280, Value: [Vertex(1, 1, 0), Vertex(1, 2, 2)]
Key: com.catan.model.RoundedPoint2D@1b9271, Value: [Vertex(0, -2, 3)]
Key: com.catan.model.RoundedPoint2D@1bf031, Value: [Vertex(0, -1, 5), Vertex(0, 0, 3)]
Key: com.catan.model.RoundedPoint2D@1bd0f1, Value: [Vertex(0, -1, 4), Vertex(0, -2, 0)]
Key: com.catan.model.RoundedPoint2D@1c4df1, Value: [Vertex(0, 1, 5)]
Key: com.catan.model.RoundedPoint2D@1c2eb1, Value: [Vertex(0, 0, 0), Vertex(0, 1, 4)]
Key: com.catan.model.RoundedPoint2D@231a51, Value: [Vertex(1, 2, 0)]
Key: com.catan.model.RoundedPoint2D@22dbd1, Value: [Vertex(1, 1, 5), Vertex(0, 1, 1), Vertex(1, 2, 3)]
Key: com.catan.model.RoundedPoint2D@22bc91, Value: [Vertex(1, 1, 4), Vertex(0, 1, 2)]
Key: com.catan.model.RoundedPoint2D@225ed1, Value: [Vertex(0, -1, 2)]
Key: com.catan.model.RoundedPoint2D@227e11, Value: [Vertex(0, -1, 1)]
Key: com.catan.model.RoundedPoint2D@11ec62, Value: [Vertex(-1, -2, 5)]
Key: com.catan.model.RoundedPoint2D@11cd22, Value: [Vertex(-1, -2, 4)]
Key: com.catan.model.RoundedPoint2D@294a90, Value: [Vertex(1, 1, 2)]
Key: com.catan.model.RoundedPoint2D@2969d0, Value: [Vertex(1, 1, 1)]
Key: com.catan.model.RoundedPoint2D@18d821, Value: [Vertex(0, 0, 5)]
Key: com.catan.model.RoundedPoint2D@18b8e1, Value: [Vertex(0, 0, 4)]
Key: com.catan.model.RoundedPoint2D@185b21, Value: [Vertex(-1, -2, 2), Vertex(0, -2, 4)]
Key: com.catan.model.RoundedPoint2D@187a61, Value: [Vertex(-1, -2, 1), Vertex(0, -2, 5)]
Key: com.catan.model.RoundedPoint2D@150491, Value: [Vertex(-1, -2, 3)]
Key: com.catan.model.RoundedPoint2D@154311, Value: [Vertex(-1, -2, 0)]
Key: com.catan.model.RoundedPoint2D@1fc3c1, Value: [Vertex(1, 2, 5)]
Key: com.catan.model.RoundedPoint2D@1fa481, Value: [Vertex(0, 1, 0), Vertex(1, 2, 4)]
Key: com.catan.model.RoundedPoint2D@1f6601, Value: [Vertex(0, 0, 1), Vertex(0, 1, 3)]
Key: com.catan.model.RoundedPoint2D@1f0841, Value: [Vertex(0, -1, 3), Vertex(0, -2, 1)]
Key: com.catan.model.RoundedPoint2D@1f46c1, Value: [Vertex(0, -1, 0), Vertex(0, 0, 2)]
Key: com.catan.model.RoundedPoint2D@1ee901, Value: [Vertex(0, -2, 2)]
Key: com.catan.model.RoundedPoint2D@25f400, Value: [Vertex(1, 1, 3)]
Key: com.catan.model.RoundedPoint2D@2651c0, Value: [Vertex(1, 2, 1)]
Key: com.catan.model.RoundedPoint2D@263280, Value: [Vertex(1, 1, 0), Vertex(1, 2, 2)]
Key: com.catan.model.RoundedPoint2D@1b9271, Value: [Vertex(0, -2, 3)]
Key: com.catan.model.RoundedPoint2D@1bf031, Value: [Vertex(0, -1, 5), Vertex(0, 0, 3)]
Key: com.catan.model.RoundedPoint2D@1bd0f1, Value: [Vertex(0, -1, 4), Vertex(0, -2, 0)]
Key: com.catan.model.RoundedPoint2D@1c8c71, Value: [Vertex(0, 2, 0)]
Key: com.catan.model.RoundedPoint2D@1c4df1, Value: [Vertex(0, 1, 5)]
Key: com.catan.model.RoundedPoint2D@1c2eb1, Value: [Vertex(0, 0, 0), Vertex(0, 1, 4)]
Key: com.catan.model.RoundedPoint2D@231a51, Value: [Vertex(1, 2, 0)]
Key: com.catan.model.RoundedPoint2D@22dbd1, Value: [Vertex(1, 1, 5), Vertex(0, 1, 1), Vertex(1, 2, 3)]
Key: com.catan.model.RoundedPoint2D@22bc91, Value: [Vertex(1, 1, 4), Vertex(0, 1, 2)]
Key: com.catan.model.RoundedPoint2D@225ed1, Value: [Vertex(0, -1, 2)]
Key: com.catan.model.RoundedPoint2D@227e11, Value: [Vertex(0, -1, 1)]
Key: com.catan.model.RoundedPoint2D@11ec62, Value: [Vertex(-1, -2, 5)]
Key: com.catan.model.RoundedPoint2D@11cd22, Value: [Vertex(-1, -2, 4)]
Key: com.catan.model.RoundedPoint2D@294a90, Value: [Vertex(1, 1, 2)]
Key: com.catan.model.RoundedPoint2D@2969d0, Value: [Vertex(1, 1, 1)]
Key: com.catan.model.RoundedPoint2D@18d821, Value: [Vertex(0, 0, 5)]
Key: com.catan.model.RoundedPoint2D@18b8e1, Value: [Vertex(0, 0, 4)]
Key: com.catan.model.RoundedPoint2D@185b21, Value: [Vertex(-1, -2, 2), Vertex(0, -2, 4)]
Key: com.catan.model.RoundedPoint2D@187a61, Value: [Vertex(-1, -2, 1), Vertex(0, -2, 5)]
Key: com.catan.model.RoundedPoint2D@150491, Value: [Vertex(-1, -2, 3)]
Key: com.catan.model.RoundedPoint2D@154311, Value: [Vertex(-1, -2, 0)]
Key: com.catan.model.RoundedPoint2D@1fc3c1, Value: [Vertex(1, 2, 5), Vertex(0, 2, 1)]
Key: com.catan.model.RoundedPoint2D@1fa481, Value: [Vertex(0, 1, 0), Vertex(1, 2, 4)]
Key: com.catan.model.RoundedPoint2D@1f6601, Value: [Vertex(0, 0, 1), Vertex(0, 1, 3)]
Key: com.catan.model.RoundedPoint2D@1f0841, Value: [Vertex(0, -1, 3), Vertex(0, -2, 1)]
Key: com.catan.model.RoundedPoint2D@1f46c1, Value: [Vertex(0, -1, 0), Vertex(0, 0, 2)]
Key: com.catan.model.RoundedPoint2D@1ee901, Value: [Vertex(0, -2, 2)]
Key: com.catan.model.RoundedPoint2D@25f400, Value: [Vertex(1, 1, 3)]
Key: com.catan.model.RoundedPoint2D@2651c0, Value: [Vertex(1, 2, 1)]
Key: com.catan.model.RoundedPoint2D@263280, Value: [Vertex(1, 1, 0), Vertex(1, 2, 2)]
Key: com.catan.model.RoundedPoint2D@1b9271, Value: [Vertex(0, -2, 3)]
Key: com.catan.model.RoundedPoint2D@1bf031, Value: [Vertex(0, -1, 5), Vertex(0, 0, 3)]
Key: com.catan.model.RoundedPoint2D@1bd0f1, Value: [Vertex(0, -1, 4), Vertex(0, -2, 0)]
Key: com.catan.model.RoundedPoint2D@1c8c71, Value: [Vertex(0, 2, 0)]
Key: com.catan.model.RoundedPoint2D@1c4df1, Value: [Vertex(0, 1, 5)]
Key: com.catan.model.RoundedPoint2D@1c2eb1, Value: [Vertex(0, 0, 0), Vertex(0, 1, 4)]
Key: com.catan.model.RoundedPoint2D@231a51, Value: [Vertex(1, 2, 0)]
Key: com.catan.model.RoundedPoint2D@22dbd1, Value: [Vertex(1, 1, 5), Vertex(0, 1, 1), Vertex(1, 2, 3)]
Key: com.catan.model.RoundedPoint2D@22bc91, Value: [Vertex(1, 1, 4), Vertex(0, 1, 2)]
Key: com.catan.model.RoundedPoint2D@225ed1, Value: [Vertex(0, -1, 2)]
Key: com.catan.model.RoundedPoint2D@227e11, Value: [Vertex(0, -1, 1)]
Key: com.catan.model.RoundedPoint2D@11ec62, Value: [Vertex(-1, -2, 5)]
Key: com.catan.model.RoundedPoint2D@11cd22, Value: [Vertex(-1, -2, 4)]
Key: com.catan.model.RoundedPoint2D@294a90, Value: [Vertex(1, 1, 2)]
Key: com.catan.model.RoundedPoint2D@2969d0, Value: [Vertex(1, 1, 1)]
Key: com.catan.model.RoundedPoint2D@18d821, Value: [Vertex(0, 0, 5)]
Key: com.catan.model.RoundedPoint2D@18b8e1, Value: [Vertex(0, 0, 4)]
Key: com.catan.model.RoundedPoint2D@185b21, Value: [Vertex(-1, -2, 2), Vertex(0, -2, 4)]
Key: com.catan.model.RoundedPoint2D@187a61, Value: [Vertex(-1, -2, 1), Vertex(0, -2, 5)]
Key: com.catan.model.RoundedPoint2D@150491, Value: [Vertex(-1, -2, 3)]
Key: com.catan.model.RoundedPoint2D@154311, Value: [Vertex(-1, -2, 0)]
Key: com.catan.model.RoundedPoint2D@1fc3c1, Value: [Vertex(1, 2, 5), Vertex(0, 2, 1)]
Key: com.catan.model.RoundedPoint2D@1fa481, Value: [Vertex(0, 1, 0), Vertex(1, 2, 4), Vertex(0, 2, 2)]
Key: com.catan.model.RoundedPoint2D@1f6601, Value: [Vertex(0, 0, 1), Vertex(0, 1, 3)]
Key: com.catan.model.RoundedPoint2D@1f0841, Value: [Vertex(0, -1, 3), Vertex(0, -2, 1)]
Key: com.catan.model.RoundedPoint2D@1f46c1, Value: [Vertex(0, -1, 0), Vertex(0, 0, 2)]
Key: com.catan.model.RoundedPoint2D@1ee901, Value: [Vertex(0, -2, 2)]
Key: com.catan.model.RoundedPoint2D@25f400, Value: [Vertex(1, 1, 3)]
Key: com.catan.model.RoundedPoint2D@2651c0, Value: [Vertex(1, 2, 1)]
Key: com.catan.model.RoundedPoint2D@263280, Value: [Vertex(1, 1, 0), Vertex(1, 2, 2)]
Key: com.catan.model.RoundedPoint2D@1b9271, Value: [Vertex(0, -2, 3)]
Key: com.catan.model.RoundedPoint2D@1bf031, Value: [Vertex(0, -1, 5), Vertex(0, 0, 3)]
Key: com.catan.model.RoundedPoint2D@1bd0f1, Value: [Vertex(0, -1, 4), Vertex(0, -2, 0)]
Key: com.catan.model.RoundedPoint2D@1c8c71, Value: [Vertex(0, 2, 0)]
Key: com.catan.model.RoundedPoint2D@1c4df1, Value: [Vertex(0, 1, 5)]
Key: com.catan.model.RoundedPoint2D@1c2eb1, Value: [Vertex(0, 0, 0), Vertex(0, 1, 4)]
Key: com.catan.model.RoundedPoint2D@231a51, Value: [Vertex(1, 2, 0)]
Key: com.catan.model.RoundedPoint2D@22dbd1, Value: [Vertex(1, 1, 5), Vertex(0, 1, 1), Vertex(1, 2, 3)]
Key: com.catan.model.RoundedPoint2D@22bc91, Value: [Vertex(1, 1, 4), Vertex(0, 1, 2)]
Key: com.catan.model.RoundedPoint2D@225ed1, Value: [Vertex(0, -1, 2)]
Key: com.catan.model.RoundedPoint2D@227e11, Value: [Vertex(0, -1, 1)]
Key: com.catan.model.RoundedPoint2D@11ec62, Value: [Vertex(-1, -2, 5)]
Key: com.catan.model.RoundedPoint2D@11cd22, Value: [Vertex(-1, -2, 4)]
Key: com.catan.model.RoundedPoint2D@294a90, Value: [Vertex(1, 1, 2)]
Key: com.catan.model.RoundedPoint2D@2969d0, Value: [Vertex(1, 1, 1)]
Key: com.catan.model.RoundedPoint2D@18d821, Value: [Vertex(0, 0, 5)]
Key: com.catan.model.RoundedPoint2D@18b8e1, Value: [Vertex(0, 0, 4)]
Key: com.catan.model.RoundedPoint2D@185b21, Value: [Vertex(-1, -2, 2), Vertex(0, -2, 4)]
Key: com.catan.model.RoundedPoint2D@187a61, Value: [Vertex(-1, -2, 1), Vertex(0, -2, 5)]
Key: com.catan.model.RoundedPoint2D@150491, Value: [Vertex(-1, -2, 3)]
Key: com.catan.model.RoundedPoint2D@154311, Value: [Vertex(-1, -2, 0)]
Key: com.catan.model.RoundedPoint2D@1fc3c1, Value: [Vertex(1, 2, 5), Vertex(0, 2, 1)]
Key: com.catan.model.RoundedPoint2D@1fa481, Value: [Vertex(0, 1, 0), Vertex(1, 2, 4), Vertex(0, 2, 2)]
Key: com.catan.model.RoundedPoint2D@1f6601, Value: [Vertex(0, 0, 1), Vertex(0, 1, 3)]
Key: com.catan.model.RoundedPoint2D@1f0841, Value: [Vertex(0, -1, 3), Vertex(0, -2, 1)]
Key: com.catan.model.RoundedPoint2D@1f46c1, Value: [Vertex(0, -1, 0), Vertex(0, 0, 2)]
Key: com.catan.model.RoundedPoint2D@1ee901, Value: [Vertex(0, -2, 2)]
Key: com.catan.model.RoundedPoint2D@25f400, Value: [Vertex(1, 1, 3)]
Key: com.catan.model.RoundedPoint2D@2651c0, Value: [Vertex(1, 2, 1)]
Key: com.catan.model.RoundedPoint2D@263280, Value: [Vertex(1, 1, 0), Vertex(1, 2, 2)]
Key: com.catan.model.RoundedPoint2D@1b9271, Value: [Vertex(0, -2, 3)]
Key: com.catan.model.RoundedPoint2D@1bf031, Value: [Vertex(0, -1, 5), Vertex(0, 0, 3)]
Key: com.catan.model.RoundedPoint2D@1bd0f1, Value: [Vertex(0, -1, 4), Vertex(0, -2, 0)]
Key: com.catan.model.RoundedPoint2D@1c8c71, Value: [Vertex(0, 2, 0)]
Key: com.catan.model.RoundedPoint2D@1c4df1, Value: [Vertex(0, 1, 5), Vertex(0, 2, 3)]
Key: com.catan.model.RoundedPoint2D@1c2eb1, Value: [Vertex(0, 0, 0), Vertex(0, 1, 4)]
Key: com.catan.model.RoundedPoint2D@231a51, Value: [Vertex(1, 2, 0)]
Key: com.catan.model.RoundedPoint2D@22dbd1, Value: [Vertex(1, 1, 5), Vertex(0, 1, 1), Vertex(1, 2, 3)]
Key: com.catan.model.RoundedPoint2D@22bc91, Value: [Vertex(1, 1, 4), Vertex(0, 1, 2)]
Key: com.catan.model.RoundedPoint2D@225ed1, Value: [Vertex(0, -1, 2)]
Key: com.catan.model.RoundedPoint2D@227e11, Value: [Vertex(0, -1, 1)]
Key: com.catan.model.RoundedPoint2D@11ec62, Value: [Vertex(-1, -2, 5)]
Key: com.catan.model.RoundedPoint2D@11cd22, Value: [Vertex(-1, -2, 4)]
Key: com.catan.model.RoundedPoint2D@294a90, Value: [Vertex(1, 1, 2)]
Key: com.catan.model.RoundedPoint2D@2969d0, Value: [Vertex(1, 1, 1)]
Key: com.catan.model.RoundedPoint2D@18d821, Value: [Vertex(0, 0, 5)]
Key: com.catan.model.RoundedPoint2D@18b8e1, Value: [Vertex(0, 0, 4)]
Key: com.catan.model.RoundedPoint2D@185b21, Value: [Vertex(-1, -2, 2), Vertex(0, -2, 4)]
Key: com.catan.model.RoundedPoint2D@187a61, Value: [Vertex(-1, -2, 1), Vertex(0, -2, 5)]
Key: com.catan.model.RoundedPoint2D@150491, Value: [Vertex(-1, -2, 3)]
Key: com.catan.model.RoundedPoint2D@154311, Value: [Vertex(-1, -2, 0)]
Key: com.catan.model.RoundedPoint2D@1fc3c1, Value: [Vertex(1, 2, 5), Vertex(0, 2, 1)]
Key: com.catan.model.RoundedPoint2D@1fa481, Value: [Vertex(0, 1, 0), Vertex(1, 2, 4), Vertex(0, 2, 2)]
Key: com.catan.model.RoundedPoint2D@1f6601, Value: [Vertex(0, 0, 1), Vertex(0, 1, 3)]
Key: com.catan.model.RoundedPoint2D@1f0841, Value: [Vertex(0, -1, 3), Vertex(0, -2, 1)]
Key: com.catan.model.RoundedPoint2D@1f46c1, Value: [Vertex(0, -1, 0), Vertex(0, 0, 2)]
Key: com.catan.model.RoundedPoint2D@1ee901, Value: [Vertex(0, -2, 2)]
Key: com.catan.model.RoundedPoint2D@25f400, Value: [Vertex(1, 1, 3)]
Key: com.catan.model.RoundedPoint2D@2651c0, Value: [Vertex(1, 2, 1)]
Key: com.catan.model.RoundedPoint2D@263280, Value: [Vertex(1, 1, 0), Vertex(1, 2, 2)]
Key: com.catan.model.RoundedPoint2D@1b9271, Value: [Vertex(0, -2, 3)]
Key: com.catan.model.RoundedPoint2D@1bf031, Value: [Vertex(0, -1, 5), Vertex(0, 0, 3)]
Key: com.catan.model.RoundedPoint2D@1bd0f1, Value: [Vertex(0, -1, 4), Vertex(0, -2, 0)]
Key: com.catan.model.RoundedPoint2D@1c8c71, Value: [Vertex(0, 2, 0)]
Key: com.catan.model.RoundedPoint2D@1c4df1, Value: [Vertex(0, 1, 5), Vertex(0, 2, 3)]
Key: com.catan.model.RoundedPoint2D@1c2eb1, Value: [Vertex(0, 0, 0), Vertex(0, 1, 4)]
Key: com.catan.model.RoundedPoint2D@231a51, Value: [Vertex(1, 2, 0)]
Key: com.catan.model.RoundedPoint2D@22dbd1, Value: [Vertex(1, 1, 5), Vertex(0, 1, 1), Vertex(1, 2, 3)]
Key: com.catan.model.RoundedPoint2D@22bc91, Value: [Vertex(1, 1, 4), Vertex(0, 1, 2)]
Key: com.catan.model.RoundedPoint2D@225ed1, Value: [Vertex(0, -1, 2)]
Key: com.catan.model.RoundedPoint2D@227e11, Value: [Vertex(0, -1, 1)]
Key: com.catan.model.RoundedPoint2D@11ec62, Value: [Vertex(-1, -2, 5)]
Key: com.catan.model.RoundedPoint2D@11cd22, Value: [Vertex(-1, -2, 4)]
Key: com.catan.model.RoundedPoint2D@1916a1, Value: [Vertex(0, 2, 4)]
Key: com.catan.model.RoundedPoint2D@294a90, Value: [Vertex(1, 1, 2)]
Key: com.catan.model.RoundedPoint2D@2969d0, Value: [Vertex(1, 1, 1)]
Key: com.catan.model.RoundedPoint2D@18d821, Value: [Vertex(0, 0, 5)]
Key: com.catan.model.RoundedPoint2D@18b8e1, Value: [Vertex(0, 0, 4)]
Key: com.catan.model.RoundedPoint2D@185b21, Value: [Vertex(-1, -2, 2), Vertex(0, -2, 4)]
Key: com.catan.model.RoundedPoint2D@187a61, Value: [Vertex(-1, -2, 1), Vertex(0, -2, 5)]
Key: com.catan.model.RoundedPoint2D@150491, Value: [Vertex(-1, -2, 3)]
Key: com.catan.model.RoundedPoint2D@154311, Value: [Vertex(-1, -2, 0)]
Key: com.catan.model.RoundedPoint2D@1fc3c1, Value: [Vertex(1, 2, 5), Vertex(0, 2, 1)]
Key: com.catan.model.RoundedPoint2D@1fa481, Value: [Vertex(0, 1, 0), Vertex(1, 2, 4), Vertex(0, 2, 2)]
Key: com.catan.model.RoundedPoint2D@1f6601, Value: [Vertex(0, 0, 1), Vertex(0, 1, 3)]
Key: com.catan.model.RoundedPoint2D@1f0841, Value: [Vertex(0, -1, 3), Vertex(0, -2, 1)]
Key: com.catan.model.RoundedPoint2D@1f46c1, Value: [Vertex(0, -1, 0), Vertex(0, 0, 2)]
Key: com.catan.model.RoundedPoint2D@1ee901, Value: [Vertex(0, -2, 2)]
Key: com.catan.model.RoundedPoint2D@25f400, Value: [Vertex(1, 1, 3)]
Key: com.catan.model.RoundedPoint2D@2651c0, Value: [Vertex(1, 2, 1)]
Key: com.catan.model.RoundedPoint2D@263280, Value: [Vertex(1, 1, 0), Vertex(1, 2, 2)]
Key: com.catan.model.RoundedPoint2D@1b9271, Value: [Vertex(0, -2, 3)]
Key: com.catan.model.RoundedPoint2D@1bf031, Value: [Vertex(0, -1, 5), Vertex(0, 0, 3)]
Key: com.catan.model.RoundedPoint2D@1bd0f1, Value: [Vertex(0, -1, 4), Vertex(0, -2, 0)]
Key: com.catan.model.RoundedPoint2D@1c8c71, Value: [Vertex(0, 2, 0)]
Key: com.catan.model.RoundedPoint2D@1c4df1, Value: [Vertex(0, 1, 5), Vertex(0, 2, 3)]
Key: com.catan.model.RoundedPoint2D@1c2eb1, Value: [Vertex(0, 0, 0), Vertex(0, 1, 4)]
Key: com.catan.model.RoundedPoint2D@231a51, Value: [Vertex(1, 2, 0)]
Key: com.catan.model.RoundedPoint2D@22dbd1, Value: [Vertex(1, 1, 5), Vertex(0, 1, 1), Vertex(1, 2, 3)]
Key: com.catan.model.RoundedPoint2D@22bc91, Value: [Vertex(1, 1, 4), Vertex(0, 1, 2)]
Key: com.catan.model.RoundedPoint2D@225ed1, Value: [Vertex(0, -1, 2)]
Key: com.catan.model.RoundedPoint2D@227e11, Value: [Vertex(0, -1, 1)]
Key: com.catan.model.RoundedPoint2D@11ec62, Value: [Vertex(-1, -2, 5)]
Key: com.catan.model.RoundedPoint2D@11cd22, Value: [Vertex(-1, -2, 4)]
Key: com.catan.model.RoundedPoint2D@1935e1, Value: [Vertex(0, 2, 5)]
Key: com.catan.model.RoundedPoint2D@1916a1, Value: [Vertex(0, 2, 4)]
Key: com.catan.model.RoundedPoint2D@294a90, Value: [Vertex(1, 1, 2)]
Key: com.catan.model.RoundedPoint2D@2969d0, Value: [Vertex(1, 1, 1)]
Key: com.catan.model.RoundedPoint2D@18d821, Value: [Vertex(0, 0, 5)]
Key: com.catan.model.RoundedPoint2D@18b8e1, Value: [Vertex(0, 0, 4)]
Key: com.catan.model.RoundedPoint2D@185b21, Value: [Vertex(-1, -2, 2), Vertex(0, -2, 4)]
Key: com.catan.model.RoundedPoint2D@187a61, Value: [Vertex(-1, -2, 1), Vertex(0, -2, 5)]
Key: com.catan.model.RoundedPoint2D@150491, Value: [Vertex(-1, -2, 3)]
Key: com.catan.model.RoundedPoint2D@154311, Value: [Vertex(-1, -2, 0)]
Key: com.catan.model.RoundedPoint2D@1fc3c1, Value: [Vertex(1, 2, 5), Vertex(0, 2, 1)]
Key: com.catan.model.RoundedPoint2D@1fa481, Value: [Vertex(0, 1, 0), Vertex(1, 2, 4), Vertex(0, 2, 2)]
Key: com.catan.model.RoundedPoint2D@1f6601, Value: [Vertex(0, 0, 1), Vertex(0, 1, 3)]
Key: com.catan.model.RoundedPoint2D@1f0841, Value: [Vertex(0, -1, 3), Vertex(0, -2, 1)]
Key: com.catan.model.RoundedPoint2D@1f46c1, Value: [Vertex(0, -1, 0), Vertex(0, 0, 2)]
Key: com.catan.model.RoundedPoint2D@1ee901, Value: [Vertex(0, -2, 2)]
Key: com.catan.model.RoundedPoint2D@25f400, Value: [Vertex(1, 1, 3)]
Key: com.catan.model.RoundedPoint2D@2651c0, Value: [Vertex(1, 2, 1)]
Key: com.catan.model.RoundedPoint2D@263280, Value: [Vertex(1, 1, 0), Vertex(1, 2, 2)]
Key: com.catan.model.RoundedPoint2D@1b9271, Value: [Vertex(0, -2, 3)]
Key: com.catan.model.RoundedPoint2D@1bf031, Value: [Vertex(0, -1, 5), Vertex(0, 0, 3)]
Key: com.catan.model.RoundedPoint2D@1bd0f1, Value: [Vertex(0, -1, 4), Vertex(0, -2, 0)]
Key: com.catan.model.RoundedPoint2D@1c8c71, Value: [Vertex(0, 2, 0)]
Key: com.catan.model.RoundedPoint2D@1c4df1, Value: [Vertex(0, 1, 5), Vertex(0, 2, 3)]
Key: com.catan.model.RoundedPoint2D@1c2eb1, Value: [Vertex(0, 0, 0), Vertex(0, 1, 4)]
Key: com.catan.model.RoundedPoint2D@1288a2, Value: [Vertex(-2, 1, 0)]
Key: com.catan.model.RoundedPoint2D@231a51, Value: [Vertex(1, 2, 0)]
Key: com.catan.model.RoundedPoint2D@22dbd1, Value: [Vertex(1, 1, 5), Vertex(0, 1, 1), Vertex(1, 2, 3)]
Key: com.catan.model.RoundedPoint2D@22bc91, Value: [Vertex(1, 1, 4), Vertex(0, 1, 2)]
Key: com.catan.model.RoundedPoint2D@225ed1, Value: [Vertex(0, -1, 2)]
Key: com.catan.model.RoundedPoint2D@227e11, Value: [Vertex(0, -1, 1)]
Key: com.catan.model.RoundedPoint2D@11ec62, Value: [Vertex(-1, -2, 5)]
Key: com.catan.model.RoundedPoint2D@11cd22, Value: [Vertex(-1, -2, 4)]
Key: com.catan.model.RoundedPoint2D@1935e1, Value: [Vertex(0, 2, 5)]
Key: com.catan.model.RoundedPoint2D@1916a1, Value: [Vertex(0, 2, 4)]
Key: com.catan.model.RoundedPoint2D@294a90, Value: [Vertex(1, 1, 2)]
Key: com.catan.model.RoundedPoint2D@2969d0, Value: [Vertex(1, 1, 1)]
Key: com.catan.model.RoundedPoint2D@18d821, Value: [Vertex(0, 0, 5)]
Key: com.catan.model.RoundedPoint2D@18b8e1, Value: [Vertex(0, 0, 4)]
Key: com.catan.model.RoundedPoint2D@185b21, Value: [Vertex(-1, -2, 2), Vertex(0, -2, 4)]
Key: com.catan.model.RoundedPoint2D@187a61, Value: [Vertex(-1, -2, 1), Vertex(0, -2, 5)]
Key: com.catan.model.RoundedPoint2D@15c011, Value: [Vertex(-2, 1, 1)]
Key: com.catan.model.RoundedPoint2D@150491, Value: [Vertex(-1, -2, 3)]
Key: com.catan.model.RoundedPoint2D@154311, Value: [Vertex(-1, -2, 0)]
Key: com.catan.model.RoundedPoint2D@1fc3c1, Value: [Vertex(1, 2, 5), Vertex(0, 2, 1)]
Key: com.catan.model.RoundedPoint2D@1fa481, Value: [Vertex(0, 1, 0), Vertex(1, 2, 4), Vertex(0, 2, 2)]
Key: com.catan.model.RoundedPoint2D@1f6601, Value: [Vertex(0, 0, 1), Vertex(0, 1, 3)]
Key: com.catan.model.RoundedPoint2D@1f0841, Value: [Vertex(0, -1, 3), Vertex(0, -2, 1)]
Key: com.catan.model.RoundedPoint2D@1f46c1, Value: [Vertex(0, -1, 0), Vertex(0, 0, 2)]
Key: com.catan.model.RoundedPoint2D@1ee901, Value: [Vertex(0, -2, 2)]
Key: com.catan.model.RoundedPoint2D@25f400, Value: [Vertex(1, 1, 3)]
Key: com.catan.model.RoundedPoint2D@2651c0, Value: [Vertex(1, 2, 1)]
Key: com.catan.model.RoundedPoint2D@263280, Value: [Vertex(1, 1, 0), Vertex(1, 2, 2)]
Key: com.catan.model.RoundedPoint2D@1b9271, Value: [Vertex(0, -2, 3)]
Key: com.catan.model.RoundedPoint2D@1bf031, Value: [Vertex(0, -1, 5), Vertex(0, 0, 3)]
Key: com.catan.model.RoundedPoint2D@1bd0f1, Value: [Vertex(0, -1, 4), Vertex(0, -2, 0)]
Key: com.catan.model.RoundedPoint2D@1c8c71, Value: [Vertex(0, 2, 0)]
Key: com.catan.model.RoundedPoint2D@1c4df1, Value: [Vertex(0, 1, 5), Vertex(0, 2, 3)]
Key: com.catan.model.RoundedPoint2D@1c2eb1, Value: [Vertex(0, 0, 0), Vertex(0, 1, 4)]
Key: com.catan.model.RoundedPoint2D@1288a2, Value: [Vertex(-2, 1, 0)]
Key: com.catan.model.RoundedPoint2D@231a51, Value: [Vertex(1, 2, 0)]
Key: com.catan.model.RoundedPoint2D@22dbd1, Value: [Vertex(1, 1, 5), Vertex(0, 1, 1), Vertex(1, 2, 3)]
Key: com.catan.model.RoundedPoint2D@22bc91, Value: [Vertex(1, 1, 4), Vertex(0, 1, 2)]
Key: com.catan.model.RoundedPoint2D@225ed1, Value: [Vertex(0, -1, 2)]
Key: com.catan.model.RoundedPoint2D@227e11, Value: [Vertex(0, -1, 1)]
Key: com.catan.model.RoundedPoint2D@11ec62, Value: [Vertex(-1, -2, 5)]
Key: com.catan.model.RoundedPoint2D@11cd22, Value: [Vertex(-1, -2, 4)]
Key: com.catan.model.RoundedPoint2D@1935e1, Value: [Vertex(0, 2, 5)]
Key: com.catan.model.RoundedPoint2D@1916a1, Value: [Vertex(0, 2, 4)]
Key: com.catan.model.RoundedPoint2D@294a90, Value: [Vertex(1, 1, 2)]
Key: com.catan.model.RoundedPoint2D@2969d0, Value: [Vertex(1, 1, 1)]
Key: com.catan.model.RoundedPoint2D@18d821, Value: [Vertex(0, 0, 5)]
Key: com.catan.model.RoundedPoint2D@18b8e1, Value: [Vertex(0, 0, 4)]
Key: com.catan.model.RoundedPoint2D@185b21, Value: [Vertex(-1, -2, 2), Vertex(0, -2, 4)]
Key: com.catan.model.RoundedPoint2D@187a61, Value: [Vertex(-1, -2, 1), Vertex(0, -2, 5)]
Key: com.catan.model.RoundedPoint2D@15a0d1, Value: [Vertex(-2, 1, 2)]
Key: com.catan.model.RoundedPoint2D@15c011, Value: [Vertex(-2, 1, 1)]
Key: com.catan.model.RoundedPoint2D@150491, Value: [Vertex(-1, -2, 3)]
Key: com.catan.model.RoundedPoint2D@154311, Value: [Vertex(-1, -2, 0)]
Key: com.catan.model.RoundedPoint2D@1fc3c1, Value: [Vertex(1, 2, 5), Vertex(0, 2, 1)]
Key: com.catan.model.RoundedPoint2D@1fa481, Value: [Vertex(0, 1, 0), Vertex(1, 2, 4), Vertex(0, 2, 2)]
Key: com.catan.model.RoundedPoint2D@1f6601, Value: [Vertex(0, 0, 1), Vertex(0, 1, 3)]
Key: com.catan.model.RoundedPoint2D@1f0841, Value: [Vertex(0, -1, 3), Vertex(0, -2, 1)]
Key: com.catan.model.RoundedPoint2D@1f46c1, Value: [Vertex(0, -1, 0), Vertex(0, 0, 2)]
Key: com.catan.model.RoundedPoint2D@1ee901, Value: [Vertex(0, -2, 2)]
Key: com.catan.model.RoundedPoint2D@25f400, Value: [Vertex(1, 1, 3)]
Key: com.catan.model.RoundedPoint2D@2651c0, Value: [Vertex(1, 2, 1)]
Key: com.catan.model.RoundedPoint2D@263280, Value: [Vertex(1, 1, 0), Vertex(1, 2, 2)]
Key: com.catan.model.RoundedPoint2D@1b9271, Value: [Vertex(0, -2, 3)]
Key: com.catan.model.RoundedPoint2D@1bf031, Value: [Vertex(0, -1, 5), Vertex(0, 0, 3)]
Key: com.catan.model.RoundedPoint2D@1bd0f1, Value: [Vertex(0, -1, 4), Vertex(0, -2, 0)]
Key: com.catan.model.RoundedPoint2D@1c8c71, Value: [Vertex(0, 2, 0)]
Key: com.catan.model.RoundedPoint2D@1c4df1, Value: [Vertex(0, 1, 5), Vertex(0, 2, 3)]
Key: com.catan.model.RoundedPoint2D@1c2eb1, Value: [Vertex(0, 0, 0), Vertex(0, 1, 4)]
Key: com.catan.model.RoundedPoint2D@1288a2, Value: [Vertex(-2, 1, 0)]
Key: com.catan.model.RoundedPoint2D@231a51, Value: [Vertex(1, 2, 0)]
Key: com.catan.model.RoundedPoint2D@22dbd1, Value: [Vertex(1, 1, 5), Vertex(0, 1, 1), Vertex(1, 2, 3)]
Key: com.catan.model.RoundedPoint2D@22bc91, Value: [Vertex(1, 1, 4), Vertex(0, 1, 2)]
Key: com.catan.model.RoundedPoint2D@225ed1, Value: [Vertex(0, -1, 2)]
Key: com.catan.model.RoundedPoint2D@227e11, Value: [Vertex(0, -1, 1)]
Key: com.catan.model.RoundedPoint2D@11ec62, Value: [Vertex(-1, -2, 5)]
Key: com.catan.model.RoundedPoint2D@11cd22, Value: [Vertex(-1, -2, 4)]
Key: com.catan.model.RoundedPoint2D@1935e1, Value: [Vertex(0, 2, 5)]
Key: com.catan.model.RoundedPoint2D@1916a1, Value: [Vertex(0, 2, 4)]
Key: com.catan.model.RoundedPoint2D@294a90, Value: [Vertex(1, 1, 2)]
Key: com.catan.model.RoundedPoint2D@2969d0, Value: [Vertex(1, 1, 1)]
Key: com.catan.model.RoundedPoint2D@18d821, Value: [Vertex(0, 0, 5)]
Key: com.catan.model.RoundedPoint2D@18b8e1, Value: [Vertex(0, 0, 4)]
Key: com.catan.model.RoundedPoint2D@185b21, Value: [Vertex(-1, -2, 2), Vertex(0, -2, 4)]
Key: com.catan.model.RoundedPoint2D@187a61, Value: [Vertex(-1, -2, 1), Vertex(0, -2, 5)]
Key: com.catan.model.RoundedPoint2D@15a0d1, Value: [Vertex(-2, 1, 2)]
Key: com.catan.model.RoundedPoint2D@15c011, Value: [Vertex(-2, 1, 1)]
Key: com.catan.model.RoundedPoint2D@150491, Value: [Vertex(-1, -2, 3)]
Key: com.catan.model.RoundedPoint2D@154311, Value: [Vertex(-1, -2, 0)]
Key: com.catan.model.RoundedPoint2D@1fc3c1, Value: [Vertex(1, 2, 5), Vertex(0, 2, 1)]
Key: com.catan.model.RoundedPoint2D@1fa481, Value: [Vertex(0, 1, 0), Vertex(1, 2, 4), Vertex(0, 2, 2)]
Key: com.catan.model.RoundedPoint2D@1f6601, Value: [Vertex(0, 0, 1), Vertex(0, 1, 3)]
Key: com.catan.model.RoundedPoint2D@1f0841, Value: [Vertex(0, -1, 3), Vertex(0, -2, 1)]
Key: com.catan.model.RoundedPoint2D@1f46c1, Value: [Vertex(0, -1, 0), Vertex(0, 0, 2)]
Key: com.catan.model.RoundedPoint2D@1ee901, Value: [Vertex(0, -2, 2)]
Key: com.catan.model.RoundedPoint2D@25f400, Value: [Vertex(1, 1, 3)]
Key: com.catan.model.RoundedPoint2D@2651c0, Value: [Vertex(1, 2, 1)]
Key: com.catan.model.RoundedPoint2D@263280, Value: [Vertex(1, 1, 0), Vertex(1, 2, 2)]
Key: com.catan.model.RoundedPoint2D@1b9271, Value: [Vertex(0, -2, 3)]
Key: com.catan.model.RoundedPoint2D@1bf031, Value: [Vertex(0, -1, 5), Vertex(0, 0, 3)]
Key: com.catan.model.RoundedPoint2D@1bd0f1, Value: [Vertex(0, -1, 4), Vertex(0, -2, 0)]
Key: com.catan.model.RoundedPoint2D@1c8c71, Value: [Vertex(0, 2, 0)]
Key: com.catan.model.RoundedPoint2D@1c4df1, Value: [Vertex(0, 1, 5), Vertex(0, 2, 3)]
Key: com.catan.model.RoundedPoint2D@1c2eb1, Value: [Vertex(0, 0, 0), Vertex(0, 1, 4)]
Key: com.catan.model.RoundedPoint2D@124a22, Value: [Vertex(-2, 1, 3)]
Key: com.catan.model.RoundedPoint2D@1288a2, Value: [Vertex(-2, 1, 0)]
Key: com.catan.model.RoundedPoint2D@231a51, Value: [Vertex(1, 2, 0)]
Key: com.catan.model.RoundedPoint2D@22dbd1, Value: [Vertex(1, 1, 5), Vertex(0, 1, 1), Vertex(1, 2, 3)]
Key: com.catan.model.RoundedPoint2D@22bc91, Value: [Vertex(1, 1, 4), Vertex(0, 1, 2)]
Key: com.catan.model.RoundedPoint2D@225ed1, Value: [Vertex(0, -1, 2)]
Key: com.catan.model.RoundedPoint2D@227e11, Value: [Vertex(0, -1, 1)]
Key: com.catan.model.RoundedPoint2D@11ec62, Value: [Vertex(-1, -2, 5)]
Key: com.catan.model.RoundedPoint2D@11cd22, Value: [Vertex(-1, -2, 4)]
Key: com.catan.model.RoundedPoint2D@1935e1, Value: [Vertex(0, 2, 5)]
Key: com.catan.model.RoundedPoint2D@1916a1, Value: [Vertex(0, 2, 4)]
Key: com.catan.model.RoundedPoint2D@294a90, Value: [Vertex(1, 1, 2)]
Key: com.catan.model.RoundedPoint2D@2969d0, Value: [Vertex(1, 1, 1)]
Key: com.catan.model.RoundedPoint2D@18d821, Value: [Vertex(0, 0, 5)]
Key: com.catan.model.RoundedPoint2D@18b8e1, Value: [Vertex(0, 0, 4)]
Key: com.catan.model.RoundedPoint2D@185b21, Value: [Vertex(-1, -2, 2), Vertex(0, -2, 4)]
Key: com.catan.model.RoundedPoint2D@187a61, Value: [Vertex(-1, -2, 1), Vertex(0, -2, 5)]
Key: com.catan.model.RoundedPoint2D@15a0d1, Value: [Vertex(-2, 1, 2)]
Key: com.catan.model.RoundedPoint2D@15c011, Value: [Vertex(-2, 1, 1)]
Key: com.catan.model.RoundedPoint2D@150491, Value: [Vertex(-1, -2, 3)]
Key: com.catan.model.RoundedPoint2D@154311, Value: [Vertex(-1, -2, 0)]
Key: com.catan.model.RoundedPoint2D@f12d2, Value: [Vertex(-2, 1, 4)]
Key: com.catan.model.RoundedPoint2D@1fc3c1, Value: [Vertex(1, 2, 5), Vertex(0, 2, 1)]
Key: com.catan.model.RoundedPoint2D@1fa481, Value: [Vertex(0, 1, 0), Vertex(1, 2, 4), Vertex(0, 2, 2)]
Key: com.catan.model.RoundedPoint2D@1f6601, Value: [Vertex(0, 0, 1), Vertex(0, 1, 3)]
Key: com.catan.model.RoundedPoint2D@1f0841, Value: [Vertex(0, -1, 3), Vertex(0, -2, 1)]
Key: com.catan.model.RoundedPoint2D@1f46c1, Value: [Vertex(0, -1, 0), Vertex(0, 0, 2)]
Key: com.catan.model.RoundedPoint2D@1ee901, Value: [Vertex(0, -2, 2)]
Key: com.catan.model.RoundedPoint2D@25f400, Value: [Vertex(1, 1, 3)]
Key: com.catan.model.RoundedPoint2D@2651c0, Value: [Vertex(1, 2, 1)]
Key: com.catan.model.RoundedPoint2D@263280, Value: [Vertex(1, 1, 0), Vertex(1, 2, 2)]
Key: com.catan.model.RoundedPoint2D@1b9271, Value: [Vertex(0, -2, 3)]
Key: com.catan.model.RoundedPoint2D@1bf031, Value: [Vertex(0, -1, 5), Vertex(0, 0, 3)]
Key: com.catan.model.RoundedPoint2D@1bd0f1, Value: [Vertex(0, -1, 4), Vertex(0, -2, 0)]
Key: com.catan.model.RoundedPoint2D@1c8c71, Value: [Vertex(0, 2, 0)]
Key: com.catan.model.RoundedPoint2D@1c4df1, Value: [Vertex(0, 1, 5), Vertex(0, 2, 3)]
Key: com.catan.model.RoundedPoint2D@1c2eb1, Value: [Vertex(0, 0, 0), Vertex(0, 1, 4)]
Key: com.catan.model.RoundedPoint2D@124a22, Value: [Vertex(-2, 1, 3)]
Key: com.catan.model.RoundedPoint2D@1288a2, Value: [Vertex(-2, 1, 0)]
Key: com.catan.model.RoundedPoint2D@231a51, Value: [Vertex(1, 2, 0)]
Key: com.catan.model.RoundedPoint2D@22dbd1, Value: [Vertex(1, 1, 5), Vertex(0, 1, 1), Vertex(1, 2, 3)]
Key: com.catan.model.RoundedPoint2D@22bc91, Value: [Vertex(1, 1, 4), Vertex(0, 1, 2)]
Key: com.catan.model.RoundedPoint2D@225ed1, Value: [Vertex(0, -1, 2)]
Key: com.catan.model.RoundedPoint2D@227e11, Value: [Vertex(0, -1, 1)]
Key: com.catan.model.RoundedPoint2D@11ec62, Value: [Vertex(-1, -2, 5)]
Key: com.catan.model.RoundedPoint2D@11cd22, Value: [Vertex(-1, -2, 4)]
Key: com.catan.model.RoundedPoint2D@1935e1, Value: [Vertex(0, 2, 5)]
Key: com.catan.model.RoundedPoint2D@1916a1, Value: [Vertex(0, 2, 4)]
Key: com.catan.model.RoundedPoint2D@294a90, Value: [Vertex(1, 1, 2)]
Key: com.catan.model.RoundedPoint2D@2969d0, Value: [Vertex(1, 1, 1)]
Key: com.catan.model.RoundedPoint2D@18d821, Value: [Vertex(0, 0, 5)]
Key: com.catan.model.RoundedPoint2D@18b8e1, Value: [Vertex(0, 0, 4)]
Key: com.catan.model.RoundedPoint2D@185b21, Value: [Vertex(-1, -2, 2), Vertex(0, -2, 4)]
Key: com.catan.model.RoundedPoint2D@187a61, Value: [Vertex(-1, -2, 1), Vertex(0, -2, 5)]
Key: com.catan.model.RoundedPoint2D@15a0d1, Value: [Vertex(-2, 1, 2)]
Key: com.catan.model.RoundedPoint2D@15c011, Value: [Vertex(-2, 1, 1)]
Key: com.catan.model.RoundedPoint2D@150491, Value: [Vertex(-1, -2, 3)]
Key: com.catan.model.RoundedPoint2D@154311, Value: [Vertex(-1, -2, 0)]
Key: com.catan.model.RoundedPoint2D@f3212, Value: [Vertex(-2, 1, 5)]
Key: com.catan.model.RoundedPoint2D@f12d2, Value: [Vertex(-2, 1, 4)]
Key: com.catan.model.RoundedPoint2D@1fc3c1, Value: [Vertex(1, 2, 5), Vertex(0, 2, 1)]
Key: com.catan.model.RoundedPoint2D@1fa481, Value: [Vertex(0, 1, 0), Vertex(1, 2, 4), Vertex(0, 2, 2)]
Key: com.catan.model.RoundedPoint2D@1f6601, Value: [Vertex(0, 0, 1), Vertex(0, 1, 3)]
Key: com.catan.model.RoundedPoint2D@1f0841, Value: [Vertex(0, -1, 3), Vertex(0, -2, 1)]
Key: com.catan.model.RoundedPoint2D@1f46c1, Value: [Vertex(0, -1, 0), Vertex(0, 0, 2)]
Key: com.catan.model.RoundedPoint2D@1ee901, Value: [Vertex(0, -2, 2)]
Key: com.catan.model.RoundedPoint2D@25f400, Value: [Vertex(1, 1, 3)]
Key: com.catan.model.RoundedPoint2D@2651c0, Value: [Vertex(1, 2, 1)]
Key: com.catan.model.RoundedPoint2D@263280, Value: [Vertex(1, 1, 0), Vertex(1, 2, 2)]
Key: com.catan.model.RoundedPoint2D@1b9271, Value: [Vertex(0, -2, 3)]
Key: com.catan.model.RoundedPoint2D@1bf031, Value: [Vertex(0, -1, 5), Vertex(0, 0, 3)]
Key: com.catan.model.RoundedPoint2D@1bd0f1, Value: [Vertex(0, -1, 4), Vertex(0, -2, 0)]
Key: com.catan.model.RoundedPoint2D@1c8c71, Value: [Vertex(0, 2, 0)]
Key: com.catan.model.RoundedPoint2D@1c4df1, Value: [Vertex(0, 1, 5), Vertex(0, 2, 3)]
Key: com.catan.model.RoundedPoint2D@1c2eb1, Value: [Vertex(0, 0, 0), Vertex(0, 1, 4)]
Key: com.catan.model.RoundedPoint2D@124a22, Value: [Vertex(-2, 1, 3)]
Key: com.catan.model.RoundedPoint2D@1288a2, Value: [Vertex(-2, 1, 0)]
Key: com.catan.model.RoundedPoint2D@231a51, Value: [Vertex(1, 2, 0)]
Key: com.catan.model.RoundedPoint2D@22dbd1, Value: [Vertex(1, 1, 5), Vertex(0, 1, 1), Vertex(1, 2, 3)]
Key: com.catan.model.RoundedPoint2D@22bc91, Value: [Vertex(1, 1, 4), Vertex(0, 1, 2)]
Key: com.catan.model.RoundedPoint2D@225ed1, Value: [Vertex(0, -1, 2)]
Key: com.catan.model.RoundedPoint2D@227e11, Value: [Vertex(0, -1, 1)]
Key: com.catan.model.RoundedPoint2D@11ec62, Value: [Vertex(-1, -2, 5)]
Key: com.catan.model.RoundedPoint2D@11cd22, Value: [Vertex(-1, -2, 4)]
Key: com.catan.model.RoundedPoint2D@1935e1, Value: [Vertex(0, 2, 5)]
Key: com.catan.model.RoundedPoint2D@1916a1, Value: [Vertex(0, 2, 4)]
Key: com.catan.model.RoundedPoint2D@294a90, Value: [Vertex(1, 1, 2)]
Key: com.catan.model.RoundedPoint2D@2969d0, Value: [Vertex(1, 1, 1)]
Key: com.catan.model.RoundedPoint2D@18d821, Value: [Vertex(0, 0, 5)]
Key: com.catan.model.RoundedPoint2D@18b8e1, Value: [Vertex(0, 0, 4)]
Key: com.catan.model.RoundedPoint2D@185b21, Value: [Vertex(-1, -2, 2), Vertex(0, -2, 4)]
Key: com.catan.model.RoundedPoint2D@187a61, Value: [Vertex(-1, -2, 1), Vertex(0, -2, 5)]
Key: com.catan.model.RoundedPoint2D@15fe91, Value: [Vertex(-1, 2, 0)]
Key: com.catan.model.RoundedPoint2D@15a0d1, Value: [Vertex(-2, 1, 2)]
Key: com.catan.model.RoundedPoint2D@15c011, Value: [Vertex(-2, 1, 1)]
Key: com.catan.model.RoundedPoint2D@150491, Value: [Vertex(-1, -2, 3)]
Key: com.catan.model.RoundedPoint2D@154311, Value: [Vertex(-1, -2, 0)]
Key: com.catan.model.RoundedPoint2D@f3212, Value: [Vertex(-2, 1, 5)]
Key: com.catan.model.RoundedPoint2D@f12d2, Value: [Vertex(-2, 1, 4)]
Key: com.catan.model.RoundedPoint2D@1fc3c1, Value: [Vertex(1, 2, 5), Vertex(0, 2, 1)]
Key: com.catan.model.RoundedPoint2D@1fa481, Value: [Vertex(0, 1, 0), Vertex(1, 2, 4), Vertex(0, 2, 2)]
Key: com.catan.model.RoundedPoint2D@1f6601, Value: [Vertex(0, 0, 1), Vertex(0, 1, 3)]
Key: com.catan.model.RoundedPoint2D@1f0841, Value: [Vertex(0, -1, 3), Vertex(0, -2, 1)]
Key: com.catan.model.RoundedPoint2D@1f46c1, Value: [Vertex(0, -1, 0), Vertex(0, 0, 2)]
Key: com.catan.model.RoundedPoint2D@1ee901, Value: [Vertex(0, -2, 2)]
Key: com.catan.model.RoundedPoint2D@25f400, Value: [Vertex(1, 1, 3)]
Key: com.catan.model.RoundedPoint2D@2651c0, Value: [Vertex(1, 2, 1)]
Key: com.catan.model.RoundedPoint2D@263280, Value: [Vertex(1, 1, 0), Vertex(1, 2, 2)]
Key: com.catan.model.RoundedPoint2D@1b9271, Value: [Vertex(0, -2, 3)]
Key: com.catan.model.RoundedPoint2D@1bf031, Value: [Vertex(0, -1, 5), Vertex(0, 0, 3)]
Key: com.catan.model.RoundedPoint2D@1bd0f1, Value: [Vertex(0, -1, 4), Vertex(0, -2, 0)]
Key: com.catan.model.RoundedPoint2D@1c8c71, Value: [Vertex(0, 2, 0)]
Key: com.catan.model.RoundedPoint2D@1c4df1, Value: [Vertex(0, 1, 5), Vertex(0, 2, 3)]
Key: com.catan.model.RoundedPoint2D@1c2eb1, Value: [Vertex(0, 0, 0), Vertex(0, 1, 4)]
Key: com.catan.model.RoundedPoint2D@124a22, Value: [Vertex(-2, 1, 3)]
Key: com.catan.model.RoundedPoint2D@1288a2, Value: [Vertex(-2, 1, 0)]
Key: com.catan.model.RoundedPoint2D@231a51, Value: [Vertex(1, 2, 0)]
Key: com.catan.model.RoundedPoint2D@22dbd1, Value: [Vertex(1, 1, 5), Vertex(0, 1, 1), Vertex(1, 2, 3)]
Key: com.catan.model.RoundedPoint2D@22bc91, Value: [Vertex(1, 1, 4), Vertex(0, 1, 2)]
Key: com.catan.model.RoundedPoint2D@225ed1, Value: [Vertex(0, -1, 2)]
Key: com.catan.model.RoundedPoint2D@227e11, Value: [Vertex(0, -1, 1)]
Key: com.catan.model.RoundedPoint2D@11ec62, Value: [Vertex(-1, -2, 5)]
Key: com.catan.model.RoundedPoint2D@11cd22, Value: [Vertex(-1, -2, 4)]
Key: com.catan.model.RoundedPoint2D@1935e1, Value: [Vertex(0, 2, 5)]
Key: com.catan.model.RoundedPoint2D@1916a1, Value: [Vertex(0, 2, 4)]
Key: com.catan.model.RoundedPoint2D@294a90, Value: [Vertex(1, 1, 2)]
Key: com.catan.model.RoundedPoint2D@2969d0, Value: [Vertex(1, 1, 1)]
Key: com.catan.model.RoundedPoint2D@18d821, Value: [Vertex(0, 0, 5)]
Key: com.catan.model.RoundedPoint2D@18b8e1, Value: [Vertex(0, 0, 4)]
Key: com.catan.model.RoundedPoint2D@185b21, Value: [Vertex(-1, -2, 2), Vertex(0, -2, 4)]
Key: com.catan.model.RoundedPoint2D@187a61, Value: [Vertex(-1, -2, 1), Vertex(0, -2, 5)]
Key: com.catan.model.RoundedPoint2D@15fe91, Value: [Vertex(-1, 2, 0)]
Key: com.catan.model.RoundedPoint2D@15a0d1, Value: [Vertex(-2, 1, 2)]
Key: com.catan.model.RoundedPoint2D@15c011, Value: [Vertex(-2, 1, 1)]
Key: com.catan.model.RoundedPoint2D@150491, Value: [Vertex(-1, -2, 3)]
Key: com.catan.model.RoundedPoint2D@154311, Value: [Vertex(-1, -2, 0)]
Key: com.catan.model.RoundedPoint2D@f3212, Value: [Vertex(-2, 1, 5)]
Key: com.catan.model.RoundedPoint2D@f12d2, Value: [Vertex(-2, 1, 4)]
Key: com.catan.model.RoundedPoint2D@1fc3c1, Value: [Vertex(1, 2, 5), Vertex(0, 2, 1)]
Key: com.catan.model.RoundedPoint2D@1fa481, Value: [Vertex(0, 1, 0), Vertex(1, 2, 4), Vertex(0, 2, 2)]
Key: com.catan.model.RoundedPoint2D@1f6601, Value: [Vertex(0, 0, 1), Vertex(0, 1, 3)]
Key: com.catan.model.RoundedPoint2D@1f0841, Value: [Vertex(0, -1, 3), Vertex(0, -2, 1)]
Key: com.catan.model.RoundedPoint2D@1f46c1, Value: [Vertex(0, -1, 0), Vertex(0, 0, 2)]
Key: com.catan.model.RoundedPoint2D@1ee901, Value: [Vertex(0, -2, 2)]
Key: com.catan.model.RoundedPoint2D@25f400, Value: [Vertex(1, 1, 3)]
Key: com.catan.model.RoundedPoint2D@2651c0, Value: [Vertex(1, 2, 1)]
Key: com.catan.model.RoundedPoint2D@263280, Value: [Vertex(1, 1, 0), Vertex(1, 2, 2)]
Key: com.catan.model.RoundedPoint2D@1b9271, Value: [Vertex(0, -2, 3)]
Key: com.catan.model.RoundedPoint2D@1bf031, Value: [Vertex(0, -1, 5), Vertex(0, 0, 3)]
Key: com.catan.model.RoundedPoint2D@1bd0f1, Value: [Vertex(0, -1, 4), Vertex(0, -2, 0)]
Key: com.catan.model.RoundedPoint2D@1c8c71, Value: [Vertex(0, 2, 0)]
Key: com.catan.model.RoundedPoint2D@1c4df1, Value: [Vertex(0, 1, 5), Vertex(0, 2, 3)]
Key: com.catan.model.RoundedPoint2D@1c2eb1, Value: [Vertex(0, 0, 0), Vertex(0, 1, 4)]
Key: com.catan.model.RoundedPoint2D@124a22, Value: [Vertex(-2, 1, 3)]
Key: com.catan.model.RoundedPoint2D@1288a2, Value: [Vertex(-2, 1, 0)]
Key: com.catan.model.RoundedPoint2D@231a51, Value: [Vertex(1, 2, 0)]
Key: com.catan.model.RoundedPoint2D@22dbd1, Value: [Vertex(1, 1, 5), Vertex(0, 1, 1), Vertex(1, 2, 3)]
Key: com.catan.model.RoundedPoint2D@22bc91, Value: [Vertex(1, 1, 4), Vertex(0, 1, 2)]
Key: com.catan.model.RoundedPoint2D@225ed1, Value: [Vertex(0, -1, 2)]
Key: com.catan.model.RoundedPoint2D@227e11, Value: [Vertex(0, -1, 1)]
Key: com.catan.model.RoundedPoint2D@11ec62, Value: [Vertex(-1, -2, 5)]
Key: com.catan.model.RoundedPoint2D@11cd22, Value: [Vertex(-1, -2, 4)]
Key: com.catan.model.RoundedPoint2D@1935e1, Value: [Vertex(0, 2, 5), Vertex(-1, 2, 1)]
Key: com.catan.model.RoundedPoint2D@1916a1, Value: [Vertex(0, 2, 4)]
Key: com.catan.model.RoundedPoint2D@294a90, Value: [Vertex(1, 1, 2)]
Key: com.catan.model.RoundedPoint2D@2969d0, Value: [Vertex(1, 1, 1)]
Key: com.catan.model.RoundedPoint2D@18d821, Value: [Vertex(0, 0, 5)]
Key: com.catan.model.RoundedPoint2D@18b8e1, Value: [Vertex(0, 0, 4)]
Key: com.catan.model.RoundedPoint2D@185b21, Value: [Vertex(-1, -2, 2), Vertex(0, -2, 4)]
Key: com.catan.model.RoundedPoint2D@187a61, Value: [Vertex(-1, -2, 1), Vertex(0, -2, 5)]
Key: com.catan.model.RoundedPoint2D@15fe91, Value: [Vertex(-1, 2, 0)]
Key: com.catan.model.RoundedPoint2D@15a0d1, Value: [Vertex(-2, 1, 2)]
Key: com.catan.model.RoundedPoint2D@15c011, Value: [Vertex(-2, 1, 1)]
Key: com.catan.model.RoundedPoint2D@150491, Value: [Vertex(-1, -2, 3)]
Key: com.catan.model.RoundedPoint2D@154311, Value: [Vertex(-1, -2, 0)]
Key: com.catan.model.RoundedPoint2D@f3212, Value: [Vertex(-2, 1, 5)]
Key: com.catan.model.RoundedPoint2D@f12d2, Value: [Vertex(-2, 1, 4)]
Key: com.catan.model.RoundedPoint2D@1fc3c1, Value: [Vertex(1, 2, 5), Vertex(0, 2, 1)]
Key: com.catan.model.RoundedPoint2D@1fa481, Value: [Vertex(0, 1, 0), Vertex(1, 2, 4), Vertex(0, 2, 2)]
Key: com.catan.model.RoundedPoint2D@1f6601, Value: [Vertex(0, 0, 1), Vertex(0, 1, 3)]
Key: com.catan.model.RoundedPoint2D@1f0841, Value: [Vertex(0, -1, 3), Vertex(0, -2, 1)]
Key: com.catan.model.RoundedPoint2D@1f46c1, Value: [Vertex(0, -1, 0), Vertex(0, 0, 2)]
Key: com.catan.model.RoundedPoint2D@1ee901, Value: [Vertex(0, -2, 2)]
Key: com.catan.model.RoundedPoint2D@25f400, Value: [Vertex(1, 1, 3)]
Key: com.catan.model.RoundedPoint2D@2651c0, Value: [Vertex(1, 2, 1)]
Key: com.catan.model.RoundedPoint2D@263280, Value: [Vertex(1, 1, 0), Vertex(1, 2, 2)]
Key: com.catan.model.RoundedPoint2D@1b9271, Value: [Vertex(0, -2, 3)]
Key: com.catan.model.RoundedPoint2D@1bf031, Value: [Vertex(0, -1, 5), Vertex(0, 0, 3)]
Key: com.catan.model.RoundedPoint2D@1bd0f1, Value: [Vertex(0, -1, 4), Vertex(0, -2, 0)]
Key: com.catan.model.RoundedPoint2D@1c8c71, Value: [Vertex(0, 2, 0)]
Key: com.catan.model.RoundedPoint2D@1c4df1, Value: [Vertex(0, 1, 5), Vertex(0, 2, 3)]
Key: com.catan.model.RoundedPoint2D@1c2eb1, Value: [Vertex(0, 0, 0), Vertex(0, 1, 4)]
Key: com.catan.model.RoundedPoint2D@124a22, Value: [Vertex(-2, 1, 3)]
Key: com.catan.model.RoundedPoint2D@1288a2, Value: [Vertex(-2, 1, 0)]
Key: com.catan.model.RoundedPoint2D@231a51, Value: [Vertex(1, 2, 0)]
Key: com.catan.model.RoundedPoint2D@22dbd1, Value: [Vertex(1, 1, 5), Vertex(0, 1, 1), Vertex(1, 2, 3)]
Key: com.catan.model.RoundedPoint2D@22bc91, Value: [Vertex(1, 1, 4), Vertex(0, 1, 2)]
Key: com.catan.model.RoundedPoint2D@225ed1, Value: [Vertex(0, -1, 2)]
Key: com.catan.model.RoundedPoint2D@227e11, Value: [Vertex(0, -1, 1)]
Key: com.catan.model.RoundedPoint2D@11ec62, Value: [Vertex(-1, -2, 5)]
Key: com.catan.model.RoundedPoint2D@11cd22, Value: [Vertex(-1, -2, 4)]
Key: com.catan.model.RoundedPoint2D@1935e1, Value: [Vertex(0, 2, 5), Vertex(-1, 2, 1)]
Key: com.catan.model.RoundedPoint2D@1916a1, Value: [Vertex(0, 2, 4), Vertex(-1, 2, 2)]
Key: com.catan.model.RoundedPoint2D@294a90, Value: [Vertex(1, 1, 2)]
Key: com.catan.model.RoundedPoint2D@2969d0, Value: [Vertex(1, 1, 1)]
Key: com.catan.model.RoundedPoint2D@18d821, Value: [Vertex(0, 0, 5)]
Key: com.catan.model.RoundedPoint2D@18b8e1, Value: [Vertex(0, 0, 4)]
Key: com.catan.model.RoundedPoint2D@185b21, Value: [Vertex(-1, -2, 2), Vertex(0, -2, 4)]
Key: com.catan.model.RoundedPoint2D@187a61, Value: [Vertex(-1, -2, 1), Vertex(0, -2, 5)]
Key: com.catan.model.RoundedPoint2D@15fe91, Value: [Vertex(-1, 2, 0)]
Key: com.catan.model.RoundedPoint2D@15a0d1, Value: [Vertex(-2, 1, 2)]
Key: com.catan.model.RoundedPoint2D@15c011, Value: [Vertex(-2, 1, 1), Vertex(-1, 2, 3)]
Key: com.catan.model.RoundedPoint2D@150491, Value: [Vertex(-1, -2, 3)]
Key: com.catan.model.RoundedPoint2D@154311, Value: [Vertex(-1, -2, 0)]
Key: com.catan.model.RoundedPoint2D@f3212, Value: [Vertex(-2, 1, 5)]
Key: com.catan.model.RoundedPoint2D@f12d2, Value: [Vertex(-2, 1, 4)]
Key: com.catan.model.RoundedPoint2D@1fc3c1, Value: [Vertex(1, 2, 5), Vertex(0, 2, 1)]
Key: com.catan.model.RoundedPoint2D@1fa481, Value: [Vertex(0, 1, 0), Vertex(1, 2, 4), Vertex(0, 2, 2)]
Key: com.catan.model.RoundedPoint2D@1f6601, Value: [Vertex(0, 0, 1), Vertex(0, 1, 3)]
Key: com.catan.model.RoundedPoint2D@1f0841, Value: [Vertex(0, -1, 3), Vertex(0, -2, 1)]
Key: com.catan.model.RoundedPoint2D@1f46c1, Value: [Vertex(0, -1, 0), Vertex(0, 0, 2)]
Key: com.catan.model.RoundedPoint2D@1ee901, Value: [Vertex(0, -2, 2)]
Key: com.catan.model.RoundedPoint2D@25f400, Value: [Vertex(1, 1, 3)]
Key: com.catan.model.RoundedPoint2D@2651c0, Value: [Vertex(1, 2, 1)]
Key: com.catan.model.RoundedPoint2D@263280, Value: [Vertex(1, 1, 0), Vertex(1, 2, 2)]
Key: com.catan.model.RoundedPoint2D@1b9271, Value: [Vertex(0, -2, 3)]
Key: com.catan.model.RoundedPoint2D@1bf031, Value: [Vertex(0, -1, 5), Vertex(0, 0, 3)]
Key: com.catan.model.RoundedPoint2D@1bd0f1, Value: [Vertex(0, -1, 4), Vertex(0, -2, 0)]
Key: com.catan.model.RoundedPoint2D@1c8c71, Value: [Vertex(0, 2, 0)]
Key: com.catan.model.RoundedPoint2D@1c4df1, Value: [Vertex(0, 1, 5), Vertex(0, 2, 3)]
Key: com.catan.model.RoundedPoint2D@1c2eb1, Value: [Vertex(0, 0, 0), Vertex(0, 1, 4)]
Key: com.catan.model.RoundedPoint2D@124a22, Value: [Vertex(-2, 1, 3)]
Key: com.catan.model.RoundedPoint2D@1288a2, Value: [Vertex(-2, 1, 0)]
Key: com.catan.model.RoundedPoint2D@231a51, Value: [Vertex(1, 2, 0)]
Key: com.catan.model.RoundedPoint2D@22dbd1, Value: [Vertex(1, 1, 5), Vertex(0, 1, 1), Vertex(1, 2, 3)]
Key: com.catan.model.RoundedPoint2D@22bc91, Value: [Vertex(1, 1, 4), Vertex(0, 1, 2)]
Key: com.catan.model.RoundedPoint2D@225ed1, Value: [Vertex(0, -1, 2)]
Key: com.catan.model.RoundedPoint2D@227e11, Value: [Vertex(0, -1, 1)]
Key: com.catan.model.RoundedPoint2D@11ec62, Value: [Vertex(-1, -2, 5)]
Key: com.catan.model.RoundedPoint2D@11cd22, Value: [Vertex(-1, -2, 4)]
Key: com.catan.model.RoundedPoint2D@1935e1, Value: [Vertex(0, 2, 5), Vertex(-1, 2, 1)]
Key: com.catan.model.RoundedPoint2D@1916a1, Value: [Vertex(0, 2, 4), Vertex(-1, 2, 2)]
Key: com.catan.model.RoundedPoint2D@294a90, Value: [Vertex(1, 1, 2)]
Key: com.catan.model.RoundedPoint2D@2969d0, Value: [Vertex(1, 1, 1)]
Key: com.catan.model.RoundedPoint2D@18d821, Value: [Vertex(0, 0, 5)]
Key: com.catan.model.RoundedPoint2D@18b8e1, Value: [Vertex(0, 0, 4)]
Key: com.catan.model.RoundedPoint2D@185b21, Value: [Vertex(-1, -2, 2), Vertex(0, -2, 4)]
Key: com.catan.model.RoundedPoint2D@187a61, Value: [Vertex(-1, -2, 1), Vertex(0, -2, 5)]
Key: com.catan.model.RoundedPoint2D@15fe91, Value: [Vertex(-1, 2, 0)]
Key: com.catan.model.RoundedPoint2D@15a0d1, Value: [Vertex(-2, 1, 2)]
Key: com.catan.model.RoundedPoint2D@15c011, Value: [Vertex(-2, 1, 1), Vertex(-1, 2, 3)]
Key: com.catan.model.RoundedPoint2D@150491, Value: [Vertex(-1, -2, 3)]
Key: com.catan.model.RoundedPoint2D@154311, Value: [Vertex(-1, -2, 0)]
Key: com.catan.model.RoundedPoint2D@f3212, Value: [Vertex(-2, 1, 5)]
Key: com.catan.model.RoundedPoint2D@f12d2, Value: [Vertex(-2, 1, 4)]
Key: com.catan.model.RoundedPoint2D@1fc3c1, Value: [Vertex(1, 2, 5), Vertex(0, 2, 1)]
Key: com.catan.model.RoundedPoint2D@1fa481, Value: [Vertex(0, 1, 0), Vertex(1, 2, 4), Vertex(0, 2, 2)]
Key: com.catan.model.RoundedPoint2D@1f6601, Value: [Vertex(0, 0, 1), Vertex(0, 1, 3)]
Key: com.catan.model.RoundedPoint2D@1f0841, Value: [Vertex(0, -1, 3), Vertex(0, -2, 1)]
Key: com.catan.model.RoundedPoint2D@1f46c1, Value: [Vertex(0, -1, 0), Vertex(0, 0, 2)]
Key: com.catan.model.RoundedPoint2D@1ee901, Value: [Vertex(0, -2, 2)]
Key: com.catan.model.RoundedPoint2D@25f400, Value: [Vertex(1, 1, 3)]
Key: com.catan.model.RoundedPoint2D@2651c0, Value: [Vertex(1, 2, 1)]
Key: com.catan.model.RoundedPoint2D@263280, Value: [Vertex(1, 1, 0), Vertex(1, 2, 2)]
Key: com.catan.model.RoundedPoint2D@1b9271, Value: [Vertex(0, -2, 3)]
Key: com.catan.model.RoundedPoint2D@1bf031, Value: [Vertex(0, -1, 5), Vertex(0, 0, 3)]
Key: com.catan.model.RoundedPoint2D@1bd0f1, Value: [Vertex(0, -1, 4), Vertex(0, -2, 0)]
Key: com.catan.model.RoundedPoint2D@1c8c71, Value: [Vertex(0, 2, 0)]
Key: com.catan.model.RoundedPoint2D@1c4df1, Value: [Vertex(0, 1, 5), Vertex(0, 2, 3)]
Key: com.catan.model.RoundedPoint2D@1c2eb1, Value: [Vertex(0, 0, 0), Vertex(0, 1, 4)]
Key: com.catan.model.RoundedPoint2D@124a22, Value: [Vertex(-2, 1, 3)]
Key: com.catan.model.RoundedPoint2D@1288a2, Value: [Vertex(-2, 1, 0), Vertex(-1, 2, 4)]
Key: com.catan.model.RoundedPoint2D@231a51, Value: [Vertex(1, 2, 0)]
Key: com.catan.model.RoundedPoint2D@22dbd1, Value: [Vertex(1, 1, 5), Vertex(0, 1, 1), Vertex(1, 2, 3)]
Key: com.catan.model.RoundedPoint2D@22bc91, Value: [Vertex(1, 1, 4), Vertex(0, 1, 2)]
Key: com.catan.model.RoundedPoint2D@225ed1, Value: [Vertex(0, -1, 2)]
Key: com.catan.model.RoundedPoint2D@227e11, Value: [Vertex(0, -1, 1)]
Key: com.catan.model.RoundedPoint2D@11ec62, Value: [Vertex(-1, -2, 5)]
Key: com.catan.model.RoundedPoint2D@11cd22, Value: [Vertex(-1, -2, 4)]
Key: com.catan.model.RoundedPoint2D@1935e1, Value: [Vertex(0, 2, 5), Vertex(-1, 2, 1)]
Key: com.catan.model.RoundedPoint2D@1916a1, Value: [Vertex(0, 2, 4), Vertex(-1, 2, 2)]
Key: com.catan.model.RoundedPoint2D@294a90, Value: [Vertex(1, 1, 2)]
Key: com.catan.model.RoundedPoint2D@2969d0, Value: [Vertex(1, 1, 1)]
Key: com.catan.model.RoundedPoint2D@18d821, Value: [Vertex(0, 0, 5)]
Key: com.catan.model.RoundedPoint2D@18b8e1, Value: [Vertex(0, 0, 4)]
Key: com.catan.model.RoundedPoint2D@185b21, Value: [Vertex(-1, -2, 2), Vertex(0, -2, 4)]
Key: com.catan.model.RoundedPoint2D@187a61, Value: [Vertex(-1, -2, 1), Vertex(0, -2, 5)]
Key: com.catan.model.RoundedPoint2D@15fe91, Value: [Vertex(-1, 2, 0)]
Key: com.catan.model.RoundedPoint2D@15a0d1, Value: [Vertex(-2, 1, 2)]
Key: com.catan.model.RoundedPoint2D@15c011, Value: [Vertex(-2, 1, 1), Vertex(-1, 2, 3)]
Key: com.catan.model.RoundedPoint2D@150491, Value: [Vertex(-1, -2, 3)]
Key: com.catan.model.RoundedPoint2D@154311, Value: [Vertex(-1, -2, 0)]
Key: com.catan.model.RoundedPoint2D@f3212, Value: [Vertex(-2, 1, 5)]
Key: com.catan.model.RoundedPoint2D@f12d2, Value: [Vertex(-2, 1, 4)]
Key: com.catan.model.RoundedPoint2D@1fc3c1, Value: [Vertex(1, 2, 5), Vertex(0, 2, 1)]
Key: com.catan.model.RoundedPoint2D@1fa481, Value: [Vertex(0, 1, 0), Vertex(1, 2, 4), Vertex(0, 2, 2)]
Key: com.catan.model.RoundedPoint2D@1f6601, Value: [Vertex(0, 0, 1), Vertex(0, 1, 3)]
Key: com.catan.model.RoundedPoint2D@1f0841, Value: [Vertex(0, -1, 3), Vertex(0, -2, 1)]
Key: com.catan.model.RoundedPoint2D@1f46c1, Value: [Vertex(0, -1, 0), Vertex(0, 0, 2)]
Key: com.catan.model.RoundedPoint2D@1ee901, Value: [Vertex(0, -2, 2)]
Key: com.catan.model.RoundedPoint2D@25f400, Value: [Vertex(1, 1, 3)]
Key: com.catan.model.RoundedPoint2D@2651c0, Value: [Vertex(1, 2, 1)]
Key: com.catan.model.RoundedPoint2D@263280, Value: [Vertex(1, 1, 0), Vertex(1, 2, 2)]
Key: com.catan.model.RoundedPoint2D@1b9271, Value: [Vertex(0, -2, 3)]
Key: com.catan.model.RoundedPoint2D@1bf031, Value: [Vertex(0, -1, 5), Vertex(0, 0, 3)]
Key: com.catan.model.RoundedPoint2D@1bd0f1, Value: [Vertex(0, -1, 4), Vertex(0, -2, 0)]
Key: com.catan.model.RoundedPoint2D@1c8c71, Value: [Vertex(0, 2, 0)]
Key: com.catan.model.RoundedPoint2D@1c4df1, Value: [Vertex(0, 1, 5), Vertex(0, 2, 3)]
Key: com.catan.model.RoundedPoint2D@1c2eb1, Value: [Vertex(0, 0, 0), Vertex(0, 1, 4)]
Key: com.catan.model.RoundedPoint2D@12a7e2, Value: [Vertex(-1, 2, 5)]
Key: com.catan.model.RoundedPoint2D@124a22, Value: [Vertex(-2, 1, 3)]
Key: com.catan.model.RoundedPoint2D@1288a2, Value: [Vertex(-2, 1, 0), Vertex(-1, 2, 4)]
Key: com.catan.model.RoundedPoint2D@231a51, Value: [Vertex(1, 2, 0)]
Key: com.catan.model.RoundedPoint2D@22dbd1, Value: [Vertex(1, 1, 5), Vertex(0, 1, 1), Vertex(1, 2, 3)]
Key: com.catan.model.RoundedPoint2D@22bc91, Value: [Vertex(1, 1, 4), Vertex(0, 1, 2)]
Key: com.catan.model.RoundedPoint2D@225ed1, Value: [Vertex(0, -1, 2)]
Key: com.catan.model.RoundedPoint2D@227e11, Value: [Vertex(0, -1, 1)]
Key: com.catan.model.RoundedPoint2D@11ec62, Value: [Vertex(-1, -2, 5)]
Key: com.catan.model.RoundedPoint2D@11cd22, Value: [Vertex(-1, -2, 4)]
Key: com.catan.model.RoundedPoint2D@1935e1, Value: [Vertex(0, 2, 5), Vertex(-1, 2, 1)]
Key: com.catan.model.RoundedPoint2D@1916a1, Value: [Vertex(0, 2, 4), Vertex(-1, 2, 2)]
Key: com.catan.model.RoundedPoint2D@294a90, Value: [Vertex(1, 1, 2)]
Key: com.catan.model.RoundedPoint2D@2969d0, Value: [Vertex(1, 1, 1)]
Key: com.catan.model.RoundedPoint2D@18d821, Value: [Vertex(0, 0, 5)]
Key: com.catan.model.RoundedPoint2D@18b8e1, Value: [Vertex(0, 0, 4)]
Key: com.catan.model.RoundedPoint2D@185b21, Value: [Vertex(-1, -2, 2), Vertex(0, -2, 4)]
Key: com.catan.model.RoundedPoint2D@187a61, Value: [Vertex(-1, -2, 1), Vertex(0, -2, 5)]
Key: com.catan.model.RoundedPoint2D@15fe91, Value: [Vertex(-1, 2, 0)]
Key: com.catan.model.RoundedPoint2D@15a0d1, Value: [Vertex(-2, 1, 2)]
Key: com.catan.model.RoundedPoint2D@15c011, Value: [Vertex(-2, 1, 1), Vertex(-1, 2, 3)]
Key: com.catan.model.RoundedPoint2D@150491, Value: [Vertex(-1, -2, 3)]
Key: com.catan.model.RoundedPoint2D@154311, Value: [Vertex(-1, -2, 0)]
Key: com.catan.model.RoundedPoint2D@f3212, Value: [Vertex(-2, 1, 5)]
Key: com.catan.model.RoundedPoint2D@f12d2, Value: [Vertex(-2, 1, 4)]
Key: com.catan.model.RoundedPoint2D@1fc3c1, Value: [Vertex(1, 2, 5), Vertex(0, 2, 1)]
Key: com.catan.model.RoundedPoint2D@1fa481, Value: [Vertex(0, 1, 0), Vertex(1, 2, 4), Vertex(0, 2, 2)]
Key: com.catan.model.RoundedPoint2D@1f6601, Value: [Vertex(0, 0, 1), Vertex(0, 1, 3)]
Key: com.catan.model.RoundedPoint2D@1f0841, Value: [Vertex(0, -1, 3), Vertex(0, -2, 1)]
Key: com.catan.model.RoundedPoint2D@1f46c1, Value: [Vertex(0, -1, 0), Vertex(0, 0, 2)]
Key: com.catan.model.RoundedPoint2D@1ee901, Value: [Vertex(0, -2, 2)]
Key: com.catan.model.RoundedPoint2D@25f400, Value: [Vertex(1, 1, 3)]
Key: com.catan.model.RoundedPoint2D@2651c0, Value: [Vertex(1, 2, 1)]
Key: com.catan.model.RoundedPoint2D@263280, Value: [Vertex(1, 1, 0), Vertex(1, 2, 2)]
Key: com.catan.model.RoundedPoint2D@1b9271, Value: [Vertex(0, -2, 3)]
Key: com.catan.model.RoundedPoint2D@1bf031, Value: [Vertex(0, -1, 5), Vertex(0, 0, 3)]
Key: com.catan.model.RoundedPoint2D@1bd0f1, Value: [Vertex(0, -1, 4), Vertex(0, -2, 0)]
Key: com.catan.model.RoundedPoint2D@1c8c71, Value: [Vertex(0, 2, 0)]
Key: com.catan.model.RoundedPoint2D@1c4df1, Value: [Vertex(0, 1, 5), Vertex(0, 2, 3)]
Key: com.catan.model.RoundedPoint2D@1c2eb1, Value: [Vertex(0, 0, 0), Vertex(0, 1, 4)]
Key: com.catan.model.RoundedPoint2D@12a7e2, Value: [Vertex(-1, 2, 5)]
Key: com.catan.model.RoundedPoint2D@124a22, Value: [Vertex(-2, 1, 3)]
Key: com.catan.model.RoundedPoint2D@1288a2, Value: [Vertex(-2, 1, 0), Vertex(-1, 2, 4)]
Key: com.catan.model.RoundedPoint2D@231a51, Value: [Vertex(1, 2, 0)]
Key: com.catan.model.RoundedPoint2D@22dbd1, Value: [Vertex(1, 1, 5), Vertex(0, 1, 1), Vertex(1, 2, 3)]
Key: com.catan.model.RoundedPoint2D@22bc91, Value: [Vertex(1, 1, 4), Vertex(0, 1, 2)]
Key: com.catan.model.RoundedPoint2D@225ed1, Value: [Vertex(0, -1, 2), Vertex(1, -2, 0)]
Key: com.catan.model.RoundedPoint2D@227e11, Value: [Vertex(0, -1, 1)]
Key: com.catan.model.RoundedPoint2D@11ec62, Value: [Vertex(-1, -2, 5)]
Key: com.catan.model.RoundedPoint2D@11cd22, Value: [Vertex(-1, -2, 4)]
Key: com.catan.model.RoundedPoint2D@1935e1, Value: [Vertex(0, 2, 5), Vertex(-1, 2, 1)]
Key: com.catan.model.RoundedPoint2D@1916a1, Value: [Vertex(0, 2, 4), Vertex(-1, 2, 2)]
Key: com.catan.model.RoundedPoint2D@294a90, Value: [Vertex(1, 1, 2)]
Key: com.catan.model.RoundedPoint2D@2969d0, Value: [Vertex(1, 1, 1)]
Key: com.catan.model.RoundedPoint2D@18d821, Value: [Vertex(0, 0, 5)]
Key: com.catan.model.RoundedPoint2D@18b8e1, Value: [Vertex(0, 0, 4)]
Key: com.catan.model.RoundedPoint2D@185b21, Value: [Vertex(-1, -2, 2), Vertex(0, -2, 4)]
Key: com.catan.model.RoundedPoint2D@187a61, Value: [Vertex(-1, -2, 1), Vertex(0, -2, 5)]
Key: com.catan.model.RoundedPoint2D@15fe91, Value: [Vertex(-1, 2, 0)]
Key: com.catan.model.RoundedPoint2D@15a0d1, Value: [Vertex(-2, 1, 2)]
Key: com.catan.model.RoundedPoint2D@15c011, Value: [Vertex(-2, 1, 1), Vertex(-1, 2, 3)]
Key: com.catan.model.RoundedPoint2D@150491, Value: [Vertex(-1, -2, 3)]
Key: com.catan.model.RoundedPoint2D@154311, Value: [Vertex(-1, -2, 0)]
Key: com.catan.model.RoundedPoint2D@f3212, Value: [Vertex(-2, 1, 5)]
Key: com.catan.model.RoundedPoint2D@f12d2, Value: [Vertex(-2, 1, 4)]
Key: com.catan.model.RoundedPoint2D@1fc3c1, Value: [Vertex(1, 2, 5), Vertex(0, 2, 1)]
Key: com.catan.model.RoundedPoint2D@1fa481, Value: [Vertex(0, 1, 0), Vertex(1, 2, 4), Vertex(0, 2, 2)]
Key: com.catan.model.RoundedPoint2D@1f6601, Value: [Vertex(0, 0, 1), Vertex(0, 1, 3)]
Key: com.catan.model.RoundedPoint2D@1f0841, Value: [Vertex(0, -1, 3), Vertex(0, -2, 1)]
Key: com.catan.model.RoundedPoint2D@1f46c1, Value: [Vertex(0, -1, 0), Vertex(0, 0, 2)]
Key: com.catan.model.RoundedPoint2D@1ee901, Value: [Vertex(0, -2, 2)]
Key: com.catan.model.RoundedPoint2D@259640, Value: [Vertex(1, -2, 1)]
Key: com.catan.model.RoundedPoint2D@25f400, Value: [Vertex(1, 1, 3)]
Key: com.catan.model.RoundedPoint2D@2651c0, Value: [Vertex(1, 2, 1)]
Key: com.catan.model.RoundedPoint2D@263280, Value: [Vertex(1, 1, 0), Vertex(1, 2, 2)]
Key: com.catan.model.RoundedPoint2D@1b9271, Value: [Vertex(0, -2, 3)]
Key: com.catan.model.RoundedPoint2D@1bf031, Value: [Vertex(0, -1, 5), Vertex(0, 0, 3)]
Key: com.catan.model.RoundedPoint2D@1bd0f1, Value: [Vertex(0, -1, 4), Vertex(0, -2, 0)]
Key: com.catan.model.RoundedPoint2D@1c8c71, Value: [Vertex(0, 2, 0)]
Key: com.catan.model.RoundedPoint2D@1c4df1, Value: [Vertex(0, 1, 5), Vertex(0, 2, 3)]
Key: com.catan.model.RoundedPoint2D@1c2eb1, Value: [Vertex(0, 0, 0), Vertex(0, 1, 4)]
Key: com.catan.model.RoundedPoint2D@12a7e2, Value: [Vertex(-1, 2, 5)]
Key: com.catan.model.RoundedPoint2D@124a22, Value: [Vertex(-2, 1, 3)]
Key: com.catan.model.RoundedPoint2D@1288a2, Value: [Vertex(-2, 1, 0), Vertex(-1, 2, 4)]
Key: com.catan.model.RoundedPoint2D@231a51, Value: [Vertex(1, 2, 0)]
Key: com.catan.model.RoundedPoint2D@22dbd1, Value: [Vertex(1, 1, 5), Vertex(0, 1, 1), Vertex(1, 2, 3)]
Key: com.catan.model.RoundedPoint2D@22bc91, Value: [Vertex(1, 1, 4), Vertex(0, 1, 2)]
Key: com.catan.model.RoundedPoint2D@225ed1, Value: [Vertex(0, -1, 2), Vertex(1, -2, 0)]
Key: com.catan.model.RoundedPoint2D@227e11, Value: [Vertex(0, -1, 1)]
Key: com.catan.model.RoundedPoint2D@11ec62, Value: [Vertex(-1, -2, 5)]
Key: com.catan.model.RoundedPoint2D@11cd22, Value: [Vertex(-1, -2, 4)]
Key: com.catan.model.RoundedPoint2D@1935e1, Value: [Vertex(0, 2, 5), Vertex(-1, 2, 1)]
Key: com.catan.model.RoundedPoint2D@1916a1, Value: [Vertex(0, 2, 4), Vertex(-1, 2, 2)]
Key: com.catan.model.RoundedPoint2D@294a90, Value: [Vertex(1, 1, 2)]
Key: com.catan.model.RoundedPoint2D@2969d0, Value: [Vertex(1, 1, 1)]
Key: com.catan.model.RoundedPoint2D@18d821, Value: [Vertex(0, 0, 5)]
Key: com.catan.model.RoundedPoint2D@18b8e1, Value: [Vertex(0, 0, 4)]
Key: com.catan.model.RoundedPoint2D@185b21, Value: [Vertex(-1, -2, 2), Vertex(0, -2, 4)]
Key: com.catan.model.RoundedPoint2D@187a61, Value: [Vertex(-1, -2, 1), Vertex(0, -2, 5)]
Key: com.catan.model.RoundedPoint2D@15fe91, Value: [Vertex(-1, 2, 0)]
Key: com.catan.model.RoundedPoint2D@15a0d1, Value: [Vertex(-2, 1, 2)]
Key: com.catan.model.RoundedPoint2D@15c011, Value: [Vertex(-2, 1, 1), Vertex(-1, 2, 3)]
Key: com.catan.model.RoundedPoint2D@150491, Value: [Vertex(-1, -2, 3)]
Key: com.catan.model.RoundedPoint2D@154311, Value: [Vertex(-1, -2, 0)]
Key: com.catan.model.RoundedPoint2D@f3212, Value: [Vertex(-2, 1, 5)]
Key: com.catan.model.RoundedPoint2D@f12d2, Value: [Vertex(-2, 1, 4)]
Key: com.catan.model.RoundedPoint2D@1fc3c1, Value: [Vertex(1, 2, 5), Vertex(0, 2, 1)]
Key: com.catan.model.RoundedPoint2D@1fa481, Value: [Vertex(0, 1, 0), Vertex(1, 2, 4), Vertex(0, 2, 2)]
Key: com.catan.model.RoundedPoint2D@1f6601, Value: [Vertex(0, 0, 1), Vertex(0, 1, 3)]
Key: com.catan.model.RoundedPoint2D@1f0841, Value: [Vertex(0, -1, 3), Vertex(0, -2, 1)]
Key: com.catan.model.RoundedPoint2D@1f46c1, Value: [Vertex(0, -1, 0), Vertex(0, 0, 2)]
Key: com.catan.model.RoundedPoint2D@1ee901, Value: [Vertex(0, -2, 2)]
Key: com.catan.model.RoundedPoint2D@257700, Value: [Vertex(1, -2, 2)]
Key: com.catan.model.RoundedPoint2D@259640, Value: [Vertex(1, -2, 1)]
Key: com.catan.model.RoundedPoint2D@25f400, Value: [Vertex(1, 1, 3)]
Key: com.catan.model.RoundedPoint2D@2651c0, Value: [Vertex(1, 2, 1)]
Key: com.catan.model.RoundedPoint2D@263280, Value: [Vertex(1, 1, 0), Vertex(1, 2, 2)]
Key: com.catan.model.RoundedPoint2D@1b9271, Value: [Vertex(0, -2, 3)]
Key: com.catan.model.RoundedPoint2D@1bf031, Value: [Vertex(0, -1, 5), Vertex(0, 0, 3)]
Key: com.catan.model.RoundedPoint2D@1bd0f1, Value: [Vertex(0, -1, 4), Vertex(0, -2, 0)]
Key: com.catan.model.RoundedPoint2D@1c8c71, Value: [Vertex(0, 2, 0)]
Key: com.catan.model.RoundedPoint2D@1c4df1, Value: [Vertex(0, 1, 5), Vertex(0, 2, 3)]
Key: com.catan.model.RoundedPoint2D@1c2eb1, Value: [Vertex(0, 0, 0), Vertex(0, 1, 4)]
Key: com.catan.model.RoundedPoint2D@12a7e2, Value: [Vertex(-1, 2, 5)]
Key: com.catan.model.RoundedPoint2D@124a22, Value: [Vertex(-2, 1, 3)]
Key: com.catan.model.RoundedPoint2D@1288a2, Value: [Vertex(-2, 1, 0), Vertex(-1, 2, 4)]
Key: com.catan.model.RoundedPoint2D@231a51, Value: [Vertex(1, 2, 0)]
Key: com.catan.model.RoundedPoint2D@22dbd1, Value: [Vertex(1, 1, 5), Vertex(0, 1, 1), Vertex(1, 2, 3)]
Key: com.catan.model.RoundedPoint2D@22bc91, Value: [Vertex(1, 1, 4), Vertex(0, 1, 2)]
Key: com.catan.model.RoundedPoint2D@225ed1, Value: [Vertex(0, -1, 2), Vertex(1, -2, 0)]
Key: com.catan.model.RoundedPoint2D@227e11, Value: [Vertex(0, -1, 1)]
Key: com.catan.model.RoundedPoint2D@11ec62, Value: [Vertex(-1, -2, 5)]
Key: com.catan.model.RoundedPoint2D@11cd22, Value: [Vertex(-1, -2, 4)]
Key: com.catan.model.RoundedPoint2D@1935e1, Value: [Vertex(0, 2, 5), Vertex(-1, 2, 1)]
Key: com.catan.model.RoundedPoint2D@1916a1, Value: [Vertex(0, 2, 4), Vertex(-1, 2, 2)]
Key: com.catan.model.RoundedPoint2D@294a90, Value: [Vertex(1, 1, 2)]
Key: com.catan.model.RoundedPoint2D@2969d0, Value: [Vertex(1, 1, 1)]
Key: com.catan.model.RoundedPoint2D@18d821, Value: [Vertex(0, 0, 5)]
Key: com.catan.model.RoundedPoint2D@18b8e1, Value: [Vertex(0, 0, 4)]
Key: com.catan.model.RoundedPoint2D@185b21, Value: [Vertex(-1, -2, 2), Vertex(0, -2, 4)]
Key: com.catan.model.RoundedPoint2D@187a61, Value: [Vertex(-1, -2, 1), Vertex(0, -2, 5)]
Key: com.catan.model.RoundedPoint2D@15fe91, Value: [Vertex(-1, 2, 0)]
Key: com.catan.model.RoundedPoint2D@15a0d1, Value: [Vertex(-2, 1, 2)]
Key: com.catan.model.RoundedPoint2D@15c011, Value: [Vertex(-2, 1, 1), Vertex(-1, 2, 3)]
Key: com.catan.model.RoundedPoint2D@150491, Value: [Vertex(-1, -2, 3)]
Key: com.catan.model.RoundedPoint2D@154311, Value: [Vertex(-1, -2, 0)]
Key: com.catan.model.RoundedPoint2D@f3212, Value: [Vertex(-2, 1, 5)]
Key: com.catan.model.RoundedPoint2D@f12d2, Value: [Vertex(-2, 1, 4)]
Key: com.catan.model.RoundedPoint2D@1fc3c1, Value: [Vertex(1, 2, 5), Vertex(0, 2, 1)]
Key: com.catan.model.RoundedPoint2D@1fa481, Value: [Vertex(0, 1, 0), Vertex(1, 2, 4), Vertex(0, 2, 2)]
Key: com.catan.model.RoundedPoint2D@1f6601, Value: [Vertex(0, 0, 1), Vertex(0, 1, 3)]
Key: com.catan.model.RoundedPoint2D@1f0841, Value: [Vertex(0, -1, 3), Vertex(0, -2, 1)]
Key: com.catan.model.RoundedPoint2D@1f46c1, Value: [Vertex(0, -1, 0), Vertex(0, 0, 2)]
Key: com.catan.model.RoundedPoint2D@1ee901, Value: [Vertex(0, -2, 2)]
Key: com.catan.model.RoundedPoint2D@257700, Value: [Vertex(1, -2, 2)]
Key: com.catan.model.RoundedPoint2D@259640, Value: [Vertex(1, -2, 1)]
Key: com.catan.model.RoundedPoint2D@25f400, Value: [Vertex(1, 1, 3)]
Key: com.catan.model.RoundedPoint2D@2651c0, Value: [Vertex(1, 2, 1)]
Key: com.catan.model.RoundedPoint2D@263280, Value: [Vertex(1, 1, 0), Vertex(1, 2, 2)]
Key: com.catan.model.RoundedPoint2D@1b9271, Value: [Vertex(0, -2, 3)]
Key: com.catan.model.RoundedPoint2D@1bf031, Value: [Vertex(0, -1, 5), Vertex(0, 0, 3)]
Key: com.catan.model.RoundedPoint2D@1bd0f1, Value: [Vertex(0, -1, 4), Vertex(0, -2, 0)]
Key: com.catan.model.RoundedPoint2D@1c8c71, Value: [Vertex(0, 2, 0)]
Key: com.catan.model.RoundedPoint2D@1c4df1, Value: [Vertex(0, 1, 5), Vertex(0, 2, 3)]
Key: com.catan.model.RoundedPoint2D@1c2eb1, Value: [Vertex(0, 0, 0), Vertex(0, 1, 4)]
Key: com.catan.model.RoundedPoint2D@12a7e2, Value: [Vertex(-1, 2, 5)]
Key: com.catan.model.RoundedPoint2D@124a22, Value: [Vertex(-2, 1, 3)]
Key: com.catan.model.RoundedPoint2D@1288a2, Value: [Vertex(-2, 1, 0), Vertex(-1, 2, 4)]
Key: com.catan.model.RoundedPoint2D@231a51, Value: [Vertex(1, 2, 0)]
Key: com.catan.model.RoundedPoint2D@222051, Value: [Vertex(1, -2, 3)]
Key: com.catan.model.RoundedPoint2D@22dbd1, Value: [Vertex(1, 1, 5), Vertex(0, 1, 1), Vertex(1, 2, 3)]
Key: com.catan.model.RoundedPoint2D@22bc91, Value: [Vertex(1, 1, 4), Vertex(0, 1, 2)]
Key: com.catan.model.RoundedPoint2D@225ed1, Value: [Vertex(0, -1, 2), Vertex(1, -2, 0)]
Key: com.catan.model.RoundedPoint2D@227e11, Value: [Vertex(0, -1, 1)]
Key: com.catan.model.RoundedPoint2D@11ec62, Value: [Vertex(-1, -2, 5)]
Key: com.catan.model.RoundedPoint2D@11cd22, Value: [Vertex(-1, -2, 4)]
Key: com.catan.model.RoundedPoint2D@1935e1, Value: [Vertex(0, 2, 5), Vertex(-1, 2, 1)]
Key: com.catan.model.RoundedPoint2D@1916a1, Value: [Vertex(0, 2, 4), Vertex(-1, 2, 2)]
Key: com.catan.model.RoundedPoint2D@294a90, Value: [Vertex(1, 1, 2)]
Key: com.catan.model.RoundedPoint2D@2969d0, Value: [Vertex(1, 1, 1)]
Key: com.catan.model.RoundedPoint2D@18d821, Value: [Vertex(0, 0, 5)]
Key: com.catan.model.RoundedPoint2D@18b8e1, Value: [Vertex(0, 0, 4)]
Key: com.catan.model.RoundedPoint2D@185b21, Value: [Vertex(-1, -2, 2), Vertex(0, -2, 4)]
Key: com.catan.model.RoundedPoint2D@187a61, Value: [Vertex(-1, -2, 1), Vertex(0, -2, 5)]
Key: com.catan.model.RoundedPoint2D@15fe91, Value: [Vertex(-1, 2, 0)]
Key: com.catan.model.RoundedPoint2D@15a0d1, Value: [Vertex(-2, 1, 2)]
Key: com.catan.model.RoundedPoint2D@15c011, Value: [Vertex(-2, 1, 1), Vertex(-1, 2, 3)]
Key: com.catan.model.RoundedPoint2D@150491, Value: [Vertex(-1, -2, 3)]
Key: com.catan.model.RoundedPoint2D@154311, Value: [Vertex(-1, -2, 0)]
Key: com.catan.model.RoundedPoint2D@f3212, Value: [Vertex(-2, 1, 5)]
Key: com.catan.model.RoundedPoint2D@f12d2, Value: [Vertex(-2, 1, 4)]
Key: com.catan.model.RoundedPoint2D@1fc3c1, Value: [Vertex(1, 2, 5), Vertex(0, 2, 1)]
Key: com.catan.model.RoundedPoint2D@1fa481, Value: [Vertex(0, 1, 0), Vertex(1, 2, 4), Vertex(0, 2, 2)]
Key: com.catan.model.RoundedPoint2D@1f6601, Value: [Vertex(0, 0, 1), Vertex(0, 1, 3)]
Key: com.catan.model.RoundedPoint2D@1f0841, Value: [Vertex(0, -1, 3), Vertex(0, -2, 1)]
Key: com.catan.model.RoundedPoint2D@1f46c1, Value: [Vertex(0, -1, 0), Vertex(0, 0, 2)]
Key: com.catan.model.RoundedPoint2D@1ee901, Value: [Vertex(0, -2, 2), Vertex(1, -2, 4)]
Key: com.catan.model.RoundedPoint2D@257700, Value: [Vertex(1, -2, 2)]
Key: com.catan.model.RoundedPoint2D@259640, Value: [Vertex(1, -2, 1)]
Key: com.catan.model.RoundedPoint2D@25f400, Value: [Vertex(1, 1, 3)]
Key: com.catan.model.RoundedPoint2D@2651c0, Value: [Vertex(1, 2, 1)]
Key: com.catan.model.RoundedPoint2D@263280, Value: [Vertex(1, 1, 0), Vertex(1, 2, 2)]
Key: com.catan.model.RoundedPoint2D@1b9271, Value: [Vertex(0, -2, 3)]
Key: com.catan.model.RoundedPoint2D@1bf031, Value: [Vertex(0, -1, 5), Vertex(0, 0, 3)]
Key: com.catan.model.RoundedPoint2D@1bd0f1, Value: [Vertex(0, -1, 4), Vertex(0, -2, 0)]
Key: com.catan.model.RoundedPoint2D@1c8c71, Value: [Vertex(0, 2, 0)]
Key: com.catan.model.RoundedPoint2D@1c4df1, Value: [Vertex(0, 1, 5), Vertex(0, 2, 3)]
Key: com.catan.model.RoundedPoint2D@1c2eb1, Value: [Vertex(0, 0, 0), Vertex(0, 1, 4)]
Key: com.catan.model.RoundedPoint2D@12a7e2, Value: [Vertex(-1, 2, 5)]
Key: com.catan.model.RoundedPoint2D@124a22, Value: [Vertex(-2, 1, 3)]
Key: com.catan.model.RoundedPoint2D@1288a2, Value: [Vertex(-2, 1, 0), Vertex(-1, 2, 4)]
Key: com.catan.model.RoundedPoint2D@231a51, Value: [Vertex(1, 2, 0)]
Key: com.catan.model.RoundedPoint2D@222051, Value: [Vertex(1, -2, 3)]
Key: com.catan.model.RoundedPoint2D@22dbd1, Value: [Vertex(1, 1, 5), Vertex(0, 1, 1), Vertex(1, 2, 3)]
Key: com.catan.model.RoundedPoint2D@22bc91, Value: [Vertex(1, 1, 4), Vertex(0, 1, 2)]
Key: com.catan.model.RoundedPoint2D@225ed1, Value: [Vertex(0, -1, 2), Vertex(1, -2, 0)]
Key: com.catan.model.RoundedPoint2D@227e11, Value: [Vertex(0, -1, 1)]
Key: com.catan.model.RoundedPoint2D@11ec62, Value: [Vertex(-1, -2, 5)]
Key: com.catan.model.RoundedPoint2D@11cd22, Value: [Vertex(-1, -2, 4)]
Key: com.catan.model.RoundedPoint2D@1935e1, Value: [Vertex(0, 2, 5), Vertex(-1, 2, 1)]
Key: com.catan.model.RoundedPoint2D@1916a1, Value: [Vertex(0, 2, 4), Vertex(-1, 2, 2)]
Key: com.catan.model.RoundedPoint2D@294a90, Value: [Vertex(1, 1, 2)]
Key: com.catan.model.RoundedPoint2D@2969d0, Value: [Vertex(1, 1, 1)]
Key: com.catan.model.RoundedPoint2D@18d821, Value: [Vertex(0, 0, 5)]
Key: com.catan.model.RoundedPoint2D@18b8e1, Value: [Vertex(0, 0, 4)]
Key: com.catan.model.RoundedPoint2D@185b21, Value: [Vertex(-1, -2, 2), Vertex(0, -2, 4)]
Key: com.catan.model.RoundedPoint2D@187a61, Value: [Vertex(-1, -2, 1), Vertex(0, -2, 5)]
Key: com.catan.model.RoundedPoint2D@15fe91, Value: [Vertex(-1, 2, 0)]
Key: com.catan.model.RoundedPoint2D@15a0d1, Value: [Vertex(-2, 1, 2)]
Key: com.catan.model.RoundedPoint2D@15c011, Value: [Vertex(-2, 1, 1), Vertex(-1, 2, 3)]
Key: com.catan.model.RoundedPoint2D@150491, Value: [Vertex(-1, -2, 3)]
Key: com.catan.model.RoundedPoint2D@154311, Value: [Vertex(-1, -2, 0)]
Key: com.catan.model.RoundedPoint2D@f3212, Value: [Vertex(-2, 1, 5)]
Key: com.catan.model.RoundedPoint2D@f12d2, Value: [Vertex(-2, 1, 4)]
Key: com.catan.model.RoundedPoint2D@1fc3c1, Value: [Vertex(1, 2, 5), Vertex(0, 2, 1)]
Key: com.catan.model.RoundedPoint2D@1fa481, Value: [Vertex(0, 1, 0), Vertex(1, 2, 4), Vertex(0, 2, 2)]
Key: com.catan.model.RoundedPoint2D@1f6601, Value: [Vertex(0, 0, 1), Vertex(0, 1, 3)]
Key: com.catan.model.RoundedPoint2D@1f0841, Value: [Vertex(0, -1, 3), Vertex(0, -2, 1), Vertex(1, -2, 5)]
Key: com.catan.model.RoundedPoint2D@1f46c1, Value: [Vertex(0, -1, 0), Vertex(0, 0, 2)]
Key: com.catan.model.RoundedPoint2D@1ee901, Value: [Vertex(0, -2, 2), Vertex(1, -2, 4)]
Key: com.catan.model.RoundedPoint2D@257700, Value: [Vertex(1, -2, 2)]
Key: com.catan.model.RoundedPoint2D@259640, Value: [Vertex(1, -2, 1)]
Key: com.catan.model.RoundedPoint2D@25f400, Value: [Vertex(1, 1, 3)]
Key: com.catan.model.RoundedPoint2D@2651c0, Value: [Vertex(1, 2, 1)]
Key: com.catan.model.RoundedPoint2D@263280, Value: [Vertex(1, 1, 0), Vertex(1, 2, 2)]
Key: com.catan.model.RoundedPoint2D@1b9271, Value: [Vertex(0, -2, 3)]
Key: com.catan.model.RoundedPoint2D@1bf031, Value: [Vertex(0, -1, 5), Vertex(0, 0, 3)]
Key: com.catan.model.RoundedPoint2D@1bd0f1, Value: [Vertex(0, -1, 4), Vertex(0, -2, 0)]
Key: com.catan.model.RoundedPoint2D@1c8c71, Value: [Vertex(0, 2, 0)]
Key: com.catan.model.RoundedPoint2D@1c4df1, Value: [Vertex(0, 1, 5), Vertex(0, 2, 3)]
Key: com.catan.model.RoundedPoint2D@1c2eb1, Value: [Vertex(0, 0, 0), Vertex(0, 1, 4)]
Key: com.catan.model.RoundedPoint2D@12a7e2, Value: [Vertex(-1, 2, 5)]
Key: com.catan.model.RoundedPoint2D@124a22, Value: [Vertex(-2, 1, 3)]
Key: com.catan.model.RoundedPoint2D@1288a2, Value: [Vertex(-2, 1, 0), Vertex(-1, 2, 4)]
Key: com.catan.model.RoundedPoint2D@231a51, Value: [Vertex(1, 2, 0)]
Key: com.catan.model.RoundedPoint2D@222051, Value: [Vertex(1, -2, 3)]
Key: com.catan.model.RoundedPoint2D@22dbd1, Value: [Vertex(1, 1, 5), Vertex(0, 1, 1), Vertex(1, 2, 3)]
Key: com.catan.model.RoundedPoint2D@22bc91, Value: [Vertex(1, 1, 4), Vertex(0, 1, 2)]
Key: com.catan.model.RoundedPoint2D@225ed1, Value: [Vertex(0, -1, 2), Vertex(1, -2, 0)]
Key: com.catan.model.RoundedPoint2D@227e11, Value: [Vertex(0, -1, 1)]
Key: com.catan.model.RoundedPoint2D@11ec62, Value: [Vertex(-1, -2, 5)]
Key: com.catan.model.RoundedPoint2D@11cd22, Value: [Vertex(-1, -2, 4)]
Key: com.catan.model.RoundedPoint2D@1935e1, Value: [Vertex(0, 2, 5), Vertex(-1, 2, 1)]
Key: com.catan.model.RoundedPoint2D@1916a1, Value: [Vertex(0, 2, 4), Vertex(-1, 2, 2)]
Key: com.catan.model.RoundedPoint2D@294a90, Value: [Vertex(1, 1, 2)]
Key: com.catan.model.RoundedPoint2D@2969d0, Value: [Vertex(1, 1, 1)]
Key: com.catan.model.RoundedPoint2D@18d821, Value: [Vertex(0, 0, 5)]
Key: com.catan.model.RoundedPoint2D@18b8e1, Value: [Vertex(0, 0, 4)]
Key: com.catan.model.RoundedPoint2D@185b21, Value: [Vertex(-1, -2, 2), Vertex(0, -2, 4)]
Key: com.catan.model.RoundedPoint2D@187a61, Value: [Vertex(-1, -2, 1), Vertex(0, -2, 5)]
Key: com.catan.model.RoundedPoint2D@15fe91, Value: [Vertex(-1, 2, 0)]
Key: com.catan.model.RoundedPoint2D@15a0d1, Value: [Vertex(-2, 1, 2)]
Key: com.catan.model.RoundedPoint2D@15c011, Value: [Vertex(-2, 1, 1), Vertex(-1, 2, 3)]
Key: com.catan.model.RoundedPoint2D@150491, Value: [Vertex(-1, -2, 3)]
Key: com.catan.model.RoundedPoint2D@154311, Value: [Vertex(-1, -2, 0)]
Key: com.catan.model.RoundedPoint2D@f3212, Value: [Vertex(-2, 1, 5)]
Key: com.catan.model.RoundedPoint2D@f12d2, Value: [Vertex(-2, 1, 4), Vertex(-2, 0, 0)]
Key: com.catan.model.RoundedPoint2D@1fc3c1, Value: [Vertex(1, 2, 5), Vertex(0, 2, 1)]
Key: com.catan.model.RoundedPoint2D@1fa481, Value: [Vertex(0, 1, 0), Vertex(1, 2, 4), Vertex(0, 2, 2)]
Key: com.catan.model.RoundedPoint2D@1f6601, Value: [Vertex(0, 0, 1), Vertex(0, 1, 3)]
Key: com.catan.model.RoundedPoint2D@1f0841, Value: [Vertex(0, -1, 3), Vertex(0, -2, 1), Vertex(1, -2, 5)]
Key: com.catan.model.RoundedPoint2D@1f46c1, Value: [Vertex(0, -1, 0), Vertex(0, 0, 2)]
Key: com.catan.model.RoundedPoint2D@1ee901, Value: [Vertex(0, -2, 2), Vertex(1, -2, 4)]
Key: com.catan.model.RoundedPoint2D@257700, Value: [Vertex(1, -2, 2)]
Key: com.catan.model.RoundedPoint2D@259640, Value: [Vertex(1, -2, 1)]
Key: com.catan.model.RoundedPoint2D@25f400, Value: [Vertex(1, 1, 3)]
Key: com.catan.model.RoundedPoint2D@2651c0, Value: [Vertex(1, 2, 1)]
Key: com.catan.model.RoundedPoint2D@263280, Value: [Vertex(1, 1, 0), Vertex(1, 2, 2)]
Key: com.catan.model.RoundedPoint2D@1b9271, Value: [Vertex(0, -2, 3)]
Key: com.catan.model.RoundedPoint2D@1bf031, Value: [Vertex(0, -1, 5), Vertex(0, 0, 3)]
Key: com.catan.model.RoundedPoint2D@1bd0f1, Value: [Vertex(0, -1, 4), Vertex(0, -2, 0)]
Key: com.catan.model.RoundedPoint2D@1c8c71, Value: [Vertex(0, 2, 0)]
Key: com.catan.model.RoundedPoint2D@1c4df1, Value: [Vertex(0, 1, 5), Vertex(0, 2, 3)]
Key: com.catan.model.RoundedPoint2D@1c2eb1, Value: [Vertex(0, 0, 0), Vertex(0, 1, 4)]
Key: com.catan.model.RoundedPoint2D@12a7e2, Value: [Vertex(-1, 2, 5)]
Key: com.catan.model.RoundedPoint2D@124a22, Value: [Vertex(-2, 1, 3)]
Key: com.catan.model.RoundedPoint2D@1288a2, Value: [Vertex(-2, 1, 0), Vertex(-1, 2, 4)]
Key: com.catan.model.RoundedPoint2D@231a51, Value: [Vertex(1, 2, 0)]
Key: com.catan.model.RoundedPoint2D@222051, Value: [Vertex(1, -2, 3)]
Key: com.catan.model.RoundedPoint2D@22dbd1, Value: [Vertex(1, 1, 5), Vertex(0, 1, 1), Vertex(1, 2, 3)]
Key: com.catan.model.RoundedPoint2D@22bc91, Value: [Vertex(1, 1, 4), Vertex(0, 1, 2)]
Key: com.catan.model.RoundedPoint2D@225ed1, Value: [Vertex(0, -1, 2), Vertex(1, -2, 0)]
Key: com.catan.model.RoundedPoint2D@227e11, Value: [Vertex(0, -1, 1)]
Key: com.catan.model.RoundedPoint2D@11ec62, Value: [Vertex(-1, -2, 5)]
Key: com.catan.model.RoundedPoint2D@11cd22, Value: [Vertex(-1, -2, 4)]
Key: com.catan.model.RoundedPoint2D@1935e1, Value: [Vertex(0, 2, 5), Vertex(-1, 2, 1)]
Key: com.catan.model.RoundedPoint2D@1916a1, Value: [Vertex(0, 2, 4), Vertex(-1, 2, 2)]
Key: com.catan.model.RoundedPoint2D@294a90, Value: [Vertex(1, 1, 2)]
Key: com.catan.model.RoundedPoint2D@2969d0, Value: [Vertex(1, 1, 1)]
Key: com.catan.model.RoundedPoint2D@18d821, Value: [Vertex(0, 0, 5)]
Key: com.catan.model.RoundedPoint2D@18b8e1, Value: [Vertex(0, 0, 4)]
Key: com.catan.model.RoundedPoint2D@185b21, Value: [Vertex(-1, -2, 2), Vertex(0, -2, 4)]
Key: com.catan.model.RoundedPoint2D@187a61, Value: [Vertex(-1, -2, 1), Vertex(0, -2, 5)]
Key: com.catan.model.RoundedPoint2D@15fe91, Value: [Vertex(-1, 2, 0)]
Key: com.catan.model.RoundedPoint2D@15a0d1, Value: [Vertex(-2, 1, 2)]
Key: com.catan.model.RoundedPoint2D@15c011, Value: [Vertex(-2, 1, 1), Vertex(-1, 2, 3)]
Key: com.catan.model.RoundedPoint2D@150491, Value: [Vertex(-1, -2, 3)]
Key: com.catan.model.RoundedPoint2D@154311, Value: [Vertex(-1, -2, 0)]
Key: com.catan.model.RoundedPoint2D@f3212, Value: [Vertex(-2, 1, 5)]
Key: com.catan.model.RoundedPoint2D@f12d2, Value: [Vertex(-2, 1, 4), Vertex(-2, 0, 0)]
Key: com.catan.model.RoundedPoint2D@1fc3c1, Value: [Vertex(1, 2, 5), Vertex(0, 2, 1)]
Key: com.catan.model.RoundedPoint2D@1fa481, Value: [Vertex(0, 1, 0), Vertex(1, 2, 4), Vertex(0, 2, 2)]
Key: com.catan.model.RoundedPoint2D@1f6601, Value: [Vertex(0, 0, 1), Vertex(0, 1, 3)]
Key: com.catan.model.RoundedPoint2D@1f0841, Value: [Vertex(0, -1, 3), Vertex(0, -2, 1), Vertex(1, -2, 5)]
Key: com.catan.model.RoundedPoint2D@1f46c1, Value: [Vertex(0, -1, 0), Vertex(0, 0, 2)]
Key: com.catan.model.RoundedPoint2D@1ee901, Value: [Vertex(0, -2, 2), Vertex(1, -2, 4)]
Key: com.catan.model.RoundedPoint2D@257700, Value: [Vertex(1, -2, 2)]
Key: com.catan.model.RoundedPoint2D@259640, Value: [Vertex(1, -2, 1)]
Key: com.catan.model.RoundedPoint2D@25f400, Value: [Vertex(1, 1, 3)]
Key: com.catan.model.RoundedPoint2D@2651c0, Value: [Vertex(1, 2, 1)]
Key: com.catan.model.RoundedPoint2D@263280, Value: [Vertex(1, 1, 0), Vertex(1, 2, 2)]
Key: com.catan.model.RoundedPoint2D@1b9271, Value: [Vertex(0, -2, 3)]
Key: com.catan.model.RoundedPoint2D@1bf031, Value: [Vertex(0, -1, 5), Vertex(0, 0, 3)]
Key: com.catan.model.RoundedPoint2D@1bd0f1, Value: [Vertex(0, -1, 4), Vertex(0, -2, 0)]
Key: com.catan.model.RoundedPoint2D@1c8c71, Value: [Vertex(0, 2, 0)]
Key: com.catan.model.RoundedPoint2D@1c4df1, Value: [Vertex(0, 1, 5), Vertex(0, 2, 3)]
Key: com.catan.model.RoundedPoint2D@1c2eb1, Value: [Vertex(0, 0, 0), Vertex(0, 1, 4)]
Key: com.catan.model.RoundedPoint2D@12a7e2, Value: [Vertex(-1, 2, 5)]
Key: com.catan.model.RoundedPoint2D@124a22, Value: [Vertex(-2, 1, 3), Vertex(-2, 0, 1)]
Key: com.catan.model.RoundedPoint2D@1288a2, Value: [Vertex(-2, 1, 0), Vertex(-1, 2, 4)]
Key: com.catan.model.RoundedPoint2D@231a51, Value: [Vertex(1, 2, 0)]
Key: com.catan.model.RoundedPoint2D@222051, Value: [Vertex(1, -2, 3)]
Key: com.catan.model.RoundedPoint2D@22dbd1, Value: [Vertex(1, 1, 5), Vertex(0, 1, 1), Vertex(1, 2, 3)]
Key: com.catan.model.RoundedPoint2D@22bc91, Value: [Vertex(1, 1, 4), Vertex(0, 1, 2)]
Key: com.catan.model.RoundedPoint2D@225ed1, Value: [Vertex(0, -1, 2), Vertex(1, -2, 0)]
Key: com.catan.model.RoundedPoint2D@227e11, Value: [Vertex(0, -1, 1)]
Key: com.catan.model.RoundedPoint2D@11ec62, Value: [Vertex(-1, -2, 5)]
Key: com.catan.model.RoundedPoint2D@11cd22, Value: [Vertex(-1, -2, 4)]
Key: com.catan.model.RoundedPoint2D@1935e1, Value: [Vertex(0, 2, 5), Vertex(-1, 2, 1)]
Key: com.catan.model.RoundedPoint2D@1916a1, Value: [Vertex(0, 2, 4), Vertex(-1, 2, 2)]
Key: com.catan.model.RoundedPoint2D@294a90, Value: [Vertex(1, 1, 2)]
Key: com.catan.model.RoundedPoint2D@2969d0, Value: [Vertex(1, 1, 1)]
Key: com.catan.model.RoundedPoint2D@18d821, Value: [Vertex(0, 0, 5)]
Key: com.catan.model.RoundedPoint2D@18b8e1, Value: [Vertex(0, 0, 4)]
Key: com.catan.model.RoundedPoint2D@185b21, Value: [Vertex(-1, -2, 2), Vertex(0, -2, 4)]
Key: com.catan.model.RoundedPoint2D@187a61, Value: [Vertex(-1, -2, 1), Vertex(0, -2, 5)]
Key: com.catan.model.RoundedPoint2D@15fe91, Value: [Vertex(-1, 2, 0)]
Key: com.catan.model.RoundedPoint2D@15a0d1, Value: [Vertex(-2, 1, 2)]
Key: com.catan.model.RoundedPoint2D@15c011, Value: [Vertex(-2, 1, 1), Vertex(-1, 2, 3)]
Key: com.catan.model.RoundedPoint2D@150491, Value: [Vertex(-1, -2, 3)]
Key: com.catan.model.RoundedPoint2D@154311, Value: [Vertex(-1, -2, 0)]
Key: com.catan.model.RoundedPoint2D@f3212, Value: [Vertex(-2, 1, 5)]
Key: com.catan.model.RoundedPoint2D@f12d2, Value: [Vertex(-2, 1, 4), Vertex(-2, 0, 0)]
Key: com.catan.model.RoundedPoint2D@1fc3c1, Value: [Vertex(1, 2, 5), Vertex(0, 2, 1)]
Key: com.catan.model.RoundedPoint2D@1fa481, Value: [Vertex(0, 1, 0), Vertex(1, 2, 4), Vertex(0, 2, 2)]
Key: com.catan.model.RoundedPoint2D@1f6601, Value: [Vertex(0, 0, 1), Vertex(0, 1, 3)]
Key: com.catan.model.RoundedPoint2D@1f0841, Value: [Vertex(0, -1, 3), Vertex(0, -2, 1), Vertex(1, -2, 5)]
Key: com.catan.model.RoundedPoint2D@1f46c1, Value: [Vertex(0, -1, 0), Vertex(0, 0, 2)]
Key: com.catan.model.RoundedPoint2D@1ee901, Value: [Vertex(0, -2, 2), Vertex(1, -2, 4)]
Key: com.catan.model.RoundedPoint2D@257700, Value: [Vertex(1, -2, 2)]
Key: com.catan.model.RoundedPoint2D@259640, Value: [Vertex(1, -2, 1)]
Key: com.catan.model.RoundedPoint2D@25f400, Value: [Vertex(1, 1, 3)]
Key: com.catan.model.RoundedPoint2D@2651c0, Value: [Vertex(1, 2, 1)]
Key: com.catan.model.RoundedPoint2D@263280, Value: [Vertex(1, 1, 0), Vertex(1, 2, 2)]
Key: com.catan.model.RoundedPoint2D@1b9271, Value: [Vertex(0, -2, 3)]
Key: com.catan.model.RoundedPoint2D@1bf031, Value: [Vertex(0, -1, 5), Vertex(0, 0, 3)]
Key: com.catan.model.RoundedPoint2D@1bd0f1, Value: [Vertex(0, -1, 4), Vertex(0, -2, 0)]
Key: com.catan.model.RoundedPoint2D@1c8c71, Value: [Vertex(0, 2, 0)]
Key: com.catan.model.RoundedPoint2D@1c4df1, Value: [Vertex(0, 1, 5), Vertex(0, 2, 3)]
Key: com.catan.model.RoundedPoint2D@1c2eb1, Value: [Vertex(0, 0, 0), Vertex(0, 1, 4)]
Key: com.catan.model.RoundedPoint2D@122ae2, Value: [Vertex(-2, 0, 2)]
Key: com.catan.model.RoundedPoint2D@12a7e2, Value: [Vertex(-1, 2, 5)]
Key: com.catan.model.RoundedPoint2D@124a22, Value: [Vertex(-2, 1, 3), Vertex(-2, 0, 1)]
Key: com.catan.model.RoundedPoint2D@1288a2, Value: [Vertex(-2, 1, 0), Vertex(-1, 2, 4)]
Key: com.catan.model.RoundedPoint2D@231a51, Value: [Vertex(1, 2, 0)]
Key: com.catan.model.RoundedPoint2D@222051, Value: [Vertex(1, -2, 3)]
Key: com.catan.model.RoundedPoint2D@22dbd1, Value: [Vertex(1, 1, 5), Vertex(0, 1, 1), Vertex(1, 2, 3)]
Key: com.catan.model.RoundedPoint2D@22bc91, Value: [Vertex(1, 1, 4), Vertex(0, 1, 2)]
Key: com.catan.model.RoundedPoint2D@225ed1, Value: [Vertex(0, -1, 2), Vertex(1, -2, 0)]
Key: com.catan.model.RoundedPoint2D@227e11, Value: [Vertex(0, -1, 1)]
Key: com.catan.model.RoundedPoint2D@11ec62, Value: [Vertex(-1, -2, 5)]
Key: com.catan.model.RoundedPoint2D@11cd22, Value: [Vertex(-1, -2, 4)]
Key: com.catan.model.RoundedPoint2D@1935e1, Value: [Vertex(0, 2, 5), Vertex(-1, 2, 1)]
Key: com.catan.model.RoundedPoint2D@1916a1, Value: [Vertex(0, 2, 4), Vertex(-1, 2, 2)]
Key: com.catan.model.RoundedPoint2D@294a90, Value: [Vertex(1, 1, 2)]
Key: com.catan.model.RoundedPoint2D@2969d0, Value: [Vertex(1, 1, 1)]
Key: com.catan.model.RoundedPoint2D@18d821, Value: [Vertex(0, 0, 5)]
Key: com.catan.model.RoundedPoint2D@18b8e1, Value: [Vertex(0, 0, 4)]
Key: com.catan.model.RoundedPoint2D@185b21, Value: [Vertex(-1, -2, 2), Vertex(0, -2, 4)]
Key: com.catan.model.RoundedPoint2D@187a61, Value: [Vertex(-1, -2, 1), Vertex(0, -2, 5)]
Key: com.catan.model.RoundedPoint2D@15fe91, Value: [Vertex(-1, 2, 0)]
Key: com.catan.model.RoundedPoint2D@15a0d1, Value: [Vertex(-2, 1, 2)]
Key: com.catan.model.RoundedPoint2D@15c011, Value: [Vertex(-2, 1, 1), Vertex(-1, 2, 3)]
Key: com.catan.model.RoundedPoint2D@150491, Value: [Vertex(-1, -2, 3)]
Key: com.catan.model.RoundedPoint2D@154311, Value: [Vertex(-1, -2, 0)]
Key: com.catan.model.RoundedPoint2D@ed452, Value: [Vertex(-2, 0, 3)]
Key: com.catan.model.RoundedPoint2D@f3212, Value: [Vertex(-2, 1, 5)]
Key: com.catan.model.RoundedPoint2D@f12d2, Value: [Vertex(-2, 1, 4), Vertex(-2, 0, 0)]
Key: com.catan.model.RoundedPoint2D@1fc3c1, Value: [Vertex(1, 2, 5), Vertex(0, 2, 1)]
Key: com.catan.model.RoundedPoint2D@1fa481, Value: [Vertex(0, 1, 0), Vertex(1, 2, 4), Vertex(0, 2, 2)]
Key: com.catan.model.RoundedPoint2D@1f6601, Value: [Vertex(0, 0, 1), Vertex(0, 1, 3)]
Key: com.catan.model.RoundedPoint2D@1f0841, Value: [Vertex(0, -1, 3), Vertex(0, -2, 1), Vertex(1, -2, 5)]
Key: com.catan.model.RoundedPoint2D@1f46c1, Value: [Vertex(0, -1, 0), Vertex(0, 0, 2)]
Key: com.catan.model.RoundedPoint2D@1ee901, Value: [Vertex(0, -2, 2), Vertex(1, -2, 4)]
Key: com.catan.model.RoundedPoint2D@257700, Value: [Vertex(1, -2, 2)]
Key: com.catan.model.RoundedPoint2D@259640, Value: [Vertex(1, -2, 1)]
Key: com.catan.model.RoundedPoint2D@25f400, Value: [Vertex(1, 1, 3)]
Key: com.catan.model.RoundedPoint2D@2651c0, Value: [Vertex(1, 2, 1)]
Key: com.catan.model.RoundedPoint2D@263280, Value: [Vertex(1, 1, 0), Vertex(1, 2, 2)]
Key: com.catan.model.RoundedPoint2D@1b9271, Value: [Vertex(0, -2, 3)]
Key: com.catan.model.RoundedPoint2D@1bf031, Value: [Vertex(0, -1, 5), Vertex(0, 0, 3)]
Key: com.catan.model.RoundedPoint2D@1bd0f1, Value: [Vertex(0, -1, 4), Vertex(0, -2, 0)]
Key: com.catan.model.RoundedPoint2D@1c8c71, Value: [Vertex(0, 2, 0)]
Key: com.catan.model.RoundedPoint2D@1c4df1, Value: [Vertex(0, 1, 5), Vertex(0, 2, 3)]
Key: com.catan.model.RoundedPoint2D@1c2eb1, Value: [Vertex(0, 0, 0), Vertex(0, 1, 4)]
Key: com.catan.model.RoundedPoint2D@122ae2, Value: [Vertex(-2, 0, 2)]
Key: com.catan.model.RoundedPoint2D@12a7e2, Value: [Vertex(-1, 2, 5)]
Key: com.catan.model.RoundedPoint2D@124a22, Value: [Vertex(-2, 1, 3), Vertex(-2, 0, 1)]
Key: com.catan.model.RoundedPoint2D@1288a2, Value: [Vertex(-2, 1, 0), Vertex(-1, 2, 4)]
Key: com.catan.model.RoundedPoint2D@231a51, Value: [Vertex(1, 2, 0)]
Key: com.catan.model.RoundedPoint2D@222051, Value: [Vertex(1, -2, 3)]
Key: com.catan.model.RoundedPoint2D@22dbd1, Value: [Vertex(1, 1, 5), Vertex(0, 1, 1), Vertex(1, 2, 3)]
Key: com.catan.model.RoundedPoint2D@22bc91, Value: [Vertex(1, 1, 4), Vertex(0, 1, 2)]
Key: com.catan.model.RoundedPoint2D@225ed1, Value: [Vertex(0, -1, 2), Vertex(1, -2, 0)]
Key: com.catan.model.RoundedPoint2D@227e11, Value: [Vertex(0, -1, 1)]
Key: com.catan.model.RoundedPoint2D@11ec62, Value: [Vertex(-1, -2, 5)]
Key: com.catan.model.RoundedPoint2D@11cd22, Value: [Vertex(-1, -2, 4)]
Key: com.catan.model.RoundedPoint2D@1935e1, Value: [Vertex(0, 2, 5), Vertex(-1, 2, 1)]
Key: com.catan.model.RoundedPoint2D@1916a1, Value: [Vertex(0, 2, 4), Vertex(-1, 2, 2)]
Key: com.catan.model.RoundedPoint2D@294a90, Value: [Vertex(1, 1, 2)]
Key: com.catan.model.RoundedPoint2D@2969d0, Value: [Vertex(1, 1, 1)]
Key: com.catan.model.RoundedPoint2D@18d821, Value: [Vertex(0, 0, 5)]
Key: com.catan.model.RoundedPoint2D@18b8e1, Value: [Vertex(0, 0, 4)]
Key: com.catan.model.RoundedPoint2D@185b21, Value: [Vertex(-1, -2, 2), Vertex(0, -2, 4)]
Key: com.catan.model.RoundedPoint2D@187a61, Value: [Vertex(-1, -2, 1), Vertex(0, -2, 5)]
Key: com.catan.model.RoundedPoint2D@15fe91, Value: [Vertex(-1, 2, 0)]
Key: com.catan.model.RoundedPoint2D@15a0d1, Value: [Vertex(-2, 1, 2)]
Key: com.catan.model.RoundedPoint2D@15c011, Value: [Vertex(-2, 1, 1), Vertex(-1, 2, 3)]
Key: com.catan.model.RoundedPoint2D@150491, Value: [Vertex(-1, -2, 3)]
Key: com.catan.model.RoundedPoint2D@154311, Value: [Vertex(-1, -2, 0)]
Key: com.catan.model.RoundedPoint2D@b9d02, Value: [Vertex(-2, 0, 4)]
Key: com.catan.model.RoundedPoint2D@ed452, Value: [Vertex(-2, 0, 3)]
Key: com.catan.model.RoundedPoint2D@f3212, Value: [Vertex(-2, 1, 5)]
Key: com.catan.model.RoundedPoint2D@f12d2, Value: [Vertex(-2, 1, 4), Vertex(-2, 0, 0)]
Key: com.catan.model.RoundedPoint2D@1fc3c1, Value: [Vertex(1, 2, 5), Vertex(0, 2, 1)]
Key: com.catan.model.RoundedPoint2D@1fa481, Value: [Vertex(0, 1, 0), Vertex(1, 2, 4), Vertex(0, 2, 2)]
Key: com.catan.model.RoundedPoint2D@1f6601, Value: [Vertex(0, 0, 1), Vertex(0, 1, 3)]
Key: com.catan.model.RoundedPoint2D@1f0841, Value: [Vertex(0, -1, 3), Vertex(0, -2, 1), Vertex(1, -2, 5)]
Key: com.catan.model.RoundedPoint2D@1f46c1, Value: [Vertex(0, -1, 0), Vertex(0, 0, 2)]
Key: com.catan.model.RoundedPoint2D@1ee901, Value: [Vertex(0, -2, 2), Vertex(1, -2, 4)]
Key: com.catan.model.RoundedPoint2D@257700, Value: [Vertex(1, -2, 2)]
Key: com.catan.model.RoundedPoint2D@259640, Value: [Vertex(1, -2, 1)]
Key: com.catan.model.RoundedPoint2D@25f400, Value: [Vertex(1, 1, 3)]
Key: com.catan.model.RoundedPoint2D@2651c0, Value: [Vertex(1, 2, 1)]
Key: com.catan.model.RoundedPoint2D@263280, Value: [Vertex(1, 1, 0), Vertex(1, 2, 2)]
Key: com.catan.model.RoundedPoint2D@1b9271, Value: [Vertex(0, -2, 3)]
Key: com.catan.model.RoundedPoint2D@1bf031, Value: [Vertex(0, -1, 5), Vertex(0, 0, 3)]
Key: com.catan.model.RoundedPoint2D@1bd0f1, Value: [Vertex(0, -1, 4), Vertex(0, -2, 0)]
Key: com.catan.model.RoundedPoint2D@1c8c71, Value: [Vertex(0, 2, 0)]
Key: com.catan.model.RoundedPoint2D@1c4df1, Value: [Vertex(0, 1, 5), Vertex(0, 2, 3)]
Key: com.catan.model.RoundedPoint2D@1c2eb1, Value: [Vertex(0, 0, 0), Vertex(0, 1, 4)]
Key: com.catan.model.RoundedPoint2D@122ae2, Value: [Vertex(-2, 0, 2)]
Key: com.catan.model.RoundedPoint2D@12a7e2, Value: [Vertex(-1, 2, 5)]
Key: com.catan.model.RoundedPoint2D@124a22, Value: [Vertex(-2, 1, 3), Vertex(-2, 0, 1)]
Key: com.catan.model.RoundedPoint2D@1288a2, Value: [Vertex(-2, 1, 0), Vertex(-1, 2, 4)]
Key: com.catan.model.RoundedPoint2D@231a51, Value: [Vertex(1, 2, 0)]
Key: com.catan.model.RoundedPoint2D@222051, Value: [Vertex(1, -2, 3)]
Key: com.catan.model.RoundedPoint2D@22dbd1, Value: [Vertex(1, 1, 5), Vertex(0, 1, 1), Vertex(1, 2, 3)]
Key: com.catan.model.RoundedPoint2D@22bc91, Value: [Vertex(1, 1, 4), Vertex(0, 1, 2)]
Key: com.catan.model.RoundedPoint2D@225ed1, Value: [Vertex(0, -1, 2), Vertex(1, -2, 0)]
Key: com.catan.model.RoundedPoint2D@227e11, Value: [Vertex(0, -1, 1)]
Key: com.catan.model.RoundedPoint2D@11ec62, Value: [Vertex(-1, -2, 5)]
Key: com.catan.model.RoundedPoint2D@11cd22, Value: [Vertex(-1, -2, 4)]
Key: com.catan.model.RoundedPoint2D@1935e1, Value: [Vertex(0, 2, 5), Vertex(-1, 2, 1)]
Key: com.catan.model.RoundedPoint2D@1916a1, Value: [Vertex(0, 2, 4), Vertex(-1, 2, 2)]
Key: com.catan.model.RoundedPoint2D@294a90, Value: [Vertex(1, 1, 2)]
Key: com.catan.model.RoundedPoint2D@2969d0, Value: [Vertex(1, 1, 1)]
Key: com.catan.model.RoundedPoint2D@18d821, Value: [Vertex(0, 0, 5)]
Key: com.catan.model.RoundedPoint2D@18b8e1, Value: [Vertex(0, 0, 4)]
Key: com.catan.model.RoundedPoint2D@185b21, Value: [Vertex(-1, -2, 2), Vertex(0, -2, 4)]
Key: com.catan.model.RoundedPoint2D@187a61, Value: [Vertex(-1, -2, 1), Vertex(0, -2, 5)]
Key: com.catan.model.RoundedPoint2D@15fe91, Value: [Vertex(-1, 2, 0)]
Key: com.catan.model.RoundedPoint2D@15a0d1, Value: [Vertex(-2, 1, 2)]
Key: com.catan.model.RoundedPoint2D@15c011, Value: [Vertex(-2, 1, 1), Vertex(-1, 2, 3)]
Key: com.catan.model.RoundedPoint2D@150491, Value: [Vertex(-1, -2, 3)]
Key: com.catan.model.RoundedPoint2D@154311, Value: [Vertex(-1, -2, 0)]
Key: com.catan.model.RoundedPoint2D@bbc42, Value: [Vertex(-2, 0, 5)]
Key: com.catan.model.RoundedPoint2D@b9d02, Value: [Vertex(-2, 0, 4)]
Key: com.catan.model.RoundedPoint2D@ed452, Value: [Vertex(-2, 0, 3)]
Key: com.catan.model.RoundedPoint2D@f3212, Value: [Vertex(-2, 1, 5)]
Key: com.catan.model.RoundedPoint2D@f12d2, Value: [Vertex(-2, 1, 4), Vertex(-2, 0, 0)]
Key: com.catan.model.RoundedPoint2D@1fc3c1, Value: [Vertex(1, 2, 5), Vertex(0, 2, 1)]
Key: com.catan.model.RoundedPoint2D@1fa481, Value: [Vertex(0, 1, 0), Vertex(1, 2, 4), Vertex(0, 2, 2)]
Key: com.catan.model.RoundedPoint2D@1f6601, Value: [Vertex(0, 0, 1), Vertex(0, 1, 3)]
Key: com.catan.model.RoundedPoint2D@1f0841, Value: [Vertex(0, -1, 3), Vertex(0, -2, 1), Vertex(1, -2, 5)]
Key: com.catan.model.RoundedPoint2D@1f46c1, Value: [Vertex(0, -1, 0), Vertex(0, 0, 2)]
Key: com.catan.model.RoundedPoint2D@1ee901, Value: [Vertex(0, -2, 2), Vertex(1, -2, 4)]
Key: com.catan.model.RoundedPoint2D@257700, Value: [Vertex(1, -2, 2)]
Key: com.catan.model.RoundedPoint2D@259640, Value: [Vertex(1, -2, 1)]
Key: com.catan.model.RoundedPoint2D@25f400, Value: [Vertex(1, 1, 3)]
Key: com.catan.model.RoundedPoint2D@2651c0, Value: [Vertex(1, 2, 1)]
Key: com.catan.model.RoundedPoint2D@263280, Value: [Vertex(1, 1, 0), Vertex(1, 2, 2)]
Key: com.catan.model.RoundedPoint2D@1b9271, Value: [Vertex(0, -2, 3)]
Key: com.catan.model.RoundedPoint2D@1bf031, Value: [Vertex(0, -1, 5), Vertex(0, 0, 3)]
Key: com.catan.model.RoundedPoint2D@1bd0f1, Value: [Vertex(0, -1, 4), Vertex(0, -2, 0)]
Key: com.catan.model.RoundedPoint2D@1c8c71, Value: [Vertex(0, 2, 0)]
Key: com.catan.model.RoundedPoint2D@1c4df1, Value: [Vertex(0, 1, 5), Vertex(0, 2, 3)]
Key: com.catan.model.RoundedPoint2D@1c2eb1, Value: [Vertex(0, 0, 0), Vertex(0, 1, 4)]
Key: com.catan.model.RoundedPoint2D@122ae2, Value: [Vertex(-2, 0, 2)]
Key: com.catan.model.RoundedPoint2D@12a7e2, Value: [Vertex(-1, 2, 5)]
Key: com.catan.model.RoundedPoint2D@124a22, Value: [Vertex(-2, 1, 3), Vertex(-2, 0, 1)]
Key: com.catan.model.RoundedPoint2D@1288a2, Value: [Vertex(-2, 1, 0), Vertex(-1, 2, 4)]
Key: com.catan.model.RoundedPoint2D@231a51, Value: [Vertex(1, 2, 0)]
Key: com.catan.model.RoundedPoint2D@222051, Value: [Vertex(1, -2, 3)]
Key: com.catan.model.RoundedPoint2D@22dbd1, Value: [Vertex(1, 1, 5), Vertex(0, 1, 1), Vertex(1, 2, 3)]
Key: com.catan.model.RoundedPoint2D@22bc91, Value: [Vertex(1, 1, 4), Vertex(0, 1, 2)]
Key: com.catan.model.RoundedPoint2D@225ed1, Value: [Vertex(0, -1, 2), Vertex(1, -2, 0)]
Key: com.catan.model.RoundedPoint2D@227e11, Value: [Vertex(0, -1, 1)]
Key: com.catan.model.RoundedPoint2D@11ec62, Value: [Vertex(-1, -2, 5)]
Key: com.catan.model.RoundedPoint2D@11cd22, Value: [Vertex(-1, -2, 4)]
Key: com.catan.model.RoundedPoint2D@1935e1, Value: [Vertex(0, 2, 5), Vertex(-1, 2, 1)]
Key: com.catan.model.RoundedPoint2D@1916a1, Value: [Vertex(0, 2, 4), Vertex(-1, 2, 2)]
Key: com.catan.model.RoundedPoint2D@294a90, Value: [Vertex(1, 1, 2)]
Key: com.catan.model.RoundedPoint2D@2969d0, Value: [Vertex(1, 1, 1)]
Key: com.catan.model.RoundedPoint2D@18d821, Value: [Vertex(0, 0, 5)]
Key: com.catan.model.RoundedPoint2D@18b8e1, Value: [Vertex(0, 0, 4)]
Key: com.catan.model.RoundedPoint2D@185b21, Value: [Vertex(-1, -2, 2), Vertex(0, -2, 4)]
Key: com.catan.model.RoundedPoint2D@187a61, Value: [Vertex(-1, -2, 1), Vertex(0, -2, 5)]
Key: com.catan.model.RoundedPoint2D@15fe91, Value: [Vertex(-1, 2, 0)]
Key: com.catan.model.RoundedPoint2D@15a0d1, Value: [Vertex(-2, 1, 2)]
Key: com.catan.model.RoundedPoint2D@15c011, Value: [Vertex(-2, 1, 1), Vertex(-1, 2, 3)]
Key: com.catan.model.RoundedPoint2D@150491, Value: [Vertex(-1, -2, 3)]
Key: com.catan.model.RoundedPoint2D@154311, Value: [Vertex(-1, -2, 0)]
Key: com.catan.model.RoundedPoint2D@bbc42, Value: [Vertex(-2, 0, 5)]
Key: com.catan.model.RoundedPoint2D@b9d02, Value: [Vertex(-2, 0, 4)]
Key: com.catan.model.RoundedPoint2D@ed452, Value: [Vertex(-2, 0, 3)]
Key: com.catan.model.RoundedPoint2D@f3212, Value: [Vertex(-2, 1, 5)]
Key: com.catan.model.RoundedPoint2D@f12d2, Value: [Vertex(-2, 1, 4), Vertex(-2, 0, 0)]
Key: com.catan.model.RoundedPoint2D@1fc3c1, Value: [Vertex(1, 2, 5), Vertex(0, 2, 1)]
Key: com.catan.model.RoundedPoint2D@1fa481, Value: [Vertex(0, 1, 0), Vertex(1, 2, 4), Vertex(0, 2, 2)]
Key: com.catan.model.RoundedPoint2D@1f6601, Value: [Vertex(0, 0, 1), Vertex(0, 1, 3)]
Key: com.catan.model.RoundedPoint2D@1f0841, Value: [Vertex(0, -1, 3), Vertex(0, -2, 1), Vertex(1, -2, 5)]
Key: com.catan.model.RoundedPoint2D@1f46c1, Value: [Vertex(0, -1, 0), Vertex(0, 0, 2)]
Key: com.catan.model.RoundedPoint2D@1ee901, Value: [Vertex(0, -2, 2), Vertex(1, -2, 4)]
Key: com.catan.model.RoundedPoint2D@257700, Value: [Vertex(1, -2, 2)]
Key: com.catan.model.RoundedPoint2D@259640, Value: [Vertex(1, -2, 1)]
Key: com.catan.model.RoundedPoint2D@25f400, Value: [Vertex(1, 1, 3)]
Key: com.catan.model.RoundedPoint2D@2651c0, Value: [Vertex(1, 2, 1)]
Key: com.catan.model.RoundedPoint2D@263280, Value: [Vertex(1, 1, 0), Vertex(1, 2, 2)]
Key: com.catan.model.RoundedPoint2D@1b9271, Value: [Vertex(0, -2, 3)]
Key: com.catan.model.RoundedPoint2D@1bf031, Value: [Vertex(0, -1, 5), Vertex(0, 0, 3)]
Key: com.catan.model.RoundedPoint2D@1bd0f1, Value: [Vertex(0, -1, 4), Vertex(0, -2, 0)]
Key: com.catan.model.RoundedPoint2D@1c8c71, Value: [Vertex(0, 2, 0)]
Key: com.catan.model.RoundedPoint2D@1c4df1, Value: [Vertex(0, 1, 5), Vertex(0, 2, 3)]
Key: com.catan.model.RoundedPoint2D@1c2eb1, Value: [Vertex(0, 0, 0), Vertex(0, 1, 4)]
Key: com.catan.model.RoundedPoint2D@122ae2, Value: [Vertex(-2, 0, 2)]
Key: com.catan.model.RoundedPoint2D@12a7e2, Value: [Vertex(-1, 2, 5)]
Key: com.catan.model.RoundedPoint2D@124a22, Value: [Vertex(-2, 1, 3), Vertex(-2, 0, 1)]
Key: com.catan.model.RoundedPoint2D@1288a2, Value: [Vertex(-2, 1, 0), Vertex(-1, 2, 4)]
Key: com.catan.model.RoundedPoint2D@231a51, Value: [Vertex(1, 2, 0)]
Key: com.catan.model.RoundedPoint2D@222051, Value: [Vertex(1, -2, 3)]
Key: com.catan.model.RoundedPoint2D@22dbd1, Value: [Vertex(1, 1, 5), Vertex(0, 1, 1), Vertex(1, 2, 3)]
Key: com.catan.model.RoundedPoint2D@22bc91, Value: [Vertex(1, 1, 4), Vertex(0, 1, 2)]
Key: com.catan.model.RoundedPoint2D@225ed1, Value: [Vertex(0, -1, 2), Vertex(1, -2, 0)]
Key: com.catan.model.RoundedPoint2D@227e11, Value: [Vertex(0, -1, 1)]
Key: com.catan.model.RoundedPoint2D@11ec62, Value: [Vertex(-1, -2, 5)]
Key: com.catan.model.RoundedPoint2D@11cd22, Value: [Vertex(-1, -2, 4)]
Key: com.catan.model.RoundedPoint2D@1935e1, Value: [Vertex(0, 2, 5), Vertex(-1, 2, 1)]
Key: com.catan.model.RoundedPoint2D@1916a1, Value: [Vertex(0, 2, 4), Vertex(-1, 2, 2), Vertex(-1, 1, 0)]
Key: com.catan.model.RoundedPoint2D@294a90, Value: [Vertex(1, 1, 2)]
Key: com.catan.model.RoundedPoint2D@2969d0, Value: [Vertex(1, 1, 1)]
Key: com.catan.model.RoundedPoint2D@18d821, Value: [Vertex(0, 0, 5)]
Key: com.catan.model.RoundedPoint2D@18b8e1, Value: [Vertex(0, 0, 4)]
Key: com.catan.model.RoundedPoint2D@185b21, Value: [Vertex(-1, -2, 2), Vertex(0, -2, 4)]
Key: com.catan.model.RoundedPoint2D@187a61, Value: [Vertex(-1, -2, 1), Vertex(0, -2, 5)]
Key: com.catan.model.RoundedPoint2D@15fe91, Value: [Vertex(-1, 2, 0)]
Key: com.catan.model.RoundedPoint2D@15a0d1, Value: [Vertex(-2, 1, 2)]
Key: com.catan.model.RoundedPoint2D@15c011, Value: [Vertex(-2, 1, 1), Vertex(-1, 2, 3)]
Key: com.catan.model.RoundedPoint2D@150491, Value: [Vertex(-1, -2, 3)]
Key: com.catan.model.RoundedPoint2D@154311, Value: [Vertex(-1, -2, 0)]
Key: com.catan.model.RoundedPoint2D@bbc42, Value: [Vertex(-2, 0, 5)]
Key: com.catan.model.RoundedPoint2D@b9d02, Value: [Vertex(-2, 0, 4)]
Key: com.catan.model.RoundedPoint2D@ed452, Value: [Vertex(-2, 0, 3)]
Key: com.catan.model.RoundedPoint2D@f3212, Value: [Vertex(-2, 1, 5)]
Key: com.catan.model.RoundedPoint2D@f12d2, Value: [Vertex(-2, 1, 4), Vertex(-2, 0, 0)]
Key: com.catan.model.RoundedPoint2D@1fc3c1, Value: [Vertex(1, 2, 5), Vertex(0, 2, 1)]
Key: com.catan.model.RoundedPoint2D@1fa481, Value: [Vertex(0, 1, 0), Vertex(1, 2, 4), Vertex(0, 2, 2)]
Key: com.catan.model.RoundedPoint2D@1f6601, Value: [Vertex(0, 0, 1), Vertex(0, 1, 3)]
Key: com.catan.model.RoundedPoint2D@1f0841, Value: [Vertex(0, -1, 3), Vertex(0, -2, 1), Vertex(1, -2, 5)]
Key: com.catan.model.RoundedPoint2D@1f46c1, Value: [Vertex(0, -1, 0), Vertex(0, 0, 2)]
Key: com.catan.model.RoundedPoint2D@1ee901, Value: [Vertex(0, -2, 2), Vertex(1, -2, 4)]
Key: com.catan.model.RoundedPoint2D@257700, Value: [Vertex(1, -2, 2)]
Key: com.catan.model.RoundedPoint2D@259640, Value: [Vertex(1, -2, 1)]
Key: com.catan.model.RoundedPoint2D@25f400, Value: [Vertex(1, 1, 3)]
Key: com.catan.model.RoundedPoint2D@2651c0, Value: [Vertex(1, 2, 1)]
Key: com.catan.model.RoundedPoint2D@263280, Value: [Vertex(1, 1, 0), Vertex(1, 2, 2)]
Key: com.catan.model.RoundedPoint2D@1b9271, Value: [Vertex(0, -2, 3)]
Key: com.catan.model.RoundedPoint2D@1bf031, Value: [Vertex(0, -1, 5), Vertex(0, 0, 3)]
Key: com.catan.model.RoundedPoint2D@1bd0f1, Value: [Vertex(0, -1, 4), Vertex(0, -2, 0)]
Key: com.catan.model.RoundedPoint2D@1c8c71, Value: [Vertex(0, 2, 0)]
Key: com.catan.model.RoundedPoint2D@1c4df1, Value: [Vertex(0, 1, 5), Vertex(0, 2, 3), Vertex(-1, 1, 1)]
Key: com.catan.model.RoundedPoint2D@1c2eb1, Value: [Vertex(0, 0, 0), Vertex(0, 1, 4)]
Key: com.catan.model.RoundedPoint2D@122ae2, Value: [Vertex(-2, 0, 2)]
Key: com.catan.model.RoundedPoint2D@12a7e2, Value: [Vertex(-1, 2, 5)]
Key: com.catan.model.RoundedPoint2D@124a22, Value: [Vertex(-2, 1, 3), Vertex(-2, 0, 1)]
Key: com.catan.model.RoundedPoint2D@1288a2, Value: [Vertex(-2, 1, 0), Vertex(-1, 2, 4)]
Key: com.catan.model.RoundedPoint2D@231a51, Value: [Vertex(1, 2, 0)]
Key: com.catan.model.RoundedPoint2D@222051, Value: [Vertex(1, -2, 3)]
Key: com.catan.model.RoundedPoint2D@22dbd1, Value: [Vertex(1, 1, 5), Vertex(0, 1, 1), Vertex(1, 2, 3)]
Key: com.catan.model.RoundedPoint2D@22bc91, Value: [Vertex(1, 1, 4), Vertex(0, 1, 2)]
Key: com.catan.model.RoundedPoint2D@225ed1, Value: [Vertex(0, -1, 2), Vertex(1, -2, 0)]
Key: com.catan.model.RoundedPoint2D@227e11, Value: [Vertex(0, -1, 1)]
Key: com.catan.model.RoundedPoint2D@11ec62, Value: [Vertex(-1, -2, 5)]
Key: com.catan.model.RoundedPoint2D@11cd22, Value: [Vertex(-1, -2, 4)]
Key: com.catan.model.RoundedPoint2D@1935e1, Value: [Vertex(0, 2, 5), Vertex(-1, 2, 1)]
Key: com.catan.model.RoundedPoint2D@1916a1, Value: [Vertex(0, 2, 4), Vertex(-1, 2, 2), Vertex(-1, 1, 0)]
Key: com.catan.model.RoundedPoint2D@294a90, Value: [Vertex(1, 1, 2)]
Key: com.catan.model.RoundedPoint2D@2969d0, Value: [Vertex(1, 1, 1)]
Key: com.catan.model.RoundedPoint2D@18d821, Value: [Vertex(0, 0, 5)]
Key: com.catan.model.RoundedPoint2D@18b8e1, Value: [Vertex(0, 0, 4)]
Key: com.catan.model.RoundedPoint2D@185b21, Value: [Vertex(-1, -2, 2), Vertex(0, -2, 4)]
Key: com.catan.model.RoundedPoint2D@187a61, Value: [Vertex(-1, -2, 1), Vertex(0, -2, 5)]
Key: com.catan.model.RoundedPoint2D@15fe91, Value: [Vertex(-1, 2, 0)]
Key: com.catan.model.RoundedPoint2D@15a0d1, Value: [Vertex(-2, 1, 2)]
Key: com.catan.model.RoundedPoint2D@15c011, Value: [Vertex(-2, 1, 1), Vertex(-1, 2, 3)]
Key: com.catan.model.RoundedPoint2D@150491, Value: [Vertex(-1, -2, 3)]
Key: com.catan.model.RoundedPoint2D@154311, Value: [Vertex(-1, -2, 0)]
Key: com.catan.model.RoundedPoint2D@bbc42, Value: [Vertex(-2, 0, 5)]
Key: com.catan.model.RoundedPoint2D@b9d02, Value: [Vertex(-2, 0, 4)]
Key: com.catan.model.RoundedPoint2D@ed452, Value: [Vertex(-2, 0, 3)]
Key: com.catan.model.RoundedPoint2D@f3212, Value: [Vertex(-2, 1, 5)]
Key: com.catan.model.RoundedPoint2D@f12d2, Value: [Vertex(-2, 1, 4), Vertex(-2, 0, 0)]
Key: com.catan.model.RoundedPoint2D@1fc3c1, Value: [Vertex(1, 2, 5), Vertex(0, 2, 1)]
Key: com.catan.model.RoundedPoint2D@1fa481, Value: [Vertex(0, 1, 0), Vertex(1, 2, 4), Vertex(0, 2, 2)]
Key: com.catan.model.RoundedPoint2D@1f6601, Value: [Vertex(0, 0, 1), Vertex(0, 1, 3)]
Key: com.catan.model.RoundedPoint2D@1f0841, Value: [Vertex(0, -1, 3), Vertex(0, -2, 1), Vertex(1, -2, 5)]
Key: com.catan.model.RoundedPoint2D@1f46c1, Value: [Vertex(0, -1, 0), Vertex(0, 0, 2)]
Key: com.catan.model.RoundedPoint2D@1ee901, Value: [Vertex(0, -2, 2), Vertex(1, -2, 4)]
Key: com.catan.model.RoundedPoint2D@257700, Value: [Vertex(1, -2, 2)]
Key: com.catan.model.RoundedPoint2D@259640, Value: [Vertex(1, -2, 1)]
Key: com.catan.model.RoundedPoint2D@25f400, Value: [Vertex(1, 1, 3)]
Key: com.catan.model.RoundedPoint2D@2651c0, Value: [Vertex(1, 2, 1)]
Key: com.catan.model.RoundedPoint2D@263280, Value: [Vertex(1, 1, 0), Vertex(1, 2, 2)]
Key: com.catan.model.RoundedPoint2D@1b9271, Value: [Vertex(0, -2, 3)]
Key: com.catan.model.RoundedPoint2D@1bf031, Value: [Vertex(0, -1, 5), Vertex(0, 0, 3)]
Key: com.catan.model.RoundedPoint2D@1bd0f1, Value: [Vertex(0, -1, 4), Vertex(0, -2, 0)]
Key: com.catan.model.RoundedPoint2D@1c8c71, Value: [Vertex(0, 2, 0)]
Key: com.catan.model.RoundedPoint2D@1c4df1, Value: [Vertex(0, 1, 5), Vertex(0, 2, 3), Vertex(-1, 1, 1)]
Key: com.catan.model.RoundedPoint2D@1c2eb1, Value: [Vertex(0, 0, 0), Vertex(0, 1, 4), Vertex(-1, 1, 2)]
Key: com.catan.model.RoundedPoint2D@122ae2, Value: [Vertex(-2, 0, 2)]
Key: com.catan.model.RoundedPoint2D@12a7e2, Value: [Vertex(-1, 2, 5)]
Key: com.catan.model.RoundedPoint2D@124a22, Value: [Vertex(-2, 1, 3), Vertex(-2, 0, 1)]
Key: com.catan.model.RoundedPoint2D@1288a2, Value: [Vertex(-2, 1, 0), Vertex(-1, 2, 4)]
Key: com.catan.model.RoundedPoint2D@231a51, Value: [Vertex(1, 2, 0)]
Key: com.catan.model.RoundedPoint2D@222051, Value: [Vertex(1, -2, 3)]
Key: com.catan.model.RoundedPoint2D@22dbd1, Value: [Vertex(1, 1, 5), Vertex(0, 1, 1), Vertex(1, 2, 3)]
Key: com.catan.model.RoundedPoint2D@22bc91, Value: [Vertex(1, 1, 4), Vertex(0, 1, 2)]
Key: com.catan.model.RoundedPoint2D@225ed1, Value: [Vertex(0, -1, 2), Vertex(1, -2, 0)]
Key: com.catan.model.RoundedPoint2D@227e11, Value: [Vertex(0, -1, 1)]
Key: com.catan.model.RoundedPoint2D@11ec62, Value: [Vertex(-1, -2, 5)]
Key: com.catan.model.RoundedPoint2D@11cd22, Value: [Vertex(-1, -2, 4)]
Key: com.catan.model.RoundedPoint2D@1935e1, Value: [Vertex(0, 2, 5), Vertex(-1, 2, 1)]
Key: com.catan.model.RoundedPoint2D@1916a1, Value: [Vertex(0, 2, 4), Vertex(-1, 2, 2), Vertex(-1, 1, 0)]
Key: com.catan.model.RoundedPoint2D@294a90, Value: [Vertex(1, 1, 2)]
Key: com.catan.model.RoundedPoint2D@2969d0, Value: [Vertex(1, 1, 1)]
Key: com.catan.model.RoundedPoint2D@18d821, Value: [Vertex(0, 0, 5)]
Key: com.catan.model.RoundedPoint2D@18b8e1, Value: [Vertex(0, 0, 4)]
Key: com.catan.model.RoundedPoint2D@185b21, Value: [Vertex(-1, -2, 2), Vertex(0, -2, 4)]
Key: com.catan.model.RoundedPoint2D@187a61, Value: [Vertex(-1, -2, 1), Vertex(0, -2, 5)]
Key: com.catan.model.RoundedPoint2D@15fe91, Value: [Vertex(-1, 2, 0)]
Key: com.catan.model.RoundedPoint2D@15a0d1, Value: [Vertex(-2, 1, 2)]
Key: com.catan.model.RoundedPoint2D@15c011, Value: [Vertex(-2, 1, 1), Vertex(-1, 2, 3)]
Key: com.catan.model.RoundedPoint2D@150491, Value: [Vertex(-1, -2, 3)]
Key: com.catan.model.RoundedPoint2D@154311, Value: [Vertex(-1, -2, 0)]
Key: com.catan.model.RoundedPoint2D@bbc42, Value: [Vertex(-2, 0, 5)]
Key: com.catan.model.RoundedPoint2D@b9d02, Value: [Vertex(-2, 0, 4)]
Key: com.catan.model.RoundedPoint2D@ed452, Value: [Vertex(-2, 0, 3)]
Key: com.catan.model.RoundedPoint2D@f3212, Value: [Vertex(-2, 1, 5)]
Key: com.catan.model.RoundedPoint2D@f12d2, Value: [Vertex(-2, 1, 4), Vertex(-2, 0, 0)]
Key: com.catan.model.RoundedPoint2D@1fc3c1, Value: [Vertex(1, 2, 5), Vertex(0, 2, 1)]
Key: com.catan.model.RoundedPoint2D@1fa481, Value: [Vertex(0, 1, 0), Vertex(1, 2, 4), Vertex(0, 2, 2)]
Key: com.catan.model.RoundedPoint2D@1f6601, Value: [Vertex(0, 0, 1), Vertex(0, 1, 3)]
Key: com.catan.model.RoundedPoint2D@1f0841, Value: [Vertex(0, -1, 3), Vertex(0, -2, 1), Vertex(1, -2, 5)]
Key: com.catan.model.RoundedPoint2D@1f46c1, Value: [Vertex(0, -1, 0), Vertex(0, 0, 2)]
Key: com.catan.model.RoundedPoint2D@1ee901, Value: [Vertex(0, -2, 2), Vertex(1, -2, 4)]
Key: com.catan.model.RoundedPoint2D@257700, Value: [Vertex(1, -2, 2)]
Key: com.catan.model.RoundedPoint2D@259640, Value: [Vertex(1, -2, 1)]
Key: com.catan.model.RoundedPoint2D@25f400, Value: [Vertex(1, 1, 3)]
Key: com.catan.model.RoundedPoint2D@2651c0, Value: [Vertex(1, 2, 1)]
Key: com.catan.model.RoundedPoint2D@263280, Value: [Vertex(1, 1, 0), Vertex(1, 2, 2)]
Key: com.catan.model.RoundedPoint2D@1b9271, Value: [Vertex(0, -2, 3)]
Key: com.catan.model.RoundedPoint2D@1bf031, Value: [Vertex(0, -1, 5), Vertex(0, 0, 3)]
Key: com.catan.model.RoundedPoint2D@1bd0f1, Value: [Vertex(0, -1, 4), Vertex(0, -2, 0)]
Key: com.catan.model.RoundedPoint2D@1c8c71, Value: [Vertex(0, 2, 0)]
Key: com.catan.model.RoundedPoint2D@1c4df1, Value: [Vertex(0, 1, 5), Vertex(0, 2, 3), Vertex(-1, 1, 1)]
Key: com.catan.model.RoundedPoint2D@1c2eb1, Value: [Vertex(0, 0, 0), Vertex(0, 1, 4), Vertex(-1, 1, 2)]
Key: com.catan.model.RoundedPoint2D@122ae2, Value: [Vertex(-2, 0, 2)]
Key: com.catan.model.RoundedPoint2D@12a7e2, Value: [Vertex(-1, 2, 5)]
Key: com.catan.model.RoundedPoint2D@124a22, Value: [Vertex(-2, 1, 3), Vertex(-2, 0, 1)]
Key: com.catan.model.RoundedPoint2D@1288a2, Value: [Vertex(-2, 1, 0), Vertex(-1, 2, 4)]
Key: com.catan.model.RoundedPoint2D@231a51, Value: [Vertex(1, 2, 0)]
Key: com.catan.model.RoundedPoint2D@222051, Value: [Vertex(1, -2, 3)]
Key: com.catan.model.RoundedPoint2D@22dbd1, Value: [Vertex(1, 1, 5), Vertex(0, 1, 1), Vertex(1, 2, 3)]
Key: com.catan.model.RoundedPoint2D@22bc91, Value: [Vertex(1, 1, 4), Vertex(0, 1, 2)]
Key: com.catan.model.RoundedPoint2D@225ed1, Value: [Vertex(0, -1, 2), Vertex(1, -2, 0)]
Key: com.catan.model.RoundedPoint2D@227e11, Value: [Vertex(0, -1, 1)]
Key: com.catan.model.RoundedPoint2D@11ec62, Value: [Vertex(-1, -2, 5)]
Key: com.catan.model.RoundedPoint2D@11cd22, Value: [Vertex(-1, -2, 4)]
Key: com.catan.model.RoundedPoint2D@1935e1, Value: [Vertex(0, 2, 5), Vertex(-1, 2, 1)]
Key: com.catan.model.RoundedPoint2D@1916a1, Value: [Vertex(0, 2, 4), Vertex(-1, 2, 2), Vertex(-1, 1, 0)]
Key: com.catan.model.RoundedPoint2D@294a90, Value: [Vertex(1, 1, 2)]
Key: com.catan.model.RoundedPoint2D@2969d0, Value: [Vertex(1, 1, 1)]
Key: com.catan.model.RoundedPoint2D@18d821, Value: [Vertex(0, 0, 5), Vertex(-1, 1, 3)]
Key: com.catan.model.RoundedPoint2D@18b8e1, Value: [Vertex(0, 0, 4)]
Key: com.catan.model.RoundedPoint2D@185b21, Value: [Vertex(-1, -2, 2), Vertex(0, -2, 4)]
Key: com.catan.model.RoundedPoint2D@187a61, Value: [Vertex(-1, -2, 1), Vertex(0, -2, 5)]
Key: com.catan.model.RoundedPoint2D@15fe91, Value: [Vertex(-1, 2, 0)]
Key: com.catan.model.RoundedPoint2D@15a0d1, Value: [Vertex(-2, 1, 2), Vertex(-1, 1, 4)]
Key: com.catan.model.RoundedPoint2D@15c011, Value: [Vertex(-2, 1, 1), Vertex(-1, 2, 3)]
Key: com.catan.model.RoundedPoint2D@150491, Value: [Vertex(-1, -2, 3)]
Key: com.catan.model.RoundedPoint2D@154311, Value: [Vertex(-1, -2, 0)]
Key: com.catan.model.RoundedPoint2D@bbc42, Value: [Vertex(-2, 0, 5)]
Key: com.catan.model.RoundedPoint2D@b9d02, Value: [Vertex(-2, 0, 4)]
Key: com.catan.model.RoundedPoint2D@ed452, Value: [Vertex(-2, 0, 3)]
Key: com.catan.model.RoundedPoint2D@f3212, Value: [Vertex(-2, 1, 5)]
Key: com.catan.model.RoundedPoint2D@f12d2, Value: [Vertex(-2, 1, 4), Vertex(-2, 0, 0)]
Key: com.catan.model.RoundedPoint2D@1fc3c1, Value: [Vertex(1, 2, 5), Vertex(0, 2, 1)]
Key: com.catan.model.RoundedPoint2D@1fa481, Value: [Vertex(0, 1, 0), Vertex(1, 2, 4), Vertex(0, 2, 2)]
Key: com.catan.model.RoundedPoint2D@1f6601, Value: [Vertex(0, 0, 1), Vertex(0, 1, 3)]
Key: com.catan.model.RoundedPoint2D@1f0841, Value: [Vertex(0, -1, 3), Vertex(0, -2, 1), Vertex(1, -2, 5)]
Key: com.catan.model.RoundedPoint2D@1f46c1, Value: [Vertex(0, -1, 0), Vertex(0, 0, 2)]
Key: com.catan.model.RoundedPoint2D@1ee901, Value: [Vertex(0, -2, 2), Vertex(1, -2, 4)]
Key: com.catan.model.RoundedPoint2D@257700, Value: [Vertex(1, -2, 2)]
Key: com.catan.model.RoundedPoint2D@259640, Value: [Vertex(1, -2, 1)]
Key: com.catan.model.RoundedPoint2D@25f400, Value: [Vertex(1, 1, 3)]
Key: com.catan.model.RoundedPoint2D@2651c0, Value: [Vertex(1, 2, 1)]
Key: com.catan.model.RoundedPoint2D@263280, Value: [Vertex(1, 1, 0), Vertex(1, 2, 2)]
Key: com.catan.model.RoundedPoint2D@1b9271, Value: [Vertex(0, -2, 3)]
Key: com.catan.model.RoundedPoint2D@1bf031, Value: [Vertex(0, -1, 5), Vertex(0, 0, 3)]
Key: com.catan.model.RoundedPoint2D@1bd0f1, Value: [Vertex(0, -1, 4), Vertex(0, -2, 0)]
Key: com.catan.model.RoundedPoint2D@1c8c71, Value: [Vertex(0, 2, 0)]
Key: com.catan.model.RoundedPoint2D@1c4df1, Value: [Vertex(0, 1, 5), Vertex(0, 2, 3), Vertex(-1, 1, 1)]
Key: com.catan.model.RoundedPoint2D@1c2eb1, Value: [Vertex(0, 0, 0), Vertex(0, 1, 4), Vertex(-1, 1, 2)]
Key: com.catan.model.RoundedPoint2D@122ae2, Value: [Vertex(-2, 0, 2)]
Key: com.catan.model.RoundedPoint2D@12a7e2, Value: [Vertex(-1, 2, 5)]
Key: com.catan.model.RoundedPoint2D@124a22, Value: [Vertex(-2, 1, 3), Vertex(-2, 0, 1)]
Key: com.catan.model.RoundedPoint2D@1288a2, Value: [Vertex(-2, 1, 0), Vertex(-1, 2, 4)]
Key: com.catan.model.RoundedPoint2D@231a51, Value: [Vertex(1, 2, 0)]
Key: com.catan.model.RoundedPoint2D@222051, Value: [Vertex(1, -2, 3)]
Key: com.catan.model.RoundedPoint2D@22dbd1, Value: [Vertex(1, 1, 5), Vertex(0, 1, 1), Vertex(1, 2, 3)]
Key: com.catan.model.RoundedPoint2D@22bc91, Value: [Vertex(1, 1, 4), Vertex(0, 1, 2)]
Key: com.catan.model.RoundedPoint2D@225ed1, Value: [Vertex(0, -1, 2), Vertex(1, -2, 0)]
Key: com.catan.model.RoundedPoint2D@227e11, Value: [Vertex(0, -1, 1)]
Key: com.catan.model.RoundedPoint2D@11ec62, Value: [Vertex(-1, -2, 5)]
Key: com.catan.model.RoundedPoint2D@11cd22, Value: [Vertex(-1, -2, 4)]
Key: com.catan.model.RoundedPoint2D@1935e1, Value: [Vertex(0, 2, 5), Vertex(-1, 2, 1)]
Key: com.catan.model.RoundedPoint2D@1916a1, Value: [Vertex(0, 2, 4), Vertex(-1, 2, 2), Vertex(-1, 1, 0)]
Key: com.catan.model.RoundedPoint2D@294a90, Value: [Vertex(1, 1, 2)]
Key: com.catan.model.RoundedPoint2D@2969d0, Value: [Vertex(1, 1, 1)]
Key: com.catan.model.RoundedPoint2D@18d821, Value: [Vertex(0, 0, 5), Vertex(-1, 1, 3)]
Key: com.catan.model.RoundedPoint2D@18b8e1, Value: [Vertex(0, 0, 4)]
Key: com.catan.model.RoundedPoint2D@185b21, Value: [Vertex(-1, -2, 2), Vertex(0, -2, 4)]
Key: com.catan.model.RoundedPoint2D@187a61, Value: [Vertex(-1, -2, 1), Vertex(0, -2, 5)]
Key: com.catan.model.RoundedPoint2D@15fe91, Value: [Vertex(-1, 2, 0)]
Key: com.catan.model.RoundedPoint2D@15a0d1, Value: [Vertex(-2, 1, 2), Vertex(-1, 1, 4)]
Key: com.catan.model.RoundedPoint2D@15c011, Value: [Vertex(-2, 1, 1), Vertex(-1, 2, 3), Vertex(-1, 1, 5)]
Key: com.catan.model.RoundedPoint2D@150491, Value: [Vertex(-1, -2, 3)]
Key: com.catan.model.RoundedPoint2D@154311, Value: [Vertex(-1, -2, 0)]
Key: com.catan.model.RoundedPoint2D@bbc42, Value: [Vertex(-2, 0, 5)]
Key: com.catan.model.RoundedPoint2D@b9d02, Value: [Vertex(-2, 0, 4)]
Key: com.catan.model.RoundedPoint2D@ed452, Value: [Vertex(-2, 0, 3)]
Key: com.catan.model.RoundedPoint2D@f3212, Value: [Vertex(-2, 1, 5)]
Key: com.catan.model.RoundedPoint2D@f12d2, Value: [Vertex(-2, 1, 4), Vertex(-2, 0, 0)]
Key: com.catan.model.RoundedPoint2D@1fc3c1, Value: [Vertex(1, 2, 5), Vertex(0, 2, 1)]
Key: com.catan.model.RoundedPoint2D@1fa481, Value: [Vertex(0, 1, 0), Vertex(1, 2, 4), Vertex(0, 2, 2)]
Key: com.catan.model.RoundedPoint2D@1f6601, Value: [Vertex(0, 0, 1), Vertex(0, 1, 3)]
Key: com.catan.model.RoundedPoint2D@1f0841, Value: [Vertex(0, -1, 3), Vertex(0, -2, 1), Vertex(1, -2, 5)]
Key: com.catan.model.RoundedPoint2D@1f46c1, Value: [Vertex(0, -1, 0), Vertex(0, 0, 2)]
Key: com.catan.model.RoundedPoint2D@1ee901, Value: [Vertex(0, -2, 2), Vertex(1, -2, 4)]
Key: com.catan.model.RoundedPoint2D@257700, Value: [Vertex(1, -2, 2)]
Key: com.catan.model.RoundedPoint2D@259640, Value: [Vertex(1, -2, 1)]
Key: com.catan.model.RoundedPoint2D@25f400, Value: [Vertex(1, 1, 3)]
Key: com.catan.model.RoundedPoint2D@2651c0, Value: [Vertex(1, 2, 1)]
Key: com.catan.model.RoundedPoint2D@263280, Value: [Vertex(1, 1, 0), Vertex(1, 2, 2)]
Key: com.catan.model.RoundedPoint2D@1b9271, Value: [Vertex(0, -2, 3)]
Key: com.catan.model.RoundedPoint2D@1bf031, Value: [Vertex(0, -1, 5), Vertex(0, 0, 3)]
Key: com.catan.model.RoundedPoint2D@1bd0f1, Value: [Vertex(0, -1, 4), Vertex(0, -2, 0)]
Key: com.catan.model.RoundedPoint2D@1c8c71, Value: [Vertex(0, 2, 0)]
Key: com.catan.model.RoundedPoint2D@1c4df1, Value: [Vertex(0, 1, 5), Vertex(0, 2, 3), Vertex(-1, 1, 1)]
Key: com.catan.model.RoundedPoint2D@1c2eb1, Value: [Vertex(0, 0, 0), Vertex(0, 1, 4), Vertex(-1, 1, 2)]
Key: com.catan.model.RoundedPoint2D@122ae2, Value: [Vertex(-2, 0, 2)]
Key: com.catan.model.RoundedPoint2D@12a7e2, Value: [Vertex(-1, 2, 5)]
Key: com.catan.model.RoundedPoint2D@124a22, Value: [Vertex(-2, 1, 3), Vertex(-2, 0, 1)]
Key: com.catan.model.RoundedPoint2D@1288a2, Value: [Vertex(-2, 1, 0), Vertex(-1, 2, 4)]
Key: com.catan.model.RoundedPoint2D@231a51, Value: [Vertex(1, 2, 0)]
Key: com.catan.model.RoundedPoint2D@222051, Value: [Vertex(1, -2, 3)]
Key: com.catan.model.RoundedPoint2D@22dbd1, Value: [Vertex(1, 1, 5), Vertex(0, 1, 1), Vertex(1, 2, 3)]
Key: com.catan.model.RoundedPoint2D@22bc91, Value: [Vertex(1, 1, 4), Vertex(0, 1, 2)]
Key: com.catan.model.RoundedPoint2D@225ed1, Value: [Vertex(0, -1, 2), Vertex(1, -2, 0)]
Key: com.catan.model.RoundedPoint2D@227e11, Value: [Vertex(0, -1, 1)]
Key: com.catan.model.RoundedPoint2D@11ec62, Value: [Vertex(-1, -2, 5)]
Key: com.catan.model.RoundedPoint2D@11cd22, Value: [Vertex(-1, -2, 4)]
Key: com.catan.model.RoundedPoint2D@1935e1, Value: [Vertex(0, 2, 5), Vertex(-1, 2, 1)]
Key: com.catan.model.RoundedPoint2D@1916a1, Value: [Vertex(0, 2, 4), Vertex(-1, 2, 2), Vertex(-1, 1, 0)]
Key: com.catan.model.RoundedPoint2D@294a90, Value: [Vertex(1, 1, 2)]
Key: com.catan.model.RoundedPoint2D@2969d0, Value: [Vertex(1, 1, 1)]
Key: com.catan.model.RoundedPoint2D@18d821, Value: [Vertex(0, 0, 5), Vertex(-1, 1, 3)]
Key: com.catan.model.RoundedPoint2D@18b8e1, Value: [Vertex(0, 0, 4)]
Key: com.catan.model.RoundedPoint2D@185b21, Value: [Vertex(-1, -2, 2), Vertex(0, -2, 4)]
Key: com.catan.model.RoundedPoint2D@187a61, Value: [Vertex(-1, -2, 1), Vertex(0, -2, 5)]
Key: com.catan.model.RoundedPoint2D@15fe91, Value: [Vertex(-1, 2, 0)]
Key: com.catan.model.RoundedPoint2D@15a0d1, Value: [Vertex(-2, 1, 2), Vertex(-1, 1, 4)]
Key: com.catan.model.RoundedPoint2D@15c011, Value: [Vertex(-2, 1, 1), Vertex(-1, 2, 3), Vertex(-1, 1, 5)]
Key: com.catan.model.RoundedPoint2D@150491, Value: [Vertex(-1, -2, 3)]
Key: com.catan.model.RoundedPoint2D@154311, Value: [Vertex(-1, -2, 0)]
Key: com.catan.model.RoundedPoint2D@bbc42, Value: [Vertex(-2, 0, 5)]
Key: com.catan.model.RoundedPoint2D@b9d02, Value: [Vertex(-2, 0, 4)]
Key: com.catan.model.RoundedPoint2D@ed452, Value: [Vertex(-2, 0, 3)]
Key: com.catan.model.RoundedPoint2D@f3212, Value: [Vertex(-2, 1, 5)]
Key: com.catan.model.RoundedPoint2D@f12d2, Value: [Vertex(-2, 1, 4), Vertex(-2, 0, 0)]
Key: com.catan.model.RoundedPoint2D@1fc3c1, Value: [Vertex(1, 2, 5), Vertex(0, 2, 1)]
Key: com.catan.model.RoundedPoint2D@1fa481, Value: [Vertex(0, 1, 0), Vertex(1, 2, 4), Vertex(0, 2, 2)]
Key: com.catan.model.RoundedPoint2D@1f6601, Value: [Vertex(0, 0, 1), Vertex(0, 1, 3)]
Key: com.catan.model.RoundedPoint2D@1f0841, Value: [Vertex(0, -1, 3), Vertex(0, -2, 1), Vertex(1, -2, 5)]
Key: com.catan.model.RoundedPoint2D@1f46c1, Value: [Vertex(0, -1, 0), Vertex(0, 0, 2)]
Key: com.catan.model.RoundedPoint2D@1ee901, Value: [Vertex(0, -2, 2), Vertex(1, -2, 4)]
Key: com.catan.model.RoundedPoint2D@257700, Value: [Vertex(1, -2, 2)]
Key: com.catan.model.RoundedPoint2D@259640, Value: [Vertex(1, -2, 1)]
Key: com.catan.model.RoundedPoint2D@25f400, Value: [Vertex(1, 1, 3)]
Key: com.catan.model.RoundedPoint2D@2651c0, Value: [Vertex(1, 2, 1)]
Key: com.catan.model.RoundedPoint2D@263280, Value: [Vertex(1, 1, 0), Vertex(1, 2, 2)]
Key: com.catan.model.RoundedPoint2D@1b9271, Value: [Vertex(0, -2, 3)]
Key: com.catan.model.RoundedPoint2D@1bf031, Value: [Vertex(0, -1, 5), Vertex(0, 0, 3)]
Key: com.catan.model.RoundedPoint2D@1bd0f1, Value: [Vertex(0, -1, 4), Vertex(0, -2, 0)]
Key: com.catan.model.RoundedPoint2D@1c8c71, Value: [Vertex(0, 2, 0)]
Key: com.catan.model.RoundedPoint2D@1c4df1, Value: [Vertex(0, 1, 5), Vertex(0, 2, 3), Vertex(-1, 1, 1)]
Key: com.catan.model.RoundedPoint2D@1c2eb1, Value: [Vertex(0, 0, 0), Vertex(0, 1, 4), Vertex(-1, 1, 2)]
Key: com.catan.model.RoundedPoint2D@122ae2, Value: [Vertex(-2, 0, 2), Vertex(-2, -1, 0)]
Key: com.catan.model.RoundedPoint2D@12a7e2, Value: [Vertex(-1, 2, 5)]
Key: com.catan.model.RoundedPoint2D@124a22, Value: [Vertex(-2, 1, 3), Vertex(-2, 0, 1)]
Key: com.catan.model.RoundedPoint2D@1288a2, Value: [Vertex(-2, 1, 0), Vertex(-1, 2, 4)]
Key: com.catan.model.RoundedPoint2D@231a51, Value: [Vertex(1, 2, 0)]
Key: com.catan.model.RoundedPoint2D@222051, Value: [Vertex(1, -2, 3)]
Key: com.catan.model.RoundedPoint2D@22dbd1, Value: [Vertex(1, 1, 5), Vertex(0, 1, 1), Vertex(1, 2, 3)]
Key: com.catan.model.RoundedPoint2D@22bc91, Value: [Vertex(1, 1, 4), Vertex(0, 1, 2)]
Key: com.catan.model.RoundedPoint2D@225ed1, Value: [Vertex(0, -1, 2), Vertex(1, -2, 0)]
Key: com.catan.model.RoundedPoint2D@227e11, Value: [Vertex(0, -1, 1)]
Key: com.catan.model.RoundedPoint2D@11ec62, Value: [Vertex(-1, -2, 5)]
Key: com.catan.model.RoundedPoint2D@11cd22, Value: [Vertex(-1, -2, 4)]
Key: com.catan.model.RoundedPoint2D@1935e1, Value: [Vertex(0, 2, 5), Vertex(-1, 2, 1)]
Key: com.catan.model.RoundedPoint2D@1916a1, Value: [Vertex(0, 2, 4), Vertex(-1, 2, 2), Vertex(-1, 1, 0)]
Key: com.catan.model.RoundedPoint2D@294a90, Value: [Vertex(1, 1, 2)]
Key: com.catan.model.RoundedPoint2D@2969d0, Value: [Vertex(1, 1, 1)]
Key: com.catan.model.RoundedPoint2D@18d821, Value: [Vertex(0, 0, 5), Vertex(-1, 1, 3)]
Key: com.catan.model.RoundedPoint2D@18b8e1, Value: [Vertex(0, 0, 4)]
Key: com.catan.model.RoundedPoint2D@185b21, Value: [Vertex(-1, -2, 2), Vertex(0, -2, 4)]
Key: com.catan.model.RoundedPoint2D@187a61, Value: [Vertex(-1, -2, 1), Vertex(0, -2, 5)]
Key: com.catan.model.RoundedPoint2D@156251, Value: [Vertex(-2, -1, 1)]
Key: com.catan.model.RoundedPoint2D@15fe91, Value: [Vertex(-1, 2, 0)]
Key: com.catan.model.RoundedPoint2D@15a0d1, Value: [Vertex(-2, 1, 2), Vertex(-1, 1, 4)]
Key: com.catan.model.RoundedPoint2D@15c011, Value: [Vertex(-2, 1, 1), Vertex(-1, 2, 3), Vertex(-1, 1, 5)]
Key: com.catan.model.RoundedPoint2D@150491, Value: [Vertex(-1, -2, 3)]
Key: com.catan.model.RoundedPoint2D@154311, Value: [Vertex(-1, -2, 0)]
Key: com.catan.model.RoundedPoint2D@bbc42, Value: [Vertex(-2, 0, 5)]
Key: com.catan.model.RoundedPoint2D@b9d02, Value: [Vertex(-2, 0, 4)]
Key: com.catan.model.RoundedPoint2D@ed452, Value: [Vertex(-2, 0, 3)]
Key: com.catan.model.RoundedPoint2D@f3212, Value: [Vertex(-2, 1, 5)]
Key: com.catan.model.RoundedPoint2D@f12d2, Value: [Vertex(-2, 1, 4), Vertex(-2, 0, 0)]
Key: com.catan.model.RoundedPoint2D@1fc3c1, Value: [Vertex(1, 2, 5), Vertex(0, 2, 1)]
Key: com.catan.model.RoundedPoint2D@1fa481, Value: [Vertex(0, 1, 0), Vertex(1, 2, 4), Vertex(0, 2, 2)]
Key: com.catan.model.RoundedPoint2D@1f6601, Value: [Vertex(0, 0, 1), Vertex(0, 1, 3)]
Key: com.catan.model.RoundedPoint2D@1f0841, Value: [Vertex(0, -1, 3), Vertex(0, -2, 1), Vertex(1, -2, 5)]
Key: com.catan.model.RoundedPoint2D@1f46c1, Value: [Vertex(0, -1, 0), Vertex(0, 0, 2)]
Key: com.catan.model.RoundedPoint2D@1ee901, Value: [Vertex(0, -2, 2), Vertex(1, -2, 4)]
Key: com.catan.model.RoundedPoint2D@257700, Value: [Vertex(1, -2, 2)]
Key: com.catan.model.RoundedPoint2D@259640, Value: [Vertex(1, -2, 1)]
Key: com.catan.model.RoundedPoint2D@25f400, Value: [Vertex(1, 1, 3)]
Key: com.catan.model.RoundedPoint2D@2651c0, Value: [Vertex(1, 2, 1)]
Key: com.catan.model.RoundedPoint2D@263280, Value: [Vertex(1, 1, 0), Vertex(1, 2, 2)]
Key: com.catan.model.RoundedPoint2D@1b9271, Value: [Vertex(0, -2, 3)]
Key: com.catan.model.RoundedPoint2D@1bf031, Value: [Vertex(0, -1, 5), Vertex(0, 0, 3)]
Key: com.catan.model.RoundedPoint2D@1bd0f1, Value: [Vertex(0, -1, 4), Vertex(0, -2, 0)]
Key: com.catan.model.RoundedPoint2D@1c8c71, Value: [Vertex(0, 2, 0)]
Key: com.catan.model.RoundedPoint2D@1c4df1, Value: [Vertex(0, 1, 5), Vertex(0, 2, 3), Vertex(-1, 1, 1)]
Key: com.catan.model.RoundedPoint2D@1c2eb1, Value: [Vertex(0, 0, 0), Vertex(0, 1, 4), Vertex(-1, 1, 2)]
Key: com.catan.model.RoundedPoint2D@122ae2, Value: [Vertex(-2, 0, 2), Vertex(-2, -1, 0)]
Key: com.catan.model.RoundedPoint2D@12a7e2, Value: [Vertex(-1, 2, 5)]
Key: com.catan.model.RoundedPoint2D@124a22, Value: [Vertex(-2, 1, 3), Vertex(-2, 0, 1)]
Key: com.catan.model.RoundedPoint2D@1288a2, Value: [Vertex(-2, 1, 0), Vertex(-1, 2, 4)]
Key: com.catan.model.RoundedPoint2D@231a51, Value: [Vertex(1, 2, 0)]
Key: com.catan.model.RoundedPoint2D@222051, Value: [Vertex(1, -2, 3)]
Key: com.catan.model.RoundedPoint2D@22dbd1, Value: [Vertex(1, 1, 5), Vertex(0, 1, 1), Vertex(1, 2, 3)]
Key: com.catan.model.RoundedPoint2D@22bc91, Value: [Vertex(1, 1, 4), Vertex(0, 1, 2)]
Key: com.catan.model.RoundedPoint2D@225ed1, Value: [Vertex(0, -1, 2), Vertex(1, -2, 0)]
Key: com.catan.model.RoundedPoint2D@227e11, Value: [Vertex(0, -1, 1)]
Key: com.catan.model.RoundedPoint2D@11ec62, Value: [Vertex(-1, -2, 5)]
Key: com.catan.model.RoundedPoint2D@11cd22, Value: [Vertex(-1, -2, 4)]
Key: com.catan.model.RoundedPoint2D@1935e1, Value: [Vertex(0, 2, 5), Vertex(-1, 2, 1)]
Key: com.catan.model.RoundedPoint2D@1916a1, Value: [Vertex(0, 2, 4), Vertex(-1, 2, 2), Vertex(-1, 1, 0)]
Key: com.catan.model.RoundedPoint2D@294a90, Value: [Vertex(1, 1, 2)]
Key: com.catan.model.RoundedPoint2D@2969d0, Value: [Vertex(1, 1, 1)]
Key: com.catan.model.RoundedPoint2D@18d821, Value: [Vertex(0, 0, 5), Vertex(-1, 1, 3)]
Key: com.catan.model.RoundedPoint2D@18b8e1, Value: [Vertex(0, 0, 4)]
Key: com.catan.model.RoundedPoint2D@185b21, Value: [Vertex(-1, -2, 2), Vertex(0, -2, 4)]
Key: com.catan.model.RoundedPoint2D@187a61, Value: [Vertex(-1, -2, 1), Vertex(0, -2, 5)]
Key: com.catan.model.RoundedPoint2D@156251, Value: [Vertex(-2, -1, 1)]
Key: com.catan.model.RoundedPoint2D@15fe91, Value: [Vertex(-1, 2, 0)]
Key: com.catan.model.RoundedPoint2D@15a0d1, Value: [Vertex(-2, 1, 2), Vertex(-1, 1, 4)]
Key: com.catan.model.RoundedPoint2D@15c011, Value: [Vertex(-2, 1, 1), Vertex(-1, 2, 3), Vertex(-1, 1, 5)]
Key: com.catan.model.RoundedPoint2D@150491, Value: [Vertex(-1, -2, 3)]
Key: com.catan.model.RoundedPoint2D@154311, Value: [Vertex(-1, -2, 0), Vertex(-2, -1, 2)]
Key: com.catan.model.RoundedPoint2D@bbc42, Value: [Vertex(-2, 0, 5)]
Key: com.catan.model.RoundedPoint2D@b9d02, Value: [Vertex(-2, 0, 4)]
Key: com.catan.model.RoundedPoint2D@ed452, Value: [Vertex(-2, 0, 3)]
Key: com.catan.model.RoundedPoint2D@f3212, Value: [Vertex(-2, 1, 5)]
Key: com.catan.model.RoundedPoint2D@f12d2, Value: [Vertex(-2, 1, 4), Vertex(-2, 0, 0)]
Key: com.catan.model.RoundedPoint2D@1fc3c1, Value: [Vertex(1, 2, 5), Vertex(0, 2, 1)]
Key: com.catan.model.RoundedPoint2D@1fa481, Value: [Vertex(0, 1, 0), Vertex(1, 2, 4), Vertex(0, 2, 2)]
Key: com.catan.model.RoundedPoint2D@1f6601, Value: [Vertex(0, 0, 1), Vertex(0, 1, 3)]
Key: com.catan.model.RoundedPoint2D@1f0841, Value: [Vertex(0, -1, 3), Vertex(0, -2, 1), Vertex(1, -2, 5)]
Key: com.catan.model.RoundedPoint2D@1f46c1, Value: [Vertex(0, -1, 0), Vertex(0, 0, 2)]
Key: com.catan.model.RoundedPoint2D@1ee901, Value: [Vertex(0, -2, 2), Vertex(1, -2, 4)]
Key: com.catan.model.RoundedPoint2D@257700, Value: [Vertex(1, -2, 2)]
Key: com.catan.model.RoundedPoint2D@259640, Value: [Vertex(1, -2, 1)]
Key: com.catan.model.RoundedPoint2D@25f400, Value: [Vertex(1, 1, 3)]
Key: com.catan.model.RoundedPoint2D@2651c0, Value: [Vertex(1, 2, 1)]
Key: com.catan.model.RoundedPoint2D@263280, Value: [Vertex(1, 1, 0), Vertex(1, 2, 2)]
Key: com.catan.model.RoundedPoint2D@1b9271, Value: [Vertex(0, -2, 3)]
Key: com.catan.model.RoundedPoint2D@1bf031, Value: [Vertex(0, -1, 5), Vertex(0, 0, 3)]
Key: com.catan.model.RoundedPoint2D@1bd0f1, Value: [Vertex(0, -1, 4), Vertex(0, -2, 0)]
Key: com.catan.model.RoundedPoint2D@1c8c71, Value: [Vertex(0, 2, 0)]
Key: com.catan.model.RoundedPoint2D@1c4df1, Value: [Vertex(0, 1, 5), Vertex(0, 2, 3), Vertex(-1, 1, 1)]
Key: com.catan.model.RoundedPoint2D@1c2eb1, Value: [Vertex(0, 0, 0), Vertex(0, 1, 4), Vertex(-1, 1, 2)]
Key: com.catan.model.RoundedPoint2D@122ae2, Value: [Vertex(-2, 0, 2), Vertex(-2, -1, 0)]
Key: com.catan.model.RoundedPoint2D@12a7e2, Value: [Vertex(-1, 2, 5)]
Key: com.catan.model.RoundedPoint2D@124a22, Value: [Vertex(-2, 1, 3), Vertex(-2, 0, 1)]
Key: com.catan.model.RoundedPoint2D@1288a2, Value: [Vertex(-2, 1, 0), Vertex(-1, 2, 4)]
Key: com.catan.model.RoundedPoint2D@231a51, Value: [Vertex(1, 2, 0)]
Key: com.catan.model.RoundedPoint2D@222051, Value: [Vertex(1, -2, 3)]
Key: com.catan.model.RoundedPoint2D@22dbd1, Value: [Vertex(1, 1, 5), Vertex(0, 1, 1), Vertex(1, 2, 3)]
Key: com.catan.model.RoundedPoint2D@22bc91, Value: [Vertex(1, 1, 4), Vertex(0, 1, 2)]
Key: com.catan.model.RoundedPoint2D@225ed1, Value: [Vertex(0, -1, 2), Vertex(1, -2, 0)]
Key: com.catan.model.RoundedPoint2D@227e11, Value: [Vertex(0, -1, 1)]
Key: com.catan.model.RoundedPoint2D@11ec62, Value: [Vertex(-1, -2, 5)]
Key: com.catan.model.RoundedPoint2D@11cd22, Value: [Vertex(-1, -2, 4)]
Key: com.catan.model.RoundedPoint2D@1935e1, Value: [Vertex(0, 2, 5), Vertex(-1, 2, 1)]
Key: com.catan.model.RoundedPoint2D@1916a1, Value: [Vertex(0, 2, 4), Vertex(-1, 2, 2), Vertex(-1, 1, 0)]
Key: com.catan.model.RoundedPoint2D@294a90, Value: [Vertex(1, 1, 2)]
Key: com.catan.model.RoundedPoint2D@2969d0, Value: [Vertex(1, 1, 1)]
Key: com.catan.model.RoundedPoint2D@18d821, Value: [Vertex(0, 0, 5), Vertex(-1, 1, 3)]
Key: com.catan.model.RoundedPoint2D@18b8e1, Value: [Vertex(0, 0, 4)]
Key: com.catan.model.RoundedPoint2D@185b21, Value: [Vertex(-1, -2, 2), Vertex(0, -2, 4)]
Key: com.catan.model.RoundedPoint2D@187a61, Value: [Vertex(-1, -2, 1), Vertex(0, -2, 5)]
Key: com.catan.model.RoundedPoint2D@156251, Value: [Vertex(-2, -1, 1)]
Key: com.catan.model.RoundedPoint2D@15fe91, Value: [Vertex(-1, 2, 0)]
Key: com.catan.model.RoundedPoint2D@15a0d1, Value: [Vertex(-2, 1, 2), Vertex(-1, 1, 4)]
Key: com.catan.model.RoundedPoint2D@15c011, Value: [Vertex(-2, 1, 1), Vertex(-1, 2, 3), Vertex(-1, 1, 5)]
Key: com.catan.model.RoundedPoint2D@150491, Value: [Vertex(-1, -2, 3)]
Key: com.catan.model.RoundedPoint2D@154311, Value: [Vertex(-1, -2, 0), Vertex(-2, -1, 2)]
Key: com.catan.model.RoundedPoint2D@bbc42, Value: [Vertex(-2, 0, 5)]
Key: com.catan.model.RoundedPoint2D@b9d02, Value: [Vertex(-2, 0, 4)]
Key: com.catan.model.RoundedPoint2D@ed452, Value: [Vertex(-2, 0, 3)]
Key: com.catan.model.RoundedPoint2D@f3212, Value: [Vertex(-2, 1, 5)]
Key: com.catan.model.RoundedPoint2D@f12d2, Value: [Vertex(-2, 1, 4), Vertex(-2, 0, 0)]
Key: com.catan.model.RoundedPoint2D@1fc3c1, Value: [Vertex(1, 2, 5), Vertex(0, 2, 1)]
Key: com.catan.model.RoundedPoint2D@1fa481, Value: [Vertex(0, 1, 0), Vertex(1, 2, 4), Vertex(0, 2, 2)]
Key: com.catan.model.RoundedPoint2D@1f6601, Value: [Vertex(0, 0, 1), Vertex(0, 1, 3)]
Key: com.catan.model.RoundedPoint2D@1f0841, Value: [Vertex(0, -1, 3), Vertex(0, -2, 1), Vertex(1, -2, 5)]
Key: com.catan.model.RoundedPoint2D@1f46c1, Value: [Vertex(0, -1, 0), Vertex(0, 0, 2)]
Key: com.catan.model.RoundedPoint2D@1ee901, Value: [Vertex(0, -2, 2), Vertex(1, -2, 4)]
Key: com.catan.model.RoundedPoint2D@257700, Value: [Vertex(1, -2, 2)]
Key: com.catan.model.RoundedPoint2D@259640, Value: [Vertex(1, -2, 1)]
Key: com.catan.model.RoundedPoint2D@25f400, Value: [Vertex(1, 1, 3)]
Key: com.catan.model.RoundedPoint2D@2651c0, Value: [Vertex(1, 2, 1)]
Key: com.catan.model.RoundedPoint2D@263280, Value: [Vertex(1, 1, 0), Vertex(1, 2, 2)]
Key: com.catan.model.RoundedPoint2D@1b9271, Value: [Vertex(0, -2, 3)]
Key: com.catan.model.RoundedPoint2D@1bf031, Value: [Vertex(0, -1, 5), Vertex(0, 0, 3)]
Key: com.catan.model.RoundedPoint2D@1bd0f1, Value: [Vertex(0, -1, 4), Vertex(0, -2, 0)]
Key: com.catan.model.RoundedPoint2D@1c8c71, Value: [Vertex(0, 2, 0)]
Key: com.catan.model.RoundedPoint2D@1c4df1, Value: [Vertex(0, 1, 5), Vertex(0, 2, 3), Vertex(-1, 1, 1)]
Key: com.catan.model.RoundedPoint2D@1c2eb1, Value: [Vertex(0, 0, 0), Vertex(0, 1, 4), Vertex(-1, 1, 2)]
Key: com.catan.model.RoundedPoint2D@122ae2, Value: [Vertex(-2, 0, 2), Vertex(-2, -1, 0)]
Key: com.catan.model.RoundedPoint2D@12a7e2, Value: [Vertex(-1, 2, 5)]
Key: com.catan.model.RoundedPoint2D@124a22, Value: [Vertex(-2, 1, 3), Vertex(-2, 0, 1)]
Key: com.catan.model.RoundedPoint2D@1288a2, Value: [Vertex(-2, 1, 0), Vertex(-1, 2, 4)]
Key: com.catan.model.RoundedPoint2D@231a51, Value: [Vertex(1, 2, 0)]
Key: com.catan.model.RoundedPoint2D@222051, Value: [Vertex(1, -2, 3)]
Key: com.catan.model.RoundedPoint2D@22dbd1, Value: [Vertex(1, 1, 5), Vertex(0, 1, 1), Vertex(1, 2, 3)]
Key: com.catan.model.RoundedPoint2D@22bc91, Value: [Vertex(1, 1, 4), Vertex(0, 1, 2)]
Key: com.catan.model.RoundedPoint2D@225ed1, Value: [Vertex(0, -1, 2), Vertex(1, -2, 0)]
Key: com.catan.model.RoundedPoint2D@227e11, Value: [Vertex(0, -1, 1)]
Key: com.catan.model.RoundedPoint2D@11ec62, Value: [Vertex(-1, -2, 5), Vertex(-2, -1, 3)]
Key: com.catan.model.RoundedPoint2D@11cd22, Value: [Vertex(-1, -2, 4)]
Key: com.catan.model.RoundedPoint2D@1935e1, Value: [Vertex(0, 2, 5), Vertex(-1, 2, 1)]
Key: com.catan.model.RoundedPoint2D@1916a1, Value: [Vertex(0, 2, 4), Vertex(-1, 2, 2), Vertex(-1, 1, 0)]
Key: com.catan.model.RoundedPoint2D@294a90, Value: [Vertex(1, 1, 2)]
Key: com.catan.model.RoundedPoint2D@2969d0, Value: [Vertex(1, 1, 1)]
Key: com.catan.model.RoundedPoint2D@18d821, Value: [Vertex(0, 0, 5), Vertex(-1, 1, 3)]
Key: com.catan.model.RoundedPoint2D@18b8e1, Value: [Vertex(0, 0, 4)]
Key: com.catan.model.RoundedPoint2D@185b21, Value: [Vertex(-1, -2, 2), Vertex(0, -2, 4)]
Key: com.catan.model.RoundedPoint2D@187a61, Value: [Vertex(-1, -2, 1), Vertex(0, -2, 5)]
Key: com.catan.model.RoundedPoint2D@156251, Value: [Vertex(-2, -1, 1)]
Key: com.catan.model.RoundedPoint2D@15fe91, Value: [Vertex(-1, 2, 0)]
Key: com.catan.model.RoundedPoint2D@15a0d1, Value: [Vertex(-2, 1, 2), Vertex(-1, 1, 4)]
Key: com.catan.model.RoundedPoint2D@15c011, Value: [Vertex(-2, 1, 1), Vertex(-1, 2, 3), Vertex(-1, 1, 5)]
Key: com.catan.model.RoundedPoint2D@150491, Value: [Vertex(-1, -2, 3)]
Key: com.catan.model.RoundedPoint2D@154311, Value: [Vertex(-1, -2, 0), Vertex(-2, -1, 2)]
Key: com.catan.model.RoundedPoint2D@bbc42, Value: [Vertex(-2, 0, 5)]
Key: com.catan.model.RoundedPoint2D@b9d02, Value: [Vertex(-2, 0, 4)]
Key: com.catan.model.RoundedPoint2D@eb512, Value: [Vertex(-2, -1, 4)]
Key: com.catan.model.RoundedPoint2D@ed452, Value: [Vertex(-2, 0, 3)]
Key: com.catan.model.RoundedPoint2D@f3212, Value: [Vertex(-2, 1, 5)]
Key: com.catan.model.RoundedPoint2D@f12d2, Value: [Vertex(-2, 1, 4), Vertex(-2, 0, 0)]
Key: com.catan.model.RoundedPoint2D@1fc3c1, Value: [Vertex(1, 2, 5), Vertex(0, 2, 1)]
Key: com.catan.model.RoundedPoint2D@1fa481, Value: [Vertex(0, 1, 0), Vertex(1, 2, 4), Vertex(0, 2, 2)]
Key: com.catan.model.RoundedPoint2D@1f6601, Value: [Vertex(0, 0, 1), Vertex(0, 1, 3)]
Key: com.catan.model.RoundedPoint2D@1f0841, Value: [Vertex(0, -1, 3), Vertex(0, -2, 1), Vertex(1, -2, 5)]
Key: com.catan.model.RoundedPoint2D@1f46c1, Value: [Vertex(0, -1, 0), Vertex(0, 0, 2)]
Key: com.catan.model.RoundedPoint2D@1ee901, Value: [Vertex(0, -2, 2), Vertex(1, -2, 4)]
Key: com.catan.model.RoundedPoint2D@257700, Value: [Vertex(1, -2, 2)]
Key: com.catan.model.RoundedPoint2D@259640, Value: [Vertex(1, -2, 1)]
Key: com.catan.model.RoundedPoint2D@25f400, Value: [Vertex(1, 1, 3)]
Key: com.catan.model.RoundedPoint2D@2651c0, Value: [Vertex(1, 2, 1)]
Key: com.catan.model.RoundedPoint2D@263280, Value: [Vertex(1, 1, 0), Vertex(1, 2, 2)]
Key: com.catan.model.RoundedPoint2D@1b9271, Value: [Vertex(0, -2, 3)]
Key: com.catan.model.RoundedPoint2D@1bf031, Value: [Vertex(0, -1, 5), Vertex(0, 0, 3)]
Key: com.catan.model.RoundedPoint2D@1bd0f1, Value: [Vertex(0, -1, 4), Vertex(0, -2, 0)]
Key: com.catan.model.RoundedPoint2D@1c8c71, Value: [Vertex(0, 2, 0)]
Key: com.catan.model.RoundedPoint2D@1c4df1, Value: [Vertex(0, 1, 5), Vertex(0, 2, 3), Vertex(-1, 1, 1)]
Key: com.catan.model.RoundedPoint2D@1c2eb1, Value: [Vertex(0, 0, 0), Vertex(0, 1, 4), Vertex(-1, 1, 2)]
Key: com.catan.model.RoundedPoint2D@122ae2, Value: [Vertex(-2, 0, 2), Vertex(-2, -1, 0)]
Key: com.catan.model.RoundedPoint2D@12a7e2, Value: [Vertex(-1, 2, 5)]
Key: com.catan.model.RoundedPoint2D@124a22, Value: [Vertex(-2, 1, 3), Vertex(-2, 0, 1)]
Key: com.catan.model.RoundedPoint2D@1288a2, Value: [Vertex(-2, 1, 0), Vertex(-1, 2, 4)]
Key: com.catan.model.RoundedPoint2D@231a51, Value: [Vertex(1, 2, 0)]
Key: com.catan.model.RoundedPoint2D@222051, Value: [Vertex(1, -2, 3)]
Key: com.catan.model.RoundedPoint2D@22dbd1, Value: [Vertex(1, 1, 5), Vertex(0, 1, 1), Vertex(1, 2, 3)]
Key: com.catan.model.RoundedPoint2D@22bc91, Value: [Vertex(1, 1, 4), Vertex(0, 1, 2)]
Key: com.catan.model.RoundedPoint2D@225ed1, Value: [Vertex(0, -1, 2), Vertex(1, -2, 0)]
Key: com.catan.model.RoundedPoint2D@227e11, Value: [Vertex(0, -1, 1)]
Key: com.catan.model.RoundedPoint2D@11ec62, Value: [Vertex(-1, -2, 5), Vertex(-2, -1, 3)]
Key: com.catan.model.RoundedPoint2D@11cd22, Value: [Vertex(-1, -2, 4)]
Key: com.catan.model.RoundedPoint2D@1935e1, Value: [Vertex(0, 2, 5), Vertex(-1, 2, 1)]
Key: com.catan.model.RoundedPoint2D@1916a1, Value: [Vertex(0, 2, 4), Vertex(-1, 2, 2), Vertex(-1, 1, 0)]
Key: com.catan.model.RoundedPoint2D@294a90, Value: [Vertex(1, 1, 2)]
Key: com.catan.model.RoundedPoint2D@2969d0, Value: [Vertex(1, 1, 1)]
Key: com.catan.model.RoundedPoint2D@18d821, Value: [Vertex(0, 0, 5), Vertex(-1, 1, 3)]
Key: com.catan.model.RoundedPoint2D@18b8e1, Value: [Vertex(0, 0, 4)]
Key: com.catan.model.RoundedPoint2D@185b21, Value: [Vertex(-1, -2, 2), Vertex(0, -2, 4)]
Key: com.catan.model.RoundedPoint2D@187a61, Value: [Vertex(-1, -2, 1), Vertex(0, -2, 5)]
Key: com.catan.model.RoundedPoint2D@15fe91, Value: [Vertex(-1, 2, 0)]
Key: com.catan.model.RoundedPoint2D@15c011, Value: [Vertex(-2, 1, 1), Vertex(-1, 2, 3), Vertex(-1, 1, 5)]
Key: com.catan.model.RoundedPoint2D@150491, Value: [Vertex(-1, -2, 3)]
Key: com.catan.model.RoundedPoint2D@154311, Value: [Vertex(-1, -2, 0), Vertex(-2, -1, 2)]
Key: com.catan.model.RoundedPoint2D@b9d02, Value: [Vertex(-2, 0, 4)]
Key: com.catan.model.RoundedPoint2D@eb512, Value: [Vertex(-2, -1, 4)]
Key: com.catan.model.RoundedPoint2D@f3212, Value: [Vertex(-2, 1, 5)]
Key: com.catan.model.RoundedPoint2D@1fa481, Value: [Vertex(0, 1, 0), Vertex(1, 2, 4), Vertex(0, 2, 2)]
Key: com.catan.model.RoundedPoint2D@1f6601, Value: [Vertex(0, 0, 1), Vertex(0, 1, 3)]
Key: com.catan.model.RoundedPoint2D@1ee901, Value: [Vertex(0, -2, 2), Vertex(1, -2, 4)]
Key: com.catan.model.RoundedPoint2D@257700, Value: [Vertex(1, -2, 2)]
Key: com.catan.model.RoundedPoint2D@25f400, Value: [Vertex(1, 1, 3)]
Key: com.catan.model.RoundedPoint2D@263280, Value: [Vertex(1, 1, 0), Vertex(1, 2, 2)]
Key: com.catan.model.RoundedPoint2D@1bf031, Value: [Vertex(0, -1, 5), Vertex(0, 0, 3)]
Key: com.catan.model.RoundedPoint2D@1c2eb1, Value: [Vertex(0, 0, 0), Vertex(0, 1, 4), Vertex(-1, 1, 2)]
Key: com.catan.model.RoundedPoint2D@124a22, Value: [Vertex(-2, 1, 3), Vertex(-2, 0, 1)]
Key: com.catan.model.RoundedPoint2D@1288a2, Value: [Vertex(-2, 1, 0), Vertex(-1, 2, 4)]
Key: com.catan.model.RoundedPoint2D@22bc91, Value: [Vertex(1, 1, 4), Vertex(0, 1, 2)]
Key: com.catan.model.RoundedPoint2D@227e11, Value: [Vertex(0, -1, 1)]
Key: com.catan.model.RoundedPoint2D@11cd22, Value: [Vertex(-1, -2, 4)]
Key: com.catan.model.RoundedPoint2D@1916a1, Value: [Vertex(0, 2, 4), Vertex(-1, 2, 2), Vertex(-1, 1, 0)]
Key: com.catan.model.RoundedPoint2D@294a90, Value: [Vertex(1, 1, 2)]
Key: com.catan.model.RoundedPoint2D@18d821, Value: [Vertex(0, 0, 5), Vertex(-1, 1, 3)]
Key: com.catan.model.RoundedPoint2D@185b21, Value: [Vertex(-1, -2, 2), Vertex(0, -2, 4)]
Key: com.catan.model.RoundedPoint2D@156251, Value: [Vertex(-2, -1, 1)]
Key: com.catan.model.RoundedPoint2D@15a0d1, Value: [Vertex(-2, 1, 2), Vertex(-1, 1, 4)]
Key: com.catan.model.RoundedPoint2D@bbc42, Value: [Vertex(-2, 0, 5)]
Key: com.catan.model.RoundedPoint2D@ed452, Value: [Vertex(-2, 0, 3), Vertex(-2, -1, 5)]
Key: com.catan.model.RoundedPoint2D@f12d2, Value: [Vertex(-2, 1, 4), Vertex(-2, 0, 0)]
Key: com.catan.model.RoundedPoint2D@1fc3c1, Value: [Vertex(1, 2, 5), Vertex(0, 2, 1)]
Key: com.catan.model.RoundedPoint2D@1f0841, Value: [Vertex(0, -1, 3), Vertex(0, -2, 1), Vertex(1, -2, 5)]
Key: com.catan.model.RoundedPoint2D@1f46c1, Value: [Vertex(0, -1, 0), Vertex(0, 0, 2)]
Key: com.catan.model.RoundedPoint2D@259640, Value: [Vertex(1, -2, 1)]
Key: com.catan.model.RoundedPoint2D@2651c0, Value: [Vertex(1, 2, 1)]
Key: com.catan.model.RoundedPoint2D@1b9271, Value: [Vertex(0, -2, 3)]
Key: com.catan.model.RoundedPoint2D@1bd0f1, Value: [Vertex(0, -1, 4), Vertex(0, -2, 0)]
Key: com.catan.model.RoundedPoint2D@1c8c71, Value: [Vertex(0, 2, 0)]
Key: com.catan.model.RoundedPoint2D@1c4df1, Value: [Vertex(0, 1, 5), Vertex(0, 2, 3), Vertex(-1, 1, 1)]
Key: com.catan.model.RoundedPoint2D@122ae2, Value: [Vertex(-2, 0, 2), Vertex(-2, -1, 0)]
Key: com.catan.model.RoundedPoint2D@12a7e2, Value: [Vertex(-1, 2, 5)]
Key: com.catan.model.RoundedPoint2D@231a51, Value: [Vertex(1, 2, 0)]
Key: com.catan.model.RoundedPoint2D@222051, Value: [Vertex(1, -2, 3)]
Key: com.catan.model.RoundedPoint2D@22dbd1, Value: [Vertex(1, 1, 5), Vertex(0, 1, 1), Vertex(1, 2, 3)]
Key: com.catan.model.RoundedPoint2D@225ed1, Value: [Vertex(0, -1, 2), Vertex(1, -2, 0)]
Key: com.catan.model.RoundedPoint2D@11ec62, Value: [Vertex(-1, -2, 5), Vertex(-2, -1, 3)]
Key: com.catan.model.RoundedPoint2D@1935e1, Value: [Vertex(0, 2, 5), Vertex(-1, 2, 1)]
Key: com.catan.model.RoundedPoint2D@2969d0, Value: [Vertex(1, 1, 1)]
Key: com.catan.model.RoundedPoint2D@18b8e1, Value: [Vertex(0, 0, 4)]
Key: com.catan.model.RoundedPoint2D@187a61, Value: [Vertex(-1, -2, 1), Vertex(0, -2, 5)]
Key: com.catan.model.RoundedPoint2D@15fe91, Value: [Vertex(-1, 2, 0)]
Key: com.catan.model.RoundedPoint2D@15c011, Value: [Vertex(-2, 1, 1), Vertex(-1, 2, 3), Vertex(-1, 1, 5)]
Key: com.catan.model.RoundedPoint2D@150491, Value: [Vertex(-1, -2, 3)]
Key: com.catan.model.RoundedPoint2D@154311, Value: [Vertex(-1, -2, 0), Vertex(-2, -1, 2)]
Key: com.catan.model.RoundedPoint2D@b9d02, Value: [Vertex(-2, 0, 4)]
Key: com.catan.model.RoundedPoint2D@eb512, Value: [Vertex(-2, -1, 4)]
Key: com.catan.model.RoundedPoint2D@f3212, Value: [Vertex(-2, 1, 5)]
Key: com.catan.model.RoundedPoint2D@1fa481, Value: [Vertex(0, 1, 0), Vertex(1, 2, 4), Vertex(0, 2, 2)]
Key: com.catan.model.RoundedPoint2D@1f6601, Value: [Vertex(0, 0, 1), Vertex(0, 1, 3)]
Key: com.catan.model.RoundedPoint2D@1ee901, Value: [Vertex(0, -2, 2), Vertex(1, -2, 4)]
Key: com.catan.model.RoundedPoint2D@257700, Value: [Vertex(1, -2, 2)]
Key: com.catan.model.RoundedPoint2D@25f400, Value: [Vertex(1, 1, 3)]
Key: com.catan.model.RoundedPoint2D@263280, Value: [Vertex(1, 1, 0), Vertex(1, 2, 2)]
Key: com.catan.model.RoundedPoint2D@1bf031, Value: [Vertex(0, -1, 5), Vertex(0, 0, 3)]
Key: com.catan.model.RoundedPoint2D@1c2eb1, Value: [Vertex(0, 0, 0), Vertex(0, 1, 4), Vertex(-1, 1, 2)]
Key: com.catan.model.RoundedPoint2D@124a22, Value: [Vertex(-2, 1, 3), Vertex(-2, 0, 1)]
Key: com.catan.model.RoundedPoint2D@1288a2, Value: [Vertex(-2, 1, 0), Vertex(-1, 2, 4)]
Key: com.catan.model.RoundedPoint2D@22bc91, Value: [Vertex(1, 1, 4), Vertex(0, 1, 2)]
Key: com.catan.model.RoundedPoint2D@227e11, Value: [Vertex(0, -1, 1)]
Key: com.catan.model.RoundedPoint2D@11cd22, Value: [Vertex(-1, -2, 4)]
Key: com.catan.model.RoundedPoint2D@1916a1, Value: [Vertex(0, 2, 4), Vertex(-1, 2, 2), Vertex(-1, 1, 0)]
Key: com.catan.model.RoundedPoint2D@294a90, Value: [Vertex(1, 1, 2)]
Key: com.catan.model.RoundedPoint2D@18d821, Value: [Vertex(0, 0, 5), Vertex(-1, 1, 3)]
Key: com.catan.model.RoundedPoint2D@185b21, Value: [Vertex(-1, -2, 2), Vertex(0, -2, 4)]
Key: com.catan.model.RoundedPoint2D@156251, Value: [Vertex(-2, -1, 1)]
Key: com.catan.model.RoundedPoint2D@15a0d1, Value: [Vertex(-2, 1, 2), Vertex(-1, 1, 4)]
Key: com.catan.model.RoundedPoint2D@bbc42, Value: [Vertex(-2, 0, 5)]
Key: com.catan.model.RoundedPoint2D@ed452, Value: [Vertex(-2, 0, 3), Vertex(-2, -1, 5)]
Key: com.catan.model.RoundedPoint2D@f12d2, Value: [Vertex(-2, 1, 4), Vertex(-2, 0, 0)]
Key: com.catan.model.RoundedPoint2D@1fc3c1, Value: [Vertex(1, 2, 5), Vertex(0, 2, 1)]
Key: com.catan.model.RoundedPoint2D@1f0841, Value: [Vertex(0, -1, 3), Vertex(0, -2, 1), Vertex(1, -2, 5)]
Key: com.catan.model.RoundedPoint2D@1f46c1, Value: [Vertex(0, -1, 0), Vertex(0, 0, 2)]
Key: com.catan.model.RoundedPoint2D@25d4c0, Value: [Vertex(1, -1, 0)]
Key: com.catan.model.RoundedPoint2D@259640, Value: [Vertex(1, -2, 1)]
Key: com.catan.model.RoundedPoint2D@2651c0, Value: [Vertex(1, 2, 1)]
Key: com.catan.model.RoundedPoint2D@1b9271, Value: [Vertex(0, -2, 3)]
Key: com.catan.model.RoundedPoint2D@1bd0f1, Value: [Vertex(0, -1, 4), Vertex(0, -2, 0)]
Key: com.catan.model.RoundedPoint2D@1c8c71, Value: [Vertex(0, 2, 0)]
Key: com.catan.model.RoundedPoint2D@1c4df1, Value: [Vertex(0, 1, 5), Vertex(0, 2, 3), Vertex(-1, 1, 1)]
Key: com.catan.model.RoundedPoint2D@122ae2, Value: [Vertex(-2, 0, 2), Vertex(-2, -1, 0)]
Key: com.catan.model.RoundedPoint2D@12a7e2, Value: [Vertex(-1, 2, 5)]
Key: com.catan.model.RoundedPoint2D@231a51, Value: [Vertex(1, 2, 0)]
Key: com.catan.model.RoundedPoint2D@222051, Value: [Vertex(1, -2, 3)]
Key: com.catan.model.RoundedPoint2D@22dbd1, Value: [Vertex(1, 1, 5), Vertex(0, 1, 1), Vertex(1, 2, 3)]
Key: com.catan.model.RoundedPoint2D@225ed1, Value: [Vertex(0, -1, 2), Vertex(1, -2, 0)]
Key: com.catan.model.RoundedPoint2D@11ec62, Value: [Vertex(-1, -2, 5), Vertex(-2, -1, 3)]
Key: com.catan.model.RoundedPoint2D@1935e1, Value: [Vertex(0, 2, 5), Vertex(-1, 2, 1)]
Key: com.catan.model.RoundedPoint2D@2969d0, Value: [Vertex(1, 1, 1)]
Key: com.catan.model.RoundedPoint2D@18b8e1, Value: [Vertex(0, 0, 4)]
Key: com.catan.model.RoundedPoint2D@187a61, Value: [Vertex(-1, -2, 1), Vertex(0, -2, 5)]
Key: com.catan.model.RoundedPoint2D@15fe91, Value: [Vertex(-1, 2, 0)]
Key: com.catan.model.RoundedPoint2D@15c011, Value: [Vertex(-2, 1, 1), Vertex(-1, 2, 3), Vertex(-1, 1, 5)]
Key: com.catan.model.RoundedPoint2D@150491, Value: [Vertex(-1, -2, 3)]
Key: com.catan.model.RoundedPoint2D@154311, Value: [Vertex(-1, -2, 0), Vertex(-2, -1, 2)]
Key: com.catan.model.RoundedPoint2D@b9d02, Value: [Vertex(-2, 0, 4)]
Key: com.catan.model.RoundedPoint2D@eb512, Value: [Vertex(-2, -1, 4)]
Key: com.catan.model.RoundedPoint2D@f3212, Value: [Vertex(-2, 1, 5)]
Key: com.catan.model.RoundedPoint2D@1fa481, Value: [Vertex(0, 1, 0), Vertex(1, 2, 4), Vertex(0, 2, 2)]
Key: com.catan.model.RoundedPoint2D@1f6601, Value: [Vertex(0, 0, 1), Vertex(0, 1, 3)]
Key: com.catan.model.RoundedPoint2D@1ee901, Value: [Vertex(0, -2, 2), Vertex(1, -2, 4)]
Key: com.catan.model.RoundedPoint2D@257700, Value: [Vertex(1, -2, 2)]
Key: com.catan.model.RoundedPoint2D@25f400, Value: [Vertex(1, 1, 3)]
Key: com.catan.model.RoundedPoint2D@263280, Value: [Vertex(1, 1, 0), Vertex(1, 2, 2)]
Key: com.catan.model.RoundedPoint2D@1bf031, Value: [Vertex(0, -1, 5), Vertex(0, 0, 3)]
Key: com.catan.model.RoundedPoint2D@1c2eb1, Value: [Vertex(0, 0, 0), Vertex(0, 1, 4), Vertex(-1, 1, 2)]
Key: com.catan.model.RoundedPoint2D@124a22, Value: [Vertex(-2, 1, 3), Vertex(-2, 0, 1)]
Key: com.catan.model.RoundedPoint2D@1288a2, Value: [Vertex(-2, 1, 0), Vertex(-1, 2, 4)]
Key: com.catan.model.RoundedPoint2D@22bc91, Value: [Vertex(1, 1, 4), Vertex(0, 1, 2)]
Key: com.catan.model.RoundedPoint2D@227e11, Value: [Vertex(0, -1, 1)]
Key: com.catan.model.RoundedPoint2D@11cd22, Value: [Vertex(-1, -2, 4)]
Key: com.catan.model.RoundedPoint2D@1916a1, Value: [Vertex(0, 2, 4), Vertex(-1, 2, 2), Vertex(-1, 1, 0)]
Key: com.catan.model.RoundedPoint2D@290c10, Value: [Vertex(1, -1, 1)]
Key: com.catan.model.RoundedPoint2D@294a90, Value: [Vertex(1, 1, 2)]
Key: com.catan.model.RoundedPoint2D@18d821, Value: [Vertex(0, 0, 5), Vertex(-1, 1, 3)]
Key: com.catan.model.RoundedPoint2D@185b21, Value: [Vertex(-1, -2, 2), Vertex(0, -2, 4)]
Key: com.catan.model.RoundedPoint2D@156251, Value: [Vertex(-2, -1, 1)]
Key: com.catan.model.RoundedPoint2D@15a0d1, Value: [Vertex(-2, 1, 2), Vertex(-1, 1, 4)]
Key: com.catan.model.RoundedPoint2D@bbc42, Value: [Vertex(-2, 0, 5)]
Key: com.catan.model.RoundedPoint2D@ed452, Value: [Vertex(-2, 0, 3), Vertex(-2, -1, 5)]
Key: com.catan.model.RoundedPoint2D@f12d2, Value: [Vertex(-2, 1, 4), Vertex(-2, 0, 0)]
Key: com.catan.model.RoundedPoint2D@1fc3c1, Value: [Vertex(1, 2, 5), Vertex(0, 2, 1)]
Key: com.catan.model.RoundedPoint2D@1f0841, Value: [Vertex(0, -1, 3), Vertex(0, -2, 1), Vertex(1, -2, 5)]
Key: com.catan.model.RoundedPoint2D@1f46c1, Value: [Vertex(0, -1, 0), Vertex(0, 0, 2)]
Key: com.catan.model.RoundedPoint2D@25d4c0, Value: [Vertex(1, -1, 0)]
Key: com.catan.model.RoundedPoint2D@259640, Value: [Vertex(1, -2, 1)]
Key: com.catan.model.RoundedPoint2D@2651c0, Value: [Vertex(1, 2, 1)]
Key: com.catan.model.RoundedPoint2D@1b9271, Value: [Vertex(0, -2, 3)]
Key: com.catan.model.RoundedPoint2D@1bd0f1, Value: [Vertex(0, -1, 4), Vertex(0, -2, 0)]
Key: com.catan.model.RoundedPoint2D@1c8c71, Value: [Vertex(0, 2, 0)]
Key: com.catan.model.RoundedPoint2D@1c4df1, Value: [Vertex(0, 1, 5), Vertex(0, 2, 3), Vertex(-1, 1, 1)]
Key: com.catan.model.RoundedPoint2D@122ae2, Value: [Vertex(-2, 0, 2), Vertex(-2, -1, 0)]
Key: com.catan.model.RoundedPoint2D@12a7e2, Value: [Vertex(-1, 2, 5)]
Key: com.catan.model.RoundedPoint2D@231a51, Value: [Vertex(1, 2, 0)]
Key: com.catan.model.RoundedPoint2D@222051, Value: [Vertex(1, -2, 3)]
Key: com.catan.model.RoundedPoint2D@22dbd1, Value: [Vertex(1, 1, 5), Vertex(0, 1, 1), Vertex(1, 2, 3)]
Key: com.catan.model.RoundedPoint2D@225ed1, Value: [Vertex(0, -1, 2), Vertex(1, -2, 0)]
Key: com.catan.model.RoundedPoint2D@11ec62, Value: [Vertex(-1, -2, 5), Vertex(-2, -1, 3)]
Key: com.catan.model.RoundedPoint2D@1935e1, Value: [Vertex(0, 2, 5), Vertex(-1, 2, 1)]
Key: com.catan.model.RoundedPoint2D@2969d0, Value: [Vertex(1, 1, 1)]
Key: com.catan.model.RoundedPoint2D@18b8e1, Value: [Vertex(0, 0, 4)]
Key: com.catan.model.RoundedPoint2D@187a61, Value: [Vertex(-1, -2, 1), Vertex(0, -2, 5)]
Key: com.catan.model.RoundedPoint2D@15fe91, Value: [Vertex(-1, 2, 0)]
Key: com.catan.model.RoundedPoint2D@15c011, Value: [Vertex(-2, 1, 1), Vertex(-1, 2, 3), Vertex(-1, 1, 5)]
Key: com.catan.model.RoundedPoint2D@150491, Value: [Vertex(-1, -2, 3)]
Key: com.catan.model.RoundedPoint2D@154311, Value: [Vertex(-1, -2, 0), Vertex(-2, -1, 2)]
Key: com.catan.model.RoundedPoint2D@b9d02, Value: [Vertex(-2, 0, 4)]
Key: com.catan.model.RoundedPoint2D@eb512, Value: [Vertex(-2, -1, 4)]
Key: com.catan.model.RoundedPoint2D@f3212, Value: [Vertex(-2, 1, 5)]
Key: com.catan.model.RoundedPoint2D@1fa481, Value: [Vertex(0, 1, 0), Vertex(1, 2, 4), Vertex(0, 2, 2)]
Key: com.catan.model.RoundedPoint2D@1f6601, Value: [Vertex(0, 0, 1), Vertex(0, 1, 3)]
Key: com.catan.model.RoundedPoint2D@1ee901, Value: [Vertex(0, -2, 2), Vertex(1, -2, 4)]
Key: com.catan.model.RoundedPoint2D@257700, Value: [Vertex(1, -2, 2)]
Key: com.catan.model.RoundedPoint2D@25f400, Value: [Vertex(1, 1, 3)]
Key: com.catan.model.RoundedPoint2D@263280, Value: [Vertex(1, 1, 0), Vertex(1, 2, 2)]
Key: com.catan.model.RoundedPoint2D@1bf031, Value: [Vertex(0, -1, 5), Vertex(0, 0, 3)]
Key: com.catan.model.RoundedPoint2D@1c2eb1, Value: [Vertex(0, 0, 0), Vertex(0, 1, 4), Vertex(-1, 1, 2)]
Key: com.catan.model.RoundedPoint2D@124a22, Value: [Vertex(-2, 1, 3), Vertex(-2, 0, 1)]
Key: com.catan.model.RoundedPoint2D@1288a2, Value: [Vertex(-2, 1, 0), Vertex(-1, 2, 4)]
Key: com.catan.model.RoundedPoint2D@22bc91, Value: [Vertex(1, 1, 4), Vertex(0, 1, 2)]
Key: com.catan.model.RoundedPoint2D@227e11, Value: [Vertex(0, -1, 1)]
Key: com.catan.model.RoundedPoint2D@11cd22, Value: [Vertex(-1, -2, 4)]
Key: com.catan.model.RoundedPoint2D@1916a1, Value: [Vertex(0, 2, 4), Vertex(-1, 2, 2), Vertex(-1, 1, 0)]
Key: com.catan.model.RoundedPoint2D@290c10, Value: [Vertex(1, -1, 1)]
Key: com.catan.model.RoundedPoint2D@294a90, Value: [Vertex(1, 1, 2)]
Key: com.catan.model.RoundedPoint2D@18d821, Value: [Vertex(0, 0, 5), Vertex(-1, 1, 3)]
Key: com.catan.model.RoundedPoint2D@185b21, Value: [Vertex(-1, -2, 2), Vertex(0, -2, 4)]
Key: com.catan.model.RoundedPoint2D@156251, Value: [Vertex(-2, -1, 1)]
Key: com.catan.model.RoundedPoint2D@15a0d1, Value: [Vertex(-2, 1, 2), Vertex(-1, 1, 4)]
Key: com.catan.model.RoundedPoint2D@bbc42, Value: [Vertex(-2, 0, 5)]
Key: com.catan.model.RoundedPoint2D@ed452, Value: [Vertex(-2, 0, 3), Vertex(-2, -1, 5)]
Key: com.catan.model.RoundedPoint2D@f12d2, Value: [Vertex(-2, 1, 4), Vertex(-2, 0, 0)]
Key: com.catan.model.RoundedPoint2D@1fc3c1, Value: [Vertex(1, 2, 5), Vertex(0, 2, 1)]
Key: com.catan.model.RoundedPoint2D@1f0841, Value: [Vertex(0, -1, 3), Vertex(0, -2, 1), Vertex(1, -2, 5)]
Key: com.catan.model.RoundedPoint2D@1f46c1, Value: [Vertex(0, -1, 0), Vertex(0, 0, 2)]
Key: com.catan.model.RoundedPoint2D@25d4c0, Value: [Vertex(1, -1, 0)]
Key: com.catan.model.RoundedPoint2D@259640, Value: [Vertex(1, -2, 1)]
Key: com.catan.model.RoundedPoint2D@2651c0, Value: [Vertex(1, 2, 1)]
Key: com.catan.model.RoundedPoint2D@1b9271, Value: [Vertex(0, -2, 3)]
Key: com.catan.model.RoundedPoint2D@1bd0f1, Value: [Vertex(0, -1, 4), Vertex(0, -2, 0)]
Key: com.catan.model.RoundedPoint2D@1c8c71, Value: [Vertex(0, 2, 0)]
Key: com.catan.model.RoundedPoint2D@1c4df1, Value: [Vertex(0, 1, 5), Vertex(0, 2, 3), Vertex(-1, 1, 1)]
Key: com.catan.model.RoundedPoint2D@122ae2, Value: [Vertex(-2, 0, 2), Vertex(-2, -1, 0)]
Key: com.catan.model.RoundedPoint2D@12a7e2, Value: [Vertex(-1, 2, 5)]
Key: com.catan.model.RoundedPoint2D@231a51, Value: [Vertex(1, 2, 0)]
Key: com.catan.model.RoundedPoint2D@222051, Value: [Vertex(1, -2, 3)]
Key: com.catan.model.RoundedPoint2D@22dbd1, Value: [Vertex(1, 1, 5), Vertex(0, 1, 1), Vertex(1, 2, 3)]
Key: com.catan.model.RoundedPoint2D@225ed1, Value: [Vertex(0, -1, 2), Vertex(1, -2, 0)]
Key: com.catan.model.RoundedPoint2D@11ec62, Value: [Vertex(-1, -2, 5), Vertex(-2, -1, 3)]
Key: com.catan.model.RoundedPoint2D@28ecd0, Value: [Vertex(1, -1, 2)]
Key: com.catan.model.RoundedPoint2D@1935e1, Value: [Vertex(0, 2, 5), Vertex(-1, 2, 1)]
Key: com.catan.model.RoundedPoint2D@2969d0, Value: [Vertex(1, 1, 1)]
Key: com.catan.model.RoundedPoint2D@18b8e1, Value: [Vertex(0, 0, 4)]
Key: com.catan.model.RoundedPoint2D@187a61, Value: [Vertex(-1, -2, 1), Vertex(0, -2, 5)]
Key: com.catan.model.RoundedPoint2D@15fe91, Value: [Vertex(-1, 2, 0)]
Key: com.catan.model.RoundedPoint2D@15c011, Value: [Vertex(-2, 1, 1), Vertex(-1, 2, 3), Vertex(-1, 1, 5)]
Key: com.catan.model.RoundedPoint2D@150491, Value: [Vertex(-1, -2, 3)]
Key: com.catan.model.RoundedPoint2D@154311, Value: [Vertex(-1, -2, 0), Vertex(-2, -1, 2)]
Key: com.catan.model.RoundedPoint2D@b9d02, Value: [Vertex(-2, 0, 4)]
Key: com.catan.model.RoundedPoint2D@eb512, Value: [Vertex(-2, -1, 4)]
Key: com.catan.model.RoundedPoint2D@f3212, Value: [Vertex(-2, 1, 5)]
Key: com.catan.model.RoundedPoint2D@1fa481, Value: [Vertex(0, 1, 0), Vertex(1, 2, 4), Vertex(0, 2, 2)]
Key: com.catan.model.RoundedPoint2D@1f6601, Value: [Vertex(0, 0, 1), Vertex(0, 1, 3)]
Key: com.catan.model.RoundedPoint2D@1ee901, Value: [Vertex(0, -2, 2), Vertex(1, -2, 4)]
Key: com.catan.model.RoundedPoint2D@257700, Value: [Vertex(1, -2, 2)]
Key: com.catan.model.RoundedPoint2D@25f400, Value: [Vertex(1, 1, 3)]
Key: com.catan.model.RoundedPoint2D@263280, Value: [Vertex(1, 1, 0), Vertex(1, 2, 2)]
Key: com.catan.model.RoundedPoint2D@1bf031, Value: [Vertex(0, -1, 5), Vertex(0, 0, 3)]
Key: com.catan.model.RoundedPoint2D@1c2eb1, Value: [Vertex(0, 0, 0), Vertex(0, 1, 4), Vertex(-1, 1, 2)]
Key: com.catan.model.RoundedPoint2D@124a22, Value: [Vertex(-2, 1, 3), Vertex(-2, 0, 1)]
Key: com.catan.model.RoundedPoint2D@1288a2, Value: [Vertex(-2, 1, 0), Vertex(-1, 2, 4)]
Key: com.catan.model.RoundedPoint2D@22bc91, Value: [Vertex(1, 1, 4), Vertex(0, 1, 2)]
Key: com.catan.model.RoundedPoint2D@227e11, Value: [Vertex(0, -1, 1)]
Key: com.catan.model.RoundedPoint2D@11cd22, Value: [Vertex(-1, -2, 4)]
Key: com.catan.model.RoundedPoint2D@1916a1, Value: [Vertex(0, 2, 4), Vertex(-1, 2, 2), Vertex(-1, 1, 0)]
Key: com.catan.model.RoundedPoint2D@290c10, Value: [Vertex(1, -1, 1)]
Key: com.catan.model.RoundedPoint2D@294a90, Value: [Vertex(1, 1, 2)]
Key: com.catan.model.RoundedPoint2D@18d821, Value: [Vertex(0, 0, 5), Vertex(-1, 1, 3)]
Key: com.catan.model.RoundedPoint2D@185b21, Value: [Vertex(-1, -2, 2), Vertex(0, -2, 4)]
Key: com.catan.model.RoundedPoint2D@156251, Value: [Vertex(-2, -1, 1)]
Key: com.catan.model.RoundedPoint2D@15a0d1, Value: [Vertex(-2, 1, 2), Vertex(-1, 1, 4)]
Key: com.catan.model.RoundedPoint2D@bbc42, Value: [Vertex(-2, 0, 5)]
Key: com.catan.model.RoundedPoint2D@ed452, Value: [Vertex(-2, 0, 3), Vertex(-2, -1, 5)]
Key: com.catan.model.RoundedPoint2D@f12d2, Value: [Vertex(-2, 1, 4), Vertex(-2, 0, 0)]
Key: com.catan.model.RoundedPoint2D@1fc3c1, Value: [Vertex(1, 2, 5), Vertex(0, 2, 1)]
Key: com.catan.model.RoundedPoint2D@1f0841, Value: [Vertex(0, -1, 3), Vertex(0, -2, 1), Vertex(1, -2, 5)]
Key: com.catan.model.RoundedPoint2D@1f46c1, Value: [Vertex(0, -1, 0), Vertex(0, 0, 2)]
Key: com.catan.model.RoundedPoint2D@25d4c0, Value: [Vertex(1, -1, 0)]
Key: com.catan.model.RoundedPoint2D@259640, Value: [Vertex(1, -2, 1), Vertex(1, -1, 3)]
Key: com.catan.model.RoundedPoint2D@2651c0, Value: [Vertex(1, 2, 1)]
Key: com.catan.model.RoundedPoint2D@1b9271, Value: [Vertex(0, -2, 3)]
Key: com.catan.model.RoundedPoint2D@1bd0f1, Value: [Vertex(0, -1, 4), Vertex(0, -2, 0)]
Key: com.catan.model.RoundedPoint2D@1c8c71, Value: [Vertex(0, 2, 0)]
Key: com.catan.model.RoundedPoint2D@1c4df1, Value: [Vertex(0, 1, 5), Vertex(0, 2, 3), Vertex(-1, 1, 1)]
Key: com.catan.model.RoundedPoint2D@122ae2, Value: [Vertex(-2, 0, 2), Vertex(-2, -1, 0)]
Key: com.catan.model.RoundedPoint2D@12a7e2, Value: [Vertex(-1, 2, 5)]
Key: com.catan.model.RoundedPoint2D@231a51, Value: [Vertex(1, 2, 0)]
Key: com.catan.model.RoundedPoint2D@222051, Value: [Vertex(1, -2, 3)]
Key: com.catan.model.RoundedPoint2D@22dbd1, Value: [Vertex(1, 1, 5), Vertex(0, 1, 1), Vertex(1, 2, 3)]
Key: com.catan.model.RoundedPoint2D@225ed1, Value: [Vertex(0, -1, 2), Vertex(1, -2, 0)]
Key: com.catan.model.RoundedPoint2D@11ec62, Value: [Vertex(-1, -2, 5), Vertex(-2, -1, 3)]
Key: com.catan.model.RoundedPoint2D@28ecd0, Value: [Vertex(1, -1, 2)]
Key: com.catan.model.RoundedPoint2D@1935e1, Value: [Vertex(0, 2, 5), Vertex(-1, 2, 1)]
Key: com.catan.model.RoundedPoint2D@2969d0, Value: [Vertex(1, 1, 1)]
Key: com.catan.model.RoundedPoint2D@18b8e1, Value: [Vertex(0, 0, 4)]
Key: com.catan.model.RoundedPoint2D@187a61, Value: [Vertex(-1, -2, 1), Vertex(0, -2, 5)]
Key: com.catan.model.RoundedPoint2D@15fe91, Value: [Vertex(-1, 2, 0)]
Key: com.catan.model.RoundedPoint2D@15c011, Value: [Vertex(-2, 1, 1), Vertex(-1, 2, 3), Vertex(-1, 1, 5)]
Key: com.catan.model.RoundedPoint2D@150491, Value: [Vertex(-1, -2, 3)]
Key: com.catan.model.RoundedPoint2D@154311, Value: [Vertex(-1, -2, 0), Vertex(-2, -1, 2)]
Key: com.catan.model.RoundedPoint2D@b9d02, Value: [Vertex(-2, 0, 4)]
Key: com.catan.model.RoundedPoint2D@eb512, Value: [Vertex(-2, -1, 4)]
Key: com.catan.model.RoundedPoint2D@f3212, Value: [Vertex(-2, 1, 5)]
Key: com.catan.model.RoundedPoint2D@1fa481, Value: [Vertex(0, 1, 0), Vertex(1, 2, 4), Vertex(0, 2, 2)]
Key: com.catan.model.RoundedPoint2D@1f6601, Value: [Vertex(0, 0, 1), Vertex(0, 1, 3)]
Key: com.catan.model.RoundedPoint2D@1ee901, Value: [Vertex(0, -2, 2), Vertex(1, -2, 4)]
Key: com.catan.model.RoundedPoint2D@257700, Value: [Vertex(1, -2, 2)]
Key: com.catan.model.RoundedPoint2D@25f400, Value: [Vertex(1, 1, 3)]
Key: com.catan.model.RoundedPoint2D@263280, Value: [Vertex(1, 1, 0), Vertex(1, 2, 2)]
Key: com.catan.model.RoundedPoint2D@1bf031, Value: [Vertex(0, -1, 5), Vertex(0, 0, 3)]
Key: com.catan.model.RoundedPoint2D@1c2eb1, Value: [Vertex(0, 0, 0), Vertex(0, 1, 4), Vertex(-1, 1, 2)]
Key: com.catan.model.RoundedPoint2D@124a22, Value: [Vertex(-2, 1, 3), Vertex(-2, 0, 1)]
Key: com.catan.model.RoundedPoint2D@1288a2, Value: [Vertex(-2, 1, 0), Vertex(-1, 2, 4)]
Key: com.catan.model.RoundedPoint2D@22bc91, Value: [Vertex(1, 1, 4), Vertex(0, 1, 2)]
Key: com.catan.model.RoundedPoint2D@227e11, Value: [Vertex(0, -1, 1)]
Key: com.catan.model.RoundedPoint2D@11cd22, Value: [Vertex(-1, -2, 4)]
Key: com.catan.model.RoundedPoint2D@1916a1, Value: [Vertex(0, 2, 4), Vertex(-1, 2, 2), Vertex(-1, 1, 0)]
Key: com.catan.model.RoundedPoint2D@290c10, Value: [Vertex(1, -1, 1)]
Key: com.catan.model.RoundedPoint2D@294a90, Value: [Vertex(1, 1, 2)]
Key: com.catan.model.RoundedPoint2D@18d821, Value: [Vertex(0, 0, 5), Vertex(-1, 1, 3)]
Key: com.catan.model.RoundedPoint2D@185b21, Value: [Vertex(-1, -2, 2), Vertex(0, -2, 4)]
Key: com.catan.model.RoundedPoint2D@156251, Value: [Vertex(-2, -1, 1)]
Key: com.catan.model.RoundedPoint2D@15a0d1, Value: [Vertex(-2, 1, 2), Vertex(-1, 1, 4)]
Key: com.catan.model.RoundedPoint2D@bbc42, Value: [Vertex(-2, 0, 5)]
Key: com.catan.model.RoundedPoint2D@ed452, Value: [Vertex(-2, 0, 3), Vertex(-2, -1, 5)]
Key: com.catan.model.RoundedPoint2D@f12d2, Value: [Vertex(-2, 1, 4), Vertex(-2, 0, 0)]
Key: com.catan.model.RoundedPoint2D@1fc3c1, Value: [Vertex(1, 2, 5), Vertex(0, 2, 1)]
Key: com.catan.model.RoundedPoint2D@1f0841, Value: [Vertex(0, -1, 3), Vertex(0, -2, 1), Vertex(1, -2, 5)]
Key: com.catan.model.RoundedPoint2D@1f46c1, Value: [Vertex(0, -1, 0), Vertex(0, 0, 2)]
Key: com.catan.model.RoundedPoint2D@25d4c0, Value: [Vertex(1, -1, 0)]
Key: com.catan.model.RoundedPoint2D@259640, Value: [Vertex(1, -2, 1), Vertex(1, -1, 3)]
Key: com.catan.model.RoundedPoint2D@2651c0, Value: [Vertex(1, 2, 1)]
Key: com.catan.model.RoundedPoint2D@1b9271, Value: [Vertex(0, -2, 3)]
Key: com.catan.model.RoundedPoint2D@1bd0f1, Value: [Vertex(0, -1, 4), Vertex(0, -2, 0)]
Key: com.catan.model.RoundedPoint2D@1c8c71, Value: [Vertex(0, 2, 0)]
Key: com.catan.model.RoundedPoint2D@1c4df1, Value: [Vertex(0, 1, 5), Vertex(0, 2, 3), Vertex(-1, 1, 1)]
Key: com.catan.model.RoundedPoint2D@122ae2, Value: [Vertex(-2, 0, 2), Vertex(-2, -1, 0)]
Key: com.catan.model.RoundedPoint2D@12a7e2, Value: [Vertex(-1, 2, 5)]
Key: com.catan.model.RoundedPoint2D@231a51, Value: [Vertex(1, 2, 0)]
Key: com.catan.model.RoundedPoint2D@222051, Value: [Vertex(1, -2, 3)]
Key: com.catan.model.RoundedPoint2D@22dbd1, Value: [Vertex(1, 1, 5), Vertex(0, 1, 1), Vertex(1, 2, 3)]
Key: com.catan.model.RoundedPoint2D@225ed1, Value: [Vertex(0, -1, 2), Vertex(1, -2, 0), Vertex(1, -1, 4)]
Key: com.catan.model.RoundedPoint2D@11ec62, Value: [Vertex(-1, -2, 5), Vertex(-2, -1, 3)]
Key: com.catan.model.RoundedPoint2D@28ecd0, Value: [Vertex(1, -1, 2)]
Key: com.catan.model.RoundedPoint2D@1935e1, Value: [Vertex(0, 2, 5), Vertex(-1, 2, 1)]
Key: com.catan.model.RoundedPoint2D@2969d0, Value: [Vertex(1, 1, 1)]
Key: com.catan.model.RoundedPoint2D@18b8e1, Value: [Vertex(0, 0, 4)]
Key: com.catan.model.RoundedPoint2D@187a61, Value: [Vertex(-1, -2, 1), Vertex(0, -2, 5)]
Key: com.catan.model.RoundedPoint2D@15fe91, Value: [Vertex(-1, 2, 0)]
Key: com.catan.model.RoundedPoint2D@15c011, Value: [Vertex(-2, 1, 1), Vertex(-1, 2, 3), Vertex(-1, 1, 5)]
Key: com.catan.model.RoundedPoint2D@150491, Value: [Vertex(-1, -2, 3)]
Key: com.catan.model.RoundedPoint2D@154311, Value: [Vertex(-1, -2, 0), Vertex(-2, -1, 2)]
Key: com.catan.model.RoundedPoint2D@b9d02, Value: [Vertex(-2, 0, 4)]
Key: com.catan.model.RoundedPoint2D@eb512, Value: [Vertex(-2, -1, 4)]
Key: com.catan.model.RoundedPoint2D@f3212, Value: [Vertex(-2, 1, 5)]
Key: com.catan.model.RoundedPoint2D@1fa481, Value: [Vertex(0, 1, 0), Vertex(1, 2, 4), Vertex(0, 2, 2)]
Key: com.catan.model.RoundedPoint2D@1f6601, Value: [Vertex(0, 0, 1), Vertex(0, 1, 3)]
Key: com.catan.model.RoundedPoint2D@1ee901, Value: [Vertex(0, -2, 2), Vertex(1, -2, 4)]
Key: com.catan.model.RoundedPoint2D@257700, Value: [Vertex(1, -2, 2)]
Key: com.catan.model.RoundedPoint2D@25f400, Value: [Vertex(1, 1, 3)]
Key: com.catan.model.RoundedPoint2D@263280, Value: [Vertex(1, 1, 0), Vertex(1, 2, 2)]
Key: com.catan.model.RoundedPoint2D@1bf031, Value: [Vertex(0, -1, 5), Vertex(0, 0, 3)]
Key: com.catan.model.RoundedPoint2D@1c2eb1, Value: [Vertex(0, 0, 0), Vertex(0, 1, 4), Vertex(-1, 1, 2)]
Key: com.catan.model.RoundedPoint2D@124a22, Value: [Vertex(-2, 1, 3), Vertex(-2, 0, 1)]
Key: com.catan.model.RoundedPoint2D@1288a2, Value: [Vertex(-2, 1, 0), Vertex(-1, 2, 4)]
Key: com.catan.model.RoundedPoint2D@22bc91, Value: [Vertex(1, 1, 4), Vertex(0, 1, 2)]
Key: com.catan.model.RoundedPoint2D@227e11, Value: [Vertex(0, -1, 1), Vertex(1, -1, 5)]
Key: com.catan.model.RoundedPoint2D@11cd22, Value: [Vertex(-1, -2, 4)]
Key: com.catan.model.RoundedPoint2D@1916a1, Value: [Vertex(0, 2, 4), Vertex(-1, 2, 2), Vertex(-1, 1, 0)]
Key: com.catan.model.RoundedPoint2D@290c10, Value: [Vertex(1, -1, 1)]
Key: com.catan.model.RoundedPoint2D@294a90, Value: [Vertex(1, 1, 2)]
Key: com.catan.model.RoundedPoint2D@18d821, Value: [Vertex(0, 0, 5), Vertex(-1, 1, 3)]
Key: com.catan.model.RoundedPoint2D@185b21, Value: [Vertex(-1, -2, 2), Vertex(0, -2, 4)]
Key: com.catan.model.RoundedPoint2D@156251, Value: [Vertex(-2, -1, 1)]
Key: com.catan.model.RoundedPoint2D@15a0d1, Value: [Vertex(-2, 1, 2), Vertex(-1, 1, 4)]
Key: com.catan.model.RoundedPoint2D@bbc42, Value: [Vertex(-2, 0, 5)]
Key: com.catan.model.RoundedPoint2D@ed452, Value: [Vertex(-2, 0, 3), Vertex(-2, -1, 5)]
Key: com.catan.model.RoundedPoint2D@f12d2, Value: [Vertex(-2, 1, 4), Vertex(-2, 0, 0)]
Key: com.catan.model.RoundedPoint2D@1fc3c1, Value: [Vertex(1, 2, 5), Vertex(0, 2, 1)]
Key: com.catan.model.RoundedPoint2D@1f0841, Value: [Vertex(0, -1, 3), Vertex(0, -2, 1), Vertex(1, -2, 5)]
Key: com.catan.model.RoundedPoint2D@1f46c1, Value: [Vertex(0, -1, 0), Vertex(0, 0, 2)]
Key: com.catan.model.RoundedPoint2D@25d4c0, Value: [Vertex(1, -1, 0)]
Key: com.catan.model.RoundedPoint2D@259640, Value: [Vertex(1, -2, 1), Vertex(1, -1, 3)]
Key: com.catan.model.RoundedPoint2D@2651c0, Value: [Vertex(1, 2, 1)]
Key: com.catan.model.RoundedPoint2D@1b9271, Value: [Vertex(0, -2, 3)]
Key: com.catan.model.RoundedPoint2D@1bd0f1, Value: [Vertex(0, -1, 4), Vertex(0, -2, 0)]
Key: com.catan.model.RoundedPoint2D@1c8c71, Value: [Vertex(0, 2, 0)]
Key: com.catan.model.RoundedPoint2D@1c4df1, Value: [Vertex(0, 1, 5), Vertex(0, 2, 3), Vertex(-1, 1, 1)]
Key: com.catan.model.RoundedPoint2D@122ae2, Value: [Vertex(-2, 0, 2), Vertex(-2, -1, 0)]
Key: com.catan.model.RoundedPoint2D@12a7e2, Value: [Vertex(-1, 2, 5)]
Key: com.catan.model.RoundedPoint2D@231a51, Value: [Vertex(1, 2, 0)]
Key: com.catan.model.RoundedPoint2D@222051, Value: [Vertex(1, -2, 3)]
Key: com.catan.model.RoundedPoint2D@22dbd1, Value: [Vertex(1, 1, 5), Vertex(0, 1, 1), Vertex(1, 2, 3)]
Key: com.catan.model.RoundedPoint2D@225ed1, Value: [Vertex(0, -1, 2), Vertex(1, -2, 0), Vertex(1, -1, 4)]
Key: com.catan.model.RoundedPoint2D@11ec62, Value: [Vertex(-1, -2, 5), Vertex(-2, -1, 3)]
Key: com.catan.model.RoundedPoint2D@28ecd0, Value: [Vertex(1, -1, 2)]
Key: com.catan.model.RoundedPoint2D@1935e1, Value: [Vertex(0, 2, 5), Vertex(-1, 2, 1)]
Key: com.catan.model.RoundedPoint2D@2969d0, Value: [Vertex(1, 1, 1)]
Key: com.catan.model.RoundedPoint2D@18b8e1, Value: [Vertex(0, 0, 4)]
Key: com.catan.model.RoundedPoint2D@187a61, Value: [Vertex(-1, -2, 1), Vertex(0, -2, 5)]
Key: com.catan.model.RoundedPoint2D@15fe91, Value: [Vertex(-1, 2, 0)]
Key: com.catan.model.RoundedPoint2D@15c011, Value: [Vertex(-2, 1, 1), Vertex(-1, 2, 3), Vertex(-1, 1, 5)]
Key: com.catan.model.RoundedPoint2D@150491, Value: [Vertex(-1, -2, 3)]
Key: com.catan.model.RoundedPoint2D@154311, Value: [Vertex(-1, -2, 0), Vertex(-2, -1, 2)]
Key: com.catan.model.RoundedPoint2D@b9d02, Value: [Vertex(-2, 0, 4)]
Key: com.catan.model.RoundedPoint2D@eb512, Value: [Vertex(-2, -1, 4)]
Key: com.catan.model.RoundedPoint2D@f3212, Value: [Vertex(-2, 1, 5)]
Key: com.catan.model.RoundedPoint2D@1fa481, Value: [Vertex(0, 1, 0), Vertex(1, 2, 4), Vertex(0, 2, 2)]
Key: com.catan.model.RoundedPoint2D@1f6601, Value: [Vertex(0, 0, 1), Vertex(0, 1, 3)]
Key: com.catan.model.RoundedPoint2D@1ee901, Value: [Vertex(0, -2, 2), Vertex(1, -2, 4)]
Key: com.catan.model.RoundedPoint2D@257700, Value: [Vertex(1, -2, 2)]
Key: com.catan.model.RoundedPoint2D@25f400, Value: [Vertex(1, 1, 3)]
Key: com.catan.model.RoundedPoint2D@263280, Value: [Vertex(1, 1, 0), Vertex(1, 2, 2)]
Key: com.catan.model.RoundedPoint2D@1bf031, Value: [Vertex(0, -1, 5), Vertex(0, 0, 3)]
Key: com.catan.model.RoundedPoint2D@1c2eb1, Value: [Vertex(0, 0, 0), Vertex(0, 1, 4), Vertex(-1, 1, 2)]
Key: com.catan.model.RoundedPoint2D@124a22, Value: [Vertex(-2, 1, 3), Vertex(-2, 0, 1)]
Key: com.catan.model.RoundedPoint2D@1288a2, Value: [Vertex(-2, 1, 0), Vertex(-1, 2, 4)]
Key: com.catan.model.RoundedPoint2D@22bc91, Value: [Vertex(1, 1, 4), Vertex(0, 1, 2)]
Key: com.catan.model.RoundedPoint2D@227e11, Value: [Vertex(0, -1, 1), Vertex(1, -1, 5)]
Key: com.catan.model.RoundedPoint2D@11cd22, Value: [Vertex(-1, -2, 4)]
Key: com.catan.model.RoundedPoint2D@1916a1, Value: [Vertex(0, 2, 4), Vertex(-1, 2, 2), Vertex(-1, 1, 0)]
Key: com.catan.model.RoundedPoint2D@290c10, Value: [Vertex(1, -1, 1)]
Key: com.catan.model.RoundedPoint2D@294a90, Value: [Vertex(1, 1, 2)]
Key: com.catan.model.RoundedPoint2D@18d821, Value: [Vertex(0, 0, 5), Vertex(-1, 1, 3)]
Key: com.catan.model.RoundedPoint2D@185b21, Value: [Vertex(-1, -2, 2), Vertex(0, -2, 4)]
Key: com.catan.model.RoundedPoint2D@156251, Value: [Vertex(-2, -1, 1)]
Key: com.catan.model.RoundedPoint2D@15a0d1, Value: [Vertex(-2, 1, 2), Vertex(-1, 1, 4), Vertex(-1, 0, 0)]
Key: com.catan.model.RoundedPoint2D@bbc42, Value: [Vertex(-2, 0, 5)]
Key: com.catan.model.RoundedPoint2D@ed452, Value: [Vertex(-2, 0, 3), Vertex(-2, -1, 5)]
Key: com.catan.model.RoundedPoint2D@f12d2, Value: [Vertex(-2, 1, 4), Vertex(-2, 0, 0)]
Key: com.catan.model.RoundedPoint2D@1fc3c1, Value: [Vertex(1, 2, 5), Vertex(0, 2, 1)]
Key: com.catan.model.RoundedPoint2D@1f0841, Value: [Vertex(0, -1, 3), Vertex(0, -2, 1), Vertex(1, -2, 5)]
Key: com.catan.model.RoundedPoint2D@1f46c1, Value: [Vertex(0, -1, 0), Vertex(0, 0, 2)]
Key: com.catan.model.RoundedPoint2D@25d4c0, Value: [Vertex(1, -1, 0)]
Key: com.catan.model.RoundedPoint2D@259640, Value: [Vertex(1, -2, 1), Vertex(1, -1, 3)]
Key: com.catan.model.RoundedPoint2D@2651c0, Value: [Vertex(1, 2, 1)]
Key: com.catan.model.RoundedPoint2D@1b9271, Value: [Vertex(0, -2, 3)]
Key: com.catan.model.RoundedPoint2D@1bd0f1, Value: [Vertex(0, -1, 4), Vertex(0, -2, 0)]
Key: com.catan.model.RoundedPoint2D@1c8c71, Value: [Vertex(0, 2, 0)]
Key: com.catan.model.RoundedPoint2D@1c4df1, Value: [Vertex(0, 1, 5), Vertex(0, 2, 3), Vertex(-1, 1, 1)]
Key: com.catan.model.RoundedPoint2D@122ae2, Value: [Vertex(-2, 0, 2), Vertex(-2, -1, 0)]
Key: com.catan.model.RoundedPoint2D@12a7e2, Value: [Vertex(-1, 2, 5)]
Key: com.catan.model.RoundedPoint2D@231a51, Value: [Vertex(1, 2, 0)]
Key: com.catan.model.RoundedPoint2D@222051, Value: [Vertex(1, -2, 3)]
Key: com.catan.model.RoundedPoint2D@22dbd1, Value: [Vertex(1, 1, 5), Vertex(0, 1, 1), Vertex(1, 2, 3)]
Key: com.catan.model.RoundedPoint2D@225ed1, Value: [Vertex(0, -1, 2), Vertex(1, -2, 0), Vertex(1, -1, 4)]
Key: com.catan.model.RoundedPoint2D@11ec62, Value: [Vertex(-1, -2, 5), Vertex(-2, -1, 3)]
Key: com.catan.model.RoundedPoint2D@28ecd0, Value: [Vertex(1, -1, 2)]
Key: com.catan.model.RoundedPoint2D@1935e1, Value: [Vertex(0, 2, 5), Vertex(-1, 2, 1)]
Key: com.catan.model.RoundedPoint2D@2969d0, Value: [Vertex(1, 1, 1)]
Key: com.catan.model.RoundedPoint2D@18b8e1, Value: [Vertex(0, 0, 4)]
Key: com.catan.model.RoundedPoint2D@187a61, Value: [Vertex(-1, -2, 1), Vertex(0, -2, 5)]
Key: com.catan.model.RoundedPoint2D@15fe91, Value: [Vertex(-1, 2, 0)]
Key: com.catan.model.RoundedPoint2D@15c011, Value: [Vertex(-2, 1, 1), Vertex(-1, 2, 3), Vertex(-1, 1, 5)]
Key: com.catan.model.RoundedPoint2D@150491, Value: [Vertex(-1, -2, 3)]
Key: com.catan.model.RoundedPoint2D@154311, Value: [Vertex(-1, -2, 0), Vertex(-2, -1, 2)]
Key: com.catan.model.RoundedPoint2D@b9d02, Value: [Vertex(-2, 0, 4)]
Key: com.catan.model.RoundedPoint2D@eb512, Value: [Vertex(-2, -1, 4)]
Key: com.catan.model.RoundedPoint2D@f3212, Value: [Vertex(-2, 1, 5)]
Key: com.catan.model.RoundedPoint2D@1fa481, Value: [Vertex(0, 1, 0), Vertex(1, 2, 4), Vertex(0, 2, 2)]
Key: com.catan.model.RoundedPoint2D@1f6601, Value: [Vertex(0, 0, 1), Vertex(0, 1, 3)]
Key: com.catan.model.RoundedPoint2D@1ee901, Value: [Vertex(0, -2, 2), Vertex(1, -2, 4)]
Key: com.catan.model.RoundedPoint2D@257700, Value: [Vertex(1, -2, 2)]
Key: com.catan.model.RoundedPoint2D@25f400, Value: [Vertex(1, 1, 3)]
Key: com.catan.model.RoundedPoint2D@263280, Value: [Vertex(1, 1, 0), Vertex(1, 2, 2)]
Key: com.catan.model.RoundedPoint2D@1bf031, Value: [Vertex(0, -1, 5), Vertex(0, 0, 3)]
Key: com.catan.model.RoundedPoint2D@1c2eb1, Value: [Vertex(0, 0, 0), Vertex(0, 1, 4), Vertex(-1, 1, 2)]
Key: com.catan.model.RoundedPoint2D@124a22, Value: [Vertex(-2, 1, 3), Vertex(-2, 0, 1)]
Key: com.catan.model.RoundedPoint2D@1288a2, Value: [Vertex(-2, 1, 0), Vertex(-1, 2, 4)]
Key: com.catan.model.RoundedPoint2D@22bc91, Value: [Vertex(1, 1, 4), Vertex(0, 1, 2)]
Key: com.catan.model.RoundedPoint2D@227e11, Value: [Vertex(0, -1, 1), Vertex(1, -1, 5)]
Key: com.catan.model.RoundedPoint2D@11cd22, Value: [Vertex(-1, -2, 4)]
Key: com.catan.model.RoundedPoint2D@1916a1, Value: [Vertex(0, 2, 4), Vertex(-1, 2, 2), Vertex(-1, 1, 0)]
Key: com.catan.model.RoundedPoint2D@290c10, Value: [Vertex(1, -1, 1)]
Key: com.catan.model.RoundedPoint2D@294a90, Value: [Vertex(1, 1, 2)]
Key: com.catan.model.RoundedPoint2D@18d821, Value: [Vertex(0, 0, 5), Vertex(-1, 1, 3), Vertex(-1, 0, 1)]
Key: com.catan.model.RoundedPoint2D@185b21, Value: [Vertex(-1, -2, 2), Vertex(0, -2, 4)]
Key: com.catan.model.RoundedPoint2D@156251, Value: [Vertex(-2, -1, 1)]
Key: com.catan.model.RoundedPoint2D@15a0d1, Value: [Vertex(-2, 1, 2), Vertex(-1, 1, 4), Vertex(-1, 0, 0)]
Key: com.catan.model.RoundedPoint2D@bbc42, Value: [Vertex(-2, 0, 5)]
Key: com.catan.model.RoundedPoint2D@ed452, Value: [Vertex(-2, 0, 3), Vertex(-2, -1, 5)]
Key: com.catan.model.RoundedPoint2D@f12d2, Value: [Vertex(-2, 1, 4), Vertex(-2, 0, 0)]
Key: com.catan.model.RoundedPoint2D@1fc3c1, Value: [Vertex(1, 2, 5), Vertex(0, 2, 1)]
Key: com.catan.model.RoundedPoint2D@1f0841, Value: [Vertex(0, -1, 3), Vertex(0, -2, 1), Vertex(1, -2, 5)]
Key: com.catan.model.RoundedPoint2D@1f46c1, Value: [Vertex(0, -1, 0), Vertex(0, 0, 2)]
Key: com.catan.model.RoundedPoint2D@25d4c0, Value: [Vertex(1, -1, 0)]
Key: com.catan.model.RoundedPoint2D@259640, Value: [Vertex(1, -2, 1), Vertex(1, -1, 3)]
Key: com.catan.model.RoundedPoint2D@2651c0, Value: [Vertex(1, 2, 1)]
Key: com.catan.model.RoundedPoint2D@1b9271, Value: [Vertex(0, -2, 3)]
Key: com.catan.model.RoundedPoint2D@1bd0f1, Value: [Vertex(0, -1, 4), Vertex(0, -2, 0)]
Key: com.catan.model.RoundedPoint2D@1c8c71, Value: [Vertex(0, 2, 0)]
Key: com.catan.model.RoundedPoint2D@1c4df1, Value: [Vertex(0, 1, 5), Vertex(0, 2, 3), Vertex(-1, 1, 1)]
Key: com.catan.model.RoundedPoint2D@122ae2, Value: [Vertex(-2, 0, 2), Vertex(-2, -1, 0)]
Key: com.catan.model.RoundedPoint2D@12a7e2, Value: [Vertex(-1, 2, 5)]
Key: com.catan.model.RoundedPoint2D@231a51, Value: [Vertex(1, 2, 0)]
Key: com.catan.model.RoundedPoint2D@222051, Value: [Vertex(1, -2, 3)]
Key: com.catan.model.RoundedPoint2D@22dbd1, Value: [Vertex(1, 1, 5), Vertex(0, 1, 1), Vertex(1, 2, 3)]
Key: com.catan.model.RoundedPoint2D@225ed1, Value: [Vertex(0, -1, 2), Vertex(1, -2, 0), Vertex(1, -1, 4)]
Key: com.catan.model.RoundedPoint2D@11ec62, Value: [Vertex(-1, -2, 5), Vertex(-2, -1, 3)]
Key: com.catan.model.RoundedPoint2D@28ecd0, Value: [Vertex(1, -1, 2)]
Key: com.catan.model.RoundedPoint2D@1935e1, Value: [Vertex(0, 2, 5), Vertex(-1, 2, 1)]
Key: com.catan.model.RoundedPoint2D@2969d0, Value: [Vertex(1, 1, 1)]
Key: com.catan.model.RoundedPoint2D@18b8e1, Value: [Vertex(0, 0, 4)]
Key: com.catan.model.RoundedPoint2D@187a61, Value: [Vertex(-1, -2, 1), Vertex(0, -2, 5)]
Key: com.catan.model.RoundedPoint2D@15fe91, Value: [Vertex(-1, 2, 0)]
Key: com.catan.model.RoundedPoint2D@15c011, Value: [Vertex(-2, 1, 1), Vertex(-1, 2, 3), Vertex(-1, 1, 5)]
Key: com.catan.model.RoundedPoint2D@150491, Value: [Vertex(-1, -2, 3)]
Key: com.catan.model.RoundedPoint2D@154311, Value: [Vertex(-1, -2, 0), Vertex(-2, -1, 2)]
Key: com.catan.model.RoundedPoint2D@b9d02, Value: [Vertex(-2, 0, 4)]
Key: com.catan.model.RoundedPoint2D@eb512, Value: [Vertex(-2, -1, 4)]
Key: com.catan.model.RoundedPoint2D@f3212, Value: [Vertex(-2, 1, 5)]
Key: com.catan.model.RoundedPoint2D@1fa481, Value: [Vertex(0, 1, 0), Vertex(1, 2, 4), Vertex(0, 2, 2)]
Key: com.catan.model.RoundedPoint2D@1f6601, Value: [Vertex(0, 0, 1), Vertex(0, 1, 3)]
Key: com.catan.model.RoundedPoint2D@1ee901, Value: [Vertex(0, -2, 2), Vertex(1, -2, 4)]
Key: com.catan.model.RoundedPoint2D@257700, Value: [Vertex(1, -2, 2)]
Key: com.catan.model.RoundedPoint2D@25f400, Value: [Vertex(1, 1, 3)]
Key: com.catan.model.RoundedPoint2D@263280, Value: [Vertex(1, 1, 0), Vertex(1, 2, 2)]
Key: com.catan.model.RoundedPoint2D@1bf031, Value: [Vertex(0, -1, 5), Vertex(0, 0, 3)]
Key: com.catan.model.RoundedPoint2D@1c2eb1, Value: [Vertex(0, 0, 0), Vertex(0, 1, 4), Vertex(-1, 1, 2)]
Key: com.catan.model.RoundedPoint2D@124a22, Value: [Vertex(-2, 1, 3), Vertex(-2, 0, 1)]
Key: com.catan.model.RoundedPoint2D@1288a2, Value: [Vertex(-2, 1, 0), Vertex(-1, 2, 4)]
Key: com.catan.model.RoundedPoint2D@22bc91, Value: [Vertex(1, 1, 4), Vertex(0, 1, 2)]
Key: com.catan.model.RoundedPoint2D@227e11, Value: [Vertex(0, -1, 1), Vertex(1, -1, 5)]
Key: com.catan.model.RoundedPoint2D@11cd22, Value: [Vertex(-1, -2, 4)]
Key: com.catan.model.RoundedPoint2D@1916a1, Value: [Vertex(0, 2, 4), Vertex(-1, 2, 2), Vertex(-1, 1, 0)]
Key: com.catan.model.RoundedPoint2D@290c10, Value: [Vertex(1, -1, 1)]
Key: com.catan.model.RoundedPoint2D@294a90, Value: [Vertex(1, 1, 2)]
Key: com.catan.model.RoundedPoint2D@18d821, Value: [Vertex(0, 0, 5), Vertex(-1, 1, 3), Vertex(-1, 0, 1)]
Key: com.catan.model.RoundedPoint2D@185b21, Value: [Vertex(-1, -2, 2), Vertex(0, -2, 4)]
Key: com.catan.model.RoundedPoint2D@156251, Value: [Vertex(-2, -1, 1)]
Key: com.catan.model.RoundedPoint2D@15a0d1, Value: [Vertex(-2, 1, 2), Vertex(-1, 1, 4), Vertex(-1, 0, 0)]
Key: com.catan.model.RoundedPoint2D@bbc42, Value: [Vertex(-2, 0, 5)]
Key: com.catan.model.RoundedPoint2D@ed452, Value: [Vertex(-2, 0, 3), Vertex(-2, -1, 5)]
Key: com.catan.model.RoundedPoint2D@f12d2, Value: [Vertex(-2, 1, 4), Vertex(-2, 0, 0)]
Key: com.catan.model.RoundedPoint2D@1fc3c1, Value: [Vertex(1, 2, 5), Vertex(0, 2, 1)]
Key: com.catan.model.RoundedPoint2D@1f0841, Value: [Vertex(0, -1, 3), Vertex(0, -2, 1), Vertex(1, -2, 5)]
Key: com.catan.model.RoundedPoint2D@1f46c1, Value: [Vertex(0, -1, 0), Vertex(0, 0, 2)]
Key: com.catan.model.RoundedPoint2D@25d4c0, Value: [Vertex(1, -1, 0)]
Key: com.catan.model.RoundedPoint2D@259640, Value: [Vertex(1, -2, 1), Vertex(1, -1, 3)]
Key: com.catan.model.RoundedPoint2D@2651c0, Value: [Vertex(1, 2, 1)]
Key: com.catan.model.RoundedPoint2D@1b9271, Value: [Vertex(0, -2, 3)]
Key: com.catan.model.RoundedPoint2D@1bd0f1, Value: [Vertex(0, -1, 4), Vertex(0, -2, 0)]
Key: com.catan.model.RoundedPoint2D@1c8c71, Value: [Vertex(0, 2, 0)]
Key: com.catan.model.RoundedPoint2D@1c4df1, Value: [Vertex(0, 1, 5), Vertex(0, 2, 3), Vertex(-1, 1, 1)]
Key: com.catan.model.RoundedPoint2D@122ae2, Value: [Vertex(-2, 0, 2), Vertex(-2, -1, 0)]
Key: com.catan.model.RoundedPoint2D@12a7e2, Value: [Vertex(-1, 2, 5)]
Key: com.catan.model.RoundedPoint2D@231a51, Value: [Vertex(1, 2, 0)]
Key: com.catan.model.RoundedPoint2D@222051, Value: [Vertex(1, -2, 3)]
Key: com.catan.model.RoundedPoint2D@22dbd1, Value: [Vertex(1, 1, 5), Vertex(0, 1, 1), Vertex(1, 2, 3)]
Key: com.catan.model.RoundedPoint2D@225ed1, Value: [Vertex(0, -1, 2), Vertex(1, -2, 0), Vertex(1, -1, 4)]
Key: com.catan.model.RoundedPoint2D@11ec62, Value: [Vertex(-1, -2, 5), Vertex(-2, -1, 3)]
Key: com.catan.model.RoundedPoint2D@28ecd0, Value: [Vertex(1, -1, 2)]
Key: com.catan.model.RoundedPoint2D@1935e1, Value: [Vertex(0, 2, 5), Vertex(-1, 2, 1)]
Key: com.catan.model.RoundedPoint2D@2969d0, Value: [Vertex(1, 1, 1)]
Key: com.catan.model.RoundedPoint2D@18b8e1, Value: [Vertex(0, 0, 4), Vertex(-1, 0, 2)]
Key: com.catan.model.RoundedPoint2D@187a61, Value: [Vertex(-1, -2, 1), Vertex(0, -2, 5)]
Key: com.catan.model.RoundedPoint2D@15fe91, Value: [Vertex(-1, 2, 0)]
Key: com.catan.model.RoundedPoint2D@15c011, Value: [Vertex(-2, 1, 1), Vertex(-1, 2, 3), Vertex(-1, 1, 5)]
Key: com.catan.model.RoundedPoint2D@150491, Value: [Vertex(-1, -2, 3)]
Key: com.catan.model.RoundedPoint2D@154311, Value: [Vertex(-1, -2, 0), Vertex(-2, -1, 2)]
Key: com.catan.model.RoundedPoint2D@b9d02, Value: [Vertex(-2, 0, 4)]
Key: com.catan.model.RoundedPoint2D@eb512, Value: [Vertex(-2, -1, 4)]
Key: com.catan.model.RoundedPoint2D@f3212, Value: [Vertex(-2, 1, 5)]
Key: com.catan.model.RoundedPoint2D@1fa481, Value: [Vertex(0, 1, 0), Vertex(1, 2, 4), Vertex(0, 2, 2)]
Key: com.catan.model.RoundedPoint2D@1f6601, Value: [Vertex(0, 0, 1), Vertex(0, 1, 3)]
Key: com.catan.model.RoundedPoint2D@1ee901, Value: [Vertex(0, -2, 2), Vertex(1, -2, 4)]
Key: com.catan.model.RoundedPoint2D@257700, Value: [Vertex(1, -2, 2)]
Key: com.catan.model.RoundedPoint2D@25f400, Value: [Vertex(1, 1, 3)]
Key: com.catan.model.RoundedPoint2D@263280, Value: [Vertex(1, 1, 0), Vertex(1, 2, 2)]
Key: com.catan.model.RoundedPoint2D@1bf031, Value: [Vertex(0, -1, 5), Vertex(0, 0, 3)]
Key: com.catan.model.RoundedPoint2D@1c2eb1, Value: [Vertex(0, 0, 0), Vertex(0, 1, 4), Vertex(-1, 1, 2)]
Key: com.catan.model.RoundedPoint2D@124a22, Value: [Vertex(-2, 1, 3), Vertex(-2, 0, 1)]
Key: com.catan.model.RoundedPoint2D@1288a2, Value: [Vertex(-2, 1, 0), Vertex(-1, 2, 4)]
Key: com.catan.model.RoundedPoint2D@22bc91, Value: [Vertex(1, 1, 4), Vertex(0, 1, 2)]
Key: com.catan.model.RoundedPoint2D@227e11, Value: [Vertex(0, -1, 1), Vertex(1, -1, 5)]
Key: com.catan.model.RoundedPoint2D@11cd22, Value: [Vertex(-1, -2, 4)]
Key: com.catan.model.RoundedPoint2D@1916a1, Value: [Vertex(0, 2, 4), Vertex(-1, 2, 2), Vertex(-1, 1, 0)]
Key: com.catan.model.RoundedPoint2D@290c10, Value: [Vertex(1, -1, 1)]
Key: com.catan.model.RoundedPoint2D@294a90, Value: [Vertex(1, 1, 2)]
Key: com.catan.model.RoundedPoint2D@18d821, Value: [Vertex(0, 0, 5), Vertex(-1, 1, 3), Vertex(-1, 0, 1)]
Key: com.catan.model.RoundedPoint2D@185b21, Value: [Vertex(-1, -2, 2), Vertex(0, -2, 4)]
Key: com.catan.model.RoundedPoint2D@156251, Value: [Vertex(-2, -1, 1), Vertex(-1, 0, 3)]
Key: com.catan.model.RoundedPoint2D@15a0d1, Value: [Vertex(-2, 1, 2), Vertex(-1, 1, 4), Vertex(-1, 0, 0)]
Key: com.catan.model.RoundedPoint2D@bbc42, Value: [Vertex(-2, 0, 5)]
Key: com.catan.model.RoundedPoint2D@ed452, Value: [Vertex(-2, 0, 3), Vertex(-2, -1, 5)]
Key: com.catan.model.RoundedPoint2D@f12d2, Value: [Vertex(-2, 1, 4), Vertex(-2, 0, 0)]
Key: com.catan.model.RoundedPoint2D@1fc3c1, Value: [Vertex(1, 2, 5), Vertex(0, 2, 1)]
Key: com.catan.model.RoundedPoint2D@1f0841, Value: [Vertex(0, -1, 3), Vertex(0, -2, 1), Vertex(1, -2, 5)]
Key: com.catan.model.RoundedPoint2D@1f46c1, Value: [Vertex(0, -1, 0), Vertex(0, 0, 2)]
Key: com.catan.model.RoundedPoint2D@25d4c0, Value: [Vertex(1, -1, 0)]
Key: com.catan.model.RoundedPoint2D@259640, Value: [Vertex(1, -2, 1), Vertex(1, -1, 3)]
Key: com.catan.model.RoundedPoint2D@2651c0, Value: [Vertex(1, 2, 1)]
Key: com.catan.model.RoundedPoint2D@1b9271, Value: [Vertex(0, -2, 3)]
Key: com.catan.model.RoundedPoint2D@1bd0f1, Value: [Vertex(0, -1, 4), Vertex(0, -2, 0)]
Key: com.catan.model.RoundedPoint2D@1c8c71, Value: [Vertex(0, 2, 0)]
Key: com.catan.model.RoundedPoint2D@1c4df1, Value: [Vertex(0, 1, 5), Vertex(0, 2, 3), Vertex(-1, 1, 1)]
Key: com.catan.model.RoundedPoint2D@122ae2, Value: [Vertex(-2, 0, 2), Vertex(-2, -1, 0)]
Key: com.catan.model.RoundedPoint2D@12a7e2, Value: [Vertex(-1, 2, 5)]
Key: com.catan.model.RoundedPoint2D@231a51, Value: [Vertex(1, 2, 0)]
Key: com.catan.model.RoundedPoint2D@222051, Value: [Vertex(1, -2, 3)]
Key: com.catan.model.RoundedPoint2D@22dbd1, Value: [Vertex(1, 1, 5), Vertex(0, 1, 1), Vertex(1, 2, 3)]
Key: com.catan.model.RoundedPoint2D@225ed1, Value: [Vertex(0, -1, 2), Vertex(1, -2, 0), Vertex(1, -1, 4)]
Key: com.catan.model.RoundedPoint2D@11ec62, Value: [Vertex(-1, -2, 5), Vertex(-2, -1, 3)]
Key: com.catan.model.RoundedPoint2D@28ecd0, Value: [Vertex(1, -1, 2)]
Key: com.catan.model.RoundedPoint2D@1935e1, Value: [Vertex(0, 2, 5), Vertex(-1, 2, 1)]
Key: com.catan.model.RoundedPoint2D@2969d0, Value: [Vertex(1, 1, 1)]
Key: com.catan.model.RoundedPoint2D@18b8e1, Value: [Vertex(0, 0, 4), Vertex(-1, 0, 2)]
Key: com.catan.model.RoundedPoint2D@187a61, Value: [Vertex(-1, -2, 1), Vertex(0, -2, 5)]
Key: com.catan.model.RoundedPoint2D@15fe91, Value: [Vertex(-1, 2, 0)]
Key: com.catan.model.RoundedPoint2D@15c011, Value: [Vertex(-2, 1, 1), Vertex(-1, 2, 3), Vertex(-1, 1, 5)]
Key: com.catan.model.RoundedPoint2D@150491, Value: [Vertex(-1, -2, 3)]
Key: com.catan.model.RoundedPoint2D@154311, Value: [Vertex(-1, -2, 0), Vertex(-2, -1, 2)]
Key: com.catan.model.RoundedPoint2D@b9d02, Value: [Vertex(-2, 0, 4)]
Key: com.catan.model.RoundedPoint2D@eb512, Value: [Vertex(-2, -1, 4)]
Key: com.catan.model.RoundedPoint2D@f3212, Value: [Vertex(-2, 1, 5)]
Key: com.catan.model.RoundedPoint2D@1fa481, Value: [Vertex(0, 1, 0), Vertex(1, 2, 4), Vertex(0, 2, 2)]
Key: com.catan.model.RoundedPoint2D@1f6601, Value: [Vertex(0, 0, 1), Vertex(0, 1, 3)]
Key: com.catan.model.RoundedPoint2D@1ee901, Value: [Vertex(0, -2, 2), Vertex(1, -2, 4)]
Key: com.catan.model.RoundedPoint2D@257700, Value: [Vertex(1, -2, 2)]
Key: com.catan.model.RoundedPoint2D@25f400, Value: [Vertex(1, 1, 3)]
Key: com.catan.model.RoundedPoint2D@263280, Value: [Vertex(1, 1, 0), Vertex(1, 2, 2)]
Key: com.catan.model.RoundedPoint2D@1bf031, Value: [Vertex(0, -1, 5), Vertex(0, 0, 3)]
Key: com.catan.model.RoundedPoint2D@1c2eb1, Value: [Vertex(0, 0, 0), Vertex(0, 1, 4), Vertex(-1, 1, 2)]
Key: com.catan.model.RoundedPoint2D@124a22, Value: [Vertex(-2, 1, 3), Vertex(-2, 0, 1)]
Key: com.catan.model.RoundedPoint2D@1288a2, Value: [Vertex(-2, 1, 0), Vertex(-1, 2, 4)]
Key: com.catan.model.RoundedPoint2D@22bc91, Value: [Vertex(1, 1, 4), Vertex(0, 1, 2)]
Key: com.catan.model.RoundedPoint2D@227e11, Value: [Vertex(0, -1, 1), Vertex(1, -1, 5)]
Key: com.catan.model.RoundedPoint2D@11cd22, Value: [Vertex(-1, -2, 4)]
Key: com.catan.model.RoundedPoint2D@1916a1, Value: [Vertex(0, 2, 4), Vertex(-1, 2, 2), Vertex(-1, 1, 0)]
Key: com.catan.model.RoundedPoint2D@290c10, Value: [Vertex(1, -1, 1)]
Key: com.catan.model.RoundedPoint2D@294a90, Value: [Vertex(1, 1, 2)]
Key: com.catan.model.RoundedPoint2D@18d821, Value: [Vertex(0, 0, 5), Vertex(-1, 1, 3), Vertex(-1, 0, 1)]
Key: com.catan.model.RoundedPoint2D@185b21, Value: [Vertex(-1, -2, 2), Vertex(0, -2, 4)]
Key: com.catan.model.RoundedPoint2D@156251, Value: [Vertex(-2, -1, 1), Vertex(-1, 0, 3)]
Key: com.catan.model.RoundedPoint2D@15a0d1, Value: [Vertex(-2, 1, 2), Vertex(-1, 1, 4), Vertex(-1, 0, 0)]
Key: com.catan.model.RoundedPoint2D@bbc42, Value: [Vertex(-2, 0, 5)]
Key: com.catan.model.RoundedPoint2D@ed452, Value: [Vertex(-2, 0, 3), Vertex(-2, -1, 5)]
Key: com.catan.model.RoundedPoint2D@f12d2, Value: [Vertex(-2, 1, 4), Vertex(-2, 0, 0)]
Key: com.catan.model.RoundedPoint2D@1fc3c1, Value: [Vertex(1, 2, 5), Vertex(0, 2, 1)]
Key: com.catan.model.RoundedPoint2D@1f0841, Value: [Vertex(0, -1, 3), Vertex(0, -2, 1), Vertex(1, -2, 5)]
Key: com.catan.model.RoundedPoint2D@1f46c1, Value: [Vertex(0, -1, 0), Vertex(0, 0, 2)]
Key: com.catan.model.RoundedPoint2D@25d4c0, Value: [Vertex(1, -1, 0)]
Key: com.catan.model.RoundedPoint2D@259640, Value: [Vertex(1, -2, 1), Vertex(1, -1, 3)]
Key: com.catan.model.RoundedPoint2D@2651c0, Value: [Vertex(1, 2, 1)]
Key: com.catan.model.RoundedPoint2D@1b9271, Value: [Vertex(0, -2, 3)]
Key: com.catan.model.RoundedPoint2D@1bd0f1, Value: [Vertex(0, -1, 4), Vertex(0, -2, 0)]
Key: com.catan.model.RoundedPoint2D@1c8c71, Value: [Vertex(0, 2, 0)]
Key: com.catan.model.RoundedPoint2D@1c4df1, Value: [Vertex(0, 1, 5), Vertex(0, 2, 3), Vertex(-1, 1, 1)]
Key: com.catan.model.RoundedPoint2D@122ae2, Value: [Vertex(-2, 0, 2), Vertex(-2, -1, 0), Vertex(-1, 0, 4)]
Key: com.catan.model.RoundedPoint2D@12a7e2, Value: [Vertex(-1, 2, 5)]
Key: com.catan.model.RoundedPoint2D@231a51, Value: [Vertex(1, 2, 0)]
Key: com.catan.model.RoundedPoint2D@222051, Value: [Vertex(1, -2, 3)]
Key: com.catan.model.RoundedPoint2D@22dbd1, Value: [Vertex(1, 1, 5), Vertex(0, 1, 1), Vertex(1, 2, 3)]
Key: com.catan.model.RoundedPoint2D@225ed1, Value: [Vertex(0, -1, 2), Vertex(1, -2, 0), Vertex(1, -1, 4)]
Key: com.catan.model.RoundedPoint2D@11ec62, Value: [Vertex(-1, -2, 5), Vertex(-2, -1, 3)]
Key: com.catan.model.RoundedPoint2D@28ecd0, Value: [Vertex(1, -1, 2)]
Key: com.catan.model.RoundedPoint2D@1935e1, Value: [Vertex(0, 2, 5), Vertex(-1, 2, 1)]
Key: com.catan.model.RoundedPoint2D@2969d0, Value: [Vertex(1, 1, 1)]
Key: com.catan.model.RoundedPoint2D@18b8e1, Value: [Vertex(0, 0, 4), Vertex(-1, 0, 2)]
Key: com.catan.model.RoundedPoint2D@187a61, Value: [Vertex(-1, -2, 1), Vertex(0, -2, 5)]
Key: com.catan.model.RoundedPoint2D@15fe91, Value: [Vertex(-1, 2, 0)]
Key: com.catan.model.RoundedPoint2D@15c011, Value: [Vertex(-2, 1, 1), Vertex(-1, 2, 3), Vertex(-1, 1, 5)]
Key: com.catan.model.RoundedPoint2D@150491, Value: [Vertex(-1, -2, 3)]
Key: com.catan.model.RoundedPoint2D@154311, Value: [Vertex(-1, -2, 0), Vertex(-2, -1, 2)]
Key: com.catan.model.RoundedPoint2D@b9d02, Value: [Vertex(-2, 0, 4)]
Key: com.catan.model.RoundedPoint2D@eb512, Value: [Vertex(-2, -1, 4)]
Key: com.catan.model.RoundedPoint2D@f3212, Value: [Vertex(-2, 1, 5)]
Key: com.catan.model.RoundedPoint2D@1fa481, Value: [Vertex(0, 1, 0), Vertex(1, 2, 4), Vertex(0, 2, 2)]
Key: com.catan.model.RoundedPoint2D@1f6601, Value: [Vertex(0, 0, 1), Vertex(0, 1, 3)]
Key: com.catan.model.RoundedPoint2D@1ee901, Value: [Vertex(0, -2, 2), Vertex(1, -2, 4)]
Key: com.catan.model.RoundedPoint2D@257700, Value: [Vertex(1, -2, 2)]
Key: com.catan.model.RoundedPoint2D@25f400, Value: [Vertex(1, 1, 3)]
Key: com.catan.model.RoundedPoint2D@263280, Value: [Vertex(1, 1, 0), Vertex(1, 2, 2)]
Key: com.catan.model.RoundedPoint2D@1bf031, Value: [Vertex(0, -1, 5), Vertex(0, 0, 3)]
Key: com.catan.model.RoundedPoint2D@1c2eb1, Value: [Vertex(0, 0, 0), Vertex(0, 1, 4), Vertex(-1, 1, 2)]
Key: com.catan.model.RoundedPoint2D@124a22, Value: [Vertex(-2, 1, 3), Vertex(-2, 0, 1), Vertex(-1, 0, 5)]
Key: com.catan.model.RoundedPoint2D@1288a2, Value: [Vertex(-2, 1, 0), Vertex(-1, 2, 4)]
Key: com.catan.model.RoundedPoint2D@22bc91, Value: [Vertex(1, 1, 4), Vertex(0, 1, 2)]
Key: com.catan.model.RoundedPoint2D@227e11, Value: [Vertex(0, -1, 1), Vertex(1, -1, 5)]
Key: com.catan.model.RoundedPoint2D@11cd22, Value: [Vertex(-1, -2, 4)]
Key: com.catan.model.RoundedPoint2D@1916a1, Value: [Vertex(0, 2, 4), Vertex(-1, 2, 2), Vertex(-1, 1, 0)]
Key: com.catan.model.RoundedPoint2D@290c10, Value: [Vertex(1, -1, 1)]
Key: com.catan.model.RoundedPoint2D@294a90, Value: [Vertex(1, 1, 2)]
Key: com.catan.model.RoundedPoint2D@18d821, Value: [Vertex(0, 0, 5), Vertex(-1, 1, 3), Vertex(-1, 0, 1)]
Key: com.catan.model.RoundedPoint2D@185b21, Value: [Vertex(-1, -2, 2), Vertex(0, -2, 4)]
Key: com.catan.model.RoundedPoint2D@156251, Value: [Vertex(-2, -1, 1), Vertex(-1, 0, 3)]
Key: com.catan.model.RoundedPoint2D@15a0d1, Value: [Vertex(-2, 1, 2), Vertex(-1, 1, 4), Vertex(-1, 0, 0)]
Key: com.catan.model.RoundedPoint2D@bbc42, Value: [Vertex(-2, 0, 5)]
Key: com.catan.model.RoundedPoint2D@ed452, Value: [Vertex(-2, 0, 3), Vertex(-2, -1, 5)]
Key: com.catan.model.RoundedPoint2D@f12d2, Value: [Vertex(-2, 1, 4), Vertex(-2, 0, 0)]
Key: com.catan.model.RoundedPoint2D@1fc3c1, Value: [Vertex(1, 2, 5), Vertex(0, 2, 1)]
Key: com.catan.model.RoundedPoint2D@1f0841, Value: [Vertex(0, -1, 3), Vertex(0, -2, 1), Vertex(1, -2, 5)]
Key: com.catan.model.RoundedPoint2D@1f46c1, Value: [Vertex(0, -1, 0), Vertex(0, 0, 2)]
Key: com.catan.model.RoundedPoint2D@25d4c0, Value: [Vertex(1, -1, 0)]
Key: com.catan.model.RoundedPoint2D@259640, Value: [Vertex(1, -2, 1), Vertex(1, -1, 3)]
Key: com.catan.model.RoundedPoint2D@2651c0, Value: [Vertex(1, 2, 1)]
Key: com.catan.model.RoundedPoint2D@1b9271, Value: [Vertex(0, -2, 3)]
Key: com.catan.model.RoundedPoint2D@1bd0f1, Value: [Vertex(0, -1, 4), Vertex(0, -2, 0)]
Key: com.catan.model.RoundedPoint2D@1c8c71, Value: [Vertex(0, 2, 0)]
Key: com.catan.model.RoundedPoint2D@1c4df1, Value: [Vertex(0, 1, 5), Vertex(0, 2, 3), Vertex(-1, 1, 1)]
Key: com.catan.model.RoundedPoint2D@122ae2, Value: [Vertex(-2, 0, 2), Vertex(-2, -1, 0), Vertex(-1, 0, 4)]
Key: com.catan.model.RoundedPoint2D@12a7e2, Value: [Vertex(-1, 2, 5)]
Key: com.catan.model.RoundedPoint2D@231a51, Value: [Vertex(1, 2, 0)]
Key: com.catan.model.RoundedPoint2D@222051, Value: [Vertex(1, -2, 3)]
Key: com.catan.model.RoundedPoint2D@22dbd1, Value: [Vertex(1, 1, 5), Vertex(0, 1, 1), Vertex(1, 2, 3)]
Key: com.catan.model.RoundedPoint2D@225ed1, Value: [Vertex(0, -1, 2), Vertex(1, -2, 0), Vertex(1, -1, 4)]
Key: com.catan.model.RoundedPoint2D@11ec62, Value: [Vertex(-1, -2, 5), Vertex(-2, -1, 3)]
Key: com.catan.model.RoundedPoint2D@28ecd0, Value: [Vertex(1, -1, 2)]
Key: com.catan.model.RoundedPoint2D@1935e1, Value: [Vertex(0, 2, 5), Vertex(-1, 2, 1)]
Key: com.catan.model.RoundedPoint2D@2969d0, Value: [Vertex(1, 1, 1)]
Key: com.catan.model.RoundedPoint2D@18b8e1, Value: [Vertex(0, 0, 4), Vertex(-1, 0, 2)]
Key: com.catan.model.RoundedPoint2D@187a61, Value: [Vertex(-1, -2, 1), Vertex(0, -2, 5)]
Key: com.catan.model.RoundedPoint2D@15fe91, Value: [Vertex(-1, 2, 0)]
Key: com.catan.model.RoundedPoint2D@15c011, Value: [Vertex(-2, 1, 1), Vertex(-1, 2, 3), Vertex(-1, 1, 5)]
Key: com.catan.model.RoundedPoint2D@150491, Value: [Vertex(-1, -2, 3)]
Key: com.catan.model.RoundedPoint2D@154311, Value: [Vertex(-1, -2, 0), Vertex(-2, -1, 2)]
Key: com.catan.model.RoundedPoint2D@b9d02, Value: [Vertex(-2, 0, 4)]
Key: com.catan.model.RoundedPoint2D@eb512, Value: [Vertex(-2, -1, 4)]
Key: com.catan.model.RoundedPoint2D@f3212, Value: [Vertex(-2, 1, 5)]
Key: com.catan.model.RoundedPoint2D@1fa481, Value: [Vertex(0, 1, 0), Vertex(1, 2, 4), Vertex(0, 2, 2)]
Key: com.catan.model.RoundedPoint2D@1f6601, Value: [Vertex(0, 0, 1), Vertex(0, 1, 3)]
Key: com.catan.model.RoundedPoint2D@1ee901, Value: [Vertex(0, -2, 2), Vertex(1, -2, 4)]
Key: com.catan.model.RoundedPoint2D@257700, Value: [Vertex(1, -2, 2)]
Key: com.catan.model.RoundedPoint2D@25f400, Value: [Vertex(1, 1, 3)]
Key: com.catan.model.RoundedPoint2D@263280, Value: [Vertex(1, 1, 0), Vertex(1, 2, 2)]
Key: com.catan.model.RoundedPoint2D@1bf031, Value: [Vertex(0, -1, 5), Vertex(0, 0, 3)]
Key: com.catan.model.RoundedPoint2D@1c2eb1, Value: [Vertex(0, 0, 0), Vertex(0, 1, 4), Vertex(-1, 1, 2)]
Key: com.catan.model.RoundedPoint2D@124a22, Value: [Vertex(-2, 1, 3), Vertex(-2, 0, 1), Vertex(-1, 0, 5)]
Key: com.catan.model.RoundedPoint2D@1288a2, Value: [Vertex(-2, 1, 0), Vertex(-1, 2, 4)]
Key: com.catan.model.RoundedPoint2D@22bc91, Value: [Vertex(1, 1, 4), Vertex(0, 1, 2)]
Key: com.catan.model.RoundedPoint2D@227e11, Value: [Vertex(0, -1, 1), Vertex(1, -1, 5)]
Key: com.catan.model.RoundedPoint2D@11cd22, Value: [Vertex(-1, -2, 4)]
Key: com.catan.model.RoundedPoint2D@1916a1, Value: [Vertex(0, 2, 4), Vertex(-1, 2, 2), Vertex(-1, 1, 0)]
Key: com.catan.model.RoundedPoint2D@290c10, Value: [Vertex(1, -1, 1)]
Key: com.catan.model.RoundedPoint2D@294a90, Value: [Vertex(1, 1, 2), Vertex(2, 0, 0)]
Key: com.catan.model.RoundedPoint2D@18d821, Value: [Vertex(0, 0, 5), Vertex(-1, 1, 3), Vertex(-1, 0, 1)]
Key: com.catan.model.RoundedPoint2D@185b21, Value: [Vertex(-1, -2, 2), Vertex(0, -2, 4)]
Key: com.catan.model.RoundedPoint2D@156251, Value: [Vertex(-2, -1, 1), Vertex(-1, 0, 3)]
Key: com.catan.model.RoundedPoint2D@15a0d1, Value: [Vertex(-2, 1, 2), Vertex(-1, 1, 4), Vertex(-1, 0, 0)]
Key: com.catan.model.RoundedPoint2D@bbc42, Value: [Vertex(-2, 0, 5)]
Key: com.catan.model.RoundedPoint2D@ed452, Value: [Vertex(-2, 0, 3), Vertex(-2, -1, 5)]
Key: com.catan.model.RoundedPoint2D@f12d2, Value: [Vertex(-2, 1, 4), Vertex(-2, 0, 0)]
Key: com.catan.model.RoundedPoint2D@1fc3c1, Value: [Vertex(1, 2, 5), Vertex(0, 2, 1)]
Key: com.catan.model.RoundedPoint2D@1f0841, Value: [Vertex(0, -1, 3), Vertex(0, -2, 1), Vertex(1, -2, 5)]
Key: com.catan.model.RoundedPoint2D@1f46c1, Value: [Vertex(0, -1, 0), Vertex(0, 0, 2)]
Key: com.catan.model.RoundedPoint2D@25d4c0, Value: [Vertex(1, -1, 0)]
Key: com.catan.model.RoundedPoint2D@259640, Value: [Vertex(1, -2, 1), Vertex(1, -1, 3)]
Key: com.catan.model.RoundedPoint2D@2651c0, Value: [Vertex(1, 2, 1)]
Key: com.catan.model.RoundedPoint2D@1b9271, Value: [Vertex(0, -2, 3)]
Key: com.catan.model.RoundedPoint2D@1bd0f1, Value: [Vertex(0, -1, 4), Vertex(0, -2, 0)]
Key: com.catan.model.RoundedPoint2D@1c8c71, Value: [Vertex(0, 2, 0)]
Key: com.catan.model.RoundedPoint2D@1c4df1, Value: [Vertex(0, 1, 5), Vertex(0, 2, 3), Vertex(-1, 1, 1)]
Key: com.catan.model.RoundedPoint2D@122ae2, Value: [Vertex(-2, 0, 2), Vertex(-2, -1, 0), Vertex(-1, 0, 4)]
Key: com.catan.model.RoundedPoint2D@12a7e2, Value: [Vertex(-1, 2, 5)]
Key: com.catan.model.RoundedPoint2D@231a51, Value: [Vertex(1, 2, 0)]
Key: com.catan.model.RoundedPoint2D@222051, Value: [Vertex(1, -2, 3)]
Key: com.catan.model.RoundedPoint2D@22dbd1, Value: [Vertex(1, 1, 5), Vertex(0, 1, 1), Vertex(1, 2, 3)]
Key: com.catan.model.RoundedPoint2D@225ed1, Value: [Vertex(0, -1, 2), Vertex(1, -2, 0), Vertex(1, -1, 4)]
Key: com.catan.model.RoundedPoint2D@11ec62, Value: [Vertex(-1, -2, 5), Vertex(-2, -1, 3)]
Key: com.catan.model.RoundedPoint2D@28ecd0, Value: [Vertex(1, -1, 2)]
Key: com.catan.model.RoundedPoint2D@1935e1, Value: [Vertex(0, 2, 5), Vertex(-1, 2, 1)]
Key: com.catan.model.RoundedPoint2D@2969d0, Value: [Vertex(1, 1, 1)]
Key: com.catan.model.RoundedPoint2D@18b8e1, Value: [Vertex(0, 0, 4), Vertex(-1, 0, 2)]
Key: com.catan.model.RoundedPoint2D@187a61, Value: [Vertex(-1, -2, 1), Vertex(0, -2, 5)]
Key: com.catan.model.RoundedPoint2D@15fe91, Value: [Vertex(-1, 2, 0)]
Key: com.catan.model.RoundedPoint2D@15c011, Value: [Vertex(-2, 1, 1), Vertex(-1, 2, 3), Vertex(-1, 1, 5)]
Key: com.catan.model.RoundedPoint2D@150491, Value: [Vertex(-1, -2, 3)]
Key: com.catan.model.RoundedPoint2D@154311, Value: [Vertex(-1, -2, 0), Vertex(-2, -1, 2)]
Key: com.catan.model.RoundedPoint2D@b9d02, Value: [Vertex(-2, 0, 4)]
Key: com.catan.model.RoundedPoint2D@eb512, Value: [Vertex(-2, -1, 4)]
Key: com.catan.model.RoundedPoint2D@f3212, Value: [Vertex(-2, 1, 5)]
Key: com.catan.model.RoundedPoint2D@1fa481, Value: [Vertex(0, 1, 0), Vertex(1, 2, 4), Vertex(0, 2, 2)]
Key: com.catan.model.RoundedPoint2D@1f6601, Value: [Vertex(0, 0, 1), Vertex(0, 1, 3)]
Key: com.catan.model.RoundedPoint2D@1ee901, Value: [Vertex(0, -2, 2), Vertex(1, -2, 4)]
Key: com.catan.model.RoundedPoint2D@257700, Value: [Vertex(1, -2, 2)]
Key: com.catan.model.RoundedPoint2D@25f400, Value: [Vertex(1, 1, 3)]
Key: com.catan.model.RoundedPoint2D@263280, Value: [Vertex(1, 1, 0), Vertex(1, 2, 2)]
Key: com.catan.model.RoundedPoint2D@1bf031, Value: [Vertex(0, -1, 5), Vertex(0, 0, 3)]
Key: com.catan.model.RoundedPoint2D@1c2eb1, Value: [Vertex(0, 0, 0), Vertex(0, 1, 4), Vertex(-1, 1, 2)]
Key: com.catan.model.RoundedPoint2D@124a22, Value: [Vertex(-2, 1, 3), Vertex(-2, 0, 1), Vertex(-1, 0, 5)]
Key: com.catan.model.RoundedPoint2D@1288a2, Value: [Vertex(-2, 1, 0), Vertex(-1, 2, 4)]
Key: com.catan.model.RoundedPoint2D@22bc91, Value: [Vertex(1, 1, 4), Vertex(0, 1, 2)]
Key: com.catan.model.RoundedPoint2D@227e11, Value: [Vertex(0, -1, 1), Vertex(1, -1, 5)]
Key: com.catan.model.RoundedPoint2D@11cd22, Value: [Vertex(-1, -2, 4)]
Key: com.catan.model.RoundedPoint2D@1916a1, Value: [Vertex(0, 2, 4), Vertex(-1, 2, 2), Vertex(-1, 1, 0)]
Key: com.catan.model.RoundedPoint2D@290c10, Value: [Vertex(1, -1, 1)]
Key: com.catan.model.RoundedPoint2D@294a90, Value: [Vertex(1, 1, 2), Vertex(2, 0, 0)]
Key: com.catan.model.RoundedPoint2D@18d821, Value: [Vertex(0, 0, 5), Vertex(-1, 1, 3), Vertex(-1, 0, 1)]
Key: com.catan.model.RoundedPoint2D@185b21, Value: [Vertex(-1, -2, 2), Vertex(0, -2, 4)]
Key: com.catan.model.RoundedPoint2D@156251, Value: [Vertex(-2, -1, 1), Vertex(-1, 0, 3)]
Key: com.catan.model.RoundedPoint2D@15a0d1, Value: [Vertex(-2, 1, 2), Vertex(-1, 1, 4), Vertex(-1, 0, 0)]
Key: com.catan.model.RoundedPoint2D@bbc42, Value: [Vertex(-2, 0, 5)]
Key: com.catan.model.RoundedPoint2D@2c81e0, Value: [Vertex(2, 0, 1)]
Key: com.catan.model.RoundedPoint2D@ed452, Value: [Vertex(-2, 0, 3), Vertex(-2, -1, 5)]
Key: com.catan.model.RoundedPoint2D@f12d2, Value: [Vertex(-2, 1, 4), Vertex(-2, 0, 0)]
Key: com.catan.model.RoundedPoint2D@1fc3c1, Value: [Vertex(1, 2, 5), Vertex(0, 2, 1)]
Key: com.catan.model.RoundedPoint2D@1f0841, Value: [Vertex(0, -1, 3), Vertex(0, -2, 1), Vertex(1, -2, 5)]
Key: com.catan.model.RoundedPoint2D@1f46c1, Value: [Vertex(0, -1, 0), Vertex(0, 0, 2)]
Key: com.catan.model.RoundedPoint2D@25d4c0, Value: [Vertex(1, -1, 0)]
Key: com.catan.model.RoundedPoint2D@259640, Value: [Vertex(1, -2, 1), Vertex(1, -1, 3)]
Key: com.catan.model.RoundedPoint2D@2651c0, Value: [Vertex(1, 2, 1)]
Key: com.catan.model.RoundedPoint2D@1b9271, Value: [Vertex(0, -2, 3)]
Key: com.catan.model.RoundedPoint2D@1bd0f1, Value: [Vertex(0, -1, 4), Vertex(0, -2, 0)]
Key: com.catan.model.RoundedPoint2D@1c8c71, Value: [Vertex(0, 2, 0)]
Key: com.catan.model.RoundedPoint2D@1c4df1, Value: [Vertex(0, 1, 5), Vertex(0, 2, 3), Vertex(-1, 1, 1)]
Key: com.catan.model.RoundedPoint2D@122ae2, Value: [Vertex(-2, 0, 2), Vertex(-2, -1, 0), Vertex(-1, 0, 4)]
Key: com.catan.model.RoundedPoint2D@12a7e2, Value: [Vertex(-1, 2, 5)]
Key: com.catan.model.RoundedPoint2D@231a51, Value: [Vertex(1, 2, 0)]
Key: com.catan.model.RoundedPoint2D@222051, Value: [Vertex(1, -2, 3)]
Key: com.catan.model.RoundedPoint2D@22dbd1, Value: [Vertex(1, 1, 5), Vertex(0, 1, 1), Vertex(1, 2, 3)]
Key: com.catan.model.RoundedPoint2D@225ed1, Value: [Vertex(0, -1, 2), Vertex(1, -2, 0), Vertex(1, -1, 4)]
Key: com.catan.model.RoundedPoint2D@11ec62, Value: [Vertex(-1, -2, 5), Vertex(-2, -1, 3)]
Key: com.catan.model.RoundedPoint2D@28ecd0, Value: [Vertex(1, -1, 2)]
Key: com.catan.model.RoundedPoint2D@1935e1, Value: [Vertex(0, 2, 5), Vertex(-1, 2, 1)]
Key: com.catan.model.RoundedPoint2D@2969d0, Value: [Vertex(1, 1, 1)]
Key: com.catan.model.RoundedPoint2D@18b8e1, Value: [Vertex(0, 0, 4), Vertex(-1, 0, 2)]
Key: com.catan.model.RoundedPoint2D@187a61, Value: [Vertex(-1, -2, 1), Vertex(0, -2, 5)]
Key: com.catan.model.RoundedPoint2D@15fe91, Value: [Vertex(-1, 2, 0)]
Key: com.catan.model.RoundedPoint2D@15c011, Value: [Vertex(-2, 1, 1), Vertex(-1, 2, 3), Vertex(-1, 1, 5)]
Key: com.catan.model.RoundedPoint2D@150491, Value: [Vertex(-1, -2, 3)]
Key: com.catan.model.RoundedPoint2D@154311, Value: [Vertex(-1, -2, 0), Vertex(-2, -1, 2)]
Key: com.catan.model.RoundedPoint2D@b9d02, Value: [Vertex(-2, 0, 4)]
Key: com.catan.model.RoundedPoint2D@2c62a0, Value: [Vertex(2, 0, 2)]
Key: com.catan.model.RoundedPoint2D@eb512, Value: [Vertex(-2, -1, 4)]
Key: com.catan.model.RoundedPoint2D@f3212, Value: [Vertex(-2, 1, 5)]
Key: com.catan.model.RoundedPoint2D@1fa481, Value: [Vertex(0, 1, 0), Vertex(1, 2, 4), Vertex(0, 2, 2)]
Key: com.catan.model.RoundedPoint2D@1f6601, Value: [Vertex(0, 0, 1), Vertex(0, 1, 3)]
Key: com.catan.model.RoundedPoint2D@1ee901, Value: [Vertex(0, -2, 2), Vertex(1, -2, 4)]
Key: com.catan.model.RoundedPoint2D@257700, Value: [Vertex(1, -2, 2)]
Key: com.catan.model.RoundedPoint2D@25f400, Value: [Vertex(1, 1, 3)]
Key: com.catan.model.RoundedPoint2D@263280, Value: [Vertex(1, 1, 0), Vertex(1, 2, 2)]
Key: com.catan.model.RoundedPoint2D@1bf031, Value: [Vertex(0, -1, 5), Vertex(0, 0, 3)]
Key: com.catan.model.RoundedPoint2D@1c2eb1, Value: [Vertex(0, 0, 0), Vertex(0, 1, 4), Vertex(-1, 1, 2)]
Key: com.catan.model.RoundedPoint2D@124a22, Value: [Vertex(-2, 1, 3), Vertex(-2, 0, 1), Vertex(-1, 0, 5)]
Key: com.catan.model.RoundedPoint2D@1288a2, Value: [Vertex(-2, 1, 0), Vertex(-1, 2, 4)]
Key: com.catan.model.RoundedPoint2D@22bc91, Value: [Vertex(1, 1, 4), Vertex(0, 1, 2)]
Key: com.catan.model.RoundedPoint2D@227e11, Value: [Vertex(0, -1, 1), Vertex(1, -1, 5)]
Key: com.catan.model.RoundedPoint2D@11cd22, Value: [Vertex(-1, -2, 4)]
Key: com.catan.model.RoundedPoint2D@1916a1, Value: [Vertex(0, 2, 4), Vertex(-1, 2, 2), Vertex(-1, 1, 0)]
Key: com.catan.model.RoundedPoint2D@290c10, Value: [Vertex(1, -1, 1)]
Key: com.catan.model.RoundedPoint2D@294a90, Value: [Vertex(1, 1, 2), Vertex(2, 0, 0)]
Key: com.catan.model.RoundedPoint2D@18d821, Value: [Vertex(0, 0, 5), Vertex(-1, 1, 3), Vertex(-1, 0, 1)]
Key: com.catan.model.RoundedPoint2D@185b21, Value: [Vertex(-1, -2, 2), Vertex(0, -2, 4)]
Key: com.catan.model.RoundedPoint2D@156251, Value: [Vertex(-2, -1, 1), Vertex(-1, 0, 3)]
Key: com.catan.model.RoundedPoint2D@15a0d1, Value: [Vertex(-2, 1, 2), Vertex(-1, 1, 4), Vertex(-1, 0, 0)]
Key: com.catan.model.RoundedPoint2D@bbc42, Value: [Vertex(-2, 0, 5)]
Key: com.catan.model.RoundedPoint2D@2c81e0, Value: [Vertex(2, 0, 1)]
Key: com.catan.model.RoundedPoint2D@ed452, Value: [Vertex(-2, 0, 3), Vertex(-2, -1, 5)]
Key: com.catan.model.RoundedPoint2D@f12d2, Value: [Vertex(-2, 1, 4), Vertex(-2, 0, 0)]
Key: com.catan.model.RoundedPoint2D@1fc3c1, Value: [Vertex(1, 2, 5), Vertex(0, 2, 1)]
Key: com.catan.model.RoundedPoint2D@1f0841, Value: [Vertex(0, -1, 3), Vertex(0, -2, 1), Vertex(1, -2, 5)]
Key: com.catan.model.RoundedPoint2D@1f46c1, Value: [Vertex(0, -1, 0), Vertex(0, 0, 2)]
Key: com.catan.model.RoundedPoint2D@25d4c0, Value: [Vertex(1, -1, 0)]
Key: com.catan.model.RoundedPoint2D@259640, Value: [Vertex(1, -2, 1), Vertex(1, -1, 3)]
Key: com.catan.model.RoundedPoint2D@2651c0, Value: [Vertex(1, 2, 1)]
Key: com.catan.model.RoundedPoint2D@1b9271, Value: [Vertex(0, -2, 3)]
Key: com.catan.model.RoundedPoint2D@1bd0f1, Value: [Vertex(0, -1, 4), Vertex(0, -2, 0)]
Key: com.catan.model.RoundedPoint2D@1c8c71, Value: [Vertex(0, 2, 0)]
Key: com.catan.model.RoundedPoint2D@1c4df1, Value: [Vertex(0, 1, 5), Vertex(0, 2, 3), Vertex(-1, 1, 1)]
Key: com.catan.model.RoundedPoint2D@122ae2, Value: [Vertex(-2, 0, 2), Vertex(-2, -1, 0), Vertex(-1, 0, 4)]
Key: com.catan.model.RoundedPoint2D@12a7e2, Value: [Vertex(-1, 2, 5)]
Key: com.catan.model.RoundedPoint2D@231a51, Value: [Vertex(1, 2, 0)]
Key: com.catan.model.RoundedPoint2D@222051, Value: [Vertex(1, -2, 3)]
Key: com.catan.model.RoundedPoint2D@22dbd1, Value: [Vertex(1, 1, 5), Vertex(0, 1, 1), Vertex(1, 2, 3)]
Key: com.catan.model.RoundedPoint2D@225ed1, Value: [Vertex(0, -1, 2), Vertex(1, -2, 0), Vertex(1, -1, 4)]
Key: com.catan.model.RoundedPoint2D@11ec62, Value: [Vertex(-1, -2, 5), Vertex(-2, -1, 3)]
Key: com.catan.model.RoundedPoint2D@28ecd0, Value: [Vertex(1, -1, 2)]
Key: com.catan.model.RoundedPoint2D@1935e1, Value: [Vertex(0, 2, 5), Vertex(-1, 2, 1)]
Key: com.catan.model.RoundedPoint2D@2969d0, Value: [Vertex(1, 1, 1)]
Key: com.catan.model.RoundedPoint2D@18b8e1, Value: [Vertex(0, 0, 4), Vertex(-1, 0, 2)]
Key: com.catan.model.RoundedPoint2D@187a61, Value: [Vertex(-1, -2, 1), Vertex(0, -2, 5)]
Key: com.catan.model.RoundedPoint2D@15fe91, Value: [Vertex(-1, 2, 0)]
Key: com.catan.model.RoundedPoint2D@15c011, Value: [Vertex(-2, 1, 1), Vertex(-1, 2, 3), Vertex(-1, 1, 5)]
Key: com.catan.model.RoundedPoint2D@150491, Value: [Vertex(-1, -2, 3)]
Key: com.catan.model.RoundedPoint2D@154311, Value: [Vertex(-1, -2, 0), Vertex(-2, -1, 2)]
Key: com.catan.model.RoundedPoint2D@b9d02, Value: [Vertex(-2, 0, 4)]
Key: com.catan.model.RoundedPoint2D@2c62a0, Value: [Vertex(2, 0, 2)]
Key: com.catan.model.RoundedPoint2D@eb512, Value: [Vertex(-2, -1, 4)]
Key: com.catan.model.RoundedPoint2D@f3212, Value: [Vertex(-2, 1, 5)]
Key: com.catan.model.RoundedPoint2D@1fa481, Value: [Vertex(0, 1, 0), Vertex(1, 2, 4), Vertex(0, 2, 2)]
Key: com.catan.model.RoundedPoint2D@1f6601, Value: [Vertex(0, 0, 1), Vertex(0, 1, 3)]
Key: com.catan.model.RoundedPoint2D@1ee901, Value: [Vertex(0, -2, 2), Vertex(1, -2, 4)]
Key: com.catan.model.RoundedPoint2D@257700, Value: [Vertex(1, -2, 2)]
Key: com.catan.model.RoundedPoint2D@25f400, Value: [Vertex(1, 1, 3)]
Key: com.catan.model.RoundedPoint2D@263280, Value: [Vertex(1, 1, 0), Vertex(1, 2, 2)]
Key: com.catan.model.RoundedPoint2D@1bf031, Value: [Vertex(0, -1, 5), Vertex(0, 0, 3)]
Key: com.catan.model.RoundedPoint2D@1c2eb1, Value: [Vertex(0, 0, 0), Vertex(0, 1, 4), Vertex(-1, 1, 2)]
Key: com.catan.model.RoundedPoint2D@124a22, Value: [Vertex(-2, 1, 3), Vertex(-2, 0, 1), Vertex(-1, 0, 5)]
Key: com.catan.model.RoundedPoint2D@1288a2, Value: [Vertex(-2, 1, 0), Vertex(-1, 2, 4)]
Key: com.catan.model.RoundedPoint2D@22bc91, Value: [Vertex(1, 1, 4), Vertex(0, 1, 2)]
Key: com.catan.model.RoundedPoint2D@227e11, Value: [Vertex(0, -1, 1), Vertex(1, -1, 5)]
Key: com.catan.model.RoundedPoint2D@11cd22, Value: [Vertex(-1, -2, 4)]
Key: com.catan.model.RoundedPoint2D@1916a1, Value: [Vertex(0, 2, 4), Vertex(-1, 2, 2), Vertex(-1, 1, 0)]
Key: com.catan.model.RoundedPoint2D@290c10, Value: [Vertex(1, -1, 1), Vertex(2, 0, 3)]
Key: com.catan.model.RoundedPoint2D@294a90, Value: [Vertex(1, 1, 2), Vertex(2, 0, 0)]
Key: com.catan.model.RoundedPoint2D@18d821, Value: [Vertex(0, 0, 5), Vertex(-1, 1, 3), Vertex(-1, 0, 1)]
Key: com.catan.model.RoundedPoint2D@185b21, Value: [Vertex(-1, -2, 2), Vertex(0, -2, 4)]
Key: com.catan.model.RoundedPoint2D@156251, Value: [Vertex(-2, -1, 1), Vertex(-1, 0, 3)]
Key: com.catan.model.RoundedPoint2D@15a0d1, Value: [Vertex(-2, 1, 2), Vertex(-1, 1, 4), Vertex(-1, 0, 0)]
Key: com.catan.model.RoundedPoint2D@bbc42, Value: [Vertex(-2, 0, 5)]
Key: com.catan.model.RoundedPoint2D@2c81e0, Value: [Vertex(2, 0, 1)]
Key: com.catan.model.RoundedPoint2D@ed452, Value: [Vertex(-2, 0, 3), Vertex(-2, -1, 5)]
Key: com.catan.model.RoundedPoint2D@f12d2, Value: [Vertex(-2, 1, 4), Vertex(-2, 0, 0)]
Key: com.catan.model.RoundedPoint2D@1fc3c1, Value: [Vertex(1, 2, 5), Vertex(0, 2, 1)]
Key: com.catan.model.RoundedPoint2D@1f0841, Value: [Vertex(0, -1, 3), Vertex(0, -2, 1), Vertex(1, -2, 5)]
Key: com.catan.model.RoundedPoint2D@1f46c1, Value: [Vertex(0, -1, 0), Vertex(0, 0, 2)]
Key: com.catan.model.RoundedPoint2D@25d4c0, Value: [Vertex(1, -1, 0)]
Key: com.catan.model.RoundedPoint2D@259640, Value: [Vertex(1, -2, 1), Vertex(1, -1, 3)]
Key: com.catan.model.RoundedPoint2D@2651c0, Value: [Vertex(1, 2, 1)]
Key: com.catan.model.RoundedPoint2D@1b9271, Value: [Vertex(0, -2, 3)]
Key: com.catan.model.RoundedPoint2D@1bd0f1, Value: [Vertex(0, -1, 4), Vertex(0, -2, 0)]
Key: com.catan.model.RoundedPoint2D@1c8c71, Value: [Vertex(0, 2, 0)]
Key: com.catan.model.RoundedPoint2D@1c4df1, Value: [Vertex(0, 1, 5), Vertex(0, 2, 3), Vertex(-1, 1, 1)]
Key: com.catan.model.RoundedPoint2D@122ae2, Value: [Vertex(-2, 0, 2), Vertex(-2, -1, 0), Vertex(-1, 0, 4)]
Key: com.catan.model.RoundedPoint2D@12a7e2, Value: [Vertex(-1, 2, 5)]
Key: com.catan.model.RoundedPoint2D@231a51, Value: [Vertex(1, 2, 0)]
Key: com.catan.model.RoundedPoint2D@222051, Value: [Vertex(1, -2, 3)]
Key: com.catan.model.RoundedPoint2D@22dbd1, Value: [Vertex(1, 1, 5), Vertex(0, 1, 1), Vertex(1, 2, 3)]
Key: com.catan.model.RoundedPoint2D@225ed1, Value: [Vertex(0, -1, 2), Vertex(1, -2, 0), Vertex(1, -1, 4)]
Key: com.catan.model.RoundedPoint2D@11ec62, Value: [Vertex(-1, -2, 5), Vertex(-2, -1, 3)]
Key: com.catan.model.RoundedPoint2D@28ecd0, Value: [Vertex(1, -1, 2)]
Key: com.catan.model.RoundedPoint2D@1935e1, Value: [Vertex(0, 2, 5), Vertex(-1, 2, 1)]
Key: com.catan.model.RoundedPoint2D@2969d0, Value: [Vertex(1, 1, 1)]
Key: com.catan.model.RoundedPoint2D@18b8e1, Value: [Vertex(0, 0, 4), Vertex(-1, 0, 2)]
Key: com.catan.model.RoundedPoint2D@187a61, Value: [Vertex(-1, -2, 1), Vertex(0, -2, 5)]
Key: com.catan.model.RoundedPoint2D@15fe91, Value: [Vertex(-1, 2, 0)]
Key: com.catan.model.RoundedPoint2D@15c011, Value: [Vertex(-2, 1, 1), Vertex(-1, 2, 3), Vertex(-1, 1, 5)]
Key: com.catan.model.RoundedPoint2D@150491, Value: [Vertex(-1, -2, 3)]
Key: com.catan.model.RoundedPoint2D@154311, Value: [Vertex(-1, -2, 0), Vertex(-2, -1, 2)]
Key: com.catan.model.RoundedPoint2D@b9d02, Value: [Vertex(-2, 0, 4)]
Key: com.catan.model.RoundedPoint2D@2c62a0, Value: [Vertex(2, 0, 2)]
Key: com.catan.model.RoundedPoint2D@eb512, Value: [Vertex(-2, -1, 4)]
Key: com.catan.model.RoundedPoint2D@f3212, Value: [Vertex(-2, 1, 5)]
Key: com.catan.model.RoundedPoint2D@1fa481, Value: [Vertex(0, 1, 0), Vertex(1, 2, 4), Vertex(0, 2, 2)]
Key: com.catan.model.RoundedPoint2D@1f6601, Value: [Vertex(0, 0, 1), Vertex(0, 1, 3)]
Key: com.catan.model.RoundedPoint2D@1ee901, Value: [Vertex(0, -2, 2), Vertex(1, -2, 4)]
Key: com.catan.model.RoundedPoint2D@257700, Value: [Vertex(1, -2, 2)]
Key: com.catan.model.RoundedPoint2D@25f400, Value: [Vertex(1, 1, 3)]
Key: com.catan.model.RoundedPoint2D@263280, Value: [Vertex(1, 1, 0), Vertex(1, 2, 2)]
Key: com.catan.model.RoundedPoint2D@1bf031, Value: [Vertex(0, -1, 5), Vertex(0, 0, 3)]
Key: com.catan.model.RoundedPoint2D@1c2eb1, Value: [Vertex(0, 0, 0), Vertex(0, 1, 4), Vertex(-1, 1, 2)]
Key: com.catan.model.RoundedPoint2D@124a22, Value: [Vertex(-2, 1, 3), Vertex(-2, 0, 1), Vertex(-1, 0, 5)]
Key: com.catan.model.RoundedPoint2D@1288a2, Value: [Vertex(-2, 1, 0), Vertex(-1, 2, 4)]
Key: com.catan.model.RoundedPoint2D@22bc91, Value: [Vertex(1, 1, 4), Vertex(0, 1, 2)]
Key: com.catan.model.RoundedPoint2D@227e11, Value: [Vertex(0, -1, 1), Vertex(1, -1, 5)]
Key: com.catan.model.RoundedPoint2D@11cd22, Value: [Vertex(-1, -2, 4)]
Key: com.catan.model.RoundedPoint2D@1916a1, Value: [Vertex(0, 2, 4), Vertex(-1, 2, 2), Vertex(-1, 1, 0)]
Key: com.catan.model.RoundedPoint2D@290c10, Value: [Vertex(1, -1, 1), Vertex(2, 0, 3)]
Key: com.catan.model.RoundedPoint2D@294a90, Value: [Vertex(1, 1, 2), Vertex(2, 0, 0)]
Key: com.catan.model.RoundedPoint2D@18d821, Value: [Vertex(0, 0, 5), Vertex(-1, 1, 3), Vertex(-1, 0, 1)]
Key: com.catan.model.RoundedPoint2D@185b21, Value: [Vertex(-1, -2, 2), Vertex(0, -2, 4)]
Key: com.catan.model.RoundedPoint2D@156251, Value: [Vertex(-2, -1, 1), Vertex(-1, 0, 3)]
Key: com.catan.model.RoundedPoint2D@15a0d1, Value: [Vertex(-2, 1, 2), Vertex(-1, 1, 4), Vertex(-1, 0, 0)]
Key: com.catan.model.RoundedPoint2D@bbc42, Value: [Vertex(-2, 0, 5)]
Key: com.catan.model.RoundedPoint2D@2c81e0, Value: [Vertex(2, 0, 1)]
Key: com.catan.model.RoundedPoint2D@ed452, Value: [Vertex(-2, 0, 3), Vertex(-2, -1, 5)]
Key: com.catan.model.RoundedPoint2D@f12d2, Value: [Vertex(-2, 1, 4), Vertex(-2, 0, 0)]
Key: com.catan.model.RoundedPoint2D@1fc3c1, Value: [Vertex(1, 2, 5), Vertex(0, 2, 1)]
Key: com.catan.model.RoundedPoint2D@1f0841, Value: [Vertex(0, -1, 3), Vertex(0, -2, 1), Vertex(1, -2, 5)]
Key: com.catan.model.RoundedPoint2D@1f46c1, Value: [Vertex(0, -1, 0), Vertex(0, 0, 2)]
Key: com.catan.model.RoundedPoint2D@25d4c0, Value: [Vertex(1, -1, 0), Vertex(2, 0, 4)]
Key: com.catan.model.RoundedPoint2D@259640, Value: [Vertex(1, -2, 1), Vertex(1, -1, 3)]
Key: com.catan.model.RoundedPoint2D@2651c0, Value: [Vertex(1, 2, 1)]
Key: com.catan.model.RoundedPoint2D@1b9271, Value: [Vertex(0, -2, 3)]
Key: com.catan.model.RoundedPoint2D@1bd0f1, Value: [Vertex(0, -1, 4), Vertex(0, -2, 0)]
Key: com.catan.model.RoundedPoint2D@1c8c71, Value: [Vertex(0, 2, 0)]
Key: com.catan.model.RoundedPoint2D@1c4df1, Value: [Vertex(0, 1, 5), Vertex(0, 2, 3), Vertex(-1, 1, 1)]
Key: com.catan.model.RoundedPoint2D@122ae2, Value: [Vertex(-2, 0, 2), Vertex(-2, -1, 0), Vertex(-1, 0, 4)]
Key: com.catan.model.RoundedPoint2D@12a7e2, Value: [Vertex(-1, 2, 5)]
Key: com.catan.model.RoundedPoint2D@231a51, Value: [Vertex(1, 2, 0)]
Key: com.catan.model.RoundedPoint2D@222051, Value: [Vertex(1, -2, 3)]
Key: com.catan.model.RoundedPoint2D@22dbd1, Value: [Vertex(1, 1, 5), Vertex(0, 1, 1), Vertex(1, 2, 3)]
Key: com.catan.model.RoundedPoint2D@225ed1, Value: [Vertex(0, -1, 2), Vertex(1, -2, 0), Vertex(1, -1, 4)]
Key: com.catan.model.RoundedPoint2D@11ec62, Value: [Vertex(-1, -2, 5), Vertex(-2, -1, 3)]
Key: com.catan.model.RoundedPoint2D@28ecd0, Value: [Vertex(1, -1, 2)]
Key: com.catan.model.RoundedPoint2D@1935e1, Value: [Vertex(0, 2, 5), Vertex(-1, 2, 1)]
Key: com.catan.model.RoundedPoint2D@2969d0, Value: [Vertex(1, 1, 1)]
Key: com.catan.model.RoundedPoint2D@18b8e1, Value: [Vertex(0, 0, 4), Vertex(-1, 0, 2)]
Key: com.catan.model.RoundedPoint2D@187a61, Value: [Vertex(-1, -2, 1), Vertex(0, -2, 5)]
Key: com.catan.model.RoundedPoint2D@15fe91, Value: [Vertex(-1, 2, 0)]
Key: com.catan.model.RoundedPoint2D@15c011, Value: [Vertex(-2, 1, 1), Vertex(-1, 2, 3), Vertex(-1, 1, 5)]
Key: com.catan.model.RoundedPoint2D@150491, Value: [Vertex(-1, -2, 3)]
Key: com.catan.model.RoundedPoint2D@154311, Value: [Vertex(-1, -2, 0), Vertex(-2, -1, 2)]
Key: com.catan.model.RoundedPoint2D@b9d02, Value: [Vertex(-2, 0, 4)]
Key: com.catan.model.RoundedPoint2D@2c62a0, Value: [Vertex(2, 0, 2)]
Key: com.catan.model.RoundedPoint2D@eb512, Value: [Vertex(-2, -1, 4)]
Key: com.catan.model.RoundedPoint2D@f3212, Value: [Vertex(-2, 1, 5)]
Key: com.catan.model.RoundedPoint2D@1fa481, Value: [Vertex(0, 1, 0), Vertex(1, 2, 4), Vertex(0, 2, 2)]
Key: com.catan.model.RoundedPoint2D@1f6601, Value: [Vertex(0, 0, 1), Vertex(0, 1, 3)]
Key: com.catan.model.RoundedPoint2D@1ee901, Value: [Vertex(0, -2, 2), Vertex(1, -2, 4)]
Key: com.catan.model.RoundedPoint2D@257700, Value: [Vertex(1, -2, 2)]
Key: com.catan.model.RoundedPoint2D@25f400, Value: [Vertex(1, 1, 3), Vertex(2, 0, 5)]
Key: com.catan.model.RoundedPoint2D@263280, Value: [Vertex(1, 1, 0), Vertex(1, 2, 2)]
Key: com.catan.model.RoundedPoint2D@1bf031, Value: [Vertex(0, -1, 5), Vertex(0, 0, 3)]
Key: com.catan.model.RoundedPoint2D@1c2eb1, Value: [Vertex(0, 0, 0), Vertex(0, 1, 4), Vertex(-1, 1, 2)]
Key: com.catan.model.RoundedPoint2D@124a22, Value: [Vertex(-2, 1, 3), Vertex(-2, 0, 1), Vertex(-1, 0, 5)]
Key: com.catan.model.RoundedPoint2D@1288a2, Value: [Vertex(-2, 1, 0), Vertex(-1, 2, 4)]
Key: com.catan.model.RoundedPoint2D@22bc91, Value: [Vertex(1, 1, 4), Vertex(0, 1, 2)]
Key: com.catan.model.RoundedPoint2D@227e11, Value: [Vertex(0, -1, 1), Vertex(1, -1, 5)]
Key: com.catan.model.RoundedPoint2D@11cd22, Value: [Vertex(-1, -2, 4)]
Key: com.catan.model.RoundedPoint2D@1916a1, Value: [Vertex(0, 2, 4), Vertex(-1, 2, 2), Vertex(-1, 1, 0)]
Key: com.catan.model.RoundedPoint2D@290c10, Value: [Vertex(1, -1, 1), Vertex(2, 0, 3)]
Key: com.catan.model.RoundedPoint2D@294a90, Value: [Vertex(1, 1, 2), Vertex(2, 0, 0)]
Key: com.catan.model.RoundedPoint2D@18d821, Value: [Vertex(0, 0, 5), Vertex(-1, 1, 3), Vertex(-1, 0, 1)]
Key: com.catan.model.RoundedPoint2D@185b21, Value: [Vertex(-1, -2, 2), Vertex(0, -2, 4)]
Key: com.catan.model.RoundedPoint2D@156251, Value: [Vertex(-2, -1, 1), Vertex(-1, 0, 3)]
Key: com.catan.model.RoundedPoint2D@15a0d1, Value: [Vertex(-2, 1, 2), Vertex(-1, 1, 4), Vertex(-1, 0, 0)]
Key: com.catan.model.RoundedPoint2D@bbc42, Value: [Vertex(-2, 0, 5)]
Key: com.catan.model.RoundedPoint2D@2c81e0, Value: [Vertex(2, 0, 1)]
Key: com.catan.model.RoundedPoint2D@ed452, Value: [Vertex(-2, 0, 3), Vertex(-2, -1, 5)]
Key: com.catan.model.RoundedPoint2D@f12d2, Value: [Vertex(-2, 1, 4), Vertex(-2, 0, 0)]
Key: com.catan.model.RoundedPoint2D@1fc3c1, Value: [Vertex(1, 2, 5), Vertex(0, 2, 1)]
Key: com.catan.model.RoundedPoint2D@1f0841, Value: [Vertex(0, -1, 3), Vertex(0, -2, 1), Vertex(1, -2, 5)]
Key: com.catan.model.RoundedPoint2D@1f46c1, Value: [Vertex(0, -1, 0), Vertex(0, 0, 2)]
Key: com.catan.model.RoundedPoint2D@25d4c0, Value: [Vertex(1, -1, 0), Vertex(2, 0, 4)]
Key: com.catan.model.RoundedPoint2D@259640, Value: [Vertex(1, -2, 1), Vertex(1, -1, 3)]
Key: com.catan.model.RoundedPoint2D@2651c0, Value: [Vertex(1, 2, 1)]
Key: com.catan.model.RoundedPoint2D@1b9271, Value: [Vertex(0, -2, 3)]
Key: com.catan.model.RoundedPoint2D@1bd0f1, Value: [Vertex(0, -1, 4), Vertex(0, -2, 0)]
Key: com.catan.model.RoundedPoint2D@1c8c71, Value: [Vertex(0, 2, 0)]
Key: com.catan.model.RoundedPoint2D@1c4df1, Value: [Vertex(0, 1, 5), Vertex(0, 2, 3), Vertex(-1, 1, 1)]
Key: com.catan.model.RoundedPoint2D@122ae2, Value: [Vertex(-2, 0, 2), Vertex(-2, -1, 0), Vertex(-1, 0, 4)]
Key: com.catan.model.RoundedPoint2D@12a7e2, Value: [Vertex(-1, 2, 5)]
Key: com.catan.model.RoundedPoint2D@231a51, Value: [Vertex(1, 2, 0)]
Key: com.catan.model.RoundedPoint2D@222051, Value: [Vertex(1, -2, 3)]
Key: com.catan.model.RoundedPoint2D@22dbd1, Value: [Vertex(1, 1, 5), Vertex(0, 1, 1), Vertex(1, 2, 3)]
Key: com.catan.model.RoundedPoint2D@225ed1, Value: [Vertex(0, -1, 2), Vertex(1, -2, 0), Vertex(1, -1, 4)]
Key: com.catan.model.RoundedPoint2D@11ec62, Value: [Vertex(-1, -2, 5), Vertex(-2, -1, 3)]
Key: com.catan.model.RoundedPoint2D@28ecd0, Value: [Vertex(1, -1, 2)]
Key: com.catan.model.RoundedPoint2D@1935e1, Value: [Vertex(0, 2, 5), Vertex(-1, 2, 1)]
Key: com.catan.model.RoundedPoint2D@2969d0, Value: [Vertex(1, 1, 1)]
Key: com.catan.model.RoundedPoint2D@18b8e1, Value: [Vertex(0, 0, 4), Vertex(-1, 0, 2)]
Key: com.catan.model.RoundedPoint2D@187a61, Value: [Vertex(-1, -2, 1), Vertex(0, -2, 5)]
Key: com.catan.model.RoundedPoint2D@15fe91, Value: [Vertex(-1, 2, 0)]
Key: com.catan.model.RoundedPoint2D@15c011, Value: [Vertex(-2, 1, 1), Vertex(-1, 2, 3), Vertex(-1, 1, 5)]
Key: com.catan.model.RoundedPoint2D@150491, Value: [Vertex(-1, -2, 3)]
Key: com.catan.model.RoundedPoint2D@154311, Value: [Vertex(-1, -2, 0), Vertex(-2, -1, 2)]
Key: com.catan.model.RoundedPoint2D@b9d02, Value: [Vertex(-2, 0, 4)]
Key: com.catan.model.RoundedPoint2D@2c62a0, Value: [Vertex(2, 0, 2)]
Key: com.catan.model.RoundedPoint2D@eb512, Value: [Vertex(-2, -1, 4)]
Key: com.catan.model.RoundedPoint2D@f3212, Value: [Vertex(-2, 1, 5)]
Key: com.catan.model.RoundedPoint2D@1fa481, Value: [Vertex(0, 1, 0), Vertex(1, 2, 4), Vertex(0, 2, 2)]
Key: com.catan.model.RoundedPoint2D@1f6601, Value: [Vertex(0, 0, 1), Vertex(0, 1, 3)]
Key: com.catan.model.RoundedPoint2D@1ee901, Value: [Vertex(0, -2, 2), Vertex(1, -2, 4)]
Key: com.catan.model.RoundedPoint2D@257700, Value: [Vertex(1, -2, 2)]
Key: com.catan.model.RoundedPoint2D@25f400, Value: [Vertex(1, 1, 3), Vertex(2, 0, 5)]
Key: com.catan.model.RoundedPoint2D@263280, Value: [Vertex(1, 1, 0), Vertex(1, 2, 2)]
Key: com.catan.model.RoundedPoint2D@1bf031, Value: [Vertex(0, -1, 5), Vertex(0, 0, 3)]
Key: com.catan.model.RoundedPoint2D@1c2eb1, Value: [Vertex(0, 0, 0), Vertex(0, 1, 4), Vertex(-1, 1, 2)]
Key: com.catan.model.RoundedPoint2D@124a22, Value: [Vertex(-2, 1, 3), Vertex(-2, 0, 1), Vertex(-1, 0, 5)]
Key: com.catan.model.RoundedPoint2D@1288a2, Value: [Vertex(-2, 1, 0), Vertex(-1, 2, 4)]
Key: com.catan.model.RoundedPoint2D@22bc91, Value: [Vertex(1, 1, 4), Vertex(0, 1, 2)]
Key: com.catan.model.RoundedPoint2D@227e11, Value: [Vertex(0, -1, 1), Vertex(1, -1, 5)]
Key: com.catan.model.RoundedPoint2D@11cd22, Value: [Vertex(-1, -2, 4)]
Key: com.catan.model.RoundedPoint2D@1916a1, Value: [Vertex(0, 2, 4), Vertex(-1, 2, 2), Vertex(-1, 1, 0)]
Key: com.catan.model.RoundedPoint2D@290c10, Value: [Vertex(1, -1, 1), Vertex(2, 0, 3)]
Key: com.catan.model.RoundedPoint2D@294a90, Value: [Vertex(1, 1, 2), Vertex(2, 0, 0)]
Key: com.catan.model.RoundedPoint2D@18d821, Value: [Vertex(0, 0, 5), Vertex(-1, 1, 3), Vertex(-1, 0, 1)]
Key: com.catan.model.RoundedPoint2D@185b21, Value: [Vertex(-1, -2, 2), Vertex(0, -2, 4)]
Key: com.catan.model.RoundedPoint2D@156251, Value: [Vertex(-2, -1, 1), Vertex(-1, 0, 3)]
Key: com.catan.model.RoundedPoint2D@15a0d1, Value: [Vertex(-2, 1, 2), Vertex(-1, 1, 4), Vertex(-1, 0, 0)]
Key: com.catan.model.RoundedPoint2D@bbc42, Value: [Vertex(-2, 0, 5)]
Key: com.catan.model.RoundedPoint2D@2c81e0, Value: [Vertex(2, 0, 1)]
Key: com.catan.model.RoundedPoint2D@ed452, Value: [Vertex(-2, 0, 3), Vertex(-2, -1, 5)]
Key: com.catan.model.RoundedPoint2D@f12d2, Value: [Vertex(-2, 1, 4), Vertex(-2, 0, 0)]
Key: com.catan.model.RoundedPoint2D@1fc3c1, Value: [Vertex(1, 2, 5), Vertex(0, 2, 1)]
Key: com.catan.model.RoundedPoint2D@1f0841, Value: [Vertex(0, -1, 3), Vertex(0, -2, 1), Vertex(1, -2, 5)]
Key: com.catan.model.RoundedPoint2D@1f46c1, Value: [Vertex(0, -1, 0), Vertex(0, 0, 2)]
Key: com.catan.model.RoundedPoint2D@25d4c0, Value: [Vertex(1, -1, 0), Vertex(2, 0, 4)]
Key: com.catan.model.RoundedPoint2D@259640, Value: [Vertex(1, -2, 1), Vertex(1, -1, 3)]
Key: com.catan.model.RoundedPoint2D@2651c0, Value: [Vertex(1, 2, 1)]
Key: com.catan.model.RoundedPoint2D@1b9271, Value: [Vertex(0, -2, 3)]
Key: com.catan.model.RoundedPoint2D@1bd0f1, Value: [Vertex(0, -1, 4), Vertex(0, -2, 0)]
Key: com.catan.model.RoundedPoint2D@1c8c71, Value: [Vertex(0, 2, 0)]
Key: com.catan.model.RoundedPoint2D@1c4df1, Value: [Vertex(0, 1, 5), Vertex(0, 2, 3), Vertex(-1, 1, 1)]
Key: com.catan.model.RoundedPoint2D@122ae2, Value: [Vertex(-2, 0, 2), Vertex(-2, -1, 0), Vertex(-1, 0, 4)]
Key: com.catan.model.RoundedPoint2D@12a7e2, Value: [Vertex(-1, 2, 5)]
Key: com.catan.model.RoundedPoint2D@231a51, Value: [Vertex(1, 2, 0)]
Key: com.catan.model.RoundedPoint2D@222051, Value: [Vertex(1, -2, 3)]
Key: com.catan.model.RoundedPoint2D@22dbd1, Value: [Vertex(1, 1, 5), Vertex(0, 1, 1), Vertex(1, 2, 3)]
Key: com.catan.model.RoundedPoint2D@225ed1, Value: [Vertex(0, -1, 2), Vertex(1, -2, 0), Vertex(1, -1, 4)]
Key: com.catan.model.RoundedPoint2D@11ec62, Value: [Vertex(-1, -2, 5), Vertex(-2, -1, 3)]
Key: com.catan.model.RoundedPoint2D@28ecd0, Value: [Vertex(1, -1, 2)]
Key: com.catan.model.RoundedPoint2D@1935e1, Value: [Vertex(0, 2, 5), Vertex(-1, 2, 1)]
Key: com.catan.model.RoundedPoint2D@2969d0, Value: [Vertex(1, 1, 1)]
Key: com.catan.model.RoundedPoint2D@18b8e1, Value: [Vertex(0, 0, 4), Vertex(-1, 0, 2), Vertex(-1, -1, 0)]
Key: com.catan.model.RoundedPoint2D@187a61, Value: [Vertex(-1, -2, 1), Vertex(0, -2, 5)]
Key: com.catan.model.RoundedPoint2D@15fe91, Value: [Vertex(-1, 2, 0)]
Key: com.catan.model.RoundedPoint2D@15c011, Value: [Vertex(-2, 1, 1), Vertex(-1, 2, 3), Vertex(-1, 1, 5)]
Key: com.catan.model.RoundedPoint2D@150491, Value: [Vertex(-1, -2, 3)]
Key: com.catan.model.RoundedPoint2D@154311, Value: [Vertex(-1, -2, 0), Vertex(-2, -1, 2)]
Key: com.catan.model.RoundedPoint2D@b9d02, Value: [Vertex(-2, 0, 4)]
Key: com.catan.model.RoundedPoint2D@2c62a0, Value: [Vertex(2, 0, 2)]
Key: com.catan.model.RoundedPoint2D@eb512, Value: [Vertex(-2, -1, 4)]
Key: com.catan.model.RoundedPoint2D@f3212, Value: [Vertex(-2, 1, 5)]
Key: com.catan.model.RoundedPoint2D@1fa481, Value: [Vertex(0, 1, 0), Vertex(1, 2, 4), Vertex(0, 2, 2)]
Key: com.catan.model.RoundedPoint2D@1f6601, Value: [Vertex(0, 0, 1), Vertex(0, 1, 3)]
Key: com.catan.model.RoundedPoint2D@1ee901, Value: [Vertex(0, -2, 2), Vertex(1, -2, 4)]
Key: com.catan.model.RoundedPoint2D@257700, Value: [Vertex(1, -2, 2)]
Key: com.catan.model.RoundedPoint2D@25f400, Value: [Vertex(1, 1, 3), Vertex(2, 0, 5)]
Key: com.catan.model.RoundedPoint2D@263280, Value: [Vertex(1, 1, 0), Vertex(1, 2, 2)]
Key: com.catan.model.RoundedPoint2D@1bf031, Value: [Vertex(0, -1, 5), Vertex(0, 0, 3), Vertex(-1, -1, 1)]
Key: com.catan.model.RoundedPoint2D@1c2eb1, Value: [Vertex(0, 0, 0), Vertex(0, 1, 4), Vertex(-1, 1, 2)]
Key: com.catan.model.RoundedPoint2D@124a22, Value: [Vertex(-2, 1, 3), Vertex(-2, 0, 1), Vertex(-1, 0, 5)]
Key: com.catan.model.RoundedPoint2D@1288a2, Value: [Vertex(-2, 1, 0), Vertex(-1, 2, 4)]
Key: com.catan.model.RoundedPoint2D@22bc91, Value: [Vertex(1, 1, 4), Vertex(0, 1, 2)]
Key: com.catan.model.RoundedPoint2D@227e11, Value: [Vertex(0, -1, 1), Vertex(1, -1, 5)]
Key: com.catan.model.RoundedPoint2D@11cd22, Value: [Vertex(-1, -2, 4)]
Key: com.catan.model.RoundedPoint2D@1916a1, Value: [Vertex(0, 2, 4), Vertex(-1, 2, 2), Vertex(-1, 1, 0)]
Key: com.catan.model.RoundedPoint2D@290c10, Value: [Vertex(1, -1, 1), Vertex(2, 0, 3)]
Key: com.catan.model.RoundedPoint2D@294a90, Value: [Vertex(1, 1, 2), Vertex(2, 0, 0)]
Key: com.catan.model.RoundedPoint2D@18d821, Value: [Vertex(0, 0, 5), Vertex(-1, 1, 3), Vertex(-1, 0, 1)]
Key: com.catan.model.RoundedPoint2D@185b21, Value: [Vertex(-1, -2, 2), Vertex(0, -2, 4)]
Key: com.catan.model.RoundedPoint2D@156251, Value: [Vertex(-2, -1, 1), Vertex(-1, 0, 3)]
Key: com.catan.model.RoundedPoint2D@15a0d1, Value: [Vertex(-2, 1, 2), Vertex(-1, 1, 4), Vertex(-1, 0, 0)]
Key: com.catan.model.RoundedPoint2D@bbc42, Value: [Vertex(-2, 0, 5)]
Key: com.catan.model.RoundedPoint2D@2c81e0, Value: [Vertex(2, 0, 1)]
Key: com.catan.model.RoundedPoint2D@ed452, Value: [Vertex(-2, 0, 3), Vertex(-2, -1, 5)]
Key: com.catan.model.RoundedPoint2D@f12d2, Value: [Vertex(-2, 1, 4), Vertex(-2, 0, 0)]
Key: com.catan.model.RoundedPoint2D@1fc3c1, Value: [Vertex(1, 2, 5), Vertex(0, 2, 1)]
Key: com.catan.model.RoundedPoint2D@1f0841, Value: [Vertex(0, -1, 3), Vertex(0, -2, 1), Vertex(1, -2, 5)]
Key: com.catan.model.RoundedPoint2D@1f46c1, Value: [Vertex(0, -1, 0), Vertex(0, 0, 2)]
Key: com.catan.model.RoundedPoint2D@25d4c0, Value: [Vertex(1, -1, 0), Vertex(2, 0, 4)]
Key: com.catan.model.RoundedPoint2D@259640, Value: [Vertex(1, -2, 1), Vertex(1, -1, 3)]
Key: com.catan.model.RoundedPoint2D@2651c0, Value: [Vertex(1, 2, 1)]
Key: com.catan.model.RoundedPoint2D@1b9271, Value: [Vertex(0, -2, 3)]
Key: com.catan.model.RoundedPoint2D@1bd0f1, Value: [Vertex(0, -1, 4), Vertex(0, -2, 0)]
Key: com.catan.model.RoundedPoint2D@1c8c71, Value: [Vertex(0, 2, 0)]
Key: com.catan.model.RoundedPoint2D@1c4df1, Value: [Vertex(0, 1, 5), Vertex(0, 2, 3), Vertex(-1, 1, 1)]
Key: com.catan.model.RoundedPoint2D@122ae2, Value: [Vertex(-2, 0, 2), Vertex(-2, -1, 0), Vertex(-1, 0, 4)]
Key: com.catan.model.RoundedPoint2D@12a7e2, Value: [Vertex(-1, 2, 5)]
Key: com.catan.model.RoundedPoint2D@231a51, Value: [Vertex(1, 2, 0)]
Key: com.catan.model.RoundedPoint2D@222051, Value: [Vertex(1, -2, 3)]
Key: com.catan.model.RoundedPoint2D@22dbd1, Value: [Vertex(1, 1, 5), Vertex(0, 1, 1), Vertex(1, 2, 3)]
Key: com.catan.model.RoundedPoint2D@225ed1, Value: [Vertex(0, -1, 2), Vertex(1, -2, 0), Vertex(1, -1, 4)]
Key: com.catan.model.RoundedPoint2D@11ec62, Value: [Vertex(-1, -2, 5), Vertex(-2, -1, 3)]
Key: com.catan.model.RoundedPoint2D@28ecd0, Value: [Vertex(1, -1, 2)]
Key: com.catan.model.RoundedPoint2D@1935e1, Value: [Vertex(0, 2, 5), Vertex(-1, 2, 1)]
Key: com.catan.model.RoundedPoint2D@2969d0, Value: [Vertex(1, 1, 1)]
Key: com.catan.model.RoundedPoint2D@18b8e1, Value: [Vertex(0, 0, 4), Vertex(-1, 0, 2), Vertex(-1, -1, 0)]
Key: com.catan.model.RoundedPoint2D@187a61, Value: [Vertex(-1, -2, 1), Vertex(0, -2, 5)]
Key: com.catan.model.RoundedPoint2D@15fe91, Value: [Vertex(-1, 2, 0)]
Key: com.catan.model.RoundedPoint2D@15c011, Value: [Vertex(-2, 1, 1), Vertex(-1, 2, 3), Vertex(-1, 1, 5)]
Key: com.catan.model.RoundedPoint2D@150491, Value: [Vertex(-1, -2, 3)]
Key: com.catan.model.RoundedPoint2D@154311, Value: [Vertex(-1, -2, 0), Vertex(-2, -1, 2)]
Key: com.catan.model.RoundedPoint2D@b9d02, Value: [Vertex(-2, 0, 4)]
Key: com.catan.model.RoundedPoint2D@2c62a0, Value: [Vertex(2, 0, 2)]
Key: com.catan.model.RoundedPoint2D@eb512, Value: [Vertex(-2, -1, 4)]
Key: com.catan.model.RoundedPoint2D@f3212, Value: [Vertex(-2, 1, 5)]
Key: com.catan.model.RoundedPoint2D@1fa481, Value: [Vertex(0, 1, 0), Vertex(1, 2, 4), Vertex(0, 2, 2)]
Key: com.catan.model.RoundedPoint2D@1f6601, Value: [Vertex(0, 0, 1), Vertex(0, 1, 3)]
Key: com.catan.model.RoundedPoint2D@1ee901, Value: [Vertex(0, -2, 2), Vertex(1, -2, 4)]
Key: com.catan.model.RoundedPoint2D@257700, Value: [Vertex(1, -2, 2)]
Key: com.catan.model.RoundedPoint2D@25f400, Value: [Vertex(1, 1, 3), Vertex(2, 0, 5)]
Key: com.catan.model.RoundedPoint2D@263280, Value: [Vertex(1, 1, 0), Vertex(1, 2, 2)]
Key: com.catan.model.RoundedPoint2D@1bf031, Value: [Vertex(0, -1, 5), Vertex(0, 0, 3), Vertex(-1, -1, 1)]
Key: com.catan.model.RoundedPoint2D@1c2eb1, Value: [Vertex(0, 0, 0), Vertex(0, 1, 4), Vertex(-1, 1, 2)]
Key: com.catan.model.RoundedPoint2D@124a22, Value: [Vertex(-2, 1, 3), Vertex(-2, 0, 1), Vertex(-1, 0, 5)]
Key: com.catan.model.RoundedPoint2D@1288a2, Value: [Vertex(-2, 1, 0), Vertex(-1, 2, 4)]
Key: com.catan.model.RoundedPoint2D@22bc91, Value: [Vertex(1, 1, 4), Vertex(0, 1, 2)]
Key: com.catan.model.RoundedPoint2D@227e11, Value: [Vertex(0, -1, 1), Vertex(1, -1, 5)]
Key: com.catan.model.RoundedPoint2D@11cd22, Value: [Vertex(-1, -2, 4)]
Key: com.catan.model.RoundedPoint2D@1916a1, Value: [Vertex(0, 2, 4), Vertex(-1, 2, 2), Vertex(-1, 1, 0)]
Key: com.catan.model.RoundedPoint2D@290c10, Value: [Vertex(1, -1, 1), Vertex(2, 0, 3)]
Key: com.catan.model.RoundedPoint2D@294a90, Value: [Vertex(1, 1, 2), Vertex(2, 0, 0)]
Key: com.catan.model.RoundedPoint2D@18d821, Value: [Vertex(0, 0, 5), Vertex(-1, 1, 3), Vertex(-1, 0, 1)]
Key: com.catan.model.RoundedPoint2D@185b21, Value: [Vertex(-1, -2, 2), Vertex(0, -2, 4)]
Key: com.catan.model.RoundedPoint2D@156251, Value: [Vertex(-2, -1, 1), Vertex(-1, 0, 3)]
Key: com.catan.model.RoundedPoint2D@15a0d1, Value: [Vertex(-2, 1, 2), Vertex(-1, 1, 4), Vertex(-1, 0, 0)]
Key: com.catan.model.RoundedPoint2D@bbc42, Value: [Vertex(-2, 0, 5)]
Key: com.catan.model.RoundedPoint2D@2c81e0, Value: [Vertex(2, 0, 1)]
Key: com.catan.model.RoundedPoint2D@ed452, Value: [Vertex(-2, 0, 3), Vertex(-2, -1, 5)]
Key: com.catan.model.RoundedPoint2D@f12d2, Value: [Vertex(-2, 1, 4), Vertex(-2, 0, 0)]
Key: com.catan.model.RoundedPoint2D@1fc3c1, Value: [Vertex(1, 2, 5), Vertex(0, 2, 1)]
Key: com.catan.model.RoundedPoint2D@1f0841, Value: [Vertex(0, -1, 3), Vertex(0, -2, 1), Vertex(1, -2, 5)]
Key: com.catan.model.RoundedPoint2D@1f46c1, Value: [Vertex(0, -1, 0), Vertex(0, 0, 2)]
Key: com.catan.model.RoundedPoint2D@25d4c0, Value: [Vertex(1, -1, 0), Vertex(2, 0, 4)]
Key: com.catan.model.RoundedPoint2D@259640, Value: [Vertex(1, -2, 1), Vertex(1, -1, 3)]
Key: com.catan.model.RoundedPoint2D@2651c0, Value: [Vertex(1, 2, 1)]
Key: com.catan.model.RoundedPoint2D@1b9271, Value: [Vertex(0, -2, 3)]
Key: com.catan.model.RoundedPoint2D@1bd0f1, Value: [Vertex(0, -1, 4), Vertex(0, -2, 0), Vertex(-1, -1, 2)]
Key: com.catan.model.RoundedPoint2D@1c8c71, Value: [Vertex(0, 2, 0)]
Key: com.catan.model.RoundedPoint2D@1c4df1, Value: [Vertex(0, 1, 5), Vertex(0, 2, 3), Vertex(-1, 1, 1)]
Key: com.catan.model.RoundedPoint2D@122ae2, Value: [Vertex(-2, 0, 2), Vertex(-2, -1, 0), Vertex(-1, 0, 4)]
Key: com.catan.model.RoundedPoint2D@12a7e2, Value: [Vertex(-1, 2, 5)]
Key: com.catan.model.RoundedPoint2D@231a51, Value: [Vertex(1, 2, 0)]
Key: com.catan.model.RoundedPoint2D@222051, Value: [Vertex(1, -2, 3)]
Key: com.catan.model.RoundedPoint2D@22dbd1, Value: [Vertex(1, 1, 5), Vertex(0, 1, 1), Vertex(1, 2, 3)]
Key: com.catan.model.RoundedPoint2D@225ed1, Value: [Vertex(0, -1, 2), Vertex(1, -2, 0), Vertex(1, -1, 4)]
Key: com.catan.model.RoundedPoint2D@11ec62, Value: [Vertex(-1, -2, 5), Vertex(-2, -1, 3)]
Key: com.catan.model.RoundedPoint2D@28ecd0, Value: [Vertex(1, -1, 2)]
Key: com.catan.model.RoundedPoint2D@1935e1, Value: [Vertex(0, 2, 5), Vertex(-1, 2, 1)]
Key: com.catan.model.RoundedPoint2D@2969d0, Value: [Vertex(1, 1, 1)]
Key: com.catan.model.RoundedPoint2D@18b8e1, Value: [Vertex(0, 0, 4), Vertex(-1, 0, 2), Vertex(-1, -1, 0)]
Key: com.catan.model.RoundedPoint2D@187a61, Value: [Vertex(-1, -2, 1), Vertex(0, -2, 5)]
Key: com.catan.model.RoundedPoint2D@15fe91, Value: [Vertex(-1, 2, 0)]
Key: com.catan.model.RoundedPoint2D@15c011, Value: [Vertex(-2, 1, 1), Vertex(-1, 2, 3), Vertex(-1, 1, 5)]
Key: com.catan.model.RoundedPoint2D@150491, Value: [Vertex(-1, -2, 3)]
Key: com.catan.model.RoundedPoint2D@154311, Value: [Vertex(-1, -2, 0), Vertex(-2, -1, 2)]
Key: com.catan.model.RoundedPoint2D@b9d02, Value: [Vertex(-2, 0, 4)]
Key: com.catan.model.RoundedPoint2D@2c62a0, Value: [Vertex(2, 0, 2)]
Key: com.catan.model.RoundedPoint2D@eb512, Value: [Vertex(-2, -1, 4)]
Key: com.catan.model.RoundedPoint2D@f3212, Value: [Vertex(-2, 1, 5)]
Key: com.catan.model.RoundedPoint2D@1fa481, Value: [Vertex(0, 1, 0), Vertex(1, 2, 4), Vertex(0, 2, 2)]
Key: com.catan.model.RoundedPoint2D@1f6601, Value: [Vertex(0, 0, 1), Vertex(0, 1, 3)]
Key: com.catan.model.RoundedPoint2D@1ee901, Value: [Vertex(0, -2, 2), Vertex(1, -2, 4)]
Key: com.catan.model.RoundedPoint2D@257700, Value: [Vertex(1, -2, 2)]
Key: com.catan.model.RoundedPoint2D@25f400, Value: [Vertex(1, 1, 3), Vertex(2, 0, 5)]
Key: com.catan.model.RoundedPoint2D@263280, Value: [Vertex(1, 1, 0), Vertex(1, 2, 2)]
Key: com.catan.model.RoundedPoint2D@1bf031, Value: [Vertex(0, -1, 5), Vertex(0, 0, 3), Vertex(-1, -1, 1)]
Key: com.catan.model.RoundedPoint2D@1c2eb1, Value: [Vertex(0, 0, 0), Vertex(0, 1, 4), Vertex(-1, 1, 2)]
Key: com.catan.model.RoundedPoint2D@124a22, Value: [Vertex(-2, 1, 3), Vertex(-2, 0, 1), Vertex(-1, 0, 5)]
Key: com.catan.model.RoundedPoint2D@1288a2, Value: [Vertex(-2, 1, 0), Vertex(-1, 2, 4)]
Key: com.catan.model.RoundedPoint2D@22bc91, Value: [Vertex(1, 1, 4), Vertex(0, 1, 2)]
Key: com.catan.model.RoundedPoint2D@227e11, Value: [Vertex(0, -1, 1), Vertex(1, -1, 5)]
Key: com.catan.model.RoundedPoint2D@11cd22, Value: [Vertex(-1, -2, 4)]
Key: com.catan.model.RoundedPoint2D@1916a1, Value: [Vertex(0, 2, 4), Vertex(-1, 2, 2), Vertex(-1, 1, 0)]
Key: com.catan.model.RoundedPoint2D@290c10, Value: [Vertex(1, -1, 1), Vertex(2, 0, 3)]
Key: com.catan.model.RoundedPoint2D@294a90, Value: [Vertex(1, 1, 2), Vertex(2, 0, 0)]
Key: com.catan.model.RoundedPoint2D@18d821, Value: [Vertex(0, 0, 5), Vertex(-1, 1, 3), Vertex(-1, 0, 1)]
Key: com.catan.model.RoundedPoint2D@185b21, Value: [Vertex(-1, -2, 2), Vertex(0, -2, 4)]
Key: com.catan.model.RoundedPoint2D@156251, Value: [Vertex(-2, -1, 1), Vertex(-1, 0, 3)]
Key: com.catan.model.RoundedPoint2D@15a0d1, Value: [Vertex(-2, 1, 2), Vertex(-1, 1, 4), Vertex(-1, 0, 0)]
Key: com.catan.model.RoundedPoint2D@bbc42, Value: [Vertex(-2, 0, 5)]
Key: com.catan.model.RoundedPoint2D@2c81e0, Value: [Vertex(2, 0, 1)]
Key: com.catan.model.RoundedPoint2D@ed452, Value: [Vertex(-2, 0, 3), Vertex(-2, -1, 5)]
Key: com.catan.model.RoundedPoint2D@f12d2, Value: [Vertex(-2, 1, 4), Vertex(-2, 0, 0)]
Key: com.catan.model.RoundedPoint2D@1fc3c1, Value: [Vertex(1, 2, 5), Vertex(0, 2, 1)]
Key: com.catan.model.RoundedPoint2D@1f0841, Value: [Vertex(0, -1, 3), Vertex(0, -2, 1), Vertex(1, -2, 5)]
Key: com.catan.model.RoundedPoint2D@1f46c1, Value: [Vertex(0, -1, 0), Vertex(0, 0, 2)]
Key: com.catan.model.RoundedPoint2D@25d4c0, Value: [Vertex(1, -1, 0), Vertex(2, 0, 4)]
Key: com.catan.model.RoundedPoint2D@259640, Value: [Vertex(1, -2, 1), Vertex(1, -1, 3)]
Key: com.catan.model.RoundedPoint2D@2651c0, Value: [Vertex(1, 2, 1)]
Key: com.catan.model.RoundedPoint2D@1b9271, Value: [Vertex(0, -2, 3)]
Key: com.catan.model.RoundedPoint2D@1bd0f1, Value: [Vertex(0, -1, 4), Vertex(0, -2, 0), Vertex(-1, -1, 2)]
Key: com.catan.model.RoundedPoint2D@1c8c71, Value: [Vertex(0, 2, 0)]
Key: com.catan.model.RoundedPoint2D@1c4df1, Value: [Vertex(0, 1, 5), Vertex(0, 2, 3), Vertex(-1, 1, 1)]
Key: com.catan.model.RoundedPoint2D@122ae2, Value: [Vertex(-2, 0, 2), Vertex(-2, -1, 0), Vertex(-1, 0, 4)]
Key: com.catan.model.RoundedPoint2D@12a7e2, Value: [Vertex(-1, 2, 5)]
Key: com.catan.model.RoundedPoint2D@231a51, Value: [Vertex(1, 2, 0)]
Key: com.catan.model.RoundedPoint2D@222051, Value: [Vertex(1, -2, 3)]
Key: com.catan.model.RoundedPoint2D@22dbd1, Value: [Vertex(1, 1, 5), Vertex(0, 1, 1), Vertex(1, 2, 3)]
Key: com.catan.model.RoundedPoint2D@225ed1, Value: [Vertex(0, -1, 2), Vertex(1, -2, 0), Vertex(1, -1, 4)]
Key: com.catan.model.RoundedPoint2D@11ec62, Value: [Vertex(-1, -2, 5), Vertex(-2, -1, 3)]
Key: com.catan.model.RoundedPoint2D@28ecd0, Value: [Vertex(1, -1, 2)]
Key: com.catan.model.RoundedPoint2D@1935e1, Value: [Vertex(0, 2, 5), Vertex(-1, 2, 1)]
Key: com.catan.model.RoundedPoint2D@2969d0, Value: [Vertex(1, 1, 1)]
Key: com.catan.model.RoundedPoint2D@18b8e1, Value: [Vertex(0, 0, 4), Vertex(-1, 0, 2), Vertex(-1, -1, 0)]
Key: com.catan.model.RoundedPoint2D@187a61, Value: [Vertex(-1, -2, 1), Vertex(0, -2, 5), Vertex(-1, -1, 3)]
Key: com.catan.model.RoundedPoint2D@15fe91, Value: [Vertex(-1, 2, 0)]
Key: com.catan.model.RoundedPoint2D@15c011, Value: [Vertex(-2, 1, 1), Vertex(-1, 2, 3), Vertex(-1, 1, 5)]
Key: com.catan.model.RoundedPoint2D@150491, Value: [Vertex(-1, -2, 3)]
Key: com.catan.model.RoundedPoint2D@154311, Value: [Vertex(-1, -2, 0), Vertex(-2, -1, 2), Vertex(-1, -1, 4)]
Key: com.catan.model.RoundedPoint2D@b9d02, Value: [Vertex(-2, 0, 4)]
Key: com.catan.model.RoundedPoint2D@2c62a0, Value: [Vertex(2, 0, 2)]
Key: com.catan.model.RoundedPoint2D@eb512, Value: [Vertex(-2, -1, 4)]
Key: com.catan.model.RoundedPoint2D@f3212, Value: [Vertex(-2, 1, 5)]
Key: com.catan.model.RoundedPoint2D@1fa481, Value: [Vertex(0, 1, 0), Vertex(1, 2, 4), Vertex(0, 2, 2)]
Key: com.catan.model.RoundedPoint2D@1f6601, Value: [Vertex(0, 0, 1), Vertex(0, 1, 3)]
Key: com.catan.model.RoundedPoint2D@1ee901, Value: [Vertex(0, -2, 2), Vertex(1, -2, 4)]
Key: com.catan.model.RoundedPoint2D@257700, Value: [Vertex(1, -2, 2)]
Key: com.catan.model.RoundedPoint2D@25f400, Value: [Vertex(1, 1, 3), Vertex(2, 0, 5)]
Key: com.catan.model.RoundedPoint2D@263280, Value: [Vertex(1, 1, 0), Vertex(1, 2, 2)]
Key: com.catan.model.RoundedPoint2D@1bf031, Value: [Vertex(0, -1, 5), Vertex(0, 0, 3), Vertex(-1, -1, 1)]
Key: com.catan.model.RoundedPoint2D@1c2eb1, Value: [Vertex(0, 0, 0), Vertex(0, 1, 4), Vertex(-1, 1, 2)]
Key: com.catan.model.RoundedPoint2D@124a22, Value: [Vertex(-2, 1, 3), Vertex(-2, 0, 1), Vertex(-1, 0, 5)]
Key: com.catan.model.RoundedPoint2D@1288a2, Value: [Vertex(-2, 1, 0), Vertex(-1, 2, 4)]
Key: com.catan.model.RoundedPoint2D@22bc91, Value: [Vertex(1, 1, 4), Vertex(0, 1, 2)]
Key: com.catan.model.RoundedPoint2D@227e11, Value: [Vertex(0, -1, 1), Vertex(1, -1, 5)]
Key: com.catan.model.RoundedPoint2D@11cd22, Value: [Vertex(-1, -2, 4)]
Key: com.catan.model.RoundedPoint2D@1916a1, Value: [Vertex(0, 2, 4), Vertex(-1, 2, 2), Vertex(-1, 1, 0)]
Key: com.catan.model.RoundedPoint2D@290c10, Value: [Vertex(1, -1, 1), Vertex(2, 0, 3)]
Key: com.catan.model.RoundedPoint2D@294a90, Value: [Vertex(1, 1, 2), Vertex(2, 0, 0)]
Key: com.catan.model.RoundedPoint2D@18d821, Value: [Vertex(0, 0, 5), Vertex(-1, 1, 3), Vertex(-1, 0, 1)]
Key: com.catan.model.RoundedPoint2D@185b21, Value: [Vertex(-1, -2, 2), Vertex(0, -2, 4)]
Key: com.catan.model.RoundedPoint2D@156251, Value: [Vertex(-2, -1, 1), Vertex(-1, 0, 3)]
Key: com.catan.model.RoundedPoint2D@15a0d1, Value: [Vertex(-2, 1, 2), Vertex(-1, 1, 4), Vertex(-1, 0, 0)]
Key: com.catan.model.RoundedPoint2D@bbc42, Value: [Vertex(-2, 0, 5)]
Key: com.catan.model.RoundedPoint2D@2c81e0, Value: [Vertex(2, 0, 1)]
Key: com.catan.model.RoundedPoint2D@ed452, Value: [Vertex(-2, 0, 3), Vertex(-2, -1, 5)]
Key: com.catan.model.RoundedPoint2D@f12d2, Value: [Vertex(-2, 1, 4), Vertex(-2, 0, 0)]
Key: com.catan.model.RoundedPoint2D@1fc3c1, Value: [Vertex(1, 2, 5), Vertex(0, 2, 1)]
Key: com.catan.model.RoundedPoint2D@1f0841, Value: [Vertex(0, -1, 3), Vertex(0, -2, 1), Vertex(1, -2, 5)]
Key: com.catan.model.RoundedPoint2D@1f46c1, Value: [Vertex(0, -1, 0), Vertex(0, 0, 2)]
Key: com.catan.model.RoundedPoint2D@25d4c0, Value: [Vertex(1, -1, 0), Vertex(2, 0, 4)]
Key: com.catan.model.RoundedPoint2D@259640, Value: [Vertex(1, -2, 1), Vertex(1, -1, 3)]
Key: com.catan.model.RoundedPoint2D@2651c0, Value: [Vertex(1, 2, 1)]
Key: com.catan.model.RoundedPoint2D@1b9271, Value: [Vertex(0, -2, 3)]
Key: com.catan.model.RoundedPoint2D@1bd0f1, Value: [Vertex(0, -1, 4), Vertex(0, -2, 0), Vertex(-1, -1, 2)]
Key: com.catan.model.RoundedPoint2D@1c8c71, Value: [Vertex(0, 2, 0)]
Key: com.catan.model.RoundedPoint2D@1c4df1, Value: [Vertex(0, 1, 5), Vertex(0, 2, 3), Vertex(-1, 1, 1)]
Key: com.catan.model.RoundedPoint2D@122ae2, Value: [Vertex(-2, 0, 2), Vertex(-2, -1, 0), Vertex(-1, 0, 4)]
Key: com.catan.model.RoundedPoint2D@12a7e2, Value: [Vertex(-1, 2, 5)]
Key: com.catan.model.RoundedPoint2D@231a51, Value: [Vertex(1, 2, 0)]
Key: com.catan.model.RoundedPoint2D@222051, Value: [Vertex(1, -2, 3)]
Key: com.catan.model.RoundedPoint2D@22dbd1, Value: [Vertex(1, 1, 5), Vertex(0, 1, 1), Vertex(1, 2, 3)]
Key: com.catan.model.RoundedPoint2D@225ed1, Value: [Vertex(0, -1, 2), Vertex(1, -2, 0), Vertex(1, -1, 4)]
Key: com.catan.model.RoundedPoint2D@11ec62, Value: [Vertex(-1, -2, 5), Vertex(-2, -1, 3)]
Key: com.catan.model.RoundedPoint2D@28ecd0, Value: [Vertex(1, -1, 2)]
Key: com.catan.model.RoundedPoint2D@1935e1, Value: [Vertex(0, 2, 5), Vertex(-1, 2, 1)]
Key: com.catan.model.RoundedPoint2D@2969d0, Value: [Vertex(1, 1, 1)]
Key: com.catan.model.RoundedPoint2D@18b8e1, Value: [Vertex(0, 0, 4), Vertex(-1, 0, 2), Vertex(-1, -1, 0)]
Key: com.catan.model.RoundedPoint2D@187a61, Value: [Vertex(-1, -2, 1), Vertex(0, -2, 5), Vertex(-1, -1, 3)]
Key: com.catan.model.RoundedPoint2D@15fe91, Value: [Vertex(-1, 2, 0)]
Key: com.catan.model.RoundedPoint2D@15c011, Value: [Vertex(-2, 1, 1), Vertex(-1, 2, 3), Vertex(-1, 1, 5)]
Key: com.catan.model.RoundedPoint2D@150491, Value: [Vertex(-1, -2, 3)]
Key: com.catan.model.RoundedPoint2D@154311, Value: [Vertex(-1, -2, 0), Vertex(-2, -1, 2), Vertex(-1, -1, 4)]
Key: com.catan.model.RoundedPoint2D@b9d02, Value: [Vertex(-2, 0, 4)]
Key: com.catan.model.RoundedPoint2D@2c62a0, Value: [Vertex(2, 0, 2)]
Key: com.catan.model.RoundedPoint2D@eb512, Value: [Vertex(-2, -1, 4)]
Key: com.catan.model.RoundedPoint2D@f3212, Value: [Vertex(-2, 1, 5)]
Key: com.catan.model.RoundedPoint2D@1fa481, Value: [Vertex(0, 1, 0), Vertex(1, 2, 4), Vertex(0, 2, 2)]
Key: com.catan.model.RoundedPoint2D@1f6601, Value: [Vertex(0, 0, 1), Vertex(0, 1, 3)]
Key: com.catan.model.RoundedPoint2D@1ee901, Value: [Vertex(0, -2, 2), Vertex(1, -2, 4)]
Key: com.catan.model.RoundedPoint2D@257700, Value: [Vertex(1, -2, 2)]
Key: com.catan.model.RoundedPoint2D@25f400, Value: [Vertex(1, 1, 3), Vertex(2, 0, 5)]
Key: com.catan.model.RoundedPoint2D@263280, Value: [Vertex(1, 1, 0), Vertex(1, 2, 2)]
Key: com.catan.model.RoundedPoint2D@1bf031, Value: [Vertex(0, -1, 5), Vertex(0, 0, 3), Vertex(-1, -1, 1)]
Key: com.catan.model.RoundedPoint2D@1c2eb1, Value: [Vertex(0, 0, 0), Vertex(0, 1, 4), Vertex(-1, 1, 2)]
Key: com.catan.model.RoundedPoint2D@124a22, Value: [Vertex(-2, 1, 3), Vertex(-2, 0, 1), Vertex(-1, 0, 5)]
Key: com.catan.model.RoundedPoint2D@1288a2, Value: [Vertex(-2, 1, 0), Vertex(-1, 2, 4)]
Key: com.catan.model.RoundedPoint2D@22bc91, Value: [Vertex(1, 1, 4), Vertex(0, 1, 2)]
Key: com.catan.model.RoundedPoint2D@227e11, Value: [Vertex(0, -1, 1), Vertex(1, -1, 5)]
Key: com.catan.model.RoundedPoint2D@11cd22, Value: [Vertex(-1, -2, 4)]
Key: com.catan.model.RoundedPoint2D@1916a1, Value: [Vertex(0, 2, 4), Vertex(-1, 2, 2), Vertex(-1, 1, 0)]
Key: com.catan.model.RoundedPoint2D@290c10, Value: [Vertex(1, -1, 1), Vertex(2, 0, 3)]
Key: com.catan.model.RoundedPoint2D@294a90, Value: [Vertex(1, 1, 2), Vertex(2, 0, 0)]
Key: com.catan.model.RoundedPoint2D@18d821, Value: [Vertex(0, 0, 5), Vertex(-1, 1, 3), Vertex(-1, 0, 1)]
Key: com.catan.model.RoundedPoint2D@185b21, Value: [Vertex(-1, -2, 2), Vertex(0, -2, 4)]
Key: com.catan.model.RoundedPoint2D@156251, Value: [Vertex(-2, -1, 1), Vertex(-1, 0, 3), Vertex(-1, -1, 5)]
Key: com.catan.model.RoundedPoint2D@15a0d1, Value: [Vertex(-2, 1, 2), Vertex(-1, 1, 4), Vertex(-1, 0, 0)]
Key: com.catan.model.RoundedPoint2D@bbc42, Value: [Vertex(-2, 0, 5)]
Key: com.catan.model.RoundedPoint2D@2c81e0, Value: [Vertex(2, 0, 1)]
Key: com.catan.model.RoundedPoint2D@ed452, Value: [Vertex(-2, 0, 3), Vertex(-2, -1, 5)]
Key: com.catan.model.RoundedPoint2D@f12d2, Value: [Vertex(-2, 1, 4), Vertex(-2, 0, 0)]
Key: com.catan.model.RoundedPoint2D@1fc3c1, Value: [Vertex(1, 2, 5), Vertex(0, 2, 1)]
Key: com.catan.model.RoundedPoint2D@1f0841, Value: [Vertex(0, -1, 3), Vertex(0, -2, 1), Vertex(1, -2, 5)]
Key: com.catan.model.RoundedPoint2D@1f46c1, Value: [Vertex(0, -1, 0), Vertex(0, 0, 2)]
Key: com.catan.model.RoundedPoint2D@25d4c0, Value: [Vertex(1, -1, 0), Vertex(2, 0, 4)]
Key: com.catan.model.RoundedPoint2D@259640, Value: [Vertex(1, -2, 1), Vertex(1, -1, 3)]
Key: com.catan.model.RoundedPoint2D@2651c0, Value: [Vertex(1, 2, 1)]
Key: com.catan.model.RoundedPoint2D@1b9271, Value: [Vertex(0, -2, 3)]
Key: com.catan.model.RoundedPoint2D@1bd0f1, Value: [Vertex(0, -1, 4), Vertex(0, -2, 0), Vertex(-1, -1, 2)]
Key: com.catan.model.RoundedPoint2D@1c8c71, Value: [Vertex(0, 2, 0)]
Key: com.catan.model.RoundedPoint2D@1c4df1, Value: [Vertex(0, 1, 5), Vertex(0, 2, 3), Vertex(-1, 1, 1)]
Key: com.catan.model.RoundedPoint2D@122ae2, Value: [Vertex(-2, 0, 2), Vertex(-2, -1, 0), Vertex(-1, 0, 4)]
Key: com.catan.model.RoundedPoint2D@12a7e2, Value: [Vertex(-1, 2, 5)]
Key: com.catan.model.RoundedPoint2D@231a51, Value: [Vertex(1, 2, 0)]
Key: com.catan.model.RoundedPoint2D@222051, Value: [Vertex(1, -2, 3)]
Key: com.catan.model.RoundedPoint2D@22dbd1, Value: [Vertex(1, 1, 5), Vertex(0, 1, 1), Vertex(1, 2, 3)]
Key: com.catan.model.RoundedPoint2D@225ed1, Value: [Vertex(0, -1, 2), Vertex(1, -2, 0), Vertex(1, -1, 4)]
Key: com.catan.model.RoundedPoint2D@11ec62, Value: [Vertex(-1, -2, 5), Vertex(-2, -1, 3)]
Key: com.catan.model.RoundedPoint2D@28ecd0, Value: [Vertex(1, -1, 2)]
Key: com.catan.model.RoundedPoint2D@1935e1, Value: [Vertex(0, 2, 5), Vertex(-1, 2, 1)]
Key: com.catan.model.RoundedPoint2D@2969d0, Value: [Vertex(1, 1, 1)]
Key: com.catan.model.RoundedPoint2D@18b8e1, Value: [Vertex(0, 0, 4), Vertex(-1, 0, 2), Vertex(-1, -1, 0)]
Key: com.catan.model.RoundedPoint2D@187a61, Value: [Vertex(-1, -2, 1), Vertex(0, -2, 5), Vertex(-1, -1, 3)]
Key: com.catan.model.RoundedPoint2D@15fe91, Value: [Vertex(-1, 2, 0)]
Key: com.catan.model.RoundedPoint2D@15c011, Value: [Vertex(-2, 1, 1), Vertex(-1, 2, 3), Vertex(-1, 1, 5)]
Key: com.catan.model.RoundedPoint2D@150491, Value: [Vertex(-1, -2, 3)]
Key: com.catan.model.RoundedPoint2D@154311, Value: [Vertex(-1, -2, 0), Vertex(-2, -1, 2), Vertex(-1, -1, 4)]
Key: com.catan.model.RoundedPoint2D@b9d02, Value: [Vertex(-2, 0, 4)]
Key: com.catan.model.RoundedPoint2D@2c62a0, Value: [Vertex(2, 0, 2)]
Key: com.catan.model.RoundedPoint2D@eb512, Value: [Vertex(-2, -1, 4)]
Key: com.catan.model.RoundedPoint2D@f3212, Value: [Vertex(-2, 1, 5)]
Key: com.catan.model.RoundedPoint2D@1fa481, Value: [Vertex(0, 1, 0), Vertex(1, 2, 4), Vertex(0, 2, 2)]
Key: com.catan.model.RoundedPoint2D@1f6601, Value: [Vertex(0, 0, 1), Vertex(0, 1, 3)]
Key: com.catan.model.RoundedPoint2D@1ee901, Value: [Vertex(0, -2, 2), Vertex(1, -2, 4)]
Key: com.catan.model.RoundedPoint2D@257700, Value: [Vertex(1, -2, 2)]
Key: com.catan.model.RoundedPoint2D@25f400, Value: [Vertex(1, 1, 3), Vertex(2, 0, 5)]
Key: com.catan.model.RoundedPoint2D@263280, Value: [Vertex(1, 1, 0), Vertex(1, 2, 2)]
Key: com.catan.model.RoundedPoint2D@1bf031, Value: [Vertex(0, -1, 5), Vertex(0, 0, 3), Vertex(-1, -1, 1)]
Key: com.catan.model.RoundedPoint2D@1c2eb1, Value: [Vertex(0, 0, 0), Vertex(0, 1, 4), Vertex(-1, 1, 2)]
Key: com.catan.model.RoundedPoint2D@124a22, Value: [Vertex(-2, 1, 3), Vertex(-2, 0, 1), Vertex(-1, 0, 5)]
Key: com.catan.model.RoundedPoint2D@1288a2, Value: [Vertex(-2, 1, 0), Vertex(-1, 2, 4)]
Key: com.catan.model.RoundedPoint2D@22bc91, Value: [Vertex(1, 1, 4), Vertex(0, 1, 2), Vertex(1, 0, 0)]
Key: com.catan.model.RoundedPoint2D@227e11, Value: [Vertex(0, -1, 1), Vertex(1, -1, 5)]
Key: com.catan.model.RoundedPoint2D@11cd22, Value: [Vertex(-1, -2, 4)]
Key: com.catan.model.RoundedPoint2D@1916a1, Value: [Vertex(0, 2, 4), Vertex(-1, 2, 2), Vertex(-1, 1, 0)]
Key: com.catan.model.RoundedPoint2D@290c10, Value: [Vertex(1, -1, 1), Vertex(2, 0, 3)]
Key: com.catan.model.RoundedPoint2D@294a90, Value: [Vertex(1, 1, 2), Vertex(2, 0, 0)]
Key: com.catan.model.RoundedPoint2D@18d821, Value: [Vertex(0, 0, 5), Vertex(-1, 1, 3), Vertex(-1, 0, 1)]
Key: com.catan.model.RoundedPoint2D@185b21, Value: [Vertex(-1, -2, 2), Vertex(0, -2, 4)]
Key: com.catan.model.RoundedPoint2D@156251, Value: [Vertex(-2, -1, 1), Vertex(-1, 0, 3), Vertex(-1, -1, 5)]
Key: com.catan.model.RoundedPoint2D@15a0d1, Value: [Vertex(-2, 1, 2), Vertex(-1, 1, 4), Vertex(-1, 0, 0)]
Key: com.catan.model.RoundedPoint2D@bbc42, Value: [Vertex(-2, 0, 5)]
Key: com.catan.model.RoundedPoint2D@2c81e0, Value: [Vertex(2, 0, 1)]
Key: com.catan.model.RoundedPoint2D@ed452, Value: [Vertex(-2, 0, 3), Vertex(-2, -1, 5)]
Key: com.catan.model.RoundedPoint2D@f12d2, Value: [Vertex(-2, 1, 4), Vertex(-2, 0, 0)]
Key: com.catan.model.RoundedPoint2D@1fc3c1, Value: [Vertex(1, 2, 5), Vertex(0, 2, 1)]
Key: com.catan.model.RoundedPoint2D@1f0841, Value: [Vertex(0, -1, 3), Vertex(0, -2, 1), Vertex(1, -2, 5)]
Key: com.catan.model.RoundedPoint2D@1f46c1, Value: [Vertex(0, -1, 0), Vertex(0, 0, 2)]
Key: com.catan.model.RoundedPoint2D@25d4c0, Value: [Vertex(1, -1, 0), Vertex(2, 0, 4)]
Key: com.catan.model.RoundedPoint2D@259640, Value: [Vertex(1, -2, 1), Vertex(1, -1, 3)]
Key: com.catan.model.RoundedPoint2D@2651c0, Value: [Vertex(1, 2, 1)]
Key: com.catan.model.RoundedPoint2D@1b9271, Value: [Vertex(0, -2, 3)]
Key: com.catan.model.RoundedPoint2D@1bd0f1, Value: [Vertex(0, -1, 4), Vertex(0, -2, 0), Vertex(-1, -1, 2)]
Key: com.catan.model.RoundedPoint2D@1c8c71, Value: [Vertex(0, 2, 0)]
Key: com.catan.model.RoundedPoint2D@1c4df1, Value: [Vertex(0, 1, 5), Vertex(0, 2, 3), Vertex(-1, 1, 1)]
Key: com.catan.model.RoundedPoint2D@122ae2, Value: [Vertex(-2, 0, 2), Vertex(-2, -1, 0), Vertex(-1, 0, 4)]
Key: com.catan.model.RoundedPoint2D@12a7e2, Value: [Vertex(-1, 2, 5)]
Key: com.catan.model.RoundedPoint2D@231a51, Value: [Vertex(1, 2, 0)]
Key: com.catan.model.RoundedPoint2D@222051, Value: [Vertex(1, -2, 3)]
Key: com.catan.model.RoundedPoint2D@22dbd1, Value: [Vertex(1, 1, 5), Vertex(0, 1, 1), Vertex(1, 2, 3)]
Key: com.catan.model.RoundedPoint2D@225ed1, Value: [Vertex(0, -1, 2), Vertex(1, -2, 0), Vertex(1, -1, 4)]
Key: com.catan.model.RoundedPoint2D@11ec62, Value: [Vertex(-1, -2, 5), Vertex(-2, -1, 3)]
Key: com.catan.model.RoundedPoint2D@28ecd0, Value: [Vertex(1, -1, 2)]
Key: com.catan.model.RoundedPoint2D@1935e1, Value: [Vertex(0, 2, 5), Vertex(-1, 2, 1)]
Key: com.catan.model.RoundedPoint2D@2969d0, Value: [Vertex(1, 1, 1)]
Key: com.catan.model.RoundedPoint2D@18b8e1, Value: [Vertex(0, 0, 4), Vertex(-1, 0, 2), Vertex(-1, -1, 0)]
Key: com.catan.model.RoundedPoint2D@187a61, Value: [Vertex(-1, -2, 1), Vertex(0, -2, 5), Vertex(-1, -1, 3)]
Key: com.catan.model.RoundedPoint2D@15fe91, Value: [Vertex(-1, 2, 0)]
Key: com.catan.model.RoundedPoint2D@15c011, Value: [Vertex(-2, 1, 1), Vertex(-1, 2, 3), Vertex(-1, 1, 5)]
Key: com.catan.model.RoundedPoint2D@150491, Value: [Vertex(-1, -2, 3)]
Key: com.catan.model.RoundedPoint2D@154311, Value: [Vertex(-1, -2, 0), Vertex(-2, -1, 2), Vertex(-1, -1, 4)]
Key: com.catan.model.RoundedPoint2D@b9d02, Value: [Vertex(-2, 0, 4)]
Key: com.catan.model.RoundedPoint2D@2c62a0, Value: [Vertex(2, 0, 2)]
Key: com.catan.model.RoundedPoint2D@eb512, Value: [Vertex(-2, -1, 4)]
Key: com.catan.model.RoundedPoint2D@f3212, Value: [Vertex(-2, 1, 5)]
Key: com.catan.model.RoundedPoint2D@1fa481, Value: [Vertex(0, 1, 0), Vertex(1, 2, 4), Vertex(0, 2, 2)]
Key: com.catan.model.RoundedPoint2D@1f6601, Value: [Vertex(0, 0, 1), Vertex(0, 1, 3)]
Key: com.catan.model.RoundedPoint2D@1ee901, Value: [Vertex(0, -2, 2), Vertex(1, -2, 4)]
Key: com.catan.model.RoundedPoint2D@257700, Value: [Vertex(1, -2, 2)]
Key: com.catan.model.RoundedPoint2D@25f400, Value: [Vertex(1, 1, 3), Vertex(2, 0, 5), Vertex(1, 0, 1)]
Key: com.catan.model.RoundedPoint2D@263280, Value: [Vertex(1, 1, 0), Vertex(1, 2, 2)]
Key: com.catan.model.RoundedPoint2D@1bf031, Value: [Vertex(0, -1, 5), Vertex(0, 0, 3), Vertex(-1, -1, 1)]
Key: com.catan.model.RoundedPoint2D@1c2eb1, Value: [Vertex(0, 0, 0), Vertex(0, 1, 4), Vertex(-1, 1, 2)]
Key: com.catan.model.RoundedPoint2D@124a22, Value: [Vertex(-2, 1, 3), Vertex(-2, 0, 1), Vertex(-1, 0, 5)]
Key: com.catan.model.RoundedPoint2D@1288a2, Value: [Vertex(-2, 1, 0), Vertex(-1, 2, 4)]
Key: com.catan.model.RoundedPoint2D@22bc91, Value: [Vertex(1, 1, 4), Vertex(0, 1, 2), Vertex(1, 0, 0)]
Key: com.catan.model.RoundedPoint2D@227e11, Value: [Vertex(0, -1, 1), Vertex(1, -1, 5)]
Key: com.catan.model.RoundedPoint2D@11cd22, Value: [Vertex(-1, -2, 4)]
Key: com.catan.model.RoundedPoint2D@1916a1, Value: [Vertex(0, 2, 4), Vertex(-1, 2, 2), Vertex(-1, 1, 0)]
Key: com.catan.model.RoundedPoint2D@290c10, Value: [Vertex(1, -1, 1), Vertex(2, 0, 3)]
Key: com.catan.model.RoundedPoint2D@294a90, Value: [Vertex(1, 1, 2), Vertex(2, 0, 0)]
Key: com.catan.model.RoundedPoint2D@18d821, Value: [Vertex(0, 0, 5), Vertex(-1, 1, 3), Vertex(-1, 0, 1)]
Key: com.catan.model.RoundedPoint2D@185b21, Value: [Vertex(-1, -2, 2), Vertex(0, -2, 4)]
Key: com.catan.model.RoundedPoint2D@156251, Value: [Vertex(-2, -1, 1), Vertex(-1, 0, 3), Vertex(-1, -1, 5)]
Key: com.catan.model.RoundedPoint2D@15a0d1, Value: [Vertex(-2, 1, 2), Vertex(-1, 1, 4), Vertex(-1, 0, 0)]
Key: com.catan.model.RoundedPoint2D@bbc42, Value: [Vertex(-2, 0, 5)]
Key: com.catan.model.RoundedPoint2D@2c81e0, Value: [Vertex(2, 0, 1)]
Key: com.catan.model.RoundedPoint2D@ed452, Value: [Vertex(-2, 0, 3), Vertex(-2, -1, 5)]
Key: com.catan.model.RoundedPoint2D@f12d2, Value: [Vertex(-2, 1, 4), Vertex(-2, 0, 0)]
Key: com.catan.model.RoundedPoint2D@1fc3c1, Value: [Vertex(1, 2, 5), Vertex(0, 2, 1)]
Key: com.catan.model.RoundedPoint2D@1f0841, Value: [Vertex(0, -1, 3), Vertex(0, -2, 1), Vertex(1, -2, 5)]
Key: com.catan.model.RoundedPoint2D@1f46c1, Value: [Vertex(0, -1, 0), Vertex(0, 0, 2)]
Key: com.catan.model.RoundedPoint2D@25d4c0, Value: [Vertex(1, -1, 0), Vertex(2, 0, 4)]
Key: com.catan.model.RoundedPoint2D@259640, Value: [Vertex(1, -2, 1), Vertex(1, -1, 3)]
Key: com.catan.model.RoundedPoint2D@2651c0, Value: [Vertex(1, 2, 1)]
Key: com.catan.model.RoundedPoint2D@1b9271, Value: [Vertex(0, -2, 3)]
Key: com.catan.model.RoundedPoint2D@1bd0f1, Value: [Vertex(0, -1, 4), Vertex(0, -2, 0), Vertex(-1, -1, 2)]
Key: com.catan.model.RoundedPoint2D@1c8c71, Value: [Vertex(0, 2, 0)]
Key: com.catan.model.RoundedPoint2D@1c4df1, Value: [Vertex(0, 1, 5), Vertex(0, 2, 3), Vertex(-1, 1, 1)]
Key: com.catan.model.RoundedPoint2D@122ae2, Value: [Vertex(-2, 0, 2), Vertex(-2, -1, 0), Vertex(-1, 0, 4)]
Key: com.catan.model.RoundedPoint2D@12a7e2, Value: [Vertex(-1, 2, 5)]
Key: com.catan.model.RoundedPoint2D@231a51, Value: [Vertex(1, 2, 0)]
Key: com.catan.model.RoundedPoint2D@222051, Value: [Vertex(1, -2, 3)]
Key: com.catan.model.RoundedPoint2D@22dbd1, Value: [Vertex(1, 1, 5), Vertex(0, 1, 1), Vertex(1, 2, 3)]
Key: com.catan.model.RoundedPoint2D@225ed1, Value: [Vertex(0, -1, 2), Vertex(1, -2, 0), Vertex(1, -1, 4)]
Key: com.catan.model.RoundedPoint2D@11ec62, Value: [Vertex(-1, -2, 5), Vertex(-2, -1, 3)]
Key: com.catan.model.RoundedPoint2D@28ecd0, Value: [Vertex(1, -1, 2)]
Key: com.catan.model.RoundedPoint2D@1935e1, Value: [Vertex(0, 2, 5), Vertex(-1, 2, 1)]
Key: com.catan.model.RoundedPoint2D@2969d0, Value: [Vertex(1, 1, 1)]
Key: com.catan.model.RoundedPoint2D@18b8e1, Value: [Vertex(0, 0, 4), Vertex(-1, 0, 2), Vertex(-1, -1, 0)]
Key: com.catan.model.RoundedPoint2D@187a61, Value: [Vertex(-1, -2, 1), Vertex(0, -2, 5), Vertex(-1, -1, 3)]
Key: com.catan.model.RoundedPoint2D@15fe91, Value: [Vertex(-1, 2, 0)]
Key: com.catan.model.RoundedPoint2D@15c011, Value: [Vertex(-2, 1, 1), Vertex(-1, 2, 3), Vertex(-1, 1, 5)]
Key: com.catan.model.RoundedPoint2D@150491, Value: [Vertex(-1, -2, 3)]
Key: com.catan.model.RoundedPoint2D@154311, Value: [Vertex(-1, -2, 0), Vertex(-2, -1, 2), Vertex(-1, -1, 4)]
Key: com.catan.model.RoundedPoint2D@b9d02, Value: [Vertex(-2, 0, 4)]
Key: com.catan.model.RoundedPoint2D@2c62a0, Value: [Vertex(2, 0, 2)]
Key: com.catan.model.RoundedPoint2D@eb512, Value: [Vertex(-2, -1, 4)]
Key: com.catan.model.RoundedPoint2D@f3212, Value: [Vertex(-2, 1, 5)]
Key: com.catan.model.RoundedPoint2D@1fa481, Value: [Vertex(0, 1, 0), Vertex(1, 2, 4), Vertex(0, 2, 2)]
Key: com.catan.model.RoundedPoint2D@1f6601, Value: [Vertex(0, 0, 1), Vertex(0, 1, 3)]
Key: com.catan.model.RoundedPoint2D@1ee901, Value: [Vertex(0, -2, 2), Vertex(1, -2, 4)]
Key: com.catan.model.RoundedPoint2D@257700, Value: [Vertex(1, -2, 2)]
Key: com.catan.model.RoundedPoint2D@25f400, Value: [Vertex(1, 1, 3), Vertex(2, 0, 5), Vertex(1, 0, 1)]
Key: com.catan.model.RoundedPoint2D@263280, Value: [Vertex(1, 1, 0), Vertex(1, 2, 2)]
Key: com.catan.model.RoundedPoint2D@1bf031, Value: [Vertex(0, -1, 5), Vertex(0, 0, 3), Vertex(-1, -1, 1)]
Key: com.catan.model.RoundedPoint2D@1c2eb1, Value: [Vertex(0, 0, 0), Vertex(0, 1, 4), Vertex(-1, 1, 2)]
Key: com.catan.model.RoundedPoint2D@124a22, Value: [Vertex(-2, 1, 3), Vertex(-2, 0, 1), Vertex(-1, 0, 5)]
Key: com.catan.model.RoundedPoint2D@1288a2, Value: [Vertex(-2, 1, 0), Vertex(-1, 2, 4)]
Key: com.catan.model.RoundedPoint2D@22bc91, Value: [Vertex(1, 1, 4), Vertex(0, 1, 2), Vertex(1, 0, 0)]
Key: com.catan.model.RoundedPoint2D@227e11, Value: [Vertex(0, -1, 1), Vertex(1, -1, 5)]
Key: com.catan.model.RoundedPoint2D@11cd22, Value: [Vertex(-1, -2, 4)]
Key: com.catan.model.RoundedPoint2D@1916a1, Value: [Vertex(0, 2, 4), Vertex(-1, 2, 2), Vertex(-1, 1, 0)]
Key: com.catan.model.RoundedPoint2D@290c10, Value: [Vertex(1, -1, 1), Vertex(2, 0, 3)]
Key: com.catan.model.RoundedPoint2D@294a90, Value: [Vertex(1, 1, 2), Vertex(2, 0, 0)]
Key: com.catan.model.RoundedPoint2D@18d821, Value: [Vertex(0, 0, 5), Vertex(-1, 1, 3), Vertex(-1, 0, 1)]
Key: com.catan.model.RoundedPoint2D@185b21, Value: [Vertex(-1, -2, 2), Vertex(0, -2, 4)]
Key: com.catan.model.RoundedPoint2D@156251, Value: [Vertex(-2, -1, 1), Vertex(-1, 0, 3), Vertex(-1, -1, 5)]
Key: com.catan.model.RoundedPoint2D@15a0d1, Value: [Vertex(-2, 1, 2), Vertex(-1, 1, 4), Vertex(-1, 0, 0)]
Key: com.catan.model.RoundedPoint2D@bbc42, Value: [Vertex(-2, 0, 5)]
Key: com.catan.model.RoundedPoint2D@2c81e0, Value: [Vertex(2, 0, 1)]
Key: com.catan.model.RoundedPoint2D@ed452, Value: [Vertex(-2, 0, 3), Vertex(-2, -1, 5)]
Key: com.catan.model.RoundedPoint2D@f12d2, Value: [Vertex(-2, 1, 4), Vertex(-2, 0, 0)]
Key: com.catan.model.RoundedPoint2D@1fc3c1, Value: [Vertex(1, 2, 5), Vertex(0, 2, 1)]
Key: com.catan.model.RoundedPoint2D@1f0841, Value: [Vertex(0, -1, 3), Vertex(0, -2, 1), Vertex(1, -2, 5)]
Key: com.catan.model.RoundedPoint2D@1f46c1, Value: [Vertex(0, -1, 0), Vertex(0, 0, 2)]
Key: com.catan.model.RoundedPoint2D@25d4c0, Value: [Vertex(1, -1, 0), Vertex(2, 0, 4), Vertex(1, 0, 2)]
Key: com.catan.model.RoundedPoint2D@259640, Value: [Vertex(1, -2, 1), Vertex(1, -1, 3)]
Key: com.catan.model.RoundedPoint2D@2651c0, Value: [Vertex(1, 2, 1)]
Key: com.catan.model.RoundedPoint2D@1b9271, Value: [Vertex(0, -2, 3)]
Key: com.catan.model.RoundedPoint2D@1bd0f1, Value: [Vertex(0, -1, 4), Vertex(0, -2, 0), Vertex(-1, -1, 2)]
Key: com.catan.model.RoundedPoint2D@1c8c71, Value: [Vertex(0, 2, 0)]
Key: com.catan.model.RoundedPoint2D@1c4df1, Value: [Vertex(0, 1, 5), Vertex(0, 2, 3), Vertex(-1, 1, 1)]
Key: com.catan.model.RoundedPoint2D@122ae2, Value: [Vertex(-2, 0, 2), Vertex(-2, -1, 0), Vertex(-1, 0, 4)]
Key: com.catan.model.RoundedPoint2D@12a7e2, Value: [Vertex(-1, 2, 5)]
Key: com.catan.model.RoundedPoint2D@231a51, Value: [Vertex(1, 2, 0)]
Key: com.catan.model.RoundedPoint2D@222051, Value: [Vertex(1, -2, 3)]
Key: com.catan.model.RoundedPoint2D@22dbd1, Value: [Vertex(1, 1, 5), Vertex(0, 1, 1), Vertex(1, 2, 3)]
Key: com.catan.model.RoundedPoint2D@225ed1, Value: [Vertex(0, -1, 2), Vertex(1, -2, 0), Vertex(1, -1, 4)]
Key: com.catan.model.RoundedPoint2D@11ec62, Value: [Vertex(-1, -2, 5), Vertex(-2, -1, 3)]
Key: com.catan.model.RoundedPoint2D@28ecd0, Value: [Vertex(1, -1, 2)]
Key: com.catan.model.RoundedPoint2D@1935e1, Value: [Vertex(0, 2, 5), Vertex(-1, 2, 1)]
Key: com.catan.model.RoundedPoint2D@2969d0, Value: [Vertex(1, 1, 1)]
Key: com.catan.model.RoundedPoint2D@18b8e1, Value: [Vertex(0, 0, 4), Vertex(-1, 0, 2), Vertex(-1, -1, 0)]
Key: com.catan.model.RoundedPoint2D@187a61, Value: [Vertex(-1, -2, 1), Vertex(0, -2, 5), Vertex(-1, -1, 3)]
Key: com.catan.model.RoundedPoint2D@15fe91, Value: [Vertex(-1, 2, 0)]
Key: com.catan.model.RoundedPoint2D@15c011, Value: [Vertex(-2, 1, 1), Vertex(-1, 2, 3), Vertex(-1, 1, 5)]
Key: com.catan.model.RoundedPoint2D@150491, Value: [Vertex(-1, -2, 3)]
Key: com.catan.model.RoundedPoint2D@154311, Value: [Vertex(-1, -2, 0), Vertex(-2, -1, 2), Vertex(-1, -1, 4)]
Key: com.catan.model.RoundedPoint2D@b9d02, Value: [Vertex(-2, 0, 4)]
Key: com.catan.model.RoundedPoint2D@2c62a0, Value: [Vertex(2, 0, 2)]
Key: com.catan.model.RoundedPoint2D@eb512, Value: [Vertex(-2, -1, 4)]
Key: com.catan.model.RoundedPoint2D@f3212, Value: [Vertex(-2, 1, 5)]
Key: com.catan.model.RoundedPoint2D@1fa481, Value: [Vertex(0, 1, 0), Vertex(1, 2, 4), Vertex(0, 2, 2)]
Key: com.catan.model.RoundedPoint2D@1f6601, Value: [Vertex(0, 0, 1), Vertex(0, 1, 3)]
Key: com.catan.model.RoundedPoint2D@1ee901, Value: [Vertex(0, -2, 2), Vertex(1, -2, 4)]
Key: com.catan.model.RoundedPoint2D@257700, Value: [Vertex(1, -2, 2)]
Key: com.catan.model.RoundedPoint2D@25f400, Value: [Vertex(1, 1, 3), Vertex(2, 0, 5), Vertex(1, 0, 1)]
Key: com.catan.model.RoundedPoint2D@263280, Value: [Vertex(1, 1, 0), Vertex(1, 2, 2)]
Key: com.catan.model.RoundedPoint2D@1bf031, Value: [Vertex(0, -1, 5), Vertex(0, 0, 3), Vertex(-1, -1, 1)]
Key: com.catan.model.RoundedPoint2D@1c2eb1, Value: [Vertex(0, 0, 0), Vertex(0, 1, 4), Vertex(-1, 1, 2)]
Key: com.catan.model.RoundedPoint2D@124a22, Value: [Vertex(-2, 1, 3), Vertex(-2, 0, 1), Vertex(-1, 0, 5)]
Key: com.catan.model.RoundedPoint2D@1288a2, Value: [Vertex(-2, 1, 0), Vertex(-1, 2, 4)]
Key: com.catan.model.RoundedPoint2D@22bc91, Value: [Vertex(1, 1, 4), Vertex(0, 1, 2), Vertex(1, 0, 0)]
Key: com.catan.model.RoundedPoint2D@227e11, Value: [Vertex(0, -1, 1), Vertex(1, -1, 5), Vertex(1, 0, 3)]
Key: com.catan.model.RoundedPoint2D@11cd22, Value: [Vertex(-1, -2, 4)]
Key: com.catan.model.RoundedPoint2D@1916a1, Value: [Vertex(0, 2, 4), Vertex(-1, 2, 2), Vertex(-1, 1, 0)]
Key: com.catan.model.RoundedPoint2D@290c10, Value: [Vertex(1, -1, 1), Vertex(2, 0, 3)]
Key: com.catan.model.RoundedPoint2D@294a90, Value: [Vertex(1, 1, 2), Vertex(2, 0, 0)]
Key: com.catan.model.RoundedPoint2D@18d821, Value: [Vertex(0, 0, 5), Vertex(-1, 1, 3), Vertex(-1, 0, 1)]
Key: com.catan.model.RoundedPoint2D@185b21, Value: [Vertex(-1, -2, 2), Vertex(0, -2, 4)]
Key: com.catan.model.RoundedPoint2D@156251, Value: [Vertex(-2, -1, 1), Vertex(-1, 0, 3), Vertex(-1, -1, 5)]
Key: com.catan.model.RoundedPoint2D@15a0d1, Value: [Vertex(-2, 1, 2), Vertex(-1, 1, 4), Vertex(-1, 0, 0)]
Key: com.catan.model.RoundedPoint2D@bbc42, Value: [Vertex(-2, 0, 5)]
Key: com.catan.model.RoundedPoint2D@2c81e0, Value: [Vertex(2, 0, 1)]
Key: com.catan.model.RoundedPoint2D@ed452, Value: [Vertex(-2, 0, 3), Vertex(-2, -1, 5)]
Key: com.catan.model.RoundedPoint2D@f12d2, Value: [Vertex(-2, 1, 4), Vertex(-2, 0, 0)]
Key: com.catan.model.RoundedPoint2D@1fc3c1, Value: [Vertex(1, 2, 5), Vertex(0, 2, 1)]
Key: com.catan.model.RoundedPoint2D@1f0841, Value: [Vertex(0, -1, 3), Vertex(0, -2, 1), Vertex(1, -2, 5)]
Key: com.catan.model.RoundedPoint2D@1f46c1, Value: [Vertex(0, -1, 0), Vertex(0, 0, 2)]
Key: com.catan.model.RoundedPoint2D@25d4c0, Value: [Vertex(1, -1, 0), Vertex(2, 0, 4), Vertex(1, 0, 2)]
Key: com.catan.model.RoundedPoint2D@259640, Value: [Vertex(1, -2, 1), Vertex(1, -1, 3)]
Key: com.catan.model.RoundedPoint2D@2651c0, Value: [Vertex(1, 2, 1)]
Key: com.catan.model.RoundedPoint2D@1b9271, Value: [Vertex(0, -2, 3)]
Key: com.catan.model.RoundedPoint2D@1bd0f1, Value: [Vertex(0, -1, 4), Vertex(0, -2, 0), Vertex(-1, -1, 2)]
Key: com.catan.model.RoundedPoint2D@1c8c71, Value: [Vertex(0, 2, 0)]
Key: com.catan.model.RoundedPoint2D@1c4df1, Value: [Vertex(0, 1, 5), Vertex(0, 2, 3), Vertex(-1, 1, 1)]
Key: com.catan.model.RoundedPoint2D@122ae2, Value: [Vertex(-2, 0, 2), Vertex(-2, -1, 0), Vertex(-1, 0, 4)]
Key: com.catan.model.RoundedPoint2D@12a7e2, Value: [Vertex(-1, 2, 5)]
Key: com.catan.model.RoundedPoint2D@231a51, Value: [Vertex(1, 2, 0)]
Key: com.catan.model.RoundedPoint2D@222051, Value: [Vertex(1, -2, 3)]
Key: com.catan.model.RoundedPoint2D@22dbd1, Value: [Vertex(1, 1, 5), Vertex(0, 1, 1), Vertex(1, 2, 3)]
Key: com.catan.model.RoundedPoint2D@225ed1, Value: [Vertex(0, -1, 2), Vertex(1, -2, 0), Vertex(1, -1, 4)]
Key: com.catan.model.RoundedPoint2D@11ec62, Value: [Vertex(-1, -2, 5), Vertex(-2, -1, 3)]
Key: com.catan.model.RoundedPoint2D@28ecd0, Value: [Vertex(1, -1, 2)]
Key: com.catan.model.RoundedPoint2D@1935e1, Value: [Vertex(0, 2, 5), Vertex(-1, 2, 1)]
Key: com.catan.model.RoundedPoint2D@2969d0, Value: [Vertex(1, 1, 1)]
Key: com.catan.model.RoundedPoint2D@18b8e1, Value: [Vertex(0, 0, 4), Vertex(-1, 0, 2), Vertex(-1, -1, 0)]
Key: com.catan.model.RoundedPoint2D@187a61, Value: [Vertex(-1, -2, 1), Vertex(0, -2, 5), Vertex(-1, -1, 3)]
Key: com.catan.model.RoundedPoint2D@15fe91, Value: [Vertex(-1, 2, 0)]
Key: com.catan.model.RoundedPoint2D@15c011, Value: [Vertex(-2, 1, 1), Vertex(-1, 2, 3), Vertex(-1, 1, 5)]
Key: com.catan.model.RoundedPoint2D@150491, Value: [Vertex(-1, -2, 3)]
Key: com.catan.model.RoundedPoint2D@154311, Value: [Vertex(-1, -2, 0), Vertex(-2, -1, 2), Vertex(-1, -1, 4)]
Key: com.catan.model.RoundedPoint2D@b9d02, Value: [Vertex(-2, 0, 4)]
Key: com.catan.model.RoundedPoint2D@2c62a0, Value: [Vertex(2, 0, 2)]
Key: com.catan.model.RoundedPoint2D@eb512, Value: [Vertex(-2, -1, 4)]
Key: com.catan.model.RoundedPoint2D@f3212, Value: [Vertex(-2, 1, 5)]
Key: com.catan.model.RoundedPoint2D@1fa481, Value: [Vertex(0, 1, 0), Vertex(1, 2, 4), Vertex(0, 2, 2)]
Key: com.catan.model.RoundedPoint2D@1f6601, Value: [Vertex(0, 0, 1), Vertex(0, 1, 3)]
Key: com.catan.model.RoundedPoint2D@1ee901, Value: [Vertex(0, -2, 2), Vertex(1, -2, 4)]
Key: com.catan.model.RoundedPoint2D@257700, Value: [Vertex(1, -2, 2)]
Key: com.catan.model.RoundedPoint2D@25f400, Value: [Vertex(1, 1, 3), Vertex(2, 0, 5), Vertex(1, 0, 1)]
Key: com.catan.model.RoundedPoint2D@263280, Value: [Vertex(1, 1, 0), Vertex(1, 2, 2)]
Key: com.catan.model.RoundedPoint2D@1bf031, Value: [Vertex(0, -1, 5), Vertex(0, 0, 3), Vertex(-1, -1, 1)]
Key: com.catan.model.RoundedPoint2D@1c2eb1, Value: [Vertex(0, 0, 0), Vertex(0, 1, 4), Vertex(-1, 1, 2)]
Key: com.catan.model.RoundedPoint2D@124a22, Value: [Vertex(-2, 1, 3), Vertex(-2, 0, 1), Vertex(-1, 0, 5)]
Key: com.catan.model.RoundedPoint2D@1288a2, Value: [Vertex(-2, 1, 0), Vertex(-1, 2, 4)]
Key: com.catan.model.RoundedPoint2D@22bc91, Value: [Vertex(1, 1, 4), Vertex(0, 1, 2), Vertex(1, 0, 0)]
Key: com.catan.model.RoundedPoint2D@227e11, Value: [Vertex(0, -1, 1), Vertex(1, -1, 5), Vertex(1, 0, 3)]
Key: com.catan.model.RoundedPoint2D@11cd22, Value: [Vertex(-1, -2, 4)]
Key: com.catan.model.RoundedPoint2D@1916a1, Value: [Vertex(0, 2, 4), Vertex(-1, 2, 2), Vertex(-1, 1, 0)]
Key: com.catan.model.RoundedPoint2D@290c10, Value: [Vertex(1, -1, 1), Vertex(2, 0, 3)]
Key: com.catan.model.RoundedPoint2D@294a90, Value: [Vertex(1, 1, 2), Vertex(2, 0, 0)]
Key: com.catan.model.RoundedPoint2D@18d821, Value: [Vertex(0, 0, 5), Vertex(-1, 1, 3), Vertex(-1, 0, 1)]
Key: com.catan.model.RoundedPoint2D@185b21, Value: [Vertex(-1, -2, 2), Vertex(0, -2, 4)]
Key: com.catan.model.RoundedPoint2D@156251, Value: [Vertex(-2, -1, 1), Vertex(-1, 0, 3), Vertex(-1, -1, 5)]
Key: com.catan.model.RoundedPoint2D@15a0d1, Value: [Vertex(-2, 1, 2), Vertex(-1, 1, 4), Vertex(-1, 0, 0)]
Key: com.catan.model.RoundedPoint2D@bbc42, Value: [Vertex(-2, 0, 5)]
Key: com.catan.model.RoundedPoint2D@2c81e0, Value: [Vertex(2, 0, 1)]
Key: com.catan.model.RoundedPoint2D@ed452, Value: [Vertex(-2, 0, 3), Vertex(-2, -1, 5)]
Key: com.catan.model.RoundedPoint2D@f12d2, Value: [Vertex(-2, 1, 4), Vertex(-2, 0, 0)]
Key: com.catan.model.RoundedPoint2D@1fc3c1, Value: [Vertex(1, 2, 5), Vertex(0, 2, 1)]
Key: com.catan.model.RoundedPoint2D@1f0841, Value: [Vertex(0, -1, 3), Vertex(0, -2, 1), Vertex(1, -2, 5)]
Key: com.catan.model.RoundedPoint2D@1f46c1, Value: [Vertex(0, -1, 0), Vertex(0, 0, 2), Vertex(1, 0, 4)]
Key: com.catan.model.RoundedPoint2D@25d4c0, Value: [Vertex(1, -1, 0), Vertex(2, 0, 4), Vertex(1, 0, 2)]
Key: com.catan.model.RoundedPoint2D@259640, Value: [Vertex(1, -2, 1), Vertex(1, -1, 3)]
Key: com.catan.model.RoundedPoint2D@2651c0, Value: [Vertex(1, 2, 1)]
Key: com.catan.model.RoundedPoint2D@1b9271, Value: [Vertex(0, -2, 3)]
Key: com.catan.model.RoundedPoint2D@1bd0f1, Value: [Vertex(0, -1, 4), Vertex(0, -2, 0), Vertex(-1, -1, 2)]
Key: com.catan.model.RoundedPoint2D@1c8c71, Value: [Vertex(0, 2, 0)]
Key: com.catan.model.RoundedPoint2D@1c4df1, Value: [Vertex(0, 1, 5), Vertex(0, 2, 3), Vertex(-1, 1, 1)]
Key: com.catan.model.RoundedPoint2D@122ae2, Value: [Vertex(-2, 0, 2), Vertex(-2, -1, 0), Vertex(-1, 0, 4)]
Key: com.catan.model.RoundedPoint2D@12a7e2, Value: [Vertex(-1, 2, 5)]
Key: com.catan.model.RoundedPoint2D@231a51, Value: [Vertex(1, 2, 0)]
Key: com.catan.model.RoundedPoint2D@222051, Value: [Vertex(1, -2, 3)]
Key: com.catan.model.RoundedPoint2D@22dbd1, Value: [Vertex(1, 1, 5), Vertex(0, 1, 1), Vertex(1, 2, 3)]
Key: com.catan.model.RoundedPoint2D@225ed1, Value: [Vertex(0, -1, 2), Vertex(1, -2, 0), Vertex(1, -1, 4)]
Key: com.catan.model.RoundedPoint2D@11ec62, Value: [Vertex(-1, -2, 5), Vertex(-2, -1, 3)]
Key: com.catan.model.RoundedPoint2D@28ecd0, Value: [Vertex(1, -1, 2)]
Key: com.catan.model.RoundedPoint2D@1935e1, Value: [Vertex(0, 2, 5), Vertex(-1, 2, 1)]
Key: com.catan.model.RoundedPoint2D@2969d0, Value: [Vertex(1, 1, 1)]
Key: com.catan.model.RoundedPoint2D@18b8e1, Value: [Vertex(0, 0, 4), Vertex(-1, 0, 2), Vertex(-1, -1, 0)]
Key: com.catan.model.RoundedPoint2D@187a61, Value: [Vertex(-1, -2, 1), Vertex(0, -2, 5), Vertex(-1, -1, 3)]
Key: com.catan.model.RoundedPoint2D@15fe91, Value: [Vertex(-1, 2, 0)]
Key: com.catan.model.RoundedPoint2D@15c011, Value: [Vertex(-2, 1, 1), Vertex(-1, 2, 3), Vertex(-1, 1, 5)]
Key: com.catan.model.RoundedPoint2D@150491, Value: [Vertex(-1, -2, 3)]
Key: com.catan.model.RoundedPoint2D@154311, Value: [Vertex(-1, -2, 0), Vertex(-2, -1, 2), Vertex(-1, -1, 4)]
Key: com.catan.model.RoundedPoint2D@b9d02, Value: [Vertex(-2, 0, 4)]
Key: com.catan.model.RoundedPoint2D@2c62a0, Value: [Vertex(2, 0, 2)]
Key: com.catan.model.RoundedPoint2D@eb512, Value: [Vertex(-2, -1, 4)]
Key: com.catan.model.RoundedPoint2D@f3212, Value: [Vertex(-2, 1, 5)]
Key: com.catan.model.RoundedPoint2D@1fa481, Value: [Vertex(0, 1, 0), Vertex(1, 2, 4), Vertex(0, 2, 2)]
Key: com.catan.model.RoundedPoint2D@1f6601, Value: [Vertex(0, 0, 1), Vertex(0, 1, 3), Vertex(1, 0, 5)]
Key: com.catan.model.RoundedPoint2D@1ee901, Value: [Vertex(0, -2, 2), Vertex(1, -2, 4)]
Key: com.catan.model.RoundedPoint2D@257700, Value: [Vertex(1, -2, 2)]
Key: com.catan.model.RoundedPoint2D@25f400, Value: [Vertex(1, 1, 3), Vertex(2, 0, 5), Vertex(1, 0, 1)]
Key: com.catan.model.RoundedPoint2D@263280, Value: [Vertex(1, 1, 0), Vertex(1, 2, 2)]
Key: com.catan.model.RoundedPoint2D@1bf031, Value: [Vertex(0, -1, 5), Vertex(0, 0, 3), Vertex(-1, -1, 1)]
Key: com.catan.model.RoundedPoint2D@1c2eb1, Value: [Vertex(0, 0, 0), Vertex(0, 1, 4), Vertex(-1, 1, 2)]
Key: com.catan.model.RoundedPoint2D@124a22, Value: [Vertex(-2, 1, 3), Vertex(-2, 0, 1), Vertex(-1, 0, 5)]
Key: com.catan.model.RoundedPoint2D@1288a2, Value: [Vertex(-2, 1, 0), Vertex(-1, 2, 4)]
Key: com.catan.model.RoundedPoint2D@22bc91, Value: [Vertex(1, 1, 4), Vertex(0, 1, 2), Vertex(1, 0, 0)]
Key: com.catan.model.RoundedPoint2D@227e11, Value: [Vertex(0, -1, 1), Vertex(1, -1, 5), Vertex(1, 0, 3)]
Key: com.catan.model.RoundedPoint2D@11cd22, Value: [Vertex(-1, -2, 4)]
Key: com.catan.model.RoundedPoint2D@1916a1, Value: [Vertex(0, 2, 4), Vertex(-1, 2, 2), Vertex(-1, 1, 0)]
Key: com.catan.model.RoundedPoint2D@290c10, Value: [Vertex(1, -1, 1), Vertex(2, 0, 3)]
Key: com.catan.model.RoundedPoint2D@294a90, Value: [Vertex(1, 1, 2), Vertex(2, 0, 0)]
Key: com.catan.model.RoundedPoint2D@18d821, Value: [Vertex(0, 0, 5), Vertex(-1, 1, 3), Vertex(-1, 0, 1)]
Key: com.catan.model.RoundedPoint2D@185b21, Value: [Vertex(-1, -2, 2), Vertex(0, -2, 4)]
Key: com.catan.model.RoundedPoint2D@156251, Value: [Vertex(-2, -1, 1), Vertex(-1, 0, 3), Vertex(-1, -1, 5)]
Key: com.catan.model.RoundedPoint2D@15a0d1, Value: [Vertex(-2, 1, 2), Vertex(-1, 1, 4), Vertex(-1, 0, 0)]
Key: com.catan.model.RoundedPoint2D@bbc42, Value: [Vertex(-2, 0, 5)]
Key: com.catan.model.RoundedPoint2D@2c81e0, Value: [Vertex(2, 0, 1)]
Key: com.catan.model.RoundedPoint2D@ed452, Value: [Vertex(-2, 0, 3), Vertex(-2, -1, 5)]
Key: com.catan.model.RoundedPoint2D@f12d2, Value: [Vertex(-2, 1, 4), Vertex(-2, 0, 0)]
Key: com.catan.model.RoundedPoint2D@1fc3c1, Value: [Vertex(1, 2, 5), Vertex(0, 2, 1)]
Key: com.catan.model.RoundedPoint2D@1f0841, Value: [Vertex(0, -1, 3), Vertex(0, -2, 1), Vertex(1, -2, 5)]
Key: com.catan.model.RoundedPoint2D@1f46c1, Value: [Vertex(0, -1, 0), Vertex(0, 0, 2), Vertex(1, 0, 4)]
Key: com.catan.model.RoundedPoint2D@25d4c0, Value: [Vertex(1, -1, 0), Vertex(2, 0, 4), Vertex(1, 0, 2)]
Key: com.catan.model.RoundedPoint2D@259640, Value: [Vertex(1, -2, 1), Vertex(1, -1, 3)]
Key: com.catan.model.RoundedPoint2D@2651c0, Value: [Vertex(1, 2, 1)]
Key: com.catan.model.RoundedPoint2D@1b9271, Value: [Vertex(0, -2, 3)]
Key: com.catan.model.RoundedPoint2D@1bd0f1, Value: [Vertex(0, -1, 4), Vertex(0, -2, 0), Vertex(-1, -1, 2)]
Key: com.catan.model.RoundedPoint2D@1c8c71, Value: [Vertex(0, 2, 0)]
Key: com.catan.model.RoundedPoint2D@1c4df1, Value: [Vertex(0, 1, 5), Vertex(0, 2, 3), Vertex(-1, 1, 1)]
Key: com.catan.model.RoundedPoint2D@122ae2, Value: [Vertex(-2, 0, 2), Vertex(-2, -1, 0), Vertex(-1, 0, 4)]
Key: com.catan.model.RoundedPoint2D@12a7e2, Value: [Vertex(-1, 2, 5)]
Key: com.catan.model.RoundedPoint2D@231a51, Value: [Vertex(1, 2, 0)]
Key: com.catan.model.RoundedPoint2D@222051, Value: [Vertex(1, -2, 3)]
Key: com.catan.model.RoundedPoint2D@22dbd1, Value: [Vertex(1, 1, 5), Vertex(0, 1, 1), Vertex(1, 2, 3)]
Key: com.catan.model.RoundedPoint2D@225ed1, Value: [Vertex(0, -1, 2), Vertex(1, -2, 0), Vertex(1, -1, 4)]
Key: com.catan.model.RoundedPoint2D@11ec62, Value: [Vertex(-1, -2, 5), Vertex(-2, -1, 3)]
Key: com.catan.model.RoundedPoint2D@28ecd0, Value: [Vertex(1, -1, 2)]
Key: com.catan.model.RoundedPoint2D@1935e1, Value: [Vertex(0, 2, 5), Vertex(-1, 2, 1)]
Key: com.catan.model.RoundedPoint2D@2969d0, Value: [Vertex(1, 1, 1)]
Key: com.catan.model.RoundedPoint2D@18b8e1, Value: [Vertex(0, 0, 4), Vertex(-1, 0, 2), Vertex(-1, -1, 0)]
Key: com.catan.model.RoundedPoint2D@187a61, Value: [Vertex(-1, -2, 1), Vertex(0, -2, 5), Vertex(-1, -1, 3)]
Berechnete einzigartige Vertices: 0
Berechnete einzigartige Edges: 72
✓ Authentisches CATAN-Board initialisiert: 54 Siedlungen, 72 Straßen
]]></system-out>
  </testcase>
  <testcase name="testTrading" classname="com.catan.model.CatanGameTest" time="0.03">
    <system-out><![CDATA[Key: com.catan.model.RoundedPoint2D@154311, Value: [Vertex(-1, -2, 0)]
Key: com.catan.model.RoundedPoint2D@154311, Value: [Vertex(-1, -2, 0)]
Key: com.catan.model.RoundedPoint2D@187a61, Value: [Vertex(-1, -2, 1)]
Key: com.catan.model.RoundedPoint2D@154311, Value: [Vertex(-1, -2, 0)]
Key: com.catan.model.RoundedPoint2D@185b21, Value: [Vertex(-1, -2, 2)]
Key: com.catan.model.RoundedPoint2D@187a61, Value: [Vertex(-1, -2, 1)]
Key: com.catan.model.RoundedPoint2D@150491, Value: [Vertex(-1, -2, 3)]
Key: com.catan.model.RoundedPoint2D@154311, Value: [Vertex(-1, -2, 0)]
Key: com.catan.model.RoundedPoint2D@185b21, Value: [Vertex(-1, -2, 2)]
Key: com.catan.model.RoundedPoint2D@187a61, Value: [Vertex(-1, -2, 1)]
Key: com.catan.model.RoundedPoint2D@11cd22, Value: [Vertex(-1, -2, 4)]
Key: com.catan.model.RoundedPoint2D@150491, Value: [Vertex(-1, -2, 3)]
Key: com.catan.model.RoundedPoint2D@154311, Value: [Vertex(-1, -2, 0)]
Key: com.catan.model.RoundedPoint2D@185b21, Value: [Vertex(-1, -2, 2)]
Key: com.catan.model.RoundedPoint2D@187a61, Value: [Vertex(-1, -2, 1)]
Key: com.catan.model.RoundedPoint2D@11ec62, Value: [Vertex(-1, -2, 5)]
Key: com.catan.model.RoundedPoint2D@11cd22, Value: [Vertex(-1, -2, 4)]
Key: com.catan.model.RoundedPoint2D@150491, Value: [Vertex(-1, -2, 3)]
Key: com.catan.model.RoundedPoint2D@154311, Value: [Vertex(-1, -2, 0)]
Key: com.catan.model.RoundedPoint2D@185b21, Value: [Vertex(-1, -2, 2)]
Key: com.catan.model.RoundedPoint2D@187a61, Value: [Vertex(-1, -2, 1)]
Key: com.catan.model.RoundedPoint2D@11ec62, Value: [Vertex(-1, -2, 5)]
Key: com.catan.model.RoundedPoint2D@11cd22, Value: [Vertex(-1, -2, 4)]
Key: com.catan.model.RoundedPoint2D@150491, Value: [Vertex(-1, -2, 3)]
Key: com.catan.model.RoundedPoint2D@154311, Value: [Vertex(-1, -2, 0)]
Key: com.catan.model.RoundedPoint2D@185b21, Value: [Vertex(-1, -2, 2)]
Key: com.catan.model.RoundedPoint2D@187a61, Value: [Vertex(-1, -2, 1)]
Key: com.catan.model.RoundedPoint2D@1f46c1, Value: [Vertex(0, -1, 0)]
Key: com.catan.model.RoundedPoint2D@227e11, Value: [Vertex(0, -1, 1)]
Key: com.catan.model.RoundedPoint2D@11ec62, Value: [Vertex(-1, -2, 5)]
Key: com.catan.model.RoundedPoint2D@11cd22, Value: [Vertex(-1, -2, 4)]
Key: com.catan.model.RoundedPoint2D@150491, Value: [Vertex(-1, -2, 3)]
Key: com.catan.model.RoundedPoint2D@154311, Value: [Vertex(-1, -2, 0)]
Key: com.catan.model.RoundedPoint2D@185b21, Value: [Vertex(-1, -2, 2)]
Key: com.catan.model.RoundedPoint2D@187a61, Value: [Vertex(-1, -2, 1)]
Key: com.catan.model.RoundedPoint2D@1f46c1, Value: [Vertex(0, -1, 0)]
Key: com.catan.model.RoundedPoint2D@225ed1, Value: [Vertex(0, -1, 2)]
Key: com.catan.model.RoundedPoint2D@227e11, Value: [Vertex(0, -1, 1)]
Key: com.catan.model.RoundedPoint2D@11ec62, Value: [Vertex(-1, -2, 5)]
Key: com.catan.model.RoundedPoint2D@11cd22, Value: [Vertex(-1, -2, 4)]
Key: com.catan.model.RoundedPoint2D@150491, Value: [Vertex(-1, -2, 3)]
Key: com.catan.model.RoundedPoint2D@154311, Value: [Vertex(-1, -2, 0)]
Key: com.catan.model.RoundedPoint2D@185b21, Value: [Vertex(-1, -2, 2)]
Key: com.catan.model.RoundedPoint2D@187a61, Value: [Vertex(-1, -2, 1)]
Key: com.catan.model.RoundedPoint2D@1f46c1, Value: [Vertex(0, -1, 0)]
Key: com.catan.model.RoundedPoint2D@225ed1, Value: [Vertex(0, -1, 2)]
Key: com.catan.model.RoundedPoint2D@227e11, Value: [Vertex(0, -1, 1)]
Key: com.catan.model.RoundedPoint2D@11ec62, Value: [Vertex(-1, -2, 5)]
Key: com.catan.model.RoundedPoint2D@11cd22, Value: [Vertex(-1, -2, 4)]
Key: com.catan.model.RoundedPoint2D@150491, Value: [Vertex(-1, -2, 3)]
Key: com.catan.model.RoundedPoint2D@154311, Value: [Vertex(-1, -2, 0)]
Key: com.catan.model.RoundedPoint2D@185b21, Value: [Vertex(-1, -2, 2)]
Key: com.catan.model.RoundedPoint2D@187a61, Value: [Vertex(-1, -2, 1)]
Key: com.catan.model.RoundedPoint2D@1f0841, Value: [Vertex(0, -1, 3)]
Key: com.catan.model.RoundedPoint2D@1f46c1, Value: [Vertex(0, -1, 0)]
Key: com.catan.model.RoundedPoint2D@225ed1, Value: [Vertex(0, -1, 2)]
Key: com.catan.model.RoundedPoint2D@227e11, Value: [Vertex(0, -1, 1)]
Key: com.catan.model.RoundedPoint2D@11ec62, Value: [Vertex(-1, -2, 5)]
Key: com.catan.model.RoundedPoint2D@11cd22, Value: [Vertex(-1, -2, 4)]
Key: com.catan.model.RoundedPoint2D@150491, Value: [Vertex(-1, -2, 3)]
Key: com.catan.model.RoundedPoint2D@154311, Value: [Vertex(-1, -2, 0)]
Key: com.catan.model.RoundedPoint2D@185b21, Value: [Vertex(-1, -2, 2)]
Key: com.catan.model.RoundedPoint2D@187a61, Value: [Vertex(-1, -2, 1)]
Key: com.catan.model.RoundedPoint2D@1bd0f1, Value: [Vertex(0, -1, 4)]
Key: com.catan.model.RoundedPoint2D@1f0841, Value: [Vertex(0, -1, 3)]
Key: com.catan.model.RoundedPoint2D@1f46c1, Value: [Vertex(0, -1, 0)]
Key: com.catan.model.RoundedPoint2D@225ed1, Value: [Vertex(0, -1, 2)]
Key: com.catan.model.RoundedPoint2D@227e11, Value: [Vertex(0, -1, 1)]
Key: com.catan.model.RoundedPoint2D@11ec62, Value: [Vertex(-1, -2, 5)]
Key: com.catan.model.RoundedPoint2D@11cd22, Value: [Vertex(-1, -2, 4)]
Key: com.catan.model.RoundedPoint2D@150491, Value: [Vertex(-1, -2, 3)]
Key: com.catan.model.RoundedPoint2D@154311, Value: [Vertex(-1, -2, 0)]
Key: com.catan.model.RoundedPoint2D@185b21, Value: [Vertex(-1, -2, 2)]
Key: com.catan.model.RoundedPoint2D@187a61, Value: [Vertex(-1, -2, 1)]
Key: com.catan.model.RoundedPoint2D@1bf031, Value: [Vertex(0, -1, 5)]
Key: com.catan.model.RoundedPoint2D@1bd0f1, Value: [Vertex(0, -1, 4)]
Key: com.catan.model.RoundedPoint2D@1f0841, Value: [Vertex(0, -1, 3)]
Key: com.catan.model.RoundedPoint2D@1f46c1, Value: [Vertex(0, -1, 0)]
Key: com.catan.model.RoundedPoint2D@225ed1, Value: [Vertex(0, -1, 2)]
Key: com.catan.model.RoundedPoint2D@227e11, Value: [Vertex(0, -1, 1)]
Key: com.catan.model.RoundedPoint2D@11ec62, Value: [Vertex(-1, -2, 5)]
Key: com.catan.model.RoundedPoint2D@11cd22, Value: [Vertex(-1, -2, 4)]
Key: com.catan.model.RoundedPoint2D@150491, Value: [Vertex(-1, -2, 3)]
Key: com.catan.model.RoundedPoint2D@154311, Value: [Vertex(-1, -2, 0)]
Key: com.catan.model.RoundedPoint2D@185b21, Value: [Vertex(-1, -2, 2)]
Key: com.catan.model.RoundedPoint2D@187a61, Value: [Vertex(-1, -2, 1)]
Key: com.catan.model.RoundedPoint2D@1bf031, Value: [Vertex(0, -1, 5)]
Key: com.catan.model.RoundedPoint2D@1bd0f1, Value: [Vertex(0, -1, 4)]
Key: com.catan.model.RoundedPoint2D@1c2eb1, Value: [Vertex(0, 0, 0)]
Key: com.catan.model.RoundedPoint2D@1f0841, Value: [Vertex(0, -1, 3)]
Key: com.catan.model.RoundedPoint2D@1f46c1, Value: [Vertex(0, -1, 0)]
Key: com.catan.model.RoundedPoint2D@150491, Value: [Vertex(-1, -2, 3)]
Key: com.catan.model.RoundedPoint2D@154311, Value: [Vertex(-1, -2, 0)]
Key: com.catan.model.RoundedPoint2D@1bf031, Value: [Vertex(0, -1, 5)]
Key: com.catan.model.RoundedPoint2D@1bd0f1, Value: [Vertex(0, -1, 4)]
Key: com.catan.model.RoundedPoint2D@1c2eb1, Value: [Vertex(0, 0, 0)]
Key: com.catan.model.RoundedPoint2D@225ed1, Value: [Vertex(0, -1, 2)]
Key: com.catan.model.RoundedPoint2D@227e11, Value: [Vertex(0, -1, 1)]
Key: com.catan.model.RoundedPoint2D@11ec62, Value: [Vertex(-1, -2, 5)]
Key: com.catan.model.RoundedPoint2D@11cd22, Value: [Vertex(-1, -2, 4)]
Key: com.catan.model.RoundedPoint2D@185b21, Value: [Vertex(-1, -2, 2)]
Key: com.catan.model.RoundedPoint2D@187a61, Value: [Vertex(-1, -2, 1)]
Key: com.catan.model.RoundedPoint2D@1f6601, Value: [Vertex(0, 0, 1)]
Key: com.catan.model.RoundedPoint2D@1f0841, Value: [Vertex(0, -1, 3)]
Key: com.catan.model.RoundedPoint2D@1f46c1, Value: [Vertex(0, -1, 0)]
Key: com.catan.model.RoundedPoint2D@150491, Value: [Vertex(-1, -2, 3)]
Key: com.catan.model.RoundedPoint2D@154311, Value: [Vertex(-1, -2, 0)]
Key: com.catan.model.RoundedPoint2D@1bf031, Value: [Vertex(0, -1, 5)]
Key: com.catan.model.RoundedPoint2D@1bd0f1, Value: [Vertex(0, -1, 4)]
Key: com.catan.model.RoundedPoint2D@1c2eb1, Value: [Vertex(0, 0, 0)]
Key: com.catan.model.RoundedPoint2D@225ed1, Value: [Vertex(0, -1, 2)]
Key: com.catan.model.RoundedPoint2D@227e11, Value: [Vertex(0, -1, 1)]
Key: com.catan.model.RoundedPoint2D@11ec62, Value: [Vertex(-1, -2, 5)]
Key: com.catan.model.RoundedPoint2D@11cd22, Value: [Vertex(-1, -2, 4)]
Key: com.catan.model.RoundedPoint2D@185b21, Value: [Vertex(-1, -2, 2)]
Key: com.catan.model.RoundedPoint2D@187a61, Value: [Vertex(-1, -2, 1)]
Key: com.catan.model.RoundedPoint2D@1f6601, Value: [Vertex(0, 0, 1)]
Key: com.catan.model.RoundedPoint2D@1f0841, Value: [Vertex(0, -1, 3)]
Key: com.catan.model.RoundedPoint2D@1f46c1, Value: [Vertex(0, -1, 0), Vertex(0, 0, 2)]
Key: com.catan.model.RoundedPoint2D@150491, Value: [Vertex(-1, -2, 3)]
Key: com.catan.model.RoundedPoint2D@154311, Value: [Vertex(-1, -2, 0)]
Key: com.catan.model.RoundedPoint2D@1bf031, Value: [Vertex(0, -1, 5), Vertex(0, 0, 3)]
Key: com.catan.model.RoundedPoint2D@1bd0f1, Value: [Vertex(0, -1, 4)]
Key: com.catan.model.RoundedPoint2D@1c2eb1, Value: [Vertex(0, 0, 0)]
Key: com.catan.model.RoundedPoint2D@225ed1, Value: [Vertex(0, -1, 2)]
Key: com.catan.model.RoundedPoint2D@227e11, Value: [Vertex(0, -1, 1)]
Key: com.catan.model.RoundedPoint2D@11ec62, Value: [Vertex(-1, -2, 5)]
Key: com.catan.model.RoundedPoint2D@11cd22, Value: [Vertex(-1, -2, 4)]
Key: com.catan.model.RoundedPoint2D@185b21, Value: [Vertex(-1, -2, 2)]
Key: com.catan.model.RoundedPoint2D@187a61, Value: [Vertex(-1, -2, 1)]
Key: com.catan.model.RoundedPoint2D@1f6601, Value: [Vertex(0, 0, 1)]
Key: com.catan.model.RoundedPoint2D@1f0841, Value: [Vertex(0, -1, 3)]
Key: com.catan.model.RoundedPoint2D@1f46c1, Value: [Vertex(0, -1, 0), Vertex(0, 0, 2)]
Key: com.catan.model.RoundedPoint2D@150491, Value: [Vertex(-1, -2, 3)]
Key: com.catan.model.RoundedPoint2D@154311, Value: [Vertex(-1, -2, 0)]
Key: com.catan.model.RoundedPoint2D@1bf031, Value: [Vertex(0, -1, 5), Vertex(0, 0, 3)]
Key: com.catan.model.RoundedPoint2D@1bd0f1, Value: [Vertex(0, -1, 4)]
Key: com.catan.model.RoundedPoint2D@1c2eb1, Value: [Vertex(0, 0, 0)]
Key: com.catan.model.RoundedPoint2D@225ed1, Value: [Vertex(0, -1, 2)]
Key: com.catan.model.RoundedPoint2D@227e11, Value: [Vertex(0, -1, 1)]
Key: com.catan.model.RoundedPoint2D@11ec62, Value: [Vertex(-1, -2, 5)]
Key: com.catan.model.RoundedPoint2D@11cd22, Value: [Vertex(-1, -2, 4)]
Key: com.catan.model.RoundedPoint2D@18b8e1, Value: [Vertex(0, 0, 4)]
Key: com.catan.model.RoundedPoint2D@185b21, Value: [Vertex(-1, -2, 2)]
Key: com.catan.model.RoundedPoint2D@187a61, Value: [Vertex(-1, -2, 1)]
Key: com.catan.model.RoundedPoint2D@1f6601, Value: [Vertex(0, 0, 1)]
Key: com.catan.model.RoundedPoint2D@1f0841, Value: [Vertex(0, -1, 3)]
Key: com.catan.model.RoundedPoint2D@1f46c1, Value: [Vertex(0, -1, 0), Vertex(0, 0, 2)]
Key: com.catan.model.RoundedPoint2D@150491, Value: [Vertex(-1, -2, 3)]
Key: com.catan.model.RoundedPoint2D@154311, Value: [Vertex(-1, -2, 0)]
Key: com.catan.model.RoundedPoint2D@1bf031, Value: [Vertex(0, -1, 5), Vertex(0, 0, 3)]
Key: com.catan.model.RoundedPoint2D@1bd0f1, Value: [Vertex(0, -1, 4)]
Key: com.catan.model.RoundedPoint2D@1c2eb1, Value: [Vertex(0, 0, 0)]
Key: com.catan.model.RoundedPoint2D@225ed1, Value: [Vertex(0, -1, 2)]
Key: com.catan.model.RoundedPoint2D@227e11, Value: [Vertex(0, -1, 1)]
Key: com.catan.model.RoundedPoint2D@11ec62, Value: [Vertex(-1, -2, 5)]
Key: com.catan.model.RoundedPoint2D@11cd22, Value: [Vertex(-1, -2, 4)]
Key: com.catan.model.RoundedPoint2D@18d821, Value: [Vertex(0, 0, 5)]
Key: com.catan.model.RoundedPoint2D@18b8e1, Value: [Vertex(0, 0, 4)]
Key: com.catan.model.RoundedPoint2D@185b21, Value: [Vertex(-1, -2, 2)]
Key: com.catan.model.RoundedPoint2D@187a61, Value: [Vertex(-1, -2, 1)]
Key: com.catan.model.RoundedPoint2D@1f6601, Value: [Vertex(0, 0, 1)]
Key: com.catan.model.RoundedPoint2D@1f0841, Value: [Vertex(0, -1, 3)]
Key: com.catan.model.RoundedPoint2D@1f46c1, Value: [Vertex(0, -1, 0), Vertex(0, 0, 2)]
Key: com.catan.model.RoundedPoint2D@150491, Value: [Vertex(-1, -2, 3)]
Key: com.catan.model.RoundedPoint2D@154311, Value: [Vertex(-1, -2, 0)]
Key: com.catan.model.RoundedPoint2D@263280, Value: [Vertex(1, 1, 0)]
Key: com.catan.model.RoundedPoint2D@1bf031, Value: [Vertex(0, -1, 5), Vertex(0, 0, 3)]
Key: com.catan.model.RoundedPoint2D@1bd0f1, Value: [Vertex(0, -1, 4)]
Key: com.catan.model.RoundedPoint2D@1c2eb1, Value: [Vertex(0, 0, 0)]
Key: com.catan.model.RoundedPoint2D@225ed1, Value: [Vertex(0, -1, 2)]
Key: com.catan.model.RoundedPoint2D@227e11, Value: [Vertex(0, -1, 1)]
Key: com.catan.model.RoundedPoint2D@11ec62, Value: [Vertex(-1, -2, 5)]
Key: com.catan.model.RoundedPoint2D@11cd22, Value: [Vertex(-1, -2, 4)]
Key: com.catan.model.RoundedPoint2D@18d821, Value: [Vertex(0, 0, 5)]
Key: com.catan.model.RoundedPoint2D@18b8e1, Value: [Vertex(0, 0, 4)]
Key: com.catan.model.RoundedPoint2D@185b21, Value: [Vertex(-1, -2, 2)]
Key: com.catan.model.RoundedPoint2D@187a61, Value: [Vertex(-1, -2, 1)]
Key: com.catan.model.RoundedPoint2D@1f6601, Value: [Vertex(0, 0, 1)]
Key: com.catan.model.RoundedPoint2D@1f0841, Value: [Vertex(0, -1, 3)]
Key: com.catan.model.RoundedPoint2D@1f46c1, Value: [Vertex(0, -1, 0), Vertex(0, 0, 2)]
Key: com.catan.model.RoundedPoint2D@150491, Value: [Vertex(-1, -2, 3)]
Key: com.catan.model.RoundedPoint2D@154311, Value: [Vertex(-1, -2, 0)]
Key: com.catan.model.RoundedPoint2D@263280, Value: [Vertex(1, 1, 0)]
Key: com.catan.model.RoundedPoint2D@1bf031, Value: [Vertex(0, -1, 5), Vertex(0, 0, 3)]
Key: com.catan.model.RoundedPoint2D@1bd0f1, Value: [Vertex(0, -1, 4)]
Key: com.catan.model.RoundedPoint2D@1c2eb1, Value: [Vertex(0, 0, 0)]
Key: com.catan.model.RoundedPoint2D@225ed1, Value: [Vertex(0, -1, 2)]
Key: com.catan.model.RoundedPoint2D@227e11, Value: [Vertex(0, -1, 1)]
Key: com.catan.model.RoundedPoint2D@11ec62, Value: [Vertex(-1, -2, 5)]
Key: com.catan.model.RoundedPoint2D@11cd22, Value: [Vertex(-1, -2, 4)]
Key: com.catan.model.RoundedPoint2D@2969d0, Value: [Vertex(1, 1, 1)]
Key: com.catan.model.RoundedPoint2D@18d821, Value: [Vertex(0, 0, 5)]
Key: com.catan.model.RoundedPoint2D@18b8e1, Value: [Vertex(0, 0, 4)]
Key: com.catan.model.RoundedPoint2D@185b21, Value: [Vertex(-1, -2, 2)]
Key: com.catan.model.RoundedPoint2D@187a61, Value: [Vertex(-1, -2, 1)]
Key: com.catan.model.RoundedPoint2D@1f6601, Value: [Vertex(0, 0, 1)]
Key: com.catan.model.RoundedPoint2D@1f0841, Value: [Vertex(0, -1, 3)]
Key: com.catan.model.RoundedPoint2D@1f46c1, Value: [Vertex(0, -1, 0), Vertex(0, 0, 2)]
Key: com.catan.model.RoundedPoint2D@150491, Value: [Vertex(-1, -2, 3)]
Key: com.catan.model.RoundedPoint2D@154311, Value: [Vertex(-1, -2, 0)]
Key: com.catan.model.RoundedPoint2D@263280, Value: [Vertex(1, 1, 0)]
Key: com.catan.model.RoundedPoint2D@1bf031, Value: [Vertex(0, -1, 5), Vertex(0, 0, 3)]
Key: com.catan.model.RoundedPoint2D@1bd0f1, Value: [Vertex(0, -1, 4)]
Key: com.catan.model.RoundedPoint2D@1c2eb1, Value: [Vertex(0, 0, 0)]
Key: com.catan.model.RoundedPoint2D@225ed1, Value: [Vertex(0, -1, 2)]
Key: com.catan.model.RoundedPoint2D@227e11, Value: [Vertex(0, -1, 1)]
Key: com.catan.model.RoundedPoint2D@11ec62, Value: [Vertex(-1, -2, 5)]
Key: com.catan.model.RoundedPoint2D@11cd22, Value: [Vertex(-1, -2, 4)]
Key: com.catan.model.RoundedPoint2D@294a90, Value: [Vertex(1, 1, 2)]
Key: com.catan.model.RoundedPoint2D@2969d0, Value: [Vertex(1, 1, 1)]
Key: com.catan.model.RoundedPoint2D@18d821, Value: [Vertex(0, 0, 5)]
Key: com.catan.model.RoundedPoint2D@18b8e1, Value: [Vertex(0, 0, 4)]
Key: com.catan.model.RoundedPoint2D@185b21, Value: [Vertex(-1, -2, 2)]
Key: com.catan.model.RoundedPoint2D@187a61, Value: [Vertex(-1, -2, 1)]
Key: com.catan.model.RoundedPoint2D@1f6601, Value: [Vertex(0, 0, 1)]
Key: com.catan.model.RoundedPoint2D@1f0841, Value: [Vertex(0, -1, 3)]
Key: com.catan.model.RoundedPoint2D@1f46c1, Value: [Vertex(0, -1, 0), Vertex(0, 0, 2)]
Key: com.catan.model.RoundedPoint2D@150491, Value: [Vertex(-1, -2, 3)]
Key: com.catan.model.RoundedPoint2D@154311, Value: [Vertex(-1, -2, 0)]
Key: com.catan.model.RoundedPoint2D@25f400, Value: [Vertex(1, 1, 3)]
Key: com.catan.model.RoundedPoint2D@263280, Value: [Vertex(1, 1, 0)]
Key: com.catan.model.RoundedPoint2D@1bf031, Value: [Vertex(0, -1, 5), Vertex(0, 0, 3)]
Key: com.catan.model.RoundedPoint2D@1bd0f1, Value: [Vertex(0, -1, 4)]
Key: com.catan.model.RoundedPoint2D@1c2eb1, Value: [Vertex(0, 0, 0)]
Key: com.catan.model.RoundedPoint2D@225ed1, Value: [Vertex(0, -1, 2)]
Key: com.catan.model.RoundedPoint2D@227e11, Value: [Vertex(0, -1, 1)]
Key: com.catan.model.RoundedPoint2D@11ec62, Value: [Vertex(-1, -2, 5)]
Key: com.catan.model.RoundedPoint2D@11cd22, Value: [Vertex(-1, -2, 4)]
Key: com.catan.model.RoundedPoint2D@294a90, Value: [Vertex(1, 1, 2)]
Key: com.catan.model.RoundedPoint2D@2969d0, Value: [Vertex(1, 1, 1)]
Key: com.catan.model.RoundedPoint2D@18d821, Value: [Vertex(0, 0, 5)]
Key: com.catan.model.RoundedPoint2D@18b8e1, Value: [Vertex(0, 0, 4)]
Key: com.catan.model.RoundedPoint2D@185b21, Value: [Vertex(-1, -2, 2)]
Key: com.catan.model.RoundedPoint2D@187a61, Value: [Vertex(-1, -2, 1)]
Key: com.catan.model.RoundedPoint2D@1f6601, Value: [Vertex(0, 0, 1)]
Key: com.catan.model.RoundedPoint2D@1f0841, Value: [Vertex(0, -1, 3)]
Key: com.catan.model.RoundedPoint2D@1f46c1, Value: [Vertex(0, -1, 0), Vertex(0, 0, 2)]
Key: com.catan.model.RoundedPoint2D@150491, Value: [Vertex(-1, -2, 3)]
Key: com.catan.model.RoundedPoint2D@154311, Value: [Vertex(-1, -2, 0)]
Key: com.catan.model.RoundedPoint2D@25f400, Value: [Vertex(1, 1, 3)]
Key: com.catan.model.RoundedPoint2D@263280, Value: [Vertex(1, 1, 0)]
Key: com.catan.model.RoundedPoint2D@1bf031, Value: [Vertex(0, -1, 5), Vertex(0, 0, 3)]
Key: com.catan.model.RoundedPoint2D@1bd0f1, Value: [Vertex(0, -1, 4)]
Key: com.catan.model.RoundedPoint2D@1c2eb1, Value: [Vertex(0, 0, 0)]
Key: com.catan.model.RoundedPoint2D@22bc91, Value: [Vertex(1, 1, 4)]
Key: com.catan.model.RoundedPoint2D@225ed1, Value: [Vertex(0, -1, 2)]
Key: com.catan.model.RoundedPoint2D@227e11, Value: [Vertex(0, -1, 1)]
Key: com.catan.model.RoundedPoint2D@11ec62, Value: [Vertex(-1, -2, 5)]
Key: com.catan.model.RoundedPoint2D@11cd22, Value: [Vertex(-1, -2, 4)]
Key: com.catan.model.RoundedPoint2D@294a90, Value: [Vertex(1, 1, 2)]
Key: com.catan.model.RoundedPoint2D@2969d0, Value: [Vertex(1, 1, 1)]
Key: com.catan.model.RoundedPoint2D@18d821, Value: [Vertex(0, 0, 5)]
Key: com.catan.model.RoundedPoint2D@18b8e1, Value: [Vertex(0, 0, 4)]
Key: com.catan.model.RoundedPoint2D@185b21, Value: [Vertex(-1, -2, 2)]
Key: com.catan.model.RoundedPoint2D@187a61, Value: [Vertex(-1, -2, 1)]
Key: com.catan.model.RoundedPoint2D@1f6601, Value: [Vertex(0, 0, 1)]
Key: com.catan.model.RoundedPoint2D@1f0841, Value: [Vertex(0, -1, 3)]
Key: com.catan.model.RoundedPoint2D@1f46c1, Value: [Vertex(0, -1, 0), Vertex(0, 0, 2)]
Key: com.catan.model.RoundedPoint2D@150491, Value: [Vertex(-1, -2, 3)]
Key: com.catan.model.RoundedPoint2D@154311, Value: [Vertex(-1, -2, 0)]
Key: com.catan.model.RoundedPoint2D@25f400, Value: [Vertex(1, 1, 3)]
Key: com.catan.model.RoundedPoint2D@263280, Value: [Vertex(1, 1, 0)]
Key: com.catan.model.RoundedPoint2D@1bf031, Value: [Vertex(0, -1, 5), Vertex(0, 0, 3)]
Key: com.catan.model.RoundedPoint2D@1bd0f1, Value: [Vertex(0, -1, 4)]
Key: com.catan.model.RoundedPoint2D@1c2eb1, Value: [Vertex(0, 0, 0)]
Key: com.catan.model.RoundedPoint2D@22dbd1, Value: [Vertex(1, 1, 5)]
Key: com.catan.model.RoundedPoint2D@22bc91, Value: [Vertex(1, 1, 4)]
Key: com.catan.model.RoundedPoint2D@225ed1, Value: [Vertex(0, -1, 2)]
Key: com.catan.model.RoundedPoint2D@227e11, Value: [Vertex(0, -1, 1)]
Key: com.catan.model.RoundedPoint2D@11ec62, Value: [Vertex(-1, -2, 5)]
Key: com.catan.model.RoundedPoint2D@11cd22, Value: [Vertex(-1, -2, 4)]
Key: com.catan.model.RoundedPoint2D@294a90, Value: [Vertex(1, 1, 2)]
Key: com.catan.model.RoundedPoint2D@2969d0, Value: [Vertex(1, 1, 1)]
Key: com.catan.model.RoundedPoint2D@18d821, Value: [Vertex(0, 0, 5)]
Key: com.catan.model.RoundedPoint2D@18b8e1, Value: [Vertex(0, 0, 4)]
Key: com.catan.model.RoundedPoint2D@185b21, Value: [Vertex(-1, -2, 2)]
Key: com.catan.model.RoundedPoint2D@187a61, Value: [Vertex(-1, -2, 1)]
Key: com.catan.model.RoundedPoint2D@1f6601, Value: [Vertex(0, 0, 1)]
Key: com.catan.model.RoundedPoint2D@1f0841, Value: [Vertex(0, -1, 3)]
Key: com.catan.model.RoundedPoint2D@1f46c1, Value: [Vertex(0, -1, 0), Vertex(0, 0, 2)]
Key: com.catan.model.RoundedPoint2D@150491, Value: [Vertex(-1, -2, 3)]
Key: com.catan.model.RoundedPoint2D@154311, Value: [Vertex(-1, -2, 0)]
Key: com.catan.model.RoundedPoint2D@25f400, Value: [Vertex(1, 1, 3)]
Key: com.catan.model.RoundedPoint2D@263280, Value: [Vertex(1, 1, 0)]
Key: com.catan.model.RoundedPoint2D@1bf031, Value: [Vertex(0, -1, 5), Vertex(0, 0, 3)]
Key: com.catan.model.RoundedPoint2D@1bd0f1, Value: [Vertex(0, -1, 4), Vertex(0, -2, 0)]
Key: com.catan.model.RoundedPoint2D@1c2eb1, Value: [Vertex(0, 0, 0)]
Key: com.catan.model.RoundedPoint2D@22dbd1, Value: [Vertex(1, 1, 5)]
Key: com.catan.model.RoundedPoint2D@22bc91, Value: [Vertex(1, 1, 4)]
Key: com.catan.model.RoundedPoint2D@225ed1, Value: [Vertex(0, -1, 2)]
Key: com.catan.model.RoundedPoint2D@227e11, Value: [Vertex(0, -1, 1)]
Key: com.catan.model.RoundedPoint2D@11ec62, Value: [Vertex(-1, -2, 5)]
Key: com.catan.model.RoundedPoint2D@11cd22, Value: [Vertex(-1, -2, 4)]
Key: com.catan.model.RoundedPoint2D@294a90, Value: [Vertex(1, 1, 2)]
Key: com.catan.model.RoundedPoint2D@2969d0, Value: [Vertex(1, 1, 1)]
Key: com.catan.model.RoundedPoint2D@18d821, Value: [Vertex(0, 0, 5)]
Key: com.catan.model.RoundedPoint2D@18b8e1, Value: [Vertex(0, 0, 4)]
Key: com.catan.model.RoundedPoint2D@185b21, Value: [Vertex(-1, -2, 2)]
Key: com.catan.model.RoundedPoint2D@187a61, Value: [Vertex(-1, -2, 1)]
Key: com.catan.model.RoundedPoint2D@1f6601, Value: [Vertex(0, 0, 1)]
Key: com.catan.model.RoundedPoint2D@1f0841, Value: [Vertex(0, -1, 3)]
Key: com.catan.model.RoundedPoint2D@1f46c1, Value: [Vertex(0, -1, 0), Vertex(0, 0, 2)]
Key: com.catan.model.RoundedPoint2D@150491, Value: [Vertex(-1, -2, 3)]
Key: com.catan.model.RoundedPoint2D@154311, Value: [Vertex(-1, -2, 0)]
Key: com.catan.model.RoundedPoint2D@25f400, Value: [Vertex(1, 1, 3)]
Key: com.catan.model.RoundedPoint2D@263280, Value: [Vertex(1, 1, 0)]
Key: com.catan.model.RoundedPoint2D@1bf031, Value: [Vertex(0, -1, 5), Vertex(0, 0, 3)]
Key: com.catan.model.RoundedPoint2D@1bd0f1, Value: [Vertex(0, -1, 4), Vertex(0, -2, 0)]
Key: com.catan.model.RoundedPoint2D@1c2eb1, Value: [Vertex(0, 0, 0)]
Key: com.catan.model.RoundedPoint2D@22dbd1, Value: [Vertex(1, 1, 5)]
Key: com.catan.model.RoundedPoint2D@22bc91, Value: [Vertex(1, 1, 4)]
Key: com.catan.model.RoundedPoint2D@225ed1, Value: [Vertex(0, -1, 2)]
Key: com.catan.model.RoundedPoint2D@227e11, Value: [Vertex(0, -1, 1)]
Key: com.catan.model.RoundedPoint2D@11ec62, Value: [Vertex(-1, -2, 5)]
Key: com.catan.model.RoundedPoint2D@11cd22, Value: [Vertex(-1, -2, 4)]
Key: com.catan.model.RoundedPoint2D@294a90, Value: [Vertex(1, 1, 2)]
Key: com.catan.model.RoundedPoint2D@2969d0, Value: [Vertex(1, 1, 1)]
Key: com.catan.model.RoundedPoint2D@18d821, Value: [Vertex(0, 0, 5)]
Key: com.catan.model.RoundedPoint2D@18b8e1, Value: [Vertex(0, 0, 4)]
Key: com.catan.model.RoundedPoint2D@185b21, Value: [Vertex(-1, -2, 2)]
Key: com.catan.model.RoundedPoint2D@187a61, Value: [Vertex(-1, -2, 1)]
Key: com.catan.model.RoundedPoint2D@1f6601, Value: [Vertex(0, 0, 1)]
Key: com.catan.model.RoundedPoint2D@1f0841, Value: [Vertex(0, -1, 3), Vertex(0, -2, 1)]
Key: com.catan.model.RoundedPoint2D@1f46c1, Value: [Vertex(0, -1, 0), Vertex(0, 0, 2)]
Key: com.catan.model.RoundedPoint2D@150491, Value: [Vertex(-1, -2, 3)]
Key: com.catan.model.RoundedPoint2D@154311, Value: [Vertex(-1, -2, 0)]
Key: com.catan.model.RoundedPoint2D@25f400, Value: [Vertex(1, 1, 3)]
Key: com.catan.model.RoundedPoint2D@263280, Value: [Vertex(1, 1, 0)]
Key: com.catan.model.RoundedPoint2D@1bf031, Value: [Vertex(0, -1, 5), Vertex(0, 0, 3)]
Key: com.catan.model.RoundedPoint2D@1bd0f1, Value: [Vertex(0, -1, 4), Vertex(0, -2, 0)]
Key: com.catan.model.RoundedPoint2D@1c2eb1, Value: [Vertex(0, 0, 0)]
Key: com.catan.model.RoundedPoint2D@22dbd1, Value: [Vertex(1, 1, 5)]
Key: com.catan.model.RoundedPoint2D@22bc91, Value: [Vertex(1, 1, 4)]
Key: com.catan.model.RoundedPoint2D@225ed1, Value: [Vertex(0, -1, 2)]
Key: com.catan.model.RoundedPoint2D@227e11, Value: [Vertex(0, -1, 1)]
Key: com.catan.model.RoundedPoint2D@11ec62, Value: [Vertex(-1, -2, 5)]
Key: com.catan.model.RoundedPoint2D@11cd22, Value: [Vertex(-1, -2, 4)]
Key: com.catan.model.RoundedPoint2D@294a90, Value: [Vertex(1, 1, 2)]
Key: com.catan.model.RoundedPoint2D@2969d0, Value: [Vertex(1, 1, 1)]
Key: com.catan.model.RoundedPoint2D@18d821, Value: [Vertex(0, 0, 5)]
Key: com.catan.model.RoundedPoint2D@18b8e1, Value: [Vertex(0, 0, 4)]
Key: com.catan.model.RoundedPoint2D@185b21, Value: [Vertex(-1, -2, 2)]
Key: com.catan.model.RoundedPoint2D@187a61, Value: [Vertex(-1, -2, 1)]
Key: com.catan.model.RoundedPoint2D@1f6601, Value: [Vertex(0, 0, 1)]
Key: com.catan.model.RoundedPoint2D@1f0841, Value: [Vertex(0, -1, 3), Vertex(0, -2, 1)]
Key: com.catan.model.RoundedPoint2D@1f46c1, Value: [Vertex(0, -1, 0), Vertex(0, 0, 2)]
Key: com.catan.model.RoundedPoint2D@1ee901, Value: [Vertex(0, -2, 2)]
Key: com.catan.model.RoundedPoint2D@150491, Value: [Vertex(-1, -2, 3)]
Key: com.catan.model.RoundedPoint2D@154311, Value: [Vertex(-1, -2, 0)]
Key: com.catan.model.RoundedPoint2D@25f400, Value: [Vertex(1, 1, 3)]
Key: com.catan.model.RoundedPoint2D@263280, Value: [Vertex(1, 1, 0)]
Key: com.catan.model.RoundedPoint2D@1b9271, Value: [Vertex(0, -2, 3)]
Key: com.catan.model.RoundedPoint2D@1bf031, Value: [Vertex(0, -1, 5), Vertex(0, 0, 3)]
Key: com.catan.model.RoundedPoint2D@1bd0f1, Value: [Vertex(0, -1, 4), Vertex(0, -2, 0)]
Key: com.catan.model.RoundedPoint2D@1c2eb1, Value: [Vertex(0, 0, 0)]
Key: com.catan.model.RoundedPoint2D@22dbd1, Value: [Vertex(1, 1, 5)]
Key: com.catan.model.RoundedPoint2D@22bc91, Value: [Vertex(1, 1, 4)]
Key: com.catan.model.RoundedPoint2D@225ed1, Value: [Vertex(0, -1, 2)]
Key: com.catan.model.RoundedPoint2D@227e11, Value: [Vertex(0, -1, 1)]
Key: com.catan.model.RoundedPoint2D@11ec62, Value: [Vertex(-1, -2, 5)]
Key: com.catan.model.RoundedPoint2D@11cd22, Value: [Vertex(-1, -2, 4)]
Key: com.catan.model.RoundedPoint2D@294a90, Value: [Vertex(1, 1, 2)]
Key: com.catan.model.RoundedPoint2D@2969d0, Value: [Vertex(1, 1, 1)]
Key: com.catan.model.RoundedPoint2D@18d821, Value: [Vertex(0, 0, 5)]
Key: com.catan.model.RoundedPoint2D@18b8e1, Value: [Vertex(0, 0, 4)]
Key: com.catan.model.RoundedPoint2D@185b21, Value: [Vertex(-1, -2, 2)]
Key: com.catan.model.RoundedPoint2D@187a61, Value: [Vertex(-1, -2, 1)]
Key: com.catan.model.RoundedPoint2D@1f6601, Value: [Vertex(0, 0, 1)]
Key: com.catan.model.RoundedPoint2D@1f0841, Value: [Vertex(0, -1, 3), Vertex(0, -2, 1)]
Key: com.catan.model.RoundedPoint2D@1f46c1, Value: [Vertex(0, -1, 0), Vertex(0, 0, 2)]
Key: com.catan.model.RoundedPoint2D@1ee901, Value: [Vertex(0, -2, 2)]
Key: com.catan.model.RoundedPoint2D@150491, Value: [Vertex(-1, -2, 3)]
Key: com.catan.model.RoundedPoint2D@154311, Value: [Vertex(-1, -2, 0)]
Key: com.catan.model.RoundedPoint2D@25f400, Value: [Vertex(1, 1, 3)]
Key: com.catan.model.RoundedPoint2D@263280, Value: [Vertex(1, 1, 0)]
Key: com.catan.model.RoundedPoint2D@1b9271, Value: [Vertex(0, -2, 3)]
Key: com.catan.model.RoundedPoint2D@1bf031, Value: [Vertex(0, -1, 5), Vertex(0, 0, 3)]
Key: com.catan.model.RoundedPoint2D@1bd0f1, Value: [Vertex(0, -1, 4), Vertex(0, -2, 0)]
Key: com.catan.model.RoundedPoint2D@1c2eb1, Value: [Vertex(0, 0, 0)]
Key: com.catan.model.RoundedPoint2D@22dbd1, Value: [Vertex(1, 1, 5)]
Key: com.catan.model.RoundedPoint2D@22bc91, Value: [Vertex(1, 1, 4)]
Key: com.catan.model.RoundedPoint2D@225ed1, Value: [Vertex(0, -1, 2)]
Key: com.catan.model.RoundedPoint2D@227e11, Value: [Vertex(0, -1, 1)]
Key: com.catan.model.RoundedPoint2D@11ec62, Value: [Vertex(-1, -2, 5)]
Key: com.catan.model.RoundedPoint2D@11cd22, Value: [Vertex(-1, -2, 4)]
Key: com.catan.model.RoundedPoint2D@294a90, Value: [Vertex(1, 1, 2)]
Key: com.catan.model.RoundedPoint2D@2969d0, Value: [Vertex(1, 1, 1)]
Key: com.catan.model.RoundedPoint2D@18d821, Value: [Vertex(0, 0, 5)]
Key: com.catan.model.RoundedPoint2D@18b8e1, Value: [Vertex(0, 0, 4)]
Key: com.catan.model.RoundedPoint2D@185b21, Value: [Vertex(-1, -2, 2), Vertex(0, -2, 4)]
Key: com.catan.model.RoundedPoint2D@187a61, Value: [Vertex(-1, -2, 1)]
Key: com.catan.model.RoundedPoint2D@1f6601, Value: [Vertex(0, 0, 1)]
Key: com.catan.model.RoundedPoint2D@1f0841, Value: [Vertex(0, -1, 3), Vertex(0, -2, 1)]
Key: com.catan.model.RoundedPoint2D@1f46c1, Value: [Vertex(0, -1, 0), Vertex(0, 0, 2)]
Key: com.catan.model.RoundedPoint2D@1ee901, Value: [Vertex(0, -2, 2)]
Key: com.catan.model.RoundedPoint2D@150491, Value: [Vertex(-1, -2, 3)]
Key: com.catan.model.RoundedPoint2D@154311, Value: [Vertex(-1, -2, 0)]
Key: com.catan.model.RoundedPoint2D@25f400, Value: [Vertex(1, 1, 3)]
Key: com.catan.model.RoundedPoint2D@263280, Value: [Vertex(1, 1, 0)]
Key: com.catan.model.RoundedPoint2D@1b9271, Value: [Vertex(0, -2, 3)]
Key: com.catan.model.RoundedPoint2D@1bf031, Value: [Vertex(0, -1, 5), Vertex(0, 0, 3)]
Key: com.catan.model.RoundedPoint2D@1bd0f1, Value: [Vertex(0, -1, 4), Vertex(0, -2, 0)]
Key: com.catan.model.RoundedPoint2D@1c2eb1, Value: [Vertex(0, 0, 0)]
Key: com.catan.model.RoundedPoint2D@22dbd1, Value: [Vertex(1, 1, 5)]
Key: com.catan.model.RoundedPoint2D@22bc91, Value: [Vertex(1, 1, 4)]
Key: com.catan.model.RoundedPoint2D@225ed1, Value: [Vertex(0, -1, 2)]
Key: com.catan.model.RoundedPoint2D@227e11, Value: [Vertex(0, -1, 1)]
Key: com.catan.model.RoundedPoint2D@11ec62, Value: [Vertex(-1, -2, 5)]
Key: com.catan.model.RoundedPoint2D@11cd22, Value: [Vertex(-1, -2, 4)]
Key: com.catan.model.RoundedPoint2D@294a90, Value: [Vertex(1, 1, 2)]
Key: com.catan.model.RoundedPoint2D@2969d0, Value: [Vertex(1, 1, 1)]
Key: com.catan.model.RoundedPoint2D@18d821, Value: [Vertex(0, 0, 5)]
Key: com.catan.model.RoundedPoint2D@18b8e1, Value: [Vertex(0, 0, 4)]
Key: com.catan.model.RoundedPoint2D@185b21, Value: [Vertex(-1, -2, 2), Vertex(0, -2, 4)]
Key: com.catan.model.RoundedPoint2D@187a61, Value: [Vertex(-1, -2, 1), Vertex(0, -2, 5)]
Key: com.catan.model.RoundedPoint2D@1f6601, Value: [Vertex(0, 0, 1)]
Key: com.catan.model.RoundedPoint2D@1f0841, Value: [Vertex(0, -1, 3), Vertex(0, -2, 1)]
Key: com.catan.model.RoundedPoint2D@1f46c1, Value: [Vertex(0, -1, 0), Vertex(0, 0, 2)]
Key: com.catan.model.RoundedPoint2D@1ee901, Value: [Vertex(0, -2, 2)]
Key: com.catan.model.RoundedPoint2D@150491, Value: [Vertex(-1, -2, 3)]
Key: com.catan.model.RoundedPoint2D@154311, Value: [Vertex(-1, -2, 0)]
Key: com.catan.model.RoundedPoint2D@25f400, Value: [Vertex(1, 1, 3)]
Key: com.catan.model.RoundedPoint2D@263280, Value: [Vertex(1, 1, 0)]
Key: com.catan.model.RoundedPoint2D@1b9271, Value: [Vertex(0, -2, 3)]
Key: com.catan.model.RoundedPoint2D@1bf031, Value: [Vertex(0, -1, 5), Vertex(0, 0, 3)]
Key: com.catan.model.RoundedPoint2D@1bd0f1, Value: [Vertex(0, -1, 4), Vertex(0, -2, 0)]
Key: com.catan.model.RoundedPoint2D@1c2eb1, Value: [Vertex(0, 0, 0)]
Key: com.catan.model.RoundedPoint2D@22dbd1, Value: [Vertex(1, 1, 5)]
Key: com.catan.model.RoundedPoint2D@22bc91, Value: [Vertex(1, 1, 4)]
Key: com.catan.model.RoundedPoint2D@225ed1, Value: [Vertex(0, -1, 2)]
Key: com.catan.model.RoundedPoint2D@227e11, Value: [Vertex(0, -1, 1)]
Key: com.catan.model.RoundedPoint2D@11ec62, Value: [Vertex(-1, -2, 5)]
Key: com.catan.model.RoundedPoint2D@11cd22, Value: [Vertex(-1, -2, 4)]
Key: com.catan.model.RoundedPoint2D@294a90, Value: [Vertex(1, 1, 2)]
Key: com.catan.model.RoundedPoint2D@2969d0, Value: [Vertex(1, 1, 1)]
Key: com.catan.model.RoundedPoint2D@18d821, Value: [Vertex(0, 0, 5)]
Key: com.catan.model.RoundedPoint2D@18b8e1, Value: [Vertex(0, 0, 4)]
Key: com.catan.model.RoundedPoint2D@185b21, Value: [Vertex(-1, -2, 2), Vertex(0, -2, 4)]
Key: com.catan.model.RoundedPoint2D@187a61, Value: [Vertex(-1, -2, 1), Vertex(0, -2, 5)]
Key: com.catan.model.RoundedPoint2D@1fa481, Value: [Vertex(0, 1, 0)]
Key: com.catan.model.RoundedPoint2D@1f6601, Value: [Vertex(0, 0, 1)]
Key: com.catan.model.RoundedPoint2D@1f0841, Value: [Vertex(0, -1, 3), Vertex(0, -2, 1)]
Key: com.catan.model.RoundedPoint2D@1f46c1, Value: [Vertex(0, -1, 0), Vertex(0, 0, 2)]
Key: com.catan.model.RoundedPoint2D@1ee901, Value: [Vertex(0, -2, 2)]
Key: com.catan.model.RoundedPoint2D@150491, Value: [Vertex(-1, -2, 3)]
Key: com.catan.model.RoundedPoint2D@154311, Value: [Vertex(-1, -2, 0)]
Key: com.catan.model.RoundedPoint2D@1fa481, Value: [Vertex(0, 1, 0)]
Key: com.catan.model.RoundedPoint2D@1f6601, Value: [Vertex(0, 0, 1)]
Key: com.catan.model.RoundedPoint2D@1f0841, Value: [Vertex(0, -1, 3), Vertex(0, -2, 1)]
Key: com.catan.model.RoundedPoint2D@1f46c1, Value: [Vertex(0, -1, 0), Vertex(0, 0, 2)]
Key: com.catan.model.RoundedPoint2D@1ee901, Value: [Vertex(0, -2, 2)]
Key: com.catan.model.RoundedPoint2D@25f400, Value: [Vertex(1, 1, 3)]
Key: com.catan.model.RoundedPoint2D@263280, Value: [Vertex(1, 1, 0)]
Key: com.catan.model.RoundedPoint2D@1b9271, Value: [Vertex(0, -2, 3)]
Key: com.catan.model.RoundedPoint2D@1bf031, Value: [Vertex(0, -1, 5), Vertex(0, 0, 3)]
Key: com.catan.model.RoundedPoint2D@1bd0f1, Value: [Vertex(0, -1, 4), Vertex(0, -2, 0)]
Key: com.catan.model.RoundedPoint2D@1c2eb1, Value: [Vertex(0, 0, 0)]
Key: com.catan.model.RoundedPoint2D@22dbd1, Value: [Vertex(1, 1, 5), Vertex(0, 1, 1)]
Key: com.catan.model.RoundedPoint2D@22bc91, Value: [Vertex(1, 1, 4)]
Key: com.catan.model.RoundedPoint2D@225ed1, Value: [Vertex(0, -1, 2)]
Key: com.catan.model.RoundedPoint2D@227e11, Value: [Vertex(0, -1, 1)]
Key: com.catan.model.RoundedPoint2D@11ec62, Value: [Vertex(-1, -2, 5)]
Key: com.catan.model.RoundedPoint2D@11cd22, Value: [Vertex(-1, -2, 4)]
Key: com.catan.model.RoundedPoint2D@294a90, Value: [Vertex(1, 1, 2)]
Key: com.catan.model.RoundedPoint2D@2969d0, Value: [Vertex(1, 1, 1)]
Key: com.catan.model.RoundedPoint2D@18d821, Value: [Vertex(0, 0, 5)]
Key: com.catan.model.RoundedPoint2D@18b8e1, Value: [Vertex(0, 0, 4)]
Key: com.catan.model.RoundedPoint2D@185b21, Value: [Vertex(-1, -2, 2), Vertex(0, -2, 4)]
Key: com.catan.model.RoundedPoint2D@187a61, Value: [Vertex(-1, -2, 1), Vertex(0, -2, 5)]
Key: com.catan.model.RoundedPoint2D@150491, Value: [Vertex(-1, -2, 3)]
Key: com.catan.model.RoundedPoint2D@154311, Value: [Vertex(-1, -2, 0)]
Key: com.catan.model.RoundedPoint2D@1fa481, Value: [Vertex(0, 1, 0)]
Key: com.catan.model.RoundedPoint2D@1f6601, Value: [Vertex(0, 0, 1)]
Key: com.catan.model.RoundedPoint2D@1f0841, Value: [Vertex(0, -1, 3), Vertex(0, -2, 1)]
Key: com.catan.model.RoundedPoint2D@1f46c1, Value: [Vertex(0, -1, 0), Vertex(0, 0, 2)]
Key: com.catan.model.RoundedPoint2D@1ee901, Value: [Vertex(0, -2, 2)]
Key: com.catan.model.RoundedPoint2D@25f400, Value: [Vertex(1, 1, 3)]
Key: com.catan.model.RoundedPoint2D@263280, Value: [Vertex(1, 1, 0)]
Key: com.catan.model.RoundedPoint2D@1b9271, Value: [Vertex(0, -2, 3)]
Key: com.catan.model.RoundedPoint2D@1bf031, Value: [Vertex(0, -1, 5), Vertex(0, 0, 3)]
Key: com.catan.model.RoundedPoint2D@1bd0f1, Value: [Vertex(0, -1, 4), Vertex(0, -2, 0)]
Key: com.catan.model.RoundedPoint2D@1c2eb1, Value: [Vertex(0, 0, 0)]
Key: com.catan.model.RoundedPoint2D@22dbd1, Value: [Vertex(1, 1, 5), Vertex(0, 1, 1)]
Key: com.catan.model.RoundedPoint2D@22bc91, Value: [Vertex(1, 1, 4), Vertex(0, 1, 2)]
Key: com.catan.model.RoundedPoint2D@225ed1, Value: [Vertex(0, -1, 2)]
Key: com.catan.model.RoundedPoint2D@227e11, Value: [Vertex(0, -1, 1)]
Key: com.catan.model.RoundedPoint2D@11ec62, Value: [Vertex(-1, -2, 5)]
Key: com.catan.model.RoundedPoint2D@11cd22, Value: [Vertex(-1, -2, 4)]
Key: com.catan.model.RoundedPoint2D@294a90, Value: [Vertex(1, 1, 2)]
Key: com.catan.model.RoundedPoint2D@2969d0, Value: [Vertex(1, 1, 1)]
Key: com.catan.model.RoundedPoint2D@18d821, Value: [Vertex(0, 0, 5)]
Key: com.catan.model.RoundedPoint2D@18b8e1, Value: [Vertex(0, 0, 4)]
Key: com.catan.model.RoundedPoint2D@185b21, Value: [Vertex(-1, -2, 2), Vertex(0, -2, 4)]
Key: com.catan.model.RoundedPoint2D@187a61, Value: [Vertex(-1, -2, 1), Vertex(0, -2, 5)]
Key: com.catan.model.RoundedPoint2D@150491, Value: [Vertex(-1, -2, 3)]
Key: com.catan.model.RoundedPoint2D@154311, Value: [Vertex(-1, -2, 0)]
Key: com.catan.model.RoundedPoint2D@1fa481, Value: [Vertex(0, 1, 0)]
Key: com.catan.model.RoundedPoint2D@1f6601, Value: [Vertex(0, 0, 1), Vertex(0, 1, 3)]
Key: com.catan.model.RoundedPoint2D@1f0841, Value: [Vertex(0, -1, 3), Vertex(0, -2, 1)]
Key: com.catan.model.RoundedPoint2D@1f46c1, Value: [Vertex(0, -1, 0), Vertex(0, 0, 2)]
Key: com.catan.model.RoundedPoint2D@1ee901, Value: [Vertex(0, -2, 2)]
Key: com.catan.model.RoundedPoint2D@25f400, Value: [Vertex(1, 1, 3)]
Key: com.catan.model.RoundedPoint2D@263280, Value: [Vertex(1, 1, 0)]
Key: com.catan.model.RoundedPoint2D@1b9271, Value: [Vertex(0, -2, 3)]
Key: com.catan.model.RoundedPoint2D@1bf031, Value: [Vertex(0, -1, 5), Vertex(0, 0, 3)]
Key: com.catan.model.RoundedPoint2D@1bd0f1, Value: [Vertex(0, -1, 4), Vertex(0, -2, 0)]
Key: com.catan.model.RoundedPoint2D@1c2eb1, Value: [Vertex(0, 0, 0)]
Key: com.catan.model.RoundedPoint2D@22dbd1, Value: [Vertex(1, 1, 5), Vertex(0, 1, 1)]
Key: com.catan.model.RoundedPoint2D@22bc91, Value: [Vertex(1, 1, 4), Vertex(0, 1, 2)]
Key: com.catan.model.RoundedPoint2D@225ed1, Value: [Vertex(0, -1, 2)]
Key: com.catan.model.RoundedPoint2D@227e11, Value: [Vertex(0, -1, 1)]
Key: com.catan.model.RoundedPoint2D@11ec62, Value: [Vertex(-1, -2, 5)]
Key: com.catan.model.RoundedPoint2D@11cd22, Value: [Vertex(-1, -2, 4)]
Key: com.catan.model.RoundedPoint2D@294a90, Value: [Vertex(1, 1, 2)]
Key: com.catan.model.RoundedPoint2D@2969d0, Value: [Vertex(1, 1, 1)]
Key: com.catan.model.RoundedPoint2D@18d821, Value: [Vertex(0, 0, 5)]
Key: com.catan.model.RoundedPoint2D@18b8e1, Value: [Vertex(0, 0, 4)]
Key: com.catan.model.RoundedPoint2D@185b21, Value: [Vertex(-1, -2, 2), Vertex(0, -2, 4)]
Key: com.catan.model.RoundedPoint2D@187a61, Value: [Vertex(-1, -2, 1), Vertex(0, -2, 5)]
Key: com.catan.model.RoundedPoint2D@150491, Value: [Vertex(-1, -2, 3)]
Key: com.catan.model.RoundedPoint2D@154311, Value: [Vertex(-1, -2, 0)]
Key: com.catan.model.RoundedPoint2D@1fa481, Value: [Vertex(0, 1, 0)]
Key: com.catan.model.RoundedPoint2D@1f6601, Value: [Vertex(0, 0, 1), Vertex(0, 1, 3)]
Key: com.catan.model.RoundedPoint2D@1f0841, Value: [Vertex(0, -1, 3), Vertex(0, -2, 1)]
Key: com.catan.model.RoundedPoint2D@1f46c1, Value: [Vertex(0, -1, 0), Vertex(0, 0, 2)]
Key: com.catan.model.RoundedPoint2D@1ee901, Value: [Vertex(0, -2, 2)]
Key: com.catan.model.RoundedPoint2D@25f400, Value: [Vertex(1, 1, 3)]
Key: com.catan.model.RoundedPoint2D@263280, Value: [Vertex(1, 1, 0)]
Key: com.catan.model.RoundedPoint2D@1b9271, Value: [Vertex(0, -2, 3)]
Key: com.catan.model.RoundedPoint2D@1bf031, Value: [Vertex(0, -1, 5), Vertex(0, 0, 3)]
Key: com.catan.model.RoundedPoint2D@1bd0f1, Value: [Vertex(0, -1, 4), Vertex(0, -2, 0)]
Key: com.catan.model.RoundedPoint2D@1c2eb1, Value: [Vertex(0, 0, 0), Vertex(0, 1, 4)]
Key: com.catan.model.RoundedPoint2D@22dbd1, Value: [Vertex(1, 1, 5), Vertex(0, 1, 1)]
Key: com.catan.model.RoundedPoint2D@22bc91, Value: [Vertex(1, 1, 4), Vertex(0, 1, 2)]
Key: com.catan.model.RoundedPoint2D@225ed1, Value: [Vertex(0, -1, 2)]
Key: com.catan.model.RoundedPoint2D@227e11, Value: [Vertex(0, -1, 1)]
Key: com.catan.model.RoundedPoint2D@11ec62, Value: [Vertex(-1, -2, 5)]
Key: com.catan.model.RoundedPoint2D@11cd22, Value: [Vertex(-1, -2, 4)]
Key: com.catan.model.RoundedPoint2D@294a90, Value: [Vertex(1, 1, 2)]
Key: com.catan.model.RoundedPoint2D@2969d0, Value: [Vertex(1, 1, 1)]
Key: com.catan.model.RoundedPoint2D@18d821, Value: [Vertex(0, 0, 5)]
Key: com.catan.model.RoundedPoint2D@18b8e1, Value: [Vertex(0, 0, 4)]
Key: com.catan.model.RoundedPoint2D@185b21, Value: [Vertex(-1, -2, 2), Vertex(0, -2, 4)]
Key: com.catan.model.RoundedPoint2D@187a61, Value: [Vertex(-1, -2, 1), Vertex(0, -2, 5)]
Key: com.catan.model.RoundedPoint2D@150491, Value: [Vertex(-1, -2, 3)]
Key: com.catan.model.RoundedPoint2D@154311, Value: [Vertex(-1, -2, 0)]
Key: com.catan.model.RoundedPoint2D@1fa481, Value: [Vertex(0, 1, 0)]
Key: com.catan.model.RoundedPoint2D@1f6601, Value: [Vertex(0, 0, 1), Vertex(0, 1, 3)]
Key: com.catan.model.RoundedPoint2D@1f0841, Value: [Vertex(0, -1, 3), Vertex(0, -2, 1)]
Key: com.catan.model.RoundedPoint2D@1f46c1, Value: [Vertex(0, -1, 0), Vertex(0, 0, 2)]
Key: com.catan.model.RoundedPoint2D@1ee901, Value: [Vertex(0, -2, 2)]
Key: com.catan.model.RoundedPoint2D@25f400, Value: [Vertex(1, 1, 3)]
Key: com.catan.model.RoundedPoint2D@263280, Value: [Vertex(1, 1, 0)]
Key: com.catan.model.RoundedPoint2D@1b9271, Value: [Vertex(0, -2, 3)]
Key: com.catan.model.RoundedPoint2D@1bf031, Value: [Vertex(0, -1, 5), Vertex(0, 0, 3)]
Key: com.catan.model.RoundedPoint2D@1bd0f1, Value: [Vertex(0, -1, 4), Vertex(0, -2, 0)]
Key: com.catan.model.RoundedPoint2D@1c4df1, Value: [Vertex(0, 1, 5)]
Key: com.catan.model.RoundedPoint2D@1c2eb1, Value: [Vertex(0, 0, 0), Vertex(0, 1, 4)]
Key: com.catan.model.RoundedPoint2D@22dbd1, Value: [Vertex(1, 1, 5), Vertex(0, 1, 1)]
Key: com.catan.model.RoundedPoint2D@22bc91, Value: [Vertex(1, 1, 4), Vertex(0, 1, 2)]
Key: com.catan.model.RoundedPoint2D@225ed1, Value: [Vertex(0, -1, 2)]
Key: com.catan.model.RoundedPoint2D@227e11, Value: [Vertex(0, -1, 1)]
Key: com.catan.model.RoundedPoint2D@11ec62, Value: [Vertex(-1, -2, 5)]
Key: com.catan.model.RoundedPoint2D@11cd22, Value: [Vertex(-1, -2, 4)]
Key: com.catan.model.RoundedPoint2D@294a90, Value: [Vertex(1, 1, 2)]
Key: com.catan.model.RoundedPoint2D@2969d0, Value: [Vertex(1, 1, 1)]
Key: com.catan.model.RoundedPoint2D@18d821, Value: [Vertex(0, 0, 5)]
Key: com.catan.model.RoundedPoint2D@18b8e1, Value: [Vertex(0, 0, 4)]
Key: com.catan.model.RoundedPoint2D@185b21, Value: [Vertex(-1, -2, 2), Vertex(0, -2, 4)]
Key: com.catan.model.RoundedPoint2D@187a61, Value: [Vertex(-1, -2, 1), Vertex(0, -2, 5)]
Key: com.catan.model.RoundedPoint2D@150491, Value: [Vertex(-1, -2, 3)]
Key: com.catan.model.RoundedPoint2D@154311, Value: [Vertex(-1, -2, 0)]
Key: com.catan.model.RoundedPoint2D@1fa481, Value: [Vertex(0, 1, 0)]
Key: com.catan.model.RoundedPoint2D@1f6601, Value: [Vertex(0, 0, 1), Vertex(0, 1, 3)]
Key: com.catan.model.RoundedPoint2D@1f0841, Value: [Vertex(0, -1, 3), Vertex(0, -2, 1)]
Key: com.catan.model.RoundedPoint2D@1f46c1, Value: [Vertex(0, -1, 0), Vertex(0, 0, 2)]
Key: com.catan.model.RoundedPoint2D@1ee901, Value: [Vertex(0, -2, 2)]
Key: com.catan.model.RoundedPoint2D@25f400, Value: [Vertex(1, 1, 3)]
Key: com.catan.model.RoundedPoint2D@263280, Value: [Vertex(1, 1, 0)]
Key: com.catan.model.RoundedPoint2D@1b9271, Value: [Vertex(0, -2, 3)]
Key: com.catan.model.RoundedPoint2D@1bf031, Value: [Vertex(0, -1, 5), Vertex(0, 0, 3)]
Key: com.catan.model.RoundedPoint2D@1bd0f1, Value: [Vertex(0, -1, 4), Vertex(0, -2, 0)]
Key: com.catan.model.RoundedPoint2D@1c4df1, Value: [Vertex(0, 1, 5)]
Key: com.catan.model.RoundedPoint2D@1c2eb1, Value: [Vertex(0, 0, 0), Vertex(0, 1, 4)]
Key: com.catan.model.RoundedPoint2D@231a51, Value: [Vertex(1, 2, 0)]
Key: com.catan.model.RoundedPoint2D@22dbd1, Value: [Vertex(1, 1, 5), Vertex(0, 1, 1)]
Key: com.catan.model.RoundedPoint2D@22bc91, Value: [Vertex(1, 1, 4), Vertex(0, 1, 2)]
Key: com.catan.model.RoundedPoint2D@225ed1, Value: [Vertex(0, -1, 2)]
Key: com.catan.model.RoundedPoint2D@227e11, Value: [Vertex(0, -1, 1)]
Key: com.catan.model.RoundedPoint2D@11ec62, Value: [Vertex(-1, -2, 5)]
Key: com.catan.model.RoundedPoint2D@11cd22, Value: [Vertex(-1, -2, 4)]
Key: com.catan.model.RoundedPoint2D@294a90, Value: [Vertex(1, 1, 2)]
Key: com.catan.model.RoundedPoint2D@2969d0, Value: [Vertex(1, 1, 1)]
Key: com.catan.model.RoundedPoint2D@18d821, Value: [Vertex(0, 0, 5)]
Key: com.catan.model.RoundedPoint2D@18b8e1, Value: [Vertex(0, 0, 4)]
Key: com.catan.model.RoundedPoint2D@185b21, Value: [Vertex(-1, -2, 2), Vertex(0, -2, 4)]
Key: com.catan.model.RoundedPoint2D@187a61, Value: [Vertex(-1, -2, 1), Vertex(0, -2, 5)]
Key: com.catan.model.RoundedPoint2D@150491, Value: [Vertex(-1, -2, 3)]
Key: com.catan.model.RoundedPoint2D@154311, Value: [Vertex(-1, -2, 0)]
Key: com.catan.model.RoundedPoint2D@1fa481, Value: [Vertex(0, 1, 0)]
Key: com.catan.model.RoundedPoint2D@1f6601, Value: [Vertex(0, 0, 1), Vertex(0, 1, 3)]
Key: com.catan.model.RoundedPoint2D@1f0841, Value: [Vertex(0, -1, 3), Vertex(0, -2, 1)]
Key: com.catan.model.RoundedPoint2D@1f46c1, Value: [Vertex(0, -1, 0), Vertex(0, 0, 2)]
Key: com.catan.model.RoundedPoint2D@1ee901, Value: [Vertex(0, -2, 2)]
Key: com.catan.model.RoundedPoint2D@25f400, Value: [Vertex(1, 1, 3)]
Key: com.catan.model.RoundedPoint2D@2651c0, Value: [Vertex(1, 2, 1)]
Key: com.catan.model.RoundedPoint2D@263280, Value: [Vertex(1, 1, 0)]
Key: com.catan.model.RoundedPoint2D@1b9271, Value: [Vertex(0, -2, 3)]
Key: com.catan.model.RoundedPoint2D@1bf031, Value: [Vertex(0, -1, 5), Vertex(0, 0, 3)]
Key: com.catan.model.RoundedPoint2D@1bd0f1, Value: [Vertex(0, -1, 4), Vertex(0, -2, 0)]
Key: com.catan.model.RoundedPoint2D@1c4df1, Value: [Vertex(0, 1, 5)]
Key: com.catan.model.RoundedPoint2D@1c2eb1, Value: [Vertex(0, 0, 0), Vertex(0, 1, 4)]
Key: com.catan.model.RoundedPoint2D@231a51, Value: [Vertex(1, 2, 0)]
Key: com.catan.model.RoundedPoint2D@22dbd1, Value: [Vertex(1, 1, 5), Vertex(0, 1, 1)]
Key: com.catan.model.RoundedPoint2D@22bc91, Value: [Vertex(1, 1, 4), Vertex(0, 1, 2)]
Key: com.catan.model.RoundedPoint2D@225ed1, Value: [Vertex(0, -1, 2)]
Key: com.catan.model.RoundedPoint2D@227e11, Value: [Vertex(0, -1, 1)]
Key: com.catan.model.RoundedPoint2D@11ec62, Value: [Vertex(-1, -2, 5)]
Key: com.catan.model.RoundedPoint2D@11cd22, Value: [Vertex(-1, -2, 4)]
Key: com.catan.model.RoundedPoint2D@294a90, Value: [Vertex(1, 1, 2)]
Key: com.catan.model.RoundedPoint2D@2969d0, Value: [Vertex(1, 1, 1)]
Key: com.catan.model.RoundedPoint2D@18d821, Value: [Vertex(0, 0, 5)]
Key: com.catan.model.RoundedPoint2D@18b8e1, Value: [Vertex(0, 0, 4)]
Key: com.catan.model.RoundedPoint2D@185b21, Value: [Vertex(-1, -2, 2), Vertex(0, -2, 4)]
Key: com.catan.model.RoundedPoint2D@187a61, Value: [Vertex(-1, -2, 1), Vertex(0, -2, 5)]
Key: com.catan.model.RoundedPoint2D@150491, Value: [Vertex(-1, -2, 3)]
Key: com.catan.model.RoundedPoint2D@154311, Value: [Vertex(-1, -2, 0)]
Key: com.catan.model.RoundedPoint2D@1fa481, Value: [Vertex(0, 1, 0)]
Key: com.catan.model.RoundedPoint2D@1f6601, Value: [Vertex(0, 0, 1), Vertex(0, 1, 3)]
Key: com.catan.model.RoundedPoint2D@1f0841, Value: [Vertex(0, -1, 3), Vertex(0, -2, 1)]
Key: com.catan.model.RoundedPoint2D@1f46c1, Value: [Vertex(0, -1, 0), Vertex(0, 0, 2)]
Key: com.catan.model.RoundedPoint2D@1ee901, Value: [Vertex(0, -2, 2)]
Key: com.catan.model.RoundedPoint2D@25f400, Value: [Vertex(1, 1, 3)]
Key: com.catan.model.RoundedPoint2D@2651c0, Value: [Vertex(1, 2, 1)]
Key: com.catan.model.RoundedPoint2D@263280, Value: [Vertex(1, 1, 0), Vertex(1, 2, 2)]
Key: com.catan.model.RoundedPoint2D@1b9271, Value: [Vertex(0, -2, 3)]
Key: com.catan.model.RoundedPoint2D@1bf031, Value: [Vertex(0, -1, 5), Vertex(0, 0, 3)]
Key: com.catan.model.RoundedPoint2D@1bd0f1, Value: [Vertex(0, -1, 4), Vertex(0, -2, 0)]
Key: com.catan.model.RoundedPoint2D@1c4df1, Value: [Vertex(0, 1, 5)]
Key: com.catan.model.RoundedPoint2D@1c2eb1, Value: [Vertex(0, 0, 0), Vertex(0, 1, 4)]
Key: com.catan.model.RoundedPoint2D@231a51, Value: [Vertex(1, 2, 0)]
Key: com.catan.model.RoundedPoint2D@22dbd1, Value: [Vertex(1, 1, 5), Vertex(0, 1, 1)]
Key: com.catan.model.RoundedPoint2D@22bc91, Value: [Vertex(1, 1, 4), Vertex(0, 1, 2)]
Key: com.catan.model.RoundedPoint2D@225ed1, Value: [Vertex(0, -1, 2)]
Key: com.catan.model.RoundedPoint2D@227e11, Value: [Vertex(0, -1, 1)]
Key: com.catan.model.RoundedPoint2D@11ec62, Value: [Vertex(-1, -2, 5)]
Key: com.catan.model.RoundedPoint2D@11cd22, Value: [Vertex(-1, -2, 4)]
Key: com.catan.model.RoundedPoint2D@294a90, Value: [Vertex(1, 1, 2)]
Key: com.catan.model.RoundedPoint2D@2969d0, Value: [Vertex(1, 1, 1)]
Key: com.catan.model.RoundedPoint2D@18d821, Value: [Vertex(0, 0, 5)]
Key: com.catan.model.RoundedPoint2D@18b8e1, Value: [Vertex(0, 0, 4)]
Key: com.catan.model.RoundedPoint2D@185b21, Value: [Vertex(-1, -2, 2), Vertex(0, -2, 4)]
Key: com.catan.model.RoundedPoint2D@187a61, Value: [Vertex(-1, -2, 1), Vertex(0, -2, 5)]
Key: com.catan.model.RoundedPoint2D@150491, Value: [Vertex(-1, -2, 3)]
Key: com.catan.model.RoundedPoint2D@154311, Value: [Vertex(-1, -2, 0)]
Key: com.catan.model.RoundedPoint2D@1fa481, Value: [Vertex(0, 1, 0)]
Key: com.catan.model.RoundedPoint2D@1f6601, Value: [Vertex(0, 0, 1), Vertex(0, 1, 3)]
Key: com.catan.model.RoundedPoint2D@1f0841, Value: [Vertex(0, -1, 3), Vertex(0, -2, 1)]
Key: com.catan.model.RoundedPoint2D@1f46c1, Value: [Vertex(0, -1, 0), Vertex(0, 0, 2)]
Key: com.catan.model.RoundedPoint2D@1ee901, Value: [Vertex(0, -2, 2)]
Key: com.catan.model.RoundedPoint2D@25f400, Value: [Vertex(1, 1, 3)]
Key: com.catan.model.RoundedPoint2D@2651c0, Value: [Vertex(1, 2, 1)]
Key: com.catan.model.RoundedPoint2D@263280, Value: [Vertex(1, 1, 0), Vertex(1, 2, 2)]
Key: com.catan.model.RoundedPoint2D@1b9271, Value: [Vertex(0, -2, 3)]
Key: com.catan.model.RoundedPoint2D@1bf031, Value: [Vertex(0, -1, 5), Vertex(0, 0, 3)]
Key: com.catan.model.RoundedPoint2D@1bd0f1, Value: [Vertex(0, -1, 4), Vertex(0, -2, 0)]
Key: com.catan.model.RoundedPoint2D@1c4df1, Value: [Vertex(0, 1, 5)]
Key: com.catan.model.RoundedPoint2D@1c2eb1, Value: [Vertex(0, 0, 0), Vertex(0, 1, 4)]
Key: com.catan.model.RoundedPoint2D@231a51, Value: [Vertex(1, 2, 0)]
Key: com.catan.model.RoundedPoint2D@22dbd1, Value: [Vertex(1, 1, 5), Vertex(0, 1, 1), Vertex(1, 2, 3)]
Key: com.catan.model.RoundedPoint2D@22bc91, Value: [Vertex(1, 1, 4), Vertex(0, 1, 2)]
Key: com.catan.model.RoundedPoint2D@225ed1, Value: [Vertex(0, -1, 2)]
Key: com.catan.model.RoundedPoint2D@227e11, Value: [Vertex(0, -1, 1)]
Key: com.catan.model.RoundedPoint2D@11ec62, Value: [Vertex(-1, -2, 5)]
Key: com.catan.model.RoundedPoint2D@11cd22, Value: [Vertex(-1, -2, 4)]
Key: com.catan.model.RoundedPoint2D@294a90, Value: [Vertex(1, 1, 2)]
Key: com.catan.model.RoundedPoint2D@2969d0, Value: [Vertex(1, 1, 1)]
Key: com.catan.model.RoundedPoint2D@18d821, Value: [Vertex(0, 0, 5)]
Key: com.catan.model.RoundedPoint2D@18b8e1, Value: [Vertex(0, 0, 4)]
Key: com.catan.model.RoundedPoint2D@185b21, Value: [Vertex(-1, -2, 2), Vertex(0, -2, 4)]
Key: com.catan.model.RoundedPoint2D@187a61, Value: [Vertex(-1, -2, 1), Vertex(0, -2, 5)]
Key: com.catan.model.RoundedPoint2D@150491, Value: [Vertex(-1, -2, 3)]
Key: com.catan.model.RoundedPoint2D@154311, Value: [Vertex(-1, -2, 0)]
Key: com.catan.model.RoundedPoint2D@1fa481, Value: [Vertex(0, 1, 0), Vertex(1, 2, 4)]
Key: com.catan.model.RoundedPoint2D@1f6601, Value: [Vertex(0, 0, 1), Vertex(0, 1, 3)]
Key: com.catan.model.RoundedPoint2D@1f0841, Value: [Vertex(0, -1, 3), Vertex(0, -2, 1)]
Key: com.catan.model.RoundedPoint2D@1f46c1, Value: [Vertex(0, -1, 0), Vertex(0, 0, 2)]
Key: com.catan.model.RoundedPoint2D@1ee901, Value: [Vertex(0, -2, 2)]
Key: com.catan.model.RoundedPoint2D@25f400, Value: [Vertex(1, 1, 3)]
Key: com.catan.model.RoundedPoint2D@2651c0, Value: [Vertex(1, 2, 1)]
Key: com.catan.model.RoundedPoint2D@263280, Value: [Vertex(1, 1, 0), Vertex(1, 2, 2)]
Key: com.catan.model.RoundedPoint2D@1b9271, Value: [Vertex(0, -2, 3)]
Key: com.catan.model.RoundedPoint2D@1bf031, Value: [Vertex(0, -1, 5), Vertex(0, 0, 3)]
Key: com.catan.model.RoundedPoint2D@1bd0f1, Value: [Vertex(0, -1, 4), Vertex(0, -2, 0)]
Key: com.catan.model.RoundedPoint2D@1c4df1, Value: [Vertex(0, 1, 5)]
Key: com.catan.model.RoundedPoint2D@1c2eb1, Value: [Vertex(0, 0, 0), Vertex(0, 1, 4)]
Key: com.catan.model.RoundedPoint2D@231a51, Value: [Vertex(1, 2, 0)]
Key: com.catan.model.RoundedPoint2D@22dbd1, Value: [Vertex(1, 1, 5), Vertex(0, 1, 1), Vertex(1, 2, 3)]
Key: com.catan.model.RoundedPoint2D@22bc91, Value: [Vertex(1, 1, 4), Vertex(0, 1, 2)]
Key: com.catan.model.RoundedPoint2D@225ed1, Value: [Vertex(0, -1, 2)]
Key: com.catan.model.RoundedPoint2D@227e11, Value: [Vertex(0, -1, 1)]
Key: com.catan.model.RoundedPoint2D@11ec62, Value: [Vertex(-1, -2, 5)]
Key: com.catan.model.RoundedPoint2D@11cd22, Value: [Vertex(-1, -2, 4)]
Key: com.catan.model.RoundedPoint2D@294a90, Value: [Vertex(1, 1, 2)]
Key: com.catan.model.RoundedPoint2D@2969d0, Value: [Vertex(1, 1, 1)]
Key: com.catan.model.RoundedPoint2D@18d821, Value: [Vertex(0, 0, 5)]
Key: com.catan.model.RoundedPoint2D@18b8e1, Value: [Vertex(0, 0, 4)]
Key: com.catan.model.RoundedPoint2D@185b21, Value: [Vertex(-1, -2, 2), Vertex(0, -2, 4)]
Key: com.catan.model.RoundedPoint2D@187a61, Value: [Vertex(-1, -2, 1), Vertex(0, -2, 5)]
Key: com.catan.model.RoundedPoint2D@150491, Value: [Vertex(-1, -2, 3)]
Key: com.catan.model.RoundedPoint2D@154311, Value: [Vertex(-1, -2, 0)]
Key: com.catan.model.RoundedPoint2D@1fc3c1, Value: [Vertex(1, 2, 5)]
Key: com.catan.model.RoundedPoint2D@1fa481, Value: [Vertex(0, 1, 0), Vertex(1, 2, 4)]
Key: com.catan.model.RoundedPoint2D@1f6601, Value: [Vertex(0, 0, 1), Vertex(0, 1, 3)]
Key: com.catan.model.RoundedPoint2D@1f0841, Value: [Vertex(0, -1, 3), Vertex(0, -2, 1)]
Key: com.catan.model.RoundedPoint2D@1f46c1, Value: [Vertex(0, -1, 0), Vertex(0, 0, 2)]
Key: com.catan.model.RoundedPoint2D@1ee901, Value: [Vertex(0, -2, 2)]
Key: com.catan.model.RoundedPoint2D@25f400, Value: [Vertex(1, 1, 3)]
Key: com.catan.model.RoundedPoint2D@2651c0, Value: [Vertex(1, 2, 1)]
Key: com.catan.model.RoundedPoint2D@263280, Value: [Vertex(1, 1, 0), Vertex(1, 2, 2)]
Key: com.catan.model.RoundedPoint2D@1b9271, Value: [Vertex(0, -2, 3)]
Key: com.catan.model.RoundedPoint2D@1bf031, Value: [Vertex(0, -1, 5), Vertex(0, 0, 3)]
Key: com.catan.model.RoundedPoint2D@1bd0f1, Value: [Vertex(0, -1, 4), Vertex(0, -2, 0)]
Key: com.catan.model.RoundedPoint2D@1c4df1, Value: [Vertex(0, 1, 5)]
Key: com.catan.model.RoundedPoint2D@1c2eb1, Value: [Vertex(0, 0, 0), Vertex(0, 1, 4)]
Key: com.catan.model.RoundedPoint2D@231a51, Value: [Vertex(1, 2, 0)]
Key: com.catan.model.RoundedPoint2D@22dbd1, Value: [Vertex(1, 1, 5), Vertex(0, 1, 1), Vertex(1, 2, 3)]
Key: com.catan.model.RoundedPoint2D@22bc91, Value: [Vertex(1, 1, 4), Vertex(0, 1, 2)]
Key: com.catan.model.RoundedPoint2D@225ed1, Value: [Vertex(0, -1, 2)]
Key: com.catan.model.RoundedPoint2D@227e11, Value: [Vertex(0, -1, 1)]
Key: com.catan.model.RoundedPoint2D@11ec62, Value: [Vertex(-1, -2, 5)]
Key: com.catan.model.RoundedPoint2D@11cd22, Value: [Vertex(-1, -2, 4)]
Key: com.catan.model.RoundedPoint2D@294a90, Value: [Vertex(1, 1, 2)]
Key: com.catan.model.RoundedPoint2D@2969d0, Value: [Vertex(1, 1, 1)]
Key: com.catan.model.RoundedPoint2D@18d821, Value: [Vertex(0, 0, 5)]
Key: com.catan.model.RoundedPoint2D@18b8e1, Value: [Vertex(0, 0, 4)]
Key: com.catan.model.RoundedPoint2D@185b21, Value: [Vertex(-1, -2, 2), Vertex(0, -2, 4)]
Key: com.catan.model.RoundedPoint2D@187a61, Value: [Vertex(-1, -2, 1), Vertex(0, -2, 5)]
Key: com.catan.model.RoundedPoint2D@150491, Value: [Vertex(-1, -2, 3)]
Key: com.catan.model.RoundedPoint2D@154311, Value: [Vertex(-1, -2, 0)]
Key: com.catan.model.RoundedPoint2D@1fc3c1, Value: [Vertex(1, 2, 5)]
Key: com.catan.model.RoundedPoint2D@1fa481, Value: [Vertex(0, 1, 0), Vertex(1, 2, 4)]
Key: com.catan.model.RoundedPoint2D@1f6601, Value: [Vertex(0, 0, 1), Vertex(0, 1, 3)]
Key: com.catan.model.RoundedPoint2D@1f0841, Value: [Vertex(0, -1, 3), Vertex(0, -2, 1)]
Key: com.catan.model.RoundedPoint2D@1f46c1, Value: [Vertex(0, -1, 0), Vertex(0, 0, 2)]
Key: com.catan.model.RoundedPoint2D@1ee901, Value: [Vertex(0, -2, 2)]
Key: com.catan.model.RoundedPoint2D@25f400, Value: [Vertex(1, 1, 3)]
Key: com.catan.model.RoundedPoint2D@2651c0, Value: [Vertex(1, 2, 1)]
Key: com.catan.model.RoundedPoint2D@263280, Value: [Vertex(1, 1, 0), Vertex(1, 2, 2)]
Key: com.catan.model.RoundedPoint2D@1b9271, Value: [Vertex(0, -2, 3)]
Key: com.catan.model.RoundedPoint2D@1bf031, Value: [Vertex(0, -1, 5), Vertex(0, 0, 3)]
Key: com.catan.model.RoundedPoint2D@1bd0f1, Value: [Vertex(0, -1, 4), Vertex(0, -2, 0)]
Key: com.catan.model.RoundedPoint2D@1c8c71, Value: [Vertex(0, 2, 0)]
Key: com.catan.model.RoundedPoint2D@1c4df1, Value: [Vertex(0, 1, 5)]
Key: com.catan.model.RoundedPoint2D@1c2eb1, Value: [Vertex(0, 0, 0), Vertex(0, 1, 4)]
Key: com.catan.model.RoundedPoint2D@231a51, Value: [Vertex(1, 2, 0)]
Key: com.catan.model.RoundedPoint2D@22dbd1, Value: [Vertex(1, 1, 5), Vertex(0, 1, 1), Vertex(1, 2, 3)]
Key: com.catan.model.RoundedPoint2D@22bc91, Value: [Vertex(1, 1, 4), Vertex(0, 1, 2)]
Key: com.catan.model.RoundedPoint2D@225ed1, Value: [Vertex(0, -1, 2)]
Key: com.catan.model.RoundedPoint2D@227e11, Value: [Vertex(0, -1, 1)]
Key: com.catan.model.RoundedPoint2D@11ec62, Value: [Vertex(-1, -2, 5)]
Key: com.catan.model.RoundedPoint2D@11cd22, Value: [Vertex(-1, -2, 4)]
Key: com.catan.model.RoundedPoint2D@294a90, Value: [Vertex(1, 1, 2)]
Key: com.catan.model.RoundedPoint2D@2969d0, Value: [Vertex(1, 1, 1)]
Key: com.catan.model.RoundedPoint2D@18d821, Value: [Vertex(0, 0, 5)]
Key: com.catan.model.RoundedPoint2D@18b8e1, Value: [Vertex(0, 0, 4)]
Key: com.catan.model.RoundedPoint2D@185b21, Value: [Vertex(-1, -2, 2), Vertex(0, -2, 4)]
Key: com.catan.model.RoundedPoint2D@187a61, Value: [Vertex(-1, -2, 1), Vertex(0, -2, 5)]
Key: com.catan.model.RoundedPoint2D@150491, Value: [Vertex(-1, -2, 3)]
Key: com.catan.model.RoundedPoint2D@154311, Value: [Vertex(-1, -2, 0)]
Key: com.catan.model.RoundedPoint2D@1fc3c1, Value: [Vertex(1, 2, 5), Vertex(0, 2, 1)]
Key: com.catan.model.RoundedPoint2D@1fa481, Value: [Vertex(0, 1, 0), Vertex(1, 2, 4)]
Key: com.catan.model.RoundedPoint2D@1f6601, Value: [Vertex(0, 0, 1), Vertex(0, 1, 3)]
Key: com.catan.model.RoundedPoint2D@1f0841, Value: [Vertex(0, -1, 3), Vertex(0, -2, 1)]
Key: com.catan.model.RoundedPoint2D@1f46c1, Value: [Vertex(0, -1, 0), Vertex(0, 0, 2)]
Key: com.catan.model.RoundedPoint2D@1ee901, Value: [Vertex(0, -2, 2)]
Key: com.catan.model.RoundedPoint2D@25f400, Value: [Vertex(1, 1, 3)]
Key: com.catan.model.RoundedPoint2D@2651c0, Value: [Vertex(1, 2, 1)]
Key: com.catan.model.RoundedPoint2D@263280, Value: [Vertex(1, 1, 0), Vertex(1, 2, 2)]
Key: com.catan.model.RoundedPoint2D@1b9271, Value: [Vertex(0, -2, 3)]
Key: com.catan.model.RoundedPoint2D@1bf031, Value: [Vertex(0, -1, 5), Vertex(0, 0, 3)]
Key: com.catan.model.RoundedPoint2D@1bd0f1, Value: [Vertex(0, -1, 4), Vertex(0, -2, 0)]
Key: com.catan.model.RoundedPoint2D@1c8c71, Value: [Vertex(0, 2, 0)]
Key: com.catan.model.RoundedPoint2D@1c4df1, Value: [Vertex(0, 1, 5)]
Key: com.catan.model.RoundedPoint2D@1c2eb1, Value: [Vertex(0, 0, 0), Vertex(0, 1, 4)]
Key: com.catan.model.RoundedPoint2D@231a51, Value: [Vertex(1, 2, 0)]
Key: com.catan.model.RoundedPoint2D@22dbd1, Value: [Vertex(1, 1, 5), Vertex(0, 1, 1), Vertex(1, 2, 3)]
Key: com.catan.model.RoundedPoint2D@22bc91, Value: [Vertex(1, 1, 4), Vertex(0, 1, 2)]
Key: com.catan.model.RoundedPoint2D@225ed1, Value: [Vertex(0, -1, 2)]
Key: com.catan.model.RoundedPoint2D@227e11, Value: [Vertex(0, -1, 1)]
Key: com.catan.model.RoundedPoint2D@11ec62, Value: [Vertex(-1, -2, 5)]
Key: com.catan.model.RoundedPoint2D@11cd22, Value: [Vertex(-1, -2, 4)]
Key: com.catan.model.RoundedPoint2D@294a90, Value: [Vertex(1, 1, 2)]
Key: com.catan.model.RoundedPoint2D@2969d0, Value: [Vertex(1, 1, 1)]
Key: com.catan.model.RoundedPoint2D@18d821, Value: [Vertex(0, 0, 5)]
Key: com.catan.model.RoundedPoint2D@18b8e1, Value: [Vertex(0, 0, 4)]
Key: com.catan.model.RoundedPoint2D@185b21, Value: [Vertex(-1, -2, 2), Vertex(0, -2, 4)]
Key: com.catan.model.RoundedPoint2D@187a61, Value: [Vertex(-1, -2, 1), Vertex(0, -2, 5)]
Key: com.catan.model.RoundedPoint2D@150491, Value: [Vertex(-1, -2, 3)]
Key: com.catan.model.RoundedPoint2D@154311, Value: [Vertex(-1, -2, 0)]
Key: com.catan.model.RoundedPoint2D@1fc3c1, Value: [Vertex(1, 2, 5), Vertex(0, 2, 1)]
Key: com.catan.model.RoundedPoint2D@1fa481, Value: [Vertex(0, 1, 0), Vertex(1, 2, 4), Vertex(0, 2, 2)]
Key: com.catan.model.RoundedPoint2D@1f6601, Value: [Vertex(0, 0, 1), Vertex(0, 1, 3)]
Key: com.catan.model.RoundedPoint2D@1f0841, Value: [Vertex(0, -1, 3), Vertex(0, -2, 1)]
Key: com.catan.model.RoundedPoint2D@1f46c1, Value: [Vertex(0, -1, 0), Vertex(0, 0, 2)]
Key: com.catan.model.RoundedPoint2D@1ee901, Value: [Vertex(0, -2, 2)]
Key: com.catan.model.RoundedPoint2D@25f400, Value: [Vertex(1, 1, 3)]
Key: com.catan.model.RoundedPoint2D@2651c0, Value: [Vertex(1, 2, 1)]
Key: com.catan.model.RoundedPoint2D@263280, Value: [Vertex(1, 1, 0), Vertex(1, 2, 2)]
Key: com.catan.model.RoundedPoint2D@1b9271, Value: [Vertex(0, -2, 3)]
Key: com.catan.model.RoundedPoint2D@1bf031, Value: [Vertex(0, -1, 5), Vertex(0, 0, 3)]
Key: com.catan.model.RoundedPoint2D@1bd0f1, Value: [Vertex(0, -1, 4), Vertex(0, -2, 0)]
Key: com.catan.model.RoundedPoint2D@1c8c71, Value: [Vertex(0, 2, 0)]
Key: com.catan.model.RoundedPoint2D@1c4df1, Value: [Vertex(0, 1, 5)]
Key: com.catan.model.RoundedPoint2D@1c2eb1, Value: [Vertex(0, 0, 0), Vertex(0, 1, 4)]
Key: com.catan.model.RoundedPoint2D@231a51, Value: [Vertex(1, 2, 0)]
Key: com.catan.model.RoundedPoint2D@22dbd1, Value: [Vertex(1, 1, 5), Vertex(0, 1, 1), Vertex(1, 2, 3)]
Key: com.catan.model.RoundedPoint2D@22bc91, Value: [Vertex(1, 1, 4), Vertex(0, 1, 2)]
Key: com.catan.model.RoundedPoint2D@225ed1, Value: [Vertex(0, -1, 2)]
Key: com.catan.model.RoundedPoint2D@227e11, Value: [Vertex(0, -1, 1)]
Key: com.catan.model.RoundedPoint2D@11ec62, Value: [Vertex(-1, -2, 5)]
Key: com.catan.model.RoundedPoint2D@11cd22, Value: [Vertex(-1, -2, 4)]
Key: com.catan.model.RoundedPoint2D@294a90, Value: [Vertex(1, 1, 2)]
Key: com.catan.model.RoundedPoint2D@2969d0, Value: [Vertex(1, 1, 1)]
Key: com.catan.model.RoundedPoint2D@18d821, Value: [Vertex(0, 0, 5)]
Key: com.catan.model.RoundedPoint2D@18b8e1, Value: [Vertex(0, 0, 4)]
Key: com.catan.model.RoundedPoint2D@185b21, Value: [Vertex(-1, -2, 2), Vertex(0, -2, 4)]
Key: com.catan.model.RoundedPoint2D@187a61, Value: [Vertex(-1, -2, 1), Vertex(0, -2, 5)]
Key: com.catan.model.RoundedPoint2D@150491, Value: [Vertex(-1, -2, 3)]
Key: com.catan.model.RoundedPoint2D@154311, Value: [Vertex(-1, -2, 0)]
Key: com.catan.model.RoundedPoint2D@1fc3c1, Value: [Vertex(1, 2, 5), Vertex(0, 2, 1)]
Key: com.catan.model.RoundedPoint2D@1fa481, Value: [Vertex(0, 1, 0), Vertex(1, 2, 4), Vertex(0, 2, 2)]
Key: com.catan.model.RoundedPoint2D@1f6601, Value: [Vertex(0, 0, 1), Vertex(0, 1, 3)]
Key: com.catan.model.RoundedPoint2D@1f0841, Value: [Vertex(0, -1, 3), Vertex(0, -2, 1)]
Key: com.catan.model.RoundedPoint2D@1f46c1, Value: [Vertex(0, -1, 0), Vertex(0, 0, 2)]
Key: com.catan.model.RoundedPoint2D@1ee901, Value: [Vertex(0, -2, 2)]
Key: com.catan.model.RoundedPoint2D@25f400, Value: [Vertex(1, 1, 3)]
Key: com.catan.model.RoundedPoint2D@2651c0, Value: [Vertex(1, 2, 1)]
Key: com.catan.model.RoundedPoint2D@263280, Value: [Vertex(1, 1, 0), Vertex(1, 2, 2)]
Key: com.catan.model.RoundedPoint2D@1b9271, Value: [Vertex(0, -2, 3)]
Key: com.catan.model.RoundedPoint2D@1bf031, Value: [Vertex(0, -1, 5), Vertex(0, 0, 3)]
Key: com.catan.model.RoundedPoint2D@1bd0f1, Value: [Vertex(0, -1, 4), Vertex(0, -2, 0)]
Key: com.catan.model.RoundedPoint2D@1c8c71, Value: [Vertex(0, 2, 0)]
Key: com.catan.model.RoundedPoint2D@1c4df1, Value: [Vertex(0, 1, 5), Vertex(0, 2, 3)]
Key: com.catan.model.RoundedPoint2D@1c2eb1, Value: [Vertex(0, 0, 0), Vertex(0, 1, 4)]
Key: com.catan.model.RoundedPoint2D@231a51, Value: [Vertex(1, 2, 0)]
Key: com.catan.model.RoundedPoint2D@22dbd1, Value: [Vertex(1, 1, 5), Vertex(0, 1, 1), Vertex(1, 2, 3)]
Key: com.catan.model.RoundedPoint2D@22bc91, Value: [Vertex(1, 1, 4), Vertex(0, 1, 2)]
Key: com.catan.model.RoundedPoint2D@225ed1, Value: [Vertex(0, -1, 2)]
Key: com.catan.model.RoundedPoint2D@227e11, Value: [Vertex(0, -1, 1)]
Key: com.catan.model.RoundedPoint2D@11ec62, Value: [Vertex(-1, -2, 5)]
Key: com.catan.model.RoundedPoint2D@11cd22, Value: [Vertex(-1, -2, 4)]
Key: com.catan.model.RoundedPoint2D@294a90, Value: [Vertex(1, 1, 2)]
Key: com.catan.model.RoundedPoint2D@2969d0, Value: [Vertex(1, 1, 1)]
Key: com.catan.model.RoundedPoint2D@18d821, Value: [Vertex(0, 0, 5)]
Key: com.catan.model.RoundedPoint2D@18b8e1, Value: [Vertex(0, 0, 4)]
Key: com.catan.model.RoundedPoint2D@185b21, Value: [Vertex(-1, -2, 2), Vertex(0, -2, 4)]
Key: com.catan.model.RoundedPoint2D@187a61, Value: [Vertex(-1, -2, 1), Vertex(0, -2, 5)]
Key: com.catan.model.RoundedPoint2D@150491, Value: [Vertex(-1, -2, 3)]
Key: com.catan.model.RoundedPoint2D@154311, Value: [Vertex(-1, -2, 0)]
Key: com.catan.model.RoundedPoint2D@1fc3c1, Value: [Vertex(1, 2, 5), Vertex(0, 2, 1)]
Key: com.catan.model.RoundedPoint2D@1fa481, Value: [Vertex(0, 1, 0), Vertex(1, 2, 4), Vertex(0, 2, 2)]
Key: com.catan.model.RoundedPoint2D@1f6601, Value: [Vertex(0, 0, 1), Vertex(0, 1, 3)]
Key: com.catan.model.RoundedPoint2D@1f0841, Value: [Vertex(0, -1, 3), Vertex(0, -2, 1)]
Key: com.catan.model.RoundedPoint2D@1f46c1, Value: [Vertex(0, -1, 0), Vertex(0, 0, 2)]
Key: com.catan.model.RoundedPoint2D@1ee901, Value: [Vertex(0, -2, 2)]
Key: com.catan.model.RoundedPoint2D@25f400, Value: [Vertex(1, 1, 3)]
Key: com.catan.model.RoundedPoint2D@2651c0, Value: [Vertex(1, 2, 1)]
Key: com.catan.model.RoundedPoint2D@263280, Value: [Vertex(1, 1, 0), Vertex(1, 2, 2)]
Key: com.catan.model.RoundedPoint2D@1b9271, Value: [Vertex(0, -2, 3)]
Key: com.catan.model.RoundedPoint2D@1bf031, Value: [Vertex(0, -1, 5), Vertex(0, 0, 3)]
Key: com.catan.model.RoundedPoint2D@1bd0f1, Value: [Vertex(0, -1, 4), Vertex(0, -2, 0)]
Key: com.catan.model.RoundedPoint2D@1c8c71, Value: [Vertex(0, 2, 0)]
Key: com.catan.model.RoundedPoint2D@1c4df1, Value: [Vertex(0, 1, 5), Vertex(0, 2, 3)]
Key: com.catan.model.RoundedPoint2D@1c2eb1, Value: [Vertex(0, 0, 0), Vertex(0, 1, 4)]
Key: com.catan.model.RoundedPoint2D@231a51, Value: [Vertex(1, 2, 0)]
Key: com.catan.model.RoundedPoint2D@22dbd1, Value: [Vertex(1, 1, 5), Vertex(0, 1, 1), Vertex(1, 2, 3)]
Key: com.catan.model.RoundedPoint2D@22bc91, Value: [Vertex(1, 1, 4), Vertex(0, 1, 2)]
Key: com.catan.model.RoundedPoint2D@225ed1, Value: [Vertex(0, -1, 2)]
Key: com.catan.model.RoundedPoint2D@227e11, Value: [Vertex(0, -1, 1)]
Key: com.catan.model.RoundedPoint2D@11ec62, Value: [Vertex(-1, -2, 5)]
Key: com.catan.model.RoundedPoint2D@11cd22, Value: [Vertex(-1, -2, 4)]
Key: com.catan.model.RoundedPoint2D@1916a1, Value: [Vertex(0, 2, 4)]
Key: com.catan.model.RoundedPoint2D@294a90, Value: [Vertex(1, 1, 2)]
Key: com.catan.model.RoundedPoint2D@2969d0, Value: [Vertex(1, 1, 1)]
Key: com.catan.model.RoundedPoint2D@18d821, Value: [Vertex(0, 0, 5)]
Key: com.catan.model.RoundedPoint2D@18b8e1, Value: [Vertex(0, 0, 4)]
Key: com.catan.model.RoundedPoint2D@185b21, Value: [Vertex(-1, -2, 2), Vertex(0, -2, 4)]
Key: com.catan.model.RoundedPoint2D@187a61, Value: [Vertex(-1, -2, 1), Vertex(0, -2, 5)]
Key: com.catan.model.RoundedPoint2D@150491, Value: [Vertex(-1, -2, 3)]
Key: com.catan.model.RoundedPoint2D@154311, Value: [Vertex(-1, -2, 0)]
Key: com.catan.model.RoundedPoint2D@1fc3c1, Value: [Vertex(1, 2, 5), Vertex(0, 2, 1)]
Key: com.catan.model.RoundedPoint2D@1fa481, Value: [Vertex(0, 1, 0), Vertex(1, 2, 4), Vertex(0, 2, 2)]
Key: com.catan.model.RoundedPoint2D@1f6601, Value: [Vertex(0, 0, 1), Vertex(0, 1, 3)]
Key: com.catan.model.RoundedPoint2D@1f0841, Value: [Vertex(0, -1, 3), Vertex(0, -2, 1)]
Key: com.catan.model.RoundedPoint2D@1f46c1, Value: [Vertex(0, -1, 0), Vertex(0, 0, 2)]
Key: com.catan.model.RoundedPoint2D@1ee901, Value: [Vertex(0, -2, 2)]
Key: com.catan.model.RoundedPoint2D@25f400, Value: [Vertex(1, 1, 3)]
Key: com.catan.model.RoundedPoint2D@2651c0, Value: [Vertex(1, 2, 1)]
Key: com.catan.model.RoundedPoint2D@263280, Value: [Vertex(1, 1, 0), Vertex(1, 2, 2)]
Key: com.catan.model.RoundedPoint2D@1b9271, Value: [Vertex(0, -2, 3)]
Key: com.catan.model.RoundedPoint2D@1bf031, Value: [Vertex(0, -1, 5), Vertex(0, 0, 3)]
Key: com.catan.model.RoundedPoint2D@1bd0f1, Value: [Vertex(0, -1, 4), Vertex(0, -2, 0)]
Key: com.catan.model.RoundedPoint2D@1c8c71, Value: [Vertex(0, 2, 0)]
Key: com.catan.model.RoundedPoint2D@1c4df1, Value: [Vertex(0, 1, 5), Vertex(0, 2, 3)]
Key: com.catan.model.RoundedPoint2D@1c2eb1, Value: [Vertex(0, 0, 0), Vertex(0, 1, 4)]
Key: com.catan.model.RoundedPoint2D@231a51, Value: [Vertex(1, 2, 0)]
Key: com.catan.model.RoundedPoint2D@22dbd1, Value: [Vertex(1, 1, 5), Vertex(0, 1, 1), Vertex(1, 2, 3)]
Key: com.catan.model.RoundedPoint2D@22bc91, Value: [Vertex(1, 1, 4), Vertex(0, 1, 2)]
Key: com.catan.model.RoundedPoint2D@225ed1, Value: [Vertex(0, -1, 2)]
Key: com.catan.model.RoundedPoint2D@227e11, Value: [Vertex(0, -1, 1)]
Key: com.catan.model.RoundedPoint2D@11ec62, Value: [Vertex(-1, -2, 5)]
Key: com.catan.model.RoundedPoint2D@11cd22, Value: [Vertex(-1, -2, 4)]
Key: com.catan.model.RoundedPoint2D@1935e1, Value: [Vertex(0, 2, 5)]
Key: com.catan.model.RoundedPoint2D@1916a1, Value: [Vertex(0, 2, 4)]
Key: com.catan.model.RoundedPoint2D@294a90, Value: [Vertex(1, 1, 2)]
Key: com.catan.model.RoundedPoint2D@2969d0, Value: [Vertex(1, 1, 1)]
Key: com.catan.model.RoundedPoint2D@18d821, Value: [Vertex(0, 0, 5)]
Key: com.catan.model.RoundedPoint2D@18b8e1, Value: [Vertex(0, 0, 4)]
Key: com.catan.model.RoundedPoint2D@185b21, Value: [Vertex(-1, -2, 2), Vertex(0, -2, 4)]
Key: com.catan.model.RoundedPoint2D@187a61, Value: [Vertex(-1, -2, 1), Vertex(0, -2, 5)]
Key: com.catan.model.RoundedPoint2D@150491, Value: [Vertex(-1, -2, 3)]
Key: com.catan.model.RoundedPoint2D@154311, Value: [Vertex(-1, -2, 0)]
Key: com.catan.model.RoundedPoint2D@1fc3c1, Value: [Vertex(1, 2, 5), Vertex(0, 2, 1)]
Key: com.catan.model.RoundedPoint2D@1fa481, Value: [Vertex(0, 1, 0), Vertex(1, 2, 4), Vertex(0, 2, 2)]
Key: com.catan.model.RoundedPoint2D@1f6601, Value: [Vertex(0, 0, 1), Vertex(0, 1, 3)]
Key: com.catan.model.RoundedPoint2D@1f0841, Value: [Vertex(0, -1, 3), Vertex(0, -2, 1)]
Key: com.catan.model.RoundedPoint2D@1f46c1, Value: [Vertex(0, -1, 0), Vertex(0, 0, 2)]
Key: com.catan.model.RoundedPoint2D@1ee901, Value: [Vertex(0, -2, 2)]
Key: com.catan.model.RoundedPoint2D@25f400, Value: [Vertex(1, 1, 3)]
Key: com.catan.model.RoundedPoint2D@2651c0, Value: [Vertex(1, 2, 1)]
Key: com.catan.model.RoundedPoint2D@263280, Value: [Vertex(1, 1, 0), Vertex(1, 2, 2)]
Key: com.catan.model.RoundedPoint2D@1b9271, Value: [Vertex(0, -2, 3)]
Key: com.catan.model.RoundedPoint2D@1bf031, Value: [Vertex(0, -1, 5), Vertex(0, 0, 3)]
Key: com.catan.model.RoundedPoint2D@1bd0f1, Value: [Vertex(0, -1, 4), Vertex(0, -2, 0)]
Key: com.catan.model.RoundedPoint2D@1c8c71, Value: [Vertex(0, 2, 0)]
Key: com.catan.model.RoundedPoint2D@1c4df1, Value: [Vertex(0, 1, 5), Vertex(0, 2, 3)]
Key: com.catan.model.RoundedPoint2D@1c2eb1, Value: [Vertex(0, 0, 0), Vertex(0, 1, 4)]
Key: com.catan.model.RoundedPoint2D@1288a2, Value: [Vertex(-2, 1, 0)]
Key: com.catan.model.RoundedPoint2D@231a51, Value: [Vertex(1, 2, 0)]
Key: com.catan.model.RoundedPoint2D@22dbd1, Value: [Vertex(1, 1, 5), Vertex(0, 1, 1), Vertex(1, 2, 3)]
Key: com.catan.model.RoundedPoint2D@22bc91, Value: [Vertex(1, 1, 4), Vertex(0, 1, 2)]
Key: com.catan.model.RoundedPoint2D@225ed1, Value: [Vertex(0, -1, 2)]
Key: com.catan.model.RoundedPoint2D@227e11, Value: [Vertex(0, -1, 1)]
Key: com.catan.model.RoundedPoint2D@11ec62, Value: [Vertex(-1, -2, 5)]
Key: com.catan.model.RoundedPoint2D@11cd22, Value: [Vertex(-1, -2, 4)]
Key: com.catan.model.RoundedPoint2D@1935e1, Value: [Vertex(0, 2, 5)]
Key: com.catan.model.RoundedPoint2D@1916a1, Value: [Vertex(0, 2, 4)]
Key: com.catan.model.RoundedPoint2D@294a90, Value: [Vertex(1, 1, 2)]
Key: com.catan.model.RoundedPoint2D@2969d0, Value: [Vertex(1, 1, 1)]
Key: com.catan.model.RoundedPoint2D@18d821, Value: [Vertex(0, 0, 5)]
Key: com.catan.model.RoundedPoint2D@18b8e1, Value: [Vertex(0, 0, 4)]
Key: com.catan.model.RoundedPoint2D@185b21, Value: [Vertex(-1, -2, 2), Vertex(0, -2, 4)]
Key: com.catan.model.RoundedPoint2D@187a61, Value: [Vertex(-1, -2, 1), Vertex(0, -2, 5)]
Key: com.catan.model.RoundedPoint2D@15c011, Value: [Vertex(-2, 1, 1)]
Key: com.catan.model.RoundedPoint2D@150491, Value: [Vertex(-1, -2, 3)]
Key: com.catan.model.RoundedPoint2D@154311, Value: [Vertex(-1, -2, 0)]
Key: com.catan.model.RoundedPoint2D@1fc3c1, Value: [Vertex(1, 2, 5), Vertex(0, 2, 1)]
Key: com.catan.model.RoundedPoint2D@1fa481, Value: [Vertex(0, 1, 0), Vertex(1, 2, 4), Vertex(0, 2, 2)]
Key: com.catan.model.RoundedPoint2D@1f6601, Value: [Vertex(0, 0, 1), Vertex(0, 1, 3)]
Key: com.catan.model.RoundedPoint2D@1f0841, Value: [Vertex(0, -1, 3), Vertex(0, -2, 1)]
Key: com.catan.model.RoundedPoint2D@1f46c1, Value: [Vertex(0, -1, 0), Vertex(0, 0, 2)]
Key: com.catan.model.RoundedPoint2D@1ee901, Value: [Vertex(0, -2, 2)]
Key: com.catan.model.RoundedPoint2D@25f400, Value: [Vertex(1, 1, 3)]
Key: com.catan.model.RoundedPoint2D@2651c0, Value: [Vertex(1, 2, 1)]
Key: com.catan.model.RoundedPoint2D@263280, Value: [Vertex(1, 1, 0), Vertex(1, 2, 2)]
Key: com.catan.model.RoundedPoint2D@1b9271, Value: [Vertex(0, -2, 3)]
Key: com.catan.model.RoundedPoint2D@1bf031, Value: [Vertex(0, -1, 5), Vertex(0, 0, 3)]
Key: com.catan.model.RoundedPoint2D@1bd0f1, Value: [Vertex(0, -1, 4), Vertex(0, -2, 0)]
Key: com.catan.model.RoundedPoint2D@1c8c71, Value: [Vertex(0, 2, 0)]
Key: com.catan.model.RoundedPoint2D@1c4df1, Value: [Vertex(0, 1, 5), Vertex(0, 2, 3)]
Key: com.catan.model.RoundedPoint2D@1c2eb1, Value: [Vertex(0, 0, 0), Vertex(0, 1, 4)]
Key: com.catan.model.RoundedPoint2D@1288a2, Value: [Vertex(-2, 1, 0)]
Key: com.catan.model.RoundedPoint2D@231a51, Value: [Vertex(1, 2, 0)]
Key: com.catan.model.RoundedPoint2D@22dbd1, Value: [Vertex(1, 1, 5), Vertex(0, 1, 1), Vertex(1, 2, 3)]
Key: com.catan.model.RoundedPoint2D@22bc91, Value: [Vertex(1, 1, 4), Vertex(0, 1, 2)]
Key: com.catan.model.RoundedPoint2D@225ed1, Value: [Vertex(0, -1, 2)]
Key: com.catan.model.RoundedPoint2D@227e11, Value: [Vertex(0, -1, 1)]
Key: com.catan.model.RoundedPoint2D@11ec62, Value: [Vertex(-1, -2, 5)]
Key: com.catan.model.RoundedPoint2D@11cd22, Value: [Vertex(-1, -2, 4)]
Key: com.catan.model.RoundedPoint2D@1935e1, Value: [Vertex(0, 2, 5)]
Key: com.catan.model.RoundedPoint2D@1916a1, Value: [Vertex(0, 2, 4)]
Key: com.catan.model.RoundedPoint2D@294a90, Value: [Vertex(1, 1, 2)]
Key: com.catan.model.RoundedPoint2D@2969d0, Value: [Vertex(1, 1, 1)]
Key: com.catan.model.RoundedPoint2D@18d821, Value: [Vertex(0, 0, 5)]
Key: com.catan.model.RoundedPoint2D@18b8e1, Value: [Vertex(0, 0, 4)]
Key: com.catan.model.RoundedPoint2D@185b21, Value: [Vertex(-1, -2, 2), Vertex(0, -2, 4)]
Key: com.catan.model.RoundedPoint2D@187a61, Value: [Vertex(-1, -2, 1), Vertex(0, -2, 5)]
Key: com.catan.model.RoundedPoint2D@15a0d1, Value: [Vertex(-2, 1, 2)]
Key: com.catan.model.RoundedPoint2D@15c011, Value: [Vertex(-2, 1, 1)]
Key: com.catan.model.RoundedPoint2D@150491, Value: [Vertex(-1, -2, 3)]
Key: com.catan.model.RoundedPoint2D@154311, Value: [Vertex(-1, -2, 0)]
Key: com.catan.model.RoundedPoint2D@1fc3c1, Value: [Vertex(1, 2, 5), Vertex(0, 2, 1)]
Key: com.catan.model.RoundedPoint2D@1fa481, Value: [Vertex(0, 1, 0), Vertex(1, 2, 4), Vertex(0, 2, 2)]
Key: com.catan.model.RoundedPoint2D@1f6601, Value: [Vertex(0, 0, 1), Vertex(0, 1, 3)]
Key: com.catan.model.RoundedPoint2D@1f0841, Value: [Vertex(0, -1, 3), Vertex(0, -2, 1)]
Key: com.catan.model.RoundedPoint2D@1f46c1, Value: [Vertex(0, -1, 0), Vertex(0, 0, 2)]
Key: com.catan.model.RoundedPoint2D@1ee901, Value: [Vertex(0, -2, 2)]
Key: com.catan.model.RoundedPoint2D@25f400, Value: [Vertex(1, 1, 3)]
Key: com.catan.model.RoundedPoint2D@2651c0, Value: [Vertex(1, 2, 1)]
Key: com.catan.model.RoundedPoint2D@263280, Value: [Vertex(1, 1, 0), Vertex(1, 2, 2)]
Key: com.catan.model.RoundedPoint2D@1b9271, Value: [Vertex(0, -2, 3)]
Key: com.catan.model.RoundedPoint2D@1bf031, Value: [Vertex(0, -1, 5), Vertex(0, 0, 3)]
Key: com.catan.model.RoundedPoint2D@1bd0f1, Value: [Vertex(0, -1, 4), Vertex(0, -2, 0)]
Key: com.catan.model.RoundedPoint2D@1c8c71, Value: [Vertex(0, 2, 0)]
Key: com.catan.model.RoundedPoint2D@1c4df1, Value: [Vertex(0, 1, 5), Vertex(0, 2, 3)]
Key: com.catan.model.RoundedPoint2D@1c2eb1, Value: [Vertex(0, 0, 0), Vertex(0, 1, 4)]
Key: com.catan.model.RoundedPoint2D@1288a2, Value: [Vertex(-2, 1, 0)]
Key: com.catan.model.RoundedPoint2D@231a51, Value: [Vertex(1, 2, 0)]
Key: com.catan.model.RoundedPoint2D@22dbd1, Value: [Vertex(1, 1, 5), Vertex(0, 1, 1), Vertex(1, 2, 3)]
Key: com.catan.model.RoundedPoint2D@22bc91, Value: [Vertex(1, 1, 4), Vertex(0, 1, 2)]
Key: com.catan.model.RoundedPoint2D@225ed1, Value: [Vertex(0, -1, 2)]
Key: com.catan.model.RoundedPoint2D@227e11, Value: [Vertex(0, -1, 1)]
Key: com.catan.model.RoundedPoint2D@11ec62, Value: [Vertex(-1, -2, 5)]
Key: com.catan.model.RoundedPoint2D@11cd22, Value: [Vertex(-1, -2, 4)]
Key: com.catan.model.RoundedPoint2D@1935e1, Value: [Vertex(0, 2, 5)]
Key: com.catan.model.RoundedPoint2D@1916a1, Value: [Vertex(0, 2, 4)]
Key: com.catan.model.RoundedPoint2D@294a90, Value: [Vertex(1, 1, 2)]
Key: com.catan.model.RoundedPoint2D@2969d0, Value: [Vertex(1, 1, 1)]
Key: com.catan.model.RoundedPoint2D@18d821, Value: [Vertex(0, 0, 5)]
Key: com.catan.model.RoundedPoint2D@18b8e1, Value: [Vertex(0, 0, 4)]
Key: com.catan.model.RoundedPoint2D@185b21, Value: [Vertex(-1, -2, 2), Vertex(0, -2, 4)]
Key: com.catan.model.RoundedPoint2D@187a61, Value: [Vertex(-1, -2, 1), Vertex(0, -2, 5)]
Key: com.catan.model.RoundedPoint2D@15a0d1, Value: [Vertex(-2, 1, 2)]
Key: com.catan.model.RoundedPoint2D@15c011, Value: [Vertex(-2, 1, 1)]
Key: com.catan.model.RoundedPoint2D@150491, Value: [Vertex(-1, -2, 3)]
Key: com.catan.model.RoundedPoint2D@154311, Value: [Vertex(-1, -2, 0)]
Key: com.catan.model.RoundedPoint2D@1fc3c1, Value: [Vertex(1, 2, 5), Vertex(0, 2, 1)]
Key: com.catan.model.RoundedPoint2D@1fa481, Value: [Vertex(0, 1, 0), Vertex(1, 2, 4), Vertex(0, 2, 2)]
Key: com.catan.model.RoundedPoint2D@1f6601, Value: [Vertex(0, 0, 1), Vertex(0, 1, 3)]
Key: com.catan.model.RoundedPoint2D@1f0841, Value: [Vertex(0, -1, 3), Vertex(0, -2, 1)]
Key: com.catan.model.RoundedPoint2D@1f46c1, Value: [Vertex(0, -1, 0), Vertex(0, 0, 2)]
Key: com.catan.model.RoundedPoint2D@1ee901, Value: [Vertex(0, -2, 2)]
Key: com.catan.model.RoundedPoint2D@25f400, Value: [Vertex(1, 1, 3)]
Key: com.catan.model.RoundedPoint2D@2651c0, Value: [Vertex(1, 2, 1)]
Key: com.catan.model.RoundedPoint2D@263280, Value: [Vertex(1, 1, 0), Vertex(1, 2, 2)]
Key: com.catan.model.RoundedPoint2D@1b9271, Value: [Vertex(0, -2, 3)]
Key: com.catan.model.RoundedPoint2D@1bf031, Value: [Vertex(0, -1, 5), Vertex(0, 0, 3)]
Key: com.catan.model.RoundedPoint2D@1bd0f1, Value: [Vertex(0, -1, 4), Vertex(0, -2, 0)]
Key: com.catan.model.RoundedPoint2D@1c8c71, Value: [Vertex(0, 2, 0)]
Key: com.catan.model.RoundedPoint2D@1c4df1, Value: [Vertex(0, 1, 5), Vertex(0, 2, 3)]
Key: com.catan.model.RoundedPoint2D@1c2eb1, Value: [Vertex(0, 0, 0), Vertex(0, 1, 4)]
Key: com.catan.model.RoundedPoint2D@124a22, Value: [Vertex(-2, 1, 3)]
Key: com.catan.model.RoundedPoint2D@1288a2, Value: [Vertex(-2, 1, 0)]
Key: com.catan.model.RoundedPoint2D@231a51, Value: [Vertex(1, 2, 0)]
Key: com.catan.model.RoundedPoint2D@22dbd1, Value: [Vertex(1, 1, 5), Vertex(0, 1, 1), Vertex(1, 2, 3)]
Key: com.catan.model.RoundedPoint2D@22bc91, Value: [Vertex(1, 1, 4), Vertex(0, 1, 2)]
Key: com.catan.model.RoundedPoint2D@225ed1, Value: [Vertex(0, -1, 2)]
Key: com.catan.model.RoundedPoint2D@227e11, Value: [Vertex(0, -1, 1)]
Key: com.catan.model.RoundedPoint2D@11ec62, Value: [Vertex(-1, -2, 5)]
Key: com.catan.model.RoundedPoint2D@11cd22, Value: [Vertex(-1, -2, 4)]
Key: com.catan.model.RoundedPoint2D@1935e1, Value: [Vertex(0, 2, 5)]
Key: com.catan.model.RoundedPoint2D@1916a1, Value: [Vertex(0, 2, 4)]
Key: com.catan.model.RoundedPoint2D@294a90, Value: [Vertex(1, 1, 2)]
Key: com.catan.model.RoundedPoint2D@2969d0, Value: [Vertex(1, 1, 1)]
Key: com.catan.model.RoundedPoint2D@18d821, Value: [Vertex(0, 0, 5)]
Key: com.catan.model.RoundedPoint2D@18b8e1, Value: [Vertex(0, 0, 4)]
Key: com.catan.model.RoundedPoint2D@185b21, Value: [Vertex(-1, -2, 2), Vertex(0, -2, 4)]
Key: com.catan.model.RoundedPoint2D@187a61, Value: [Vertex(-1, -2, 1), Vertex(0, -2, 5)]
Key: com.catan.model.RoundedPoint2D@15a0d1, Value: [Vertex(-2, 1, 2)]
Key: com.catan.model.RoundedPoint2D@15c011, Value: [Vertex(-2, 1, 1)]
Key: com.catan.model.RoundedPoint2D@150491, Value: [Vertex(-1, -2, 3)]
Key: com.catan.model.RoundedPoint2D@154311, Value: [Vertex(-1, -2, 0)]
Key: com.catan.model.RoundedPoint2D@f12d2, Value: [Vertex(-2, 1, 4)]
Key: com.catan.model.RoundedPoint2D@1fc3c1, Value: [Vertex(1, 2, 5), Vertex(0, 2, 1)]
Key: com.catan.model.RoundedPoint2D@1fa481, Value: [Vertex(0, 1, 0), Vertex(1, 2, 4), Vertex(0, 2, 2)]
Key: com.catan.model.RoundedPoint2D@1f6601, Value: [Vertex(0, 0, 1), Vertex(0, 1, 3)]
Key: com.catan.model.RoundedPoint2D@1f0841, Value: [Vertex(0, -1, 3), Vertex(0, -2, 1)]
Key: com.catan.model.RoundedPoint2D@1f46c1, Value: [Vertex(0, -1, 0), Vertex(0, 0, 2)]
Key: com.catan.model.RoundedPoint2D@1ee901, Value: [Vertex(0, -2, 2)]
Key: com.catan.model.RoundedPoint2D@25f400, Value: [Vertex(1, 1, 3)]
Key: com.catan.model.RoundedPoint2D@2651c0, Value: [Vertex(1, 2, 1)]
Key: com.catan.model.RoundedPoint2D@263280, Value: [Vertex(1, 1, 0), Vertex(1, 2, 2)]
Key: com.catan.model.RoundedPoint2D@1b9271, Value: [Vertex(0, -2, 3)]
Key: com.catan.model.RoundedPoint2D@1bf031, Value: [Vertex(0, -1, 5), Vertex(0, 0, 3)]
Key: com.catan.model.RoundedPoint2D@1bd0f1, Value: [Vertex(0, -1, 4), Vertex(0, -2, 0)]
Key: com.catan.model.RoundedPoint2D@1c8c71, Value: [Vertex(0, 2, 0)]
Key: com.catan.model.RoundedPoint2D@1c4df1, Value: [Vertex(0, 1, 5), Vertex(0, 2, 3)]
Key: com.catan.model.RoundedPoint2D@1c2eb1, Value: [Vertex(0, 0, 0), Vertex(0, 1, 4)]
Key: com.catan.model.RoundedPoint2D@124a22, Value: [Vertex(-2, 1, 3)]
Key: com.catan.model.RoundedPoint2D@1288a2, Value: [Vertex(-2, 1, 0)]
Key: com.catan.model.RoundedPoint2D@231a51, Value: [Vertex(1, 2, 0)]
Key: com.catan.model.RoundedPoint2D@22dbd1, Value: [Vertex(1, 1, 5), Vertex(0, 1, 1), Vertex(1, 2, 3)]
Key: com.catan.model.RoundedPoint2D@22bc91, Value: [Vertex(1, 1, 4), Vertex(0, 1, 2)]
Key: com.catan.model.RoundedPoint2D@225ed1, Value: [Vertex(0, -1, 2)]
Key: com.catan.model.RoundedPoint2D@227e11, Value: [Vertex(0, -1, 1)]
Key: com.catan.model.RoundedPoint2D@11ec62, Value: [Vertex(-1, -2, 5)]
Key: com.catan.model.RoundedPoint2D@11cd22, Value: [Vertex(-1, -2, 4)]
Key: com.catan.model.RoundedPoint2D@1935e1, Value: [Vertex(0, 2, 5)]
Key: com.catan.model.RoundedPoint2D@1916a1, Value: [Vertex(0, 2, 4)]
Key: com.catan.model.RoundedPoint2D@294a90, Value: [Vertex(1, 1, 2)]
Key: com.catan.model.RoundedPoint2D@2969d0, Value: [Vertex(1, 1, 1)]
Key: com.catan.model.RoundedPoint2D@18d821, Value: [Vertex(0, 0, 5)]
Key: com.catan.model.RoundedPoint2D@18b8e1, Value: [Vertex(0, 0, 4)]
Key: com.catan.model.RoundedPoint2D@185b21, Value: [Vertex(-1, -2, 2), Vertex(0, -2, 4)]
Key: com.catan.model.RoundedPoint2D@187a61, Value: [Vertex(-1, -2, 1), Vertex(0, -2, 5)]
Key: com.catan.model.RoundedPoint2D@15a0d1, Value: [Vertex(-2, 1, 2)]
Key: com.catan.model.RoundedPoint2D@15c011, Value: [Vertex(-2, 1, 1)]
Key: com.catan.model.RoundedPoint2D@150491, Value: [Vertex(-1, -2, 3)]
Key: com.catan.model.RoundedPoint2D@154311, Value: [Vertex(-1, -2, 0)]
Key: com.catan.model.RoundedPoint2D@f3212, Value: [Vertex(-2, 1, 5)]
Key: com.catan.model.RoundedPoint2D@f12d2, Value: [Vertex(-2, 1, 4)]
Key: com.catan.model.RoundedPoint2D@1fc3c1, Value: [Vertex(1, 2, 5), Vertex(0, 2, 1)]
Key: com.catan.model.RoundedPoint2D@1fa481, Value: [Vertex(0, 1, 0), Vertex(1, 2, 4), Vertex(0, 2, 2)]
Key: com.catan.model.RoundedPoint2D@1f6601, Value: [Vertex(0, 0, 1), Vertex(0, 1, 3)]
Key: com.catan.model.RoundedPoint2D@1f0841, Value: [Vertex(0, -1, 3), Vertex(0, -2, 1)]
Key: com.catan.model.RoundedPoint2D@1f46c1, Value: [Vertex(0, -1, 0), Vertex(0, 0, 2)]
Key: com.catan.model.RoundedPoint2D@1ee901, Value: [Vertex(0, -2, 2)]
Key: com.catan.model.RoundedPoint2D@25f400, Value: [Vertex(1, 1, 3)]
Key: com.catan.model.RoundedPoint2D@2651c0, Value: [Vertex(1, 2, 1)]
Key: com.catan.model.RoundedPoint2D@263280, Value: [Vertex(1, 1, 0), Vertex(1, 2, 2)]
Key: com.catan.model.RoundedPoint2D@1b9271, Value: [Vertex(0, -2, 3)]
Key: com.catan.model.RoundedPoint2D@1bf031, Value: [Vertex(0, -1, 5), Vertex(0, 0, 3)]
Key: com.catan.model.RoundedPoint2D@1bd0f1, Value: [Vertex(0, -1, 4), Vertex(0, -2, 0)]
Key: com.catan.model.RoundedPoint2D@1c8c71, Value: [Vertex(0, 2, 0)]
Key: com.catan.model.RoundedPoint2D@1c4df1, Value: [Vertex(0, 1, 5), Vertex(0, 2, 3)]
Key: com.catan.model.RoundedPoint2D@1c2eb1, Value: [Vertex(0, 0, 0), Vertex(0, 1, 4)]
Key: com.catan.model.RoundedPoint2D@124a22, Value: [Vertex(-2, 1, 3)]
Key: com.catan.model.RoundedPoint2D@1288a2, Value: [Vertex(-2, 1, 0)]
Key: com.catan.model.RoundedPoint2D@231a51, Value: [Vertex(1, 2, 0)]
Key: com.catan.model.RoundedPoint2D@22dbd1, Value: [Vertex(1, 1, 5), Vertex(0, 1, 1), Vertex(1, 2, 3)]
Key: com.catan.model.RoundedPoint2D@22bc91, Value: [Vertex(1, 1, 4), Vertex(0, 1, 2)]
Key: com.catan.model.RoundedPoint2D@225ed1, Value: [Vertex(0, -1, 2)]
Key: com.catan.model.RoundedPoint2D@227e11, Value: [Vertex(0, -1, 1)]
Key: com.catan.model.RoundedPoint2D@11ec62, Value: [Vertex(-1, -2, 5)]
Key: com.catan.model.RoundedPoint2D@11cd22, Value: [Vertex(-1, -2, 4)]
Key: com.catan.model.RoundedPoint2D@1935e1, Value: [Vertex(0, 2, 5)]
Key: com.catan.model.RoundedPoint2D@1916a1, Value: [Vertex(0, 2, 4)]
Key: com.catan.model.RoundedPoint2D@294a90, Value: [Vertex(1, 1, 2)]
Key: com.catan.model.RoundedPoint2D@2969d0, Value: [Vertex(1, 1, 1)]
Key: com.catan.model.RoundedPoint2D@18d821, Value: [Vertex(0, 0, 5)]
Key: com.catan.model.RoundedPoint2D@18b8e1, Value: [Vertex(0, 0, 4)]
Key: com.catan.model.RoundedPoint2D@185b21, Value: [Vertex(-1, -2, 2), Vertex(0, -2, 4)]
Key: com.catan.model.RoundedPoint2D@187a61, Value: [Vertex(-1, -2, 1), Vertex(0, -2, 5)]
Key: com.catan.model.RoundedPoint2D@15fe91, Value: [Vertex(-1, 2, 0)]
Key: com.catan.model.RoundedPoint2D@15a0d1, Value: [Vertex(-2, 1, 2)]
Key: com.catan.model.RoundedPoint2D@15c011, Value: [Vertex(-2, 1, 1)]
Key: com.catan.model.RoundedPoint2D@150491, Value: [Vertex(-1, -2, 3)]
Key: com.catan.model.RoundedPoint2D@154311, Value: [Vertex(-1, -2, 0)]
Key: com.catan.model.RoundedPoint2D@f3212, Value: [Vertex(-2, 1, 5)]
Key: com.catan.model.RoundedPoint2D@f12d2, Value: [Vertex(-2, 1, 4)]
Key: com.catan.model.RoundedPoint2D@1fc3c1, Value: [Vertex(1, 2, 5), Vertex(0, 2, 1)]
Key: com.catan.model.RoundedPoint2D@1fa481, Value: [Vertex(0, 1, 0), Vertex(1, 2, 4), Vertex(0, 2, 2)]
Key: com.catan.model.RoundedPoint2D@1f6601, Value: [Vertex(0, 0, 1), Vertex(0, 1, 3)]
Key: com.catan.model.RoundedPoint2D@1f0841, Value: [Vertex(0, -1, 3), Vertex(0, -2, 1)]
Key: com.catan.model.RoundedPoint2D@1f46c1, Value: [Vertex(0, -1, 0), Vertex(0, 0, 2)]
Key: com.catan.model.RoundedPoint2D@1ee901, Value: [Vertex(0, -2, 2)]
Key: com.catan.model.RoundedPoint2D@25f400, Value: [Vertex(1, 1, 3)]
Key: com.catan.model.RoundedPoint2D@2651c0, Value: [Vertex(1, 2, 1)]
Key: com.catan.model.RoundedPoint2D@263280, Value: [Vertex(1, 1, 0), Vertex(1, 2, 2)]
Key: com.catan.model.RoundedPoint2D@1b9271, Value: [Vertex(0, -2, 3)]
Key: com.catan.model.RoundedPoint2D@1bf031, Value: [Vertex(0, -1, 5), Vertex(0, 0, 3)]
Key: com.catan.model.RoundedPoint2D@1bd0f1, Value: [Vertex(0, -1, 4), Vertex(0, -2, 0)]
Key: com.catan.model.RoundedPoint2D@1c8c71, Value: [Vertex(0, 2, 0)]
Key: com.catan.model.RoundedPoint2D@1c4df1, Value: [Vertex(0, 1, 5), Vertex(0, 2, 3)]
Key: com.catan.model.RoundedPoint2D@1c2eb1, Value: [Vertex(0, 0, 0), Vertex(0, 1, 4)]
Key: com.catan.model.RoundedPoint2D@124a22, Value: [Vertex(-2, 1, 3)]
Key: com.catan.model.RoundedPoint2D@1288a2, Value: [Vertex(-2, 1, 0)]
Key: com.catan.model.RoundedPoint2D@231a51, Value: [Vertex(1, 2, 0)]
Key: com.catan.model.RoundedPoint2D@22dbd1, Value: [Vertex(1, 1, 5), Vertex(0, 1, 1), Vertex(1, 2, 3)]
Key: com.catan.model.RoundedPoint2D@22bc91, Value: [Vertex(1, 1, 4), Vertex(0, 1, 2)]
Key: com.catan.model.RoundedPoint2D@225ed1, Value: [Vertex(0, -1, 2)]
Key: com.catan.model.RoundedPoint2D@227e11, Value: [Vertex(0, -1, 1)]
Key: com.catan.model.RoundedPoint2D@11ec62, Value: [Vertex(-1, -2, 5)]
Key: com.catan.model.RoundedPoint2D@11cd22, Value: [Vertex(-1, -2, 4)]
Key: com.catan.model.RoundedPoint2D@1935e1, Value: [Vertex(0, 2, 5)]
Key: com.catan.model.RoundedPoint2D@1916a1, Value: [Vertex(0, 2, 4)]
Key: com.catan.model.RoundedPoint2D@294a90, Value: [Vertex(1, 1, 2)]
Key: com.catan.model.RoundedPoint2D@2969d0, Value: [Vertex(1, 1, 1)]
Key: com.catan.model.RoundedPoint2D@18d821, Value: [Vertex(0, 0, 5)]
Key: com.catan.model.RoundedPoint2D@18b8e1, Value: [Vertex(0, 0, 4)]
Key: com.catan.model.RoundedPoint2D@185b21, Value: [Vertex(-1, -2, 2), Vertex(0, -2, 4)]
Key: com.catan.model.RoundedPoint2D@187a61, Value: [Vertex(-1, -2, 1), Vertex(0, -2, 5)]
Key: com.catan.model.RoundedPoint2D@15fe91, Value: [Vertex(-1, 2, 0)]
Key: com.catan.model.RoundedPoint2D@15a0d1, Value: [Vertex(-2, 1, 2)]
Key: com.catan.model.RoundedPoint2D@15c011, Value: [Vertex(-2, 1, 1)]
Key: com.catan.model.RoundedPoint2D@150491, Value: [Vertex(-1, -2, 3)]
Key: com.catan.model.RoundedPoint2D@154311, Value: [Vertex(-1, -2, 0)]
Key: com.catan.model.RoundedPoint2D@f3212, Value: [Vertex(-2, 1, 5)]
Key: com.catan.model.RoundedPoint2D@f12d2, Value: [Vertex(-2, 1, 4)]
Key: com.catan.model.RoundedPoint2D@1fc3c1, Value: [Vertex(1, 2, 5), Vertex(0, 2, 1)]
Key: com.catan.model.RoundedPoint2D@1fa481, Value: [Vertex(0, 1, 0), Vertex(1, 2, 4), Vertex(0, 2, 2)]
Key: com.catan.model.RoundedPoint2D@1f6601, Value: [Vertex(0, 0, 1), Vertex(0, 1, 3)]
Key: com.catan.model.RoundedPoint2D@1f0841, Value: [Vertex(0, -1, 3), Vertex(0, -2, 1)]
Key: com.catan.model.RoundedPoint2D@1f46c1, Value: [Vertex(0, -1, 0), Vertex(0, 0, 2)]
Key: com.catan.model.RoundedPoint2D@1ee901, Value: [Vertex(0, -2, 2)]
Key: com.catan.model.RoundedPoint2D@25f400, Value: [Vertex(1, 1, 3)]
Key: com.catan.model.RoundedPoint2D@2651c0, Value: [Vertex(1, 2, 1)]
Key: com.catan.model.RoundedPoint2D@263280, Value: [Vertex(1, 1, 0), Vertex(1, 2, 2)]
Key: com.catan.model.RoundedPoint2D@1b9271, Value: [Vertex(0, -2, 3)]
Key: com.catan.model.RoundedPoint2D@1bf031, Value: [Vertex(0, -1, 5), Vertex(0, 0, 3)]
Key: com.catan.model.RoundedPoint2D@1bd0f1, Value: [Vertex(0, -1, 4), Vertex(0, -2, 0)]
Key: com.catan.model.RoundedPoint2D@1c8c71, Value: [Vertex(0, 2, 0)]
Key: com.catan.model.RoundedPoint2D@1c4df1, Value: [Vertex(0, 1, 5), Vertex(0, 2, 3)]
Key: com.catan.model.RoundedPoint2D@1c2eb1, Value: [Vertex(0, 0, 0), Vertex(0, 1, 4)]
Key: com.catan.model.RoundedPoint2D@124a22, Value: [Vertex(-2, 1, 3)]
Key: com.catan.model.RoundedPoint2D@1288a2, Value: [Vertex(-2, 1, 0)]
Key: com.catan.model.RoundedPoint2D@231a51, Value: [Vertex(1, 2, 0)]
Key: com.catan.model.RoundedPoint2D@22dbd1, Value: [Vertex(1, 1, 5), Vertex(0, 1, 1), Vertex(1, 2, 3)]
Key: com.catan.model.RoundedPoint2D@22bc91, Value: [Vertex(1, 1, 4), Vertex(0, 1, 2)]
Key: com.catan.model.RoundedPoint2D@225ed1, Value: [Vertex(0, -1, 2)]
Key: com.catan.model.RoundedPoint2D@227e11, Value: [Vertex(0, -1, 1)]
Key: com.catan.model.RoundedPoint2D@11ec62, Value: [Vertex(-1, -2, 5)]
Key: com.catan.model.RoundedPoint2D@11cd22, Value: [Vertex(-1, -2, 4)]
Key: com.catan.model.RoundedPoint2D@1935e1, Value: [Vertex(0, 2, 5), Vertex(-1, 2, 1)]
Key: com.catan.model.RoundedPoint2D@1916a1, Value: [Vertex(0, 2, 4)]
Key: com.catan.model.RoundedPoint2D@294a90, Value: [Vertex(1, 1, 2)]
Key: com.catan.model.RoundedPoint2D@2969d0, Value: [Vertex(1, 1, 1)]
Key: com.catan.model.RoundedPoint2D@18d821, Value: [Vertex(0, 0, 5)]
Key: com.catan.model.RoundedPoint2D@18b8e1, Value: [Vertex(0, 0, 4)]
Key: com.catan.model.RoundedPoint2D@185b21, Value: [Vertex(-1, -2, 2), Vertex(0, -2, 4)]
Key: com.catan.model.RoundedPoint2D@187a61, Value: [Vertex(-1, -2, 1), Vertex(0, -2, 5)]
Key: com.catan.model.RoundedPoint2D@15fe91, Value: [Vertex(-1, 2, 0)]
Key: com.catan.model.RoundedPoint2D@15a0d1, Value: [Vertex(-2, 1, 2)]
Key: com.catan.model.RoundedPoint2D@15c011, Value: [Vertex(-2, 1, 1)]
Key: com.catan.model.RoundedPoint2D@150491, Value: [Vertex(-1, -2, 3)]
Key: com.catan.model.RoundedPoint2D@154311, Value: [Vertex(-1, -2, 0)]
Key: com.catan.model.RoundedPoint2D@f3212, Value: [Vertex(-2, 1, 5)]
Key: com.catan.model.RoundedPoint2D@f12d2, Value: [Vertex(-2, 1, 4)]
Key: com.catan.model.RoundedPoint2D@1fc3c1, Value: [Vertex(1, 2, 5), Vertex(0, 2, 1)]
Key: com.catan.model.RoundedPoint2D@1fa481, Value: [Vertex(0, 1, 0), Vertex(1, 2, 4), Vertex(0, 2, 2)]
Key: com.catan.model.RoundedPoint2D@1f6601, Value: [Vertex(0, 0, 1), Vertex(0, 1, 3)]
Key: com.catan.model.RoundedPoint2D@1f0841, Value: [Vertex(0, -1, 3), Vertex(0, -2, 1)]
Key: com.catan.model.RoundedPoint2D@1f46c1, Value: [Vertex(0, -1, 0), Vertex(0, 0, 2)]
Key: com.catan.model.RoundedPoint2D@1ee901, Value: [Vertex(0, -2, 2)]
Key: com.catan.model.RoundedPoint2D@25f400, Value: [Vertex(1, 1, 3)]
Key: com.catan.model.RoundedPoint2D@2651c0, Value: [Vertex(1, 2, 1)]
Key: com.catan.model.RoundedPoint2D@263280, Value: [Vertex(1, 1, 0), Vertex(1, 2, 2)]
Key: com.catan.model.RoundedPoint2D@1b9271, Value: [Vertex(0, -2, 3)]
Key: com.catan.model.RoundedPoint2D@1bf031, Value: [Vertex(0, -1, 5), Vertex(0, 0, 3)]
Key: com.catan.model.RoundedPoint2D@1bd0f1, Value: [Vertex(0, -1, 4), Vertex(0, -2, 0)]
Key: com.catan.model.RoundedPoint2D@1c8c71, Value: [Vertex(0, 2, 0)]
Key: com.catan.model.RoundedPoint2D@1c4df1, Value: [Vertex(0, 1, 5), Vertex(0, 2, 3)]
Key: com.catan.model.RoundedPoint2D@1c2eb1, Value: [Vertex(0, 0, 0), Vertex(0, 1, 4)]
Key: com.catan.model.RoundedPoint2D@124a22, Value: [Vertex(-2, 1, 3)]
Key: com.catan.model.RoundedPoint2D@1288a2, Value: [Vertex(-2, 1, 0)]
Key: com.catan.model.RoundedPoint2D@231a51, Value: [Vertex(1, 2, 0)]
Key: com.catan.model.RoundedPoint2D@22dbd1, Value: [Vertex(1, 1, 5), Vertex(0, 1, 1), Vertex(1, 2, 3)]
Key: com.catan.model.RoundedPoint2D@22bc91, Value: [Vertex(1, 1, 4), Vertex(0, 1, 2)]
Key: com.catan.model.RoundedPoint2D@225ed1, Value: [Vertex(0, -1, 2)]
Key: com.catan.model.RoundedPoint2D@227e11, Value: [Vertex(0, -1, 1)]
Key: com.catan.model.RoundedPoint2D@11ec62, Value: [Vertex(-1, -2, 5)]
Key: com.catan.model.RoundedPoint2D@11cd22, Value: [Vertex(-1, -2, 4)]
Key: com.catan.model.RoundedPoint2D@1935e1, Value: [Vertex(0, 2, 5), Vertex(-1, 2, 1)]
Key: com.catan.model.RoundedPoint2D@1916a1, Value: [Vertex(0, 2, 4), Vertex(-1, 2, 2)]
Key: com.catan.model.RoundedPoint2D@294a90, Value: [Vertex(1, 1, 2)]
Key: com.catan.model.RoundedPoint2D@2969d0, Value: [Vertex(1, 1, 1)]
Key: com.catan.model.RoundedPoint2D@18d821, Value: [Vertex(0, 0, 5)]
Key: com.catan.model.RoundedPoint2D@18b8e1, Value: [Vertex(0, 0, 4)]
Key: com.catan.model.RoundedPoint2D@185b21, Value: [Vertex(-1, -2, 2), Vertex(0, -2, 4)]
Key: com.catan.model.RoundedPoint2D@187a61, Value: [Vertex(-1, -2, 1), Vertex(0, -2, 5)]
Key: com.catan.model.RoundedPoint2D@15fe91, Value: [Vertex(-1, 2, 0)]
Key: com.catan.model.RoundedPoint2D@15a0d1, Value: [Vertex(-2, 1, 2)]
Key: com.catan.model.RoundedPoint2D@15c011, Value: [Vertex(-2, 1, 1), Vertex(-1, 2, 3)]
Key: com.catan.model.RoundedPoint2D@150491, Value: [Vertex(-1, -2, 3)]
Key: com.catan.model.RoundedPoint2D@154311, Value: [Vertex(-1, -2, 0)]
Key: com.catan.model.RoundedPoint2D@f3212, Value: [Vertex(-2, 1, 5)]
Key: com.catan.model.RoundedPoint2D@f12d2, Value: [Vertex(-2, 1, 4)]
Key: com.catan.model.RoundedPoint2D@1fc3c1, Value: [Vertex(1, 2, 5), Vertex(0, 2, 1)]
Key: com.catan.model.RoundedPoint2D@1fa481, Value: [Vertex(0, 1, 0), Vertex(1, 2, 4), Vertex(0, 2, 2)]
Key: com.catan.model.RoundedPoint2D@1f6601, Value: [Vertex(0, 0, 1), Vertex(0, 1, 3)]
Key: com.catan.model.RoundedPoint2D@1f0841, Value: [Vertex(0, -1, 3), Vertex(0, -2, 1)]
Key: com.catan.model.RoundedPoint2D@1f46c1, Value: [Vertex(0, -1, 0), Vertex(0, 0, 2)]
Key: com.catan.model.RoundedPoint2D@1ee901, Value: [Vertex(0, -2, 2)]
Key: com.catan.model.RoundedPoint2D@25f400, Value: [Vertex(1, 1, 3)]
Key: com.catan.model.RoundedPoint2D@2651c0, Value: [Vertex(1, 2, 1)]
Key: com.catan.model.RoundedPoint2D@263280, Value: [Vertex(1, 1, 0), Vertex(1, 2, 2)]
Key: com.catan.model.RoundedPoint2D@1b9271, Value: [Vertex(0, -2, 3)]
Key: com.catan.model.RoundedPoint2D@1bf031, Value: [Vertex(0, -1, 5), Vertex(0, 0, 3)]
Key: com.catan.model.RoundedPoint2D@1bd0f1, Value: [Vertex(0, -1, 4), Vertex(0, -2, 0)]
Key: com.catan.model.RoundedPoint2D@1c8c71, Value: [Vertex(0, 2, 0)]
Key: com.catan.model.RoundedPoint2D@1c4df1, Value: [Vertex(0, 1, 5), Vertex(0, 2, 3)]
Key: com.catan.model.RoundedPoint2D@1c2eb1, Value: [Vertex(0, 0, 0), Vertex(0, 1, 4)]
Key: com.catan.model.RoundedPoint2D@124a22, Value: [Vertex(-2, 1, 3)]
Key: com.catan.model.RoundedPoint2D@1288a2, Value: [Vertex(-2, 1, 0)]
Key: com.catan.model.RoundedPoint2D@231a51, Value: [Vertex(1, 2, 0)]
Key: com.catan.model.RoundedPoint2D@22dbd1, Value: [Vertex(1, 1, 5), Vertex(0, 1, 1), Vertex(1, 2, 3)]
Key: com.catan.model.RoundedPoint2D@22bc91, Value: [Vertex(1, 1, 4), Vertex(0, 1, 2)]
Key: com.catan.model.RoundedPoint2D@225ed1, Value: [Vertex(0, -1, 2)]
Key: com.catan.model.RoundedPoint2D@227e11, Value: [Vertex(0, -1, 1)]
Key: com.catan.model.RoundedPoint2D@11ec62, Value: [Vertex(-1, -2, 5)]
Key: com.catan.model.RoundedPoint2D@11cd22, Value: [Vertex(-1, -2, 4)]
Key: com.catan.model.RoundedPoint2D@1935e1, Value: [Vertex(0, 2, 5), Vertex(-1, 2, 1)]
Key: com.catan.model.RoundedPoint2D@1916a1, Value: [Vertex(0, 2, 4), Vertex(-1, 2, 2)]
Key: com.catan.model.RoundedPoint2D@294a90, Value: [Vertex(1, 1, 2)]
Key: com.catan.model.RoundedPoint2D@2969d0, Value: [Vertex(1, 1, 1)]
Key: com.catan.model.RoundedPoint2D@18d821, Value: [Vertex(0, 0, 5)]
Key: com.catan.model.RoundedPoint2D@18b8e1, Value: [Vertex(0, 0, 4)]
Key: com.catan.model.RoundedPoint2D@185b21, Value: [Vertex(-1, -2, 2), Vertex(0, -2, 4)]
Key: com.catan.model.RoundedPoint2D@187a61, Value: [Vertex(-1, -2, 1), Vertex(0, -2, 5)]
Key: com.catan.model.RoundedPoint2D@15fe91, Value: [Vertex(-1, 2, 0)]
Key: com.catan.model.RoundedPoint2D@15a0d1, Value: [Vertex(-2, 1, 2)]
Key: com.catan.model.RoundedPoint2D@15c011, Value: [Vertex(-2, 1, 1), Vertex(-1, 2, 3)]
Key: com.catan.model.RoundedPoint2D@150491, Value: [Vertex(-1, -2, 3)]
Key: com.catan.model.RoundedPoint2D@154311, Value: [Vertex(-1, -2, 0)]
Key: com.catan.model.RoundedPoint2D@f3212, Value: [Vertex(-2, 1, 5)]
Key: com.catan.model.RoundedPoint2D@f12d2, Value: [Vertex(-2, 1, 4)]
Key: com.catan.model.RoundedPoint2D@1fc3c1, Value: [Vertex(1, 2, 5), Vertex(0, 2, 1)]
Key: com.catan.model.RoundedPoint2D@1fa481, Value: [Vertex(0, 1, 0), Vertex(1, 2, 4), Vertex(0, 2, 2)]
Key: com.catan.model.RoundedPoint2D@1f6601, Value: [Vertex(0, 0, 1), Vertex(0, 1, 3)]
Key: com.catan.model.RoundedPoint2D@1f0841, Value: [Vertex(0, -1, 3), Vertex(0, -2, 1)]
Key: com.catan.model.RoundedPoint2D@1f46c1, Value: [Vertex(0, -1, 0), Vertex(0, 0, 2)]
Key: com.catan.model.RoundedPoint2D@1ee901, Value: [Vertex(0, -2, 2)]
Key: com.catan.model.RoundedPoint2D@25f400, Value: [Vertex(1, 1, 3)]
Key: com.catan.model.RoundedPoint2D@2651c0, Value: [Vertex(1, 2, 1)]
Key: com.catan.model.RoundedPoint2D@263280, Value: [Vertex(1, 1, 0), Vertex(1, 2, 2)]
Key: com.catan.model.RoundedPoint2D@1b9271, Value: [Vertex(0, -2, 3)]
Key: com.catan.model.RoundedPoint2D@1bf031, Value: [Vertex(0, -1, 5), Vertex(0, 0, 3)]
Key: com.catan.model.RoundedPoint2D@1bd0f1, Value: [Vertex(0, -1, 4), Vertex(0, -2, 0)]
Key: com.catan.model.RoundedPoint2D@1c8c71, Value: [Vertex(0, 2, 0)]
Key: com.catan.model.RoundedPoint2D@1c4df1, Value: [Vertex(0, 1, 5), Vertex(0, 2, 3)]
Key: com.catan.model.RoundedPoint2D@1c2eb1, Value: [Vertex(0, 0, 0), Vertex(0, 1, 4)]
Key: com.catan.model.RoundedPoint2D@124a22, Value: [Vertex(-2, 1, 3)]
Key: com.catan.model.RoundedPoint2D@1288a2, Value: [Vertex(-2, 1, 0), Vertex(-1, 2, 4)]
Key: com.catan.model.RoundedPoint2D@231a51, Value: [Vertex(1, 2, 0)]
Key: com.catan.model.RoundedPoint2D@22dbd1, Value: [Vertex(1, 1, 5), Vertex(0, 1, 1), Vertex(1, 2, 3)]
Key: com.catan.model.RoundedPoint2D@22bc91, Value: [Vertex(1, 1, 4), Vertex(0, 1, 2)]
Key: com.catan.model.RoundedPoint2D@225ed1, Value: [Vertex(0, -1, 2)]
Key: com.catan.model.RoundedPoint2D@227e11, Value: [Vertex(0, -1, 1)]
Key: com.catan.model.RoundedPoint2D@11ec62, Value: [Vertex(-1, -2, 5)]
Key: com.catan.model.RoundedPoint2D@11cd22, Value: [Vertex(-1, -2, 4)]
Key: com.catan.model.RoundedPoint2D@1935e1, Value: [Vertex(0, 2, 5), Vertex(-1, 2, 1)]
Key: com.catan.model.RoundedPoint2D@1916a1, Value: [Vertex(0, 2, 4), Vertex(-1, 2, 2)]
Key: com.catan.model.RoundedPoint2D@294a90, Value: [Vertex(1, 1, 2)]
Key: com.catan.model.RoundedPoint2D@2969d0, Value: [Vertex(1, 1, 1)]
Key: com.catan.model.RoundedPoint2D@18d821, Value: [Vertex(0, 0, 5)]
Key: com.catan.model.RoundedPoint2D@18b8e1, Value: [Vertex(0, 0, 4)]
Key: com.catan.model.RoundedPoint2D@185b21, Value: [Vertex(-1, -2, 2), Vertex(0, -2, 4)]
Key: com.catan.model.RoundedPoint2D@187a61, Value: [Vertex(-1, -2, 1), Vertex(0, -2, 5)]
Key: com.catan.model.RoundedPoint2D@15fe91, Value: [Vertex(-1, 2, 0)]
Key: com.catan.model.RoundedPoint2D@15a0d1, Value: [Vertex(-2, 1, 2)]
Key: com.catan.model.RoundedPoint2D@15c011, Value: [Vertex(-2, 1, 1), Vertex(-1, 2, 3)]
Key: com.catan.model.RoundedPoint2D@150491, Value: [Vertex(-1, -2, 3)]
Key: com.catan.model.RoundedPoint2D@154311, Value: [Vertex(-1, -2, 0)]
Key: com.catan.model.RoundedPoint2D@f3212, Value: [Vertex(-2, 1, 5)]
Key: com.catan.model.RoundedPoint2D@f12d2, Value: [Vertex(-2, 1, 4)]
Key: com.catan.model.RoundedPoint2D@1fc3c1, Value: [Vertex(1, 2, 5), Vertex(0, 2, 1)]
Key: com.catan.model.RoundedPoint2D@1fa481, Value: [Vertex(0, 1, 0), Vertex(1, 2, 4), Vertex(0, 2, 2)]
Key: com.catan.model.RoundedPoint2D@1f6601, Value: [Vertex(0, 0, 1), Vertex(0, 1, 3)]
Key: com.catan.model.RoundedPoint2D@1f0841, Value: [Vertex(0, -1, 3), Vertex(0, -2, 1)]
Key: com.catan.model.RoundedPoint2D@1f46c1, Value: [Vertex(0, -1, 0), Vertex(0, 0, 2)]
Key: com.catan.model.RoundedPoint2D@1ee901, Value: [Vertex(0, -2, 2)]
Key: com.catan.model.RoundedPoint2D@25f400, Value: [Vertex(1, 1, 3)]
Key: com.catan.model.RoundedPoint2D@2651c0, Value: [Vertex(1, 2, 1)]
Key: com.catan.model.RoundedPoint2D@263280, Value: [Vertex(1, 1, 0), Vertex(1, 2, 2)]
Key: com.catan.model.RoundedPoint2D@1b9271, Value: [Vertex(0, -2, 3)]
Key: com.catan.model.RoundedPoint2D@1bf031, Value: [Vertex(0, -1, 5), Vertex(0, 0, 3)]
Key: com.catan.model.RoundedPoint2D@1bd0f1, Value: [Vertex(0, -1, 4), Vertex(0, -2, 0)]
Key: com.catan.model.RoundedPoint2D@1c8c71, Value: [Vertex(0, 2, 0)]
Key: com.catan.model.RoundedPoint2D@1c4df1, Value: [Vertex(0, 1, 5), Vertex(0, 2, 3)]
Key: com.catan.model.RoundedPoint2D@1c2eb1, Value: [Vertex(0, 0, 0), Vertex(0, 1, 4)]
Key: com.catan.model.RoundedPoint2D@12a7e2, Value: [Vertex(-1, 2, 5)]
Key: com.catan.model.RoundedPoint2D@124a22, Value: [Vertex(-2, 1, 3)]
Key: com.catan.model.RoundedPoint2D@1288a2, Value: [Vertex(-2, 1, 0), Vertex(-1, 2, 4)]
Key: com.catan.model.RoundedPoint2D@231a51, Value: [Vertex(1, 2, 0)]
Key: com.catan.model.RoundedPoint2D@22dbd1, Value: [Vertex(1, 1, 5), Vertex(0, 1, 1), Vertex(1, 2, 3)]
Key: com.catan.model.RoundedPoint2D@22bc91, Value: [Vertex(1, 1, 4), Vertex(0, 1, 2)]
Key: com.catan.model.RoundedPoint2D@225ed1, Value: [Vertex(0, -1, 2)]
Key: com.catan.model.RoundedPoint2D@227e11, Value: [Vertex(0, -1, 1)]
Key: com.catan.model.RoundedPoint2D@11ec62, Value: [Vertex(-1, -2, 5)]
Key: com.catan.model.RoundedPoint2D@11cd22, Value: [Vertex(-1, -2, 4)]
Key: com.catan.model.RoundedPoint2D@1935e1, Value: [Vertex(0, 2, 5), Vertex(-1, 2, 1)]
Key: com.catan.model.RoundedPoint2D@1916a1, Value: [Vertex(0, 2, 4), Vertex(-1, 2, 2)]
Key: com.catan.model.RoundedPoint2D@294a90, Value: [Vertex(1, 1, 2)]
Key: com.catan.model.RoundedPoint2D@2969d0, Value: [Vertex(1, 1, 1)]
Key: com.catan.model.RoundedPoint2D@18d821, Value: [Vertex(0, 0, 5)]
Key: com.catan.model.RoundedPoint2D@18b8e1, Value: [Vertex(0, 0, 4)]
Key: com.catan.model.RoundedPoint2D@185b21, Value: [Vertex(-1, -2, 2), Vertex(0, -2, 4)]
Key: com.catan.model.RoundedPoint2D@187a61, Value: [Vertex(-1, -2, 1), Vertex(0, -2, 5)]
Key: com.catan.model.RoundedPoint2D@15fe91, Value: [Vertex(-1, 2, 0)]
Key: com.catan.model.RoundedPoint2D@15a0d1, Value: [Vertex(-2, 1, 2)]
Key: com.catan.model.RoundedPoint2D@15c011, Value: [Vertex(-2, 1, 1), Vertex(-1, 2, 3)]
Key: com.catan.model.RoundedPoint2D@150491, Value: [Vertex(-1, -2, 3)]
Key: com.catan.model.RoundedPoint2D@154311, Value: [Vertex(-1, -2, 0)]
Key: com.catan.model.RoundedPoint2D@f3212, Value: [Vertex(-2, 1, 5)]
Key: com.catan.model.RoundedPoint2D@f12d2, Value: [Vertex(-2, 1, 4)]
Key: com.catan.model.RoundedPoint2D@1fc3c1, Value: [Vertex(1, 2, 5), Vertex(0, 2, 1)]
Key: com.catan.model.RoundedPoint2D@1fa481, Value: [Vertex(0, 1, 0), Vertex(1, 2, 4), Vertex(0, 2, 2)]
Key: com.catan.model.RoundedPoint2D@1f6601, Value: [Vertex(0, 0, 1), Vertex(0, 1, 3)]
Key: com.catan.model.RoundedPoint2D@1f0841, Value: [Vertex(0, -1, 3), Vertex(0, -2, 1)]
Key: com.catan.model.RoundedPoint2D@1f46c1, Value: [Vertex(0, -1, 0), Vertex(0, 0, 2)]
Key: com.catan.model.RoundedPoint2D@1ee901, Value: [Vertex(0, -2, 2)]
Key: com.catan.model.RoundedPoint2D@25f400, Value: [Vertex(1, 1, 3)]
Key: com.catan.model.RoundedPoint2D@2651c0, Value: [Vertex(1, 2, 1)]
Key: com.catan.model.RoundedPoint2D@263280, Value: [Vertex(1, 1, 0), Vertex(1, 2, 2)]
Key: com.catan.model.RoundedPoint2D@1b9271, Value: [Vertex(0, -2, 3)]
Key: com.catan.model.RoundedPoint2D@1bf031, Value: [Vertex(0, -1, 5), Vertex(0, 0, 3)]
Key: com.catan.model.RoundedPoint2D@1bd0f1, Value: [Vertex(0, -1, 4), Vertex(0, -2, 0)]
Key: com.catan.model.RoundedPoint2D@1c8c71, Value: [Vertex(0, 2, 0)]
Key: com.catan.model.RoundedPoint2D@1c4df1, Value: [Vertex(0, 1, 5), Vertex(0, 2, 3)]
Key: com.catan.model.RoundedPoint2D@1c2eb1, Value: [Vertex(0, 0, 0), Vertex(0, 1, 4)]
Key: com.catan.model.RoundedPoint2D@12a7e2, Value: [Vertex(-1, 2, 5)]
Key: com.catan.model.RoundedPoint2D@124a22, Value: [Vertex(-2, 1, 3)]
Key: com.catan.model.RoundedPoint2D@1288a2, Value: [Vertex(-2, 1, 0), Vertex(-1, 2, 4)]
Key: com.catan.model.RoundedPoint2D@231a51, Value: [Vertex(1, 2, 0)]
Key: com.catan.model.RoundedPoint2D@22dbd1, Value: [Vertex(1, 1, 5), Vertex(0, 1, 1), Vertex(1, 2, 3)]
Key: com.catan.model.RoundedPoint2D@22bc91, Value: [Vertex(1, 1, 4), Vertex(0, 1, 2)]
Key: com.catan.model.RoundedPoint2D@225ed1, Value: [Vertex(0, -1, 2), Vertex(1, -2, 0)]
Key: com.catan.model.RoundedPoint2D@227e11, Value: [Vertex(0, -1, 1)]
Key: com.catan.model.RoundedPoint2D@11ec62, Value: [Vertex(-1, -2, 5)]
Key: com.catan.model.RoundedPoint2D@11cd22, Value: [Vertex(-1, -2, 4)]
Key: com.catan.model.RoundedPoint2D@1935e1, Value: [Vertex(0, 2, 5), Vertex(-1, 2, 1)]
Key: com.catan.model.RoundedPoint2D@1916a1, Value: [Vertex(0, 2, 4), Vertex(-1, 2, 2)]
Key: com.catan.model.RoundedPoint2D@294a90, Value: [Vertex(1, 1, 2)]
Key: com.catan.model.RoundedPoint2D@2969d0, Value: [Vertex(1, 1, 1)]
Key: com.catan.model.RoundedPoint2D@18d821, Value: [Vertex(0, 0, 5)]
Key: com.catan.model.RoundedPoint2D@18b8e1, Value: [Vertex(0, 0, 4)]
Key: com.catan.model.RoundedPoint2D@185b21, Value: [Vertex(-1, -2, 2), Vertex(0, -2, 4)]
Key: com.catan.model.RoundedPoint2D@187a61, Value: [Vertex(-1, -2, 1), Vertex(0, -2, 5)]
Key: com.catan.model.RoundedPoint2D@15fe91, Value: [Vertex(-1, 2, 0)]
Key: com.catan.model.RoundedPoint2D@15a0d1, Value: [Vertex(-2, 1, 2)]
Key: com.catan.model.RoundedPoint2D@15c011, Value: [Vertex(-2, 1, 1), Vertex(-1, 2, 3)]
Key: com.catan.model.RoundedPoint2D@150491, Value: [Vertex(-1, -2, 3)]
Key: com.catan.model.RoundedPoint2D@154311, Value: [Vertex(-1, -2, 0)]
Key: com.catan.model.RoundedPoint2D@f3212, Value: [Vertex(-2, 1, 5)]
Key: com.catan.model.RoundedPoint2D@f12d2, Value: [Vertex(-2, 1, 4)]
Key: com.catan.model.RoundedPoint2D@1fc3c1, Value: [Vertex(1, 2, 5), Vertex(0, 2, 1)]
Key: com.catan.model.RoundedPoint2D@1fa481, Value: [Vertex(0, 1, 0), Vertex(1, 2, 4), Vertex(0, 2, 2)]
Key: com.catan.model.RoundedPoint2D@1f6601, Value: [Vertex(0, 0, 1), Vertex(0, 1, 3)]
Key: com.catan.model.RoundedPoint2D@1f0841, Value: [Vertex(0, -1, 3), Vertex(0, -2, 1)]
Key: com.catan.model.RoundedPoint2D@1f46c1, Value: [Vertex(0, -1, 0), Vertex(0, 0, 2)]
Key: com.catan.model.RoundedPoint2D@1ee901, Value: [Vertex(0, -2, 2)]
Key: com.catan.model.RoundedPoint2D@259640, Value: [Vertex(1, -2, 1)]
Key: com.catan.model.RoundedPoint2D@25f400, Value: [Vertex(1, 1, 3)]
Key: com.catan.model.RoundedPoint2D@2651c0, Value: [Vertex(1, 2, 1)]
Key: com.catan.model.RoundedPoint2D@263280, Value: [Vertex(1, 1, 0), Vertex(1, 2, 2)]
Key: com.catan.model.RoundedPoint2D@1b9271, Value: [Vertex(0, -2, 3)]
Key: com.catan.model.RoundedPoint2D@1bf031, Value: [Vertex(0, -1, 5), Vertex(0, 0, 3)]
Key: com.catan.model.RoundedPoint2D@1bd0f1, Value: [Vertex(0, -1, 4), Vertex(0, -2, 0)]
Key: com.catan.model.RoundedPoint2D@1c8c71, Value: [Vertex(0, 2, 0)]
Key: com.catan.model.RoundedPoint2D@1c4df1, Value: [Vertex(0, 1, 5), Vertex(0, 2, 3)]
Key: com.catan.model.RoundedPoint2D@1c2eb1, Value: [Vertex(0, 0, 0), Vertex(0, 1, 4)]
Key: com.catan.model.RoundedPoint2D@12a7e2, Value: [Vertex(-1, 2, 5)]
Key: com.catan.model.RoundedPoint2D@124a22, Value: [Vertex(-2, 1, 3)]
Key: com.catan.model.RoundedPoint2D@1288a2, Value: [Vertex(-2, 1, 0), Vertex(-1, 2, 4)]
Key: com.catan.model.RoundedPoint2D@231a51, Value: [Vertex(1, 2, 0)]
Key: com.catan.model.RoundedPoint2D@22dbd1, Value: [Vertex(1, 1, 5), Vertex(0, 1, 1), Vertex(1, 2, 3)]
Key: com.catan.model.RoundedPoint2D@22bc91, Value: [Vertex(1, 1, 4), Vertex(0, 1, 2)]
Key: com.catan.model.RoundedPoint2D@225ed1, Value: [Vertex(0, -1, 2), Vertex(1, -2, 0)]
Key: com.catan.model.RoundedPoint2D@227e11, Value: [Vertex(0, -1, 1)]
Key: com.catan.model.RoundedPoint2D@11ec62, Value: [Vertex(-1, -2, 5)]
Key: com.catan.model.RoundedPoint2D@11cd22, Value: [Vertex(-1, -2, 4)]
Key: com.catan.model.RoundedPoint2D@1935e1, Value: [Vertex(0, 2, 5), Vertex(-1, 2, 1)]
Key: com.catan.model.RoundedPoint2D@1916a1, Value: [Vertex(0, 2, 4), Vertex(-1, 2, 2)]
Key: com.catan.model.RoundedPoint2D@294a90, Value: [Vertex(1, 1, 2)]
Key: com.catan.model.RoundedPoint2D@2969d0, Value: [Vertex(1, 1, 1)]
Key: com.catan.model.RoundedPoint2D@18d821, Value: [Vertex(0, 0, 5)]
Key: com.catan.model.RoundedPoint2D@18b8e1, Value: [Vertex(0, 0, 4)]
Key: com.catan.model.RoundedPoint2D@185b21, Value: [Vertex(-1, -2, 2), Vertex(0, -2, 4)]
Key: com.catan.model.RoundedPoint2D@187a61, Value: [Vertex(-1, -2, 1), Vertex(0, -2, 5)]
Key: com.catan.model.RoundedPoint2D@15fe91, Value: [Vertex(-1, 2, 0)]
Key: com.catan.model.RoundedPoint2D@15a0d1, Value: [Vertex(-2, 1, 2)]
Key: com.catan.model.RoundedPoint2D@15c011, Value: [Vertex(-2, 1, 1), Vertex(-1, 2, 3)]
Key: com.catan.model.RoundedPoint2D@150491, Value: [Vertex(-1, -2, 3)]
Key: com.catan.model.RoundedPoint2D@154311, Value: [Vertex(-1, -2, 0)]
Key: com.catan.model.RoundedPoint2D@f3212, Value: [Vertex(-2, 1, 5)]
Key: com.catan.model.RoundedPoint2D@f12d2, Value: [Vertex(-2, 1, 4)]
Key: com.catan.model.RoundedPoint2D@1fc3c1, Value: [Vertex(1, 2, 5), Vertex(0, 2, 1)]
Key: com.catan.model.RoundedPoint2D@1fa481, Value: [Vertex(0, 1, 0), Vertex(1, 2, 4), Vertex(0, 2, 2)]
Key: com.catan.model.RoundedPoint2D@1f6601, Value: [Vertex(0, 0, 1), Vertex(0, 1, 3)]
Key: com.catan.model.RoundedPoint2D@1f0841, Value: [Vertex(0, -1, 3), Vertex(0, -2, 1)]
Key: com.catan.model.RoundedPoint2D@1f46c1, Value: [Vertex(0, -1, 0), Vertex(0, 0, 2)]
Key: com.catan.model.RoundedPoint2D@1ee901, Value: [Vertex(0, -2, 2)]
Key: com.catan.model.RoundedPoint2D@257700, Value: [Vertex(1, -2, 2)]
Key: com.catan.model.RoundedPoint2D@259640, Value: [Vertex(1, -2, 1)]
Key: com.catan.model.RoundedPoint2D@25f400, Value: [Vertex(1, 1, 3)]
Key: com.catan.model.RoundedPoint2D@2651c0, Value: [Vertex(1, 2, 1)]
Key: com.catan.model.RoundedPoint2D@263280, Value: [Vertex(1, 1, 0), Vertex(1, 2, 2)]
Key: com.catan.model.RoundedPoint2D@1b9271, Value: [Vertex(0, -2, 3)]
Key: com.catan.model.RoundedPoint2D@1bf031, Value: [Vertex(0, -1, 5), Vertex(0, 0, 3)]
Key: com.catan.model.RoundedPoint2D@1bd0f1, Value: [Vertex(0, -1, 4), Vertex(0, -2, 0)]
Key: com.catan.model.RoundedPoint2D@1c8c71, Value: [Vertex(0, 2, 0)]
Key: com.catan.model.RoundedPoint2D@1c4df1, Value: [Vertex(0, 1, 5), Vertex(0, 2, 3)]
Key: com.catan.model.RoundedPoint2D@1c2eb1, Value: [Vertex(0, 0, 0), Vertex(0, 1, 4)]
Key: com.catan.model.RoundedPoint2D@12a7e2, Value: [Vertex(-1, 2, 5)]
Key: com.catan.model.RoundedPoint2D@124a22, Value: [Vertex(-2, 1, 3)]
Key: com.catan.model.RoundedPoint2D@1288a2, Value: [Vertex(-2, 1, 0), Vertex(-1, 2, 4)]
Key: com.catan.model.RoundedPoint2D@231a51, Value: [Vertex(1, 2, 0)]
Key: com.catan.model.RoundedPoint2D@22dbd1, Value: [Vertex(1, 1, 5), Vertex(0, 1, 1), Vertex(1, 2, 3)]
Key: com.catan.model.RoundedPoint2D@22bc91, Value: [Vertex(1, 1, 4), Vertex(0, 1, 2)]
Key: com.catan.model.RoundedPoint2D@225ed1, Value: [Vertex(0, -1, 2), Vertex(1, -2, 0)]
Key: com.catan.model.RoundedPoint2D@227e11, Value: [Vertex(0, -1, 1)]
Key: com.catan.model.RoundedPoint2D@11ec62, Value: [Vertex(-1, -2, 5)]
Key: com.catan.model.RoundedPoint2D@11cd22, Value: [Vertex(-1, -2, 4)]
Key: com.catan.model.RoundedPoint2D@1935e1, Value: [Vertex(0, 2, 5), Vertex(-1, 2, 1)]
Key: com.catan.model.RoundedPoint2D@1916a1, Value: [Vertex(0, 2, 4), Vertex(-1, 2, 2)]
Key: com.catan.model.RoundedPoint2D@294a90, Value: [Vertex(1, 1, 2)]
Key: com.catan.model.RoundedPoint2D@2969d0, Value: [Vertex(1, 1, 1)]
Key: com.catan.model.RoundedPoint2D@18d821, Value: [Vertex(0, 0, 5)]
Key: com.catan.model.RoundedPoint2D@18b8e1, Value: [Vertex(0, 0, 4)]
Key: com.catan.model.RoundedPoint2D@185b21, Value: [Vertex(-1, -2, 2), Vertex(0, -2, 4)]
Key: com.catan.model.RoundedPoint2D@187a61, Value: [Vertex(-1, -2, 1), Vertex(0, -2, 5)]
Key: com.catan.model.RoundedPoint2D@15fe91, Value: [Vertex(-1, 2, 0)]
Key: com.catan.model.RoundedPoint2D@15a0d1, Value: [Vertex(-2, 1, 2)]
Key: com.catan.model.RoundedPoint2D@15c011, Value: [Vertex(-2, 1, 1), Vertex(-1, 2, 3)]
Key: com.catan.model.RoundedPoint2D@150491, Value: [Vertex(-1, -2, 3)]
Key: com.catan.model.RoundedPoint2D@154311, Value: [Vertex(-1, -2, 0)]
Key: com.catan.model.RoundedPoint2D@f3212, Value: [Vertex(-2, 1, 5)]
Key: com.catan.model.RoundedPoint2D@f12d2, Value: [Vertex(-2, 1, 4)]
Key: com.catan.model.RoundedPoint2D@1fc3c1, Value: [Vertex(1, 2, 5), Vertex(0, 2, 1)]
Key: com.catan.model.RoundedPoint2D@1fa481, Value: [Vertex(0, 1, 0), Vertex(1, 2, 4), Vertex(0, 2, 2)]
Key: com.catan.model.RoundedPoint2D@1f6601, Value: [Vertex(0, 0, 1), Vertex(0, 1, 3)]
Key: com.catan.model.RoundedPoint2D@1f0841, Value: [Vertex(0, -1, 3), Vertex(0, -2, 1)]
Key: com.catan.model.RoundedPoint2D@1f46c1, Value: [Vertex(0, -1, 0), Vertex(0, 0, 2)]
Key: com.catan.model.RoundedPoint2D@1ee901, Value: [Vertex(0, -2, 2)]
Key: com.catan.model.RoundedPoint2D@257700, Value: [Vertex(1, -2, 2)]
Key: com.catan.model.RoundedPoint2D@259640, Value: [Vertex(1, -2, 1)]
Key: com.catan.model.RoundedPoint2D@25f400, Value: [Vertex(1, 1, 3)]
Key: com.catan.model.RoundedPoint2D@2651c0, Value: [Vertex(1, 2, 1)]
Key: com.catan.model.RoundedPoint2D@263280, Value: [Vertex(1, 1, 0), Vertex(1, 2, 2)]
Key: com.catan.model.RoundedPoint2D@1b9271, Value: [Vertex(0, -2, 3)]
Key: com.catan.model.RoundedPoint2D@1bf031, Value: [Vertex(0, -1, 5), Vertex(0, 0, 3)]
Key: com.catan.model.RoundedPoint2D@1bd0f1, Value: [Vertex(0, -1, 4), Vertex(0, -2, 0)]
Key: com.catan.model.RoundedPoint2D@1c8c71, Value: [Vertex(0, 2, 0)]
Key: com.catan.model.RoundedPoint2D@1c4df1, Value: [Vertex(0, 1, 5), Vertex(0, 2, 3)]
Key: com.catan.model.RoundedPoint2D@1c2eb1, Value: [Vertex(0, 0, 0), Vertex(0, 1, 4)]
Key: com.catan.model.RoundedPoint2D@12a7e2, Value: [Vertex(-1, 2, 5)]
Key: com.catan.model.RoundedPoint2D@124a22, Value: [Vertex(-2, 1, 3)]
Key: com.catan.model.RoundedPoint2D@1288a2, Value: [Vertex(-2, 1, 0), Vertex(-1, 2, 4)]
Key: com.catan.model.RoundedPoint2D@231a51, Value: [Vertex(1, 2, 0)]
Key: com.catan.model.RoundedPoint2D@222051, Value: [Vertex(1, -2, 3)]
Key: com.catan.model.RoundedPoint2D@22dbd1, Value: [Vertex(1, 1, 5), Vertex(0, 1, 1), Vertex(1, 2, 3)]
Key: com.catan.model.RoundedPoint2D@22bc91, Value: [Vertex(1, 1, 4), Vertex(0, 1, 2)]
Key: com.catan.model.RoundedPoint2D@225ed1, Value: [Vertex(0, -1, 2), Vertex(1, -2, 0)]
Key: com.catan.model.RoundedPoint2D@227e11, Value: [Vertex(0, -1, 1)]
Key: com.catan.model.RoundedPoint2D@11ec62, Value: [Vertex(-1, -2, 5)]
Key: com.catan.model.RoundedPoint2D@11cd22, Value: [Vertex(-1, -2, 4)]
Key: com.catan.model.RoundedPoint2D@1935e1, Value: [Vertex(0, 2, 5), Vertex(-1, 2, 1)]
Key: com.catan.model.RoundedPoint2D@1916a1, Value: [Vertex(0, 2, 4), Vertex(-1, 2, 2)]
Key: com.catan.model.RoundedPoint2D@294a90, Value: [Vertex(1, 1, 2)]
Key: com.catan.model.RoundedPoint2D@2969d0, Value: [Vertex(1, 1, 1)]
Key: com.catan.model.RoundedPoint2D@18d821, Value: [Vertex(0, 0, 5)]
Key: com.catan.model.RoundedPoint2D@18b8e1, Value: [Vertex(0, 0, 4)]
Key: com.catan.model.RoundedPoint2D@185b21, Value: [Vertex(-1, -2, 2), Vertex(0, -2, 4)]
Key: com.catan.model.RoundedPoint2D@187a61, Value: [Vertex(-1, -2, 1), Vertex(0, -2, 5)]
Key: com.catan.model.RoundedPoint2D@15fe91, Value: [Vertex(-1, 2, 0)]
Key: com.catan.model.RoundedPoint2D@15a0d1, Value: [Vertex(-2, 1, 2)]
Key: com.catan.model.RoundedPoint2D@15c011, Value: [Vertex(-2, 1, 1), Vertex(-1, 2, 3)]
Key: com.catan.model.RoundedPoint2D@150491, Value: [Vertex(-1, -2, 3)]
Key: com.catan.model.RoundedPoint2D@154311, Value: [Vertex(-1, -2, 0)]
Key: com.catan.model.RoundedPoint2D@f3212, Value: [Vertex(-2, 1, 5)]
Key: com.catan.model.RoundedPoint2D@f12d2, Value: [Vertex(-2, 1, 4)]
Key: com.catan.model.RoundedPoint2D@1fc3c1, Value: [Vertex(1, 2, 5), Vertex(0, 2, 1)]
Key: com.catan.model.RoundedPoint2D@1fa481, Value: [Vertex(0, 1, 0), Vertex(1, 2, 4), Vertex(0, 2, 2)]
Key: com.catan.model.RoundedPoint2D@1f6601, Value: [Vertex(0, 0, 1), Vertex(0, 1, 3)]
Key: com.catan.model.RoundedPoint2D@1f0841, Value: [Vertex(0, -1, 3), Vertex(0, -2, 1)]
Key: com.catan.model.RoundedPoint2D@1f46c1, Value: [Vertex(0, -1, 0), Vertex(0, 0, 2)]
Key: com.catan.model.RoundedPoint2D@1ee901, Value: [Vertex(0, -2, 2), Vertex(1, -2, 4)]
Key: com.catan.model.RoundedPoint2D@257700, Value: [Vertex(1, -2, 2)]
Key: com.catan.model.RoundedPoint2D@259640, Value: [Vertex(1, -2, 1)]
Key: com.catan.model.RoundedPoint2D@25f400, Value: [Vertex(1, 1, 3)]
Key: com.catan.model.RoundedPoint2D@2651c0, Value: [Vertex(1, 2, 1)]
Key: com.catan.model.RoundedPoint2D@263280, Value: [Vertex(1, 1, 0), Vertex(1, 2, 2)]
Key: com.catan.model.RoundedPoint2D@1b9271, Value: [Vertex(0, -2, 3)]
Key: com.catan.model.RoundedPoint2D@1bf031, Value: [Vertex(0, -1, 5), Vertex(0, 0, 3)]
Key: com.catan.model.RoundedPoint2D@1bd0f1, Value: [Vertex(0, -1, 4), Vertex(0, -2, 0)]
Key: com.catan.model.RoundedPoint2D@1c8c71, Value: [Vertex(0, 2, 0)]
Key: com.catan.model.RoundedPoint2D@1c4df1, Value: [Vertex(0, 1, 5), Vertex(0, 2, 3)]
Key: com.catan.model.RoundedPoint2D@1c2eb1, Value: [Vertex(0, 0, 0), Vertex(0, 1, 4)]
Key: com.catan.model.RoundedPoint2D@12a7e2, Value: [Vertex(-1, 2, 5)]
Key: com.catan.model.RoundedPoint2D@124a22, Value: [Vertex(-2, 1, 3)]
Key: com.catan.model.RoundedPoint2D@1288a2, Value: [Vertex(-2, 1, 0), Vertex(-1, 2, 4)]
Key: com.catan.model.RoundedPoint2D@231a51, Value: [Vertex(1, 2, 0)]
Key: com.catan.model.RoundedPoint2D@222051, Value: [Vertex(1, -2, 3)]
Key: com.catan.model.RoundedPoint2D@22dbd1, Value: [Vertex(1, 1, 5), Vertex(0, 1, 1), Vertex(1, 2, 3)]
Key: com.catan.model.RoundedPoint2D@22bc91, Value: [Vertex(1, 1, 4), Vertex(0, 1, 2)]
Key: com.catan.model.RoundedPoint2D@225ed1, Value: [Vertex(0, -1, 2), Vertex(1, -2, 0)]
Key: com.catan.model.RoundedPoint2D@227e11, Value: [Vertex(0, -1, 1)]
Key: com.catan.model.RoundedPoint2D@11ec62, Value: [Vertex(-1, -2, 5)]
Key: com.catan.model.RoundedPoint2D@11cd22, Value: [Vertex(-1, -2, 4)]
Key: com.catan.model.RoundedPoint2D@1935e1, Value: [Vertex(0, 2, 5), Vertex(-1, 2, 1)]
Key: com.catan.model.RoundedPoint2D@1916a1, Value: [Vertex(0, 2, 4), Vertex(-1, 2, 2)]
Key: com.catan.model.RoundedPoint2D@294a90, Value: [Vertex(1, 1, 2)]
Key: com.catan.model.RoundedPoint2D@2969d0, Value: [Vertex(1, 1, 1)]
Key: com.catan.model.RoundedPoint2D@18d821, Value: [Vertex(0, 0, 5)]
Key: com.catan.model.RoundedPoint2D@18b8e1, Value: [Vertex(0, 0, 4)]
Key: com.catan.model.RoundedPoint2D@185b21, Value: [Vertex(-1, -2, 2), Vertex(0, -2, 4)]
Key: com.catan.model.RoundedPoint2D@187a61, Value: [Vertex(-1, -2, 1), Vertex(0, -2, 5)]
Key: com.catan.model.RoundedPoint2D@15fe91, Value: [Vertex(-1, 2, 0)]
Key: com.catan.model.RoundedPoint2D@15a0d1, Value: [Vertex(-2, 1, 2)]
Key: com.catan.model.RoundedPoint2D@15c011, Value: [Vertex(-2, 1, 1), Vertex(-1, 2, 3)]
Key: com.catan.model.RoundedPoint2D@150491, Value: [Vertex(-1, -2, 3)]
Key: com.catan.model.RoundedPoint2D@154311, Value: [Vertex(-1, -2, 0)]
Key: com.catan.model.RoundedPoint2D@f3212, Value: [Vertex(-2, 1, 5)]
Key: com.catan.model.RoundedPoint2D@f12d2, Value: [Vertex(-2, 1, 4)]
Key: com.catan.model.RoundedPoint2D@1fc3c1, Value: [Vertex(1, 2, 5), Vertex(0, 2, 1)]
Key: com.catan.model.RoundedPoint2D@1fa481, Value: [Vertex(0, 1, 0), Vertex(1, 2, 4), Vertex(0, 2, 2)]
Key: com.catan.model.RoundedPoint2D@1f6601, Value: [Vertex(0, 0, 1), Vertex(0, 1, 3)]
Key: com.catan.model.RoundedPoint2D@1f0841, Value: [Vertex(0, -1, 3), Vertex(0, -2, 1), Vertex(1, -2, 5)]
Key: com.catan.model.RoundedPoint2D@1f46c1, Value: [Vertex(0, -1, 0), Vertex(0, 0, 2)]
Key: com.catan.model.RoundedPoint2D@1ee901, Value: [Vertex(0, -2, 2), Vertex(1, -2, 4)]
Key: com.catan.model.RoundedPoint2D@257700, Value: [Vertex(1, -2, 2)]
Key: com.catan.model.RoundedPoint2D@259640, Value: [Vertex(1, -2, 1)]
Key: com.catan.model.RoundedPoint2D@25f400, Value: [Vertex(1, 1, 3)]
Key: com.catan.model.RoundedPoint2D@2651c0, Value: [Vertex(1, 2, 1)]
Key: com.catan.model.RoundedPoint2D@263280, Value: [Vertex(1, 1, 0), Vertex(1, 2, 2)]
Key: com.catan.model.RoundedPoint2D@1b9271, Value: [Vertex(0, -2, 3)]
Key: com.catan.model.RoundedPoint2D@1bf031, Value: [Vertex(0, -1, 5), Vertex(0, 0, 3)]
Key: com.catan.model.RoundedPoint2D@1bd0f1, Value: [Vertex(0, -1, 4), Vertex(0, -2, 0)]
Key: com.catan.model.RoundedPoint2D@1c8c71, Value: [Vertex(0, 2, 0)]
Key: com.catan.model.RoundedPoint2D@1c4df1, Value: [Vertex(0, 1, 5), Vertex(0, 2, 3)]
Key: com.catan.model.RoundedPoint2D@1c2eb1, Value: [Vertex(0, 0, 0), Vertex(0, 1, 4)]
Key: com.catan.model.RoundedPoint2D@12a7e2, Value: [Vertex(-1, 2, 5)]
Key: com.catan.model.RoundedPoint2D@124a22, Value: [Vertex(-2, 1, 3)]
Key: com.catan.model.RoundedPoint2D@1288a2, Value: [Vertex(-2, 1, 0), Vertex(-1, 2, 4)]
Key: com.catan.model.RoundedPoint2D@231a51, Value: [Vertex(1, 2, 0)]
Key: com.catan.model.RoundedPoint2D@222051, Value: [Vertex(1, -2, 3)]
Key: com.catan.model.RoundedPoint2D@22dbd1, Value: [Vertex(1, 1, 5), Vertex(0, 1, 1), Vertex(1, 2, 3)]
Key: com.catan.model.RoundedPoint2D@22bc91, Value: [Vertex(1, 1, 4), Vertex(0, 1, 2)]
Key: com.catan.model.RoundedPoint2D@225ed1, Value: [Vertex(0, -1, 2), Vertex(1, -2, 0)]
Key: com.catan.model.RoundedPoint2D@227e11, Value: [Vertex(0, -1, 1)]
Key: com.catan.model.RoundedPoint2D@11ec62, Value: [Vertex(-1, -2, 5)]
Key: com.catan.model.RoundedPoint2D@11cd22, Value: [Vertex(-1, -2, 4)]
Key: com.catan.model.RoundedPoint2D@1935e1, Value: [Vertex(0, 2, 5), Vertex(-1, 2, 1)]
Key: com.catan.model.RoundedPoint2D@1916a1, Value: [Vertex(0, 2, 4), Vertex(-1, 2, 2)]
Key: com.catan.model.RoundedPoint2D@294a90, Value: [Vertex(1, 1, 2)]
Key: com.catan.model.RoundedPoint2D@2969d0, Value: [Vertex(1, 1, 1)]
Key: com.catan.model.RoundedPoint2D@18d821, Value: [Vertex(0, 0, 5)]
Key: com.catan.model.RoundedPoint2D@18b8e1, Value: [Vertex(0, 0, 4)]
Key: com.catan.model.RoundedPoint2D@185b21, Value: [Vertex(-1, -2, 2), Vertex(0, -2, 4)]
Key: com.catan.model.RoundedPoint2D@187a61, Value: [Vertex(-1, -2, 1), Vertex(0, -2, 5)]
Key: com.catan.model.RoundedPoint2D@15fe91, Value: [Vertex(-1, 2, 0)]
Key: com.catan.model.RoundedPoint2D@15a0d1, Value: [Vertex(-2, 1, 2)]
Key: com.catan.model.RoundedPoint2D@15c011, Value: [Vertex(-2, 1, 1), Vertex(-1, 2, 3)]
Key: com.catan.model.RoundedPoint2D@150491, Value: [Vertex(-1, -2, 3)]
Key: com.catan.model.RoundedPoint2D@154311, Value: [Vertex(-1, -2, 0)]
Key: com.catan.model.RoundedPoint2D@f3212, Value: [Vertex(-2, 1, 5)]
Key: com.catan.model.RoundedPoint2D@f12d2, Value: [Vertex(-2, 1, 4), Vertex(-2, 0, 0)]
Key: com.catan.model.RoundedPoint2D@1fc3c1, Value: [Vertex(1, 2, 5), Vertex(0, 2, 1)]
Key: com.catan.model.RoundedPoint2D@1fa481, Value: [Vertex(0, 1, 0), Vertex(1, 2, 4), Vertex(0, 2, 2)]
Key: com.catan.model.RoundedPoint2D@1f6601, Value: [Vertex(0, 0, 1), Vertex(0, 1, 3)]
Key: com.catan.model.RoundedPoint2D@1f0841, Value: [Vertex(0, -1, 3), Vertex(0, -2, 1), Vertex(1, -2, 5)]
Key: com.catan.model.RoundedPoint2D@1f46c1, Value: [Vertex(0, -1, 0), Vertex(0, 0, 2)]
Key: com.catan.model.RoundedPoint2D@1ee901, Value: [Vertex(0, -2, 2), Vertex(1, -2, 4)]
Key: com.catan.model.RoundedPoint2D@257700, Value: [Vertex(1, -2, 2)]
Key: com.catan.model.RoundedPoint2D@259640, Value: [Vertex(1, -2, 1)]
Key: com.catan.model.RoundedPoint2D@25f400, Value: [Vertex(1, 1, 3)]
Key: com.catan.model.RoundedPoint2D@2651c0, Value: [Vertex(1, 2, 1)]
Key: com.catan.model.RoundedPoint2D@263280, Value: [Vertex(1, 1, 0), Vertex(1, 2, 2)]
Key: com.catan.model.RoundedPoint2D@1b9271, Value: [Vertex(0, -2, 3)]
Key: com.catan.model.RoundedPoint2D@1bf031, Value: [Vertex(0, -1, 5), Vertex(0, 0, 3)]
Key: com.catan.model.RoundedPoint2D@1bd0f1, Value: [Vertex(0, -1, 4), Vertex(0, -2, 0)]
Key: com.catan.model.RoundedPoint2D@1c8c71, Value: [Vertex(0, 2, 0)]
Key: com.catan.model.RoundedPoint2D@1c4df1, Value: [Vertex(0, 1, 5), Vertex(0, 2, 3)]
Key: com.catan.model.RoundedPoint2D@1c2eb1, Value: [Vertex(0, 0, 0), Vertex(0, 1, 4)]
Key: com.catan.model.RoundedPoint2D@12a7e2, Value: [Vertex(-1, 2, 5)]
Key: com.catan.model.RoundedPoint2D@124a22, Value: [Vertex(-2, 1, 3)]
Key: com.catan.model.RoundedPoint2D@1288a2, Value: [Vertex(-2, 1, 0), Vertex(-1, 2, 4)]
Key: com.catan.model.RoundedPoint2D@231a51, Value: [Vertex(1, 2, 0)]
Key: com.catan.model.RoundedPoint2D@222051, Value: [Vertex(1, -2, 3)]
Key: com.catan.model.RoundedPoint2D@22dbd1, Value: [Vertex(1, 1, 5), Vertex(0, 1, 1), Vertex(1, 2, 3)]
Key: com.catan.model.RoundedPoint2D@22bc91, Value: [Vertex(1, 1, 4), Vertex(0, 1, 2)]
Key: com.catan.model.RoundedPoint2D@225ed1, Value: [Vertex(0, -1, 2), Vertex(1, -2, 0)]
Key: com.catan.model.RoundedPoint2D@227e11, Value: [Vertex(0, -1, 1)]
Key: com.catan.model.RoundedPoint2D@11ec62, Value: [Vertex(-1, -2, 5)]
Key: com.catan.model.RoundedPoint2D@11cd22, Value: [Vertex(-1, -2, 4)]
Key: com.catan.model.RoundedPoint2D@1935e1, Value: [Vertex(0, 2, 5), Vertex(-1, 2, 1)]
Key: com.catan.model.RoundedPoint2D@1916a1, Value: [Vertex(0, 2, 4), Vertex(-1, 2, 2)]
Key: com.catan.model.RoundedPoint2D@294a90, Value: [Vertex(1, 1, 2)]
Key: com.catan.model.RoundedPoint2D@2969d0, Value: [Vertex(1, 1, 1)]
Key: com.catan.model.RoundedPoint2D@18d821, Value: [Vertex(0, 0, 5)]
Key: com.catan.model.RoundedPoint2D@18b8e1, Value: [Vertex(0, 0, 4)]
Key: com.catan.model.RoundedPoint2D@185b21, Value: [Vertex(-1, -2, 2), Vertex(0, -2, 4)]
Key: com.catan.model.RoundedPoint2D@187a61, Value: [Vertex(-1, -2, 1), Vertex(0, -2, 5)]
Key: com.catan.model.RoundedPoint2D@15fe91, Value: [Vertex(-1, 2, 0)]
Key: com.catan.model.RoundedPoint2D@15a0d1, Value: [Vertex(-2, 1, 2)]
Key: com.catan.model.RoundedPoint2D@15c011, Value: [Vertex(-2, 1, 1), Vertex(-1, 2, 3)]
Key: com.catan.model.RoundedPoint2D@150491, Value: [Vertex(-1, -2, 3)]
Key: com.catan.model.RoundedPoint2D@154311, Value: [Vertex(-1, -2, 0)]
Key: com.catan.model.RoundedPoint2D@f3212, Value: [Vertex(-2, 1, 5)]
Key: com.catan.model.RoundedPoint2D@f12d2, Value: [Vertex(-2, 1, 4), Vertex(-2, 0, 0)]
Key: com.catan.model.RoundedPoint2D@1fc3c1, Value: [Vertex(1, 2, 5), Vertex(0, 2, 1)]
Key: com.catan.model.RoundedPoint2D@1fa481, Value: [Vertex(0, 1, 0), Vertex(1, 2, 4), Vertex(0, 2, 2)]
Key: com.catan.model.RoundedPoint2D@1f6601, Value: [Vertex(0, 0, 1), Vertex(0, 1, 3)]
Key: com.catan.model.RoundedPoint2D@1f0841, Value: [Vertex(0, -1, 3), Vertex(0, -2, 1), Vertex(1, -2, 5)]
Key: com.catan.model.RoundedPoint2D@1f46c1, Value: [Vertex(0, -1, 0), Vertex(0, 0, 2)]
Key: com.catan.model.RoundedPoint2D@1ee901, Value: [Vertex(0, -2, 2), Vertex(1, -2, 4)]
Key: com.catan.model.RoundedPoint2D@257700, Value: [Vertex(1, -2, 2)]
Key: com.catan.model.RoundedPoint2D@259640, Value: [Vertex(1, -2, 1)]
Key: com.catan.model.RoundedPoint2D@25f400, Value: [Vertex(1, 1, 3)]
Key: com.catan.model.RoundedPoint2D@2651c0, Value: [Vertex(1, 2, 1)]
Key: com.catan.model.RoundedPoint2D@263280, Value: [Vertex(1, 1, 0), Vertex(1, 2, 2)]
Key: com.catan.model.RoundedPoint2D@1b9271, Value: [Vertex(0, -2, 3)]
Key: com.catan.model.RoundedPoint2D@1bf031, Value: [Vertex(0, -1, 5), Vertex(0, 0, 3)]
Key: com.catan.model.RoundedPoint2D@1bd0f1, Value: [Vertex(0, -1, 4), Vertex(0, -2, 0)]
Key: com.catan.model.RoundedPoint2D@1c8c71, Value: [Vertex(0, 2, 0)]
Key: com.catan.model.RoundedPoint2D@1c4df1, Value: [Vertex(0, 1, 5), Vertex(0, 2, 3)]
Key: com.catan.model.RoundedPoint2D@1c2eb1, Value: [Vertex(0, 0, 0), Vertex(0, 1, 4)]
Key: com.catan.model.RoundedPoint2D@12a7e2, Value: [Vertex(-1, 2, 5)]
Key: com.catan.model.RoundedPoint2D@124a22, Value: [Vertex(-2, 1, 3), Vertex(-2, 0, 1)]
Key: com.catan.model.RoundedPoint2D@1288a2, Value: [Vertex(-2, 1, 0), Vertex(-1, 2, 4)]
Key: com.catan.model.RoundedPoint2D@231a51, Value: [Vertex(1, 2, 0)]
Key: com.catan.model.RoundedPoint2D@222051, Value: [Vertex(1, -2, 3)]
Key: com.catan.model.RoundedPoint2D@22dbd1, Value: [Vertex(1, 1, 5), Vertex(0, 1, 1), Vertex(1, 2, 3)]
Key: com.catan.model.RoundedPoint2D@22bc91, Value: [Vertex(1, 1, 4), Vertex(0, 1, 2)]
Key: com.catan.model.RoundedPoint2D@225ed1, Value: [Vertex(0, -1, 2), Vertex(1, -2, 0)]
Key: com.catan.model.RoundedPoint2D@227e11, Value: [Vertex(0, -1, 1)]
Key: com.catan.model.RoundedPoint2D@11ec62, Value: [Vertex(-1, -2, 5)]
Key: com.catan.model.RoundedPoint2D@11cd22, Value: [Vertex(-1, -2, 4)]
Key: com.catan.model.RoundedPoint2D@1935e1, Value: [Vertex(0, 2, 5), Vertex(-1, 2, 1)]
Key: com.catan.model.RoundedPoint2D@1916a1, Value: [Vertex(0, 2, 4), Vertex(-1, 2, 2)]
Key: com.catan.model.RoundedPoint2D@294a90, Value: [Vertex(1, 1, 2)]
Key: com.catan.model.RoundedPoint2D@2969d0, Value: [Vertex(1, 1, 1)]
Key: com.catan.model.RoundedPoint2D@18d821, Value: [Vertex(0, 0, 5)]
Key: com.catan.model.RoundedPoint2D@18b8e1, Value: [Vertex(0, 0, 4)]
Key: com.catan.model.RoundedPoint2D@185b21, Value: [Vertex(-1, -2, 2), Vertex(0, -2, 4)]
Key: com.catan.model.RoundedPoint2D@187a61, Value: [Vertex(-1, -2, 1), Vertex(0, -2, 5)]
Key: com.catan.model.RoundedPoint2D@15fe91, Value: [Vertex(-1, 2, 0)]
Key: com.catan.model.RoundedPoint2D@15a0d1, Value: [Vertex(-2, 1, 2)]
Key: com.catan.model.RoundedPoint2D@15c011, Value: [Vertex(-2, 1, 1), Vertex(-1, 2, 3)]
Key: com.catan.model.RoundedPoint2D@150491, Value: [Vertex(-1, -2, 3)]
Key: com.catan.model.RoundedPoint2D@154311, Value: [Vertex(-1, -2, 0)]
Key: com.catan.model.RoundedPoint2D@f3212, Value: [Vertex(-2, 1, 5)]
Key: com.catan.model.RoundedPoint2D@f12d2, Value: [Vertex(-2, 1, 4), Vertex(-2, 0, 0)]
Key: com.catan.model.RoundedPoint2D@1fc3c1, Value: [Vertex(1, 2, 5), Vertex(0, 2, 1)]
Key: com.catan.model.RoundedPoint2D@1fa481, Value: [Vertex(0, 1, 0), Vertex(1, 2, 4), Vertex(0, 2, 2)]
Key: com.catan.model.RoundedPoint2D@1f6601, Value: [Vertex(0, 0, 1), Vertex(0, 1, 3)]
Key: com.catan.model.RoundedPoint2D@1f0841, Value: [Vertex(0, -1, 3), Vertex(0, -2, 1), Vertex(1, -2, 5)]
Key: com.catan.model.RoundedPoint2D@1f46c1, Value: [Vertex(0, -1, 0), Vertex(0, 0, 2)]
Key: com.catan.model.RoundedPoint2D@1ee901, Value: [Vertex(0, -2, 2), Vertex(1, -2, 4)]
Key: com.catan.model.RoundedPoint2D@257700, Value: [Vertex(1, -2, 2)]
Key: com.catan.model.RoundedPoint2D@259640, Value: [Vertex(1, -2, 1)]
Key: com.catan.model.RoundedPoint2D@25f400, Value: [Vertex(1, 1, 3)]
Key: com.catan.model.RoundedPoint2D@2651c0, Value: [Vertex(1, 2, 1)]
Key: com.catan.model.RoundedPoint2D@263280, Value: [Vertex(1, 1, 0), Vertex(1, 2, 2)]
Key: com.catan.model.RoundedPoint2D@1b9271, Value: [Vertex(0, -2, 3)]
Key: com.catan.model.RoundedPoint2D@1bf031, Value: [Vertex(0, -1, 5), Vertex(0, 0, 3)]
Key: com.catan.model.RoundedPoint2D@1bd0f1, Value: [Vertex(0, -1, 4), Vertex(0, -2, 0)]
Key: com.catan.model.RoundedPoint2D@1c8c71, Value: [Vertex(0, 2, 0)]
Key: com.catan.model.RoundedPoint2D@1c4df1, Value: [Vertex(0, 1, 5), Vertex(0, 2, 3)]
Key: com.catan.model.RoundedPoint2D@1c2eb1, Value: [Vertex(0, 0, 0), Vertex(0, 1, 4)]
Key: com.catan.model.RoundedPoint2D@122ae2, Value: [Vertex(-2, 0, 2)]
Key: com.catan.model.RoundedPoint2D@12a7e2, Value: [Vertex(-1, 2, 5)]
Key: com.catan.model.RoundedPoint2D@124a22, Value: [Vertex(-2, 1, 3), Vertex(-2, 0, 1)]
Key: com.catan.model.RoundedPoint2D@1288a2, Value: [Vertex(-2, 1, 0), Vertex(-1, 2, 4)]
Key: com.catan.model.RoundedPoint2D@231a51, Value: [Vertex(1, 2, 0)]
Key: com.catan.model.RoundedPoint2D@222051, Value: [Vertex(1, -2, 3)]
Key: com.catan.model.RoundedPoint2D@22dbd1, Value: [Vertex(1, 1, 5), Vertex(0, 1, 1), Vertex(1, 2, 3)]
Key: com.catan.model.RoundedPoint2D@22bc91, Value: [Vertex(1, 1, 4), Vertex(0, 1, 2)]
Key: com.catan.model.RoundedPoint2D@225ed1, Value: [Vertex(0, -1, 2), Vertex(1, -2, 0)]
Key: com.catan.model.RoundedPoint2D@227e11, Value: [Vertex(0, -1, 1)]
Key: com.catan.model.RoundedPoint2D@11ec62, Value: [Vertex(-1, -2, 5)]
Key: com.catan.model.RoundedPoint2D@11cd22, Value: [Vertex(-1, -2, 4)]
Key: com.catan.model.RoundedPoint2D@1935e1, Value: [Vertex(0, 2, 5), Vertex(-1, 2, 1)]
Key: com.catan.model.RoundedPoint2D@1916a1, Value: [Vertex(0, 2, 4), Vertex(-1, 2, 2)]
Key: com.catan.model.RoundedPoint2D@294a90, Value: [Vertex(1, 1, 2)]
Key: com.catan.model.RoundedPoint2D@2969d0, Value: [Vertex(1, 1, 1)]
Key: com.catan.model.RoundedPoint2D@18d821, Value: [Vertex(0, 0, 5)]
Key: com.catan.model.RoundedPoint2D@18b8e1, Value: [Vertex(0, 0, 4)]
Key: com.catan.model.RoundedPoint2D@185b21, Value: [Vertex(-1, -2, 2), Vertex(0, -2, 4)]
Key: com.catan.model.RoundedPoint2D@187a61, Value: [Vertex(-1, -2, 1), Vertex(0, -2, 5)]
Key: com.catan.model.RoundedPoint2D@15fe91, Value: [Vertex(-1, 2, 0)]
Key: com.catan.model.RoundedPoint2D@15a0d1, Value: [Vertex(-2, 1, 2)]
Key: com.catan.model.RoundedPoint2D@15c011, Value: [Vertex(-2, 1, 1), Vertex(-1, 2, 3)]
Key: com.catan.model.RoundedPoint2D@150491, Value: [Vertex(-1, -2, 3)]
Key: com.catan.model.RoundedPoint2D@154311, Value: [Vertex(-1, -2, 0)]
Key: com.catan.model.RoundedPoint2D@ed452, Value: [Vertex(-2, 0, 3)]
Key: com.catan.model.RoundedPoint2D@f3212, Value: [Vertex(-2, 1, 5)]
Key: com.catan.model.RoundedPoint2D@f12d2, Value: [Vertex(-2, 1, 4), Vertex(-2, 0, 0)]
Key: com.catan.model.RoundedPoint2D@1fc3c1, Value: [Vertex(1, 2, 5), Vertex(0, 2, 1)]
Key: com.catan.model.RoundedPoint2D@1fa481, Value: [Vertex(0, 1, 0), Vertex(1, 2, 4), Vertex(0, 2, 2)]
Key: com.catan.model.RoundedPoint2D@1f6601, Value: [Vertex(0, 0, 1), Vertex(0, 1, 3)]
Key: com.catan.model.RoundedPoint2D@1f0841, Value: [Vertex(0, -1, 3), Vertex(0, -2, 1), Vertex(1, -2, 5)]
Key: com.catan.model.RoundedPoint2D@1f46c1, Value: [Vertex(0, -1, 0), Vertex(0, 0, 2)]
Key: com.catan.model.RoundedPoint2D@1ee901, Value: [Vertex(0, -2, 2), Vertex(1, -2, 4)]
Key: com.catan.model.RoundedPoint2D@257700, Value: [Vertex(1, -2, 2)]
Key: com.catan.model.RoundedPoint2D@259640, Value: [Vertex(1, -2, 1)]
Key: com.catan.model.RoundedPoint2D@25f400, Value: [Vertex(1, 1, 3)]
Key: com.catan.model.RoundedPoint2D@2651c0, Value: [Vertex(1, 2, 1)]
Key: com.catan.model.RoundedPoint2D@263280, Value: [Vertex(1, 1, 0), Vertex(1, 2, 2)]
Key: com.catan.model.RoundedPoint2D@1b9271, Value: [Vertex(0, -2, 3)]
Key: com.catan.model.RoundedPoint2D@1bf031, Value: [Vertex(0, -1, 5), Vertex(0, 0, 3)]
Key: com.catan.model.RoundedPoint2D@1bd0f1, Value: [Vertex(0, -1, 4), Vertex(0, -2, 0)]
Key: com.catan.model.RoundedPoint2D@1c8c71, Value: [Vertex(0, 2, 0)]
Key: com.catan.model.RoundedPoint2D@1c4df1, Value: [Vertex(0, 1, 5), Vertex(0, 2, 3)]
Key: com.catan.model.RoundedPoint2D@1c2eb1, Value: [Vertex(0, 0, 0), Vertex(0, 1, 4)]
Key: com.catan.model.RoundedPoint2D@122ae2, Value: [Vertex(-2, 0, 2)]
Key: com.catan.model.RoundedPoint2D@12a7e2, Value: [Vertex(-1, 2, 5)]
Key: com.catan.model.RoundedPoint2D@124a22, Value: [Vertex(-2, 1, 3), Vertex(-2, 0, 1)]
Key: com.catan.model.RoundedPoint2D@1288a2, Value: [Vertex(-2, 1, 0), Vertex(-1, 2, 4)]
Key: com.catan.model.RoundedPoint2D@231a51, Value: [Vertex(1, 2, 0)]
Key: com.catan.model.RoundedPoint2D@222051, Value: [Vertex(1, -2, 3)]
Key: com.catan.model.RoundedPoint2D@22dbd1, Value: [Vertex(1, 1, 5), Vertex(0, 1, 1), Vertex(1, 2, 3)]
Key: com.catan.model.RoundedPoint2D@22bc91, Value: [Vertex(1, 1, 4), Vertex(0, 1, 2)]
Key: com.catan.model.RoundedPoint2D@225ed1, Value: [Vertex(0, -1, 2), Vertex(1, -2, 0)]
Key: com.catan.model.RoundedPoint2D@227e11, Value: [Vertex(0, -1, 1)]
Key: com.catan.model.RoundedPoint2D@11ec62, Value: [Vertex(-1, -2, 5)]
Key: com.catan.model.RoundedPoint2D@11cd22, Value: [Vertex(-1, -2, 4)]
Key: com.catan.model.RoundedPoint2D@1935e1, Value: [Vertex(0, 2, 5), Vertex(-1, 2, 1)]
Key: com.catan.model.RoundedPoint2D@1916a1, Value: [Vertex(0, 2, 4), Vertex(-1, 2, 2)]
Key: com.catan.model.RoundedPoint2D@294a90, Value: [Vertex(1, 1, 2)]
Key: com.catan.model.RoundedPoint2D@2969d0, Value: [Vertex(1, 1, 1)]
Key: com.catan.model.RoundedPoint2D@18d821, Value: [Vertex(0, 0, 5)]
Key: com.catan.model.RoundedPoint2D@18b8e1, Value: [Vertex(0, 0, 4)]
Key: com.catan.model.RoundedPoint2D@185b21, Value: [Vertex(-1, -2, 2), Vertex(0, -2, 4)]
Key: com.catan.model.RoundedPoint2D@187a61, Value: [Vertex(-1, -2, 1), Vertex(0, -2, 5)]
Key: com.catan.model.RoundedPoint2D@15fe91, Value: [Vertex(-1, 2, 0)]
Key: com.catan.model.RoundedPoint2D@15a0d1, Value: [Vertex(-2, 1, 2)]
Key: com.catan.model.RoundedPoint2D@15c011, Value: [Vertex(-2, 1, 1), Vertex(-1, 2, 3)]
Key: com.catan.model.RoundedPoint2D@150491, Value: [Vertex(-1, -2, 3)]
Key: com.catan.model.RoundedPoint2D@154311, Value: [Vertex(-1, -2, 0)]
Key: com.catan.model.RoundedPoint2D@b9d02, Value: [Vertex(-2, 0, 4)]
Key: com.catan.model.RoundedPoint2D@ed452, Value: [Vertex(-2, 0, 3)]
Key: com.catan.model.RoundedPoint2D@f3212, Value: [Vertex(-2, 1, 5)]
Key: com.catan.model.RoundedPoint2D@f12d2, Value: [Vertex(-2, 1, 4), Vertex(-2, 0, 0)]
Key: com.catan.model.RoundedPoint2D@1fc3c1, Value: [Vertex(1, 2, 5), Vertex(0, 2, 1)]
Key: com.catan.model.RoundedPoint2D@1fa481, Value: [Vertex(0, 1, 0), Vertex(1, 2, 4), Vertex(0, 2, 2)]
Key: com.catan.model.RoundedPoint2D@1f6601, Value: [Vertex(0, 0, 1), Vertex(0, 1, 3)]
Key: com.catan.model.RoundedPoint2D@1f0841, Value: [Vertex(0, -1, 3), Vertex(0, -2, 1), Vertex(1, -2, 5)]
Key: com.catan.model.RoundedPoint2D@1f46c1, Value: [Vertex(0, -1, 0), Vertex(0, 0, 2)]
Key: com.catan.model.RoundedPoint2D@1ee901, Value: [Vertex(0, -2, 2), Vertex(1, -2, 4)]
Key: com.catan.model.RoundedPoint2D@257700, Value: [Vertex(1, -2, 2)]
Key: com.catan.model.RoundedPoint2D@259640, Value: [Vertex(1, -2, 1)]
Key: com.catan.model.RoundedPoint2D@25f400, Value: [Vertex(1, 1, 3)]
Key: com.catan.model.RoundedPoint2D@2651c0, Value: [Vertex(1, 2, 1)]
Key: com.catan.model.RoundedPoint2D@263280, Value: [Vertex(1, 1, 0), Vertex(1, 2, 2)]
Key: com.catan.model.RoundedPoint2D@1b9271, Value: [Vertex(0, -2, 3)]
Key: com.catan.model.RoundedPoint2D@1bf031, Value: [Vertex(0, -1, 5), Vertex(0, 0, 3)]
Key: com.catan.model.RoundedPoint2D@1bd0f1, Value: [Vertex(0, -1, 4), Vertex(0, -2, 0)]
Key: com.catan.model.RoundedPoint2D@1c8c71, Value: [Vertex(0, 2, 0)]
Key: com.catan.model.RoundedPoint2D@1c4df1, Value: [Vertex(0, 1, 5), Vertex(0, 2, 3)]
Key: com.catan.model.RoundedPoint2D@1c2eb1, Value: [Vertex(0, 0, 0), Vertex(0, 1, 4)]
Key: com.catan.model.RoundedPoint2D@122ae2, Value: [Vertex(-2, 0, 2)]
Key: com.catan.model.RoundedPoint2D@12a7e2, Value: [Vertex(-1, 2, 5)]
Key: com.catan.model.RoundedPoint2D@124a22, Value: [Vertex(-2, 1, 3), Vertex(-2, 0, 1)]
Key: com.catan.model.RoundedPoint2D@1288a2, Value: [Vertex(-2, 1, 0), Vertex(-1, 2, 4)]
Key: com.catan.model.RoundedPoint2D@231a51, Value: [Vertex(1, 2, 0)]
Key: com.catan.model.RoundedPoint2D@222051, Value: [Vertex(1, -2, 3)]
Key: com.catan.model.RoundedPoint2D@22dbd1, Value: [Vertex(1, 1, 5), Vertex(0, 1, 1), Vertex(1, 2, 3)]
Key: com.catan.model.RoundedPoint2D@22bc91, Value: [Vertex(1, 1, 4), Vertex(0, 1, 2)]
Key: com.catan.model.RoundedPoint2D@225ed1, Value: [Vertex(0, -1, 2), Vertex(1, -2, 0)]
Key: com.catan.model.RoundedPoint2D@227e11, Value: [Vertex(0, -1, 1)]
Key: com.catan.model.RoundedPoint2D@11ec62, Value: [Vertex(-1, -2, 5)]
Key: com.catan.model.RoundedPoint2D@11cd22, Value: [Vertex(-1, -2, 4)]
Key: com.catan.model.RoundedPoint2D@1935e1, Value: [Vertex(0, 2, 5), Vertex(-1, 2, 1)]
Key: com.catan.model.RoundedPoint2D@1916a1, Value: [Vertex(0, 2, 4), Vertex(-1, 2, 2)]
Key: com.catan.model.RoundedPoint2D@294a90, Value: [Vertex(1, 1, 2)]
Key: com.catan.model.RoundedPoint2D@2969d0, Value: [Vertex(1, 1, 1)]
Key: com.catan.model.RoundedPoint2D@18d821, Value: [Vertex(0, 0, 5)]
Key: com.catan.model.RoundedPoint2D@18b8e1, Value: [Vertex(0, 0, 4)]
Key: com.catan.model.RoundedPoint2D@185b21, Value: [Vertex(-1, -2, 2), Vertex(0, -2, 4)]
Key: com.catan.model.RoundedPoint2D@187a61, Value: [Vertex(-1, -2, 1), Vertex(0, -2, 5)]
Key: com.catan.model.RoundedPoint2D@15fe91, Value: [Vertex(-1, 2, 0)]
Key: com.catan.model.RoundedPoint2D@15a0d1, Value: [Vertex(-2, 1, 2)]
Key: com.catan.model.RoundedPoint2D@15c011, Value: [Vertex(-2, 1, 1), Vertex(-1, 2, 3)]
Key: com.catan.model.RoundedPoint2D@150491, Value: [Vertex(-1, -2, 3)]
Key: com.catan.model.RoundedPoint2D@154311, Value: [Vertex(-1, -2, 0)]
Key: com.catan.model.RoundedPoint2D@bbc42, Value: [Vertex(-2, 0, 5)]
Key: com.catan.model.RoundedPoint2D@b9d02, Value: [Vertex(-2, 0, 4)]
Key: com.catan.model.RoundedPoint2D@ed452, Value: [Vertex(-2, 0, 3)]
Key: com.catan.model.RoundedPoint2D@f3212, Value: [Vertex(-2, 1, 5)]
Key: com.catan.model.RoundedPoint2D@f12d2, Value: [Vertex(-2, 1, 4), Vertex(-2, 0, 0)]
Key: com.catan.model.RoundedPoint2D@1fc3c1, Value: [Vertex(1, 2, 5), Vertex(0, 2, 1)]
Key: com.catan.model.RoundedPoint2D@1fa481, Value: [Vertex(0, 1, 0), Vertex(1, 2, 4), Vertex(0, 2, 2)]
Key: com.catan.model.RoundedPoint2D@1f6601, Value: [Vertex(0, 0, 1), Vertex(0, 1, 3)]
Key: com.catan.model.RoundedPoint2D@1f0841, Value: [Vertex(0, -1, 3), Vertex(0, -2, 1), Vertex(1, -2, 5)]
Key: com.catan.model.RoundedPoint2D@1f46c1, Value: [Vertex(0, -1, 0), Vertex(0, 0, 2)]
Key: com.catan.model.RoundedPoint2D@1ee901, Value: [Vertex(0, -2, 2), Vertex(1, -2, 4)]
Key: com.catan.model.RoundedPoint2D@257700, Value: [Vertex(1, -2, 2)]
Key: com.catan.model.RoundedPoint2D@259640, Value: [Vertex(1, -2, 1)]
Key: com.catan.model.RoundedPoint2D@25f400, Value: [Vertex(1, 1, 3)]
Key: com.catan.model.RoundedPoint2D@2651c0, Value: [Vertex(1, 2, 1)]
Key: com.catan.model.RoundedPoint2D@263280, Value: [Vertex(1, 1, 0), Vertex(1, 2, 2)]
Key: com.catan.model.RoundedPoint2D@1b9271, Value: [Vertex(0, -2, 3)]
Key: com.catan.model.RoundedPoint2D@1bf031, Value: [Vertex(0, -1, 5), Vertex(0, 0, 3)]
Key: com.catan.model.RoundedPoint2D@1bd0f1, Value: [Vertex(0, -1, 4), Vertex(0, -2, 0)]
Key: com.catan.model.RoundedPoint2D@1c8c71, Value: [Vertex(0, 2, 0)]
Key: com.catan.model.RoundedPoint2D@1c4df1, Value: [Vertex(0, 1, 5), Vertex(0, 2, 3)]
Key: com.catan.model.RoundedPoint2D@1c2eb1, Value: [Vertex(0, 0, 0), Vertex(0, 1, 4)]
Key: com.catan.model.RoundedPoint2D@122ae2, Value: [Vertex(-2, 0, 2)]
Key: com.catan.model.RoundedPoint2D@12a7e2, Value: [Vertex(-1, 2, 5)]
Key: com.catan.model.RoundedPoint2D@124a22, Value: [Vertex(-2, 1, 3), Vertex(-2, 0, 1)]
Key: com.catan.model.RoundedPoint2D@1288a2, Value: [Vertex(-2, 1, 0), Vertex(-1, 2, 4)]
Key: com.catan.model.RoundedPoint2D@231a51, Value: [Vertex(1, 2, 0)]
Key: com.catan.model.RoundedPoint2D@222051, Value: [Vertex(1, -2, 3)]
Key: com.catan.model.RoundedPoint2D@22dbd1, Value: [Vertex(1, 1, 5), Vertex(0, 1, 1), Vertex(1, 2, 3)]
Key: com.catan.model.RoundedPoint2D@22bc91, Value: [Vertex(1, 1, 4), Vertex(0, 1, 2)]
Key: com.catan.model.RoundedPoint2D@225ed1, Value: [Vertex(0, -1, 2), Vertex(1, -2, 0)]
Key: com.catan.model.RoundedPoint2D@227e11, Value: [Vertex(0, -1, 1)]
Key: com.catan.model.RoundedPoint2D@11ec62, Value: [Vertex(-1, -2, 5)]
Key: com.catan.model.RoundedPoint2D@11cd22, Value: [Vertex(-1, -2, 4)]
Key: com.catan.model.RoundedPoint2D@1935e1, Value: [Vertex(0, 2, 5), Vertex(-1, 2, 1)]
Key: com.catan.model.RoundedPoint2D@1916a1, Value: [Vertex(0, 2, 4), Vertex(-1, 2, 2)]
Key: com.catan.model.RoundedPoint2D@294a90, Value: [Vertex(1, 1, 2)]
Key: com.catan.model.RoundedPoint2D@2969d0, Value: [Vertex(1, 1, 1)]
Key: com.catan.model.RoundedPoint2D@18d821, Value: [Vertex(0, 0, 5)]
Key: com.catan.model.RoundedPoint2D@18b8e1, Value: [Vertex(0, 0, 4)]
Key: com.catan.model.RoundedPoint2D@185b21, Value: [Vertex(-1, -2, 2), Vertex(0, -2, 4)]
Key: com.catan.model.RoundedPoint2D@187a61, Value: [Vertex(-1, -2, 1), Vertex(0, -2, 5)]
Key: com.catan.model.RoundedPoint2D@15fe91, Value: [Vertex(-1, 2, 0)]
Key: com.catan.model.RoundedPoint2D@15a0d1, Value: [Vertex(-2, 1, 2)]
Key: com.catan.model.RoundedPoint2D@15c011, Value: [Vertex(-2, 1, 1), Vertex(-1, 2, 3)]
Key: com.catan.model.RoundedPoint2D@150491, Value: [Vertex(-1, -2, 3)]
Key: com.catan.model.RoundedPoint2D@154311, Value: [Vertex(-1, -2, 0)]
Key: com.catan.model.RoundedPoint2D@bbc42, Value: [Vertex(-2, 0, 5)]
Key: com.catan.model.RoundedPoint2D@b9d02, Value: [Vertex(-2, 0, 4)]
Key: com.catan.model.RoundedPoint2D@ed452, Value: [Vertex(-2, 0, 3)]
Key: com.catan.model.RoundedPoint2D@f3212, Value: [Vertex(-2, 1, 5)]
Key: com.catan.model.RoundedPoint2D@f12d2, Value: [Vertex(-2, 1, 4), Vertex(-2, 0, 0)]
Key: com.catan.model.RoundedPoint2D@1fc3c1, Value: [Vertex(1, 2, 5), Vertex(0, 2, 1)]
Key: com.catan.model.RoundedPoint2D@1fa481, Value: [Vertex(0, 1, 0), Vertex(1, 2, 4), Vertex(0, 2, 2)]
Key: com.catan.model.RoundedPoint2D@1f6601, Value: [Vertex(0, 0, 1), Vertex(0, 1, 3)]
Key: com.catan.model.RoundedPoint2D@1f0841, Value: [Vertex(0, -1, 3), Vertex(0, -2, 1), Vertex(1, -2, 5)]
Key: com.catan.model.RoundedPoint2D@1f46c1, Value: [Vertex(0, -1, 0), Vertex(0, 0, 2)]
Key: com.catan.model.RoundedPoint2D@1ee901, Value: [Vertex(0, -2, 2), Vertex(1, -2, 4)]
Key: com.catan.model.RoundedPoint2D@257700, Value: [Vertex(1, -2, 2)]
Key: com.catan.model.RoundedPoint2D@259640, Value: [Vertex(1, -2, 1)]
Key: com.catan.model.RoundedPoint2D@25f400, Value: [Vertex(1, 1, 3)]
Key: com.catan.model.RoundedPoint2D@2651c0, Value: [Vertex(1, 2, 1)]
Key: com.catan.model.RoundedPoint2D@263280, Value: [Vertex(1, 1, 0), Vertex(1, 2, 2)]
Key: com.catan.model.RoundedPoint2D@1b9271, Value: [Vertex(0, -2, 3)]
Key: com.catan.model.RoundedPoint2D@1bf031, Value: [Vertex(0, -1, 5), Vertex(0, 0, 3)]
Key: com.catan.model.RoundedPoint2D@1bd0f1, Value: [Vertex(0, -1, 4), Vertex(0, -2, 0)]
Key: com.catan.model.RoundedPoint2D@1c8c71, Value: [Vertex(0, 2, 0)]
Key: com.catan.model.RoundedPoint2D@1c4df1, Value: [Vertex(0, 1, 5), Vertex(0, 2, 3)]
Key: com.catan.model.RoundedPoint2D@1c2eb1, Value: [Vertex(0, 0, 0), Vertex(0, 1, 4)]
Key: com.catan.model.RoundedPoint2D@122ae2, Value: [Vertex(-2, 0, 2)]
Key: com.catan.model.RoundedPoint2D@12a7e2, Value: [Vertex(-1, 2, 5)]
Key: com.catan.model.RoundedPoint2D@124a22, Value: [Vertex(-2, 1, 3), Vertex(-2, 0, 1)]
Key: com.catan.model.RoundedPoint2D@1288a2, Value: [Vertex(-2, 1, 0), Vertex(-1, 2, 4)]
Key: com.catan.model.RoundedPoint2D@231a51, Value: [Vertex(1, 2, 0)]
Key: com.catan.model.RoundedPoint2D@222051, Value: [Vertex(1, -2, 3)]
Key: com.catan.model.RoundedPoint2D@22dbd1, Value: [Vertex(1, 1, 5), Vertex(0, 1, 1), Vertex(1, 2, 3)]
Key: com.catan.model.RoundedPoint2D@22bc91, Value: [Vertex(1, 1, 4), Vertex(0, 1, 2)]
Key: com.catan.model.RoundedPoint2D@225ed1, Value: [Vertex(0, -1, 2), Vertex(1, -2, 0)]
Key: com.catan.model.RoundedPoint2D@227e11, Value: [Vertex(0, -1, 1)]
Key: com.catan.model.RoundedPoint2D@11ec62, Value: [Vertex(-1, -2, 5)]
Key: com.catan.model.RoundedPoint2D@11cd22, Value: [Vertex(-1, -2, 4)]
Key: com.catan.model.RoundedPoint2D@1935e1, Value: [Vertex(0, 2, 5), Vertex(-1, 2, 1)]
Key: com.catan.model.RoundedPoint2D@1916a1, Value: [Vertex(0, 2, 4), Vertex(-1, 2, 2), Vertex(-1, 1, 0)]
Key: com.catan.model.RoundedPoint2D@294a90, Value: [Vertex(1, 1, 2)]
Key: com.catan.model.RoundedPoint2D@2969d0, Value: [Vertex(1, 1, 1)]
Key: com.catan.model.RoundedPoint2D@18d821, Value: [Vertex(0, 0, 5)]
Key: com.catan.model.RoundedPoint2D@18b8e1, Value: [Vertex(0, 0, 4)]
Key: com.catan.model.RoundedPoint2D@185b21, Value: [Vertex(-1, -2, 2), Vertex(0, -2, 4)]
Key: com.catan.model.RoundedPoint2D@187a61, Value: [Vertex(-1, -2, 1), Vertex(0, -2, 5)]
Key: com.catan.model.RoundedPoint2D@15fe91, Value: [Vertex(-1, 2, 0)]
Key: com.catan.model.RoundedPoint2D@15a0d1, Value: [Vertex(-2, 1, 2)]
Key: com.catan.model.RoundedPoint2D@15c011, Value: [Vertex(-2, 1, 1), Vertex(-1, 2, 3)]
Key: com.catan.model.RoundedPoint2D@150491, Value: [Vertex(-1, -2, 3)]
Key: com.catan.model.RoundedPoint2D@154311, Value: [Vertex(-1, -2, 0)]
Key: com.catan.model.RoundedPoint2D@bbc42, Value: [Vertex(-2, 0, 5)]
Key: com.catan.model.RoundedPoint2D@b9d02, Value: [Vertex(-2, 0, 4)]
Key: com.catan.model.RoundedPoint2D@ed452, Value: [Vertex(-2, 0, 3)]
Key: com.catan.model.RoundedPoint2D@f3212, Value: [Vertex(-2, 1, 5)]
Key: com.catan.model.RoundedPoint2D@f12d2, Value: [Vertex(-2, 1, 4), Vertex(-2, 0, 0)]
Key: com.catan.model.RoundedPoint2D@1fc3c1, Value: [Vertex(1, 2, 5), Vertex(0, 2, 1)]
Key: com.catan.model.RoundedPoint2D@1fa481, Value: [Vertex(0, 1, 0), Vertex(1, 2, 4), Vertex(0, 2, 2)]
Key: com.catan.model.RoundedPoint2D@1f6601, Value: [Vertex(0, 0, 1), Vertex(0, 1, 3)]
Key: com.catan.model.RoundedPoint2D@1f0841, Value: [Vertex(0, -1, 3), Vertex(0, -2, 1), Vertex(1, -2, 5)]
Key: com.catan.model.RoundedPoint2D@1f46c1, Value: [Vertex(0, -1, 0), Vertex(0, 0, 2)]
Key: com.catan.model.RoundedPoint2D@1ee901, Value: [Vertex(0, -2, 2), Vertex(1, -2, 4)]
Key: com.catan.model.RoundedPoint2D@257700, Value: [Vertex(1, -2, 2)]
Key: com.catan.model.RoundedPoint2D@259640, Value: [Vertex(1, -2, 1)]
Key: com.catan.model.RoundedPoint2D@25f400, Value: [Vertex(1, 1, 3)]
Key: com.catan.model.RoundedPoint2D@2651c0, Value: [Vertex(1, 2, 1)]
Key: com.catan.model.RoundedPoint2D@263280, Value: [Vertex(1, 1, 0), Vertex(1, 2, 2)]
Key: com.catan.model.RoundedPoint2D@1b9271, Value: [Vertex(0, -2, 3)]
Key: com.catan.model.RoundedPoint2D@1bf031, Value: [Vertex(0, -1, 5), Vertex(0, 0, 3)]
Key: com.catan.model.RoundedPoint2D@1bd0f1, Value: [Vertex(0, -1, 4), Vertex(0, -2, 0)]
Key: com.catan.model.RoundedPoint2D@1c8c71, Value: [Vertex(0, 2, 0)]
Key: com.catan.model.RoundedPoint2D@1c4df1, Value: [Vertex(0, 1, 5), Vertex(0, 2, 3), Vertex(-1, 1, 1)]
Key: com.catan.model.RoundedPoint2D@1c2eb1, Value: [Vertex(0, 0, 0), Vertex(0, 1, 4)]
Key: com.catan.model.RoundedPoint2D@122ae2, Value: [Vertex(-2, 0, 2)]
Key: com.catan.model.RoundedPoint2D@12a7e2, Value: [Vertex(-1, 2, 5)]
Key: com.catan.model.RoundedPoint2D@124a22, Value: [Vertex(-2, 1, 3), Vertex(-2, 0, 1)]
Key: com.catan.model.RoundedPoint2D@1288a2, Value: [Vertex(-2, 1, 0), Vertex(-1, 2, 4)]
Key: com.catan.model.RoundedPoint2D@231a51, Value: [Vertex(1, 2, 0)]
Key: com.catan.model.RoundedPoint2D@222051, Value: [Vertex(1, -2, 3)]
Key: com.catan.model.RoundedPoint2D@22dbd1, Value: [Vertex(1, 1, 5), Vertex(0, 1, 1), Vertex(1, 2, 3)]
Key: com.catan.model.RoundedPoint2D@22bc91, Value: [Vertex(1, 1, 4), Vertex(0, 1, 2)]
Key: com.catan.model.RoundedPoint2D@225ed1, Value: [Vertex(0, -1, 2), Vertex(1, -2, 0)]
Key: com.catan.model.RoundedPoint2D@227e11, Value: [Vertex(0, -1, 1)]
Key: com.catan.model.RoundedPoint2D@11ec62, Value: [Vertex(-1, -2, 5)]
Key: com.catan.model.RoundedPoint2D@11cd22, Value: [Vertex(-1, -2, 4)]
Key: com.catan.model.RoundedPoint2D@1935e1, Value: [Vertex(0, 2, 5), Vertex(-1, 2, 1)]
Key: com.catan.model.RoundedPoint2D@1916a1, Value: [Vertex(0, 2, 4), Vertex(-1, 2, 2), Vertex(-1, 1, 0)]
Key: com.catan.model.RoundedPoint2D@294a90, Value: [Vertex(1, 1, 2)]
Key: com.catan.model.RoundedPoint2D@2969d0, Value: [Vertex(1, 1, 1)]
Key: com.catan.model.RoundedPoint2D@18d821, Value: [Vertex(0, 0, 5)]
Key: com.catan.model.RoundedPoint2D@18b8e1, Value: [Vertex(0, 0, 4)]
Key: com.catan.model.RoundedPoint2D@185b21, Value: [Vertex(-1, -2, 2), Vertex(0, -2, 4)]
Key: com.catan.model.RoundedPoint2D@187a61, Value: [Vertex(-1, -2, 1), Vertex(0, -2, 5)]
Key: com.catan.model.RoundedPoint2D@15fe91, Value: [Vertex(-1, 2, 0)]
Key: com.catan.model.RoundedPoint2D@15a0d1, Value: [Vertex(-2, 1, 2)]
Key: com.catan.model.RoundedPoint2D@15c011, Value: [Vertex(-2, 1, 1), Vertex(-1, 2, 3)]
Key: com.catan.model.RoundedPoint2D@150491, Value: [Vertex(-1, -2, 3)]
Key: com.catan.model.RoundedPoint2D@154311, Value: [Vertex(-1, -2, 0)]
Key: com.catan.model.RoundedPoint2D@bbc42, Value: [Vertex(-2, 0, 5)]
Key: com.catan.model.RoundedPoint2D@b9d02, Value: [Vertex(-2, 0, 4)]
Key: com.catan.model.RoundedPoint2D@ed452, Value: [Vertex(-2, 0, 3)]
Key: com.catan.model.RoundedPoint2D@f3212, Value: [Vertex(-2, 1, 5)]
Key: com.catan.model.RoundedPoint2D@f12d2, Value: [Vertex(-2, 1, 4), Vertex(-2, 0, 0)]
Key: com.catan.model.RoundedPoint2D@1fc3c1, Value: [Vertex(1, 2, 5), Vertex(0, 2, 1)]
Key: com.catan.model.RoundedPoint2D@1fa481, Value: [Vertex(0, 1, 0), Vertex(1, 2, 4), Vertex(0, 2, 2)]
Key: com.catan.model.RoundedPoint2D@1f6601, Value: [Vertex(0, 0, 1), Vertex(0, 1, 3)]
Key: com.catan.model.RoundedPoint2D@1f0841, Value: [Vertex(0, -1, 3), Vertex(0, -2, 1), Vertex(1, -2, 5)]
Key: com.catan.model.RoundedPoint2D@1f46c1, Value: [Vertex(0, -1, 0), Vertex(0, 0, 2)]
Key: com.catan.model.RoundedPoint2D@1ee901, Value: [Vertex(0, -2, 2), Vertex(1, -2, 4)]
Key: com.catan.model.RoundedPoint2D@257700, Value: [Vertex(1, -2, 2)]
Key: com.catan.model.RoundedPoint2D@259640, Value: [Vertex(1, -2, 1)]
Key: com.catan.model.RoundedPoint2D@25f400, Value: [Vertex(1, 1, 3)]
Key: com.catan.model.RoundedPoint2D@2651c0, Value: [Vertex(1, 2, 1)]
Key: com.catan.model.RoundedPoint2D@263280, Value: [Vertex(1, 1, 0), Vertex(1, 2, 2)]
Key: com.catan.model.RoundedPoint2D@1b9271, Value: [Vertex(0, -2, 3)]
Key: com.catan.model.RoundedPoint2D@1bf031, Value: [Vertex(0, -1, 5), Vertex(0, 0, 3)]
Key: com.catan.model.RoundedPoint2D@1bd0f1, Value: [Vertex(0, -1, 4), Vertex(0, -2, 0)]
Key: com.catan.model.RoundedPoint2D@1c8c71, Value: [Vertex(0, 2, 0)]
Key: com.catan.model.RoundedPoint2D@1c4df1, Value: [Vertex(0, 1, 5), Vertex(0, 2, 3), Vertex(-1, 1, 1)]
Key: com.catan.model.RoundedPoint2D@1c2eb1, Value: [Vertex(0, 0, 0), Vertex(0, 1, 4), Vertex(-1, 1, 2)]
Key: com.catan.model.RoundedPoint2D@122ae2, Value: [Vertex(-2, 0, 2)]
Key: com.catan.model.RoundedPoint2D@12a7e2, Value: [Vertex(-1, 2, 5)]
Key: com.catan.model.RoundedPoint2D@124a22, Value: [Vertex(-2, 1, 3), Vertex(-2, 0, 1)]
Key: com.catan.model.RoundedPoint2D@1288a2, Value: [Vertex(-2, 1, 0), Vertex(-1, 2, 4)]
Key: com.catan.model.RoundedPoint2D@231a51, Value: [Vertex(1, 2, 0)]
Key: com.catan.model.RoundedPoint2D@222051, Value: [Vertex(1, -2, 3)]
Key: com.catan.model.RoundedPoint2D@22dbd1, Value: [Vertex(1, 1, 5), Vertex(0, 1, 1), Vertex(1, 2, 3)]
Key: com.catan.model.RoundedPoint2D@22bc91, Value: [Vertex(1, 1, 4), Vertex(0, 1, 2)]
Key: com.catan.model.RoundedPoint2D@225ed1, Value: [Vertex(0, -1, 2), Vertex(1, -2, 0)]
Key: com.catan.model.RoundedPoint2D@227e11, Value: [Vertex(0, -1, 1)]
Key: com.catan.model.RoundedPoint2D@11ec62, Value: [Vertex(-1, -2, 5)]
Key: com.catan.model.RoundedPoint2D@11cd22, Value: [Vertex(-1, -2, 4)]
Key: com.catan.model.RoundedPoint2D@1935e1, Value: [Vertex(0, 2, 5), Vertex(-1, 2, 1)]
Key: com.catan.model.RoundedPoint2D@1916a1, Value: [Vertex(0, 2, 4), Vertex(-1, 2, 2), Vertex(-1, 1, 0)]
Key: com.catan.model.RoundedPoint2D@294a90, Value: [Vertex(1, 1, 2)]
Key: com.catan.model.RoundedPoint2D@2969d0, Value: [Vertex(1, 1, 1)]
Key: com.catan.model.RoundedPoint2D@18d821, Value: [Vertex(0, 0, 5)]
Key: com.catan.model.RoundedPoint2D@18b8e1, Value: [Vertex(0, 0, 4)]
Key: com.catan.model.RoundedPoint2D@185b21, Value: [Vertex(-1, -2, 2), Vertex(0, -2, 4)]
Key: com.catan.model.RoundedPoint2D@187a61, Value: [Vertex(-1, -2, 1), Vertex(0, -2, 5)]
Key: com.catan.model.RoundedPoint2D@15fe91, Value: [Vertex(-1, 2, 0)]
Key: com.catan.model.RoundedPoint2D@15a0d1, Value: [Vertex(-2, 1, 2)]
Key: com.catan.model.RoundedPoint2D@15c011, Value: [Vertex(-2, 1, 1), Vertex(-1, 2, 3)]
Key: com.catan.model.RoundedPoint2D@150491, Value: [Vertex(-1, -2, 3)]
Key: com.catan.model.RoundedPoint2D@154311, Value: [Vertex(-1, -2, 0)]
Key: com.catan.model.RoundedPoint2D@bbc42, Value: [Vertex(-2, 0, 5)]
Key: com.catan.model.RoundedPoint2D@b9d02, Value: [Vertex(-2, 0, 4)]
Key: com.catan.model.RoundedPoint2D@ed452, Value: [Vertex(-2, 0, 3)]
Key: com.catan.model.RoundedPoint2D@f3212, Value: [Vertex(-2, 1, 5)]
Key: com.catan.model.RoundedPoint2D@f12d2, Value: [Vertex(-2, 1, 4), Vertex(-2, 0, 0)]
Key: com.catan.model.RoundedPoint2D@1fc3c1, Value: [Vertex(1, 2, 5), Vertex(0, 2, 1)]
Key: com.catan.model.RoundedPoint2D@1fa481, Value: [Vertex(0, 1, 0), Vertex(1, 2, 4), Vertex(0, 2, 2)]
Key: com.catan.model.RoundedPoint2D@1f6601, Value: [Vertex(0, 0, 1), Vertex(0, 1, 3)]
Key: com.catan.model.RoundedPoint2D@1f0841, Value: [Vertex(0, -1, 3), Vertex(0, -2, 1), Vertex(1, -2, 5)]
Key: com.catan.model.RoundedPoint2D@1f46c1, Value: [Vertex(0, -1, 0), Vertex(0, 0, 2)]
Key: com.catan.model.RoundedPoint2D@1ee901, Value: [Vertex(0, -2, 2), Vertex(1, -2, 4)]
Key: com.catan.model.RoundedPoint2D@257700, Value: [Vertex(1, -2, 2)]
Key: com.catan.model.RoundedPoint2D@259640, Value: [Vertex(1, -2, 1)]
Key: com.catan.model.RoundedPoint2D@25f400, Value: [Vertex(1, 1, 3)]
Key: com.catan.model.RoundedPoint2D@2651c0, Value: [Vertex(1, 2, 1)]
Key: com.catan.model.RoundedPoint2D@263280, Value: [Vertex(1, 1, 0), Vertex(1, 2, 2)]
Key: com.catan.model.RoundedPoint2D@1b9271, Value: [Vertex(0, -2, 3)]
Key: com.catan.model.RoundedPoint2D@1bf031, Value: [Vertex(0, -1, 5), Vertex(0, 0, 3)]
Key: com.catan.model.RoundedPoint2D@1bd0f1, Value: [Vertex(0, -1, 4), Vertex(0, -2, 0)]
Key: com.catan.model.RoundedPoint2D@1c8c71, Value: [Vertex(0, 2, 0)]
Key: com.catan.model.RoundedPoint2D@1c4df1, Value: [Vertex(0, 1, 5), Vertex(0, 2, 3), Vertex(-1, 1, 1)]
Key: com.catan.model.RoundedPoint2D@1c2eb1, Value: [Vertex(0, 0, 0), Vertex(0, 1, 4), Vertex(-1, 1, 2)]
Key: com.catan.model.RoundedPoint2D@122ae2, Value: [Vertex(-2, 0, 2)]
Key: com.catan.model.RoundedPoint2D@12a7e2, Value: [Vertex(-1, 2, 5)]
Key: com.catan.model.RoundedPoint2D@124a22, Value: [Vertex(-2, 1, 3), Vertex(-2, 0, 1)]
Key: com.catan.model.RoundedPoint2D@1288a2, Value: [Vertex(-2, 1, 0), Vertex(-1, 2, 4)]
Key: com.catan.model.RoundedPoint2D@231a51, Value: [Vertex(1, 2, 0)]
Key: com.catan.model.RoundedPoint2D@222051, Value: [Vertex(1, -2, 3)]
Key: com.catan.model.RoundedPoint2D@22dbd1, Value: [Vertex(1, 1, 5), Vertex(0, 1, 1), Vertex(1, 2, 3)]
Key: com.catan.model.RoundedPoint2D@22bc91, Value: [Vertex(1, 1, 4), Vertex(0, 1, 2)]
Key: com.catan.model.RoundedPoint2D@225ed1, Value: [Vertex(0, -1, 2), Vertex(1, -2, 0)]
Key: com.catan.model.RoundedPoint2D@227e11, Value: [Vertex(0, -1, 1)]
Key: com.catan.model.RoundedPoint2D@11ec62, Value: [Vertex(-1, -2, 5)]
Key: com.catan.model.RoundedPoint2D@11cd22, Value: [Vertex(-1, -2, 4)]
Key: com.catan.model.RoundedPoint2D@1935e1, Value: [Vertex(0, 2, 5), Vertex(-1, 2, 1)]
Key: com.catan.model.RoundedPoint2D@1916a1, Value: [Vertex(0, 2, 4), Vertex(-1, 2, 2), Vertex(-1, 1, 0)]
Key: com.catan.model.RoundedPoint2D@294a90, Value: [Vertex(1, 1, 2)]
Key: com.catan.model.RoundedPoint2D@2969d0, Value: [Vertex(1, 1, 1)]
Key: com.catan.model.RoundedPoint2D@18d821, Value: [Vertex(0, 0, 5), Vertex(-1, 1, 3)]
Key: com.catan.model.RoundedPoint2D@18b8e1, Value: [Vertex(0, 0, 4)]
Key: com.catan.model.RoundedPoint2D@185b21, Value: [Vertex(-1, -2, 2), Vertex(0, -2, 4)]
Key: com.catan.model.RoundedPoint2D@187a61, Value: [Vertex(-1, -2, 1), Vertex(0, -2, 5)]
Key: com.catan.model.RoundedPoint2D@15fe91, Value: [Vertex(-1, 2, 0)]
Key: com.catan.model.RoundedPoint2D@15a0d1, Value: [Vertex(-2, 1, 2), Vertex(-1, 1, 4)]
Key: com.catan.model.RoundedPoint2D@15c011, Value: [Vertex(-2, 1, 1), Vertex(-1, 2, 3)]
Key: com.catan.model.RoundedPoint2D@150491, Value: [Vertex(-1, -2, 3)]
Key: com.catan.model.RoundedPoint2D@154311, Value: [Vertex(-1, -2, 0)]
Key: com.catan.model.RoundedPoint2D@bbc42, Value: [Vertex(-2, 0, 5)]
Key: com.catan.model.RoundedPoint2D@b9d02, Value: [Vertex(-2, 0, 4)]
Key: com.catan.model.RoundedPoint2D@ed452, Value: [Vertex(-2, 0, 3)]
Key: com.catan.model.RoundedPoint2D@f3212, Value: [Vertex(-2, 1, 5)]
Key: com.catan.model.RoundedPoint2D@f12d2, Value: [Vertex(-2, 1, 4), Vertex(-2, 0, 0)]
Key: com.catan.model.RoundedPoint2D@1fc3c1, Value: [Vertex(1, 2, 5), Vertex(0, 2, 1)]
Key: com.catan.model.RoundedPoint2D@1fa481, Value: [Vertex(0, 1, 0), Vertex(1, 2, 4), Vertex(0, 2, 2)]
Key: com.catan.model.RoundedPoint2D@1f6601, Value: [Vertex(0, 0, 1), Vertex(0, 1, 3)]
Key: com.catan.model.RoundedPoint2D@1f0841, Value: [Vertex(0, -1, 3), Vertex(0, -2, 1), Vertex(1, -2, 5)]
Key: com.catan.model.RoundedPoint2D@1f46c1, Value: [Vertex(0, -1, 0), Vertex(0, 0, 2)]
Key: com.catan.model.RoundedPoint2D@1ee901, Value: [Vertex(0, -2, 2), Vertex(1, -2, 4)]
Key: com.catan.model.RoundedPoint2D@257700, Value: [Vertex(1, -2, 2)]
Key: com.catan.model.RoundedPoint2D@259640, Value: [Vertex(1, -2, 1)]
Key: com.catan.model.RoundedPoint2D@25f400, Value: [Vertex(1, 1, 3)]
Key: com.catan.model.RoundedPoint2D@2651c0, Value: [Vertex(1, 2, 1)]
Key: com.catan.model.RoundedPoint2D@263280, Value: [Vertex(1, 1, 0), Vertex(1, 2, 2)]
Key: com.catan.model.RoundedPoint2D@1b9271, Value: [Vertex(0, -2, 3)]
Key: com.catan.model.RoundedPoint2D@1bf031, Value: [Vertex(0, -1, 5), Vertex(0, 0, 3)]
Key: com.catan.model.RoundedPoint2D@1bd0f1, Value: [Vertex(0, -1, 4), Vertex(0, -2, 0)]
Key: com.catan.model.RoundedPoint2D@1c8c71, Value: [Vertex(0, 2, 0)]
Key: com.catan.model.RoundedPoint2D@1c4df1, Value: [Vertex(0, 1, 5), Vertex(0, 2, 3), Vertex(-1, 1, 1)]
Key: com.catan.model.RoundedPoint2D@1c2eb1, Value: [Vertex(0, 0, 0), Vertex(0, 1, 4), Vertex(-1, 1, 2)]
Key: com.catan.model.RoundedPoint2D@122ae2, Value: [Vertex(-2, 0, 2)]
Key: com.catan.model.RoundedPoint2D@12a7e2, Value: [Vertex(-1, 2, 5)]
Key: com.catan.model.RoundedPoint2D@124a22, Value: [Vertex(-2, 1, 3), Vertex(-2, 0, 1)]
Key: com.catan.model.RoundedPoint2D@1288a2, Value: [Vertex(-2, 1, 0), Vertex(-1, 2, 4)]
Key: com.catan.model.RoundedPoint2D@231a51, Value: [Vertex(1, 2, 0)]
Key: com.catan.model.RoundedPoint2D@222051, Value: [Vertex(1, -2, 3)]
Key: com.catan.model.RoundedPoint2D@22dbd1, Value: [Vertex(1, 1, 5), Vertex(0, 1, 1), Vertex(1, 2, 3)]
Key: com.catan.model.RoundedPoint2D@22bc91, Value: [Vertex(1, 1, 4), Vertex(0, 1, 2)]
Key: com.catan.model.RoundedPoint2D@225ed1, Value: [Vertex(0, -1, 2), Vertex(1, -2, 0)]
Key: com.catan.model.RoundedPoint2D@227e11, Value: [Vertex(0, -1, 1)]
Key: com.catan.model.RoundedPoint2D@11ec62, Value: [Vertex(-1, -2, 5)]
Key: com.catan.model.RoundedPoint2D@11cd22, Value: [Vertex(-1, -2, 4)]
Key: com.catan.model.RoundedPoint2D@1935e1, Value: [Vertex(0, 2, 5), Vertex(-1, 2, 1)]
Key: com.catan.model.RoundedPoint2D@1916a1, Value: [Vertex(0, 2, 4), Vertex(-1, 2, 2), Vertex(-1, 1, 0)]
Key: com.catan.model.RoundedPoint2D@294a90, Value: [Vertex(1, 1, 2)]
Key: com.catan.model.RoundedPoint2D@2969d0, Value: [Vertex(1, 1, 1)]
Key: com.catan.model.RoundedPoint2D@18d821, Value: [Vertex(0, 0, 5), Vertex(-1, 1, 3)]
Key: com.catan.model.RoundedPoint2D@18b8e1, Value: [Vertex(0, 0, 4)]
Key: com.catan.model.RoundedPoint2D@185b21, Value: [Vertex(-1, -2, 2), Vertex(0, -2, 4)]
Key: com.catan.model.RoundedPoint2D@187a61, Value: [Vertex(-1, -2, 1), Vertex(0, -2, 5)]
Key: com.catan.model.RoundedPoint2D@15fe91, Value: [Vertex(-1, 2, 0)]
Key: com.catan.model.RoundedPoint2D@15a0d1, Value: [Vertex(-2, 1, 2), Vertex(-1, 1, 4)]
Key: com.catan.model.RoundedPoint2D@15c011, Value: [Vertex(-2, 1, 1), Vertex(-1, 2, 3), Vertex(-1, 1, 5)]
Key: com.catan.model.RoundedPoint2D@150491, Value: [Vertex(-1, -2, 3)]
Key: com.catan.model.RoundedPoint2D@154311, Value: [Vertex(-1, -2, 0)]
Key: com.catan.model.RoundedPoint2D@bbc42, Value: [Vertex(-2, 0, 5)]
Key: com.catan.model.RoundedPoint2D@b9d02, Value: [Vertex(-2, 0, 4)]
Key: com.catan.model.RoundedPoint2D@ed452, Value: [Vertex(-2, 0, 3)]
Key: com.catan.model.RoundedPoint2D@f3212, Value: [Vertex(-2, 1, 5)]
Key: com.catan.model.RoundedPoint2D@f12d2, Value: [Vertex(-2, 1, 4), Vertex(-2, 0, 0)]
Key: com.catan.model.RoundedPoint2D@1fc3c1, Value: [Vertex(1, 2, 5), Vertex(0, 2, 1)]
Key: com.catan.model.RoundedPoint2D@1fa481, Value: [Vertex(0, 1, 0), Vertex(1, 2, 4), Vertex(0, 2, 2)]
Key: com.catan.model.RoundedPoint2D@1f6601, Value: [Vertex(0, 0, 1), Vertex(0, 1, 3)]
Key: com.catan.model.RoundedPoint2D@1f0841, Value: [Vertex(0, -1, 3), Vertex(0, -2, 1), Vertex(1, -2, 5)]
Key: com.catan.model.RoundedPoint2D@1f46c1, Value: [Vertex(0, -1, 0), Vertex(0, 0, 2)]
Key: com.catan.model.RoundedPoint2D@1ee901, Value: [Vertex(0, -2, 2), Vertex(1, -2, 4)]
Key: com.catan.model.RoundedPoint2D@257700, Value: [Vertex(1, -2, 2)]
Key: com.catan.model.RoundedPoint2D@259640, Value: [Vertex(1, -2, 1)]
Key: com.catan.model.RoundedPoint2D@25f400, Value: [Vertex(1, 1, 3)]
Key: com.catan.model.RoundedPoint2D@2651c0, Value: [Vertex(1, 2, 1)]
Key: com.catan.model.RoundedPoint2D@263280, Value: [Vertex(1, 1, 0), Vertex(1, 2, 2)]
Key: com.catan.model.RoundedPoint2D@1b9271, Value: [Vertex(0, -2, 3)]
Key: com.catan.model.RoundedPoint2D@1bf031, Value: [Vertex(0, -1, 5), Vertex(0, 0, 3)]
Key: com.catan.model.RoundedPoint2D@1bd0f1, Value: [Vertex(0, -1, 4), Vertex(0, -2, 0)]
Key: com.catan.model.RoundedPoint2D@1c8c71, Value: [Vertex(0, 2, 0)]
Key: com.catan.model.RoundedPoint2D@1c4df1, Value: [Vertex(0, 1, 5), Vertex(0, 2, 3), Vertex(-1, 1, 1)]
Key: com.catan.model.RoundedPoint2D@1c2eb1, Value: [Vertex(0, 0, 0), Vertex(0, 1, 4), Vertex(-1, 1, 2)]
Key: com.catan.model.RoundedPoint2D@122ae2, Value: [Vertex(-2, 0, 2)]
Key: com.catan.model.RoundedPoint2D@12a7e2, Value: [Vertex(-1, 2, 5)]
Key: com.catan.model.RoundedPoint2D@124a22, Value: [Vertex(-2, 1, 3), Vertex(-2, 0, 1)]
Key: com.catan.model.RoundedPoint2D@1288a2, Value: [Vertex(-2, 1, 0), Vertex(-1, 2, 4)]
Key: com.catan.model.RoundedPoint2D@231a51, Value: [Vertex(1, 2, 0)]
Key: com.catan.model.RoundedPoint2D@222051, Value: [Vertex(1, -2, 3)]
Key: com.catan.model.RoundedPoint2D@22dbd1, Value: [Vertex(1, 1, 5), Vertex(0, 1, 1), Vertex(1, 2, 3)]
Key: com.catan.model.RoundedPoint2D@22bc91, Value: [Vertex(1, 1, 4), Vertex(0, 1, 2)]
Key: com.catan.model.RoundedPoint2D@225ed1, Value: [Vertex(0, -1, 2), Vertex(1, -2, 0)]
Key: com.catan.model.RoundedPoint2D@227e11, Value: [Vertex(0, -1, 1)]
Key: com.catan.model.RoundedPoint2D@11ec62, Value: [Vertex(-1, -2, 5)]
Key: com.catan.model.RoundedPoint2D@11cd22, Value: [Vertex(-1, -2, 4)]
Key: com.catan.model.RoundedPoint2D@1935e1, Value: [Vertex(0, 2, 5), Vertex(-1, 2, 1)]
Key: com.catan.model.RoundedPoint2D@1916a1, Value: [Vertex(0, 2, 4), Vertex(-1, 2, 2), Vertex(-1, 1, 0)]
Key: com.catan.model.RoundedPoint2D@294a90, Value: [Vertex(1, 1, 2)]
Key: com.catan.model.RoundedPoint2D@2969d0, Value: [Vertex(1, 1, 1)]
Key: com.catan.model.RoundedPoint2D@18d821, Value: [Vertex(0, 0, 5), Vertex(-1, 1, 3)]
Key: com.catan.model.RoundedPoint2D@18b8e1, Value: [Vertex(0, 0, 4)]
Key: com.catan.model.RoundedPoint2D@185b21, Value: [Vertex(-1, -2, 2), Vertex(0, -2, 4)]
Key: com.catan.model.RoundedPoint2D@187a61, Value: [Vertex(-1, -2, 1), Vertex(0, -2, 5)]
Key: com.catan.model.RoundedPoint2D@15fe91, Value: [Vertex(-1, 2, 0)]
Key: com.catan.model.RoundedPoint2D@15a0d1, Value: [Vertex(-2, 1, 2), Vertex(-1, 1, 4)]
Key: com.catan.model.RoundedPoint2D@15c011, Value: [Vertex(-2, 1, 1), Vertex(-1, 2, 3), Vertex(-1, 1, 5)]
Key: com.catan.model.RoundedPoint2D@150491, Value: [Vertex(-1, -2, 3)]
Key: com.catan.model.RoundedPoint2D@154311, Value: [Vertex(-1, -2, 0)]
Key: com.catan.model.RoundedPoint2D@bbc42, Value: [Vertex(-2, 0, 5)]
Key: com.catan.model.RoundedPoint2D@b9d02, Value: [Vertex(-2, 0, 4)]
Key: com.catan.model.RoundedPoint2D@ed452, Value: [Vertex(-2, 0, 3)]
Key: com.catan.model.RoundedPoint2D@f3212, Value: [Vertex(-2, 1, 5)]
Key: com.catan.model.RoundedPoint2D@f12d2, Value: [Vertex(-2, 1, 4), Vertex(-2, 0, 0)]
Key: com.catan.model.RoundedPoint2D@1fc3c1, Value: [Vertex(1, 2, 5), Vertex(0, 2, 1)]
Key: com.catan.model.RoundedPoint2D@1fa481, Value: [Vertex(0, 1, 0), Vertex(1, 2, 4), Vertex(0, 2, 2)]
Key: com.catan.model.RoundedPoint2D@1f6601, Value: [Vertex(0, 0, 1), Vertex(0, 1, 3)]
Key: com.catan.model.RoundedPoint2D@1f0841, Value: [Vertex(0, -1, 3), Vertex(0, -2, 1), Vertex(1, -2, 5)]
Key: com.catan.model.RoundedPoint2D@1f46c1, Value: [Vertex(0, -1, 0), Vertex(0, 0, 2)]
Key: com.catan.model.RoundedPoint2D@1ee901, Value: [Vertex(0, -2, 2), Vertex(1, -2, 4)]
Key: com.catan.model.RoundedPoint2D@257700, Value: [Vertex(1, -2, 2)]
Key: com.catan.model.RoundedPoint2D@259640, Value: [Vertex(1, -2, 1)]
Key: com.catan.model.RoundedPoint2D@25f400, Value: [Vertex(1, 1, 3)]
Key: com.catan.model.RoundedPoint2D@2651c0, Value: [Vertex(1, 2, 1)]
Key: com.catan.model.RoundedPoint2D@263280, Value: [Vertex(1, 1, 0), Vertex(1, 2, 2)]
Key: com.catan.model.RoundedPoint2D@1b9271, Value: [Vertex(0, -2, 3)]
Key: com.catan.model.RoundedPoint2D@1bf031, Value: [Vertex(0, -1, 5), Vertex(0, 0, 3)]
Key: com.catan.model.RoundedPoint2D@1bd0f1, Value: [Vertex(0, -1, 4), Vertex(0, -2, 0)]
Key: com.catan.model.RoundedPoint2D@1c8c71, Value: [Vertex(0, 2, 0)]
Key: com.catan.model.RoundedPoint2D@1c4df1, Value: [Vertex(0, 1, 5), Vertex(0, 2, 3), Vertex(-1, 1, 1)]
Key: com.catan.model.RoundedPoint2D@1c2eb1, Value: [Vertex(0, 0, 0), Vertex(0, 1, 4), Vertex(-1, 1, 2)]
Key: com.catan.model.RoundedPoint2D@122ae2, Value: [Vertex(-2, 0, 2), Vertex(-2, -1, 0)]
Key: com.catan.model.RoundedPoint2D@12a7e2, Value: [Vertex(-1, 2, 5)]
Key: com.catan.model.RoundedPoint2D@124a22, Value: [Vertex(-2, 1, 3), Vertex(-2, 0, 1)]
Key: com.catan.model.RoundedPoint2D@1288a2, Value: [Vertex(-2, 1, 0), Vertex(-1, 2, 4)]
Key: com.catan.model.RoundedPoint2D@231a51, Value: [Vertex(1, 2, 0)]
Key: com.catan.model.RoundedPoint2D@222051, Value: [Vertex(1, -2, 3)]
Key: com.catan.model.RoundedPoint2D@22dbd1, Value: [Vertex(1, 1, 5), Vertex(0, 1, 1), Vertex(1, 2, 3)]
Key: com.catan.model.RoundedPoint2D@22bc91, Value: [Vertex(1, 1, 4), Vertex(0, 1, 2)]
Key: com.catan.model.RoundedPoint2D@225ed1, Value: [Vertex(0, -1, 2), Vertex(1, -2, 0)]
Key: com.catan.model.RoundedPoint2D@227e11, Value: [Vertex(0, -1, 1)]
Key: com.catan.model.RoundedPoint2D@11ec62, Value: [Vertex(-1, -2, 5)]
Key: com.catan.model.RoundedPoint2D@11cd22, Value: [Vertex(-1, -2, 4)]
Key: com.catan.model.RoundedPoint2D@1935e1, Value: [Vertex(0, 2, 5), Vertex(-1, 2, 1)]
Key: com.catan.model.RoundedPoint2D@1916a1, Value: [Vertex(0, 2, 4), Vertex(-1, 2, 2), Vertex(-1, 1, 0)]
Key: com.catan.model.RoundedPoint2D@294a90, Value: [Vertex(1, 1, 2)]
Key: com.catan.model.RoundedPoint2D@2969d0, Value: [Vertex(1, 1, 1)]
Key: com.catan.model.RoundedPoint2D@18d821, Value: [Vertex(0, 0, 5), Vertex(-1, 1, 3)]
Key: com.catan.model.RoundedPoint2D@18b8e1, Value: [Vertex(0, 0, 4)]
Key: com.catan.model.RoundedPoint2D@185b21, Value: [Vertex(-1, -2, 2), Vertex(0, -2, 4)]
Key: com.catan.model.RoundedPoint2D@187a61, Value: [Vertex(-1, -2, 1), Vertex(0, -2, 5)]
Key: com.catan.model.RoundedPoint2D@156251, Value: [Vertex(-2, -1, 1)]
Key: com.catan.model.RoundedPoint2D@15fe91, Value: [Vertex(-1, 2, 0)]
Key: com.catan.model.RoundedPoint2D@15a0d1, Value: [Vertex(-2, 1, 2), Vertex(-1, 1, 4)]
Key: com.catan.model.RoundedPoint2D@15c011, Value: [Vertex(-2, 1, 1), Vertex(-1, 2, 3), Vertex(-1, 1, 5)]
Key: com.catan.model.RoundedPoint2D@150491, Value: [Vertex(-1, -2, 3)]
Key: com.catan.model.RoundedPoint2D@154311, Value: [Vertex(-1, -2, 0)]
Key: com.catan.model.RoundedPoint2D@bbc42, Value: [Vertex(-2, 0, 5)]
Key: com.catan.model.RoundedPoint2D@b9d02, Value: [Vertex(-2, 0, 4)]
Key: com.catan.model.RoundedPoint2D@ed452, Value: [Vertex(-2, 0, 3)]
Key: com.catan.model.RoundedPoint2D@f3212, Value: [Vertex(-2, 1, 5)]
Key: com.catan.model.RoundedPoint2D@f12d2, Value: [Vertex(-2, 1, 4), Vertex(-2, 0, 0)]
Key: com.catan.model.RoundedPoint2D@1fc3c1, Value: [Vertex(1, 2, 5), Vertex(0, 2, 1)]
Key: com.catan.model.RoundedPoint2D@1fa481, Value: [Vertex(0, 1, 0), Vertex(1, 2, 4), Vertex(0, 2, 2)]
Key: com.catan.model.RoundedPoint2D@1f6601, Value: [Vertex(0, 0, 1), Vertex(0, 1, 3)]
Key: com.catan.model.RoundedPoint2D@1f0841, Value: [Vertex(0, -1, 3), Vertex(0, -2, 1), Vertex(1, -2, 5)]
Key: com.catan.model.RoundedPoint2D@1f46c1, Value: [Vertex(0, -1, 0), Vertex(0, 0, 2)]
Key: com.catan.model.RoundedPoint2D@1ee901, Value: [Vertex(0, -2, 2), Vertex(1, -2, 4)]
Key: com.catan.model.RoundedPoint2D@257700, Value: [Vertex(1, -2, 2)]
Key: com.catan.model.RoundedPoint2D@259640, Value: [Vertex(1, -2, 1)]
Key: com.catan.model.RoundedPoint2D@25f400, Value: [Vertex(1, 1, 3)]
Key: com.catan.model.RoundedPoint2D@2651c0, Value: [Vertex(1, 2, 1)]
Key: com.catan.model.RoundedPoint2D@263280, Value: [Vertex(1, 1, 0), Vertex(1, 2, 2)]
Key: com.catan.model.RoundedPoint2D@1b9271, Value: [Vertex(0, -2, 3)]
Key: com.catan.model.RoundedPoint2D@1bf031, Value: [Vertex(0, -1, 5), Vertex(0, 0, 3)]
Key: com.catan.model.RoundedPoint2D@1bd0f1, Value: [Vertex(0, -1, 4), Vertex(0, -2, 0)]
Key: com.catan.model.RoundedPoint2D@1c8c71, Value: [Vertex(0, 2, 0)]
Key: com.catan.model.RoundedPoint2D@1c4df1, Value: [Vertex(0, 1, 5), Vertex(0, 2, 3), Vertex(-1, 1, 1)]
Key: com.catan.model.RoundedPoint2D@1c2eb1, Value: [Vertex(0, 0, 0), Vertex(0, 1, 4), Vertex(-1, 1, 2)]
Key: com.catan.model.RoundedPoint2D@122ae2, Value: [Vertex(-2, 0, 2), Vertex(-2, -1, 0)]
Key: com.catan.model.RoundedPoint2D@12a7e2, Value: [Vertex(-1, 2, 5)]
Key: com.catan.model.RoundedPoint2D@124a22, Value: [Vertex(-2, 1, 3), Vertex(-2, 0, 1)]
Key: com.catan.model.RoundedPoint2D@1288a2, Value: [Vertex(-2, 1, 0), Vertex(-1, 2, 4)]
Key: com.catan.model.RoundedPoint2D@231a51, Value: [Vertex(1, 2, 0)]
Key: com.catan.model.RoundedPoint2D@222051, Value: [Vertex(1, -2, 3)]
Key: com.catan.model.RoundedPoint2D@22dbd1, Value: [Vertex(1, 1, 5), Vertex(0, 1, 1), Vertex(1, 2, 3)]
Key: com.catan.model.RoundedPoint2D@22bc91, Value: [Vertex(1, 1, 4), Vertex(0, 1, 2)]
Key: com.catan.model.RoundedPoint2D@225ed1, Value: [Vertex(0, -1, 2), Vertex(1, -2, 0)]
Key: com.catan.model.RoundedPoint2D@227e11, Value: [Vertex(0, -1, 1)]
Key: com.catan.model.RoundedPoint2D@11ec62, Value: [Vertex(-1, -2, 5)]
Key: com.catan.model.RoundedPoint2D@11cd22, Value: [Vertex(-1, -2, 4)]
Key: com.catan.model.RoundedPoint2D@1935e1, Value: [Vertex(0, 2, 5), Vertex(-1, 2, 1)]
Key: com.catan.model.RoundedPoint2D@1916a1, Value: [Vertex(0, 2, 4), Vertex(-1, 2, 2), Vertex(-1, 1, 0)]
Key: com.catan.model.RoundedPoint2D@294a90, Value: [Vertex(1, 1, 2)]
Key: com.catan.model.RoundedPoint2D@2969d0, Value: [Vertex(1, 1, 1)]
Key: com.catan.model.RoundedPoint2D@18d821, Value: [Vertex(0, 0, 5), Vertex(-1, 1, 3)]
Key: com.catan.model.RoundedPoint2D@18b8e1, Value: [Vertex(0, 0, 4)]
Key: com.catan.model.RoundedPoint2D@185b21, Value: [Vertex(-1, -2, 2), Vertex(0, -2, 4)]
Key: com.catan.model.RoundedPoint2D@187a61, Value: [Vertex(-1, -2, 1), Vertex(0, -2, 5)]
Key: com.catan.model.RoundedPoint2D@156251, Value: [Vertex(-2, -1, 1)]
Key: com.catan.model.RoundedPoint2D@15fe91, Value: [Vertex(-1, 2, 0)]
Key: com.catan.model.RoundedPoint2D@15a0d1, Value: [Vertex(-2, 1, 2), Vertex(-1, 1, 4)]
Key: com.catan.model.RoundedPoint2D@15c011, Value: [Vertex(-2, 1, 1), Vertex(-1, 2, 3), Vertex(-1, 1, 5)]
Key: com.catan.model.RoundedPoint2D@150491, Value: [Vertex(-1, -2, 3)]
Key: com.catan.model.RoundedPoint2D@154311, Value: [Vertex(-1, -2, 0), Vertex(-2, -1, 2)]
Key: com.catan.model.RoundedPoint2D@bbc42, Value: [Vertex(-2, 0, 5)]
Key: com.catan.model.RoundedPoint2D@b9d02, Value: [Vertex(-2, 0, 4)]
Key: com.catan.model.RoundedPoint2D@ed452, Value: [Vertex(-2, 0, 3)]
Key: com.catan.model.RoundedPoint2D@f3212, Value: [Vertex(-2, 1, 5)]
Key: com.catan.model.RoundedPoint2D@f12d2, Value: [Vertex(-2, 1, 4), Vertex(-2, 0, 0)]
Key: com.catan.model.RoundedPoint2D@1fc3c1, Value: [Vertex(1, 2, 5), Vertex(0, 2, 1)]
Key: com.catan.model.RoundedPoint2D@1fa481, Value: [Vertex(0, 1, 0), Vertex(1, 2, 4), Vertex(0, 2, 2)]
Key: com.catan.model.RoundedPoint2D@1f6601, Value: [Vertex(0, 0, 1), Vertex(0, 1, 3)]
Key: com.catan.model.RoundedPoint2D@1f0841, Value: [Vertex(0, -1, 3), Vertex(0, -2, 1), Vertex(1, -2, 5)]
Key: com.catan.model.RoundedPoint2D@1f46c1, Value: [Vertex(0, -1, 0), Vertex(0, 0, 2)]
Key: com.catan.model.RoundedPoint2D@1ee901, Value: [Vertex(0, -2, 2), Vertex(1, -2, 4)]
Key: com.catan.model.RoundedPoint2D@257700, Value: [Vertex(1, -2, 2)]
Key: com.catan.model.RoundedPoint2D@259640, Value: [Vertex(1, -2, 1)]
Key: com.catan.model.RoundedPoint2D@25f400, Value: [Vertex(1, 1, 3)]
Key: com.catan.model.RoundedPoint2D@2651c0, Value: [Vertex(1, 2, 1)]
Key: com.catan.model.RoundedPoint2D@263280, Value: [Vertex(1, 1, 0), Vertex(1, 2, 2)]
Key: com.catan.model.RoundedPoint2D@1b9271, Value: [Vertex(0, -2, 3)]
Key: com.catan.model.RoundedPoint2D@1bf031, Value: [Vertex(0, -1, 5), Vertex(0, 0, 3)]
Key: com.catan.model.RoundedPoint2D@1bd0f1, Value: [Vertex(0, -1, 4), Vertex(0, -2, 0)]
Key: com.catan.model.RoundedPoint2D@1c8c71, Value: [Vertex(0, 2, 0)]
Key: com.catan.model.RoundedPoint2D@1c4df1, Value: [Vertex(0, 1, 5), Vertex(0, 2, 3), Vertex(-1, 1, 1)]
Key: com.catan.model.RoundedPoint2D@1c2eb1, Value: [Vertex(0, 0, 0), Vertex(0, 1, 4), Vertex(-1, 1, 2)]
Key: com.catan.model.RoundedPoint2D@122ae2, Value: [Vertex(-2, 0, 2), Vertex(-2, -1, 0)]
Key: com.catan.model.RoundedPoint2D@12a7e2, Value: [Vertex(-1, 2, 5)]
Key: com.catan.model.RoundedPoint2D@124a22, Value: [Vertex(-2, 1, 3), Vertex(-2, 0, 1)]
Key: com.catan.model.RoundedPoint2D@1288a2, Value: [Vertex(-2, 1, 0), Vertex(-1, 2, 4)]
Key: com.catan.model.RoundedPoint2D@231a51, Value: [Vertex(1, 2, 0)]
Key: com.catan.model.RoundedPoint2D@222051, Value: [Vertex(1, -2, 3)]
Key: com.catan.model.RoundedPoint2D@22dbd1, Value: [Vertex(1, 1, 5), Vertex(0, 1, 1), Vertex(1, 2, 3)]
Key: com.catan.model.RoundedPoint2D@22bc91, Value: [Vertex(1, 1, 4), Vertex(0, 1, 2)]
Key: com.catan.model.RoundedPoint2D@225ed1, Value: [Vertex(0, -1, 2), Vertex(1, -2, 0)]
Key: com.catan.model.RoundedPoint2D@227e11, Value: [Vertex(0, -1, 1)]
Key: com.catan.model.RoundedPoint2D@11ec62, Value: [Vertex(-1, -2, 5)]
Key: com.catan.model.RoundedPoint2D@11cd22, Value: [Vertex(-1, -2, 4)]
Key: com.catan.model.RoundedPoint2D@1935e1, Value: [Vertex(0, 2, 5), Vertex(-1, 2, 1)]
Key: com.catan.model.RoundedPoint2D@1916a1, Value: [Vertex(0, 2, 4), Vertex(-1, 2, 2), Vertex(-1, 1, 0)]
Key: com.catan.model.RoundedPoint2D@294a90, Value: [Vertex(1, 1, 2)]
Key: com.catan.model.RoundedPoint2D@2969d0, Value: [Vertex(1, 1, 1)]
Key: com.catan.model.RoundedPoint2D@18d821, Value: [Vertex(0, 0, 5), Vertex(-1, 1, 3)]
Key: com.catan.model.RoundedPoint2D@18b8e1, Value: [Vertex(0, 0, 4)]
Key: com.catan.model.RoundedPoint2D@185b21, Value: [Vertex(-1, -2, 2), Vertex(0, -2, 4)]
Key: com.catan.model.RoundedPoint2D@187a61, Value: [Vertex(-1, -2, 1), Vertex(0, -2, 5)]
Key: com.catan.model.RoundedPoint2D@156251, Value: [Vertex(-2, -1, 1)]
Key: com.catan.model.RoundedPoint2D@15fe91, Value: [Vertex(-1, 2, 0)]
Key: com.catan.model.RoundedPoint2D@15a0d1, Value: [Vertex(-2, 1, 2), Vertex(-1, 1, 4)]
Key: com.catan.model.RoundedPoint2D@15c011, Value: [Vertex(-2, 1, 1), Vertex(-1, 2, 3), Vertex(-1, 1, 5)]
Key: com.catan.model.RoundedPoint2D@150491, Value: [Vertex(-1, -2, 3)]
Key: com.catan.model.RoundedPoint2D@154311, Value: [Vertex(-1, -2, 0), Vertex(-2, -1, 2)]
Key: com.catan.model.RoundedPoint2D@bbc42, Value: [Vertex(-2, 0, 5)]
Key: com.catan.model.RoundedPoint2D@b9d02, Value: [Vertex(-2, 0, 4)]
Key: com.catan.model.RoundedPoint2D@ed452, Value: [Vertex(-2, 0, 3)]
Key: com.catan.model.RoundedPoint2D@f3212, Value: [Vertex(-2, 1, 5)]
Key: com.catan.model.RoundedPoint2D@f12d2, Value: [Vertex(-2, 1, 4), Vertex(-2, 0, 0)]
Key: com.catan.model.RoundedPoint2D@1fc3c1, Value: [Vertex(1, 2, 5), Vertex(0, 2, 1)]
Key: com.catan.model.RoundedPoint2D@1fa481, Value: [Vertex(0, 1, 0), Vertex(1, 2, 4), Vertex(0, 2, 2)]
Key: com.catan.model.RoundedPoint2D@1f6601, Value: [Vertex(0, 0, 1), Vertex(0, 1, 3)]
Key: com.catan.model.RoundedPoint2D@1f0841, Value: [Vertex(0, -1, 3), Vertex(0, -2, 1), Vertex(1, -2, 5)]
Key: com.catan.model.RoundedPoint2D@1f46c1, Value: [Vertex(0, -1, 0), Vertex(0, 0, 2)]
Key: com.catan.model.RoundedPoint2D@1ee901, Value: [Vertex(0, -2, 2), Vertex(1, -2, 4)]
Key: com.catan.model.RoundedPoint2D@257700, Value: [Vertex(1, -2, 2)]
Key: com.catan.model.RoundedPoint2D@259640, Value: [Vertex(1, -2, 1)]
Key: com.catan.model.RoundedPoint2D@25f400, Value: [Vertex(1, 1, 3)]
Key: com.catan.model.RoundedPoint2D@2651c0, Value: [Vertex(1, 2, 1)]
Key: com.catan.model.RoundedPoint2D@263280, Value: [Vertex(1, 1, 0), Vertex(1, 2, 2)]
Key: com.catan.model.RoundedPoint2D@1b9271, Value: [Vertex(0, -2, 3)]
Key: com.catan.model.RoundedPoint2D@1bf031, Value: [Vertex(0, -1, 5), Vertex(0, 0, 3)]
Key: com.catan.model.RoundedPoint2D@1bd0f1, Value: [Vertex(0, -1, 4), Vertex(0, -2, 0)]
Key: com.catan.model.RoundedPoint2D@1c8c71, Value: [Vertex(0, 2, 0)]
Key: com.catan.model.RoundedPoint2D@1c4df1, Value: [Vertex(0, 1, 5), Vertex(0, 2, 3), Vertex(-1, 1, 1)]
Key: com.catan.model.RoundedPoint2D@1c2eb1, Value: [Vertex(0, 0, 0), Vertex(0, 1, 4), Vertex(-1, 1, 2)]
Key: com.catan.model.RoundedPoint2D@122ae2, Value: [Vertex(-2, 0, 2), Vertex(-2, -1, 0)]
Key: com.catan.model.RoundedPoint2D@12a7e2, Value: [Vertex(-1, 2, 5)]
Key: com.catan.model.RoundedPoint2D@124a22, Value: [Vertex(-2, 1, 3), Vertex(-2, 0, 1)]
Key: com.catan.model.RoundedPoint2D@1288a2, Value: [Vertex(-2, 1, 0), Vertex(-1, 2, 4)]
Key: com.catan.model.RoundedPoint2D@231a51, Value: [Vertex(1, 2, 0)]
Key: com.catan.model.RoundedPoint2D@222051, Value: [Vertex(1, -2, 3)]
Key: com.catan.model.RoundedPoint2D@22dbd1, Value: [Vertex(1, 1, 5), Vertex(0, 1, 1), Vertex(1, 2, 3)]
Key: com.catan.model.RoundedPoint2D@22bc91, Value: [Vertex(1, 1, 4), Vertex(0, 1, 2)]
Key: com.catan.model.RoundedPoint2D@225ed1, Value: [Vertex(0, -1, 2), Vertex(1, -2, 0)]
Key: com.catan.model.RoundedPoint2D@227e11, Value: [Vertex(0, -1, 1)]
Key: com.catan.model.RoundedPoint2D@11ec62, Value: [Vertex(-1, -2, 5), Vertex(-2, -1, 3)]
Key: com.catan.model.RoundedPoint2D@11cd22, Value: [Vertex(-1, -2, 4)]
Key: com.catan.model.RoundedPoint2D@1935e1, Value: [Vertex(0, 2, 5), Vertex(-1, 2, 1)]
Key: com.catan.model.RoundedPoint2D@1916a1, Value: [Vertex(0, 2, 4), Vertex(-1, 2, 2), Vertex(-1, 1, 0)]
Key: com.catan.model.RoundedPoint2D@294a90, Value: [Vertex(1, 1, 2)]
Key: com.catan.model.RoundedPoint2D@2969d0, Value: [Vertex(1, 1, 1)]
Key: com.catan.model.RoundedPoint2D@18d821, Value: [Vertex(0, 0, 5), Vertex(-1, 1, 3)]
Key: com.catan.model.RoundedPoint2D@18b8e1, Value: [Vertex(0, 0, 4)]
Key: com.catan.model.RoundedPoint2D@185b21, Value: [Vertex(-1, -2, 2), Vertex(0, -2, 4)]
Key: com.catan.model.RoundedPoint2D@187a61, Value: [Vertex(-1, -2, 1), Vertex(0, -2, 5)]
Key: com.catan.model.RoundedPoint2D@156251, Value: [Vertex(-2, -1, 1)]
Key: com.catan.model.RoundedPoint2D@15fe91, Value: [Vertex(-1, 2, 0)]
Key: com.catan.model.RoundedPoint2D@15a0d1, Value: [Vertex(-2, 1, 2), Vertex(-1, 1, 4)]
Key: com.catan.model.RoundedPoint2D@15c011, Value: [Vertex(-2, 1, 1), Vertex(-1, 2, 3), Vertex(-1, 1, 5)]
Key: com.catan.model.RoundedPoint2D@150491, Value: [Vertex(-1, -2, 3)]
Key: com.catan.model.RoundedPoint2D@154311, Value: [Vertex(-1, -2, 0), Vertex(-2, -1, 2)]
Key: com.catan.model.RoundedPoint2D@bbc42, Value: [Vertex(-2, 0, 5)]
Key: com.catan.model.RoundedPoint2D@b9d02, Value: [Vertex(-2, 0, 4)]
Key: com.catan.model.RoundedPoint2D@eb512, Value: [Vertex(-2, -1, 4)]
Key: com.catan.model.RoundedPoint2D@ed452, Value: [Vertex(-2, 0, 3)]
Key: com.catan.model.RoundedPoint2D@f3212, Value: [Vertex(-2, 1, 5)]
Key: com.catan.model.RoundedPoint2D@f12d2, Value: [Vertex(-2, 1, 4), Vertex(-2, 0, 0)]
Key: com.catan.model.RoundedPoint2D@1fc3c1, Value: [Vertex(1, 2, 5), Vertex(0, 2, 1)]
Key: com.catan.model.RoundedPoint2D@1fa481, Value: [Vertex(0, 1, 0), Vertex(1, 2, 4), Vertex(0, 2, 2)]
Key: com.catan.model.RoundedPoint2D@1f6601, Value: [Vertex(0, 0, 1), Vertex(0, 1, 3)]
Key: com.catan.model.RoundedPoint2D@1f0841, Value: [Vertex(0, -1, 3), Vertex(0, -2, 1), Vertex(1, -2, 5)]
Key: com.catan.model.RoundedPoint2D@1f46c1, Value: [Vertex(0, -1, 0), Vertex(0, 0, 2)]
Key: com.catan.model.RoundedPoint2D@1ee901, Value: [Vertex(0, -2, 2), Vertex(1, -2, 4)]
Key: com.catan.model.RoundedPoint2D@257700, Value: [Vertex(1, -2, 2)]
Key: com.catan.model.RoundedPoint2D@259640, Value: [Vertex(1, -2, 1)]
Key: com.catan.model.RoundedPoint2D@25f400, Value: [Vertex(1, 1, 3)]
Key: com.catan.model.RoundedPoint2D@2651c0, Value: [Vertex(1, 2, 1)]
Key: com.catan.model.RoundedPoint2D@263280, Value: [Vertex(1, 1, 0), Vertex(1, 2, 2)]
Key: com.catan.model.RoundedPoint2D@1b9271, Value: [Vertex(0, -2, 3)]
Key: com.catan.model.RoundedPoint2D@1bf031, Value: [Vertex(0, -1, 5), Vertex(0, 0, 3)]
Key: com.catan.model.RoundedPoint2D@1bd0f1, Value: [Vertex(0, -1, 4), Vertex(0, -2, 0)]
Key: com.catan.model.RoundedPoint2D@1c8c71, Value: [Vertex(0, 2, 0)]
Key: com.catan.model.RoundedPoint2D@1c4df1, Value: [Vertex(0, 1, 5), Vertex(0, 2, 3), Vertex(-1, 1, 1)]
Key: com.catan.model.RoundedPoint2D@1c2eb1, Value: [Vertex(0, 0, 0), Vertex(0, 1, 4), Vertex(-1, 1, 2)]
Key: com.catan.model.RoundedPoint2D@122ae2, Value: [Vertex(-2, 0, 2), Vertex(-2, -1, 0)]
Key: com.catan.model.RoundedPoint2D@12a7e2, Value: [Vertex(-1, 2, 5)]
Key: com.catan.model.RoundedPoint2D@124a22, Value: [Vertex(-2, 1, 3), Vertex(-2, 0, 1)]
Key: com.catan.model.RoundedPoint2D@1288a2, Value: [Vertex(-2, 1, 0), Vertex(-1, 2, 4)]
Key: com.catan.model.RoundedPoint2D@231a51, Value: [Vertex(1, 2, 0)]
Key: com.catan.model.RoundedPoint2D@222051, Value: [Vertex(1, -2, 3)]
Key: com.catan.model.RoundedPoint2D@22dbd1, Value: [Vertex(1, 1, 5), Vertex(0, 1, 1), Vertex(1, 2, 3)]
Key: com.catan.model.RoundedPoint2D@22bc91, Value: [Vertex(1, 1, 4), Vertex(0, 1, 2)]
Key: com.catan.model.RoundedPoint2D@225ed1, Value: [Vertex(0, -1, 2), Vertex(1, -2, 0)]
Key: com.catan.model.RoundedPoint2D@227e11, Value: [Vertex(0, -1, 1)]
Key: com.catan.model.RoundedPoint2D@11ec62, Value: [Vertex(-1, -2, 5), Vertex(-2, -1, 3)]
Key: com.catan.model.RoundedPoint2D@11cd22, Value: [Vertex(-1, -2, 4)]
Key: com.catan.model.RoundedPoint2D@1935e1, Value: [Vertex(0, 2, 5), Vertex(-1, 2, 1)]
Key: com.catan.model.RoundedPoint2D@1916a1, Value: [Vertex(0, 2, 4), Vertex(-1, 2, 2), Vertex(-1, 1, 0)]
Key: com.catan.model.RoundedPoint2D@294a90, Value: [Vertex(1, 1, 2)]
Key: com.catan.model.RoundedPoint2D@2969d0, Value: [Vertex(1, 1, 1)]
Key: com.catan.model.RoundedPoint2D@18d821, Value: [Vertex(0, 0, 5), Vertex(-1, 1, 3)]
Key: com.catan.model.RoundedPoint2D@18b8e1, Value: [Vertex(0, 0, 4)]
Key: com.catan.model.RoundedPoint2D@185b21, Value: [Vertex(-1, -2, 2), Vertex(0, -2, 4)]
Key: com.catan.model.RoundedPoint2D@187a61, Value: [Vertex(-1, -2, 1), Vertex(0, -2, 5)]
Key: com.catan.model.RoundedPoint2D@15fe91, Value: [Vertex(-1, 2, 0)]
Key: com.catan.model.RoundedPoint2D@15c011, Value: [Vertex(-2, 1, 1), Vertex(-1, 2, 3), Vertex(-1, 1, 5)]
Key: com.catan.model.RoundedPoint2D@150491, Value: [Vertex(-1, -2, 3)]
Key: com.catan.model.RoundedPoint2D@154311, Value: [Vertex(-1, -2, 0), Vertex(-2, -1, 2)]
Key: com.catan.model.RoundedPoint2D@b9d02, Value: [Vertex(-2, 0, 4)]
Key: com.catan.model.RoundedPoint2D@eb512, Value: [Vertex(-2, -1, 4)]
Key: com.catan.model.RoundedPoint2D@f3212, Value: [Vertex(-2, 1, 5)]
Key: com.catan.model.RoundedPoint2D@1fa481, Value: [Vertex(0, 1, 0), Vertex(1, 2, 4), Vertex(0, 2, 2)]
Key: com.catan.model.RoundedPoint2D@1f6601, Value: [Vertex(0, 0, 1), Vertex(0, 1, 3)]
Key: com.catan.model.RoundedPoint2D@1ee901, Value: [Vertex(0, -2, 2), Vertex(1, -2, 4)]
Key: com.catan.model.RoundedPoint2D@257700, Value: [Vertex(1, -2, 2)]
Key: com.catan.model.RoundedPoint2D@25f400, Value: [Vertex(1, 1, 3)]
Key: com.catan.model.RoundedPoint2D@263280, Value: [Vertex(1, 1, 0), Vertex(1, 2, 2)]
Key: com.catan.model.RoundedPoint2D@1bf031, Value: [Vertex(0, -1, 5), Vertex(0, 0, 3)]
Key: com.catan.model.RoundedPoint2D@1c2eb1, Value: [Vertex(0, 0, 0), Vertex(0, 1, 4), Vertex(-1, 1, 2)]
Key: com.catan.model.RoundedPoint2D@124a22, Value: [Vertex(-2, 1, 3), Vertex(-2, 0, 1)]
Key: com.catan.model.RoundedPoint2D@1288a2, Value: [Vertex(-2, 1, 0), Vertex(-1, 2, 4)]
Key: com.catan.model.RoundedPoint2D@22bc91, Value: [Vertex(1, 1, 4), Vertex(0, 1, 2)]
Key: com.catan.model.RoundedPoint2D@227e11, Value: [Vertex(0, -1, 1)]
Key: com.catan.model.RoundedPoint2D@11cd22, Value: [Vertex(-1, -2, 4)]
Key: com.catan.model.RoundedPoint2D@1916a1, Value: [Vertex(0, 2, 4), Vertex(-1, 2, 2), Vertex(-1, 1, 0)]
Key: com.catan.model.RoundedPoint2D@294a90, Value: [Vertex(1, 1, 2)]
Key: com.catan.model.RoundedPoint2D@18d821, Value: [Vertex(0, 0, 5), Vertex(-1, 1, 3)]
Key: com.catan.model.RoundedPoint2D@185b21, Value: [Vertex(-1, -2, 2), Vertex(0, -2, 4)]
Key: com.catan.model.RoundedPoint2D@156251, Value: [Vertex(-2, -1, 1)]
Key: com.catan.model.RoundedPoint2D@15a0d1, Value: [Vertex(-2, 1, 2), Vertex(-1, 1, 4)]
Key: com.catan.model.RoundedPoint2D@bbc42, Value: [Vertex(-2, 0, 5)]
Key: com.catan.model.RoundedPoint2D@ed452, Value: [Vertex(-2, 0, 3), Vertex(-2, -1, 5)]
Key: com.catan.model.RoundedPoint2D@f12d2, Value: [Vertex(-2, 1, 4), Vertex(-2, 0, 0)]
Key: com.catan.model.RoundedPoint2D@1fc3c1, Value: [Vertex(1, 2, 5), Vertex(0, 2, 1)]
Key: com.catan.model.RoundedPoint2D@1f0841, Value: [Vertex(0, -1, 3), Vertex(0, -2, 1), Vertex(1, -2, 5)]
Key: com.catan.model.RoundedPoint2D@1f46c1, Value: [Vertex(0, -1, 0), Vertex(0, 0, 2)]
Key: com.catan.model.RoundedPoint2D@259640, Value: [Vertex(1, -2, 1)]
Key: com.catan.model.RoundedPoint2D@2651c0, Value: [Vertex(1, 2, 1)]
Key: com.catan.model.RoundedPoint2D@1b9271, Value: [Vertex(0, -2, 3)]
Key: com.catan.model.RoundedPoint2D@1bd0f1, Value: [Vertex(0, -1, 4), Vertex(0, -2, 0)]
Key: com.catan.model.RoundedPoint2D@1c8c71, Value: [Vertex(0, 2, 0)]
Key: com.catan.model.RoundedPoint2D@1c4df1, Value: [Vertex(0, 1, 5), Vertex(0, 2, 3), Vertex(-1, 1, 1)]
Key: com.catan.model.RoundedPoint2D@122ae2, Value: [Vertex(-2, 0, 2), Vertex(-2, -1, 0)]
Key: com.catan.model.RoundedPoint2D@12a7e2, Value: [Vertex(-1, 2, 5)]
Key: com.catan.model.RoundedPoint2D@231a51, Value: [Vertex(1, 2, 0)]
Key: com.catan.model.RoundedPoint2D@222051, Value: [Vertex(1, -2, 3)]
Key: com.catan.model.RoundedPoint2D@22dbd1, Value: [Vertex(1, 1, 5), Vertex(0, 1, 1), Vertex(1, 2, 3)]
Key: com.catan.model.RoundedPoint2D@225ed1, Value: [Vertex(0, -1, 2), Vertex(1, -2, 0)]
Key: com.catan.model.RoundedPoint2D@11ec62, Value: [Vertex(-1, -2, 5), Vertex(-2, -1, 3)]
Key: com.catan.model.RoundedPoint2D@1935e1, Value: [Vertex(0, 2, 5), Vertex(-1, 2, 1)]
Key: com.catan.model.RoundedPoint2D@2969d0, Value: [Vertex(1, 1, 1)]
Key: com.catan.model.RoundedPoint2D@18b8e1, Value: [Vertex(0, 0, 4)]
Key: com.catan.model.RoundedPoint2D@187a61, Value: [Vertex(-1, -2, 1), Vertex(0, -2, 5)]
Key: com.catan.model.RoundedPoint2D@15fe91, Value: [Vertex(-1, 2, 0)]
Key: com.catan.model.RoundedPoint2D@15c011, Value: [Vertex(-2, 1, 1), Vertex(-1, 2, 3), Vertex(-1, 1, 5)]
Key: com.catan.model.RoundedPoint2D@150491, Value: [Vertex(-1, -2, 3)]
Key: com.catan.model.RoundedPoint2D@154311, Value: [Vertex(-1, -2, 0), Vertex(-2, -1, 2)]
Key: com.catan.model.RoundedPoint2D@b9d02, Value: [Vertex(-2, 0, 4)]
Key: com.catan.model.RoundedPoint2D@eb512, Value: [Vertex(-2, -1, 4)]
Key: com.catan.model.RoundedPoint2D@f3212, Value: [Vertex(-2, 1, 5)]
Key: com.catan.model.RoundedPoint2D@1fa481, Value: [Vertex(0, 1, 0), Vertex(1, 2, 4), Vertex(0, 2, 2)]
Key: com.catan.model.RoundedPoint2D@1f6601, Value: [Vertex(0, 0, 1), Vertex(0, 1, 3)]
Key: com.catan.model.RoundedPoint2D@1ee901, Value: [Vertex(0, -2, 2), Vertex(1, -2, 4)]
Key: com.catan.model.RoundedPoint2D@257700, Value: [Vertex(1, -2, 2)]
Key: com.catan.model.RoundedPoint2D@25f400, Value: [Vertex(1, 1, 3)]
Key: com.catan.model.RoundedPoint2D@263280, Value: [Vertex(1, 1, 0), Vertex(1, 2, 2)]
Key: com.catan.model.RoundedPoint2D@1bf031, Value: [Vertex(0, -1, 5), Vertex(0, 0, 3)]
Key: com.catan.model.RoundedPoint2D@1c2eb1, Value: [Vertex(0, 0, 0), Vertex(0, 1, 4), Vertex(-1, 1, 2)]
Key: com.catan.model.RoundedPoint2D@124a22, Value: [Vertex(-2, 1, 3), Vertex(-2, 0, 1)]
Key: com.catan.model.RoundedPoint2D@1288a2, Value: [Vertex(-2, 1, 0), Vertex(-1, 2, 4)]
Key: com.catan.model.RoundedPoint2D@22bc91, Value: [Vertex(1, 1, 4), Vertex(0, 1, 2)]
Key: com.catan.model.RoundedPoint2D@227e11, Value: [Vertex(0, -1, 1)]
Key: com.catan.model.RoundedPoint2D@11cd22, Value: [Vertex(-1, -2, 4)]
Key: com.catan.model.RoundedPoint2D@1916a1, Value: [Vertex(0, 2, 4), Vertex(-1, 2, 2), Vertex(-1, 1, 0)]
Key: com.catan.model.RoundedPoint2D@294a90, Value: [Vertex(1, 1, 2)]
Key: com.catan.model.RoundedPoint2D@18d821, Value: [Vertex(0, 0, 5), Vertex(-1, 1, 3)]
Key: com.catan.model.RoundedPoint2D@185b21, Value: [Vertex(-1, -2, 2), Vertex(0, -2, 4)]
Key: com.catan.model.RoundedPoint2D@156251, Value: [Vertex(-2, -1, 1)]
Key: com.catan.model.RoundedPoint2D@15a0d1, Value: [Vertex(-2, 1, 2), Vertex(-1, 1, 4)]
Key: com.catan.model.RoundedPoint2D@bbc42, Value: [Vertex(-2, 0, 5)]
Key: com.catan.model.RoundedPoint2D@ed452, Value: [Vertex(-2, 0, 3), Vertex(-2, -1, 5)]
Key: com.catan.model.RoundedPoint2D@f12d2, Value: [Vertex(-2, 1, 4), Vertex(-2, 0, 0)]
Key: com.catan.model.RoundedPoint2D@1fc3c1, Value: [Vertex(1, 2, 5), Vertex(0, 2, 1)]
Key: com.catan.model.RoundedPoint2D@1f0841, Value: [Vertex(0, -1, 3), Vertex(0, -2, 1), Vertex(1, -2, 5)]
Key: com.catan.model.RoundedPoint2D@1f46c1, Value: [Vertex(0, -1, 0), Vertex(0, 0, 2)]
Key: com.catan.model.RoundedPoint2D@25d4c0, Value: [Vertex(1, -1, 0)]
Key: com.catan.model.RoundedPoint2D@259640, Value: [Vertex(1, -2, 1)]
Key: com.catan.model.RoundedPoint2D@2651c0, Value: [Vertex(1, 2, 1)]
Key: com.catan.model.RoundedPoint2D@1b9271, Value: [Vertex(0, -2, 3)]
Key: com.catan.model.RoundedPoint2D@1bd0f1, Value: [Vertex(0, -1, 4), Vertex(0, -2, 0)]
Key: com.catan.model.RoundedPoint2D@1c8c71, Value: [Vertex(0, 2, 0)]
Key: com.catan.model.RoundedPoint2D@1c4df1, Value: [Vertex(0, 1, 5), Vertex(0, 2, 3), Vertex(-1, 1, 1)]
Key: com.catan.model.RoundedPoint2D@122ae2, Value: [Vertex(-2, 0, 2), Vertex(-2, -1, 0)]
Key: com.catan.model.RoundedPoint2D@12a7e2, Value: [Vertex(-1, 2, 5)]
Key: com.catan.model.RoundedPoint2D@231a51, Value: [Vertex(1, 2, 0)]
Key: com.catan.model.RoundedPoint2D@222051, Value: [Vertex(1, -2, 3)]
Key: com.catan.model.RoundedPoint2D@22dbd1, Value: [Vertex(1, 1, 5), Vertex(0, 1, 1), Vertex(1, 2, 3)]
Key: com.catan.model.RoundedPoint2D@225ed1, Value: [Vertex(0, -1, 2), Vertex(1, -2, 0)]
Key: com.catan.model.RoundedPoint2D@11ec62, Value: [Vertex(-1, -2, 5), Vertex(-2, -1, 3)]
Key: com.catan.model.RoundedPoint2D@1935e1, Value: [Vertex(0, 2, 5), Vertex(-1, 2, 1)]
Key: com.catan.model.RoundedPoint2D@2969d0, Value: [Vertex(1, 1, 1)]
Key: com.catan.model.RoundedPoint2D@18b8e1, Value: [Vertex(0, 0, 4)]
Key: com.catan.model.RoundedPoint2D@187a61, Value: [Vertex(-1, -2, 1), Vertex(0, -2, 5)]
Key: com.catan.model.RoundedPoint2D@15fe91, Value: [Vertex(-1, 2, 0)]
Key: com.catan.model.RoundedPoint2D@15c011, Value: [Vertex(-2, 1, 1), Vertex(-1, 2, 3), Vertex(-1, 1, 5)]
Key: com.catan.model.RoundedPoint2D@150491, Value: [Vertex(-1, -2, 3)]
Key: com.catan.model.RoundedPoint2D@154311, Value: [Vertex(-1, -2, 0), Vertex(-2, -1, 2)]
Key: com.catan.model.RoundedPoint2D@b9d02, Value: [Vertex(-2, 0, 4)]
Key: com.catan.model.RoundedPoint2D@eb512, Value: [Vertex(-2, -1, 4)]
Key: com.catan.model.RoundedPoint2D@f3212, Value: [Vertex(-2, 1, 5)]
Key: com.catan.model.RoundedPoint2D@1fa481, Value: [Vertex(0, 1, 0), Vertex(1, 2, 4), Vertex(0, 2, 2)]
Key: com.catan.model.RoundedPoint2D@1f6601, Value: [Vertex(0, 0, 1), Vertex(0, 1, 3)]
Key: com.catan.model.RoundedPoint2D@1ee901, Value: [Vertex(0, -2, 2), Vertex(1, -2, 4)]
Key: com.catan.model.RoundedPoint2D@257700, Value: [Vertex(1, -2, 2)]
Key: com.catan.model.RoundedPoint2D@25f400, Value: [Vertex(1, 1, 3)]
Key: com.catan.model.RoundedPoint2D@263280, Value: [Vertex(1, 1, 0), Vertex(1, 2, 2)]
Key: com.catan.model.RoundedPoint2D@1bf031, Value: [Vertex(0, -1, 5), Vertex(0, 0, 3)]
Key: com.catan.model.RoundedPoint2D@1c2eb1, Value: [Vertex(0, 0, 0), Vertex(0, 1, 4), Vertex(-1, 1, 2)]
Key: com.catan.model.RoundedPoint2D@124a22, Value: [Vertex(-2, 1, 3), Vertex(-2, 0, 1)]
Key: com.catan.model.RoundedPoint2D@1288a2, Value: [Vertex(-2, 1, 0), Vertex(-1, 2, 4)]
Key: com.catan.model.RoundedPoint2D@22bc91, Value: [Vertex(1, 1, 4), Vertex(0, 1, 2)]
Key: com.catan.model.RoundedPoint2D@227e11, Value: [Vertex(0, -1, 1)]
Key: com.catan.model.RoundedPoint2D@11cd22, Value: [Vertex(-1, -2, 4)]
Key: com.catan.model.RoundedPoint2D@1916a1, Value: [Vertex(0, 2, 4), Vertex(-1, 2, 2), Vertex(-1, 1, 0)]
Key: com.catan.model.RoundedPoint2D@290c10, Value: [Vertex(1, -1, 1)]
Key: com.catan.model.RoundedPoint2D@294a90, Value: [Vertex(1, 1, 2)]
Key: com.catan.model.RoundedPoint2D@18d821, Value: [Vertex(0, 0, 5), Vertex(-1, 1, 3)]
Key: com.catan.model.RoundedPoint2D@185b21, Value: [Vertex(-1, -2, 2), Vertex(0, -2, 4)]
Key: com.catan.model.RoundedPoint2D@156251, Value: [Vertex(-2, -1, 1)]
Key: com.catan.model.RoundedPoint2D@15a0d1, Value: [Vertex(-2, 1, 2), Vertex(-1, 1, 4)]
Key: com.catan.model.RoundedPoint2D@bbc42, Value: [Vertex(-2, 0, 5)]
Key: com.catan.model.RoundedPoint2D@ed452, Value: [Vertex(-2, 0, 3), Vertex(-2, -1, 5)]
Key: com.catan.model.RoundedPoint2D@f12d2, Value: [Vertex(-2, 1, 4), Vertex(-2, 0, 0)]
Key: com.catan.model.RoundedPoint2D@1fc3c1, Value: [Vertex(1, 2, 5), Vertex(0, 2, 1)]
Key: com.catan.model.RoundedPoint2D@1f0841, Value: [Vertex(0, -1, 3), Vertex(0, -2, 1), Vertex(1, -2, 5)]
Key: com.catan.model.RoundedPoint2D@1f46c1, Value: [Vertex(0, -1, 0), Vertex(0, 0, 2)]
Key: com.catan.model.RoundedPoint2D@25d4c0, Value: [Vertex(1, -1, 0)]
Key: com.catan.model.RoundedPoint2D@259640, Value: [Vertex(1, -2, 1)]
Key: com.catan.model.RoundedPoint2D@2651c0, Value: [Vertex(1, 2, 1)]
Key: com.catan.model.RoundedPoint2D@1b9271, Value: [Vertex(0, -2, 3)]
Key: com.catan.model.RoundedPoint2D@1bd0f1, Value: [Vertex(0, -1, 4), Vertex(0, -2, 0)]
Key: com.catan.model.RoundedPoint2D@1c8c71, Value: [Vertex(0, 2, 0)]
Key: com.catan.model.RoundedPoint2D@1c4df1, Value: [Vertex(0, 1, 5), Vertex(0, 2, 3), Vertex(-1, 1, 1)]
Key: com.catan.model.RoundedPoint2D@122ae2, Value: [Vertex(-2, 0, 2), Vertex(-2, -1, 0)]
Key: com.catan.model.RoundedPoint2D@12a7e2, Value: [Vertex(-1, 2, 5)]
Key: com.catan.model.RoundedPoint2D@231a51, Value: [Vertex(1, 2, 0)]
Key: com.catan.model.RoundedPoint2D@222051, Value: [Vertex(1, -2, 3)]
Key: com.catan.model.RoundedPoint2D@22dbd1, Value: [Vertex(1, 1, 5), Vertex(0, 1, 1), Vertex(1, 2, 3)]
Key: com.catan.model.RoundedPoint2D@225ed1, Value: [Vertex(0, -1, 2), Vertex(1, -2, 0)]
Key: com.catan.model.RoundedPoint2D@11ec62, Value: [Vertex(-1, -2, 5), Vertex(-2, -1, 3)]
Key: com.catan.model.RoundedPoint2D@1935e1, Value: [Vertex(0, 2, 5), Vertex(-1, 2, 1)]
Key: com.catan.model.RoundedPoint2D@2969d0, Value: [Vertex(1, 1, 1)]
Key: com.catan.model.RoundedPoint2D@18b8e1, Value: [Vertex(0, 0, 4)]
Key: com.catan.model.RoundedPoint2D@187a61, Value: [Vertex(-1, -2, 1), Vertex(0, -2, 5)]
Key: com.catan.model.RoundedPoint2D@15fe91, Value: [Vertex(-1, 2, 0)]
Key: com.catan.model.RoundedPoint2D@15c011, Value: [Vertex(-2, 1, 1), Vertex(-1, 2, 3), Vertex(-1, 1, 5)]
Key: com.catan.model.RoundedPoint2D@150491, Value: [Vertex(-1, -2, 3)]
Key: com.catan.model.RoundedPoint2D@154311, Value: [Vertex(-1, -2, 0), Vertex(-2, -1, 2)]
Key: com.catan.model.RoundedPoint2D@b9d02, Value: [Vertex(-2, 0, 4)]
Key: com.catan.model.RoundedPoint2D@eb512, Value: [Vertex(-2, -1, 4)]
Key: com.catan.model.RoundedPoint2D@f3212, Value: [Vertex(-2, 1, 5)]
Key: com.catan.model.RoundedPoint2D@1fa481, Value: [Vertex(0, 1, 0), Vertex(1, 2, 4), Vertex(0, 2, 2)]
Key: com.catan.model.RoundedPoint2D@1f6601, Value: [Vertex(0, 0, 1), Vertex(0, 1, 3)]
Key: com.catan.model.RoundedPoint2D@1ee901, Value: [Vertex(0, -2, 2), Vertex(1, -2, 4)]
Key: com.catan.model.RoundedPoint2D@257700, Value: [Vertex(1, -2, 2)]
Key: com.catan.model.RoundedPoint2D@25f400, Value: [Vertex(1, 1, 3)]
Key: com.catan.model.RoundedPoint2D@263280, Value: [Vertex(1, 1, 0), Vertex(1, 2, 2)]
Key: com.catan.model.RoundedPoint2D@1bf031, Value: [Vertex(0, -1, 5), Vertex(0, 0, 3)]
Key: com.catan.model.RoundedPoint2D@1c2eb1, Value: [Vertex(0, 0, 0), Vertex(0, 1, 4), Vertex(-1, 1, 2)]
Key: com.catan.model.RoundedPoint2D@124a22, Value: [Vertex(-2, 1, 3), Vertex(-2, 0, 1)]
Key: com.catan.model.RoundedPoint2D@1288a2, Value: [Vertex(-2, 1, 0), Vertex(-1, 2, 4)]
Key: com.catan.model.RoundedPoint2D@22bc91, Value: [Vertex(1, 1, 4), Vertex(0, 1, 2)]
Key: com.catan.model.RoundedPoint2D@227e11, Value: [Vertex(0, -1, 1)]
Key: com.catan.model.RoundedPoint2D@11cd22, Value: [Vertex(-1, -2, 4)]
Key: com.catan.model.RoundedPoint2D@1916a1, Value: [Vertex(0, 2, 4), Vertex(-1, 2, 2), Vertex(-1, 1, 0)]
Key: com.catan.model.RoundedPoint2D@290c10, Value: [Vertex(1, -1, 1)]
Key: com.catan.model.RoundedPoint2D@294a90, Value: [Vertex(1, 1, 2)]
Key: com.catan.model.RoundedPoint2D@18d821, Value: [Vertex(0, 0, 5), Vertex(-1, 1, 3)]
Key: com.catan.model.RoundedPoint2D@185b21, Value: [Vertex(-1, -2, 2), Vertex(0, -2, 4)]
Key: com.catan.model.RoundedPoint2D@156251, Value: [Vertex(-2, -1, 1)]
Key: com.catan.model.RoundedPoint2D@15a0d1, Value: [Vertex(-2, 1, 2), Vertex(-1, 1, 4)]
Key: com.catan.model.RoundedPoint2D@bbc42, Value: [Vertex(-2, 0, 5)]
Key: com.catan.model.RoundedPoint2D@ed452, Value: [Vertex(-2, 0, 3), Vertex(-2, -1, 5)]
Key: com.catan.model.RoundedPoint2D@f12d2, Value: [Vertex(-2, 1, 4), Vertex(-2, 0, 0)]
Key: com.catan.model.RoundedPoint2D@1fc3c1, Value: [Vertex(1, 2, 5), Vertex(0, 2, 1)]
Key: com.catan.model.RoundedPoint2D@1f0841, Value: [Vertex(0, -1, 3), Vertex(0, -2, 1), Vertex(1, -2, 5)]
Key: com.catan.model.RoundedPoint2D@1f46c1, Value: [Vertex(0, -1, 0), Vertex(0, 0, 2)]
Key: com.catan.model.RoundedPoint2D@25d4c0, Value: [Vertex(1, -1, 0)]
Key: com.catan.model.RoundedPoint2D@259640, Value: [Vertex(1, -2, 1)]
Key: com.catan.model.RoundedPoint2D@2651c0, Value: [Vertex(1, 2, 1)]
Key: com.catan.model.RoundedPoint2D@1b9271, Value: [Vertex(0, -2, 3)]
Key: com.catan.model.RoundedPoint2D@1bd0f1, Value: [Vertex(0, -1, 4), Vertex(0, -2, 0)]
Key: com.catan.model.RoundedPoint2D@1c8c71, Value: [Vertex(0, 2, 0)]
Key: com.catan.model.RoundedPoint2D@1c4df1, Value: [Vertex(0, 1, 5), Vertex(0, 2, 3), Vertex(-1, 1, 1)]
Key: com.catan.model.RoundedPoint2D@122ae2, Value: [Vertex(-2, 0, 2), Vertex(-2, -1, 0)]
Key: com.catan.model.RoundedPoint2D@12a7e2, Value: [Vertex(-1, 2, 5)]
Key: com.catan.model.RoundedPoint2D@231a51, Value: [Vertex(1, 2, 0)]
Key: com.catan.model.RoundedPoint2D@222051, Value: [Vertex(1, -2, 3)]
Key: com.catan.model.RoundedPoint2D@22dbd1, Value: [Vertex(1, 1, 5), Vertex(0, 1, 1), Vertex(1, 2, 3)]
Key: com.catan.model.RoundedPoint2D@225ed1, Value: [Vertex(0, -1, 2), Vertex(1, -2, 0)]
Key: com.catan.model.RoundedPoint2D@11ec62, Value: [Vertex(-1, -2, 5), Vertex(-2, -1, 3)]
Key: com.catan.model.RoundedPoint2D@28ecd0, Value: [Vertex(1, -1, 2)]
Key: com.catan.model.RoundedPoint2D@1935e1, Value: [Vertex(0, 2, 5), Vertex(-1, 2, 1)]
Key: com.catan.model.RoundedPoint2D@2969d0, Value: [Vertex(1, 1, 1)]
Key: com.catan.model.RoundedPoint2D@18b8e1, Value: [Vertex(0, 0, 4)]
Key: com.catan.model.RoundedPoint2D@187a61, Value: [Vertex(-1, -2, 1), Vertex(0, -2, 5)]
Key: com.catan.model.RoundedPoint2D@15fe91, Value: [Vertex(-1, 2, 0)]
Key: com.catan.model.RoundedPoint2D@15c011, Value: [Vertex(-2, 1, 1), Vertex(-1, 2, 3), Vertex(-1, 1, 5)]
Key: com.catan.model.RoundedPoint2D@150491, Value: [Vertex(-1, -2, 3)]
Key: com.catan.model.RoundedPoint2D@154311, Value: [Vertex(-1, -2, 0), Vertex(-2, -1, 2)]
Key: com.catan.model.RoundedPoint2D@b9d02, Value: [Vertex(-2, 0, 4)]
Key: com.catan.model.RoundedPoint2D@eb512, Value: [Vertex(-2, -1, 4)]
Key: com.catan.model.RoundedPoint2D@f3212, Value: [Vertex(-2, 1, 5)]
Key: com.catan.model.RoundedPoint2D@1fa481, Value: [Vertex(0, 1, 0), Vertex(1, 2, 4), Vertex(0, 2, 2)]
Key: com.catan.model.RoundedPoint2D@1f6601, Value: [Vertex(0, 0, 1), Vertex(0, 1, 3)]
Key: com.catan.model.RoundedPoint2D@1ee901, Value: [Vertex(0, -2, 2), Vertex(1, -2, 4)]
Key: com.catan.model.RoundedPoint2D@257700, Value: [Vertex(1, -2, 2)]
Key: com.catan.model.RoundedPoint2D@25f400, Value: [Vertex(1, 1, 3)]
Key: com.catan.model.RoundedPoint2D@263280, Value: [Vertex(1, 1, 0), Vertex(1, 2, 2)]
Key: com.catan.model.RoundedPoint2D@1bf031, Value: [Vertex(0, -1, 5), Vertex(0, 0, 3)]
Key: com.catan.model.RoundedPoint2D@1c2eb1, Value: [Vertex(0, 0, 0), Vertex(0, 1, 4), Vertex(-1, 1, 2)]
Key: com.catan.model.RoundedPoint2D@124a22, Value: [Vertex(-2, 1, 3), Vertex(-2, 0, 1)]
Key: com.catan.model.RoundedPoint2D@1288a2, Value: [Vertex(-2, 1, 0), Vertex(-1, 2, 4)]
Key: com.catan.model.RoundedPoint2D@22bc91, Value: [Vertex(1, 1, 4), Vertex(0, 1, 2)]
Key: com.catan.model.RoundedPoint2D@227e11, Value: [Vertex(0, -1, 1)]
Key: com.catan.model.RoundedPoint2D@11cd22, Value: [Vertex(-1, -2, 4)]
Key: com.catan.model.RoundedPoint2D@1916a1, Value: [Vertex(0, 2, 4), Vertex(-1, 2, 2), Vertex(-1, 1, 0)]
Key: com.catan.model.RoundedPoint2D@290c10, Value: [Vertex(1, -1, 1)]
Key: com.catan.model.RoundedPoint2D@294a90, Value: [Vertex(1, 1, 2)]
Key: com.catan.model.RoundedPoint2D@18d821, Value: [Vertex(0, 0, 5), Vertex(-1, 1, 3)]
Key: com.catan.model.RoundedPoint2D@185b21, Value: [Vertex(-1, -2, 2), Vertex(0, -2, 4)]
Key: com.catan.model.RoundedPoint2D@156251, Value: [Vertex(-2, -1, 1)]
Key: com.catan.model.RoundedPoint2D@15a0d1, Value: [Vertex(-2, 1, 2), Vertex(-1, 1, 4)]
Key: com.catan.model.RoundedPoint2D@bbc42, Value: [Vertex(-2, 0, 5)]
Key: com.catan.model.RoundedPoint2D@ed452, Value: [Vertex(-2, 0, 3), Vertex(-2, -1, 5)]
Key: com.catan.model.RoundedPoint2D@f12d2, Value: [Vertex(-2, 1, 4), Vertex(-2, 0, 0)]
Key: com.catan.model.RoundedPoint2D@1fc3c1, Value: [Vertex(1, 2, 5), Vertex(0, 2, 1)]
Key: com.catan.model.RoundedPoint2D@1f0841, Value: [Vertex(0, -1, 3), Vertex(0, -2, 1), Vertex(1, -2, 5)]
Key: com.catan.model.RoundedPoint2D@1f46c1, Value: [Vertex(0, -1, 0), Vertex(0, 0, 2)]
Key: com.catan.model.RoundedPoint2D@25d4c0, Value: [Vertex(1, -1, 0)]
Key: com.catan.model.RoundedPoint2D@259640, Value: [Vertex(1, -2, 1), Vertex(1, -1, 3)]
Key: com.catan.model.RoundedPoint2D@2651c0, Value: [Vertex(1, 2, 1)]
Key: com.catan.model.RoundedPoint2D@1b9271, Value: [Vertex(0, -2, 3)]
Key: com.catan.model.RoundedPoint2D@1bd0f1, Value: [Vertex(0, -1, 4), Vertex(0, -2, 0)]
Key: com.catan.model.RoundedPoint2D@1c8c71, Value: [Vertex(0, 2, 0)]
Key: com.catan.model.RoundedPoint2D@1c4df1, Value: [Vertex(0, 1, 5), Vertex(0, 2, 3), Vertex(-1, 1, 1)]
Key: com.catan.model.RoundedPoint2D@122ae2, Value: [Vertex(-2, 0, 2), Vertex(-2, -1, 0)]
Key: com.catan.model.RoundedPoint2D@12a7e2, Value: [Vertex(-1, 2, 5)]
Key: com.catan.model.RoundedPoint2D@231a51, Value: [Vertex(1, 2, 0)]
Key: com.catan.model.RoundedPoint2D@222051, Value: [Vertex(1, -2, 3)]
Key: com.catan.model.RoundedPoint2D@22dbd1, Value: [Vertex(1, 1, 5), Vertex(0, 1, 1), Vertex(1, 2, 3)]
Key: com.catan.model.RoundedPoint2D@225ed1, Value: [Vertex(0, -1, 2), Vertex(1, -2, 0)]
Key: com.catan.model.RoundedPoint2D@11ec62, Value: [Vertex(-1, -2, 5), Vertex(-2, -1, 3)]
Key: com.catan.model.RoundedPoint2D@28ecd0, Value: [Vertex(1, -1, 2)]
Key: com.catan.model.RoundedPoint2D@1935e1, Value: [Vertex(0, 2, 5), Vertex(-1, 2, 1)]
Key: com.catan.model.RoundedPoint2D@2969d0, Value: [Vertex(1, 1, 1)]
Key: com.catan.model.RoundedPoint2D@18b8e1, Value: [Vertex(0, 0, 4)]
Key: com.catan.model.RoundedPoint2D@187a61, Value: [Vertex(-1, -2, 1), Vertex(0, -2, 5)]
Key: com.catan.model.RoundedPoint2D@15fe91, Value: [Vertex(-1, 2, 0)]
Key: com.catan.model.RoundedPoint2D@15c011, Value: [Vertex(-2, 1, 1), Vertex(-1, 2, 3), Vertex(-1, 1, 5)]
Key: com.catan.model.RoundedPoint2D@150491, Value: [Vertex(-1, -2, 3)]
Key: com.catan.model.RoundedPoint2D@154311, Value: [Vertex(-1, -2, 0), Vertex(-2, -1, 2)]
Key: com.catan.model.RoundedPoint2D@b9d02, Value: [Vertex(-2, 0, 4)]
Key: com.catan.model.RoundedPoint2D@eb512, Value: [Vertex(-2, -1, 4)]
Key: com.catan.model.RoundedPoint2D@f3212, Value: [Vertex(-2, 1, 5)]
Key: com.catan.model.RoundedPoint2D@1fa481, Value: [Vertex(0, 1, 0), Vertex(1, 2, 4), Vertex(0, 2, 2)]
Key: com.catan.model.RoundedPoint2D@1f6601, Value: [Vertex(0, 0, 1), Vertex(0, 1, 3)]
Key: com.catan.model.RoundedPoint2D@1ee901, Value: [Vertex(0, -2, 2), Vertex(1, -2, 4)]
Key: com.catan.model.RoundedPoint2D@257700, Value: [Vertex(1, -2, 2)]
Key: com.catan.model.RoundedPoint2D@25f400, Value: [Vertex(1, 1, 3)]
Key: com.catan.model.RoundedPoint2D@263280, Value: [Vertex(1, 1, 0), Vertex(1, 2, 2)]
Key: com.catan.model.RoundedPoint2D@1bf031, Value: [Vertex(0, -1, 5), Vertex(0, 0, 3)]
Key: com.catan.model.RoundedPoint2D@1c2eb1, Value: [Vertex(0, 0, 0), Vertex(0, 1, 4), Vertex(-1, 1, 2)]
Key: com.catan.model.RoundedPoint2D@124a22, Value: [Vertex(-2, 1, 3), Vertex(-2, 0, 1)]
Key: com.catan.model.RoundedPoint2D@1288a2, Value: [Vertex(-2, 1, 0), Vertex(-1, 2, 4)]
Key: com.catan.model.RoundedPoint2D@22bc91, Value: [Vertex(1, 1, 4), Vertex(0, 1, 2)]
Key: com.catan.model.RoundedPoint2D@227e11, Value: [Vertex(0, -1, 1)]
Key: com.catan.model.RoundedPoint2D@11cd22, Value: [Vertex(-1, -2, 4)]
Key: com.catan.model.RoundedPoint2D@1916a1, Value: [Vertex(0, 2, 4), Vertex(-1, 2, 2), Vertex(-1, 1, 0)]
Key: com.catan.model.RoundedPoint2D@290c10, Value: [Vertex(1, -1, 1)]
Key: com.catan.model.RoundedPoint2D@294a90, Value: [Vertex(1, 1, 2)]
Key: com.catan.model.RoundedPoint2D@18d821, Value: [Vertex(0, 0, 5), Vertex(-1, 1, 3)]
Key: com.catan.model.RoundedPoint2D@185b21, Value: [Vertex(-1, -2, 2), Vertex(0, -2, 4)]
Key: com.catan.model.RoundedPoint2D@156251, Value: [Vertex(-2, -1, 1)]
Key: com.catan.model.RoundedPoint2D@15a0d1, Value: [Vertex(-2, 1, 2), Vertex(-1, 1, 4)]
Key: com.catan.model.RoundedPoint2D@bbc42, Value: [Vertex(-2, 0, 5)]
Key: com.catan.model.RoundedPoint2D@ed452, Value: [Vertex(-2, 0, 3), Vertex(-2, -1, 5)]
Key: com.catan.model.RoundedPoint2D@f12d2, Value: [Vertex(-2, 1, 4), Vertex(-2, 0, 0)]
Key: com.catan.model.RoundedPoint2D@1fc3c1, Value: [Vertex(1, 2, 5), Vertex(0, 2, 1)]
Key: com.catan.model.RoundedPoint2D@1f0841, Value: [Vertex(0, -1, 3), Vertex(0, -2, 1), Vertex(1, -2, 5)]
Key: com.catan.model.RoundedPoint2D@1f46c1, Value: [Vertex(0, -1, 0), Vertex(0, 0, 2)]
Key: com.catan.model.RoundedPoint2D@25d4c0, Value: [Vertex(1, -1, 0)]
Key: com.catan.model.RoundedPoint2D@259640, Value: [Vertex(1, -2, 1), Vertex(1, -1, 3)]
Key: com.catan.model.RoundedPoint2D@2651c0, Value: [Vertex(1, 2, 1)]
Key: com.catan.model.RoundedPoint2D@1b9271, Value: [Vertex(0, -2, 3)]
Key: com.catan.model.RoundedPoint2D@1bd0f1, Value: [Vertex(0, -1, 4), Vertex(0, -2, 0)]
Key: com.catan.model.RoundedPoint2D@1c8c71, Value: [Vertex(0, 2, 0)]
Key: com.catan.model.RoundedPoint2D@1c4df1, Value: [Vertex(0, 1, 5), Vertex(0, 2, 3), Vertex(-1, 1, 1)]
Key: com.catan.model.RoundedPoint2D@122ae2, Value: [Vertex(-2, 0, 2), Vertex(-2, -1, 0)]
Key: com.catan.model.RoundedPoint2D@12a7e2, Value: [Vertex(-1, 2, 5)]
Key: com.catan.model.RoundedPoint2D@231a51, Value: [Vertex(1, 2, 0)]
Key: com.catan.model.RoundedPoint2D@222051, Value: [Vertex(1, -2, 3)]
Key: com.catan.model.RoundedPoint2D@22dbd1, Value: [Vertex(1, 1, 5), Vertex(0, 1, 1), Vertex(1, 2, 3)]
Key: com.catan.model.RoundedPoint2D@225ed1, Value: [Vertex(0, -1, 2), Vertex(1, -2, 0), Vertex(1, -1, 4)]
Key: com.catan.model.RoundedPoint2D@11ec62, Value: [Vertex(-1, -2, 5), Vertex(-2, -1, 3)]
Key: com.catan.model.RoundedPoint2D@28ecd0, Value: [Vertex(1, -1, 2)]
Key: com.catan.model.RoundedPoint2D@1935e1, Value: [Vertex(0, 2, 5), Vertex(-1, 2, 1)]
Key: com.catan.model.RoundedPoint2D@2969d0, Value: [Vertex(1, 1, 1)]
Key: com.catan.model.RoundedPoint2D@18b8e1, Value: [Vertex(0, 0, 4)]
Key: com.catan.model.RoundedPoint2D@187a61, Value: [Vertex(-1, -2, 1), Vertex(0, -2, 5)]
Key: com.catan.model.RoundedPoint2D@15fe91, Value: [Vertex(-1, 2, 0)]
Key: com.catan.model.RoundedPoint2D@15c011, Value: [Vertex(-2, 1, 1), Vertex(-1, 2, 3), Vertex(-1, 1, 5)]
Key: com.catan.model.RoundedPoint2D@150491, Value: [Vertex(-1, -2, 3)]
Key: com.catan.model.RoundedPoint2D@154311, Value: [Vertex(-1, -2, 0), Vertex(-2, -1, 2)]
Key: com.catan.model.RoundedPoint2D@b9d02, Value: [Vertex(-2, 0, 4)]
Key: com.catan.model.RoundedPoint2D@eb512, Value: [Vertex(-2, -1, 4)]
Key: com.catan.model.RoundedPoint2D@f3212, Value: [Vertex(-2, 1, 5)]
Key: com.catan.model.RoundedPoint2D@1fa481, Value: [Vertex(0, 1, 0), Vertex(1, 2, 4), Vertex(0, 2, 2)]
Key: com.catan.model.RoundedPoint2D@1f6601, Value: [Vertex(0, 0, 1), Vertex(0, 1, 3)]
Key: com.catan.model.RoundedPoint2D@1ee901, Value: [Vertex(0, -2, 2), Vertex(1, -2, 4)]
Key: com.catan.model.RoundedPoint2D@257700, Value: [Vertex(1, -2, 2)]
Key: com.catan.model.RoundedPoint2D@25f400, Value: [Vertex(1, 1, 3)]
Key: com.catan.model.RoundedPoint2D@263280, Value: [Vertex(1, 1, 0), Vertex(1, 2, 2)]
Key: com.catan.model.RoundedPoint2D@1bf031, Value: [Vertex(0, -1, 5), Vertex(0, 0, 3)]
Key: com.catan.model.RoundedPoint2D@1c2eb1, Value: [Vertex(0, 0, 0), Vertex(0, 1, 4), Vertex(-1, 1, 2)]
Key: com.catan.model.RoundedPoint2D@124a22, Value: [Vertex(-2, 1, 3), Vertex(-2, 0, 1)]
Key: com.catan.model.RoundedPoint2D@1288a2, Value: [Vertex(-2, 1, 0), Vertex(-1, 2, 4)]
Key: com.catan.model.RoundedPoint2D@22bc91, Value: [Vertex(1, 1, 4), Vertex(0, 1, 2)]
Key: com.catan.model.RoundedPoint2D@227e11, Value: [Vertex(0, -1, 1), Vertex(1, -1, 5)]
Key: com.catan.model.RoundedPoint2D@11cd22, Value: [Vertex(-1, -2, 4)]
Key: com.catan.model.RoundedPoint2D@1916a1, Value: [Vertex(0, 2, 4), Vertex(-1, 2, 2), Vertex(-1, 1, 0)]
Key: com.catan.model.RoundedPoint2D@290c10, Value: [Vertex(1, -1, 1)]
Key: com.catan.model.RoundedPoint2D@294a90, Value: [Vertex(1, 1, 2)]
Key: com.catan.model.RoundedPoint2D@18d821, Value: [Vertex(0, 0, 5), Vertex(-1, 1, 3)]
Key: com.catan.model.RoundedPoint2D@185b21, Value: [Vertex(-1, -2, 2), Vertex(0, -2, 4)]
Key: com.catan.model.RoundedPoint2D@156251, Value: [Vertex(-2, -1, 1)]
Key: com.catan.model.RoundedPoint2D@15a0d1, Value: [Vertex(-2, 1, 2), Vertex(-1, 1, 4)]
Key: com.catan.model.RoundedPoint2D@bbc42, Value: [Vertex(-2, 0, 5)]
Key: com.catan.model.RoundedPoint2D@ed452, Value: [Vertex(-2, 0, 3), Vertex(-2, -1, 5)]
Key: com.catan.model.RoundedPoint2D@f12d2, Value: [Vertex(-2, 1, 4), Vertex(-2, 0, 0)]
Key: com.catan.model.RoundedPoint2D@1fc3c1, Value: [Vertex(1, 2, 5), Vertex(0, 2, 1)]
Key: com.catan.model.RoundedPoint2D@1f0841, Value: [Vertex(0, -1, 3), Vertex(0, -2, 1), Vertex(1, -2, 5)]
Key: com.catan.model.RoundedPoint2D@1f46c1, Value: [Vertex(0, -1, 0), Vertex(0, 0, 2)]
Key: com.catan.model.RoundedPoint2D@25d4c0, Value: [Vertex(1, -1, 0)]
Key: com.catan.model.RoundedPoint2D@259640, Value: [Vertex(1, -2, 1), Vertex(1, -1, 3)]
Key: com.catan.model.RoundedPoint2D@2651c0, Value: [Vertex(1, 2, 1)]
Key: com.catan.model.RoundedPoint2D@1b9271, Value: [Vertex(0, -2, 3)]
Key: com.catan.model.RoundedPoint2D@1bd0f1, Value: [Vertex(0, -1, 4), Vertex(0, -2, 0)]
Key: com.catan.model.RoundedPoint2D@1c8c71, Value: [Vertex(0, 2, 0)]
Key: com.catan.model.RoundedPoint2D@1c4df1, Value: [Vertex(0, 1, 5), Vertex(0, 2, 3), Vertex(-1, 1, 1)]
Key: com.catan.model.RoundedPoint2D@122ae2, Value: [Vertex(-2, 0, 2), Vertex(-2, -1, 0)]
Key: com.catan.model.RoundedPoint2D@12a7e2, Value: [Vertex(-1, 2, 5)]
Key: com.catan.model.RoundedPoint2D@231a51, Value: [Vertex(1, 2, 0)]
Key: com.catan.model.RoundedPoint2D@222051, Value: [Vertex(1, -2, 3)]
Key: com.catan.model.RoundedPoint2D@22dbd1, Value: [Vertex(1, 1, 5), Vertex(0, 1, 1), Vertex(1, 2, 3)]
Key: com.catan.model.RoundedPoint2D@225ed1, Value: [Vertex(0, -1, 2), Vertex(1, -2, 0), Vertex(1, -1, 4)]
Key: com.catan.model.RoundedPoint2D@11ec62, Value: [Vertex(-1, -2, 5), Vertex(-2, -1, 3)]
Key: com.catan.model.RoundedPoint2D@28ecd0, Value: [Vertex(1, -1, 2)]
Key: com.catan.model.RoundedPoint2D@1935e1, Value: [Vertex(0, 2, 5), Vertex(-1, 2, 1)]
Key: com.catan.model.RoundedPoint2D@2969d0, Value: [Vertex(1, 1, 1)]
Key: com.catan.model.RoundedPoint2D@18b8e1, Value: [Vertex(0, 0, 4)]
Key: com.catan.model.RoundedPoint2D@187a61, Value: [Vertex(-1, -2, 1), Vertex(0, -2, 5)]
Key: com.catan.model.RoundedPoint2D@15fe91, Value: [Vertex(-1, 2, 0)]
Key: com.catan.model.RoundedPoint2D@15c011, Value: [Vertex(-2, 1, 1), Vertex(-1, 2, 3), Vertex(-1, 1, 5)]
Key: com.catan.model.RoundedPoint2D@150491, Value: [Vertex(-1, -2, 3)]
Key: com.catan.model.RoundedPoint2D@154311, Value: [Vertex(-1, -2, 0), Vertex(-2, -1, 2)]
Key: com.catan.model.RoundedPoint2D@b9d02, Value: [Vertex(-2, 0, 4)]
Key: com.catan.model.RoundedPoint2D@eb512, Value: [Vertex(-2, -1, 4)]
Key: com.catan.model.RoundedPoint2D@f3212, Value: [Vertex(-2, 1, 5)]
Key: com.catan.model.RoundedPoint2D@1fa481, Value: [Vertex(0, 1, 0), Vertex(1, 2, 4), Vertex(0, 2, 2)]
Key: com.catan.model.RoundedPoint2D@1f6601, Value: [Vertex(0, 0, 1), Vertex(0, 1, 3)]
Key: com.catan.model.RoundedPoint2D@1ee901, Value: [Vertex(0, -2, 2), Vertex(1, -2, 4)]
Key: com.catan.model.RoundedPoint2D@257700, Value: [Vertex(1, -2, 2)]
Key: com.catan.model.RoundedPoint2D@25f400, Value: [Vertex(1, 1, 3)]
Key: com.catan.model.RoundedPoint2D@263280, Value: [Vertex(1, 1, 0), Vertex(1, 2, 2)]
Key: com.catan.model.RoundedPoint2D@1bf031, Value: [Vertex(0, -1, 5), Vertex(0, 0, 3)]
Key: com.catan.model.RoundedPoint2D@1c2eb1, Value: [Vertex(0, 0, 0), Vertex(0, 1, 4), Vertex(-1, 1, 2)]
Key: com.catan.model.RoundedPoint2D@124a22, Value: [Vertex(-2, 1, 3), Vertex(-2, 0, 1)]
Key: com.catan.model.RoundedPoint2D@1288a2, Value: [Vertex(-2, 1, 0), Vertex(-1, 2, 4)]
Key: com.catan.model.RoundedPoint2D@22bc91, Value: [Vertex(1, 1, 4), Vertex(0, 1, 2)]
Key: com.catan.model.RoundedPoint2D@227e11, Value: [Vertex(0, -1, 1), Vertex(1, -1, 5)]
Key: com.catan.model.RoundedPoint2D@11cd22, Value: [Vertex(-1, -2, 4)]
Key: com.catan.model.RoundedPoint2D@1916a1, Value: [Vertex(0, 2, 4), Vertex(-1, 2, 2), Vertex(-1, 1, 0)]
Key: com.catan.model.RoundedPoint2D@290c10, Value: [Vertex(1, -1, 1)]
Key: com.catan.model.RoundedPoint2D@294a90, Value: [Vertex(1, 1, 2)]
Key: com.catan.model.RoundedPoint2D@18d821, Value: [Vertex(0, 0, 5), Vertex(-1, 1, 3)]
Key: com.catan.model.RoundedPoint2D@185b21, Value: [Vertex(-1, -2, 2), Vertex(0, -2, 4)]
Key: com.catan.model.RoundedPoint2D@156251, Value: [Vertex(-2, -1, 1)]
Key: com.catan.model.RoundedPoint2D@15a0d1, Value: [Vertex(-2, 1, 2), Vertex(-1, 1, 4), Vertex(-1, 0, 0)]
Key: com.catan.model.RoundedPoint2D@bbc42, Value: [Vertex(-2, 0, 5)]
Key: com.catan.model.RoundedPoint2D@ed452, Value: [Vertex(-2, 0, 3), Vertex(-2, -1, 5)]
Key: com.catan.model.RoundedPoint2D@f12d2, Value: [Vertex(-2, 1, 4), Vertex(-2, 0, 0)]
Key: com.catan.model.RoundedPoint2D@1fc3c1, Value: [Vertex(1, 2, 5), Vertex(0, 2, 1)]
Key: com.catan.model.RoundedPoint2D@1f0841, Value: [Vertex(0, -1, 3), Vertex(0, -2, 1), Vertex(1, -2, 5)]
Key: com.catan.model.RoundedPoint2D@1f46c1, Value: [Vertex(0, -1, 0), Vertex(0, 0, 2)]
Key: com.catan.model.RoundedPoint2D@25d4c0, Value: [Vertex(1, -1, 0)]
Key: com.catan.model.RoundedPoint2D@259640, Value: [Vertex(1, -2, 1), Vertex(1, -1, 3)]
Key: com.catan.model.RoundedPoint2D@2651c0, Value: [Vertex(1, 2, 1)]
Key: com.catan.model.RoundedPoint2D@1b9271, Value: [Vertex(0, -2, 3)]
Key: com.catan.model.RoundedPoint2D@1bd0f1, Value: [Vertex(0, -1, 4), Vertex(0, -2, 0)]
Key: com.catan.model.RoundedPoint2D@1c8c71, Value: [Vertex(0, 2, 0)]
Key: com.catan.model.RoundedPoint2D@1c4df1, Value: [Vertex(0, 1, 5), Vertex(0, 2, 3), Vertex(-1, 1, 1)]
Key: com.catan.model.RoundedPoint2D@122ae2, Value: [Vertex(-2, 0, 2), Vertex(-2, -1, 0)]
Key: com.catan.model.RoundedPoint2D@12a7e2, Value: [Vertex(-1, 2, 5)]
Key: com.catan.model.RoundedPoint2D@231a51, Value: [Vertex(1, 2, 0)]
Key: com.catan.model.RoundedPoint2D@222051, Value: [Vertex(1, -2, 3)]
Key: com.catan.model.RoundedPoint2D@22dbd1, Value: [Vertex(1, 1, 5), Vertex(0, 1, 1), Vertex(1, 2, 3)]
Key: com.catan.model.RoundedPoint2D@225ed1, Value: [Vertex(0, -1, 2), Vertex(1, -2, 0), Vertex(1, -1, 4)]
Key: com.catan.model.RoundedPoint2D@11ec62, Value: [Vertex(-1, -2, 5), Vertex(-2, -1, 3)]
Key: com.catan.model.RoundedPoint2D@28ecd0, Value: [Vertex(1, -1, 2)]
Key: com.catan.model.RoundedPoint2D@1935e1, Value: [Vertex(0, 2, 5), Vertex(-1, 2, 1)]
Key: com.catan.model.RoundedPoint2D@2969d0, Value: [Vertex(1, 1, 1)]
Key: com.catan.model.RoundedPoint2D@18b8e1, Value: [Vertex(0, 0, 4)]
Key: com.catan.model.RoundedPoint2D@187a61, Value: [Vertex(-1, -2, 1), Vertex(0, -2, 5)]
Key: com.catan.model.RoundedPoint2D@15fe91, Value: [Vertex(-1, 2, 0)]
Key: com.catan.model.RoundedPoint2D@15c011, Value: [Vertex(-2, 1, 1), Vertex(-1, 2, 3), Vertex(-1, 1, 5)]
Key: com.catan.model.RoundedPoint2D@150491, Value: [Vertex(-1, -2, 3)]
Key: com.catan.model.RoundedPoint2D@154311, Value: [Vertex(-1, -2, 0), Vertex(-2, -1, 2)]
Key: com.catan.model.RoundedPoint2D@b9d02, Value: [Vertex(-2, 0, 4)]
Key: com.catan.model.RoundedPoint2D@eb512, Value: [Vertex(-2, -1, 4)]
Key: com.catan.model.RoundedPoint2D@f3212, Value: [Vertex(-2, 1, 5)]
Key: com.catan.model.RoundedPoint2D@1fa481, Value: [Vertex(0, 1, 0), Vertex(1, 2, 4), Vertex(0, 2, 2)]
Key: com.catan.model.RoundedPoint2D@1f6601, Value: [Vertex(0, 0, 1), Vertex(0, 1, 3)]
Key: com.catan.model.RoundedPoint2D@1ee901, Value: [Vertex(0, -2, 2), Vertex(1, -2, 4)]
Key: com.catan.model.RoundedPoint2D@257700, Value: [Vertex(1, -2, 2)]
Key: com.catan.model.RoundedPoint2D@25f400, Value: [Vertex(1, 1, 3)]
Key: com.catan.model.RoundedPoint2D@263280, Value: [Vertex(1, 1, 0), Vertex(1, 2, 2)]
Key: com.catan.model.RoundedPoint2D@1bf031, Value: [Vertex(0, -1, 5), Vertex(0, 0, 3)]
Key: com.catan.model.RoundedPoint2D@1c2eb1, Value: [Vertex(0, 0, 0), Vertex(0, 1, 4), Vertex(-1, 1, 2)]
Key: com.catan.model.RoundedPoint2D@124a22, Value: [Vertex(-2, 1, 3), Vertex(-2, 0, 1)]
Key: com.catan.model.RoundedPoint2D@1288a2, Value: [Vertex(-2, 1, 0), Vertex(-1, 2, 4)]
Key: com.catan.model.RoundedPoint2D@22bc91, Value: [Vertex(1, 1, 4), Vertex(0, 1, 2)]
Key: com.catan.model.RoundedPoint2D@227e11, Value: [Vertex(0, -1, 1), Vertex(1, -1, 5)]
Key: com.catan.model.RoundedPoint2D@11cd22, Value: [Vertex(-1, -2, 4)]
Key: com.catan.model.RoundedPoint2D@1916a1, Value: [Vertex(0, 2, 4), Vertex(-1, 2, 2), Vertex(-1, 1, 0)]
Key: com.catan.model.RoundedPoint2D@290c10, Value: [Vertex(1, -1, 1)]
Key: com.catan.model.RoundedPoint2D@294a90, Value: [Vertex(1, 1, 2)]
Key: com.catan.model.RoundedPoint2D@18d821, Value: [Vertex(0, 0, 5), Vertex(-1, 1, 3), Vertex(-1, 0, 1)]
Key: com.catan.model.RoundedPoint2D@185b21, Value: [Vertex(-1, -2, 2), Vertex(0, -2, 4)]
Key: com.catan.model.RoundedPoint2D@156251, Value: [Vertex(-2, -1, 1)]
Key: com.catan.model.RoundedPoint2D@15a0d1, Value: [Vertex(-2, 1, 2), Vertex(-1, 1, 4), Vertex(-1, 0, 0)]
Key: com.catan.model.RoundedPoint2D@bbc42, Value: [Vertex(-2, 0, 5)]
Key: com.catan.model.RoundedPoint2D@ed452, Value: [Vertex(-2, 0, 3), Vertex(-2, -1, 5)]
Key: com.catan.model.RoundedPoint2D@f12d2, Value: [Vertex(-2, 1, 4), Vertex(-2, 0, 0)]
Key: com.catan.model.RoundedPoint2D@1fc3c1, Value: [Vertex(1, 2, 5), Vertex(0, 2, 1)]
Key: com.catan.model.RoundedPoint2D@1f0841, Value: [Vertex(0, -1, 3), Vertex(0, -2, 1), Vertex(1, -2, 5)]
Key: com.catan.model.RoundedPoint2D@1f46c1, Value: [Vertex(0, -1, 0), Vertex(0, 0, 2)]
Key: com.catan.model.RoundedPoint2D@25d4c0, Value: [Vertex(1, -1, 0)]
Key: com.catan.model.RoundedPoint2D@259640, Value: [Vertex(1, -2, 1), Vertex(1, -1, 3)]
Key: com.catan.model.RoundedPoint2D@2651c0, Value: [Vertex(1, 2, 1)]
Key: com.catan.model.RoundedPoint2D@1b9271, Value: [Vertex(0, -2, 3)]
Key: com.catan.model.RoundedPoint2D@1bd0f1, Value: [Vertex(0, -1, 4), Vertex(0, -2, 0)]
Key: com.catan.model.RoundedPoint2D@1c8c71, Value: [Vertex(0, 2, 0)]
Key: com.catan.model.RoundedPoint2D@1c4df1, Value: [Vertex(0, 1, 5), Vertex(0, 2, 3), Vertex(-1, 1, 1)]
Key: com.catan.model.RoundedPoint2D@122ae2, Value: [Vertex(-2, 0, 2), Vertex(-2, -1, 0)]
Key: com.catan.model.RoundedPoint2D@12a7e2, Value: [Vertex(-1, 2, 5)]
Key: com.catan.model.RoundedPoint2D@231a51, Value: [Vertex(1, 2, 0)]
Key: com.catan.model.RoundedPoint2D@222051, Value: [Vertex(1, -2, 3)]
Key: com.catan.model.RoundedPoint2D@22dbd1, Value: [Vertex(1, 1, 5), Vertex(0, 1, 1), Vertex(1, 2, 3)]
Key: com.catan.model.RoundedPoint2D@225ed1, Value: [Vertex(0, -1, 2), Vertex(1, -2, 0), Vertex(1, -1, 4)]
Key: com.catan.model.RoundedPoint2D@11ec62, Value: [Vertex(-1, -2, 5), Vertex(-2, -1, 3)]
Key: com.catan.model.RoundedPoint2D@28ecd0, Value: [Vertex(1, -1, 2)]
Key: com.catan.model.RoundedPoint2D@1935e1, Value: [Vertex(0, 2, 5), Vertex(-1, 2, 1)]
Key: com.catan.model.RoundedPoint2D@2969d0, Value: [Vertex(1, 1, 1)]
Key: com.catan.model.RoundedPoint2D@18b8e1, Value: [Vertex(0, 0, 4)]
Key: com.catan.model.RoundedPoint2D@187a61, Value: [Vertex(-1, -2, 1), Vertex(0, -2, 5)]
Key: com.catan.model.RoundedPoint2D@15fe91, Value: [Vertex(-1, 2, 0)]
Key: com.catan.model.RoundedPoint2D@15c011, Value: [Vertex(-2, 1, 1), Vertex(-1, 2, 3), Vertex(-1, 1, 5)]
Key: com.catan.model.RoundedPoint2D@150491, Value: [Vertex(-1, -2, 3)]
Key: com.catan.model.RoundedPoint2D@154311, Value: [Vertex(-1, -2, 0), Vertex(-2, -1, 2)]
Key: com.catan.model.RoundedPoint2D@b9d02, Value: [Vertex(-2, 0, 4)]
Key: com.catan.model.RoundedPoint2D@eb512, Value: [Vertex(-2, -1, 4)]
Key: com.catan.model.RoundedPoint2D@f3212, Value: [Vertex(-2, 1, 5)]
Key: com.catan.model.RoundedPoint2D@1fa481, Value: [Vertex(0, 1, 0), Vertex(1, 2, 4), Vertex(0, 2, 2)]
Key: com.catan.model.RoundedPoint2D@1f6601, Value: [Vertex(0, 0, 1), Vertex(0, 1, 3)]
Key: com.catan.model.RoundedPoint2D@1ee901, Value: [Vertex(0, -2, 2), Vertex(1, -2, 4)]
Key: com.catan.model.RoundedPoint2D@257700, Value: [Vertex(1, -2, 2)]
Key: com.catan.model.RoundedPoint2D@25f400, Value: [Vertex(1, 1, 3)]
Key: com.catan.model.RoundedPoint2D@263280, Value: [Vertex(1, 1, 0), Vertex(1, 2, 2)]
Key: com.catan.model.RoundedPoint2D@1bf031, Value: [Vertex(0, -1, 5), Vertex(0, 0, 3)]
Key: com.catan.model.RoundedPoint2D@1c2eb1, Value: [Vertex(0, 0, 0), Vertex(0, 1, 4), Vertex(-1, 1, 2)]
Key: com.catan.model.RoundedPoint2D@124a22, Value: [Vertex(-2, 1, 3), Vertex(-2, 0, 1)]
Key: com.catan.model.RoundedPoint2D@1288a2, Value: [Vertex(-2, 1, 0), Vertex(-1, 2, 4)]
Key: com.catan.model.RoundedPoint2D@22bc91, Value: [Vertex(1, 1, 4), Vertex(0, 1, 2)]
Key: com.catan.model.RoundedPoint2D@227e11, Value: [Vertex(0, -1, 1), Vertex(1, -1, 5)]
Key: com.catan.model.RoundedPoint2D@11cd22, Value: [Vertex(-1, -2, 4)]
Key: com.catan.model.RoundedPoint2D@1916a1, Value: [Vertex(0, 2, 4), Vertex(-1, 2, 2), Vertex(-1, 1, 0)]
Key: com.catan.model.RoundedPoint2D@290c10, Value: [Vertex(1, -1, 1)]
Key: com.catan.model.RoundedPoint2D@294a90, Value: [Vertex(1, 1, 2)]
Key: com.catan.model.RoundedPoint2D@18d821, Value: [Vertex(0, 0, 5), Vertex(-1, 1, 3), Vertex(-1, 0, 1)]
Key: com.catan.model.RoundedPoint2D@185b21, Value: [Vertex(-1, -2, 2), Vertex(0, -2, 4)]
Key: com.catan.model.RoundedPoint2D@156251, Value: [Vertex(-2, -1, 1)]
Key: com.catan.model.RoundedPoint2D@15a0d1, Value: [Vertex(-2, 1, 2), Vertex(-1, 1, 4), Vertex(-1, 0, 0)]
Key: com.catan.model.RoundedPoint2D@bbc42, Value: [Vertex(-2, 0, 5)]
Key: com.catan.model.RoundedPoint2D@ed452, Value: [Vertex(-2, 0, 3), Vertex(-2, -1, 5)]
Key: com.catan.model.RoundedPoint2D@f12d2, Value: [Vertex(-2, 1, 4), Vertex(-2, 0, 0)]
Key: com.catan.model.RoundedPoint2D@1fc3c1, Value: [Vertex(1, 2, 5), Vertex(0, 2, 1)]
Key: com.catan.model.RoundedPoint2D@1f0841, Value: [Vertex(0, -1, 3), Vertex(0, -2, 1), Vertex(1, -2, 5)]
Key: com.catan.model.RoundedPoint2D@1f46c1, Value: [Vertex(0, -1, 0), Vertex(0, 0, 2)]
Key: com.catan.model.RoundedPoint2D@25d4c0, Value: [Vertex(1, -1, 0)]
Key: com.catan.model.RoundedPoint2D@259640, Value: [Vertex(1, -2, 1), Vertex(1, -1, 3)]
Key: com.catan.model.RoundedPoint2D@2651c0, Value: [Vertex(1, 2, 1)]
Key: com.catan.model.RoundedPoint2D@1b9271, Value: [Vertex(0, -2, 3)]
Key: com.catan.model.RoundedPoint2D@1bd0f1, Value: [Vertex(0, -1, 4), Vertex(0, -2, 0)]
Key: com.catan.model.RoundedPoint2D@1c8c71, Value: [Vertex(0, 2, 0)]
Key: com.catan.model.RoundedPoint2D@1c4df1, Value: [Vertex(0, 1, 5), Vertex(0, 2, 3), Vertex(-1, 1, 1)]
Key: com.catan.model.RoundedPoint2D@122ae2, Value: [Vertex(-2, 0, 2), Vertex(-2, -1, 0)]
Key: com.catan.model.RoundedPoint2D@12a7e2, Value: [Vertex(-1, 2, 5)]
Key: com.catan.model.RoundedPoint2D@231a51, Value: [Vertex(1, 2, 0)]
Key: com.catan.model.RoundedPoint2D@222051, Value: [Vertex(1, -2, 3)]
Key: com.catan.model.RoundedPoint2D@22dbd1, Value: [Vertex(1, 1, 5), Vertex(0, 1, 1), Vertex(1, 2, 3)]
Key: com.catan.model.RoundedPoint2D@225ed1, Value: [Vertex(0, -1, 2), Vertex(1, -2, 0), Vertex(1, -1, 4)]
Key: com.catan.model.RoundedPoint2D@11ec62, Value: [Vertex(-1, -2, 5), Vertex(-2, -1, 3)]
Key: com.catan.model.RoundedPoint2D@28ecd0, Value: [Vertex(1, -1, 2)]
Key: com.catan.model.RoundedPoint2D@1935e1, Value: [Vertex(0, 2, 5), Vertex(-1, 2, 1)]
Key: com.catan.model.RoundedPoint2D@2969d0, Value: [Vertex(1, 1, 1)]
Key: com.catan.model.RoundedPoint2D@18b8e1, Value: [Vertex(0, 0, 4), Vertex(-1, 0, 2)]
Key: com.catan.model.RoundedPoint2D@187a61, Value: [Vertex(-1, -2, 1), Vertex(0, -2, 5)]
Key: com.catan.model.RoundedPoint2D@15fe91, Value: [Vertex(-1, 2, 0)]
Key: com.catan.model.RoundedPoint2D@15c011, Value: [Vertex(-2, 1, 1), Vertex(-1, 2, 3), Vertex(-1, 1, 5)]
Key: com.catan.model.RoundedPoint2D@150491, Value: [Vertex(-1, -2, 3)]
Key: com.catan.model.RoundedPoint2D@154311, Value: [Vertex(-1, -2, 0), Vertex(-2, -1, 2)]
Key: com.catan.model.RoundedPoint2D@b9d02, Value: [Vertex(-2, 0, 4)]
Key: com.catan.model.RoundedPoint2D@eb512, Value: [Vertex(-2, -1, 4)]
Key: com.catan.model.RoundedPoint2D@f3212, Value: [Vertex(-2, 1, 5)]
Key: com.catan.model.RoundedPoint2D@1fa481, Value: [Vertex(0, 1, 0), Vertex(1, 2, 4), Vertex(0, 2, 2)]
Key: com.catan.model.RoundedPoint2D@1f6601, Value: [Vertex(0, 0, 1), Vertex(0, 1, 3)]
Key: com.catan.model.RoundedPoint2D@1ee901, Value: [Vertex(0, -2, 2), Vertex(1, -2, 4)]
Key: com.catan.model.RoundedPoint2D@257700, Value: [Vertex(1, -2, 2)]
Key: com.catan.model.RoundedPoint2D@25f400, Value: [Vertex(1, 1, 3)]
Key: com.catan.model.RoundedPoint2D@263280, Value: [Vertex(1, 1, 0), Vertex(1, 2, 2)]
Key: com.catan.model.RoundedPoint2D@1bf031, Value: [Vertex(0, -1, 5), Vertex(0, 0, 3)]
Key: com.catan.model.RoundedPoint2D@1c2eb1, Value: [Vertex(0, 0, 0), Vertex(0, 1, 4), Vertex(-1, 1, 2)]
Key: com.catan.model.RoundedPoint2D@124a22, Value: [Vertex(-2, 1, 3), Vertex(-2, 0, 1)]
Key: com.catan.model.RoundedPoint2D@1288a2, Value: [Vertex(-2, 1, 0), Vertex(-1, 2, 4)]
Key: com.catan.model.RoundedPoint2D@22bc91, Value: [Vertex(1, 1, 4), Vertex(0, 1, 2)]
Key: com.catan.model.RoundedPoint2D@227e11, Value: [Vertex(0, -1, 1), Vertex(1, -1, 5)]
Key: com.catan.model.RoundedPoint2D@11cd22, Value: [Vertex(-1, -2, 4)]
Key: com.catan.model.RoundedPoint2D@1916a1, Value: [Vertex(0, 2, 4), Vertex(-1, 2, 2), Vertex(-1, 1, 0)]
Key: com.catan.model.RoundedPoint2D@290c10, Value: [Vertex(1, -1, 1)]
Key: com.catan.model.RoundedPoint2D@294a90, Value: [Vertex(1, 1, 2)]
Key: com.catan.model.RoundedPoint2D@18d821, Value: [Vertex(0, 0, 5), Vertex(-1, 1, 3), Vertex(-1, 0, 1)]
Key: com.catan.model.RoundedPoint2D@185b21, Value: [Vertex(-1, -2, 2), Vertex(0, -2, 4)]
Key: com.catan.model.RoundedPoint2D@156251, Value: [Vertex(-2, -1, 1), Vertex(-1, 0, 3)]
Key: com.catan.model.RoundedPoint2D@15a0d1, Value: [Vertex(-2, 1, 2), Vertex(-1, 1, 4), Vertex(-1, 0, 0)]
Key: com.catan.model.RoundedPoint2D@bbc42, Value: [Vertex(-2, 0, 5)]
Key: com.catan.model.RoundedPoint2D@ed452, Value: [Vertex(-2, 0, 3), Vertex(-2, -1, 5)]
Key: com.catan.model.RoundedPoint2D@f12d2, Value: [Vertex(-2, 1, 4), Vertex(-2, 0, 0)]
Key: com.catan.model.RoundedPoint2D@1fc3c1, Value: [Vertex(1, 2, 5), Vertex(0, 2, 1)]
Key: com.catan.model.RoundedPoint2D@1f0841, Value: [Vertex(0, -1, 3), Vertex(0, -2, 1), Vertex(1, -2, 5)]
Key: com.catan.model.RoundedPoint2D@1f46c1, Value: [Vertex(0, -1, 0), Vertex(0, 0, 2)]
Key: com.catan.model.RoundedPoint2D@25d4c0, Value: [Vertex(1, -1, 0)]
Key: com.catan.model.RoundedPoint2D@259640, Value: [Vertex(1, -2, 1), Vertex(1, -1, 3)]
Key: com.catan.model.RoundedPoint2D@2651c0, Value: [Vertex(1, 2, 1)]
Key: com.catan.model.RoundedPoint2D@1b9271, Value: [Vertex(0, -2, 3)]
Key: com.catan.model.RoundedPoint2D@1bd0f1, Value: [Vertex(0, -1, 4), Vertex(0, -2, 0)]
Key: com.catan.model.RoundedPoint2D@1c8c71, Value: [Vertex(0, 2, 0)]
Key: com.catan.model.RoundedPoint2D@1c4df1, Value: [Vertex(0, 1, 5), Vertex(0, 2, 3), Vertex(-1, 1, 1)]
Key: com.catan.model.RoundedPoint2D@122ae2, Value: [Vertex(-2, 0, 2), Vertex(-2, -1, 0)]
Key: com.catan.model.RoundedPoint2D@12a7e2, Value: [Vertex(-1, 2, 5)]
Key: com.catan.model.RoundedPoint2D@231a51, Value: [Vertex(1, 2, 0)]
Key: com.catan.model.RoundedPoint2D@222051, Value: [Vertex(1, -2, 3)]
Key: com.catan.model.RoundedPoint2D@22dbd1, Value: [Vertex(1, 1, 5), Vertex(0, 1, 1), Vertex(1, 2, 3)]
Key: com.catan.model.RoundedPoint2D@225ed1, Value: [Vertex(0, -1, 2), Vertex(1, -2, 0), Vertex(1, -1, 4)]
Key: com.catan.model.RoundedPoint2D@11ec62, Value: [Vertex(-1, -2, 5), Vertex(-2, -1, 3)]
Key: com.catan.model.RoundedPoint2D@28ecd0, Value: [Vertex(1, -1, 2)]
Key: com.catan.model.RoundedPoint2D@1935e1, Value: [Vertex(0, 2, 5), Vertex(-1, 2, 1)]
Key: com.catan.model.RoundedPoint2D@2969d0, Value: [Vertex(1, 1, 1)]
Key: com.catan.model.RoundedPoint2D@18b8e1, Value: [Vertex(0, 0, 4), Vertex(-1, 0, 2)]
Key: com.catan.model.RoundedPoint2D@187a61, Value: [Vertex(-1, -2, 1), Vertex(0, -2, 5)]
Key: com.catan.model.RoundedPoint2D@15fe91, Value: [Vertex(-1, 2, 0)]
Key: com.catan.model.RoundedPoint2D@15c011, Value: [Vertex(-2, 1, 1), Vertex(-1, 2, 3), Vertex(-1, 1, 5)]
Key: com.catan.model.RoundedPoint2D@150491, Value: [Vertex(-1, -2, 3)]
Key: com.catan.model.RoundedPoint2D@154311, Value: [Vertex(-1, -2, 0), Vertex(-2, -1, 2)]
Key: com.catan.model.RoundedPoint2D@b9d02, Value: [Vertex(-2, 0, 4)]
Key: com.catan.model.RoundedPoint2D@eb512, Value: [Vertex(-2, -1, 4)]
Key: com.catan.model.RoundedPoint2D@f3212, Value: [Vertex(-2, 1, 5)]
Key: com.catan.model.RoundedPoint2D@1fa481, Value: [Vertex(0, 1, 0), Vertex(1, 2, 4), Vertex(0, 2, 2)]
Key: com.catan.model.RoundedPoint2D@1f6601, Value: [Vertex(0, 0, 1), Vertex(0, 1, 3)]
Key: com.catan.model.RoundedPoint2D@1ee901, Value: [Vertex(0, -2, 2), Vertex(1, -2, 4)]
Key: com.catan.model.RoundedPoint2D@257700, Value: [Vertex(1, -2, 2)]
Key: com.catan.model.RoundedPoint2D@25f400, Value: [Vertex(1, 1, 3)]
Key: com.catan.model.RoundedPoint2D@263280, Value: [Vertex(1, 1, 0), Vertex(1, 2, 2)]
Key: com.catan.model.RoundedPoint2D@1bf031, Value: [Vertex(0, -1, 5), Vertex(0, 0, 3)]
Key: com.catan.model.RoundedPoint2D@1c2eb1, Value: [Vertex(0, 0, 0), Vertex(0, 1, 4), Vertex(-1, 1, 2)]
Key: com.catan.model.RoundedPoint2D@124a22, Value: [Vertex(-2, 1, 3), Vertex(-2, 0, 1)]
Key: com.catan.model.RoundedPoint2D@1288a2, Value: [Vertex(-2, 1, 0), Vertex(-1, 2, 4)]
Key: com.catan.model.RoundedPoint2D@22bc91, Value: [Vertex(1, 1, 4), Vertex(0, 1, 2)]
Key: com.catan.model.RoundedPoint2D@227e11, Value: [Vertex(0, -1, 1), Vertex(1, -1, 5)]
Key: com.catan.model.RoundedPoint2D@11cd22, Value: [Vertex(-1, -2, 4)]
Key: com.catan.model.RoundedPoint2D@1916a1, Value: [Vertex(0, 2, 4), Vertex(-1, 2, 2), Vertex(-1, 1, 0)]
Key: com.catan.model.RoundedPoint2D@290c10, Value: [Vertex(1, -1, 1)]
Key: com.catan.model.RoundedPoint2D@294a90, Value: [Vertex(1, 1, 2)]
Key: com.catan.model.RoundedPoint2D@18d821, Value: [Vertex(0, 0, 5), Vertex(-1, 1, 3), Vertex(-1, 0, 1)]
Key: com.catan.model.RoundedPoint2D@185b21, Value: [Vertex(-1, -2, 2), Vertex(0, -2, 4)]
Key: com.catan.model.RoundedPoint2D@156251, Value: [Vertex(-2, -1, 1), Vertex(-1, 0, 3)]
Key: com.catan.model.RoundedPoint2D@15a0d1, Value: [Vertex(-2, 1, 2), Vertex(-1, 1, 4), Vertex(-1, 0, 0)]
Key: com.catan.model.RoundedPoint2D@bbc42, Value: [Vertex(-2, 0, 5)]
Key: com.catan.model.RoundedPoint2D@ed452, Value: [Vertex(-2, 0, 3), Vertex(-2, -1, 5)]
Key: com.catan.model.RoundedPoint2D@f12d2, Value: [Vertex(-2, 1, 4), Vertex(-2, 0, 0)]
Key: com.catan.model.RoundedPoint2D@1fc3c1, Value: [Vertex(1, 2, 5), Vertex(0, 2, 1)]
Key: com.catan.model.RoundedPoint2D@1f0841, Value: [Vertex(0, -1, 3), Vertex(0, -2, 1), Vertex(1, -2, 5)]
Key: com.catan.model.RoundedPoint2D@1f46c1, Value: [Vertex(0, -1, 0), Vertex(0, 0, 2)]
Key: com.catan.model.RoundedPoint2D@25d4c0, Value: [Vertex(1, -1, 0)]
Key: com.catan.model.RoundedPoint2D@259640, Value: [Vertex(1, -2, 1), Vertex(1, -1, 3)]
Key: com.catan.model.RoundedPoint2D@2651c0, Value: [Vertex(1, 2, 1)]
Key: com.catan.model.RoundedPoint2D@1b9271, Value: [Vertex(0, -2, 3)]
Key: com.catan.model.RoundedPoint2D@1bd0f1, Value: [Vertex(0, -1, 4), Vertex(0, -2, 0)]
Key: com.catan.model.RoundedPoint2D@1c8c71, Value: [Vertex(0, 2, 0)]
Key: com.catan.model.RoundedPoint2D@1c4df1, Value: [Vertex(0, 1, 5), Vertex(0, 2, 3), Vertex(-1, 1, 1)]
Key: com.catan.model.RoundedPoint2D@122ae2, Value: [Vertex(-2, 0, 2), Vertex(-2, -1, 0), Vertex(-1, 0, 4)]
Key: com.catan.model.RoundedPoint2D@12a7e2, Value: [Vertex(-1, 2, 5)]
Key: com.catan.model.RoundedPoint2D@231a51, Value: [Vertex(1, 2, 0)]
Key: com.catan.model.RoundedPoint2D@222051, Value: [Vertex(1, -2, 3)]
Key: com.catan.model.RoundedPoint2D@22dbd1, Value: [Vertex(1, 1, 5), Vertex(0, 1, 1), Vertex(1, 2, 3)]
Key: com.catan.model.RoundedPoint2D@225ed1, Value: [Vertex(0, -1, 2), Vertex(1, -2, 0), Vertex(1, -1, 4)]
Key: com.catan.model.RoundedPoint2D@11ec62, Value: [Vertex(-1, -2, 5), Vertex(-2, -1, 3)]
Key: com.catan.model.RoundedPoint2D@28ecd0, Value: [Vertex(1, -1, 2)]
Key: com.catan.model.RoundedPoint2D@1935e1, Value: [Vertex(0, 2, 5), Vertex(-1, 2, 1)]
Key: com.catan.model.RoundedPoint2D@2969d0, Value: [Vertex(1, 1, 1)]
Key: com.catan.model.RoundedPoint2D@18b8e1, Value: [Vertex(0, 0, 4), Vertex(-1, 0, 2)]
Key: com.catan.model.RoundedPoint2D@187a61, Value: [Vertex(-1, -2, 1), Vertex(0, -2, 5)]
Key: com.catan.model.RoundedPoint2D@15fe91, Value: [Vertex(-1, 2, 0)]
Key: com.catan.model.RoundedPoint2D@15c011, Value: [Vertex(-2, 1, 1), Vertex(-1, 2, 3), Vertex(-1, 1, 5)]
Key: com.catan.model.RoundedPoint2D@150491, Value: [Vertex(-1, -2, 3)]
Key: com.catan.model.RoundedPoint2D@154311, Value: [Vertex(-1, -2, 0), Vertex(-2, -1, 2)]
Key: com.catan.model.RoundedPoint2D@b9d02, Value: [Vertex(-2, 0, 4)]
Key: com.catan.model.RoundedPoint2D@eb512, Value: [Vertex(-2, -1, 4)]
Key: com.catan.model.RoundedPoint2D@f3212, Value: [Vertex(-2, 1, 5)]
Key: com.catan.model.RoundedPoint2D@1fa481, Value: [Vertex(0, 1, 0), Vertex(1, 2, 4), Vertex(0, 2, 2)]
Key: com.catan.model.RoundedPoint2D@1f6601, Value: [Vertex(0, 0, 1), Vertex(0, 1, 3)]
Key: com.catan.model.RoundedPoint2D@1ee901, Value: [Vertex(0, -2, 2), Vertex(1, -2, 4)]
Key: com.catan.model.RoundedPoint2D@257700, Value: [Vertex(1, -2, 2)]
Key: com.catan.model.RoundedPoint2D@25f400, Value: [Vertex(1, 1, 3)]
Key: com.catan.model.RoundedPoint2D@263280, Value: [Vertex(1, 1, 0), Vertex(1, 2, 2)]
Key: com.catan.model.RoundedPoint2D@1bf031, Value: [Vertex(0, -1, 5), Vertex(0, 0, 3)]
Key: com.catan.model.RoundedPoint2D@1c2eb1, Value: [Vertex(0, 0, 0), Vertex(0, 1, 4), Vertex(-1, 1, 2)]
Key: com.catan.model.RoundedPoint2D@124a22, Value: [Vertex(-2, 1, 3), Vertex(-2, 0, 1), Vertex(-1, 0, 5)]
Key: com.catan.model.RoundedPoint2D@1288a2, Value: [Vertex(-2, 1, 0), Vertex(-1, 2, 4)]
Key: com.catan.model.RoundedPoint2D@22bc91, Value: [Vertex(1, 1, 4), Vertex(0, 1, 2)]
Key: com.catan.model.RoundedPoint2D@227e11, Value: [Vertex(0, -1, 1), Vertex(1, -1, 5)]
Key: com.catan.model.RoundedPoint2D@11cd22, Value: [Vertex(-1, -2, 4)]
Key: com.catan.model.RoundedPoint2D@1916a1, Value: [Vertex(0, 2, 4), Vertex(-1, 2, 2), Vertex(-1, 1, 0)]
Key: com.catan.model.RoundedPoint2D@290c10, Value: [Vertex(1, -1, 1)]
Key: com.catan.model.RoundedPoint2D@294a90, Value: [Vertex(1, 1, 2)]
Key: com.catan.model.RoundedPoint2D@18d821, Value: [Vertex(0, 0, 5), Vertex(-1, 1, 3), Vertex(-1, 0, 1)]
Key: com.catan.model.RoundedPoint2D@185b21, Value: [Vertex(-1, -2, 2), Vertex(0, -2, 4)]
Key: com.catan.model.RoundedPoint2D@156251, Value: [Vertex(-2, -1, 1), Vertex(-1, 0, 3)]
Key: com.catan.model.RoundedPoint2D@15a0d1, Value: [Vertex(-2, 1, 2), Vertex(-1, 1, 4), Vertex(-1, 0, 0)]
Key: com.catan.model.RoundedPoint2D@bbc42, Value: [Vertex(-2, 0, 5)]
Key: com.catan.model.RoundedPoint2D@ed452, Value: [Vertex(-2, 0, 3), Vertex(-2, -1, 5)]
Key: com.catan.model.RoundedPoint2D@f12d2, Value: [Vertex(-2, 1, 4), Vertex(-2, 0, 0)]
Key: com.catan.model.RoundedPoint2D@1fc3c1, Value: [Vertex(1, 2, 5), Vertex(0, 2, 1)]
Key: com.catan.model.RoundedPoint2D@1f0841, Value: [Vertex(0, -1, 3), Vertex(0, -2, 1), Vertex(1, -2, 5)]
Key: com.catan.model.RoundedPoint2D@1f46c1, Value: [Vertex(0, -1, 0), Vertex(0, 0, 2)]
Key: com.catan.model.RoundedPoint2D@25d4c0, Value: [Vertex(1, -1, 0)]
Key: com.catan.model.RoundedPoint2D@259640, Value: [Vertex(1, -2, 1), Vertex(1, -1, 3)]
Key: com.catan.model.RoundedPoint2D@2651c0, Value: [Vertex(1, 2, 1)]
Key: com.catan.model.RoundedPoint2D@1b9271, Value: [Vertex(0, -2, 3)]
Key: com.catan.model.RoundedPoint2D@1bd0f1, Value: [Vertex(0, -1, 4), Vertex(0, -2, 0)]
Key: com.catan.model.RoundedPoint2D@1c8c71, Value: [Vertex(0, 2, 0)]
Key: com.catan.model.RoundedPoint2D@1c4df1, Value: [Vertex(0, 1, 5), Vertex(0, 2, 3), Vertex(-1, 1, 1)]
Key: com.catan.model.RoundedPoint2D@122ae2, Value: [Vertex(-2, 0, 2), Vertex(-2, -1, 0), Vertex(-1, 0, 4)]
Key: com.catan.model.RoundedPoint2D@12a7e2, Value: [Vertex(-1, 2, 5)]
Key: com.catan.model.RoundedPoint2D@231a51, Value: [Vertex(1, 2, 0)]
Key: com.catan.model.RoundedPoint2D@222051, Value: [Vertex(1, -2, 3)]
Key: com.catan.model.RoundedPoint2D@22dbd1, Value: [Vertex(1, 1, 5), Vertex(0, 1, 1), Vertex(1, 2, 3)]
Key: com.catan.model.RoundedPoint2D@225ed1, Value: [Vertex(0, -1, 2), Vertex(1, -2, 0), Vertex(1, -1, 4)]
Key: com.catan.model.RoundedPoint2D@11ec62, Value: [Vertex(-1, -2, 5), Vertex(-2, -1, 3)]
Key: com.catan.model.RoundedPoint2D@28ecd0, Value: [Vertex(1, -1, 2)]
Key: com.catan.model.RoundedPoint2D@1935e1, Value: [Vertex(0, 2, 5), Vertex(-1, 2, 1)]
Key: com.catan.model.RoundedPoint2D@2969d0, Value: [Vertex(1, 1, 1)]
Key: com.catan.model.RoundedPoint2D@18b8e1, Value: [Vertex(0, 0, 4), Vertex(-1, 0, 2)]
Key: com.catan.model.RoundedPoint2D@187a61, Value: [Vertex(-1, -2, 1), Vertex(0, -2, 5)]
Key: com.catan.model.RoundedPoint2D@15fe91, Value: [Vertex(-1, 2, 0)]
Key: com.catan.model.RoundedPoint2D@15c011, Value: [Vertex(-2, 1, 1), Vertex(-1, 2, 3), Vertex(-1, 1, 5)]
Key: com.catan.model.RoundedPoint2D@150491, Value: [Vertex(-1, -2, 3)]
Key: com.catan.model.RoundedPoint2D@154311, Value: [Vertex(-1, -2, 0), Vertex(-2, -1, 2)]
Key: com.catan.model.RoundedPoint2D@b9d02, Value: [Vertex(-2, 0, 4)]
Key: com.catan.model.RoundedPoint2D@eb512, Value: [Vertex(-2, -1, 4)]
Key: com.catan.model.RoundedPoint2D@f3212, Value: [Vertex(-2, 1, 5)]
Key: com.catan.model.RoundedPoint2D@1fa481, Value: [Vertex(0, 1, 0), Vertex(1, 2, 4), Vertex(0, 2, 2)]
Key: com.catan.model.RoundedPoint2D@1f6601, Value: [Vertex(0, 0, 1), Vertex(0, 1, 3)]
Key: com.catan.model.RoundedPoint2D@1ee901, Value: [Vertex(0, -2, 2), Vertex(1, -2, 4)]
Key: com.catan.model.RoundedPoint2D@257700, Value: [Vertex(1, -2, 2)]
Key: com.catan.model.RoundedPoint2D@25f400, Value: [Vertex(1, 1, 3)]
Key: com.catan.model.RoundedPoint2D@263280, Value: [Vertex(1, 1, 0), Vertex(1, 2, 2)]
Key: com.catan.model.RoundedPoint2D@1bf031, Value: [Vertex(0, -1, 5), Vertex(0, 0, 3)]
Key: com.catan.model.RoundedPoint2D@1c2eb1, Value: [Vertex(0, 0, 0), Vertex(0, 1, 4), Vertex(-1, 1, 2)]
Key: com.catan.model.RoundedPoint2D@124a22, Value: [Vertex(-2, 1, 3), Vertex(-2, 0, 1), Vertex(-1, 0, 5)]
Key: com.catan.model.RoundedPoint2D@1288a2, Value: [Vertex(-2, 1, 0), Vertex(-1, 2, 4)]
Key: com.catan.model.RoundedPoint2D@22bc91, Value: [Vertex(1, 1, 4), Vertex(0, 1, 2)]
Key: com.catan.model.RoundedPoint2D@227e11, Value: [Vertex(0, -1, 1), Vertex(1, -1, 5)]
Key: com.catan.model.RoundedPoint2D@11cd22, Value: [Vertex(-1, -2, 4)]
Key: com.catan.model.RoundedPoint2D@1916a1, Value: [Vertex(0, 2, 4), Vertex(-1, 2, 2), Vertex(-1, 1, 0)]
Key: com.catan.model.RoundedPoint2D@290c10, Value: [Vertex(1, -1, 1)]
Key: com.catan.model.RoundedPoint2D@294a90, Value: [Vertex(1, 1, 2), Vertex(2, 0, 0)]
Key: com.catan.model.RoundedPoint2D@18d821, Value: [Vertex(0, 0, 5), Vertex(-1, 1, 3), Vertex(-1, 0, 1)]
Key: com.catan.model.RoundedPoint2D@185b21, Value: [Vertex(-1, -2, 2), Vertex(0, -2, 4)]
Key: com.catan.model.RoundedPoint2D@156251, Value: [Vertex(-2, -1, 1), Vertex(-1, 0, 3)]
Key: com.catan.model.RoundedPoint2D@15a0d1, Value: [Vertex(-2, 1, 2), Vertex(-1, 1, 4), Vertex(-1, 0, 0)]
Key: com.catan.model.RoundedPoint2D@bbc42, Value: [Vertex(-2, 0, 5)]
Key: com.catan.model.RoundedPoint2D@ed452, Value: [Vertex(-2, 0, 3), Vertex(-2, -1, 5)]
Key: com.catan.model.RoundedPoint2D@f12d2, Value: [Vertex(-2, 1, 4), Vertex(-2, 0, 0)]
Key: com.catan.model.RoundedPoint2D@1fc3c1, Value: [Vertex(1, 2, 5), Vertex(0, 2, 1)]
Key: com.catan.model.RoundedPoint2D@1f0841, Value: [Vertex(0, -1, 3), Vertex(0, -2, 1), Vertex(1, -2, 5)]
Key: com.catan.model.RoundedPoint2D@1f46c1, Value: [Vertex(0, -1, 0), Vertex(0, 0, 2)]
Key: com.catan.model.RoundedPoint2D@25d4c0, Value: [Vertex(1, -1, 0)]
Key: com.catan.model.RoundedPoint2D@259640, Value: [Vertex(1, -2, 1), Vertex(1, -1, 3)]
Key: com.catan.model.RoundedPoint2D@2651c0, Value: [Vertex(1, 2, 1)]
Key: com.catan.model.RoundedPoint2D@1b9271, Value: [Vertex(0, -2, 3)]
Key: com.catan.model.RoundedPoint2D@1bd0f1, Value: [Vertex(0, -1, 4), Vertex(0, -2, 0)]
Key: com.catan.model.RoundedPoint2D@1c8c71, Value: [Vertex(0, 2, 0)]
Key: com.catan.model.RoundedPoint2D@1c4df1, Value: [Vertex(0, 1, 5), Vertex(0, 2, 3), Vertex(-1, 1, 1)]
Key: com.catan.model.RoundedPoint2D@122ae2, Value: [Vertex(-2, 0, 2), Vertex(-2, -1, 0), Vertex(-1, 0, 4)]
Key: com.catan.model.RoundedPoint2D@12a7e2, Value: [Vertex(-1, 2, 5)]
Key: com.catan.model.RoundedPoint2D@231a51, Value: [Vertex(1, 2, 0)]
Key: com.catan.model.RoundedPoint2D@222051, Value: [Vertex(1, -2, 3)]
Key: com.catan.model.RoundedPoint2D@22dbd1, Value: [Vertex(1, 1, 5), Vertex(0, 1, 1), Vertex(1, 2, 3)]
Key: com.catan.model.RoundedPoint2D@225ed1, Value: [Vertex(0, -1, 2), Vertex(1, -2, 0), Vertex(1, -1, 4)]
Key: com.catan.model.RoundedPoint2D@11ec62, Value: [Vertex(-1, -2, 5), Vertex(-2, -1, 3)]
Key: com.catan.model.RoundedPoint2D@28ecd0, Value: [Vertex(1, -1, 2)]
Key: com.catan.model.RoundedPoint2D@1935e1, Value: [Vertex(0, 2, 5), Vertex(-1, 2, 1)]
Key: com.catan.model.RoundedPoint2D@2969d0, Value: [Vertex(1, 1, 1)]
Key: com.catan.model.RoundedPoint2D@18b8e1, Value: [Vertex(0, 0, 4), Vertex(-1, 0, 2)]
Key: com.catan.model.RoundedPoint2D@187a61, Value: [Vertex(-1, -2, 1), Vertex(0, -2, 5)]
Key: com.catan.model.RoundedPoint2D@15fe91, Value: [Vertex(-1, 2, 0)]
Key: com.catan.model.RoundedPoint2D@15c011, Value: [Vertex(-2, 1, 1), Vertex(-1, 2, 3), Vertex(-1, 1, 5)]
Key: com.catan.model.RoundedPoint2D@150491, Value: [Vertex(-1, -2, 3)]
Key: com.catan.model.RoundedPoint2D@154311, Value: [Vertex(-1, -2, 0), Vertex(-2, -1, 2)]
Key: com.catan.model.RoundedPoint2D@b9d02, Value: [Vertex(-2, 0, 4)]
Key: com.catan.model.RoundedPoint2D@eb512, Value: [Vertex(-2, -1, 4)]
Key: com.catan.model.RoundedPoint2D@f3212, Value: [Vertex(-2, 1, 5)]
Key: com.catan.model.RoundedPoint2D@1fa481, Value: [Vertex(0, 1, 0), Vertex(1, 2, 4), Vertex(0, 2, 2)]
Key: com.catan.model.RoundedPoint2D@1f6601, Value: [Vertex(0, 0, 1), Vertex(0, 1, 3)]
Key: com.catan.model.RoundedPoint2D@1ee901, Value: [Vertex(0, -2, 2), Vertex(1, -2, 4)]
Key: com.catan.model.RoundedPoint2D@257700, Value: [Vertex(1, -2, 2)]
Key: com.catan.model.RoundedPoint2D@25f400, Value: [Vertex(1, 1, 3)]
Key: com.catan.model.RoundedPoint2D@263280, Value: [Vertex(1, 1, 0), Vertex(1, 2, 2)]
Key: com.catan.model.RoundedPoint2D@1bf031, Value: [Vertex(0, -1, 5), Vertex(0, 0, 3)]
Key: com.catan.model.RoundedPoint2D@1c2eb1, Value: [Vertex(0, 0, 0), Vertex(0, 1, 4), Vertex(-1, 1, 2)]
Key: com.catan.model.RoundedPoint2D@124a22, Value: [Vertex(-2, 1, 3), Vertex(-2, 0, 1), Vertex(-1, 0, 5)]
Key: com.catan.model.RoundedPoint2D@1288a2, Value: [Vertex(-2, 1, 0), Vertex(-1, 2, 4)]
Key: com.catan.model.RoundedPoint2D@22bc91, Value: [Vertex(1, 1, 4), Vertex(0, 1, 2)]
Key: com.catan.model.RoundedPoint2D@227e11, Value: [Vertex(0, -1, 1), Vertex(1, -1, 5)]
Key: com.catan.model.RoundedPoint2D@11cd22, Value: [Vertex(-1, -2, 4)]
Key: com.catan.model.RoundedPoint2D@1916a1, Value: [Vertex(0, 2, 4), Vertex(-1, 2, 2), Vertex(-1, 1, 0)]
Key: com.catan.model.RoundedPoint2D@290c10, Value: [Vertex(1, -1, 1)]
Key: com.catan.model.RoundedPoint2D@294a90, Value: [Vertex(1, 1, 2), Vertex(2, 0, 0)]
Key: com.catan.model.RoundedPoint2D@18d821, Value: [Vertex(0, 0, 5), Vertex(-1, 1, 3), Vertex(-1, 0, 1)]
Key: com.catan.model.RoundedPoint2D@185b21, Value: [Vertex(-1, -2, 2), Vertex(0, -2, 4)]
Key: com.catan.model.RoundedPoint2D@156251, Value: [Vertex(-2, -1, 1), Vertex(-1, 0, 3)]
Key: com.catan.model.RoundedPoint2D@15a0d1, Value: [Vertex(-2, 1, 2), Vertex(-1, 1, 4), Vertex(-1, 0, 0)]
Key: com.catan.model.RoundedPoint2D@bbc42, Value: [Vertex(-2, 0, 5)]
Key: com.catan.model.RoundedPoint2D@2c81e0, Value: [Vertex(2, 0, 1)]
Key: com.catan.model.RoundedPoint2D@ed452, Value: [Vertex(-2, 0, 3), Vertex(-2, -1, 5)]
Key: com.catan.model.RoundedPoint2D@f12d2, Value: [Vertex(-2, 1, 4), Vertex(-2, 0, 0)]
Key: com.catan.model.RoundedPoint2D@1fc3c1, Value: [Vertex(1, 2, 5), Vertex(0, 2, 1)]
Key: com.catan.model.RoundedPoint2D@1f0841, Value: [Vertex(0, -1, 3), Vertex(0, -2, 1), Vertex(1, -2, 5)]
Key: com.catan.model.RoundedPoint2D@1f46c1, Value: [Vertex(0, -1, 0), Vertex(0, 0, 2)]
Key: com.catan.model.RoundedPoint2D@25d4c0, Value: [Vertex(1, -1, 0)]
Key: com.catan.model.RoundedPoint2D@259640, Value: [Vertex(1, -2, 1), Vertex(1, -1, 3)]
Key: com.catan.model.RoundedPoint2D@2651c0, Value: [Vertex(1, 2, 1)]
Key: com.catan.model.RoundedPoint2D@1b9271, Value: [Vertex(0, -2, 3)]
Key: com.catan.model.RoundedPoint2D@1bd0f1, Value: [Vertex(0, -1, 4), Vertex(0, -2, 0)]
Key: com.catan.model.RoundedPoint2D@1c8c71, Value: [Vertex(0, 2, 0)]
Key: com.catan.model.RoundedPoint2D@1c4df1, Value: [Vertex(0, 1, 5), Vertex(0, 2, 3), Vertex(-1, 1, 1)]
Key: com.catan.model.RoundedPoint2D@122ae2, Value: [Vertex(-2, 0, 2), Vertex(-2, -1, 0), Vertex(-1, 0, 4)]
Key: com.catan.model.RoundedPoint2D@12a7e2, Value: [Vertex(-1, 2, 5)]
Key: com.catan.model.RoundedPoint2D@231a51, Value: [Vertex(1, 2, 0)]
Key: com.catan.model.RoundedPoint2D@222051, Value: [Vertex(1, -2, 3)]
Key: com.catan.model.RoundedPoint2D@22dbd1, Value: [Vertex(1, 1, 5), Vertex(0, 1, 1), Vertex(1, 2, 3)]
Key: com.catan.model.RoundedPoint2D@225ed1, Value: [Vertex(0, -1, 2), Vertex(1, -2, 0), Vertex(1, -1, 4)]
Key: com.catan.model.RoundedPoint2D@11ec62, Value: [Vertex(-1, -2, 5), Vertex(-2, -1, 3)]
Key: com.catan.model.RoundedPoint2D@28ecd0, Value: [Vertex(1, -1, 2)]
Key: com.catan.model.RoundedPoint2D@1935e1, Value: [Vertex(0, 2, 5), Vertex(-1, 2, 1)]
Key: com.catan.model.RoundedPoint2D@2969d0, Value: [Vertex(1, 1, 1)]
Key: com.catan.model.RoundedPoint2D@18b8e1, Value: [Vertex(0, 0, 4), Vertex(-1, 0, 2)]
Key: com.catan.model.RoundedPoint2D@187a61, Value: [Vertex(-1, -2, 1), Vertex(0, -2, 5)]
Key: com.catan.model.RoundedPoint2D@15fe91, Value: [Vertex(-1, 2, 0)]
Key: com.catan.model.RoundedPoint2D@15c011, Value: [Vertex(-2, 1, 1), Vertex(-1, 2, 3), Vertex(-1, 1, 5)]
Key: com.catan.model.RoundedPoint2D@150491, Value: [Vertex(-1, -2, 3)]
Key: com.catan.model.RoundedPoint2D@154311, Value: [Vertex(-1, -2, 0), Vertex(-2, -1, 2)]
Key: com.catan.model.RoundedPoint2D@b9d02, Value: [Vertex(-2, 0, 4)]
Key: com.catan.model.RoundedPoint2D@2c62a0, Value: [Vertex(2, 0, 2)]
Key: com.catan.model.RoundedPoint2D@eb512, Value: [Vertex(-2, -1, 4)]
Key: com.catan.model.RoundedPoint2D@f3212, Value: [Vertex(-2, 1, 5)]
Key: com.catan.model.RoundedPoint2D@1fa481, Value: [Vertex(0, 1, 0), Vertex(1, 2, 4), Vertex(0, 2, 2)]
Key: com.catan.model.RoundedPoint2D@1f6601, Value: [Vertex(0, 0, 1), Vertex(0, 1, 3)]
Key: com.catan.model.RoundedPoint2D@1ee901, Value: [Vertex(0, -2, 2), Vertex(1, -2, 4)]
Key: com.catan.model.RoundedPoint2D@257700, Value: [Vertex(1, -2, 2)]
Key: com.catan.model.RoundedPoint2D@25f400, Value: [Vertex(1, 1, 3)]
Key: com.catan.model.RoundedPoint2D@263280, Value: [Vertex(1, 1, 0), Vertex(1, 2, 2)]
Key: com.catan.model.RoundedPoint2D@1bf031, Value: [Vertex(0, -1, 5), Vertex(0, 0, 3)]
Key: com.catan.model.RoundedPoint2D@1c2eb1, Value: [Vertex(0, 0, 0), Vertex(0, 1, 4), Vertex(-1, 1, 2)]
Key: com.catan.model.RoundedPoint2D@124a22, Value: [Vertex(-2, 1, 3), Vertex(-2, 0, 1), Vertex(-1, 0, 5)]
Key: com.catan.model.RoundedPoint2D@1288a2, Value: [Vertex(-2, 1, 0), Vertex(-1, 2, 4)]
Key: com.catan.model.RoundedPoint2D@22bc91, Value: [Vertex(1, 1, 4), Vertex(0, 1, 2)]
Key: com.catan.model.RoundedPoint2D@227e11, Value: [Vertex(0, -1, 1), Vertex(1, -1, 5)]
Key: com.catan.model.RoundedPoint2D@11cd22, Value: [Vertex(-1, -2, 4)]
Key: com.catan.model.RoundedPoint2D@1916a1, Value: [Vertex(0, 2, 4), Vertex(-1, 2, 2), Vertex(-1, 1, 0)]
Key: com.catan.model.RoundedPoint2D@290c10, Value: [Vertex(1, -1, 1)]
Key: com.catan.model.RoundedPoint2D@294a90, Value: [Vertex(1, 1, 2), Vertex(2, 0, 0)]
Key: com.catan.model.RoundedPoint2D@18d821, Value: [Vertex(0, 0, 5), Vertex(-1, 1, 3), Vertex(-1, 0, 1)]
Key: com.catan.model.RoundedPoint2D@185b21, Value: [Vertex(-1, -2, 2), Vertex(0, -2, 4)]
Key: com.catan.model.RoundedPoint2D@156251, Value: [Vertex(-2, -1, 1), Vertex(-1, 0, 3)]
Key: com.catan.model.RoundedPoint2D@15a0d1, Value: [Vertex(-2, 1, 2), Vertex(-1, 1, 4), Vertex(-1, 0, 0)]
Key: com.catan.model.RoundedPoint2D@bbc42, Value: [Vertex(-2, 0, 5)]
Key: com.catan.model.RoundedPoint2D@2c81e0, Value: [Vertex(2, 0, 1)]
Key: com.catan.model.RoundedPoint2D@ed452, Value: [Vertex(-2, 0, 3), Vertex(-2, -1, 5)]
Key: com.catan.model.RoundedPoint2D@f12d2, Value: [Vertex(-2, 1, 4), Vertex(-2, 0, 0)]
Key: com.catan.model.RoundedPoint2D@1fc3c1, Value: [Vertex(1, 2, 5), Vertex(0, 2, 1)]
Key: com.catan.model.RoundedPoint2D@1f0841, Value: [Vertex(0, -1, 3), Vertex(0, -2, 1), Vertex(1, -2, 5)]
Key: com.catan.model.RoundedPoint2D@1f46c1, Value: [Vertex(0, -1, 0), Vertex(0, 0, 2)]
Key: com.catan.model.RoundedPoint2D@25d4c0, Value: [Vertex(1, -1, 0)]
Key: com.catan.model.RoundedPoint2D@259640, Value: [Vertex(1, -2, 1), Vertex(1, -1, 3)]
Key: com.catan.model.RoundedPoint2D@2651c0, Value: [Vertex(1, 2, 1)]
Key: com.catan.model.RoundedPoint2D@1b9271, Value: [Vertex(0, -2, 3)]
Key: com.catan.model.RoundedPoint2D@1bd0f1, Value: [Vertex(0, -1, 4), Vertex(0, -2, 0)]
Key: com.catan.model.RoundedPoint2D@1c8c71, Value: [Vertex(0, 2, 0)]
Key: com.catan.model.RoundedPoint2D@1c4df1, Value: [Vertex(0, 1, 5), Vertex(0, 2, 3), Vertex(-1, 1, 1)]
Key: com.catan.model.RoundedPoint2D@122ae2, Value: [Vertex(-2, 0, 2), Vertex(-2, -1, 0), Vertex(-1, 0, 4)]
Key: com.catan.model.RoundedPoint2D@12a7e2, Value: [Vertex(-1, 2, 5)]
Key: com.catan.model.RoundedPoint2D@231a51, Value: [Vertex(1, 2, 0)]
Key: com.catan.model.RoundedPoint2D@222051, Value: [Vertex(1, -2, 3)]
Key: com.catan.model.RoundedPoint2D@22dbd1, Value: [Vertex(1, 1, 5), Vertex(0, 1, 1), Vertex(1, 2, 3)]
Key: com.catan.model.RoundedPoint2D@225ed1, Value: [Vertex(0, -1, 2), Vertex(1, -2, 0), Vertex(1, -1, 4)]
Key: com.catan.model.RoundedPoint2D@11ec62, Value: [Vertex(-1, -2, 5), Vertex(-2, -1, 3)]
Key: com.catan.model.RoundedPoint2D@28ecd0, Value: [Vertex(1, -1, 2)]
Key: com.catan.model.RoundedPoint2D@1935e1, Value: [Vertex(0, 2, 5), Vertex(-1, 2, 1)]
Key: com.catan.model.RoundedPoint2D@2969d0, Value: [Vertex(1, 1, 1)]
Key: com.catan.model.RoundedPoint2D@18b8e1, Value: [Vertex(0, 0, 4), Vertex(-1, 0, 2)]
Key: com.catan.model.RoundedPoint2D@187a61, Value: [Vertex(-1, -2, 1), Vertex(0, -2, 5)]
Key: com.catan.model.RoundedPoint2D@15fe91, Value: [Vertex(-1, 2, 0)]
Key: com.catan.model.RoundedPoint2D@15c011, Value: [Vertex(-2, 1, 1), Vertex(-1, 2, 3), Vertex(-1, 1, 5)]
Key: com.catan.model.RoundedPoint2D@150491, Value: [Vertex(-1, -2, 3)]
Key: com.catan.model.RoundedPoint2D@154311, Value: [Vertex(-1, -2, 0), Vertex(-2, -1, 2)]
Key: com.catan.model.RoundedPoint2D@b9d02, Value: [Vertex(-2, 0, 4)]
Key: com.catan.model.RoundedPoint2D@2c62a0, Value: [Vertex(2, 0, 2)]
Key: com.catan.model.RoundedPoint2D@eb512, Value: [Vertex(-2, -1, 4)]
Key: com.catan.model.RoundedPoint2D@f3212, Value: [Vertex(-2, 1, 5)]
Key: com.catan.model.RoundedPoint2D@1fa481, Value: [Vertex(0, 1, 0), Vertex(1, 2, 4), Vertex(0, 2, 2)]
Key: com.catan.model.RoundedPoint2D@1f6601, Value: [Vertex(0, 0, 1), Vertex(0, 1, 3)]
Key: com.catan.model.RoundedPoint2D@1ee901, Value: [Vertex(0, -2, 2), Vertex(1, -2, 4)]
Key: com.catan.model.RoundedPoint2D@257700, Value: [Vertex(1, -2, 2)]
Key: com.catan.model.RoundedPoint2D@25f400, Value: [Vertex(1, 1, 3)]
Key: com.catan.model.RoundedPoint2D@263280, Value: [Vertex(1, 1, 0), Vertex(1, 2, 2)]
Key: com.catan.model.RoundedPoint2D@1bf031, Value: [Vertex(0, -1, 5), Vertex(0, 0, 3)]
Key: com.catan.model.RoundedPoint2D@1c2eb1, Value: [Vertex(0, 0, 0), Vertex(0, 1, 4), Vertex(-1, 1, 2)]
Key: com.catan.model.RoundedPoint2D@124a22, Value: [Vertex(-2, 1, 3), Vertex(-2, 0, 1), Vertex(-1, 0, 5)]
Key: com.catan.model.RoundedPoint2D@1288a2, Value: [Vertex(-2, 1, 0), Vertex(-1, 2, 4)]
Key: com.catan.model.RoundedPoint2D@22bc91, Value: [Vertex(1, 1, 4), Vertex(0, 1, 2)]
Key: com.catan.model.RoundedPoint2D@227e11, Value: [Vertex(0, -1, 1), Vertex(1, -1, 5)]
Key: com.catan.model.RoundedPoint2D@11cd22, Value: [Vertex(-1, -2, 4)]
Key: com.catan.model.RoundedPoint2D@1916a1, Value: [Vertex(0, 2, 4), Vertex(-1, 2, 2), Vertex(-1, 1, 0)]
Key: com.catan.model.RoundedPoint2D@290c10, Value: [Vertex(1, -1, 1), Vertex(2, 0, 3)]
Key: com.catan.model.RoundedPoint2D@294a90, Value: [Vertex(1, 1, 2), Vertex(2, 0, 0)]
Key: com.catan.model.RoundedPoint2D@18d821, Value: [Vertex(0, 0, 5), Vertex(-1, 1, 3), Vertex(-1, 0, 1)]
Key: com.catan.model.RoundedPoint2D@185b21, Value: [Vertex(-1, -2, 2), Vertex(0, -2, 4)]
Key: com.catan.model.RoundedPoint2D@156251, Value: [Vertex(-2, -1, 1), Vertex(-1, 0, 3)]
Key: com.catan.model.RoundedPoint2D@15a0d1, Value: [Vertex(-2, 1, 2), Vertex(-1, 1, 4), Vertex(-1, 0, 0)]
Key: com.catan.model.RoundedPoint2D@bbc42, Value: [Vertex(-2, 0, 5)]
Key: com.catan.model.RoundedPoint2D@2c81e0, Value: [Vertex(2, 0, 1)]
Key: com.catan.model.RoundedPoint2D@ed452, Value: [Vertex(-2, 0, 3), Vertex(-2, -1, 5)]
Key: com.catan.model.RoundedPoint2D@f12d2, Value: [Vertex(-2, 1, 4), Vertex(-2, 0, 0)]
Key: com.catan.model.RoundedPoint2D@1fc3c1, Value: [Vertex(1, 2, 5), Vertex(0, 2, 1)]
Key: com.catan.model.RoundedPoint2D@1f0841, Value: [Vertex(0, -1, 3), Vertex(0, -2, 1), Vertex(1, -2, 5)]
Key: com.catan.model.RoundedPoint2D@1f46c1, Value: [Vertex(0, -1, 0), Vertex(0, 0, 2)]
Key: com.catan.model.RoundedPoint2D@25d4c0, Value: [Vertex(1, -1, 0)]
Key: com.catan.model.RoundedPoint2D@259640, Value: [Vertex(1, -2, 1), Vertex(1, -1, 3)]
Key: com.catan.model.RoundedPoint2D@2651c0, Value: [Vertex(1, 2, 1)]
Key: com.catan.model.RoundedPoint2D@1b9271, Value: [Vertex(0, -2, 3)]
Key: com.catan.model.RoundedPoint2D@1bd0f1, Value: [Vertex(0, -1, 4), Vertex(0, -2, 0)]
Key: com.catan.model.RoundedPoint2D@1c8c71, Value: [Vertex(0, 2, 0)]
Key: com.catan.model.RoundedPoint2D@1c4df1, Value: [Vertex(0, 1, 5), Vertex(0, 2, 3), Vertex(-1, 1, 1)]
Key: com.catan.model.RoundedPoint2D@122ae2, Value: [Vertex(-2, 0, 2), Vertex(-2, -1, 0), Vertex(-1, 0, 4)]
Key: com.catan.model.RoundedPoint2D@12a7e2, Value: [Vertex(-1, 2, 5)]
Key: com.catan.model.RoundedPoint2D@231a51, Value: [Vertex(1, 2, 0)]
Key: com.catan.model.RoundedPoint2D@222051, Value: [Vertex(1, -2, 3)]
Key: com.catan.model.RoundedPoint2D@22dbd1, Value: [Vertex(1, 1, 5), Vertex(0, 1, 1), Vertex(1, 2, 3)]
Key: com.catan.model.RoundedPoint2D@225ed1, Value: [Vertex(0, -1, 2), Vertex(1, -2, 0), Vertex(1, -1, 4)]
Key: com.catan.model.RoundedPoint2D@11ec62, Value: [Vertex(-1, -2, 5), Vertex(-2, -1, 3)]
Key: com.catan.model.RoundedPoint2D@28ecd0, Value: [Vertex(1, -1, 2)]
Key: com.catan.model.RoundedPoint2D@1935e1, Value: [Vertex(0, 2, 5), Vertex(-1, 2, 1)]
Key: com.catan.model.RoundedPoint2D@2969d0, Value: [Vertex(1, 1, 1)]
Key: com.catan.model.RoundedPoint2D@18b8e1, Value: [Vertex(0, 0, 4), Vertex(-1, 0, 2)]
Key: com.catan.model.RoundedPoint2D@187a61, Value: [Vertex(-1, -2, 1), Vertex(0, -2, 5)]
Key: com.catan.model.RoundedPoint2D@15fe91, Value: [Vertex(-1, 2, 0)]
Key: com.catan.model.RoundedPoint2D@15c011, Value: [Vertex(-2, 1, 1), Vertex(-1, 2, 3), Vertex(-1, 1, 5)]
Key: com.catan.model.RoundedPoint2D@150491, Value: [Vertex(-1, -2, 3)]
Key: com.catan.model.RoundedPoint2D@154311, Value: [Vertex(-1, -2, 0), Vertex(-2, -1, 2)]
Key: com.catan.model.RoundedPoint2D@b9d02, Value: [Vertex(-2, 0, 4)]
Key: com.catan.model.RoundedPoint2D@2c62a0, Value: [Vertex(2, 0, 2)]
Key: com.catan.model.RoundedPoint2D@eb512, Value: [Vertex(-2, -1, 4)]
Key: com.catan.model.RoundedPoint2D@f3212, Value: [Vertex(-2, 1, 5)]
Key: com.catan.model.RoundedPoint2D@1fa481, Value: [Vertex(0, 1, 0), Vertex(1, 2, 4), Vertex(0, 2, 2)]
Key: com.catan.model.RoundedPoint2D@1f6601, Value: [Vertex(0, 0, 1), Vertex(0, 1, 3)]
Key: com.catan.model.RoundedPoint2D@1ee901, Value: [Vertex(0, -2, 2), Vertex(1, -2, 4)]
Key: com.catan.model.RoundedPoint2D@257700, Value: [Vertex(1, -2, 2)]
Key: com.catan.model.RoundedPoint2D@25f400, Value: [Vertex(1, 1, 3)]
Key: com.catan.model.RoundedPoint2D@263280, Value: [Vertex(1, 1, 0), Vertex(1, 2, 2)]
Key: com.catan.model.RoundedPoint2D@1bf031, Value: [Vertex(0, -1, 5), Vertex(0, 0, 3)]
Key: com.catan.model.RoundedPoint2D@1c2eb1, Value: [Vertex(0, 0, 0), Vertex(0, 1, 4), Vertex(-1, 1, 2)]
Key: com.catan.model.RoundedPoint2D@124a22, Value: [Vertex(-2, 1, 3), Vertex(-2, 0, 1), Vertex(-1, 0, 5)]
Key: com.catan.model.RoundedPoint2D@1288a2, Value: [Vertex(-2, 1, 0), Vertex(-1, 2, 4)]
Key: com.catan.model.RoundedPoint2D@22bc91, Value: [Vertex(1, 1, 4), Vertex(0, 1, 2)]
Key: com.catan.model.RoundedPoint2D@227e11, Value: [Vertex(0, -1, 1), Vertex(1, -1, 5)]
Key: com.catan.model.RoundedPoint2D@11cd22, Value: [Vertex(-1, -2, 4)]
Key: com.catan.model.RoundedPoint2D@1916a1, Value: [Vertex(0, 2, 4), Vertex(-1, 2, 2), Vertex(-1, 1, 0)]
Key: com.catan.model.RoundedPoint2D@290c10, Value: [Vertex(1, -1, 1), Vertex(2, 0, 3)]
Key: com.catan.model.RoundedPoint2D@294a90, Value: [Vertex(1, 1, 2), Vertex(2, 0, 0)]
Key: com.catan.model.RoundedPoint2D@18d821, Value: [Vertex(0, 0, 5), Vertex(-1, 1, 3), Vertex(-1, 0, 1)]
Key: com.catan.model.RoundedPoint2D@185b21, Value: [Vertex(-1, -2, 2), Vertex(0, -2, 4)]
Key: com.catan.model.RoundedPoint2D@156251, Value: [Vertex(-2, -1, 1), Vertex(-1, 0, 3)]
Key: com.catan.model.RoundedPoint2D@15a0d1, Value: [Vertex(-2, 1, 2), Vertex(-1, 1, 4), Vertex(-1, 0, 0)]
Key: com.catan.model.RoundedPoint2D@bbc42, Value: [Vertex(-2, 0, 5)]
Key: com.catan.model.RoundedPoint2D@2c81e0, Value: [Vertex(2, 0, 1)]
Key: com.catan.model.RoundedPoint2D@ed452, Value: [Vertex(-2, 0, 3), Vertex(-2, -1, 5)]
Key: com.catan.model.RoundedPoint2D@f12d2, Value: [Vertex(-2, 1, 4), Vertex(-2, 0, 0)]
Key: com.catan.model.RoundedPoint2D@1fc3c1, Value: [Vertex(1, 2, 5), Vertex(0, 2, 1)]
Key: com.catan.model.RoundedPoint2D@1f0841, Value: [Vertex(0, -1, 3), Vertex(0, -2, 1), Vertex(1, -2, 5)]
Key: com.catan.model.RoundedPoint2D@1f46c1, Value: [Vertex(0, -1, 0), Vertex(0, 0, 2)]
Key: com.catan.model.RoundedPoint2D@25d4c0, Value: [Vertex(1, -1, 0), Vertex(2, 0, 4)]
Key: com.catan.model.RoundedPoint2D@259640, Value: [Vertex(1, -2, 1), Vertex(1, -1, 3)]
Key: com.catan.model.RoundedPoint2D@2651c0, Value: [Vertex(1, 2, 1)]
Key: com.catan.model.RoundedPoint2D@1b9271, Value: [Vertex(0, -2, 3)]
Key: com.catan.model.RoundedPoint2D@1bd0f1, Value: [Vertex(0, -1, 4), Vertex(0, -2, 0)]
Key: com.catan.model.RoundedPoint2D@1c8c71, Value: [Vertex(0, 2, 0)]
Key: com.catan.model.RoundedPoint2D@1c4df1, Value: [Vertex(0, 1, 5), Vertex(0, 2, 3), Vertex(-1, 1, 1)]
Key: com.catan.model.RoundedPoint2D@122ae2, Value: [Vertex(-2, 0, 2), Vertex(-2, -1, 0), Vertex(-1, 0, 4)]
Key: com.catan.model.RoundedPoint2D@12a7e2, Value: [Vertex(-1, 2, 5)]
Key: com.catan.model.RoundedPoint2D@231a51, Value: [Vertex(1, 2, 0)]
Key: com.catan.model.RoundedPoint2D@222051, Value: [Vertex(1, -2, 3)]
Key: com.catan.model.RoundedPoint2D@22dbd1, Value: [Vertex(1, 1, 5), Vertex(0, 1, 1), Vertex(1, 2, 3)]
Key: com.catan.model.RoundedPoint2D@225ed1, Value: [Vertex(0, -1, 2), Vertex(1, -2, 0), Vertex(1, -1, 4)]
Key: com.catan.model.RoundedPoint2D@11ec62, Value: [Vertex(-1, -2, 5), Vertex(-2, -1, 3)]
Key: com.catan.model.RoundedPoint2D@28ecd0, Value: [Vertex(1, -1, 2)]
Key: com.catan.model.RoundedPoint2D@1935e1, Value: [Vertex(0, 2, 5), Vertex(-1, 2, 1)]
Key: com.catan.model.RoundedPoint2D@2969d0, Value: [Vertex(1, 1, 1)]
Key: com.catan.model.RoundedPoint2D@18b8e1, Value: [Vertex(0, 0, 4), Vertex(-1, 0, 2)]
Key: com.catan.model.RoundedPoint2D@187a61, Value: [Vertex(-1, -2, 1), Vertex(0, -2, 5)]
Key: com.catan.model.RoundedPoint2D@15fe91, Value: [Vertex(-1, 2, 0)]
Key: com.catan.model.RoundedPoint2D@15c011, Value: [Vertex(-2, 1, 1), Vertex(-1, 2, 3), Vertex(-1, 1, 5)]
Key: com.catan.model.RoundedPoint2D@150491, Value: [Vertex(-1, -2, 3)]
Key: com.catan.model.RoundedPoint2D@154311, Value: [Vertex(-1, -2, 0), Vertex(-2, -1, 2)]
Key: com.catan.model.RoundedPoint2D@b9d02, Value: [Vertex(-2, 0, 4)]
Key: com.catan.model.RoundedPoint2D@2c62a0, Value: [Vertex(2, 0, 2)]
Key: com.catan.model.RoundedPoint2D@eb512, Value: [Vertex(-2, -1, 4)]
Key: com.catan.model.RoundedPoint2D@f3212, Value: [Vertex(-2, 1, 5)]
Key: com.catan.model.RoundedPoint2D@1fa481, Value: [Vertex(0, 1, 0), Vertex(1, 2, 4), Vertex(0, 2, 2)]
Key: com.catan.model.RoundedPoint2D@1f6601, Value: [Vertex(0, 0, 1), Vertex(0, 1, 3)]
Key: com.catan.model.RoundedPoint2D@1ee901, Value: [Vertex(0, -2, 2), Vertex(1, -2, 4)]
Key: com.catan.model.RoundedPoint2D@257700, Value: [Vertex(1, -2, 2)]
Key: com.catan.model.RoundedPoint2D@25f400, Value: [Vertex(1, 1, 3), Vertex(2, 0, 5)]
Key: com.catan.model.RoundedPoint2D@263280, Value: [Vertex(1, 1, 0), Vertex(1, 2, 2)]
Key: com.catan.model.RoundedPoint2D@1bf031, Value: [Vertex(0, -1, 5), Vertex(0, 0, 3)]
Key: com.catan.model.RoundedPoint2D@1c2eb1, Value: [Vertex(0, 0, 0), Vertex(0, 1, 4), Vertex(-1, 1, 2)]
Key: com.catan.model.RoundedPoint2D@124a22, Value: [Vertex(-2, 1, 3), Vertex(-2, 0, 1), Vertex(-1, 0, 5)]
Key: com.catan.model.RoundedPoint2D@1288a2, Value: [Vertex(-2, 1, 0), Vertex(-1, 2, 4)]
Key: com.catan.model.RoundedPoint2D@22bc91, Value: [Vertex(1, 1, 4), Vertex(0, 1, 2)]
Key: com.catan.model.RoundedPoint2D@227e11, Value: [Vertex(0, -1, 1), Vertex(1, -1, 5)]
Key: com.catan.model.RoundedPoint2D@11cd22, Value: [Vertex(-1, -2, 4)]
Key: com.catan.model.RoundedPoint2D@1916a1, Value: [Vertex(0, 2, 4), Vertex(-1, 2, 2), Vertex(-1, 1, 0)]
Key: com.catan.model.RoundedPoint2D@290c10, Value: [Vertex(1, -1, 1), Vertex(2, 0, 3)]
Key: com.catan.model.RoundedPoint2D@294a90, Value: [Vertex(1, 1, 2), Vertex(2, 0, 0)]
Key: com.catan.model.RoundedPoint2D@18d821, Value: [Vertex(0, 0, 5), Vertex(-1, 1, 3), Vertex(-1, 0, 1)]
Key: com.catan.model.RoundedPoint2D@185b21, Value: [Vertex(-1, -2, 2), Vertex(0, -2, 4)]
Key: com.catan.model.RoundedPoint2D@156251, Value: [Vertex(-2, -1, 1), Vertex(-1, 0, 3)]
Key: com.catan.model.RoundedPoint2D@15a0d1, Value: [Vertex(-2, 1, 2), Vertex(-1, 1, 4), Vertex(-1, 0, 0)]
Key: com.catan.model.RoundedPoint2D@bbc42, Value: [Vertex(-2, 0, 5)]
Key: com.catan.model.RoundedPoint2D@2c81e0, Value: [Vertex(2, 0, 1)]
Key: com.catan.model.RoundedPoint2D@ed452, Value: [Vertex(-2, 0, 3), Vertex(-2, -1, 5)]
Key: com.catan.model.RoundedPoint2D@f12d2, Value: [Vertex(-2, 1, 4), Vertex(-2, 0, 0)]
Key: com.catan.model.RoundedPoint2D@1fc3c1, Value: [Vertex(1, 2, 5), Vertex(0, 2, 1)]
Key: com.catan.model.RoundedPoint2D@1f0841, Value: [Vertex(0, -1, 3), Vertex(0, -2, 1), Vertex(1, -2, 5)]
Key: com.catan.model.RoundedPoint2D@1f46c1, Value: [Vertex(0, -1, 0), Vertex(0, 0, 2)]
Key: com.catan.model.RoundedPoint2D@25d4c0, Value: [Vertex(1, -1, 0), Vertex(2, 0, 4)]
Key: com.catan.model.RoundedPoint2D@259640, Value: [Vertex(1, -2, 1), Vertex(1, -1, 3)]
Key: com.catan.model.RoundedPoint2D@2651c0, Value: [Vertex(1, 2, 1)]
Key: com.catan.model.RoundedPoint2D@1b9271, Value: [Vertex(0, -2, 3)]
Key: com.catan.model.RoundedPoint2D@1bd0f1, Value: [Vertex(0, -1, 4), Vertex(0, -2, 0)]
Key: com.catan.model.RoundedPoint2D@1c8c71, Value: [Vertex(0, 2, 0)]
Key: com.catan.model.RoundedPoint2D@1c4df1, Value: [Vertex(0, 1, 5), Vertex(0, 2, 3), Vertex(-1, 1, 1)]
Key: com.catan.model.RoundedPoint2D@122ae2, Value: [Vertex(-2, 0, 2), Vertex(-2, -1, 0), Vertex(-1, 0, 4)]
Key: com.catan.model.RoundedPoint2D@12a7e2, Value: [Vertex(-1, 2, 5)]
Key: com.catan.model.RoundedPoint2D@231a51, Value: [Vertex(1, 2, 0)]
Key: com.catan.model.RoundedPoint2D@222051, Value: [Vertex(1, -2, 3)]
Key: com.catan.model.RoundedPoint2D@22dbd1, Value: [Vertex(1, 1, 5), Vertex(0, 1, 1), Vertex(1, 2, 3)]
Key: com.catan.model.RoundedPoint2D@225ed1, Value: [Vertex(0, -1, 2), Vertex(1, -2, 0), Vertex(1, -1, 4)]
Key: com.catan.model.RoundedPoint2D@11ec62, Value: [Vertex(-1, -2, 5), Vertex(-2, -1, 3)]
Key: com.catan.model.RoundedPoint2D@28ecd0, Value: [Vertex(1, -1, 2)]
Key: com.catan.model.RoundedPoint2D@1935e1, Value: [Vertex(0, 2, 5), Vertex(-1, 2, 1)]
Key: com.catan.model.RoundedPoint2D@2969d0, Value: [Vertex(1, 1, 1)]
Key: com.catan.model.RoundedPoint2D@18b8e1, Value: [Vertex(0, 0, 4), Vertex(-1, 0, 2)]
Key: com.catan.model.RoundedPoint2D@187a61, Value: [Vertex(-1, -2, 1), Vertex(0, -2, 5)]
Key: com.catan.model.RoundedPoint2D@15fe91, Value: [Vertex(-1, 2, 0)]
Key: com.catan.model.RoundedPoint2D@15c011, Value: [Vertex(-2, 1, 1), Vertex(-1, 2, 3), Vertex(-1, 1, 5)]
Key: com.catan.model.RoundedPoint2D@150491, Value: [Vertex(-1, -2, 3)]
Key: com.catan.model.RoundedPoint2D@154311, Value: [Vertex(-1, -2, 0), Vertex(-2, -1, 2)]
Key: com.catan.model.RoundedPoint2D@b9d02, Value: [Vertex(-2, 0, 4)]
Key: com.catan.model.RoundedPoint2D@2c62a0, Value: [Vertex(2, 0, 2)]
Key: com.catan.model.RoundedPoint2D@eb512, Value: [Vertex(-2, -1, 4)]
Key: com.catan.model.RoundedPoint2D@f3212, Value: [Vertex(-2, 1, 5)]
Key: com.catan.model.RoundedPoint2D@1fa481, Value: [Vertex(0, 1, 0), Vertex(1, 2, 4), Vertex(0, 2, 2)]
Key: com.catan.model.RoundedPoint2D@1f6601, Value: [Vertex(0, 0, 1), Vertex(0, 1, 3)]
Key: com.catan.model.RoundedPoint2D@1ee901, Value: [Vertex(0, -2, 2), Vertex(1, -2, 4)]
Key: com.catan.model.RoundedPoint2D@257700, Value: [Vertex(1, -2, 2)]
Key: com.catan.model.RoundedPoint2D@25f400, Value: [Vertex(1, 1, 3), Vertex(2, 0, 5)]
Key: com.catan.model.RoundedPoint2D@263280, Value: [Vertex(1, 1, 0), Vertex(1, 2, 2)]
Key: com.catan.model.RoundedPoint2D@1bf031, Value: [Vertex(0, -1, 5), Vertex(0, 0, 3)]
Key: com.catan.model.RoundedPoint2D@1c2eb1, Value: [Vertex(0, 0, 0), Vertex(0, 1, 4), Vertex(-1, 1, 2)]
Key: com.catan.model.RoundedPoint2D@124a22, Value: [Vertex(-2, 1, 3), Vertex(-2, 0, 1), Vertex(-1, 0, 5)]
Key: com.catan.model.RoundedPoint2D@1288a2, Value: [Vertex(-2, 1, 0), Vertex(-1, 2, 4)]
Key: com.catan.model.RoundedPoint2D@22bc91, Value: [Vertex(1, 1, 4), Vertex(0, 1, 2)]
Key: com.catan.model.RoundedPoint2D@227e11, Value: [Vertex(0, -1, 1), Vertex(1, -1, 5)]
Key: com.catan.model.RoundedPoint2D@11cd22, Value: [Vertex(-1, -2, 4)]
Key: com.catan.model.RoundedPoint2D@1916a1, Value: [Vertex(0, 2, 4), Vertex(-1, 2, 2), Vertex(-1, 1, 0)]
Key: com.catan.model.RoundedPoint2D@290c10, Value: [Vertex(1, -1, 1), Vertex(2, 0, 3)]
Key: com.catan.model.RoundedPoint2D@294a90, Value: [Vertex(1, 1, 2), Vertex(2, 0, 0)]
Key: com.catan.model.RoundedPoint2D@18d821, Value: [Vertex(0, 0, 5), Vertex(-1, 1, 3), Vertex(-1, 0, 1)]
Key: com.catan.model.RoundedPoint2D@185b21, Value: [Vertex(-1, -2, 2), Vertex(0, -2, 4)]
Key: com.catan.model.RoundedPoint2D@156251, Value: [Vertex(-2, -1, 1), Vertex(-1, 0, 3)]
Key: com.catan.model.RoundedPoint2D@15a0d1, Value: [Vertex(-2, 1, 2), Vertex(-1, 1, 4), Vertex(-1, 0, 0)]
Key: com.catan.model.RoundedPoint2D@bbc42, Value: [Vertex(-2, 0, 5)]
Key: com.catan.model.RoundedPoint2D@2c81e0, Value: [Vertex(2, 0, 1)]
Key: com.catan.model.RoundedPoint2D@ed452, Value: [Vertex(-2, 0, 3), Vertex(-2, -1, 5)]
Key: com.catan.model.RoundedPoint2D@f12d2, Value: [Vertex(-2, 1, 4), Vertex(-2, 0, 0)]
Key: com.catan.model.RoundedPoint2D@1fc3c1, Value: [Vertex(1, 2, 5), Vertex(0, 2, 1)]
Key: com.catan.model.RoundedPoint2D@1f0841, Value: [Vertex(0, -1, 3), Vertex(0, -2, 1), Vertex(1, -2, 5)]
Key: com.catan.model.RoundedPoint2D@1f46c1, Value: [Vertex(0, -1, 0), Vertex(0, 0, 2)]
Key: com.catan.model.RoundedPoint2D@25d4c0, Value: [Vertex(1, -1, 0), Vertex(2, 0, 4)]
Key: com.catan.model.RoundedPoint2D@259640, Value: [Vertex(1, -2, 1), Vertex(1, -1, 3)]
Key: com.catan.model.RoundedPoint2D@2651c0, Value: [Vertex(1, 2, 1)]
Key: com.catan.model.RoundedPoint2D@1b9271, Value: [Vertex(0, -2, 3)]
Key: com.catan.model.RoundedPoint2D@1bd0f1, Value: [Vertex(0, -1, 4), Vertex(0, -2, 0)]
Key: com.catan.model.RoundedPoint2D@1c8c71, Value: [Vertex(0, 2, 0)]
Key: com.catan.model.RoundedPoint2D@1c4df1, Value: [Vertex(0, 1, 5), Vertex(0, 2, 3), Vertex(-1, 1, 1)]
Key: com.catan.model.RoundedPoint2D@122ae2, Value: [Vertex(-2, 0, 2), Vertex(-2, -1, 0), Vertex(-1, 0, 4)]
Key: com.catan.model.RoundedPoint2D@12a7e2, Value: [Vertex(-1, 2, 5)]
Key: com.catan.model.RoundedPoint2D@231a51, Value: [Vertex(1, 2, 0)]
Key: com.catan.model.RoundedPoint2D@222051, Value: [Vertex(1, -2, 3)]
Key: com.catan.model.RoundedPoint2D@22dbd1, Value: [Vertex(1, 1, 5), Vertex(0, 1, 1), Vertex(1, 2, 3)]
Key: com.catan.model.RoundedPoint2D@225ed1, Value: [Vertex(0, -1, 2), Vertex(1, -2, 0), Vertex(1, -1, 4)]
Key: com.catan.model.RoundedPoint2D@11ec62, Value: [Vertex(-1, -2, 5), Vertex(-2, -1, 3)]
Key: com.catan.model.RoundedPoint2D@28ecd0, Value: [Vertex(1, -1, 2)]
Key: com.catan.model.RoundedPoint2D@1935e1, Value: [Vertex(0, 2, 5), Vertex(-1, 2, 1)]
Key: com.catan.model.RoundedPoint2D@2969d0, Value: [Vertex(1, 1, 1)]
Key: com.catan.model.RoundedPoint2D@18b8e1, Value: [Vertex(0, 0, 4), Vertex(-1, 0, 2), Vertex(-1, -1, 0)]
Key: com.catan.model.RoundedPoint2D@187a61, Value: [Vertex(-1, -2, 1), Vertex(0, -2, 5)]
Key: com.catan.model.RoundedPoint2D@15fe91, Value: [Vertex(-1, 2, 0)]
Key: com.catan.model.RoundedPoint2D@15c011, Value: [Vertex(-2, 1, 1), Vertex(-1, 2, 3), Vertex(-1, 1, 5)]
Key: com.catan.model.RoundedPoint2D@150491, Value: [Vertex(-1, -2, 3)]
Key: com.catan.model.RoundedPoint2D@154311, Value: [Vertex(-1, -2, 0), Vertex(-2, -1, 2)]
Key: com.catan.model.RoundedPoint2D@b9d02, Value: [Vertex(-2, 0, 4)]
Key: com.catan.model.RoundedPoint2D@2c62a0, Value: [Vertex(2, 0, 2)]
Key: com.catan.model.RoundedPoint2D@eb512, Value: [Vertex(-2, -1, 4)]
Key: com.catan.model.RoundedPoint2D@f3212, Value: [Vertex(-2, 1, 5)]
Key: com.catan.model.RoundedPoint2D@1fa481, Value: [Vertex(0, 1, 0), Vertex(1, 2, 4), Vertex(0, 2, 2)]
Key: com.catan.model.RoundedPoint2D@1f6601, Value: [Vertex(0, 0, 1), Vertex(0, 1, 3)]
Key: com.catan.model.RoundedPoint2D@1ee901, Value: [Vertex(0, -2, 2), Vertex(1, -2, 4)]
Key: com.catan.model.RoundedPoint2D@257700, Value: [Vertex(1, -2, 2)]
Key: com.catan.model.RoundedPoint2D@25f400, Value: [Vertex(1, 1, 3), Vertex(2, 0, 5)]
Key: com.catan.model.RoundedPoint2D@263280, Value: [Vertex(1, 1, 0), Vertex(1, 2, 2)]
Key: com.catan.model.RoundedPoint2D@1bf031, Value: [Vertex(0, -1, 5), Vertex(0, 0, 3), Vertex(-1, -1, 1)]
Key: com.catan.model.RoundedPoint2D@1c2eb1, Value: [Vertex(0, 0, 0), Vertex(0, 1, 4), Vertex(-1, 1, 2)]
Key: com.catan.model.RoundedPoint2D@124a22, Value: [Vertex(-2, 1, 3), Vertex(-2, 0, 1), Vertex(-1, 0, 5)]
Key: com.catan.model.RoundedPoint2D@1288a2, Value: [Vertex(-2, 1, 0), Vertex(-1, 2, 4)]
Key: com.catan.model.RoundedPoint2D@22bc91, Value: [Vertex(1, 1, 4), Vertex(0, 1, 2)]
Key: com.catan.model.RoundedPoint2D@227e11, Value: [Vertex(0, -1, 1), Vertex(1, -1, 5)]
Key: com.catan.model.RoundedPoint2D@11cd22, Value: [Vertex(-1, -2, 4)]
Key: com.catan.model.RoundedPoint2D@1916a1, Value: [Vertex(0, 2, 4), Vertex(-1, 2, 2), Vertex(-1, 1, 0)]
Key: com.catan.model.RoundedPoint2D@290c10, Value: [Vertex(1, -1, 1), Vertex(2, 0, 3)]
Key: com.catan.model.RoundedPoint2D@294a90, Value: [Vertex(1, 1, 2), Vertex(2, 0, 0)]
Key: com.catan.model.RoundedPoint2D@18d821, Value: [Vertex(0, 0, 5), Vertex(-1, 1, 3), Vertex(-1, 0, 1)]
Key: com.catan.model.RoundedPoint2D@185b21, Value: [Vertex(-1, -2, 2), Vertex(0, -2, 4)]
Key: com.catan.model.RoundedPoint2D@156251, Value: [Vertex(-2, -1, 1), Vertex(-1, 0, 3)]
Key: com.catan.model.RoundedPoint2D@15a0d1, Value: [Vertex(-2, 1, 2), Vertex(-1, 1, 4), Vertex(-1, 0, 0)]
Key: com.catan.model.RoundedPoint2D@bbc42, Value: [Vertex(-2, 0, 5)]
Key: com.catan.model.RoundedPoint2D@2c81e0, Value: [Vertex(2, 0, 1)]
Key: com.catan.model.RoundedPoint2D@ed452, Value: [Vertex(-2, 0, 3), Vertex(-2, -1, 5)]
Key: com.catan.model.RoundedPoint2D@f12d2, Value: [Vertex(-2, 1, 4), Vertex(-2, 0, 0)]
Key: com.catan.model.RoundedPoint2D@1fc3c1, Value: [Vertex(1, 2, 5), Vertex(0, 2, 1)]
Key: com.catan.model.RoundedPoint2D@1f0841, Value: [Vertex(0, -1, 3), Vertex(0, -2, 1), Vertex(1, -2, 5)]
Key: com.catan.model.RoundedPoint2D@1f46c1, Value: [Vertex(0, -1, 0), Vertex(0, 0, 2)]
Key: com.catan.model.RoundedPoint2D@25d4c0, Value: [Vertex(1, -1, 0), Vertex(2, 0, 4)]
Key: com.catan.model.RoundedPoint2D@259640, Value: [Vertex(1, -2, 1), Vertex(1, -1, 3)]
Key: com.catan.model.RoundedPoint2D@2651c0, Value: [Vertex(1, 2, 1)]
Key: com.catan.model.RoundedPoint2D@1b9271, Value: [Vertex(0, -2, 3)]
Key: com.catan.model.RoundedPoint2D@1bd0f1, Value: [Vertex(0, -1, 4), Vertex(0, -2, 0)]
Key: com.catan.model.RoundedPoint2D@1c8c71, Value: [Vertex(0, 2, 0)]
Key: com.catan.model.RoundedPoint2D@1c4df1, Value: [Vertex(0, 1, 5), Vertex(0, 2, 3), Vertex(-1, 1, 1)]
Key: com.catan.model.RoundedPoint2D@122ae2, Value: [Vertex(-2, 0, 2), Vertex(-2, -1, 0), Vertex(-1, 0, 4)]
Key: com.catan.model.RoundedPoint2D@12a7e2, Value: [Vertex(-1, 2, 5)]
Key: com.catan.model.RoundedPoint2D@231a51, Value: [Vertex(1, 2, 0)]
Key: com.catan.model.RoundedPoint2D@222051, Value: [Vertex(1, -2, 3)]
Key: com.catan.model.RoundedPoint2D@22dbd1, Value: [Vertex(1, 1, 5), Vertex(0, 1, 1), Vertex(1, 2, 3)]
Key: com.catan.model.RoundedPoint2D@225ed1, Value: [Vertex(0, -1, 2), Vertex(1, -2, 0), Vertex(1, -1, 4)]
Key: com.catan.model.RoundedPoint2D@11ec62, Value: [Vertex(-1, -2, 5), Vertex(-2, -1, 3)]
Key: com.catan.model.RoundedPoint2D@28ecd0, Value: [Vertex(1, -1, 2)]
Key: com.catan.model.RoundedPoint2D@1935e1, Value: [Vertex(0, 2, 5), Vertex(-1, 2, 1)]
Key: com.catan.model.RoundedPoint2D@2969d0, Value: [Vertex(1, 1, 1)]
Key: com.catan.model.RoundedPoint2D@18b8e1, Value: [Vertex(0, 0, 4), Vertex(-1, 0, 2), Vertex(-1, -1, 0)]
Key: com.catan.model.RoundedPoint2D@187a61, Value: [Vertex(-1, -2, 1), Vertex(0, -2, 5)]
Key: com.catan.model.RoundedPoint2D@15fe91, Value: [Vertex(-1, 2, 0)]
Key: com.catan.model.RoundedPoint2D@15c011, Value: [Vertex(-2, 1, 1), Vertex(-1, 2, 3), Vertex(-1, 1, 5)]
Key: com.catan.model.RoundedPoint2D@150491, Value: [Vertex(-1, -2, 3)]
Key: com.catan.model.RoundedPoint2D@154311, Value: [Vertex(-1, -2, 0), Vertex(-2, -1, 2)]
Key: com.catan.model.RoundedPoint2D@b9d02, Value: [Vertex(-2, 0, 4)]
Key: com.catan.model.RoundedPoint2D@2c62a0, Value: [Vertex(2, 0, 2)]
Key: com.catan.model.RoundedPoint2D@eb512, Value: [Vertex(-2, -1, 4)]
Key: com.catan.model.RoundedPoint2D@f3212, Value: [Vertex(-2, 1, 5)]
Key: com.catan.model.RoundedPoint2D@1fa481, Value: [Vertex(0, 1, 0), Vertex(1, 2, 4), Vertex(0, 2, 2)]
Key: com.catan.model.RoundedPoint2D@1f6601, Value: [Vertex(0, 0, 1), Vertex(0, 1, 3)]
Key: com.catan.model.RoundedPoint2D@1ee901, Value: [Vertex(0, -2, 2), Vertex(1, -2, 4)]
Key: com.catan.model.RoundedPoint2D@257700, Value: [Vertex(1, -2, 2)]
Key: com.catan.model.RoundedPoint2D@25f400, Value: [Vertex(1, 1, 3), Vertex(2, 0, 5)]
Key: com.catan.model.RoundedPoint2D@263280, Value: [Vertex(1, 1, 0), Vertex(1, 2, 2)]
Key: com.catan.model.RoundedPoint2D@1bf031, Value: [Vertex(0, -1, 5), Vertex(0, 0, 3), Vertex(-1, -1, 1)]
Key: com.catan.model.RoundedPoint2D@1c2eb1, Value: [Vertex(0, 0, 0), Vertex(0, 1, 4), Vertex(-1, 1, 2)]
Key: com.catan.model.RoundedPoint2D@124a22, Value: [Vertex(-2, 1, 3), Vertex(-2, 0, 1), Vertex(-1, 0, 5)]
Key: com.catan.model.RoundedPoint2D@1288a2, Value: [Vertex(-2, 1, 0), Vertex(-1, 2, 4)]
Key: com.catan.model.RoundedPoint2D@22bc91, Value: [Vertex(1, 1, 4), Vertex(0, 1, 2)]
Key: com.catan.model.RoundedPoint2D@227e11, Value: [Vertex(0, -1, 1), Vertex(1, -1, 5)]
Key: com.catan.model.RoundedPoint2D@11cd22, Value: [Vertex(-1, -2, 4)]
Key: com.catan.model.RoundedPoint2D@1916a1, Value: [Vertex(0, 2, 4), Vertex(-1, 2, 2), Vertex(-1, 1, 0)]
Key: com.catan.model.RoundedPoint2D@290c10, Value: [Vertex(1, -1, 1), Vertex(2, 0, 3)]
Key: com.catan.model.RoundedPoint2D@294a90, Value: [Vertex(1, 1, 2), Vertex(2, 0, 0)]
Key: com.catan.model.RoundedPoint2D@18d821, Value: [Vertex(0, 0, 5), Vertex(-1, 1, 3), Vertex(-1, 0, 1)]
Key: com.catan.model.RoundedPoint2D@185b21, Value: [Vertex(-1, -2, 2), Vertex(0, -2, 4)]
Key: com.catan.model.RoundedPoint2D@156251, Value: [Vertex(-2, -1, 1), Vertex(-1, 0, 3)]
Key: com.catan.model.RoundedPoint2D@15a0d1, Value: [Vertex(-2, 1, 2), Vertex(-1, 1, 4), Vertex(-1, 0, 0)]
Key: com.catan.model.RoundedPoint2D@bbc42, Value: [Vertex(-2, 0, 5)]
Key: com.catan.model.RoundedPoint2D@2c81e0, Value: [Vertex(2, 0, 1)]
Key: com.catan.model.RoundedPoint2D@ed452, Value: [Vertex(-2, 0, 3), Vertex(-2, -1, 5)]
Key: com.catan.model.RoundedPoint2D@f12d2, Value: [Vertex(-2, 1, 4), Vertex(-2, 0, 0)]
Key: com.catan.model.RoundedPoint2D@1fc3c1, Value: [Vertex(1, 2, 5), Vertex(0, 2, 1)]
Key: com.catan.model.RoundedPoint2D@1f0841, Value: [Vertex(0, -1, 3), Vertex(0, -2, 1), Vertex(1, -2, 5)]
Key: com.catan.model.RoundedPoint2D@1f46c1, Value: [Vertex(0, -1, 0), Vertex(0, 0, 2)]
Key: com.catan.model.RoundedPoint2D@25d4c0, Value: [Vertex(1, -1, 0), Vertex(2, 0, 4)]
Key: com.catan.model.RoundedPoint2D@259640, Value: [Vertex(1, -2, 1), Vertex(1, -1, 3)]
Key: com.catan.model.RoundedPoint2D@2651c0, Value: [Vertex(1, 2, 1)]
Key: com.catan.model.RoundedPoint2D@1b9271, Value: [Vertex(0, -2, 3)]
Key: com.catan.model.RoundedPoint2D@1bd0f1, Value: [Vertex(0, -1, 4), Vertex(0, -2, 0), Vertex(-1, -1, 2)]
Key: com.catan.model.RoundedPoint2D@1c8c71, Value: [Vertex(0, 2, 0)]
Key: com.catan.model.RoundedPoint2D@1c4df1, Value: [Vertex(0, 1, 5), Vertex(0, 2, 3), Vertex(-1, 1, 1)]
Key: com.catan.model.RoundedPoint2D@122ae2, Value: [Vertex(-2, 0, 2), Vertex(-2, -1, 0), Vertex(-1, 0, 4)]
Key: com.catan.model.RoundedPoint2D@12a7e2, Value: [Vertex(-1, 2, 5)]
Key: com.catan.model.RoundedPoint2D@231a51, Value: [Vertex(1, 2, 0)]
Key: com.catan.model.RoundedPoint2D@222051, Value: [Vertex(1, -2, 3)]
Key: com.catan.model.RoundedPoint2D@22dbd1, Value: [Vertex(1, 1, 5), Vertex(0, 1, 1), Vertex(1, 2, 3)]
Key: com.catan.model.RoundedPoint2D@225ed1, Value: [Vertex(0, -1, 2), Vertex(1, -2, 0), Vertex(1, -1, 4)]
Key: com.catan.model.RoundedPoint2D@11ec62, Value: [Vertex(-1, -2, 5), Vertex(-2, -1, 3)]
Key: com.catan.model.RoundedPoint2D@28ecd0, Value: [Vertex(1, -1, 2)]
Key: com.catan.model.RoundedPoint2D@1935e1, Value: [Vertex(0, 2, 5), Vertex(-1, 2, 1)]
Key: com.catan.model.RoundedPoint2D@2969d0, Value: [Vertex(1, 1, 1)]
Key: com.catan.model.RoundedPoint2D@18b8e1, Value: [Vertex(0, 0, 4), Vertex(-1, 0, 2), Vertex(-1, -1, 0)]
Key: com.catan.model.RoundedPoint2D@187a61, Value: [Vertex(-1, -2, 1), Vertex(0, -2, 5)]
Key: com.catan.model.RoundedPoint2D@15fe91, Value: [Vertex(-1, 2, 0)]
Key: com.catan.model.RoundedPoint2D@15c011, Value: [Vertex(-2, 1, 1), Vertex(-1, 2, 3), Vertex(-1, 1, 5)]
Key: com.catan.model.RoundedPoint2D@150491, Value: [Vertex(-1, -2, 3)]
Key: com.catan.model.RoundedPoint2D@154311, Value: [Vertex(-1, -2, 0), Vertex(-2, -1, 2)]
Key: com.catan.model.RoundedPoint2D@b9d02, Value: [Vertex(-2, 0, 4)]
Key: com.catan.model.RoundedPoint2D@2c62a0, Value: [Vertex(2, 0, 2)]
Key: com.catan.model.RoundedPoint2D@eb512, Value: [Vertex(-2, -1, 4)]
Key: com.catan.model.RoundedPoint2D@f3212, Value: [Vertex(-2, 1, 5)]
Key: com.catan.model.RoundedPoint2D@1fa481, Value: [Vertex(0, 1, 0), Vertex(1, 2, 4), Vertex(0, 2, 2)]
Key: com.catan.model.RoundedPoint2D@1f6601, Value: [Vertex(0, 0, 1), Vertex(0, 1, 3)]
Key: com.catan.model.RoundedPoint2D@1ee901, Value: [Vertex(0, -2, 2), Vertex(1, -2, 4)]
Key: com.catan.model.RoundedPoint2D@257700, Value: [Vertex(1, -2, 2)]
Key: com.catan.model.RoundedPoint2D@25f400, Value: [Vertex(1, 1, 3), Vertex(2, 0, 5)]
Key: com.catan.model.RoundedPoint2D@263280, Value: [Vertex(1, 1, 0), Vertex(1, 2, 2)]
Key: com.catan.model.RoundedPoint2D@1bf031, Value: [Vertex(0, -1, 5), Vertex(0, 0, 3), Vertex(-1, -1, 1)]
Key: com.catan.model.RoundedPoint2D@1c2eb1, Value: [Vertex(0, 0, 0), Vertex(0, 1, 4), Vertex(-1, 1, 2)]
Key: com.catan.model.RoundedPoint2D@124a22, Value: [Vertex(-2, 1, 3), Vertex(-2, 0, 1), Vertex(-1, 0, 5)]
Key: com.catan.model.RoundedPoint2D@1288a2, Value: [Vertex(-2, 1, 0), Vertex(-1, 2, 4)]
Key: com.catan.model.RoundedPoint2D@22bc91, Value: [Vertex(1, 1, 4), Vertex(0, 1, 2)]
Key: com.catan.model.RoundedPoint2D@227e11, Value: [Vertex(0, -1, 1), Vertex(1, -1, 5)]
Key: com.catan.model.RoundedPoint2D@11cd22, Value: [Vertex(-1, -2, 4)]
Key: com.catan.model.RoundedPoint2D@1916a1, Value: [Vertex(0, 2, 4), Vertex(-1, 2, 2), Vertex(-1, 1, 0)]
Key: com.catan.model.RoundedPoint2D@290c10, Value: [Vertex(1, -1, 1), Vertex(2, 0, 3)]
Key: com.catan.model.RoundedPoint2D@294a90, Value: [Vertex(1, 1, 2), Vertex(2, 0, 0)]
Key: com.catan.model.RoundedPoint2D@18d821, Value: [Vertex(0, 0, 5), Vertex(-1, 1, 3), Vertex(-1, 0, 1)]
Key: com.catan.model.RoundedPoint2D@185b21, Value: [Vertex(-1, -2, 2), Vertex(0, -2, 4)]
Key: com.catan.model.RoundedPoint2D@156251, Value: [Vertex(-2, -1, 1), Vertex(-1, 0, 3)]
Key: com.catan.model.RoundedPoint2D@15a0d1, Value: [Vertex(-2, 1, 2), Vertex(-1, 1, 4), Vertex(-1, 0, 0)]
Key: com.catan.model.RoundedPoint2D@bbc42, Value: [Vertex(-2, 0, 5)]
Key: com.catan.model.RoundedPoint2D@2c81e0, Value: [Vertex(2, 0, 1)]
Key: com.catan.model.RoundedPoint2D@ed452, Value: [Vertex(-2, 0, 3), Vertex(-2, -1, 5)]
Key: com.catan.model.RoundedPoint2D@f12d2, Value: [Vertex(-2, 1, 4), Vertex(-2, 0, 0)]
Key: com.catan.model.RoundedPoint2D@1fc3c1, Value: [Vertex(1, 2, 5), Vertex(0, 2, 1)]
Key: com.catan.model.RoundedPoint2D@1f0841, Value: [Vertex(0, -1, 3), Vertex(0, -2, 1), Vertex(1, -2, 5)]
Key: com.catan.model.RoundedPoint2D@1f46c1, Value: [Vertex(0, -1, 0), Vertex(0, 0, 2)]
Key: com.catan.model.RoundedPoint2D@25d4c0, Value: [Vertex(1, -1, 0), Vertex(2, 0, 4)]
Key: com.catan.model.RoundedPoint2D@259640, Value: [Vertex(1, -2, 1), Vertex(1, -1, 3)]
Key: com.catan.model.RoundedPoint2D@2651c0, Value: [Vertex(1, 2, 1)]
Key: com.catan.model.RoundedPoint2D@1b9271, Value: [Vertex(0, -2, 3)]
Key: com.catan.model.RoundedPoint2D@1bd0f1, Value: [Vertex(0, -1, 4), Vertex(0, -2, 0), Vertex(-1, -1, 2)]
Key: com.catan.model.RoundedPoint2D@1c8c71, Value: [Vertex(0, 2, 0)]
Key: com.catan.model.RoundedPoint2D@1c4df1, Value: [Vertex(0, 1, 5), Vertex(0, 2, 3), Vertex(-1, 1, 1)]
Key: com.catan.model.RoundedPoint2D@122ae2, Value: [Vertex(-2, 0, 2), Vertex(-2, -1, 0), Vertex(-1, 0, 4)]
Key: com.catan.model.RoundedPoint2D@12a7e2, Value: [Vertex(-1, 2, 5)]
Key: com.catan.model.RoundedPoint2D@231a51, Value: [Vertex(1, 2, 0)]
Key: com.catan.model.RoundedPoint2D@222051, Value: [Vertex(1, -2, 3)]
Key: com.catan.model.RoundedPoint2D@22dbd1, Value: [Vertex(1, 1, 5), Vertex(0, 1, 1), Vertex(1, 2, 3)]
Key: com.catan.model.RoundedPoint2D@225ed1, Value: [Vertex(0, -1, 2), Vertex(1, -2, 0), Vertex(1, -1, 4)]
Key: com.catan.model.RoundedPoint2D@11ec62, Value: [Vertex(-1, -2, 5), Vertex(-2, -1, 3)]
Key: com.catan.model.RoundedPoint2D@28ecd0, Value: [Vertex(1, -1, 2)]
Key: com.catan.model.RoundedPoint2D@1935e1, Value: [Vertex(0, 2, 5), Vertex(-1, 2, 1)]
Key: com.catan.model.RoundedPoint2D@2969d0, Value: [Vertex(1, 1, 1)]
Key: com.catan.model.RoundedPoint2D@18b8e1, Value: [Vertex(0, 0, 4), Vertex(-1, 0, 2), Vertex(-1, -1, 0)]
Key: com.catan.model.RoundedPoint2D@187a61, Value: [Vertex(-1, -2, 1), Vertex(0, -2, 5), Vertex(-1, -1, 3)]
Key: com.catan.model.RoundedPoint2D@15fe91, Value: [Vertex(-1, 2, 0)]
Key: com.catan.model.RoundedPoint2D@15c011, Value: [Vertex(-2, 1, 1), Vertex(-1, 2, 3), Vertex(-1, 1, 5)]
Key: com.catan.model.RoundedPoint2D@150491, Value: [Vertex(-1, -2, 3)]
Key: com.catan.model.RoundedPoint2D@154311, Value: [Vertex(-1, -2, 0), Vertex(-2, -1, 2), Vertex(-1, -1, 4)]
Key: com.catan.model.RoundedPoint2D@b9d02, Value: [Vertex(-2, 0, 4)]
Key: com.catan.model.RoundedPoint2D@2c62a0, Value: [Vertex(2, 0, 2)]
Key: com.catan.model.RoundedPoint2D@eb512, Value: [Vertex(-2, -1, 4)]
Key: com.catan.model.RoundedPoint2D@f3212, Value: [Vertex(-2, 1, 5)]
Key: com.catan.model.RoundedPoint2D@1fa481, Value: [Vertex(0, 1, 0), Vertex(1, 2, 4), Vertex(0, 2, 2)]
Key: com.catan.model.RoundedPoint2D@1f6601, Value: [Vertex(0, 0, 1), Vertex(0, 1, 3)]
Key: com.catan.model.RoundedPoint2D@1ee901, Value: [Vertex(0, -2, 2), Vertex(1, -2, 4)]
Key: com.catan.model.RoundedPoint2D@257700, Value: [Vertex(1, -2, 2)]
Key: com.catan.model.RoundedPoint2D@25f400, Value: [Vertex(1, 1, 3), Vertex(2, 0, 5)]
Key: com.catan.model.RoundedPoint2D@263280, Value: [Vertex(1, 1, 0), Vertex(1, 2, 2)]
Key: com.catan.model.RoundedPoint2D@1bf031, Value: [Vertex(0, -1, 5), Vertex(0, 0, 3), Vertex(-1, -1, 1)]
Key: com.catan.model.RoundedPoint2D@1c2eb1, Value: [Vertex(0, 0, 0), Vertex(0, 1, 4), Vertex(-1, 1, 2)]
Key: com.catan.model.RoundedPoint2D@124a22, Value: [Vertex(-2, 1, 3), Vertex(-2, 0, 1), Vertex(-1, 0, 5)]
Key: com.catan.model.RoundedPoint2D@1288a2, Value: [Vertex(-2, 1, 0), Vertex(-1, 2, 4)]
Key: com.catan.model.RoundedPoint2D@22bc91, Value: [Vertex(1, 1, 4), Vertex(0, 1, 2)]
Key: com.catan.model.RoundedPoint2D@227e11, Value: [Vertex(0, -1, 1), Vertex(1, -1, 5)]
Key: com.catan.model.RoundedPoint2D@11cd22, Value: [Vertex(-1, -2, 4)]
Key: com.catan.model.RoundedPoint2D@1916a1, Value: [Vertex(0, 2, 4), Vertex(-1, 2, 2), Vertex(-1, 1, 0)]
Key: com.catan.model.RoundedPoint2D@290c10, Value: [Vertex(1, -1, 1), Vertex(2, 0, 3)]
Key: com.catan.model.RoundedPoint2D@294a90, Value: [Vertex(1, 1, 2), Vertex(2, 0, 0)]
Key: com.catan.model.RoundedPoint2D@18d821, Value: [Vertex(0, 0, 5), Vertex(-1, 1, 3), Vertex(-1, 0, 1)]
Key: com.catan.model.RoundedPoint2D@185b21, Value: [Vertex(-1, -2, 2), Vertex(0, -2, 4)]
Key: com.catan.model.RoundedPoint2D@156251, Value: [Vertex(-2, -1, 1), Vertex(-1, 0, 3)]
Key: com.catan.model.RoundedPoint2D@15a0d1, Value: [Vertex(-2, 1, 2), Vertex(-1, 1, 4), Vertex(-1, 0, 0)]
Key: com.catan.model.RoundedPoint2D@bbc42, Value: [Vertex(-2, 0, 5)]
Key: com.catan.model.RoundedPoint2D@2c81e0, Value: [Vertex(2, 0, 1)]
Key: com.catan.model.RoundedPoint2D@ed452, Value: [Vertex(-2, 0, 3), Vertex(-2, -1, 5)]
Key: com.catan.model.RoundedPoint2D@f12d2, Value: [Vertex(-2, 1, 4), Vertex(-2, 0, 0)]
Key: com.catan.model.RoundedPoint2D@1fc3c1, Value: [Vertex(1, 2, 5), Vertex(0, 2, 1)]
Key: com.catan.model.RoundedPoint2D@1f0841, Value: [Vertex(0, -1, 3), Vertex(0, -2, 1), Vertex(1, -2, 5)]
Key: com.catan.model.RoundedPoint2D@1f46c1, Value: [Vertex(0, -1, 0), Vertex(0, 0, 2)]
Key: com.catan.model.RoundedPoint2D@25d4c0, Value: [Vertex(1, -1, 0), Vertex(2, 0, 4)]
Key: com.catan.model.RoundedPoint2D@259640, Value: [Vertex(1, -2, 1), Vertex(1, -1, 3)]
Key: com.catan.model.RoundedPoint2D@2651c0, Value: [Vertex(1, 2, 1)]
Key: com.catan.model.RoundedPoint2D@1b9271, Value: [Vertex(0, -2, 3)]
Key: com.catan.model.RoundedPoint2D@1bd0f1, Value: [Vertex(0, -1, 4), Vertex(0, -2, 0), Vertex(-1, -1, 2)]
Key: com.catan.model.RoundedPoint2D@1c8c71, Value: [Vertex(0, 2, 0)]
Key: com.catan.model.RoundedPoint2D@1c4df1, Value: [Vertex(0, 1, 5), Vertex(0, 2, 3), Vertex(-1, 1, 1)]
Key: com.catan.model.RoundedPoint2D@122ae2, Value: [Vertex(-2, 0, 2), Vertex(-2, -1, 0), Vertex(-1, 0, 4)]
Key: com.catan.model.RoundedPoint2D@12a7e2, Value: [Vertex(-1, 2, 5)]
Key: com.catan.model.RoundedPoint2D@231a51, Value: [Vertex(1, 2, 0)]
Key: com.catan.model.RoundedPoint2D@222051, Value: [Vertex(1, -2, 3)]
Key: com.catan.model.RoundedPoint2D@22dbd1, Value: [Vertex(1, 1, 5), Vertex(0, 1, 1), Vertex(1, 2, 3)]
Key: com.catan.model.RoundedPoint2D@225ed1, Value: [Vertex(0, -1, 2), Vertex(1, -2, 0), Vertex(1, -1, 4)]
Key: com.catan.model.RoundedPoint2D@11ec62, Value: [Vertex(-1, -2, 5), Vertex(-2, -1, 3)]
Key: com.catan.model.RoundedPoint2D@28ecd0, Value: [Vertex(1, -1, 2)]
Key: com.catan.model.RoundedPoint2D@1935e1, Value: [Vertex(0, 2, 5), Vertex(-1, 2, 1)]
Key: com.catan.model.RoundedPoint2D@2969d0, Value: [Vertex(1, 1, 1)]
Key: com.catan.model.RoundedPoint2D@18b8e1, Value: [Vertex(0, 0, 4), Vertex(-1, 0, 2), Vertex(-1, -1, 0)]
Key: com.catan.model.RoundedPoint2D@187a61, Value: [Vertex(-1, -2, 1), Vertex(0, -2, 5), Vertex(-1, -1, 3)]
Key: com.catan.model.RoundedPoint2D@15fe91, Value: [Vertex(-1, 2, 0)]
Key: com.catan.model.RoundedPoint2D@15c011, Value: [Vertex(-2, 1, 1), Vertex(-1, 2, 3), Vertex(-1, 1, 5)]
Key: com.catan.model.RoundedPoint2D@150491, Value: [Vertex(-1, -2, 3)]
Key: com.catan.model.RoundedPoint2D@154311, Value: [Vertex(-1, -2, 0), Vertex(-2, -1, 2), Vertex(-1, -1, 4)]
Key: com.catan.model.RoundedPoint2D@b9d02, Value: [Vertex(-2, 0, 4)]
Key: com.catan.model.RoundedPoint2D@2c62a0, Value: [Vertex(2, 0, 2)]
Key: com.catan.model.RoundedPoint2D@eb512, Value: [Vertex(-2, -1, 4)]
Key: com.catan.model.RoundedPoint2D@f3212, Value: [Vertex(-2, 1, 5)]
Key: com.catan.model.RoundedPoint2D@1fa481, Value: [Vertex(0, 1, 0), Vertex(1, 2, 4), Vertex(0, 2, 2)]
Key: com.catan.model.RoundedPoint2D@1f6601, Value: [Vertex(0, 0, 1), Vertex(0, 1, 3)]
Key: com.catan.model.RoundedPoint2D@1ee901, Value: [Vertex(0, -2, 2), Vertex(1, -2, 4)]
Key: com.catan.model.RoundedPoint2D@257700, Value: [Vertex(1, -2, 2)]
Key: com.catan.model.RoundedPoint2D@25f400, Value: [Vertex(1, 1, 3), Vertex(2, 0, 5)]
Key: com.catan.model.RoundedPoint2D@263280, Value: [Vertex(1, 1, 0), Vertex(1, 2, 2)]
Key: com.catan.model.RoundedPoint2D@1bf031, Value: [Vertex(0, -1, 5), Vertex(0, 0, 3), Vertex(-1, -1, 1)]
Key: com.catan.model.RoundedPoint2D@1c2eb1, Value: [Vertex(0, 0, 0), Vertex(0, 1, 4), Vertex(-1, 1, 2)]
Key: com.catan.model.RoundedPoint2D@124a22, Value: [Vertex(-2, 1, 3), Vertex(-2, 0, 1), Vertex(-1, 0, 5)]
Key: com.catan.model.RoundedPoint2D@1288a2, Value: [Vertex(-2, 1, 0), Vertex(-1, 2, 4)]
Key: com.catan.model.RoundedPoint2D@22bc91, Value: [Vertex(1, 1, 4), Vertex(0, 1, 2)]
Key: com.catan.model.RoundedPoint2D@227e11, Value: [Vertex(0, -1, 1), Vertex(1, -1, 5)]
Key: com.catan.model.RoundedPoint2D@11cd22, Value: [Vertex(-1, -2, 4)]
Key: com.catan.model.RoundedPoint2D@1916a1, Value: [Vertex(0, 2, 4), Vertex(-1, 2, 2), Vertex(-1, 1, 0)]
Key: com.catan.model.RoundedPoint2D@290c10, Value: [Vertex(1, -1, 1), Vertex(2, 0, 3)]
Key: com.catan.model.RoundedPoint2D@294a90, Value: [Vertex(1, 1, 2), Vertex(2, 0, 0)]
Key: com.catan.model.RoundedPoint2D@18d821, Value: [Vertex(0, 0, 5), Vertex(-1, 1, 3), Vertex(-1, 0, 1)]
Key: com.catan.model.RoundedPoint2D@185b21, Value: [Vertex(-1, -2, 2), Vertex(0, -2, 4)]
Key: com.catan.model.RoundedPoint2D@156251, Value: [Vertex(-2, -1, 1), Vertex(-1, 0, 3), Vertex(-1, -1, 5)]
Key: com.catan.model.RoundedPoint2D@15a0d1, Value: [Vertex(-2, 1, 2), Vertex(-1, 1, 4), Vertex(-1, 0, 0)]
Key: com.catan.model.RoundedPoint2D@bbc42, Value: [Vertex(-2, 0, 5)]
Key: com.catan.model.RoundedPoint2D@2c81e0, Value: [Vertex(2, 0, 1)]
Key: com.catan.model.RoundedPoint2D@ed452, Value: [Vertex(-2, 0, 3), Vertex(-2, -1, 5)]
Key: com.catan.model.RoundedPoint2D@f12d2, Value: [Vertex(-2, 1, 4), Vertex(-2, 0, 0)]
Key: com.catan.model.RoundedPoint2D@1fc3c1, Value: [Vertex(1, 2, 5), Vertex(0, 2, 1)]
Key: com.catan.model.RoundedPoint2D@1f0841, Value: [Vertex(0, -1, 3), Vertex(0, -2, 1), Vertex(1, -2, 5)]
Key: com.catan.model.RoundedPoint2D@1f46c1, Value: [Vertex(0, -1, 0), Vertex(0, 0, 2)]
Key: com.catan.model.RoundedPoint2D@25d4c0, Value: [Vertex(1, -1, 0), Vertex(2, 0, 4)]
Key: com.catan.model.RoundedPoint2D@259640, Value: [Vertex(1, -2, 1), Vertex(1, -1, 3)]
Key: com.catan.model.RoundedPoint2D@2651c0, Value: [Vertex(1, 2, 1)]
Key: com.catan.model.RoundedPoint2D@1b9271, Value: [Vertex(0, -2, 3)]
Key: com.catan.model.RoundedPoint2D@1bd0f1, Value: [Vertex(0, -1, 4), Vertex(0, -2, 0), Vertex(-1, -1, 2)]
Key: com.catan.model.RoundedPoint2D@1c8c71, Value: [Vertex(0, 2, 0)]
Key: com.catan.model.RoundedPoint2D@1c4df1, Value: [Vertex(0, 1, 5), Vertex(0, 2, 3), Vertex(-1, 1, 1)]
Key: com.catan.model.RoundedPoint2D@122ae2, Value: [Vertex(-2, 0, 2), Vertex(-2, -1, 0), Vertex(-1, 0, 4)]
Key: com.catan.model.RoundedPoint2D@12a7e2, Value: [Vertex(-1, 2, 5)]
Key: com.catan.model.RoundedPoint2D@231a51, Value: [Vertex(1, 2, 0)]
Key: com.catan.model.RoundedPoint2D@222051, Value: [Vertex(1, -2, 3)]
Key: com.catan.model.RoundedPoint2D@22dbd1, Value: [Vertex(1, 1, 5), Vertex(0, 1, 1), Vertex(1, 2, 3)]
Key: com.catan.model.RoundedPoint2D@225ed1, Value: [Vertex(0, -1, 2), Vertex(1, -2, 0), Vertex(1, -1, 4)]
Key: com.catan.model.RoundedPoint2D@11ec62, Value: [Vertex(-1, -2, 5), Vertex(-2, -1, 3)]
Key: com.catan.model.RoundedPoint2D@28ecd0, Value: [Vertex(1, -1, 2)]
Key: com.catan.model.RoundedPoint2D@1935e1, Value: [Vertex(0, 2, 5), Vertex(-1, 2, 1)]
Key: com.catan.model.RoundedPoint2D@2969d0, Value: [Vertex(1, 1, 1)]
Key: com.catan.model.RoundedPoint2D@18b8e1, Value: [Vertex(0, 0, 4), Vertex(-1, 0, 2), Vertex(-1, -1, 0)]
Key: com.catan.model.RoundedPoint2D@187a61, Value: [Vertex(-1, -2, 1), Vertex(0, -2, 5), Vertex(-1, -1, 3)]
Key: com.catan.model.RoundedPoint2D@15fe91, Value: [Vertex(-1, 2, 0)]
Key: com.catan.model.RoundedPoint2D@15c011, Value: [Vertex(-2, 1, 1), Vertex(-1, 2, 3), Vertex(-1, 1, 5)]
Key: com.catan.model.RoundedPoint2D@150491, Value: [Vertex(-1, -2, 3)]
Key: com.catan.model.RoundedPoint2D@154311, Value: [Vertex(-1, -2, 0), Vertex(-2, -1, 2), Vertex(-1, -1, 4)]
Key: com.catan.model.RoundedPoint2D@b9d02, Value: [Vertex(-2, 0, 4)]
Key: com.catan.model.RoundedPoint2D@2c62a0, Value: [Vertex(2, 0, 2)]
Key: com.catan.model.RoundedPoint2D@eb512, Value: [Vertex(-2, -1, 4)]
Key: com.catan.model.RoundedPoint2D@f3212, Value: [Vertex(-2, 1, 5)]
Key: com.catan.model.RoundedPoint2D@1fa481, Value: [Vertex(0, 1, 0), Vertex(1, 2, 4), Vertex(0, 2, 2)]
Key: com.catan.model.RoundedPoint2D@1f6601, Value: [Vertex(0, 0, 1), Vertex(0, 1, 3)]
Key: com.catan.model.RoundedPoint2D@1ee901, Value: [Vertex(0, -2, 2), Vertex(1, -2, 4)]
Key: com.catan.model.RoundedPoint2D@257700, Value: [Vertex(1, -2, 2)]
Key: com.catan.model.RoundedPoint2D@25f400, Value: [Vertex(1, 1, 3), Vertex(2, 0, 5)]
Key: com.catan.model.RoundedPoint2D@263280, Value: [Vertex(1, 1, 0), Vertex(1, 2, 2)]
Key: com.catan.model.RoundedPoint2D@1bf031, Value: [Vertex(0, -1, 5), Vertex(0, 0, 3), Vertex(-1, -1, 1)]
Key: com.catan.model.RoundedPoint2D@1c2eb1, Value: [Vertex(0, 0, 0), Vertex(0, 1, 4), Vertex(-1, 1, 2)]
Key: com.catan.model.RoundedPoint2D@124a22, Value: [Vertex(-2, 1, 3), Vertex(-2, 0, 1), Vertex(-1, 0, 5)]
Key: com.catan.model.RoundedPoint2D@1288a2, Value: [Vertex(-2, 1, 0), Vertex(-1, 2, 4)]
Key: com.catan.model.RoundedPoint2D@22bc91, Value: [Vertex(1, 1, 4), Vertex(0, 1, 2), Vertex(1, 0, 0)]
Key: com.catan.model.RoundedPoint2D@227e11, Value: [Vertex(0, -1, 1), Vertex(1, -1, 5)]
Key: com.catan.model.RoundedPoint2D@11cd22, Value: [Vertex(-1, -2, 4)]
Key: com.catan.model.RoundedPoint2D@1916a1, Value: [Vertex(0, 2, 4), Vertex(-1, 2, 2), Vertex(-1, 1, 0)]
Key: com.catan.model.RoundedPoint2D@290c10, Value: [Vertex(1, -1, 1), Vertex(2, 0, 3)]
Key: com.catan.model.RoundedPoint2D@294a90, Value: [Vertex(1, 1, 2), Vertex(2, 0, 0)]
Key: com.catan.model.RoundedPoint2D@18d821, Value: [Vertex(0, 0, 5), Vertex(-1, 1, 3), Vertex(-1, 0, 1)]
Key: com.catan.model.RoundedPoint2D@185b21, Value: [Vertex(-1, -2, 2), Vertex(0, -2, 4)]
Key: com.catan.model.RoundedPoint2D@156251, Value: [Vertex(-2, -1, 1), Vertex(-1, 0, 3), Vertex(-1, -1, 5)]
Key: com.catan.model.RoundedPoint2D@15a0d1, Value: [Vertex(-2, 1, 2), Vertex(-1, 1, 4), Vertex(-1, 0, 0)]
Key: com.catan.model.RoundedPoint2D@bbc42, Value: [Vertex(-2, 0, 5)]
Key: com.catan.model.RoundedPoint2D@2c81e0, Value: [Vertex(2, 0, 1)]
Key: com.catan.model.RoundedPoint2D@ed452, Value: [Vertex(-2, 0, 3), Vertex(-2, -1, 5)]
Key: com.catan.model.RoundedPoint2D@f12d2, Value: [Vertex(-2, 1, 4), Vertex(-2, 0, 0)]
Key: com.catan.model.RoundedPoint2D@1fc3c1, Value: [Vertex(1, 2, 5), Vertex(0, 2, 1)]
Key: com.catan.model.RoundedPoint2D@1f0841, Value: [Vertex(0, -1, 3), Vertex(0, -2, 1), Vertex(1, -2, 5)]
Key: com.catan.model.RoundedPoint2D@1f46c1, Value: [Vertex(0, -1, 0), Vertex(0, 0, 2)]
Key: com.catan.model.RoundedPoint2D@25d4c0, Value: [Vertex(1, -1, 0), Vertex(2, 0, 4)]
Key: com.catan.model.RoundedPoint2D@259640, Value: [Vertex(1, -2, 1), Vertex(1, -1, 3)]
Key: com.catan.model.RoundedPoint2D@2651c0, Value: [Vertex(1, 2, 1)]
Key: com.catan.model.RoundedPoint2D@1b9271, Value: [Vertex(0, -2, 3)]
Key: com.catan.model.RoundedPoint2D@1bd0f1, Value: [Vertex(0, -1, 4), Vertex(0, -2, 0), Vertex(-1, -1, 2)]
Key: com.catan.model.RoundedPoint2D@1c8c71, Value: [Vertex(0, 2, 0)]
Key: com.catan.model.RoundedPoint2D@1c4df1, Value: [Vertex(0, 1, 5), Vertex(0, 2, 3), Vertex(-1, 1, 1)]
Key: com.catan.model.RoundedPoint2D@122ae2, Value: [Vertex(-2, 0, 2), Vertex(-2, -1, 0), Vertex(-1, 0, 4)]
Key: com.catan.model.RoundedPoint2D@12a7e2, Value: [Vertex(-1, 2, 5)]
Key: com.catan.model.RoundedPoint2D@231a51, Value: [Vertex(1, 2, 0)]
Key: com.catan.model.RoundedPoint2D@222051, Value: [Vertex(1, -2, 3)]
Key: com.catan.model.RoundedPoint2D@22dbd1, Value: [Vertex(1, 1, 5), Vertex(0, 1, 1), Vertex(1, 2, 3)]
Key: com.catan.model.RoundedPoint2D@225ed1, Value: [Vertex(0, -1, 2), Vertex(1, -2, 0), Vertex(1, -1, 4)]
Key: com.catan.model.RoundedPoint2D@11ec62, Value: [Vertex(-1, -2, 5), Vertex(-2, -1, 3)]
Key: com.catan.model.RoundedPoint2D@28ecd0, Value: [Vertex(1, -1, 2)]
Key: com.catan.model.RoundedPoint2D@1935e1, Value: [Vertex(0, 2, 5), Vertex(-1, 2, 1)]
Key: com.catan.model.RoundedPoint2D@2969d0, Value: [Vertex(1, 1, 1)]
Key: com.catan.model.RoundedPoint2D@18b8e1, Value: [Vertex(0, 0, 4), Vertex(-1, 0, 2), Vertex(-1, -1, 0)]
Key: com.catan.model.RoundedPoint2D@187a61, Value: [Vertex(-1, -2, 1), Vertex(0, -2, 5), Vertex(-1, -1, 3)]
Key: com.catan.model.RoundedPoint2D@15fe91, Value: [Vertex(-1, 2, 0)]
Key: com.catan.model.RoundedPoint2D@15c011, Value: [Vertex(-2, 1, 1), Vertex(-1, 2, 3), Vertex(-1, 1, 5)]
Key: com.catan.model.RoundedPoint2D@150491, Value: [Vertex(-1, -2, 3)]
Key: com.catan.model.RoundedPoint2D@154311, Value: [Vertex(-1, -2, 0), Vertex(-2, -1, 2), Vertex(-1, -1, 4)]
Key: com.catan.model.RoundedPoint2D@b9d02, Value: [Vertex(-2, 0, 4)]
Key: com.catan.model.RoundedPoint2D@2c62a0, Value: [Vertex(2, 0, 2)]
Key: com.catan.model.RoundedPoint2D@eb512, Value: [Vertex(-2, -1, 4)]
Key: com.catan.model.RoundedPoint2D@f3212, Value: [Vertex(-2, 1, 5)]
Key: com.catan.model.RoundedPoint2D@1fa481, Value: [Vertex(0, 1, 0), Vertex(1, 2, 4), Vertex(0, 2, 2)]
Key: com.catan.model.RoundedPoint2D@1f6601, Value: [Vertex(0, 0, 1), Vertex(0, 1, 3)]
Key: com.catan.model.RoundedPoint2D@1ee901, Value: [Vertex(0, -2, 2), Vertex(1, -2, 4)]
Key: com.catan.model.RoundedPoint2D@257700, Value: [Vertex(1, -2, 2)]
Key: com.catan.model.RoundedPoint2D@25f400, Value: [Vertex(1, 1, 3), Vertex(2, 0, 5), Vertex(1, 0, 1)]
Key: com.catan.model.RoundedPoint2D@263280, Value: [Vertex(1, 1, 0), Vertex(1, 2, 2)]
Key: com.catan.model.RoundedPoint2D@1bf031, Value: [Vertex(0, -1, 5), Vertex(0, 0, 3), Vertex(-1, -1, 1)]
Key: com.catan.model.RoundedPoint2D@1c2eb1, Value: [Vertex(0, 0, 0), Vertex(0, 1, 4), Vertex(-1, 1, 2)]
Key: com.catan.model.RoundedPoint2D@124a22, Value: [Vertex(-2, 1, 3), Vertex(-2, 0, 1), Vertex(-1, 0, 5)]
Key: com.catan.model.RoundedPoint2D@1288a2, Value: [Vertex(-2, 1, 0), Vertex(-1, 2, 4)]
Key: com.catan.model.RoundedPoint2D@22bc91, Value: [Vertex(1, 1, 4), Vertex(0, 1, 2), Vertex(1, 0, 0)]
Key: com.catan.model.RoundedPoint2D@227e11, Value: [Vertex(0, -1, 1), Vertex(1, -1, 5)]
Key: com.catan.model.RoundedPoint2D@11cd22, Value: [Vertex(-1, -2, 4)]
Key: com.catan.model.RoundedPoint2D@1916a1, Value: [Vertex(0, 2, 4), Vertex(-1, 2, 2), Vertex(-1, 1, 0)]
Key: com.catan.model.RoundedPoint2D@290c10, Value: [Vertex(1, -1, 1), Vertex(2, 0, 3)]
Key: com.catan.model.RoundedPoint2D@294a90, Value: [Vertex(1, 1, 2), Vertex(2, 0, 0)]
Key: com.catan.model.RoundedPoint2D@18d821, Value: [Vertex(0, 0, 5), Vertex(-1, 1, 3), Vertex(-1, 0, 1)]
Key: com.catan.model.RoundedPoint2D@185b21, Value: [Vertex(-1, -2, 2), Vertex(0, -2, 4)]
Key: com.catan.model.RoundedPoint2D@156251, Value: [Vertex(-2, -1, 1), Vertex(-1, 0, 3), Vertex(-1, -1, 5)]
Key: com.catan.model.RoundedPoint2D@15a0d1, Value: [Vertex(-2, 1, 2), Vertex(-1, 1, 4), Vertex(-1, 0, 0)]
Key: com.catan.model.RoundedPoint2D@bbc42, Value: [Vertex(-2, 0, 5)]
Key: com.catan.model.RoundedPoint2D@2c81e0, Value: [Vertex(2, 0, 1)]
Key: com.catan.model.RoundedPoint2D@ed452, Value: [Vertex(-2, 0, 3), Vertex(-2, -1, 5)]
Key: com.catan.model.RoundedPoint2D@f12d2, Value: [Vertex(-2, 1, 4), Vertex(-2, 0, 0)]
Key: com.catan.model.RoundedPoint2D@1fc3c1, Value: [Vertex(1, 2, 5), Vertex(0, 2, 1)]
Key: com.catan.model.RoundedPoint2D@1f0841, Value: [Vertex(0, -1, 3), Vertex(0, -2, 1), Vertex(1, -2, 5)]
Key: com.catan.model.RoundedPoint2D@1f46c1, Value: [Vertex(0, -1, 0), Vertex(0, 0, 2)]
Key: com.catan.model.RoundedPoint2D@25d4c0, Value: [Vertex(1, -1, 0), Vertex(2, 0, 4)]
Key: com.catan.model.RoundedPoint2D@259640, Value: [Vertex(1, -2, 1), Vertex(1, -1, 3)]
Key: com.catan.model.RoundedPoint2D@2651c0, Value: [Vertex(1, 2, 1)]
Key: com.catan.model.RoundedPoint2D@1b9271, Value: [Vertex(0, -2, 3)]
Key: com.catan.model.RoundedPoint2D@1bd0f1, Value: [Vertex(0, -1, 4), Vertex(0, -2, 0), Vertex(-1, -1, 2)]
Key: com.catan.model.RoundedPoint2D@1c8c71, Value: [Vertex(0, 2, 0)]
Key: com.catan.model.RoundedPoint2D@1c4df1, Value: [Vertex(0, 1, 5), Vertex(0, 2, 3), Vertex(-1, 1, 1)]
Key: com.catan.model.RoundedPoint2D@122ae2, Value: [Vertex(-2, 0, 2), Vertex(-2, -1, 0), Vertex(-1, 0, 4)]
Key: com.catan.model.RoundedPoint2D@12a7e2, Value: [Vertex(-1, 2, 5)]
Key: com.catan.model.RoundedPoint2D@231a51, Value: [Vertex(1, 2, 0)]
Key: com.catan.model.RoundedPoint2D@222051, Value: [Vertex(1, -2, 3)]
Key: com.catan.model.RoundedPoint2D@22dbd1, Value: [Vertex(1, 1, 5), Vertex(0, 1, 1), Vertex(1, 2, 3)]
Key: com.catan.model.RoundedPoint2D@225ed1, Value: [Vertex(0, -1, 2), Vertex(1, -2, 0), Vertex(1, -1, 4)]
Key: com.catan.model.RoundedPoint2D@11ec62, Value: [Vertex(-1, -2, 5), Vertex(-2, -1, 3)]
Key: com.catan.model.RoundedPoint2D@28ecd0, Value: [Vertex(1, -1, 2)]
Key: com.catan.model.RoundedPoint2D@1935e1, Value: [Vertex(0, 2, 5), Vertex(-1, 2, 1)]
Key: com.catan.model.RoundedPoint2D@2969d0, Value: [Vertex(1, 1, 1)]
Key: com.catan.model.RoundedPoint2D@18b8e1, Value: [Vertex(0, 0, 4), Vertex(-1, 0, 2), Vertex(-1, -1, 0)]
Key: com.catan.model.RoundedPoint2D@187a61, Value: [Vertex(-1, -2, 1), Vertex(0, -2, 5), Vertex(-1, -1, 3)]
Key: com.catan.model.RoundedPoint2D@15fe91, Value: [Vertex(-1, 2, 0)]
Key: com.catan.model.RoundedPoint2D@15c011, Value: [Vertex(-2, 1, 1), Vertex(-1, 2, 3), Vertex(-1, 1, 5)]
Key: com.catan.model.RoundedPoint2D@150491, Value: [Vertex(-1, -2, 3)]
Key: com.catan.model.RoundedPoint2D@154311, Value: [Vertex(-1, -2, 0), Vertex(-2, -1, 2), Vertex(-1, -1, 4)]
Key: com.catan.model.RoundedPoint2D@b9d02, Value: [Vertex(-2, 0, 4)]
Key: com.catan.model.RoundedPoint2D@2c62a0, Value: [Vertex(2, 0, 2)]
Key: com.catan.model.RoundedPoint2D@eb512, Value: [Vertex(-2, -1, 4)]
Key: com.catan.model.RoundedPoint2D@f3212, Value: [Vertex(-2, 1, 5)]
Key: com.catan.model.RoundedPoint2D@1fa481, Value: [Vertex(0, 1, 0), Vertex(1, 2, 4), Vertex(0, 2, 2)]
Key: com.catan.model.RoundedPoint2D@1f6601, Value: [Vertex(0, 0, 1), Vertex(0, 1, 3)]
Key: com.catan.model.RoundedPoint2D@1ee901, Value: [Vertex(0, -2, 2), Vertex(1, -2, 4)]
Key: com.catan.model.RoundedPoint2D@257700, Value: [Vertex(1, -2, 2)]
Key: com.catan.model.RoundedPoint2D@25f400, Value: [Vertex(1, 1, 3), Vertex(2, 0, 5), Vertex(1, 0, 1)]
Key: com.catan.model.RoundedPoint2D@263280, Value: [Vertex(1, 1, 0), Vertex(1, 2, 2)]
Key: com.catan.model.RoundedPoint2D@1bf031, Value: [Vertex(0, -1, 5), Vertex(0, 0, 3), Vertex(-1, -1, 1)]
Key: com.catan.model.RoundedPoint2D@1c2eb1, Value: [Vertex(0, 0, 0), Vertex(0, 1, 4), Vertex(-1, 1, 2)]
Key: com.catan.model.RoundedPoint2D@124a22, Value: [Vertex(-2, 1, 3), Vertex(-2, 0, 1), Vertex(-1, 0, 5)]
Key: com.catan.model.RoundedPoint2D@1288a2, Value: [Vertex(-2, 1, 0), Vertex(-1, 2, 4)]
Key: com.catan.model.RoundedPoint2D@22bc91, Value: [Vertex(1, 1, 4), Vertex(0, 1, 2), Vertex(1, 0, 0)]
Key: com.catan.model.RoundedPoint2D@227e11, Value: [Vertex(0, -1, 1), Vertex(1, -1, 5)]
Key: com.catan.model.RoundedPoint2D@11cd22, Value: [Vertex(-1, -2, 4)]
Key: com.catan.model.RoundedPoint2D@1916a1, Value: [Vertex(0, 2, 4), Vertex(-1, 2, 2), Vertex(-1, 1, 0)]
Key: com.catan.model.RoundedPoint2D@290c10, Value: [Vertex(1, -1, 1), Vertex(2, 0, 3)]
Key: com.catan.model.RoundedPoint2D@294a90, Value: [Vertex(1, 1, 2), Vertex(2, 0, 0)]
Key: com.catan.model.RoundedPoint2D@18d821, Value: [Vertex(0, 0, 5), Vertex(-1, 1, 3), Vertex(-1, 0, 1)]
Key: com.catan.model.RoundedPoint2D@185b21, Value: [Vertex(-1, -2, 2), Vertex(0, -2, 4)]
Key: com.catan.model.RoundedPoint2D@156251, Value: [Vertex(-2, -1, 1), Vertex(-1, 0, 3), Vertex(-1, -1, 5)]
Key: com.catan.model.RoundedPoint2D@15a0d1, Value: [Vertex(-2, 1, 2), Vertex(-1, 1, 4), Vertex(-1, 0, 0)]
Key: com.catan.model.RoundedPoint2D@bbc42, Value: [Vertex(-2, 0, 5)]
Key: com.catan.model.RoundedPoint2D@2c81e0, Value: [Vertex(2, 0, 1)]
Key: com.catan.model.RoundedPoint2D@ed452, Value: [Vertex(-2, 0, 3), Vertex(-2, -1, 5)]
Key: com.catan.model.RoundedPoint2D@f12d2, Value: [Vertex(-2, 1, 4), Vertex(-2, 0, 0)]
Key: com.catan.model.RoundedPoint2D@1fc3c1, Value: [Vertex(1, 2, 5), Vertex(0, 2, 1)]
Key: com.catan.model.RoundedPoint2D@1f0841, Value: [Vertex(0, -1, 3), Vertex(0, -2, 1), Vertex(1, -2, 5)]
Key: com.catan.model.RoundedPoint2D@1f46c1, Value: [Vertex(0, -1, 0), Vertex(0, 0, 2)]
Key: com.catan.model.RoundedPoint2D@25d4c0, Value: [Vertex(1, -1, 0), Vertex(2, 0, 4), Vertex(1, 0, 2)]
Key: com.catan.model.RoundedPoint2D@259640, Value: [Vertex(1, -2, 1), Vertex(1, -1, 3)]
Key: com.catan.model.RoundedPoint2D@2651c0, Value: [Vertex(1, 2, 1)]
Key: com.catan.model.RoundedPoint2D@1b9271, Value: [Vertex(0, -2, 3)]
Key: com.catan.model.RoundedPoint2D@1bd0f1, Value: [Vertex(0, -1, 4), Vertex(0, -2, 0), Vertex(-1, -1, 2)]
Key: com.catan.model.RoundedPoint2D@1c8c71, Value: [Vertex(0, 2, 0)]
Key: com.catan.model.RoundedPoint2D@1c4df1, Value: [Vertex(0, 1, 5), Vertex(0, 2, 3), Vertex(-1, 1, 1)]
Key: com.catan.model.RoundedPoint2D@122ae2, Value: [Vertex(-2, 0, 2), Vertex(-2, -1, 0), Vertex(-1, 0, 4)]
Key: com.catan.model.RoundedPoint2D@12a7e2, Value: [Vertex(-1, 2, 5)]
Key: com.catan.model.RoundedPoint2D@231a51, Value: [Vertex(1, 2, 0)]
Key: com.catan.model.RoundedPoint2D@222051, Value: [Vertex(1, -2, 3)]
Key: com.catan.model.RoundedPoint2D@22dbd1, Value: [Vertex(1, 1, 5), Vertex(0, 1, 1), Vertex(1, 2, 3)]
Key: com.catan.model.RoundedPoint2D@225ed1, Value: [Vertex(0, -1, 2), Vertex(1, -2, 0), Vertex(1, -1, 4)]
Key: com.catan.model.RoundedPoint2D@11ec62, Value: [Vertex(-1, -2, 5), Vertex(-2, -1, 3)]
Key: com.catan.model.RoundedPoint2D@28ecd0, Value: [Vertex(1, -1, 2)]
Key: com.catan.model.RoundedPoint2D@1935e1, Value: [Vertex(0, 2, 5), Vertex(-1, 2, 1)]
Key: com.catan.model.RoundedPoint2D@2969d0, Value: [Vertex(1, 1, 1)]
Key: com.catan.model.RoundedPoint2D@18b8e1, Value: [Vertex(0, 0, 4), Vertex(-1, 0, 2), Vertex(-1, -1, 0)]
Key: com.catan.model.RoundedPoint2D@187a61, Value: [Vertex(-1, -2, 1), Vertex(0, -2, 5), Vertex(-1, -1, 3)]
Key: com.catan.model.RoundedPoint2D@15fe91, Value: [Vertex(-1, 2, 0)]
Key: com.catan.model.RoundedPoint2D@15c011, Value: [Vertex(-2, 1, 1), Vertex(-1, 2, 3), Vertex(-1, 1, 5)]
Key: com.catan.model.RoundedPoint2D@150491, Value: [Vertex(-1, -2, 3)]
Key: com.catan.model.RoundedPoint2D@154311, Value: [Vertex(-1, -2, 0), Vertex(-2, -1, 2), Vertex(-1, -1, 4)]
Key: com.catan.model.RoundedPoint2D@b9d02, Value: [Vertex(-2, 0, 4)]
Key: com.catan.model.RoundedPoint2D@2c62a0, Value: [Vertex(2, 0, 2)]
Key: com.catan.model.RoundedPoint2D@eb512, Value: [Vertex(-2, -1, 4)]
Key: com.catan.model.RoundedPoint2D@f3212, Value: [Vertex(-2, 1, 5)]
Key: com.catan.model.RoundedPoint2D@1fa481, Value: [Vertex(0, 1, 0), Vertex(1, 2, 4), Vertex(0, 2, 2)]
Key: com.catan.model.RoundedPoint2D@1f6601, Value: [Vertex(0, 0, 1), Vertex(0, 1, 3)]
Key: com.catan.model.RoundedPoint2D@1ee901, Value: [Vertex(0, -2, 2), Vertex(1, -2, 4)]
Key: com.catan.model.RoundedPoint2D@257700, Value: [Vertex(1, -2, 2)]
Key: com.catan.model.RoundedPoint2D@25f400, Value: [Vertex(1, 1, 3), Vertex(2, 0, 5), Vertex(1, 0, 1)]
Key: com.catan.model.RoundedPoint2D@263280, Value: [Vertex(1, 1, 0), Vertex(1, 2, 2)]
Key: com.catan.model.RoundedPoint2D@1bf031, Value: [Vertex(0, -1, 5), Vertex(0, 0, 3), Vertex(-1, -1, 1)]
Key: com.catan.model.RoundedPoint2D@1c2eb1, Value: [Vertex(0, 0, 0), Vertex(0, 1, 4), Vertex(-1, 1, 2)]
Key: com.catan.model.RoundedPoint2D@124a22, Value: [Vertex(-2, 1, 3), Vertex(-2, 0, 1), Vertex(-1, 0, 5)]
Key: com.catan.model.RoundedPoint2D@1288a2, Value: [Vertex(-2, 1, 0), Vertex(-1, 2, 4)]
Key: com.catan.model.RoundedPoint2D@22bc91, Value: [Vertex(1, 1, 4), Vertex(0, 1, 2), Vertex(1, 0, 0)]
Key: com.catan.model.RoundedPoint2D@227e11, Value: [Vertex(0, -1, 1), Vertex(1, -1, 5), Vertex(1, 0, 3)]
Key: com.catan.model.RoundedPoint2D@11cd22, Value: [Vertex(-1, -2, 4)]
Key: com.catan.model.RoundedPoint2D@1916a1, Value: [Vertex(0, 2, 4), Vertex(-1, 2, 2), Vertex(-1, 1, 0)]
Key: com.catan.model.RoundedPoint2D@290c10, Value: [Vertex(1, -1, 1), Vertex(2, 0, 3)]
Key: com.catan.model.RoundedPoint2D@294a90, Value: [Vertex(1, 1, 2), Vertex(2, 0, 0)]
Key: com.catan.model.RoundedPoint2D@18d821, Value: [Vertex(0, 0, 5), Vertex(-1, 1, 3), Vertex(-1, 0, 1)]
Key: com.catan.model.RoundedPoint2D@185b21, Value: [Vertex(-1, -2, 2), Vertex(0, -2, 4)]
Key: com.catan.model.RoundedPoint2D@156251, Value: [Vertex(-2, -1, 1), Vertex(-1, 0, 3), Vertex(-1, -1, 5)]
Key: com.catan.model.RoundedPoint2D@15a0d1, Value: [Vertex(-2, 1, 2), Vertex(-1, 1, 4), Vertex(-1, 0, 0)]
Key: com.catan.model.RoundedPoint2D@bbc42, Value: [Vertex(-2, 0, 5)]
Key: com.catan.model.RoundedPoint2D@2c81e0, Value: [Vertex(2, 0, 1)]
Key: com.catan.model.RoundedPoint2D@ed452, Value: [Vertex(-2, 0, 3), Vertex(-2, -1, 5)]
Key: com.catan.model.RoundedPoint2D@f12d2, Value: [Vertex(-2, 1, 4), Vertex(-2, 0, 0)]
Key: com.catan.model.RoundedPoint2D@1fc3c1, Value: [Vertex(1, 2, 5), Vertex(0, 2, 1)]
Key: com.catan.model.RoundedPoint2D@1f0841, Value: [Vertex(0, -1, 3), Vertex(0, -2, 1), Vertex(1, -2, 5)]
Key: com.catan.model.RoundedPoint2D@1f46c1, Value: [Vertex(0, -1, 0), Vertex(0, 0, 2)]
Key: com.catan.model.RoundedPoint2D@25d4c0, Value: [Vertex(1, -1, 0), Vertex(2, 0, 4), Vertex(1, 0, 2)]
Key: com.catan.model.RoundedPoint2D@259640, Value: [Vertex(1, -2, 1), Vertex(1, -1, 3)]
Key: com.catan.model.RoundedPoint2D@2651c0, Value: [Vertex(1, 2, 1)]
Key: com.catan.model.RoundedPoint2D@1b9271, Value: [Vertex(0, -2, 3)]
Key: com.catan.model.RoundedPoint2D@1bd0f1, Value: [Vertex(0, -1, 4), Vertex(0, -2, 0), Vertex(-1, -1, 2)]
Key: com.catan.model.RoundedPoint2D@1c8c71, Value: [Vertex(0, 2, 0)]
Key: com.catan.model.RoundedPoint2D@1c4df1, Value: [Vertex(0, 1, 5), Vertex(0, 2, 3), Vertex(-1, 1, 1)]
Key: com.catan.model.RoundedPoint2D@122ae2, Value: [Vertex(-2, 0, 2), Vertex(-2, -1, 0), Vertex(-1, 0, 4)]
Key: com.catan.model.RoundedPoint2D@12a7e2, Value: [Vertex(-1, 2, 5)]
Key: com.catan.model.RoundedPoint2D@231a51, Value: [Vertex(1, 2, 0)]
Key: com.catan.model.RoundedPoint2D@222051, Value: [Vertex(1, -2, 3)]
Key: com.catan.model.RoundedPoint2D@22dbd1, Value: [Vertex(1, 1, 5), Vertex(0, 1, 1), Vertex(1, 2, 3)]
Key: com.catan.model.RoundedPoint2D@225ed1, Value: [Vertex(0, -1, 2), Vertex(1, -2, 0), Vertex(1, -1, 4)]
Key: com.catan.model.RoundedPoint2D@11ec62, Value: [Vertex(-1, -2, 5), Vertex(-2, -1, 3)]
Key: com.catan.model.RoundedPoint2D@28ecd0, Value: [Vertex(1, -1, 2)]
Key: com.catan.model.RoundedPoint2D@1935e1, Value: [Vertex(0, 2, 5), Vertex(-1, 2, 1)]
Key: com.catan.model.RoundedPoint2D@2969d0, Value: [Vertex(1, 1, 1)]
Key: com.catan.model.RoundedPoint2D@18b8e1, Value: [Vertex(0, 0, 4), Vertex(-1, 0, 2), Vertex(-1, -1, 0)]
Key: com.catan.model.RoundedPoint2D@187a61, Value: [Vertex(-1, -2, 1), Vertex(0, -2, 5), Vertex(-1, -1, 3)]
Key: com.catan.model.RoundedPoint2D@15fe91, Value: [Vertex(-1, 2, 0)]
Key: com.catan.model.RoundedPoint2D@15c011, Value: [Vertex(-2, 1, 1), Vertex(-1, 2, 3), Vertex(-1, 1, 5)]
Key: com.catan.model.RoundedPoint2D@150491, Value: [Vertex(-1, -2, 3)]
Key: com.catan.model.RoundedPoint2D@154311, Value: [Vertex(-1, -2, 0), Vertex(-2, -1, 2), Vertex(-1, -1, 4)]
Key: com.catan.model.RoundedPoint2D@b9d02, Value: [Vertex(-2, 0, 4)]
Key: com.catan.model.RoundedPoint2D@2c62a0, Value: [Vertex(2, 0, 2)]
Key: com.catan.model.RoundedPoint2D@eb512, Value: [Vertex(-2, -1, 4)]
Key: com.catan.model.RoundedPoint2D@f3212, Value: [Vertex(-2, 1, 5)]
Key: com.catan.model.RoundedPoint2D@1fa481, Value: [Vertex(0, 1, 0), Vertex(1, 2, 4), Vertex(0, 2, 2)]
Key: com.catan.model.RoundedPoint2D@1f6601, Value: [Vertex(0, 0, 1), Vertex(0, 1, 3)]
Key: com.catan.model.RoundedPoint2D@1ee901, Value: [Vertex(0, -2, 2), Vertex(1, -2, 4)]
Key: com.catan.model.RoundedPoint2D@257700, Value: [Vertex(1, -2, 2)]
Key: com.catan.model.RoundedPoint2D@25f400, Value: [Vertex(1, 1, 3), Vertex(2, 0, 5), Vertex(1, 0, 1)]
Key: com.catan.model.RoundedPoint2D@263280, Value: [Vertex(1, 1, 0), Vertex(1, 2, 2)]
Key: com.catan.model.RoundedPoint2D@1bf031, Value: [Vertex(0, -1, 5), Vertex(0, 0, 3), Vertex(-1, -1, 1)]
Key: com.catan.model.RoundedPoint2D@1c2eb1, Value: [Vertex(0, 0, 0), Vertex(0, 1, 4), Vertex(-1, 1, 2)]
Key: com.catan.model.RoundedPoint2D@124a22, Value: [Vertex(-2, 1, 3), Vertex(-2, 0, 1), Vertex(-1, 0, 5)]
Key: com.catan.model.RoundedPoint2D@1288a2, Value: [Vertex(-2, 1, 0), Vertex(-1, 2, 4)]
Key: com.catan.model.RoundedPoint2D@22bc91, Value: [Vertex(1, 1, 4), Vertex(0, 1, 2), Vertex(1, 0, 0)]
Key: com.catan.model.RoundedPoint2D@227e11, Value: [Vertex(0, -1, 1), Vertex(1, -1, 5), Vertex(1, 0, 3)]
Key: com.catan.model.RoundedPoint2D@11cd22, Value: [Vertex(-1, -2, 4)]
Key: com.catan.model.RoundedPoint2D@1916a1, Value: [Vertex(0, 2, 4), Vertex(-1, 2, 2), Vertex(-1, 1, 0)]
Key: com.catan.model.RoundedPoint2D@290c10, Value: [Vertex(1, -1, 1), Vertex(2, 0, 3)]
Key: com.catan.model.RoundedPoint2D@294a90, Value: [Vertex(1, 1, 2), Vertex(2, 0, 0)]
Key: com.catan.model.RoundedPoint2D@18d821, Value: [Vertex(0, 0, 5), Vertex(-1, 1, 3), Vertex(-1, 0, 1)]
Key: com.catan.model.RoundedPoint2D@185b21, Value: [Vertex(-1, -2, 2), Vertex(0, -2, 4)]
Key: com.catan.model.RoundedPoint2D@156251, Value: [Vertex(-2, -1, 1), Vertex(-1, 0, 3), Vertex(-1, -1, 5)]
Key: com.catan.model.RoundedPoint2D@15a0d1, Value: [Vertex(-2, 1, 2), Vertex(-1, 1, 4), Vertex(-1, 0, 0)]
Key: com.catan.model.RoundedPoint2D@bbc42, Value: [Vertex(-2, 0, 5)]
Key: com.catan.model.RoundedPoint2D@2c81e0, Value: [Vertex(2, 0, 1)]
Key: com.catan.model.RoundedPoint2D@ed452, Value: [Vertex(-2, 0, 3), Vertex(-2, -1, 5)]
Key: com.catan.model.RoundedPoint2D@f12d2, Value: [Vertex(-2, 1, 4), Vertex(-2, 0, 0)]
Key: com.catan.model.RoundedPoint2D@1fc3c1, Value: [Vertex(1, 2, 5), Vertex(0, 2, 1)]
Key: com.catan.model.RoundedPoint2D@1f0841, Value: [Vertex(0, -1, 3), Vertex(0, -2, 1), Vertex(1, -2, 5)]
Key: com.catan.model.RoundedPoint2D@1f46c1, Value: [Vertex(0, -1, 0), Vertex(0, 0, 2), Vertex(1, 0, 4)]
Key: com.catan.model.RoundedPoint2D@25d4c0, Value: [Vertex(1, -1, 0), Vertex(2, 0, 4), Vertex(1, 0, 2)]
Key: com.catan.model.RoundedPoint2D@259640, Value: [Vertex(1, -2, 1), Vertex(1, -1, 3)]
Key: com.catan.model.RoundedPoint2D@2651c0, Value: [Vertex(1, 2, 1)]
Key: com.catan.model.RoundedPoint2D@1b9271, Value: [Vertex(0, -2, 3)]
Key: com.catan.model.RoundedPoint2D@1bd0f1, Value: [Vertex(0, -1, 4), Vertex(0, -2, 0), Vertex(-1, -1, 2)]
Key: com.catan.model.RoundedPoint2D@1c8c71, Value: [Vertex(0, 2, 0)]
Key: com.catan.model.RoundedPoint2D@1c4df1, Value: [Vertex(0, 1, 5), Vertex(0, 2, 3), Vertex(-1, 1, 1)]
Key: com.catan.model.RoundedPoint2D@122ae2, Value: [Vertex(-2, 0, 2), Vertex(-2, -1, 0), Vertex(-1, 0, 4)]
Key: com.catan.model.RoundedPoint2D@12a7e2, Value: [Vertex(-1, 2, 5)]
Key: com.catan.model.RoundedPoint2D@231a51, Value: [Vertex(1, 2, 0)]
Key: com.catan.model.RoundedPoint2D@222051, Value: [Vertex(1, -2, 3)]
Key: com.catan.model.RoundedPoint2D@22dbd1, Value: [Vertex(1, 1, 5), Vertex(0, 1, 1), Vertex(1, 2, 3)]
Key: com.catan.model.RoundedPoint2D@225ed1, Value: [Vertex(0, -1, 2), Vertex(1, -2, 0), Vertex(1, -1, 4)]
Key: com.catan.model.RoundedPoint2D@11ec62, Value: [Vertex(-1, -2, 5), Vertex(-2, -1, 3)]
Key: com.catan.model.RoundedPoint2D@28ecd0, Value: [Vertex(1, -1, 2)]
Key: com.catan.model.RoundedPoint2D@1935e1, Value: [Vertex(0, 2, 5), Vertex(-1, 2, 1)]
Key: com.catan.model.RoundedPoint2D@2969d0, Value: [Vertex(1, 1, 1)]
Key: com.catan.model.RoundedPoint2D@18b8e1, Value: [Vertex(0, 0, 4), Vertex(-1, 0, 2), Vertex(-1, -1, 0)]
Key: com.catan.model.RoundedPoint2D@187a61, Value: [Vertex(-1, -2, 1), Vertex(0, -2, 5), Vertex(-1, -1, 3)]
Key: com.catan.model.RoundedPoint2D@15fe91, Value: [Vertex(-1, 2, 0)]
Key: com.catan.model.RoundedPoint2D@15c011, Value: [Vertex(-2, 1, 1), Vertex(-1, 2, 3), Vertex(-1, 1, 5)]
Key: com.catan.model.RoundedPoint2D@150491, Value: [Vertex(-1, -2, 3)]
Key: com.catan.model.RoundedPoint2D@154311, Value: [Vertex(-1, -2, 0), Vertex(-2, -1, 2), Vertex(-1, -1, 4)]
Key: com.catan.model.RoundedPoint2D@b9d02, Value: [Vertex(-2, 0, 4)]
Key: com.catan.model.RoundedPoint2D@2c62a0, Value: [Vertex(2, 0, 2)]
Key: com.catan.model.RoundedPoint2D@eb512, Value: [Vertex(-2, -1, 4)]
Key: com.catan.model.RoundedPoint2D@f3212, Value: [Vertex(-2, 1, 5)]
Key: com.catan.model.RoundedPoint2D@1fa481, Value: [Vertex(0, 1, 0), Vertex(1, 2, 4), Vertex(0, 2, 2)]
Key: com.catan.model.RoundedPoint2D@1f6601, Value: [Vertex(0, 0, 1), Vertex(0, 1, 3), Vertex(1, 0, 5)]
Key: com.catan.model.RoundedPoint2D@1ee901, Value: [Vertex(0, -2, 2), Vertex(1, -2, 4)]
Key: com.catan.model.RoundedPoint2D@257700, Value: [Vertex(1, -2, 2)]
Key: com.catan.model.RoundedPoint2D@25f400, Value: [Vertex(1, 1, 3), Vertex(2, 0, 5), Vertex(1, 0, 1)]
Key: com.catan.model.RoundedPoint2D@263280, Value: [Vertex(1, 1, 0), Vertex(1, 2, 2)]
Key: com.catan.model.RoundedPoint2D@1bf031, Value: [Vertex(0, -1, 5), Vertex(0, 0, 3), Vertex(-1, -1, 1)]
Key: com.catan.model.RoundedPoint2D@1c2eb1, Value: [Vertex(0, 0, 0), Vertex(0, 1, 4), Vertex(-1, 1, 2)]
Key: com.catan.model.RoundedPoint2D@124a22, Value: [Vertex(-2, 1, 3), Vertex(-2, 0, 1), Vertex(-1, 0, 5)]
Key: com.catan.model.RoundedPoint2D@1288a2, Value: [Vertex(-2, 1, 0), Vertex(-1, 2, 4)]
Key: com.catan.model.RoundedPoint2D@22bc91, Value: [Vertex(1, 1, 4), Vertex(0, 1, 2), Vertex(1, 0, 0)]
Key: com.catan.model.RoundedPoint2D@227e11, Value: [Vertex(0, -1, 1), Vertex(1, -1, 5), Vertex(1, 0, 3)]
Key: com.catan.model.RoundedPoint2D@11cd22, Value: [Vertex(-1, -2, 4)]
Key: com.catan.model.RoundedPoint2D@1916a1, Value: [Vertex(0, 2, 4), Vertex(-1, 2, 2), Vertex(-1, 1, 0)]
Key: com.catan.model.RoundedPoint2D@290c10, Value: [Vertex(1, -1, 1), Vertex(2, 0, 3)]
Key: com.catan.model.RoundedPoint2D@294a90, Value: [Vertex(1, 1, 2), Vertex(2, 0, 0)]
Key: com.catan.model.RoundedPoint2D@18d821, Value: [Vertex(0, 0, 5), Vertex(-1, 1, 3), Vertex(-1, 0, 1)]
Key: com.catan.model.RoundedPoint2D@185b21, Value: [Vertex(-1, -2, 2), Vertex(0, -2, 4)]
Key: com.catan.model.RoundedPoint2D@156251, Value: [Vertex(-2, -1, 1), Vertex(-1, 0, 3), Vertex(-1, -1, 5)]
Key: com.catan.model.RoundedPoint2D@15a0d1, Value: [Vertex(-2, 1, 2), Vertex(-1, 1, 4), Vertex(-1, 0, 0)]
Key: com.catan.model.RoundedPoint2D@bbc42, Value: [Vertex(-2, 0, 5)]
Key: com.catan.model.RoundedPoint2D@2c81e0, Value: [Vertex(2, 0, 1)]
Key: com.catan.model.RoundedPoint2D@ed452, Value: [Vertex(-2, 0, 3), Vertex(-2, -1, 5)]
Key: com.catan.model.RoundedPoint2D@f12d2, Value: [Vertex(-2, 1, 4), Vertex(-2, 0, 0)]
Key: com.catan.model.RoundedPoint2D@1fc3c1, Value: [Vertex(1, 2, 5), Vertex(0, 2, 1)]
Key: com.catan.model.RoundedPoint2D@1f0841, Value: [Vertex(0, -1, 3), Vertex(0, -2, 1), Vertex(1, -2, 5)]
Key: com.catan.model.RoundedPoint2D@1f46c1, Value: [Vertex(0, -1, 0), Vertex(0, 0, 2), Vertex(1, 0, 4)]
Key: com.catan.model.RoundedPoint2D@25d4c0, Value: [Vertex(1, -1, 0), Vertex(2, 0, 4), Vertex(1, 0, 2)]
Key: com.catan.model.RoundedPoint2D@259640, Value: [Vertex(1, -2, 1), Vertex(1, -1, 3)]
Key: com.catan.model.RoundedPoint2D@2651c0, Value: [Vertex(1, 2, 1)]
Key: com.catan.model.RoundedPoint2D@1b9271, Value: [Vertex(0, -2, 3)]
Key: com.catan.model.RoundedPoint2D@1bd0f1, Value: [Vertex(0, -1, 4), Vertex(0, -2, 0), Vertex(-1, -1, 2)]
Key: com.catan.model.RoundedPoint2D@1c8c71, Value: [Vertex(0, 2, 0)]
Key: com.catan.model.RoundedPoint2D@1c4df1, Value: [Vertex(0, 1, 5), Vertex(0, 2, 3), Vertex(-1, 1, 1)]
Key: com.catan.model.RoundedPoint2D@122ae2, Value: [Vertex(-2, 0, 2), Vertex(-2, -1, 0), Vertex(-1, 0, 4)]
Key: com.catan.model.RoundedPoint2D@12a7e2, Value: [Vertex(-1, 2, 5)]
Key: com.catan.model.RoundedPoint2D@231a51, Value: [Vertex(1, 2, 0)]
Key: com.catan.model.RoundedPoint2D@222051, Value: [Vertex(1, -2, 3)]
Key: com.catan.model.RoundedPoint2D@22dbd1, Value: [Vertex(1, 1, 5), Vertex(0, 1, 1), Vertex(1, 2, 3)]
Key: com.catan.model.RoundedPoint2D@225ed1, Value: [Vertex(0, -1, 2), Vertex(1, -2, 0), Vertex(1, -1, 4)]
Key: com.catan.model.RoundedPoint2D@11ec62, Value: [Vertex(-1, -2, 5), Vertex(-2, -1, 3)]
Key: com.catan.model.RoundedPoint2D@28ecd0, Value: [Vertex(1, -1, 2)]
Key: com.catan.model.RoundedPoint2D@1935e1, Value: [Vertex(0, 2, 5), Vertex(-1, 2, 1)]
Key: com.catan.model.RoundedPoint2D@2969d0, Value: [Vertex(1, 1, 1)]
Key: com.catan.model.RoundedPoint2D@18b8e1, Value: [Vertex(0, 0, 4), Vertex(-1, 0, 2), Vertex(-1, -1, 0)]
Key: com.catan.model.RoundedPoint2D@187a61, Value: [Vertex(-1, -2, 1), Vertex(0, -2, 5), Vertex(-1, -1, 3)]
Berechnete einzigartige Vertices: 0
Berechnete einzigartige Edges: 72
✓ Authentisches CATAN-Board initialisiert: 54 Siedlungen, 72 Straßen
]]></system-out>
  </testcase>
  <testcase name="testGameInitialization" classname="com.catan.model.CatanGameTest" time="0.024">
    <system-out><![CDATA[Key: com.catan.model.RoundedPoint2D@154311, Value: [Vertex(-1, -2, 0)]
Key: com.catan.model.RoundedPoint2D@154311, Value: [Vertex(-1, -2, 0)]
Key: com.catan.model.RoundedPoint2D@187a61, Value: [Vertex(-1, -2, 1)]
Key: com.catan.model.RoundedPoint2D@154311, Value: [Vertex(-1, -2, 0)]
Key: com.catan.model.RoundedPoint2D@185b21, Value: [Vertex(-1, -2, 2)]
Key: com.catan.model.RoundedPoint2D@187a61, Value: [Vertex(-1, -2, 1)]
Key: com.catan.model.RoundedPoint2D@150491, Value: [Vertex(-1, -2, 3)]
Key: com.catan.model.RoundedPoint2D@154311, Value: [Vertex(-1, -2, 0)]
Key: com.catan.model.RoundedPoint2D@185b21, Value: [Vertex(-1, -2, 2)]
Key: com.catan.model.RoundedPoint2D@187a61, Value: [Vertex(-1, -2, 1)]
Key: com.catan.model.RoundedPoint2D@11cd22, Value: [Vertex(-1, -2, 4)]
Key: com.catan.model.RoundedPoint2D@150491, Value: [Vertex(-1, -2, 3)]
Key: com.catan.model.RoundedPoint2D@154311, Value: [Vertex(-1, -2, 0)]
Key: com.catan.model.RoundedPoint2D@185b21, Value: [Vertex(-1, -2, 2)]
Key: com.catan.model.RoundedPoint2D@187a61, Value: [Vertex(-1, -2, 1)]
Key: com.catan.model.RoundedPoint2D@11ec62, Value: [Vertex(-1, -2, 5)]
Key: com.catan.model.RoundedPoint2D@11cd22, Value: [Vertex(-1, -2, 4)]
Key: com.catan.model.RoundedPoint2D@150491, Value: [Vertex(-1, -2, 3)]
Key: com.catan.model.RoundedPoint2D@154311, Value: [Vertex(-1, -2, 0)]
Key: com.catan.model.RoundedPoint2D@185b21, Value: [Vertex(-1, -2, 2)]
Key: com.catan.model.RoundedPoint2D@187a61, Value: [Vertex(-1, -2, 1)]
Key: com.catan.model.RoundedPoint2D@11ec62, Value: [Vertex(-1, -2, 5)]
Key: com.catan.model.RoundedPoint2D@11cd22, Value: [Vertex(-1, -2, 4)]
Key: com.catan.model.RoundedPoint2D@150491, Value: [Vertex(-1, -2, 3)]
Key: com.catan.model.RoundedPoint2D@154311, Value: [Vertex(-1, -2, 0)]
Key: com.catan.model.RoundedPoint2D@185b21, Value: [Vertex(-1, -2, 2)]
Key: com.catan.model.RoundedPoint2D@187a61, Value: [Vertex(-1, -2, 1)]
Key: com.catan.model.RoundedPoint2D@1f46c1, Value: [Vertex(0, -1, 0)]
Key: com.catan.model.RoundedPoint2D@227e11, Value: [Vertex(0, -1, 1)]
Key: com.catan.model.RoundedPoint2D@11ec62, Value: [Vertex(-1, -2, 5)]
Key: com.catan.model.RoundedPoint2D@11cd22, Value: [Vertex(-1, -2, 4)]
Key: com.catan.model.RoundedPoint2D@150491, Value: [Vertex(-1, -2, 3)]
Key: com.catan.model.RoundedPoint2D@154311, Value: [Vertex(-1, -2, 0)]
Key: com.catan.model.RoundedPoint2D@185b21, Value: [Vertex(-1, -2, 2)]
Key: com.catan.model.RoundedPoint2D@187a61, Value: [Vertex(-1, -2, 1)]
Key: com.catan.model.RoundedPoint2D@1f46c1, Value: [Vertex(0, -1, 0)]
Key: com.catan.model.RoundedPoint2D@225ed1, Value: [Vertex(0, -1, 2)]
Key: com.catan.model.RoundedPoint2D@227e11, Value: [Vertex(0, -1, 1)]
Key: com.catan.model.RoundedPoint2D@11ec62, Value: [Vertex(-1, -2, 5)]
Key: com.catan.model.RoundedPoint2D@11cd22, Value: [Vertex(-1, -2, 4)]
Key: com.catan.model.RoundedPoint2D@150491, Value: [Vertex(-1, -2, 3)]
Key: com.catan.model.RoundedPoint2D@154311, Value: [Vertex(-1, -2, 0)]
Key: com.catan.model.RoundedPoint2D@185b21, Value: [Vertex(-1, -2, 2)]
Key: com.catan.model.RoundedPoint2D@187a61, Value: [Vertex(-1, -2, 1)]
Key: com.catan.model.RoundedPoint2D@1f46c1, Value: [Vertex(0, -1, 0)]
Key: com.catan.model.RoundedPoint2D@225ed1, Value: [Vertex(0, -1, 2)]
Key: com.catan.model.RoundedPoint2D@227e11, Value: [Vertex(0, -1, 1)]
Key: com.catan.model.RoundedPoint2D@11ec62, Value: [Vertex(-1, -2, 5)]
Key: com.catan.model.RoundedPoint2D@11cd22, Value: [Vertex(-1, -2, 4)]
Key: com.catan.model.RoundedPoint2D@150491, Value: [Vertex(-1, -2, 3)]
Key: com.catan.model.RoundedPoint2D@154311, Value: [Vertex(-1, -2, 0)]
Key: com.catan.model.RoundedPoint2D@185b21, Value: [Vertex(-1, -2, 2)]
Key: com.catan.model.RoundedPoint2D@187a61, Value: [Vertex(-1, -2, 1)]
Key: com.catan.model.RoundedPoint2D@1f0841, Value: [Vertex(0, -1, 3)]
Key: com.catan.model.RoundedPoint2D@1f46c1, Value: [Vertex(0, -1, 0)]
Key: com.catan.model.RoundedPoint2D@225ed1, Value: [Vertex(0, -1, 2)]
Key: com.catan.model.RoundedPoint2D@227e11, Value: [Vertex(0, -1, 1)]
Key: com.catan.model.RoundedPoint2D@11ec62, Value: [Vertex(-1, -2, 5)]
Key: com.catan.model.RoundedPoint2D@11cd22, Value: [Vertex(-1, -2, 4)]
Key: com.catan.model.RoundedPoint2D@150491, Value: [Vertex(-1, -2, 3)]
Key: com.catan.model.RoundedPoint2D@154311, Value: [Vertex(-1, -2, 0)]
Key: com.catan.model.RoundedPoint2D@185b21, Value: [Vertex(-1, -2, 2)]
Key: com.catan.model.RoundedPoint2D@187a61, Value: [Vertex(-1, -2, 1)]
Key: com.catan.model.RoundedPoint2D@1bd0f1, Value: [Vertex(0, -1, 4)]
Key: com.catan.model.RoundedPoint2D@1f0841, Value: [Vertex(0, -1, 3)]
Key: com.catan.model.RoundedPoint2D@1f46c1, Value: [Vertex(0, -1, 0)]
Key: com.catan.model.RoundedPoint2D@225ed1, Value: [Vertex(0, -1, 2)]
Key: com.catan.model.RoundedPoint2D@227e11, Value: [Vertex(0, -1, 1)]
Key: com.catan.model.RoundedPoint2D@11ec62, Value: [Vertex(-1, -2, 5)]
Key: com.catan.model.RoundedPoint2D@11cd22, Value: [Vertex(-1, -2, 4)]
Key: com.catan.model.RoundedPoint2D@150491, Value: [Vertex(-1, -2, 3)]
Key: com.catan.model.RoundedPoint2D@154311, Value: [Vertex(-1, -2, 0)]
Key: com.catan.model.RoundedPoint2D@185b21, Value: [Vertex(-1, -2, 2)]
Key: com.catan.model.RoundedPoint2D@187a61, Value: [Vertex(-1, -2, 1)]
Key: com.catan.model.RoundedPoint2D@1bf031, Value: [Vertex(0, -1, 5)]
Key: com.catan.model.RoundedPoint2D@1bd0f1, Value: [Vertex(0, -1, 4)]
Key: com.catan.model.RoundedPoint2D@1f0841, Value: [Vertex(0, -1, 3)]
Key: com.catan.model.RoundedPoint2D@1f46c1, Value: [Vertex(0, -1, 0)]
Key: com.catan.model.RoundedPoint2D@225ed1, Value: [Vertex(0, -1, 2)]
Key: com.catan.model.RoundedPoint2D@227e11, Value: [Vertex(0, -1, 1)]
Key: com.catan.model.RoundedPoint2D@11ec62, Value: [Vertex(-1, -2, 5)]
Key: com.catan.model.RoundedPoint2D@11cd22, Value: [Vertex(-1, -2, 4)]
Key: com.catan.model.RoundedPoint2D@150491, Value: [Vertex(-1, -2, 3)]
Key: com.catan.model.RoundedPoint2D@154311, Value: [Vertex(-1, -2, 0)]
Key: com.catan.model.RoundedPoint2D@185b21, Value: [Vertex(-1, -2, 2)]
Key: com.catan.model.RoundedPoint2D@187a61, Value: [Vertex(-1, -2, 1)]
Key: com.catan.model.RoundedPoint2D@1bf031, Value: [Vertex(0, -1, 5)]
Key: com.catan.model.RoundedPoint2D@1bd0f1, Value: [Vertex(0, -1, 4)]
Key: com.catan.model.RoundedPoint2D@1c2eb1, Value: [Vertex(0, 0, 0)]
Key: com.catan.model.RoundedPoint2D@1f0841, Value: [Vertex(0, -1, 3)]
Key: com.catan.model.RoundedPoint2D@1f46c1, Value: [Vertex(0, -1, 0)]
Key: com.catan.model.RoundedPoint2D@150491, Value: [Vertex(-1, -2, 3)]
Key: com.catan.model.RoundedPoint2D@154311, Value: [Vertex(-1, -2, 0)]
Key: com.catan.model.RoundedPoint2D@1bf031, Value: [Vertex(0, -1, 5)]
Key: com.catan.model.RoundedPoint2D@1bd0f1, Value: [Vertex(0, -1, 4)]
Key: com.catan.model.RoundedPoint2D@1c2eb1, Value: [Vertex(0, 0, 0)]
Key: com.catan.model.RoundedPoint2D@225ed1, Value: [Vertex(0, -1, 2)]
Key: com.catan.model.RoundedPoint2D@227e11, Value: [Vertex(0, -1, 1)]
Key: com.catan.model.RoundedPoint2D@11ec62, Value: [Vertex(-1, -2, 5)]
Key: com.catan.model.RoundedPoint2D@11cd22, Value: [Vertex(-1, -2, 4)]
Key: com.catan.model.RoundedPoint2D@185b21, Value: [Vertex(-1, -2, 2)]
Key: com.catan.model.RoundedPoint2D@187a61, Value: [Vertex(-1, -2, 1)]
Key: com.catan.model.RoundedPoint2D@1f6601, Value: [Vertex(0, 0, 1)]
Key: com.catan.model.RoundedPoint2D@1f0841, Value: [Vertex(0, -1, 3)]
Key: com.catan.model.RoundedPoint2D@1f46c1, Value: [Vertex(0, -1, 0)]
Key: com.catan.model.RoundedPoint2D@150491, Value: [Vertex(-1, -2, 3)]
Key: com.catan.model.RoundedPoint2D@154311, Value: [Vertex(-1, -2, 0)]
Key: com.catan.model.RoundedPoint2D@1bf031, Value: [Vertex(0, -1, 5)]
Key: com.catan.model.RoundedPoint2D@1bd0f1, Value: [Vertex(0, -1, 4)]
Key: com.catan.model.RoundedPoint2D@1c2eb1, Value: [Vertex(0, 0, 0)]
Key: com.catan.model.RoundedPoint2D@225ed1, Value: [Vertex(0, -1, 2)]
Key: com.catan.model.RoundedPoint2D@227e11, Value: [Vertex(0, -1, 1)]
Key: com.catan.model.RoundedPoint2D@11ec62, Value: [Vertex(-1, -2, 5)]
Key: com.catan.model.RoundedPoint2D@11cd22, Value: [Vertex(-1, -2, 4)]
Key: com.catan.model.RoundedPoint2D@185b21, Value: [Vertex(-1, -2, 2)]
Key: com.catan.model.RoundedPoint2D@187a61, Value: [Vertex(-1, -2, 1)]
Key: com.catan.model.RoundedPoint2D@1f6601, Value: [Vertex(0, 0, 1)]
Key: com.catan.model.RoundedPoint2D@1f0841, Value: [Vertex(0, -1, 3)]
Key: com.catan.model.RoundedPoint2D@1f46c1, Value: [Vertex(0, -1, 0), Vertex(0, 0, 2)]
Key: com.catan.model.RoundedPoint2D@150491, Value: [Vertex(-1, -2, 3)]
Key: com.catan.model.RoundedPoint2D@154311, Value: [Vertex(-1, -2, 0)]
Key: com.catan.model.RoundedPoint2D@1bf031, Value: [Vertex(0, -1, 5), Vertex(0, 0, 3)]
Key: com.catan.model.RoundedPoint2D@1bd0f1, Value: [Vertex(0, -1, 4)]
Key: com.catan.model.RoundedPoint2D@1c2eb1, Value: [Vertex(0, 0, 0)]
Key: com.catan.model.RoundedPoint2D@225ed1, Value: [Vertex(0, -1, 2)]
Key: com.catan.model.RoundedPoint2D@227e11, Value: [Vertex(0, -1, 1)]
Key: com.catan.model.RoundedPoint2D@11ec62, Value: [Vertex(-1, -2, 5)]
Key: com.catan.model.RoundedPoint2D@11cd22, Value: [Vertex(-1, -2, 4)]
Key: com.catan.model.RoundedPoint2D@185b21, Value: [Vertex(-1, -2, 2)]
Key: com.catan.model.RoundedPoint2D@187a61, Value: [Vertex(-1, -2, 1)]
Key: com.catan.model.RoundedPoint2D@1f6601, Value: [Vertex(0, 0, 1)]
Key: com.catan.model.RoundedPoint2D@1f0841, Value: [Vertex(0, -1, 3)]
Key: com.catan.model.RoundedPoint2D@1f46c1, Value: [Vertex(0, -1, 0), Vertex(0, 0, 2)]
Key: com.catan.model.RoundedPoint2D@150491, Value: [Vertex(-1, -2, 3)]
Key: com.catan.model.RoundedPoint2D@154311, Value: [Vertex(-1, -2, 0)]
Key: com.catan.model.RoundedPoint2D@1bf031, Value: [Vertex(0, -1, 5), Vertex(0, 0, 3)]
Key: com.catan.model.RoundedPoint2D@1bd0f1, Value: [Vertex(0, -1, 4)]
Key: com.catan.model.RoundedPoint2D@1c2eb1, Value: [Vertex(0, 0, 0)]
Key: com.catan.model.RoundedPoint2D@225ed1, Value: [Vertex(0, -1, 2)]
Key: com.catan.model.RoundedPoint2D@227e11, Value: [Vertex(0, -1, 1)]
Key: com.catan.model.RoundedPoint2D@11ec62, Value: [Vertex(-1, -2, 5)]
Key: com.catan.model.RoundedPoint2D@11cd22, Value: [Vertex(-1, -2, 4)]
Key: com.catan.model.RoundedPoint2D@18b8e1, Value: [Vertex(0, 0, 4)]
Key: com.catan.model.RoundedPoint2D@185b21, Value: [Vertex(-1, -2, 2)]
Key: com.catan.model.RoundedPoint2D@187a61, Value: [Vertex(-1, -2, 1)]
Key: com.catan.model.RoundedPoint2D@1f6601, Value: [Vertex(0, 0, 1)]
Key: com.catan.model.RoundedPoint2D@1f0841, Value: [Vertex(0, -1, 3)]
Key: com.catan.model.RoundedPoint2D@1f46c1, Value: [Vertex(0, -1, 0), Vertex(0, 0, 2)]
Key: com.catan.model.RoundedPoint2D@150491, Value: [Vertex(-1, -2, 3)]
Key: com.catan.model.RoundedPoint2D@154311, Value: [Vertex(-1, -2, 0)]
Key: com.catan.model.RoundedPoint2D@1bf031, Value: [Vertex(0, -1, 5), Vertex(0, 0, 3)]
Key: com.catan.model.RoundedPoint2D@1bd0f1, Value: [Vertex(0, -1, 4)]
Key: com.catan.model.RoundedPoint2D@1c2eb1, Value: [Vertex(0, 0, 0)]
Key: com.catan.model.RoundedPoint2D@225ed1, Value: [Vertex(0, -1, 2)]
Key: com.catan.model.RoundedPoint2D@227e11, Value: [Vertex(0, -1, 1)]
Key: com.catan.model.RoundedPoint2D@11ec62, Value: [Vertex(-1, -2, 5)]
Key: com.catan.model.RoundedPoint2D@11cd22, Value: [Vertex(-1, -2, 4)]
Key: com.catan.model.RoundedPoint2D@18d821, Value: [Vertex(0, 0, 5)]
Key: com.catan.model.RoundedPoint2D@18b8e1, Value: [Vertex(0, 0, 4)]
Key: com.catan.model.RoundedPoint2D@185b21, Value: [Vertex(-1, -2, 2)]
Key: com.catan.model.RoundedPoint2D@187a61, Value: [Vertex(-1, -2, 1)]
Key: com.catan.model.RoundedPoint2D@1f6601, Value: [Vertex(0, 0, 1)]
Key: com.catan.model.RoundedPoint2D@1f0841, Value: [Vertex(0, -1, 3)]
Key: com.catan.model.RoundedPoint2D@1f46c1, Value: [Vertex(0, -1, 0), Vertex(0, 0, 2)]
Key: com.catan.model.RoundedPoint2D@150491, Value: [Vertex(-1, -2, 3)]
Key: com.catan.model.RoundedPoint2D@154311, Value: [Vertex(-1, -2, 0)]
Key: com.catan.model.RoundedPoint2D@263280, Value: [Vertex(1, 1, 0)]
Key: com.catan.model.RoundedPoint2D@1bf031, Value: [Vertex(0, -1, 5), Vertex(0, 0, 3)]
Key: com.catan.model.RoundedPoint2D@1bd0f1, Value: [Vertex(0, -1, 4)]
Key: com.catan.model.RoundedPoint2D@1c2eb1, Value: [Vertex(0, 0, 0)]
Key: com.catan.model.RoundedPoint2D@225ed1, Value: [Vertex(0, -1, 2)]
Key: com.catan.model.RoundedPoint2D@227e11, Value: [Vertex(0, -1, 1)]
Key: com.catan.model.RoundedPoint2D@11ec62, Value: [Vertex(-1, -2, 5)]
Key: com.catan.model.RoundedPoint2D@11cd22, Value: [Vertex(-1, -2, 4)]
Key: com.catan.model.RoundedPoint2D@18d821, Value: [Vertex(0, 0, 5)]
Key: com.catan.model.RoundedPoint2D@18b8e1, Value: [Vertex(0, 0, 4)]
Key: com.catan.model.RoundedPoint2D@185b21, Value: [Vertex(-1, -2, 2)]
Key: com.catan.model.RoundedPoint2D@187a61, Value: [Vertex(-1, -2, 1)]
Key: com.catan.model.RoundedPoint2D@1f6601, Value: [Vertex(0, 0, 1)]
Key: com.catan.model.RoundedPoint2D@1f0841, Value: [Vertex(0, -1, 3)]
Key: com.catan.model.RoundedPoint2D@1f46c1, Value: [Vertex(0, -1, 0), Vertex(0, 0, 2)]
Key: com.catan.model.RoundedPoint2D@150491, Value: [Vertex(-1, -2, 3)]
Key: com.catan.model.RoundedPoint2D@154311, Value: [Vertex(-1, -2, 0)]
Key: com.catan.model.RoundedPoint2D@263280, Value: [Vertex(1, 1, 0)]
Key: com.catan.model.RoundedPoint2D@1bf031, Value: [Vertex(0, -1, 5), Vertex(0, 0, 3)]
Key: com.catan.model.RoundedPoint2D@1bd0f1, Value: [Vertex(0, -1, 4)]
Key: com.catan.model.RoundedPoint2D@1c2eb1, Value: [Vertex(0, 0, 0)]
Key: com.catan.model.RoundedPoint2D@225ed1, Value: [Vertex(0, -1, 2)]
Key: com.catan.model.RoundedPoint2D@227e11, Value: [Vertex(0, -1, 1)]
Key: com.catan.model.RoundedPoint2D@11ec62, Value: [Vertex(-1, -2, 5)]
Key: com.catan.model.RoundedPoint2D@11cd22, Value: [Vertex(-1, -2, 4)]
Key: com.catan.model.RoundedPoint2D@2969d0, Value: [Vertex(1, 1, 1)]
Key: com.catan.model.RoundedPoint2D@18d821, Value: [Vertex(0, 0, 5)]
Key: com.catan.model.RoundedPoint2D@18b8e1, Value: [Vertex(0, 0, 4)]
Key: com.catan.model.RoundedPoint2D@185b21, Value: [Vertex(-1, -2, 2)]
Key: com.catan.model.RoundedPoint2D@187a61, Value: [Vertex(-1, -2, 1)]
Key: com.catan.model.RoundedPoint2D@1f6601, Value: [Vertex(0, 0, 1)]
Key: com.catan.model.RoundedPoint2D@1f0841, Value: [Vertex(0, -1, 3)]
Key: com.catan.model.RoundedPoint2D@1f46c1, Value: [Vertex(0, -1, 0), Vertex(0, 0, 2)]
Key: com.catan.model.RoundedPoint2D@150491, Value: [Vertex(-1, -2, 3)]
Key: com.catan.model.RoundedPoint2D@154311, Value: [Vertex(-1, -2, 0)]
Key: com.catan.model.RoundedPoint2D@263280, Value: [Vertex(1, 1, 0)]
Key: com.catan.model.RoundedPoint2D@1bf031, Value: [Vertex(0, -1, 5), Vertex(0, 0, 3)]
Key: com.catan.model.RoundedPoint2D@1bd0f1, Value: [Vertex(0, -1, 4)]
Key: com.catan.model.RoundedPoint2D@1c2eb1, Value: [Vertex(0, 0, 0)]
Key: com.catan.model.RoundedPoint2D@225ed1, Value: [Vertex(0, -1, 2)]
Key: com.catan.model.RoundedPoint2D@227e11, Value: [Vertex(0, -1, 1)]
Key: com.catan.model.RoundedPoint2D@11ec62, Value: [Vertex(-1, -2, 5)]
Key: com.catan.model.RoundedPoint2D@11cd22, Value: [Vertex(-1, -2, 4)]
Key: com.catan.model.RoundedPoint2D@294a90, Value: [Vertex(1, 1, 2)]
Key: com.catan.model.RoundedPoint2D@2969d0, Value: [Vertex(1, 1, 1)]
Key: com.catan.model.RoundedPoint2D@18d821, Value: [Vertex(0, 0, 5)]
Key: com.catan.model.RoundedPoint2D@18b8e1, Value: [Vertex(0, 0, 4)]
Key: com.catan.model.RoundedPoint2D@185b21, Value: [Vertex(-1, -2, 2)]
Key: com.catan.model.RoundedPoint2D@187a61, Value: [Vertex(-1, -2, 1)]
Key: com.catan.model.RoundedPoint2D@1f6601, Value: [Vertex(0, 0, 1)]
Key: com.catan.model.RoundedPoint2D@1f0841, Value: [Vertex(0, -1, 3)]
Key: com.catan.model.RoundedPoint2D@1f46c1, Value: [Vertex(0, -1, 0), Vertex(0, 0, 2)]
Key: com.catan.model.RoundedPoint2D@150491, Value: [Vertex(-1, -2, 3)]
Key: com.catan.model.RoundedPoint2D@154311, Value: [Vertex(-1, -2, 0)]
Key: com.catan.model.RoundedPoint2D@25f400, Value: [Vertex(1, 1, 3)]
Key: com.catan.model.RoundedPoint2D@263280, Value: [Vertex(1, 1, 0)]
Key: com.catan.model.RoundedPoint2D@1bf031, Value: [Vertex(0, -1, 5), Vertex(0, 0, 3)]
Key: com.catan.model.RoundedPoint2D@1bd0f1, Value: [Vertex(0, -1, 4)]
Key: com.catan.model.RoundedPoint2D@1c2eb1, Value: [Vertex(0, 0, 0)]
Key: com.catan.model.RoundedPoint2D@225ed1, Value: [Vertex(0, -1, 2)]
Key: com.catan.model.RoundedPoint2D@227e11, Value: [Vertex(0, -1, 1)]
Key: com.catan.model.RoundedPoint2D@11ec62, Value: [Vertex(-1, -2, 5)]
Key: com.catan.model.RoundedPoint2D@11cd22, Value: [Vertex(-1, -2, 4)]
Key: com.catan.model.RoundedPoint2D@294a90, Value: [Vertex(1, 1, 2)]
Key: com.catan.model.RoundedPoint2D@2969d0, Value: [Vertex(1, 1, 1)]
Key: com.catan.model.RoundedPoint2D@18d821, Value: [Vertex(0, 0, 5)]
Key: com.catan.model.RoundedPoint2D@18b8e1, Value: [Vertex(0, 0, 4)]
Key: com.catan.model.RoundedPoint2D@185b21, Value: [Vertex(-1, -2, 2)]
Key: com.catan.model.RoundedPoint2D@187a61, Value: [Vertex(-1, -2, 1)]
Key: com.catan.model.RoundedPoint2D@1f6601, Value: [Vertex(0, 0, 1)]
Key: com.catan.model.RoundedPoint2D@1f0841, Value: [Vertex(0, -1, 3)]
Key: com.catan.model.RoundedPoint2D@1f46c1, Value: [Vertex(0, -1, 0), Vertex(0, 0, 2)]
Key: com.catan.model.RoundedPoint2D@150491, Value: [Vertex(-1, -2, 3)]
Key: com.catan.model.RoundedPoint2D@154311, Value: [Vertex(-1, -2, 0)]
Key: com.catan.model.RoundedPoint2D@25f400, Value: [Vertex(1, 1, 3)]
Key: com.catan.model.RoundedPoint2D@263280, Value: [Vertex(1, 1, 0)]
Key: com.catan.model.RoundedPoint2D@1bf031, Value: [Vertex(0, -1, 5), Vertex(0, 0, 3)]
Key: com.catan.model.RoundedPoint2D@1bd0f1, Value: [Vertex(0, -1, 4)]
Key: com.catan.model.RoundedPoint2D@1c2eb1, Value: [Vertex(0, 0, 0)]
Key: com.catan.model.RoundedPoint2D@22bc91, Value: [Vertex(1, 1, 4)]
Key: com.catan.model.RoundedPoint2D@225ed1, Value: [Vertex(0, -1, 2)]
Key: com.catan.model.RoundedPoint2D@227e11, Value: [Vertex(0, -1, 1)]
Key: com.catan.model.RoundedPoint2D@11ec62, Value: [Vertex(-1, -2, 5)]
Key: com.catan.model.RoundedPoint2D@11cd22, Value: [Vertex(-1, -2, 4)]
Key: com.catan.model.RoundedPoint2D@294a90, Value: [Vertex(1, 1, 2)]
Key: com.catan.model.RoundedPoint2D@2969d0, Value: [Vertex(1, 1, 1)]
Key: com.catan.model.RoundedPoint2D@18d821, Value: [Vertex(0, 0, 5)]
Key: com.catan.model.RoundedPoint2D@18b8e1, Value: [Vertex(0, 0, 4)]
Key: com.catan.model.RoundedPoint2D@185b21, Value: [Vertex(-1, -2, 2)]
Key: com.catan.model.RoundedPoint2D@187a61, Value: [Vertex(-1, -2, 1)]
Key: com.catan.model.RoundedPoint2D@1f6601, Value: [Vertex(0, 0, 1)]
Key: com.catan.model.RoundedPoint2D@1f0841, Value: [Vertex(0, -1, 3)]
Key: com.catan.model.RoundedPoint2D@1f46c1, Value: [Vertex(0, -1, 0), Vertex(0, 0, 2)]
Key: com.catan.model.RoundedPoint2D@150491, Value: [Vertex(-1, -2, 3)]
Key: com.catan.model.RoundedPoint2D@154311, Value: [Vertex(-1, -2, 0)]
Key: com.catan.model.RoundedPoint2D@25f400, Value: [Vertex(1, 1, 3)]
Key: com.catan.model.RoundedPoint2D@263280, Value: [Vertex(1, 1, 0)]
Key: com.catan.model.RoundedPoint2D@1bf031, Value: [Vertex(0, -1, 5), Vertex(0, 0, 3)]
Key: com.catan.model.RoundedPoint2D@1bd0f1, Value: [Vertex(0, -1, 4)]
Key: com.catan.model.RoundedPoint2D@1c2eb1, Value: [Vertex(0, 0, 0)]
Key: com.catan.model.RoundedPoint2D@22dbd1, Value: [Vertex(1, 1, 5)]
Key: com.catan.model.RoundedPoint2D@22bc91, Value: [Vertex(1, 1, 4)]
Key: com.catan.model.RoundedPoint2D@225ed1, Value: [Vertex(0, -1, 2)]
Key: com.catan.model.RoundedPoint2D@227e11, Value: [Vertex(0, -1, 1)]
Key: com.catan.model.RoundedPoint2D@11ec62, Value: [Vertex(-1, -2, 5)]
Key: com.catan.model.RoundedPoint2D@11cd22, Value: [Vertex(-1, -2, 4)]
Key: com.catan.model.RoundedPoint2D@294a90, Value: [Vertex(1, 1, 2)]
Key: com.catan.model.RoundedPoint2D@2969d0, Value: [Vertex(1, 1, 1)]
Key: com.catan.model.RoundedPoint2D@18d821, Value: [Vertex(0, 0, 5)]
Key: com.catan.model.RoundedPoint2D@18b8e1, Value: [Vertex(0, 0, 4)]
Key: com.catan.model.RoundedPoint2D@185b21, Value: [Vertex(-1, -2, 2)]
Key: com.catan.model.RoundedPoint2D@187a61, Value: [Vertex(-1, -2, 1)]
Key: com.catan.model.RoundedPoint2D@1f6601, Value: [Vertex(0, 0, 1)]
Key: com.catan.model.RoundedPoint2D@1f0841, Value: [Vertex(0, -1, 3)]
Key: com.catan.model.RoundedPoint2D@1f46c1, Value: [Vertex(0, -1, 0), Vertex(0, 0, 2)]
Key: com.catan.model.RoundedPoint2D@150491, Value: [Vertex(-1, -2, 3)]
Key: com.catan.model.RoundedPoint2D@154311, Value: [Vertex(-1, -2, 0)]
Key: com.catan.model.RoundedPoint2D@25f400, Value: [Vertex(1, 1, 3)]
Key: com.catan.model.RoundedPoint2D@263280, Value: [Vertex(1, 1, 0)]
Key: com.catan.model.RoundedPoint2D@1bf031, Value: [Vertex(0, -1, 5), Vertex(0, 0, 3)]
Key: com.catan.model.RoundedPoint2D@1bd0f1, Value: [Vertex(0, -1, 4), Vertex(0, -2, 0)]
Key: com.catan.model.RoundedPoint2D@1c2eb1, Value: [Vertex(0, 0, 0)]
Key: com.catan.model.RoundedPoint2D@22dbd1, Value: [Vertex(1, 1, 5)]
Key: com.catan.model.RoundedPoint2D@22bc91, Value: [Vertex(1, 1, 4)]
Key: com.catan.model.RoundedPoint2D@225ed1, Value: [Vertex(0, -1, 2)]
Key: com.catan.model.RoundedPoint2D@227e11, Value: [Vertex(0, -1, 1)]
Key: com.catan.model.RoundedPoint2D@11ec62, Value: [Vertex(-1, -2, 5)]
Key: com.catan.model.RoundedPoint2D@11cd22, Value: [Vertex(-1, -2, 4)]
Key: com.catan.model.RoundedPoint2D@294a90, Value: [Vertex(1, 1, 2)]
Key: com.catan.model.RoundedPoint2D@2969d0, Value: [Vertex(1, 1, 1)]
Key: com.catan.model.RoundedPoint2D@18d821, Value: [Vertex(0, 0, 5)]
Key: com.catan.model.RoundedPoint2D@18b8e1, Value: [Vertex(0, 0, 4)]
Key: com.catan.model.RoundedPoint2D@185b21, Value: [Vertex(-1, -2, 2)]
Key: com.catan.model.RoundedPoint2D@187a61, Value: [Vertex(-1, -2, 1)]
Key: com.catan.model.RoundedPoint2D@1f6601, Value: [Vertex(0, 0, 1)]
Key: com.catan.model.RoundedPoint2D@1f0841, Value: [Vertex(0, -1, 3)]
Key: com.catan.model.RoundedPoint2D@1f46c1, Value: [Vertex(0, -1, 0), Vertex(0, 0, 2)]
Key: com.catan.model.RoundedPoint2D@150491, Value: [Vertex(-1, -2, 3)]
Key: com.catan.model.RoundedPoint2D@154311, Value: [Vertex(-1, -2, 0)]
Key: com.catan.model.RoundedPoint2D@25f400, Value: [Vertex(1, 1, 3)]
Key: com.catan.model.RoundedPoint2D@263280, Value: [Vertex(1, 1, 0)]
Key: com.catan.model.RoundedPoint2D@1bf031, Value: [Vertex(0, -1, 5), Vertex(0, 0, 3)]
Key: com.catan.model.RoundedPoint2D@1bd0f1, Value: [Vertex(0, -1, 4), Vertex(0, -2, 0)]
Key: com.catan.model.RoundedPoint2D@1c2eb1, Value: [Vertex(0, 0, 0)]
Key: com.catan.model.RoundedPoint2D@22dbd1, Value: [Vertex(1, 1, 5)]
Key: com.catan.model.RoundedPoint2D@22bc91, Value: [Vertex(1, 1, 4)]
Key: com.catan.model.RoundedPoint2D@225ed1, Value: [Vertex(0, -1, 2)]
Key: com.catan.model.RoundedPoint2D@227e11, Value: [Vertex(0, -1, 1)]
Key: com.catan.model.RoundedPoint2D@11ec62, Value: [Vertex(-1, -2, 5)]
Key: com.catan.model.RoundedPoint2D@11cd22, Value: [Vertex(-1, -2, 4)]
Key: com.catan.model.RoundedPoint2D@294a90, Value: [Vertex(1, 1, 2)]
Key: com.catan.model.RoundedPoint2D@2969d0, Value: [Vertex(1, 1, 1)]
Key: com.catan.model.RoundedPoint2D@18d821, Value: [Vertex(0, 0, 5)]
Key: com.catan.model.RoundedPoint2D@18b8e1, Value: [Vertex(0, 0, 4)]
Key: com.catan.model.RoundedPoint2D@185b21, Value: [Vertex(-1, -2, 2)]
Key: com.catan.model.RoundedPoint2D@187a61, Value: [Vertex(-1, -2, 1)]
Key: com.catan.model.RoundedPoint2D@1f6601, Value: [Vertex(0, 0, 1)]
Key: com.catan.model.RoundedPoint2D@1f0841, Value: [Vertex(0, -1, 3), Vertex(0, -2, 1)]
Key: com.catan.model.RoundedPoint2D@1f46c1, Value: [Vertex(0, -1, 0), Vertex(0, 0, 2)]
Key: com.catan.model.RoundedPoint2D@150491, Value: [Vertex(-1, -2, 3)]
Key: com.catan.model.RoundedPoint2D@154311, Value: [Vertex(-1, -2, 0)]
Key: com.catan.model.RoundedPoint2D@25f400, Value: [Vertex(1, 1, 3)]
Key: com.catan.model.RoundedPoint2D@263280, Value: [Vertex(1, 1, 0)]
Key: com.catan.model.RoundedPoint2D@1bf031, Value: [Vertex(0, -1, 5), Vertex(0, 0, 3)]
Key: com.catan.model.RoundedPoint2D@1bd0f1, Value: [Vertex(0, -1, 4), Vertex(0, -2, 0)]
Key: com.catan.model.RoundedPoint2D@1c2eb1, Value: [Vertex(0, 0, 0)]
Key: com.catan.model.RoundedPoint2D@22dbd1, Value: [Vertex(1, 1, 5)]
Key: com.catan.model.RoundedPoint2D@22bc91, Value: [Vertex(1, 1, 4)]
Key: com.catan.model.RoundedPoint2D@225ed1, Value: [Vertex(0, -1, 2)]
Key: com.catan.model.RoundedPoint2D@227e11, Value: [Vertex(0, -1, 1)]
Key: com.catan.model.RoundedPoint2D@11ec62, Value: [Vertex(-1, -2, 5)]
Key: com.catan.model.RoundedPoint2D@11cd22, Value: [Vertex(-1, -2, 4)]
Key: com.catan.model.RoundedPoint2D@294a90, Value: [Vertex(1, 1, 2)]
Key: com.catan.model.RoundedPoint2D@2969d0, Value: [Vertex(1, 1, 1)]
Key: com.catan.model.RoundedPoint2D@18d821, Value: [Vertex(0, 0, 5)]
Key: com.catan.model.RoundedPoint2D@18b8e1, Value: [Vertex(0, 0, 4)]
Key: com.catan.model.RoundedPoint2D@185b21, Value: [Vertex(-1, -2, 2)]
Key: com.catan.model.RoundedPoint2D@187a61, Value: [Vertex(-1, -2, 1)]
Key: com.catan.model.RoundedPoint2D@1f6601, Value: [Vertex(0, 0, 1)]
Key: com.catan.model.RoundedPoint2D@1f0841, Value: [Vertex(0, -1, 3), Vertex(0, -2, 1)]
Key: com.catan.model.RoundedPoint2D@1f46c1, Value: [Vertex(0, -1, 0), Vertex(0, 0, 2)]
Key: com.catan.model.RoundedPoint2D@1ee901, Value: [Vertex(0, -2, 2)]
Key: com.catan.model.RoundedPoint2D@150491, Value: [Vertex(-1, -2, 3)]
Key: com.catan.model.RoundedPoint2D@154311, Value: [Vertex(-1, -2, 0)]
Key: com.catan.model.RoundedPoint2D@25f400, Value: [Vertex(1, 1, 3)]
Key: com.catan.model.RoundedPoint2D@263280, Value: [Vertex(1, 1, 0)]
Key: com.catan.model.RoundedPoint2D@1b9271, Value: [Vertex(0, -2, 3)]
Key: com.catan.model.RoundedPoint2D@1bf031, Value: [Vertex(0, -1, 5), Vertex(0, 0, 3)]
Key: com.catan.model.RoundedPoint2D@1bd0f1, Value: [Vertex(0, -1, 4), Vertex(0, -2, 0)]
Key: com.catan.model.RoundedPoint2D@1c2eb1, Value: [Vertex(0, 0, 0)]
Key: com.catan.model.RoundedPoint2D@22dbd1, Value: [Vertex(1, 1, 5)]
Key: com.catan.model.RoundedPoint2D@22bc91, Value: [Vertex(1, 1, 4)]
Key: com.catan.model.RoundedPoint2D@225ed1, Value: [Vertex(0, -1, 2)]
Key: com.catan.model.RoundedPoint2D@227e11, Value: [Vertex(0, -1, 1)]
Key: com.catan.model.RoundedPoint2D@11ec62, Value: [Vertex(-1, -2, 5)]
Key: com.catan.model.RoundedPoint2D@11cd22, Value: [Vertex(-1, -2, 4)]
Key: com.catan.model.RoundedPoint2D@294a90, Value: [Vertex(1, 1, 2)]
Key: com.catan.model.RoundedPoint2D@2969d0, Value: [Vertex(1, 1, 1)]
Key: com.catan.model.RoundedPoint2D@18d821, Value: [Vertex(0, 0, 5)]
Key: com.catan.model.RoundedPoint2D@18b8e1, Value: [Vertex(0, 0, 4)]
Key: com.catan.model.RoundedPoint2D@185b21, Value: [Vertex(-1, -2, 2)]
Key: com.catan.model.RoundedPoint2D@187a61, Value: [Vertex(-1, -2, 1)]
Key: com.catan.model.RoundedPoint2D@1f6601, Value: [Vertex(0, 0, 1)]
Key: com.catan.model.RoundedPoint2D@1f0841, Value: [Vertex(0, -1, 3), Vertex(0, -2, 1)]
Key: com.catan.model.RoundedPoint2D@1f46c1, Value: [Vertex(0, -1, 0), Vertex(0, 0, 2)]
Key: com.catan.model.RoundedPoint2D@1ee901, Value: [Vertex(0, -2, 2)]
Key: com.catan.model.RoundedPoint2D@150491, Value: [Vertex(-1, -2, 3)]
Key: com.catan.model.RoundedPoint2D@154311, Value: [Vertex(-1, -2, 0)]
Key: com.catan.model.RoundedPoint2D@25f400, Value: [Vertex(1, 1, 3)]
Key: com.catan.model.RoundedPoint2D@263280, Value: [Vertex(1, 1, 0)]
Key: com.catan.model.RoundedPoint2D@1b9271, Value: [Vertex(0, -2, 3)]
Key: com.catan.model.RoundedPoint2D@1bf031, Value: [Vertex(0, -1, 5), Vertex(0, 0, 3)]
Key: com.catan.model.RoundedPoint2D@1bd0f1, Value: [Vertex(0, -1, 4), Vertex(0, -2, 0)]
Key: com.catan.model.RoundedPoint2D@1c2eb1, Value: [Vertex(0, 0, 0)]
Key: com.catan.model.RoundedPoint2D@22dbd1, Value: [Vertex(1, 1, 5)]
Key: com.catan.model.RoundedPoint2D@22bc91, Value: [Vertex(1, 1, 4)]
Key: com.catan.model.RoundedPoint2D@225ed1, Value: [Vertex(0, -1, 2)]
Key: com.catan.model.RoundedPoint2D@227e11, Value: [Vertex(0, -1, 1)]
Key: com.catan.model.RoundedPoint2D@11ec62, Value: [Vertex(-1, -2, 5)]
Key: com.catan.model.RoundedPoint2D@11cd22, Value: [Vertex(-1, -2, 4)]
Key: com.catan.model.RoundedPoint2D@294a90, Value: [Vertex(1, 1, 2)]
Key: com.catan.model.RoundedPoint2D@2969d0, Value: [Vertex(1, 1, 1)]
Key: com.catan.model.RoundedPoint2D@18d821, Value: [Vertex(0, 0, 5)]
Key: com.catan.model.RoundedPoint2D@18b8e1, Value: [Vertex(0, 0, 4)]
Key: com.catan.model.RoundedPoint2D@185b21, Value: [Vertex(-1, -2, 2), Vertex(0, -2, 4)]
Key: com.catan.model.RoundedPoint2D@187a61, Value: [Vertex(-1, -2, 1)]
Key: com.catan.model.RoundedPoint2D@1f6601, Value: [Vertex(0, 0, 1)]
Key: com.catan.model.RoundedPoint2D@1f0841, Value: [Vertex(0, -1, 3), Vertex(0, -2, 1)]
Key: com.catan.model.RoundedPoint2D@1f46c1, Value: [Vertex(0, -1, 0), Vertex(0, 0, 2)]
Key: com.catan.model.RoundedPoint2D@1ee901, Value: [Vertex(0, -2, 2)]
Key: com.catan.model.RoundedPoint2D@150491, Value: [Vertex(-1, -2, 3)]
Key: com.catan.model.RoundedPoint2D@154311, Value: [Vertex(-1, -2, 0)]
Key: com.catan.model.RoundedPoint2D@25f400, Value: [Vertex(1, 1, 3)]
Key: com.catan.model.RoundedPoint2D@263280, Value: [Vertex(1, 1, 0)]
Key: com.catan.model.RoundedPoint2D@1b9271, Value: [Vertex(0, -2, 3)]
Key: com.catan.model.RoundedPoint2D@1bf031, Value: [Vertex(0, -1, 5), Vertex(0, 0, 3)]
Key: com.catan.model.RoundedPoint2D@1bd0f1, Value: [Vertex(0, -1, 4), Vertex(0, -2, 0)]
Key: com.catan.model.RoundedPoint2D@1c2eb1, Value: [Vertex(0, 0, 0)]
Key: com.catan.model.RoundedPoint2D@22dbd1, Value: [Vertex(1, 1, 5)]
Key: com.catan.model.RoundedPoint2D@22bc91, Value: [Vertex(1, 1, 4)]
Key: com.catan.model.RoundedPoint2D@225ed1, Value: [Vertex(0, -1, 2)]
Key: com.catan.model.RoundedPoint2D@227e11, Value: [Vertex(0, -1, 1)]
Key: com.catan.model.RoundedPoint2D@11ec62, Value: [Vertex(-1, -2, 5)]
Key: com.catan.model.RoundedPoint2D@11cd22, Value: [Vertex(-1, -2, 4)]
Key: com.catan.model.RoundedPoint2D@294a90, Value: [Vertex(1, 1, 2)]
Key: com.catan.model.RoundedPoint2D@2969d0, Value: [Vertex(1, 1, 1)]
Key: com.catan.model.RoundedPoint2D@18d821, Value: [Vertex(0, 0, 5)]
Key: com.catan.model.RoundedPoint2D@18b8e1, Value: [Vertex(0, 0, 4)]
Key: com.catan.model.RoundedPoint2D@185b21, Value: [Vertex(-1, -2, 2), Vertex(0, -2, 4)]
Key: com.catan.model.RoundedPoint2D@187a61, Value: [Vertex(-1, -2, 1), Vertex(0, -2, 5)]
Key: com.catan.model.RoundedPoint2D@1f6601, Value: [Vertex(0, 0, 1)]
Key: com.catan.model.RoundedPoint2D@1f0841, Value: [Vertex(0, -1, 3), Vertex(0, -2, 1)]
Key: com.catan.model.RoundedPoint2D@1f46c1, Value: [Vertex(0, -1, 0), Vertex(0, 0, 2)]
Key: com.catan.model.RoundedPoint2D@1ee901, Value: [Vertex(0, -2, 2)]
Key: com.catan.model.RoundedPoint2D@150491, Value: [Vertex(-1, -2, 3)]
Key: com.catan.model.RoundedPoint2D@154311, Value: [Vertex(-1, -2, 0)]
Key: com.catan.model.RoundedPoint2D@25f400, Value: [Vertex(1, 1, 3)]
Key: com.catan.model.RoundedPoint2D@263280, Value: [Vertex(1, 1, 0)]
Key: com.catan.model.RoundedPoint2D@1b9271, Value: [Vertex(0, -2, 3)]
Key: com.catan.model.RoundedPoint2D@1bf031, Value: [Vertex(0, -1, 5), Vertex(0, 0, 3)]
Key: com.catan.model.RoundedPoint2D@1bd0f1, Value: [Vertex(0, -1, 4), Vertex(0, -2, 0)]
Key: com.catan.model.RoundedPoint2D@1c2eb1, Value: [Vertex(0, 0, 0)]
Key: com.catan.model.RoundedPoint2D@22dbd1, Value: [Vertex(1, 1, 5)]
Key: com.catan.model.RoundedPoint2D@22bc91, Value: [Vertex(1, 1, 4)]
Key: com.catan.model.RoundedPoint2D@225ed1, Value: [Vertex(0, -1, 2)]
Key: com.catan.model.RoundedPoint2D@227e11, Value: [Vertex(0, -1, 1)]
Key: com.catan.model.RoundedPoint2D@11ec62, Value: [Vertex(-1, -2, 5)]
Key: com.catan.model.RoundedPoint2D@11cd22, Value: [Vertex(-1, -2, 4)]
Key: com.catan.model.RoundedPoint2D@294a90, Value: [Vertex(1, 1, 2)]
Key: com.catan.model.RoundedPoint2D@2969d0, Value: [Vertex(1, 1, 1)]
Key: com.catan.model.RoundedPoint2D@18d821, Value: [Vertex(0, 0, 5)]
Key: com.catan.model.RoundedPoint2D@18b8e1, Value: [Vertex(0, 0, 4)]
Key: com.catan.model.RoundedPoint2D@185b21, Value: [Vertex(-1, -2, 2), Vertex(0, -2, 4)]
Key: com.catan.model.RoundedPoint2D@187a61, Value: [Vertex(-1, -2, 1), Vertex(0, -2, 5)]
Key: com.catan.model.RoundedPoint2D@1fa481, Value: [Vertex(0, 1, 0)]
Key: com.catan.model.RoundedPoint2D@1f6601, Value: [Vertex(0, 0, 1)]
Key: com.catan.model.RoundedPoint2D@1f0841, Value: [Vertex(0, -1, 3), Vertex(0, -2, 1)]
Key: com.catan.model.RoundedPoint2D@1f46c1, Value: [Vertex(0, -1, 0), Vertex(0, 0, 2)]
Key: com.catan.model.RoundedPoint2D@1ee901, Value: [Vertex(0, -2, 2)]
Key: com.catan.model.RoundedPoint2D@150491, Value: [Vertex(-1, -2, 3)]
Key: com.catan.model.RoundedPoint2D@154311, Value: [Vertex(-1, -2, 0)]
Key: com.catan.model.RoundedPoint2D@1fa481, Value: [Vertex(0, 1, 0)]
Key: com.catan.model.RoundedPoint2D@1f6601, Value: [Vertex(0, 0, 1)]
Key: com.catan.model.RoundedPoint2D@1f0841, Value: [Vertex(0, -1, 3), Vertex(0, -2, 1)]
Key: com.catan.model.RoundedPoint2D@1f46c1, Value: [Vertex(0, -1, 0), Vertex(0, 0, 2)]
Key: com.catan.model.RoundedPoint2D@1ee901, Value: [Vertex(0, -2, 2)]
Key: com.catan.model.RoundedPoint2D@25f400, Value: [Vertex(1, 1, 3)]
Key: com.catan.model.RoundedPoint2D@263280, Value: [Vertex(1, 1, 0)]
Key: com.catan.model.RoundedPoint2D@1b9271, Value: [Vertex(0, -2, 3)]
Key: com.catan.model.RoundedPoint2D@1bf031, Value: [Vertex(0, -1, 5), Vertex(0, 0, 3)]
Key: com.catan.model.RoundedPoint2D@1bd0f1, Value: [Vertex(0, -1, 4), Vertex(0, -2, 0)]
Key: com.catan.model.RoundedPoint2D@1c2eb1, Value: [Vertex(0, 0, 0)]
Key: com.catan.model.RoundedPoint2D@22dbd1, Value: [Vertex(1, 1, 5), Vertex(0, 1, 1)]
Key: com.catan.model.RoundedPoint2D@22bc91, Value: [Vertex(1, 1, 4)]
Key: com.catan.model.RoundedPoint2D@225ed1, Value: [Vertex(0, -1, 2)]
Key: com.catan.model.RoundedPoint2D@227e11, Value: [Vertex(0, -1, 1)]
Key: com.catan.model.RoundedPoint2D@11ec62, Value: [Vertex(-1, -2, 5)]
Key: com.catan.model.RoundedPoint2D@11cd22, Value: [Vertex(-1, -2, 4)]
Key: com.catan.model.RoundedPoint2D@294a90, Value: [Vertex(1, 1, 2)]
Key: com.catan.model.RoundedPoint2D@2969d0, Value: [Vertex(1, 1, 1)]
Key: com.catan.model.RoundedPoint2D@18d821, Value: [Vertex(0, 0, 5)]
Key: com.catan.model.RoundedPoint2D@18b8e1, Value: [Vertex(0, 0, 4)]
Key: com.catan.model.RoundedPoint2D@185b21, Value: [Vertex(-1, -2, 2), Vertex(0, -2, 4)]
Key: com.catan.model.RoundedPoint2D@187a61, Value: [Vertex(-1, -2, 1), Vertex(0, -2, 5)]
Key: com.catan.model.RoundedPoint2D@150491, Value: [Vertex(-1, -2, 3)]
Key: com.catan.model.RoundedPoint2D@154311, Value: [Vertex(-1, -2, 0)]
Key: com.catan.model.RoundedPoint2D@1fa481, Value: [Vertex(0, 1, 0)]
Key: com.catan.model.RoundedPoint2D@1f6601, Value: [Vertex(0, 0, 1)]
Key: com.catan.model.RoundedPoint2D@1f0841, Value: [Vertex(0, -1, 3), Vertex(0, -2, 1)]
Key: com.catan.model.RoundedPoint2D@1f46c1, Value: [Vertex(0, -1, 0), Vertex(0, 0, 2)]
Key: com.catan.model.RoundedPoint2D@1ee901, Value: [Vertex(0, -2, 2)]
Key: com.catan.model.RoundedPoint2D@25f400, Value: [Vertex(1, 1, 3)]
Key: com.catan.model.RoundedPoint2D@263280, Value: [Vertex(1, 1, 0)]
Key: com.catan.model.RoundedPoint2D@1b9271, Value: [Vertex(0, -2, 3)]
Key: com.catan.model.RoundedPoint2D@1bf031, Value: [Vertex(0, -1, 5), Vertex(0, 0, 3)]
Key: com.catan.model.RoundedPoint2D@1bd0f1, Value: [Vertex(0, -1, 4), Vertex(0, -2, 0)]
Key: com.catan.model.RoundedPoint2D@1c2eb1, Value: [Vertex(0, 0, 0)]
Key: com.catan.model.RoundedPoint2D@22dbd1, Value: [Vertex(1, 1, 5), Vertex(0, 1, 1)]
Key: com.catan.model.RoundedPoint2D@22bc91, Value: [Vertex(1, 1, 4), Vertex(0, 1, 2)]
Key: com.catan.model.RoundedPoint2D@225ed1, Value: [Vertex(0, -1, 2)]
Key: com.catan.model.RoundedPoint2D@227e11, Value: [Vertex(0, -1, 1)]
Key: com.catan.model.RoundedPoint2D@11ec62, Value: [Vertex(-1, -2, 5)]
Key: com.catan.model.RoundedPoint2D@11cd22, Value: [Vertex(-1, -2, 4)]
Key: com.catan.model.RoundedPoint2D@294a90, Value: [Vertex(1, 1, 2)]
Key: com.catan.model.RoundedPoint2D@2969d0, Value: [Vertex(1, 1, 1)]
Key: com.catan.model.RoundedPoint2D@18d821, Value: [Vertex(0, 0, 5)]
Key: com.catan.model.RoundedPoint2D@18b8e1, Value: [Vertex(0, 0, 4)]
Key: com.catan.model.RoundedPoint2D@185b21, Value: [Vertex(-1, -2, 2), Vertex(0, -2, 4)]
Key: com.catan.model.RoundedPoint2D@187a61, Value: [Vertex(-1, -2, 1), Vertex(0, -2, 5)]
Key: com.catan.model.RoundedPoint2D@150491, Value: [Vertex(-1, -2, 3)]
Key: com.catan.model.RoundedPoint2D@154311, Value: [Vertex(-1, -2, 0)]
Key: com.catan.model.RoundedPoint2D@1fa481, Value: [Vertex(0, 1, 0)]
Key: com.catan.model.RoundedPoint2D@1f6601, Value: [Vertex(0, 0, 1), Vertex(0, 1, 3)]
Key: com.catan.model.RoundedPoint2D@1f0841, Value: [Vertex(0, -1, 3), Vertex(0, -2, 1)]
Key: com.catan.model.RoundedPoint2D@1f46c1, Value: [Vertex(0, -1, 0), Vertex(0, 0, 2)]
Key: com.catan.model.RoundedPoint2D@1ee901, Value: [Vertex(0, -2, 2)]
Key: com.catan.model.RoundedPoint2D@25f400, Value: [Vertex(1, 1, 3)]
Key: com.catan.model.RoundedPoint2D@263280, Value: [Vertex(1, 1, 0)]
Key: com.catan.model.RoundedPoint2D@1b9271, Value: [Vertex(0, -2, 3)]
Key: com.catan.model.RoundedPoint2D@1bf031, Value: [Vertex(0, -1, 5), Vertex(0, 0, 3)]
Key: com.catan.model.RoundedPoint2D@1bd0f1, Value: [Vertex(0, -1, 4), Vertex(0, -2, 0)]
Key: com.catan.model.RoundedPoint2D@1c2eb1, Value: [Vertex(0, 0, 0)]
Key: com.catan.model.RoundedPoint2D@22dbd1, Value: [Vertex(1, 1, 5), Vertex(0, 1, 1)]
Key: com.catan.model.RoundedPoint2D@22bc91, Value: [Vertex(1, 1, 4), Vertex(0, 1, 2)]
Key: com.catan.model.RoundedPoint2D@225ed1, Value: [Vertex(0, -1, 2)]
Key: com.catan.model.RoundedPoint2D@227e11, Value: [Vertex(0, -1, 1)]
Key: com.catan.model.RoundedPoint2D@11ec62, Value: [Vertex(-1, -2, 5)]
Key: com.catan.model.RoundedPoint2D@11cd22, Value: [Vertex(-1, -2, 4)]
Key: com.catan.model.RoundedPoint2D@294a90, Value: [Vertex(1, 1, 2)]
Key: com.catan.model.RoundedPoint2D@2969d0, Value: [Vertex(1, 1, 1)]
Key: com.catan.model.RoundedPoint2D@18d821, Value: [Vertex(0, 0, 5)]
Key: com.catan.model.RoundedPoint2D@18b8e1, Value: [Vertex(0, 0, 4)]
Key: com.catan.model.RoundedPoint2D@185b21, Value: [Vertex(-1, -2, 2), Vertex(0, -2, 4)]
Key: com.catan.model.RoundedPoint2D@187a61, Value: [Vertex(-1, -2, 1), Vertex(0, -2, 5)]
Key: com.catan.model.RoundedPoint2D@150491, Value: [Vertex(-1, -2, 3)]
Key: com.catan.model.RoundedPoint2D@154311, Value: [Vertex(-1, -2, 0)]
Key: com.catan.model.RoundedPoint2D@1fa481, Value: [Vertex(0, 1, 0)]
Key: com.catan.model.RoundedPoint2D@1f6601, Value: [Vertex(0, 0, 1), Vertex(0, 1, 3)]
Key: com.catan.model.RoundedPoint2D@1f0841, Value: [Vertex(0, -1, 3), Vertex(0, -2, 1)]
Key: com.catan.model.RoundedPoint2D@1f46c1, Value: [Vertex(0, -1, 0), Vertex(0, 0, 2)]
Key: com.catan.model.RoundedPoint2D@1ee901, Value: [Vertex(0, -2, 2)]
Key: com.catan.model.RoundedPoint2D@25f400, Value: [Vertex(1, 1, 3)]
Key: com.catan.model.RoundedPoint2D@263280, Value: [Vertex(1, 1, 0)]
Key: com.catan.model.RoundedPoint2D@1b9271, Value: [Vertex(0, -2, 3)]
Key: com.catan.model.RoundedPoint2D@1bf031, Value: [Vertex(0, -1, 5), Vertex(0, 0, 3)]
Key: com.catan.model.RoundedPoint2D@1bd0f1, Value: [Vertex(0, -1, 4), Vertex(0, -2, 0)]
Key: com.catan.model.RoundedPoint2D@1c2eb1, Value: [Vertex(0, 0, 0), Vertex(0, 1, 4)]
Key: com.catan.model.RoundedPoint2D@22dbd1, Value: [Vertex(1, 1, 5), Vertex(0, 1, 1)]
Key: com.catan.model.RoundedPoint2D@22bc91, Value: [Vertex(1, 1, 4), Vertex(0, 1, 2)]
Key: com.catan.model.RoundedPoint2D@225ed1, Value: [Vertex(0, -1, 2)]
Key: com.catan.model.RoundedPoint2D@227e11, Value: [Vertex(0, -1, 1)]
Key: com.catan.model.RoundedPoint2D@11ec62, Value: [Vertex(-1, -2, 5)]
Key: com.catan.model.RoundedPoint2D@11cd22, Value: [Vertex(-1, -2, 4)]
Key: com.catan.model.RoundedPoint2D@294a90, Value: [Vertex(1, 1, 2)]
Key: com.catan.model.RoundedPoint2D@2969d0, Value: [Vertex(1, 1, 1)]
Key: com.catan.model.RoundedPoint2D@18d821, Value: [Vertex(0, 0, 5)]
Key: com.catan.model.RoundedPoint2D@18b8e1, Value: [Vertex(0, 0, 4)]
Key: com.catan.model.RoundedPoint2D@185b21, Value: [Vertex(-1, -2, 2), Vertex(0, -2, 4)]
Key: com.catan.model.RoundedPoint2D@187a61, Value: [Vertex(-1, -2, 1), Vertex(0, -2, 5)]
Key: com.catan.model.RoundedPoint2D@150491, Value: [Vertex(-1, -2, 3)]
Key: com.catan.model.RoundedPoint2D@154311, Value: [Vertex(-1, -2, 0)]
Key: com.catan.model.RoundedPoint2D@1fa481, Value: [Vertex(0, 1, 0)]
Key: com.catan.model.RoundedPoint2D@1f6601, Value: [Vertex(0, 0, 1), Vertex(0, 1, 3)]
Key: com.catan.model.RoundedPoint2D@1f0841, Value: [Vertex(0, -1, 3), Vertex(0, -2, 1)]
Key: com.catan.model.RoundedPoint2D@1f46c1, Value: [Vertex(0, -1, 0), Vertex(0, 0, 2)]
Key: com.catan.model.RoundedPoint2D@1ee901, Value: [Vertex(0, -2, 2)]
Key: com.catan.model.RoundedPoint2D@25f400, Value: [Vertex(1, 1, 3)]
Key: com.catan.model.RoundedPoint2D@263280, Value: [Vertex(1, 1, 0)]
Key: com.catan.model.RoundedPoint2D@1b9271, Value: [Vertex(0, -2, 3)]
Key: com.catan.model.RoundedPoint2D@1bf031, Value: [Vertex(0, -1, 5), Vertex(0, 0, 3)]
Key: com.catan.model.RoundedPoint2D@1bd0f1, Value: [Vertex(0, -1, 4), Vertex(0, -2, 0)]
Key: com.catan.model.RoundedPoint2D@1c4df1, Value: [Vertex(0, 1, 5)]
Key: com.catan.model.RoundedPoint2D@1c2eb1, Value: [Vertex(0, 0, 0), Vertex(0, 1, 4)]
Key: com.catan.model.RoundedPoint2D@22dbd1, Value: [Vertex(1, 1, 5), Vertex(0, 1, 1)]
Key: com.catan.model.RoundedPoint2D@22bc91, Value: [Vertex(1, 1, 4), Vertex(0, 1, 2)]
Key: com.catan.model.RoundedPoint2D@225ed1, Value: [Vertex(0, -1, 2)]
Key: com.catan.model.RoundedPoint2D@227e11, Value: [Vertex(0, -1, 1)]
Key: com.catan.model.RoundedPoint2D@11ec62, Value: [Vertex(-1, -2, 5)]
Key: com.catan.model.RoundedPoint2D@11cd22, Value: [Vertex(-1, -2, 4)]
Key: com.catan.model.RoundedPoint2D@294a90, Value: [Vertex(1, 1, 2)]
Key: com.catan.model.RoundedPoint2D@2969d0, Value: [Vertex(1, 1, 1)]
Key: com.catan.model.RoundedPoint2D@18d821, Value: [Vertex(0, 0, 5)]
Key: com.catan.model.RoundedPoint2D@18b8e1, Value: [Vertex(0, 0, 4)]
Key: com.catan.model.RoundedPoint2D@185b21, Value: [Vertex(-1, -2, 2), Vertex(0, -2, 4)]
Key: com.catan.model.RoundedPoint2D@187a61, Value: [Vertex(-1, -2, 1), Vertex(0, -2, 5)]
Key: com.catan.model.RoundedPoint2D@150491, Value: [Vertex(-1, -2, 3)]
Key: com.catan.model.RoundedPoint2D@154311, Value: [Vertex(-1, -2, 0)]
Key: com.catan.model.RoundedPoint2D@1fa481, Value: [Vertex(0, 1, 0)]
Key: com.catan.model.RoundedPoint2D@1f6601, Value: [Vertex(0, 0, 1), Vertex(0, 1, 3)]
Key: com.catan.model.RoundedPoint2D@1f0841, Value: [Vertex(0, -1, 3), Vertex(0, -2, 1)]
Key: com.catan.model.RoundedPoint2D@1f46c1, Value: [Vertex(0, -1, 0), Vertex(0, 0, 2)]
Key: com.catan.model.RoundedPoint2D@1ee901, Value: [Vertex(0, -2, 2)]
Key: com.catan.model.RoundedPoint2D@25f400, Value: [Vertex(1, 1, 3)]
Key: com.catan.model.RoundedPoint2D@263280, Value: [Vertex(1, 1, 0)]
Key: com.catan.model.RoundedPoint2D@1b9271, Value: [Vertex(0, -2, 3)]
Key: com.catan.model.RoundedPoint2D@1bf031, Value: [Vertex(0, -1, 5), Vertex(0, 0, 3)]
Key: com.catan.model.RoundedPoint2D@1bd0f1, Value: [Vertex(0, -1, 4), Vertex(0, -2, 0)]
Key: com.catan.model.RoundedPoint2D@1c4df1, Value: [Vertex(0, 1, 5)]
Key: com.catan.model.RoundedPoint2D@1c2eb1, Value: [Vertex(0, 0, 0), Vertex(0, 1, 4)]
Key: com.catan.model.RoundedPoint2D@231a51, Value: [Vertex(1, 2, 0)]
Key: com.catan.model.RoundedPoint2D@22dbd1, Value: [Vertex(1, 1, 5), Vertex(0, 1, 1)]
Key: com.catan.model.RoundedPoint2D@22bc91, Value: [Vertex(1, 1, 4), Vertex(0, 1, 2)]
Key: com.catan.model.RoundedPoint2D@225ed1, Value: [Vertex(0, -1, 2)]
Key: com.catan.model.RoundedPoint2D@227e11, Value: [Vertex(0, -1, 1)]
Key: com.catan.model.RoundedPoint2D@11ec62, Value: [Vertex(-1, -2, 5)]
Key: com.catan.model.RoundedPoint2D@11cd22, Value: [Vertex(-1, -2, 4)]
Key: com.catan.model.RoundedPoint2D@294a90, Value: [Vertex(1, 1, 2)]
Key: com.catan.model.RoundedPoint2D@2969d0, Value: [Vertex(1, 1, 1)]
Key: com.catan.model.RoundedPoint2D@18d821, Value: [Vertex(0, 0, 5)]
Key: com.catan.model.RoundedPoint2D@18b8e1, Value: [Vertex(0, 0, 4)]
Key: com.catan.model.RoundedPoint2D@185b21, Value: [Vertex(-1, -2, 2), Vertex(0, -2, 4)]
Key: com.catan.model.RoundedPoint2D@187a61, Value: [Vertex(-1, -2, 1), Vertex(0, -2, 5)]
Key: com.catan.model.RoundedPoint2D@150491, Value: [Vertex(-1, -2, 3)]
Key: com.catan.model.RoundedPoint2D@154311, Value: [Vertex(-1, -2, 0)]
Key: com.catan.model.RoundedPoint2D@1fa481, Value: [Vertex(0, 1, 0)]
Key: com.catan.model.RoundedPoint2D@1f6601, Value: [Vertex(0, 0, 1), Vertex(0, 1, 3)]
Key: com.catan.model.RoundedPoint2D@1f0841, Value: [Vertex(0, -1, 3), Vertex(0, -2, 1)]
Key: com.catan.model.RoundedPoint2D@1f46c1, Value: [Vertex(0, -1, 0), Vertex(0, 0, 2)]
Key: com.catan.model.RoundedPoint2D@1ee901, Value: [Vertex(0, -2, 2)]
Key: com.catan.model.RoundedPoint2D@25f400, Value: [Vertex(1, 1, 3)]
Key: com.catan.model.RoundedPoint2D@2651c0, Value: [Vertex(1, 2, 1)]
Key: com.catan.model.RoundedPoint2D@263280, Value: [Vertex(1, 1, 0)]
Key: com.catan.model.RoundedPoint2D@1b9271, Value: [Vertex(0, -2, 3)]
Key: com.catan.model.RoundedPoint2D@1bf031, Value: [Vertex(0, -1, 5), Vertex(0, 0, 3)]
Key: com.catan.model.RoundedPoint2D@1bd0f1, Value: [Vertex(0, -1, 4), Vertex(0, -2, 0)]
Key: com.catan.model.RoundedPoint2D@1c4df1, Value: [Vertex(0, 1, 5)]
Key: com.catan.model.RoundedPoint2D@1c2eb1, Value: [Vertex(0, 0, 0), Vertex(0, 1, 4)]
Key: com.catan.model.RoundedPoint2D@231a51, Value: [Vertex(1, 2, 0)]
Key: com.catan.model.RoundedPoint2D@22dbd1, Value: [Vertex(1, 1, 5), Vertex(0, 1, 1)]
Key: com.catan.model.RoundedPoint2D@22bc91, Value: [Vertex(1, 1, 4), Vertex(0, 1, 2)]
Key: com.catan.model.RoundedPoint2D@225ed1, Value: [Vertex(0, -1, 2)]
Key: com.catan.model.RoundedPoint2D@227e11, Value: [Vertex(0, -1, 1)]
Key: com.catan.model.RoundedPoint2D@11ec62, Value: [Vertex(-1, -2, 5)]
Key: com.catan.model.RoundedPoint2D@11cd22, Value: [Vertex(-1, -2, 4)]
Key: com.catan.model.RoundedPoint2D@294a90, Value: [Vertex(1, 1, 2)]
Key: com.catan.model.RoundedPoint2D@2969d0, Value: [Vertex(1, 1, 1)]
Key: com.catan.model.RoundedPoint2D@18d821, Value: [Vertex(0, 0, 5)]
Key: com.catan.model.RoundedPoint2D@18b8e1, Value: [Vertex(0, 0, 4)]
Key: com.catan.model.RoundedPoint2D@185b21, Value: [Vertex(-1, -2, 2), Vertex(0, -2, 4)]
Key: com.catan.model.RoundedPoint2D@187a61, Value: [Vertex(-1, -2, 1), Vertex(0, -2, 5)]
Key: com.catan.model.RoundedPoint2D@150491, Value: [Vertex(-1, -2, 3)]
Key: com.catan.model.RoundedPoint2D@154311, Value: [Vertex(-1, -2, 0)]
Key: com.catan.model.RoundedPoint2D@1fa481, Value: [Vertex(0, 1, 0)]
Key: com.catan.model.RoundedPoint2D@1f6601, Value: [Vertex(0, 0, 1), Vertex(0, 1, 3)]
Key: com.catan.model.RoundedPoint2D@1f0841, Value: [Vertex(0, -1, 3), Vertex(0, -2, 1)]
Key: com.catan.model.RoundedPoint2D@1f46c1, Value: [Vertex(0, -1, 0), Vertex(0, 0, 2)]
Key: com.catan.model.RoundedPoint2D@1ee901, Value: [Vertex(0, -2, 2)]
Key: com.catan.model.RoundedPoint2D@25f400, Value: [Vertex(1, 1, 3)]
Key: com.catan.model.RoundedPoint2D@2651c0, Value: [Vertex(1, 2, 1)]
Key: com.catan.model.RoundedPoint2D@263280, Value: [Vertex(1, 1, 0), Vertex(1, 2, 2)]
Key: com.catan.model.RoundedPoint2D@1b9271, Value: [Vertex(0, -2, 3)]
Key: com.catan.model.RoundedPoint2D@1bf031, Value: [Vertex(0, -1, 5), Vertex(0, 0, 3)]
Key: com.catan.model.RoundedPoint2D@1bd0f1, Value: [Vertex(0, -1, 4), Vertex(0, -2, 0)]
Key: com.catan.model.RoundedPoint2D@1c4df1, Value: [Vertex(0, 1, 5)]
Key: com.catan.model.RoundedPoint2D@1c2eb1, Value: [Vertex(0, 0, 0), Vertex(0, 1, 4)]
Key: com.catan.model.RoundedPoint2D@231a51, Value: [Vertex(1, 2, 0)]
Key: com.catan.model.RoundedPoint2D@22dbd1, Value: [Vertex(1, 1, 5), Vertex(0, 1, 1)]
Key: com.catan.model.RoundedPoint2D@22bc91, Value: [Vertex(1, 1, 4), Vertex(0, 1, 2)]
Key: com.catan.model.RoundedPoint2D@225ed1, Value: [Vertex(0, -1, 2)]
Key: com.catan.model.RoundedPoint2D@227e11, Value: [Vertex(0, -1, 1)]
Key: com.catan.model.RoundedPoint2D@11ec62, Value: [Vertex(-1, -2, 5)]
Key: com.catan.model.RoundedPoint2D@11cd22, Value: [Vertex(-1, -2, 4)]
Key: com.catan.model.RoundedPoint2D@294a90, Value: [Vertex(1, 1, 2)]
Key: com.catan.model.RoundedPoint2D@2969d0, Value: [Vertex(1, 1, 1)]
Key: com.catan.model.RoundedPoint2D@18d821, Value: [Vertex(0, 0, 5)]
Key: com.catan.model.RoundedPoint2D@18b8e1, Value: [Vertex(0, 0, 4)]
Key: com.catan.model.RoundedPoint2D@185b21, Value: [Vertex(-1, -2, 2), Vertex(0, -2, 4)]
Key: com.catan.model.RoundedPoint2D@187a61, Value: [Vertex(-1, -2, 1), Vertex(0, -2, 5)]
Key: com.catan.model.RoundedPoint2D@150491, Value: [Vertex(-1, -2, 3)]
Key: com.catan.model.RoundedPoint2D@154311, Value: [Vertex(-1, -2, 0)]
Key: com.catan.model.RoundedPoint2D@1fa481, Value: [Vertex(0, 1, 0)]
Key: com.catan.model.RoundedPoint2D@1f6601, Value: [Vertex(0, 0, 1), Vertex(0, 1, 3)]
Key: com.catan.model.RoundedPoint2D@1f0841, Value: [Vertex(0, -1, 3), Vertex(0, -2, 1)]
Key: com.catan.model.RoundedPoint2D@1f46c1, Value: [Vertex(0, -1, 0), Vertex(0, 0, 2)]
Key: com.catan.model.RoundedPoint2D@1ee901, Value: [Vertex(0, -2, 2)]
Key: com.catan.model.RoundedPoint2D@25f400, Value: [Vertex(1, 1, 3)]
Key: com.catan.model.RoundedPoint2D@2651c0, Value: [Vertex(1, 2, 1)]
Key: com.catan.model.RoundedPoint2D@263280, Value: [Vertex(1, 1, 0), Vertex(1, 2, 2)]
Key: com.catan.model.RoundedPoint2D@1b9271, Value: [Vertex(0, -2, 3)]
Key: com.catan.model.RoundedPoint2D@1bf031, Value: [Vertex(0, -1, 5), Vertex(0, 0, 3)]
Key: com.catan.model.RoundedPoint2D@1bd0f1, Value: [Vertex(0, -1, 4), Vertex(0, -2, 0)]
Key: com.catan.model.RoundedPoint2D@1c4df1, Value: [Vertex(0, 1, 5)]
Key: com.catan.model.RoundedPoint2D@1c2eb1, Value: [Vertex(0, 0, 0), Vertex(0, 1, 4)]
Key: com.catan.model.RoundedPoint2D@231a51, Value: [Vertex(1, 2, 0)]
Key: com.catan.model.RoundedPoint2D@22dbd1, Value: [Vertex(1, 1, 5), Vertex(0, 1, 1), Vertex(1, 2, 3)]
Key: com.catan.model.RoundedPoint2D@22bc91, Value: [Vertex(1, 1, 4), Vertex(0, 1, 2)]
Key: com.catan.model.RoundedPoint2D@225ed1, Value: [Vertex(0, -1, 2)]
Key: com.catan.model.RoundedPoint2D@227e11, Value: [Vertex(0, -1, 1)]
Key: com.catan.model.RoundedPoint2D@11ec62, Value: [Vertex(-1, -2, 5)]
Key: com.catan.model.RoundedPoint2D@11cd22, Value: [Vertex(-1, -2, 4)]
Key: com.catan.model.RoundedPoint2D@294a90, Value: [Vertex(1, 1, 2)]
Key: com.catan.model.RoundedPoint2D@2969d0, Value: [Vertex(1, 1, 1)]
Key: com.catan.model.RoundedPoint2D@18d821, Value: [Vertex(0, 0, 5)]
Key: com.catan.model.RoundedPoint2D@18b8e1, Value: [Vertex(0, 0, 4)]
Key: com.catan.model.RoundedPoint2D@185b21, Value: [Vertex(-1, -2, 2), Vertex(0, -2, 4)]
Key: com.catan.model.RoundedPoint2D@187a61, Value: [Vertex(-1, -2, 1), Vertex(0, -2, 5)]
Key: com.catan.model.RoundedPoint2D@150491, Value: [Vertex(-1, -2, 3)]
Key: com.catan.model.RoundedPoint2D@154311, Value: [Vertex(-1, -2, 0)]
Key: com.catan.model.RoundedPoint2D@1fa481, Value: [Vertex(0, 1, 0), Vertex(1, 2, 4)]
Key: com.catan.model.RoundedPoint2D@1f6601, Value: [Vertex(0, 0, 1), Vertex(0, 1, 3)]
Key: com.catan.model.RoundedPoint2D@1f0841, Value: [Vertex(0, -1, 3), Vertex(0, -2, 1)]
Key: com.catan.model.RoundedPoint2D@1f46c1, Value: [Vertex(0, -1, 0), Vertex(0, 0, 2)]
Key: com.catan.model.RoundedPoint2D@1ee901, Value: [Vertex(0, -2, 2)]
Key: com.catan.model.RoundedPoint2D@25f400, Value: [Vertex(1, 1, 3)]
Key: com.catan.model.RoundedPoint2D@2651c0, Value: [Vertex(1, 2, 1)]
Key: com.catan.model.RoundedPoint2D@263280, Value: [Vertex(1, 1, 0), Vertex(1, 2, 2)]
Key: com.catan.model.RoundedPoint2D@1b9271, Value: [Vertex(0, -2, 3)]
Key: com.catan.model.RoundedPoint2D@1bf031, Value: [Vertex(0, -1, 5), Vertex(0, 0, 3)]
Key: com.catan.model.RoundedPoint2D@1bd0f1, Value: [Vertex(0, -1, 4), Vertex(0, -2, 0)]
Key: com.catan.model.RoundedPoint2D@1c4df1, Value: [Vertex(0, 1, 5)]
Key: com.catan.model.RoundedPoint2D@1c2eb1, Value: [Vertex(0, 0, 0), Vertex(0, 1, 4)]
Key: com.catan.model.RoundedPoint2D@231a51, Value: [Vertex(1, 2, 0)]
Key: com.catan.model.RoundedPoint2D@22dbd1, Value: [Vertex(1, 1, 5), Vertex(0, 1, 1), Vertex(1, 2, 3)]
Key: com.catan.model.RoundedPoint2D@22bc91, Value: [Vertex(1, 1, 4), Vertex(0, 1, 2)]
Key: com.catan.model.RoundedPoint2D@225ed1, Value: [Vertex(0, -1, 2)]
Key: com.catan.model.RoundedPoint2D@227e11, Value: [Vertex(0, -1, 1)]
Key: com.catan.model.RoundedPoint2D@11ec62, Value: [Vertex(-1, -2, 5)]
Key: com.catan.model.RoundedPoint2D@11cd22, Value: [Vertex(-1, -2, 4)]
Key: com.catan.model.RoundedPoint2D@294a90, Value: [Vertex(1, 1, 2)]
Key: com.catan.model.RoundedPoint2D@2969d0, Value: [Vertex(1, 1, 1)]
Key: com.catan.model.RoundedPoint2D@18d821, Value: [Vertex(0, 0, 5)]
Key: com.catan.model.RoundedPoint2D@18b8e1, Value: [Vertex(0, 0, 4)]
Key: com.catan.model.RoundedPoint2D@185b21, Value: [Vertex(-1, -2, 2), Vertex(0, -2, 4)]
Key: com.catan.model.RoundedPoint2D@187a61, Value: [Vertex(-1, -2, 1), Vertex(0, -2, 5)]
Key: com.catan.model.RoundedPoint2D@150491, Value: [Vertex(-1, -2, 3)]
Key: com.catan.model.RoundedPoint2D@154311, Value: [Vertex(-1, -2, 0)]
Key: com.catan.model.RoundedPoint2D@1fc3c1, Value: [Vertex(1, 2, 5)]
Key: com.catan.model.RoundedPoint2D@1fa481, Value: [Vertex(0, 1, 0), Vertex(1, 2, 4)]
Key: com.catan.model.RoundedPoint2D@1f6601, Value: [Vertex(0, 0, 1), Vertex(0, 1, 3)]
Key: com.catan.model.RoundedPoint2D@1f0841, Value: [Vertex(0, -1, 3), Vertex(0, -2, 1)]
Key: com.catan.model.RoundedPoint2D@1f46c1, Value: [Vertex(0, -1, 0), Vertex(0, 0, 2)]
Key: com.catan.model.RoundedPoint2D@1ee901, Value: [Vertex(0, -2, 2)]
Key: com.catan.model.RoundedPoint2D@25f400, Value: [Vertex(1, 1, 3)]
Key: com.catan.model.RoundedPoint2D@2651c0, Value: [Vertex(1, 2, 1)]
Key: com.catan.model.RoundedPoint2D@263280, Value: [Vertex(1, 1, 0), Vertex(1, 2, 2)]
Key: com.catan.model.RoundedPoint2D@1b9271, Value: [Vertex(0, -2, 3)]
Key: com.catan.model.RoundedPoint2D@1bf031, Value: [Vertex(0, -1, 5), Vertex(0, 0, 3)]
Key: com.catan.model.RoundedPoint2D@1bd0f1, Value: [Vertex(0, -1, 4), Vertex(0, -2, 0)]
Key: com.catan.model.RoundedPoint2D@1c4df1, Value: [Vertex(0, 1, 5)]
Key: com.catan.model.RoundedPoint2D@1c2eb1, Value: [Vertex(0, 0, 0), Vertex(0, 1, 4)]
Key: com.catan.model.RoundedPoint2D@231a51, Value: [Vertex(1, 2, 0)]
Key: com.catan.model.RoundedPoint2D@22dbd1, Value: [Vertex(1, 1, 5), Vertex(0, 1, 1), Vertex(1, 2, 3)]
Key: com.catan.model.RoundedPoint2D@22bc91, Value: [Vertex(1, 1, 4), Vertex(0, 1, 2)]
Key: com.catan.model.RoundedPoint2D@225ed1, Value: [Vertex(0, -1, 2)]
Key: com.catan.model.RoundedPoint2D@227e11, Value: [Vertex(0, -1, 1)]
Key: com.catan.model.RoundedPoint2D@11ec62, Value: [Vertex(-1, -2, 5)]
Key: com.catan.model.RoundedPoint2D@11cd22, Value: [Vertex(-1, -2, 4)]
Key: com.catan.model.RoundedPoint2D@294a90, Value: [Vertex(1, 1, 2)]
Key: com.catan.model.RoundedPoint2D@2969d0, Value: [Vertex(1, 1, 1)]
Key: com.catan.model.RoundedPoint2D@18d821, Value: [Vertex(0, 0, 5)]
Key: com.catan.model.RoundedPoint2D@18b8e1, Value: [Vertex(0, 0, 4)]
Key: com.catan.model.RoundedPoint2D@185b21, Value: [Vertex(-1, -2, 2), Vertex(0, -2, 4)]
Key: com.catan.model.RoundedPoint2D@187a61, Value: [Vertex(-1, -2, 1), Vertex(0, -2, 5)]
Key: com.catan.model.RoundedPoint2D@150491, Value: [Vertex(-1, -2, 3)]
Key: com.catan.model.RoundedPoint2D@154311, Value: [Vertex(-1, -2, 0)]
Key: com.catan.model.RoundedPoint2D@1fc3c1, Value: [Vertex(1, 2, 5)]
Key: com.catan.model.RoundedPoint2D@1fa481, Value: [Vertex(0, 1, 0), Vertex(1, 2, 4)]
Key: com.catan.model.RoundedPoint2D@1f6601, Value: [Vertex(0, 0, 1), Vertex(0, 1, 3)]
Key: com.catan.model.RoundedPoint2D@1f0841, Value: [Vertex(0, -1, 3), Vertex(0, -2, 1)]
Key: com.catan.model.RoundedPoint2D@1f46c1, Value: [Vertex(0, -1, 0), Vertex(0, 0, 2)]
Key: com.catan.model.RoundedPoint2D@1ee901, Value: [Vertex(0, -2, 2)]
Key: com.catan.model.RoundedPoint2D@25f400, Value: [Vertex(1, 1, 3)]
Key: com.catan.model.RoundedPoint2D@2651c0, Value: [Vertex(1, 2, 1)]
Key: com.catan.model.RoundedPoint2D@263280, Value: [Vertex(1, 1, 0), Vertex(1, 2, 2)]
Key: com.catan.model.RoundedPoint2D@1b9271, Value: [Vertex(0, -2, 3)]
Key: com.catan.model.RoundedPoint2D@1bf031, Value: [Vertex(0, -1, 5), Vertex(0, 0, 3)]
Key: com.catan.model.RoundedPoint2D@1bd0f1, Value: [Vertex(0, -1, 4), Vertex(0, -2, 0)]
Key: com.catan.model.RoundedPoint2D@1c8c71, Value: [Vertex(0, 2, 0)]
Key: com.catan.model.RoundedPoint2D@1c4df1, Value: [Vertex(0, 1, 5)]
Key: com.catan.model.RoundedPoint2D@1c2eb1, Value: [Vertex(0, 0, 0), Vertex(0, 1, 4)]
Key: com.catan.model.RoundedPoint2D@231a51, Value: [Vertex(1, 2, 0)]
Key: com.catan.model.RoundedPoint2D@22dbd1, Value: [Vertex(1, 1, 5), Vertex(0, 1, 1), Vertex(1, 2, 3)]
Key: com.catan.model.RoundedPoint2D@22bc91, Value: [Vertex(1, 1, 4), Vertex(0, 1, 2)]
Key: com.catan.model.RoundedPoint2D@225ed1, Value: [Vertex(0, -1, 2)]
Key: com.catan.model.RoundedPoint2D@227e11, Value: [Vertex(0, -1, 1)]
Key: com.catan.model.RoundedPoint2D@11ec62, Value: [Vertex(-1, -2, 5)]
Key: com.catan.model.RoundedPoint2D@11cd22, Value: [Vertex(-1, -2, 4)]
Key: com.catan.model.RoundedPoint2D@294a90, Value: [Vertex(1, 1, 2)]
Key: com.catan.model.RoundedPoint2D@2969d0, Value: [Vertex(1, 1, 1)]
Key: com.catan.model.RoundedPoint2D@18d821, Value: [Vertex(0, 0, 5)]
Key: com.catan.model.RoundedPoint2D@18b8e1, Value: [Vertex(0, 0, 4)]
Key: com.catan.model.RoundedPoint2D@185b21, Value: [Vertex(-1, -2, 2), Vertex(0, -2, 4)]
Key: com.catan.model.RoundedPoint2D@187a61, Value: [Vertex(-1, -2, 1), Vertex(0, -2, 5)]
Key: com.catan.model.RoundedPoint2D@150491, Value: [Vertex(-1, -2, 3)]
Key: com.catan.model.RoundedPoint2D@154311, Value: [Vertex(-1, -2, 0)]
Key: com.catan.model.RoundedPoint2D@1fc3c1, Value: [Vertex(1, 2, 5), Vertex(0, 2, 1)]
Key: com.catan.model.RoundedPoint2D@1fa481, Value: [Vertex(0, 1, 0), Vertex(1, 2, 4)]
Key: com.catan.model.RoundedPoint2D@1f6601, Value: [Vertex(0, 0, 1), Vertex(0, 1, 3)]
Key: com.catan.model.RoundedPoint2D@1f0841, Value: [Vertex(0, -1, 3), Vertex(0, -2, 1)]
Key: com.catan.model.RoundedPoint2D@1f46c1, Value: [Vertex(0, -1, 0), Vertex(0, 0, 2)]
Key: com.catan.model.RoundedPoint2D@1ee901, Value: [Vertex(0, -2, 2)]
Key: com.catan.model.RoundedPoint2D@25f400, Value: [Vertex(1, 1, 3)]
Key: com.catan.model.RoundedPoint2D@2651c0, Value: [Vertex(1, 2, 1)]
Key: com.catan.model.RoundedPoint2D@263280, Value: [Vertex(1, 1, 0), Vertex(1, 2, 2)]
Key: com.catan.model.RoundedPoint2D@1b9271, Value: [Vertex(0, -2, 3)]
Key: com.catan.model.RoundedPoint2D@1bf031, Value: [Vertex(0, -1, 5), Vertex(0, 0, 3)]
Key: com.catan.model.RoundedPoint2D@1bd0f1, Value: [Vertex(0, -1, 4), Vertex(0, -2, 0)]
Key: com.catan.model.RoundedPoint2D@1c8c71, Value: [Vertex(0, 2, 0)]
Key: com.catan.model.RoundedPoint2D@1c4df1, Value: [Vertex(0, 1, 5)]
Key: com.catan.model.RoundedPoint2D@1c2eb1, Value: [Vertex(0, 0, 0), Vertex(0, 1, 4)]
Key: com.catan.model.RoundedPoint2D@231a51, Value: [Vertex(1, 2, 0)]
Key: com.catan.model.RoundedPoint2D@22dbd1, Value: [Vertex(1, 1, 5), Vertex(0, 1, 1), Vertex(1, 2, 3)]
Key: com.catan.model.RoundedPoint2D@22bc91, Value: [Vertex(1, 1, 4), Vertex(0, 1, 2)]
Key: com.catan.model.RoundedPoint2D@225ed1, Value: [Vertex(0, -1, 2)]
Key: com.catan.model.RoundedPoint2D@227e11, Value: [Vertex(0, -1, 1)]
Key: com.catan.model.RoundedPoint2D@11ec62, Value: [Vertex(-1, -2, 5)]
Key: com.catan.model.RoundedPoint2D@11cd22, Value: [Vertex(-1, -2, 4)]
Key: com.catan.model.RoundedPoint2D@294a90, Value: [Vertex(1, 1, 2)]
Key: com.catan.model.RoundedPoint2D@2969d0, Value: [Vertex(1, 1, 1)]
Key: com.catan.model.RoundedPoint2D@18d821, Value: [Vertex(0, 0, 5)]
Key: com.catan.model.RoundedPoint2D@18b8e1, Value: [Vertex(0, 0, 4)]
Key: com.catan.model.RoundedPoint2D@185b21, Value: [Vertex(-1, -2, 2), Vertex(0, -2, 4)]
Key: com.catan.model.RoundedPoint2D@187a61, Value: [Vertex(-1, -2, 1), Vertex(0, -2, 5)]
Key: com.catan.model.RoundedPoint2D@150491, Value: [Vertex(-1, -2, 3)]
Key: com.catan.model.RoundedPoint2D@154311, Value: [Vertex(-1, -2, 0)]
Key: com.catan.model.RoundedPoint2D@1fc3c1, Value: [Vertex(1, 2, 5), Vertex(0, 2, 1)]
Key: com.catan.model.RoundedPoint2D@1fa481, Value: [Vertex(0, 1, 0), Vertex(1, 2, 4), Vertex(0, 2, 2)]
Key: com.catan.model.RoundedPoint2D@1f6601, Value: [Vertex(0, 0, 1), Vertex(0, 1, 3)]
Key: com.catan.model.RoundedPoint2D@1f0841, Value: [Vertex(0, -1, 3), Vertex(0, -2, 1)]
Key: com.catan.model.RoundedPoint2D@1f46c1, Value: [Vertex(0, -1, 0), Vertex(0, 0, 2)]
Key: com.catan.model.RoundedPoint2D@1ee901, Value: [Vertex(0, -2, 2)]
Key: com.catan.model.RoundedPoint2D@25f400, Value: [Vertex(1, 1, 3)]
Key: com.catan.model.RoundedPoint2D@2651c0, Value: [Vertex(1, 2, 1)]
Key: com.catan.model.RoundedPoint2D@263280, Value: [Vertex(1, 1, 0), Vertex(1, 2, 2)]
Key: com.catan.model.RoundedPoint2D@1b9271, Value: [Vertex(0, -2, 3)]
Key: com.catan.model.RoundedPoint2D@1bf031, Value: [Vertex(0, -1, 5), Vertex(0, 0, 3)]
Key: com.catan.model.RoundedPoint2D@1bd0f1, Value: [Vertex(0, -1, 4), Vertex(0, -2, 0)]
Key: com.catan.model.RoundedPoint2D@1c8c71, Value: [Vertex(0, 2, 0)]
Key: com.catan.model.RoundedPoint2D@1c4df1, Value: [Vertex(0, 1, 5)]
Key: com.catan.model.RoundedPoint2D@1c2eb1, Value: [Vertex(0, 0, 0), Vertex(0, 1, 4)]
Key: com.catan.model.RoundedPoint2D@231a51, Value: [Vertex(1, 2, 0)]
Key: com.catan.model.RoundedPoint2D@22dbd1, Value: [Vertex(1, 1, 5), Vertex(0, 1, 1), Vertex(1, 2, 3)]
Key: com.catan.model.RoundedPoint2D@22bc91, Value: [Vertex(1, 1, 4), Vertex(0, 1, 2)]
Key: com.catan.model.RoundedPoint2D@225ed1, Value: [Vertex(0, -1, 2)]
Key: com.catan.model.RoundedPoint2D@227e11, Value: [Vertex(0, -1, 1)]
Key: com.catan.model.RoundedPoint2D@11ec62, Value: [Vertex(-1, -2, 5)]
Key: com.catan.model.RoundedPoint2D@11cd22, Value: [Vertex(-1, -2, 4)]
Key: com.catan.model.RoundedPoint2D@294a90, Value: [Vertex(1, 1, 2)]
Key: com.catan.model.RoundedPoint2D@2969d0, Value: [Vertex(1, 1, 1)]
Key: com.catan.model.RoundedPoint2D@18d821, Value: [Vertex(0, 0, 5)]
Key: com.catan.model.RoundedPoint2D@18b8e1, Value: [Vertex(0, 0, 4)]
Key: com.catan.model.RoundedPoint2D@185b21, Value: [Vertex(-1, -2, 2), Vertex(0, -2, 4)]
Key: com.catan.model.RoundedPoint2D@187a61, Value: [Vertex(-1, -2, 1), Vertex(0, -2, 5)]
Key: com.catan.model.RoundedPoint2D@150491, Value: [Vertex(-1, -2, 3)]
Key: com.catan.model.RoundedPoint2D@154311, Value: [Vertex(-1, -2, 0)]
Key: com.catan.model.RoundedPoint2D@1fc3c1, Value: [Vertex(1, 2, 5), Vertex(0, 2, 1)]
Key: com.catan.model.RoundedPoint2D@1fa481, Value: [Vertex(0, 1, 0), Vertex(1, 2, 4), Vertex(0, 2, 2)]
Key: com.catan.model.RoundedPoint2D@1f6601, Value: [Vertex(0, 0, 1), Vertex(0, 1, 3)]
Key: com.catan.model.RoundedPoint2D@1f0841, Value: [Vertex(0, -1, 3), Vertex(0, -2, 1)]
Key: com.catan.model.RoundedPoint2D@1f46c1, Value: [Vertex(0, -1, 0), Vertex(0, 0, 2)]
Key: com.catan.model.RoundedPoint2D@1ee901, Value: [Vertex(0, -2, 2)]
Key: com.catan.model.RoundedPoint2D@25f400, Value: [Vertex(1, 1, 3)]
Key: com.catan.model.RoundedPoint2D@2651c0, Value: [Vertex(1, 2, 1)]
Key: com.catan.model.RoundedPoint2D@263280, Value: [Vertex(1, 1, 0), Vertex(1, 2, 2)]
Key: com.catan.model.RoundedPoint2D@1b9271, Value: [Vertex(0, -2, 3)]
Key: com.catan.model.RoundedPoint2D@1bf031, Value: [Vertex(0, -1, 5), Vertex(0, 0, 3)]
Key: com.catan.model.RoundedPoint2D@1bd0f1, Value: [Vertex(0, -1, 4), Vertex(0, -2, 0)]
Key: com.catan.model.RoundedPoint2D@1c8c71, Value: [Vertex(0, 2, 0)]
Key: com.catan.model.RoundedPoint2D@1c4df1, Value: [Vertex(0, 1, 5), Vertex(0, 2, 3)]
Key: com.catan.model.RoundedPoint2D@1c2eb1, Value: [Vertex(0, 0, 0), Vertex(0, 1, 4)]
Key: com.catan.model.RoundedPoint2D@231a51, Value: [Vertex(1, 2, 0)]
Key: com.catan.model.RoundedPoint2D@22dbd1, Value: [Vertex(1, 1, 5), Vertex(0, 1, 1), Vertex(1, 2, 3)]
Key: com.catan.model.RoundedPoint2D@22bc91, Value: [Vertex(1, 1, 4), Vertex(0, 1, 2)]
Key: com.catan.model.RoundedPoint2D@225ed1, Value: [Vertex(0, -1, 2)]
Key: com.catan.model.RoundedPoint2D@227e11, Value: [Vertex(0, -1, 1)]
Key: com.catan.model.RoundedPoint2D@11ec62, Value: [Vertex(-1, -2, 5)]
Key: com.catan.model.RoundedPoint2D@11cd22, Value: [Vertex(-1, -2, 4)]
Key: com.catan.model.RoundedPoint2D@294a90, Value: [Vertex(1, 1, 2)]
Key: com.catan.model.RoundedPoint2D@2969d0, Value: [Vertex(1, 1, 1)]
Key: com.catan.model.RoundedPoint2D@18d821, Value: [Vertex(0, 0, 5)]
Key: com.catan.model.RoundedPoint2D@18b8e1, Value: [Vertex(0, 0, 4)]
Key: com.catan.model.RoundedPoint2D@185b21, Value: [Vertex(-1, -2, 2), Vertex(0, -2, 4)]
Key: com.catan.model.RoundedPoint2D@187a61, Value: [Vertex(-1, -2, 1), Vertex(0, -2, 5)]
Key: com.catan.model.RoundedPoint2D@150491, Value: [Vertex(-1, -2, 3)]
Key: com.catan.model.RoundedPoint2D@154311, Value: [Vertex(-1, -2, 0)]
Key: com.catan.model.RoundedPoint2D@1fc3c1, Value: [Vertex(1, 2, 5), Vertex(0, 2, 1)]
Key: com.catan.model.RoundedPoint2D@1fa481, Value: [Vertex(0, 1, 0), Vertex(1, 2, 4), Vertex(0, 2, 2)]
Key: com.catan.model.RoundedPoint2D@1f6601, Value: [Vertex(0, 0, 1), Vertex(0, 1, 3)]
Key: com.catan.model.RoundedPoint2D@1f0841, Value: [Vertex(0, -1, 3), Vertex(0, -2, 1)]
Key: com.catan.model.RoundedPoint2D@1f46c1, Value: [Vertex(0, -1, 0), Vertex(0, 0, 2)]
Key: com.catan.model.RoundedPoint2D@1ee901, Value: [Vertex(0, -2, 2)]
Key: com.catan.model.RoundedPoint2D@25f400, Value: [Vertex(1, 1, 3)]
Key: com.catan.model.RoundedPoint2D@2651c0, Value: [Vertex(1, 2, 1)]
Key: com.catan.model.RoundedPoint2D@263280, Value: [Vertex(1, 1, 0), Vertex(1, 2, 2)]
Key: com.catan.model.RoundedPoint2D@1b9271, Value: [Vertex(0, -2, 3)]
Key: com.catan.model.RoundedPoint2D@1bf031, Value: [Vertex(0, -1, 5), Vertex(0, 0, 3)]
Key: com.catan.model.RoundedPoint2D@1bd0f1, Value: [Vertex(0, -1, 4), Vertex(0, -2, 0)]
Key: com.catan.model.RoundedPoint2D@1c8c71, Value: [Vertex(0, 2, 0)]
Key: com.catan.model.RoundedPoint2D@1c4df1, Value: [Vertex(0, 1, 5), Vertex(0, 2, 3)]
Key: com.catan.model.RoundedPoint2D@1c2eb1, Value: [Vertex(0, 0, 0), Vertex(0, 1, 4)]
Key: com.catan.model.RoundedPoint2D@231a51, Value: [Vertex(1, 2, 0)]
Key: com.catan.model.RoundedPoint2D@22dbd1, Value: [Vertex(1, 1, 5), Vertex(0, 1, 1), Vertex(1, 2, 3)]
Key: com.catan.model.RoundedPoint2D@22bc91, Value: [Vertex(1, 1, 4), Vertex(0, 1, 2)]
Key: com.catan.model.RoundedPoint2D@225ed1, Value: [Vertex(0, -1, 2)]
Key: com.catan.model.RoundedPoint2D@227e11, Value: [Vertex(0, -1, 1)]
Key: com.catan.model.RoundedPoint2D@11ec62, Value: [Vertex(-1, -2, 5)]
Key: com.catan.model.RoundedPoint2D@11cd22, Value: [Vertex(-1, -2, 4)]
Key: com.catan.model.RoundedPoint2D@1916a1, Value: [Vertex(0, 2, 4)]
Key: com.catan.model.RoundedPoint2D@294a90, Value: [Vertex(1, 1, 2)]
Key: com.catan.model.RoundedPoint2D@2969d0, Value: [Vertex(1, 1, 1)]
Key: com.catan.model.RoundedPoint2D@18d821, Value: [Vertex(0, 0, 5)]
Key: com.catan.model.RoundedPoint2D@18b8e1, Value: [Vertex(0, 0, 4)]
Key: com.catan.model.RoundedPoint2D@185b21, Value: [Vertex(-1, -2, 2), Vertex(0, -2, 4)]
Key: com.catan.model.RoundedPoint2D@187a61, Value: [Vertex(-1, -2, 1), Vertex(0, -2, 5)]
Key: com.catan.model.RoundedPoint2D@150491, Value: [Vertex(-1, -2, 3)]
Key: com.catan.model.RoundedPoint2D@154311, Value: [Vertex(-1, -2, 0)]
Key: com.catan.model.RoundedPoint2D@1fc3c1, Value: [Vertex(1, 2, 5), Vertex(0, 2, 1)]
Key: com.catan.model.RoundedPoint2D@1fa481, Value: [Vertex(0, 1, 0), Vertex(1, 2, 4), Vertex(0, 2, 2)]
Key: com.catan.model.RoundedPoint2D@1f6601, Value: [Vertex(0, 0, 1), Vertex(0, 1, 3)]
Key: com.catan.model.RoundedPoint2D@1f0841, Value: [Vertex(0, -1, 3), Vertex(0, -2, 1)]
Key: com.catan.model.RoundedPoint2D@1f46c1, Value: [Vertex(0, -1, 0), Vertex(0, 0, 2)]
Key: com.catan.model.RoundedPoint2D@1ee901, Value: [Vertex(0, -2, 2)]
Key: com.catan.model.RoundedPoint2D@25f400, Value: [Vertex(1, 1, 3)]
Key: com.catan.model.RoundedPoint2D@2651c0, Value: [Vertex(1, 2, 1)]
Key: com.catan.model.RoundedPoint2D@263280, Value: [Vertex(1, 1, 0), Vertex(1, 2, 2)]
Key: com.catan.model.RoundedPoint2D@1b9271, Value: [Vertex(0, -2, 3)]
Key: com.catan.model.RoundedPoint2D@1bf031, Value: [Vertex(0, -1, 5), Vertex(0, 0, 3)]
Key: com.catan.model.RoundedPoint2D@1bd0f1, Value: [Vertex(0, -1, 4), Vertex(0, -2, 0)]
Key: com.catan.model.RoundedPoint2D@1c8c71, Value: [Vertex(0, 2, 0)]
Key: com.catan.model.RoundedPoint2D@1c4df1, Value: [Vertex(0, 1, 5), Vertex(0, 2, 3)]
Key: com.catan.model.RoundedPoint2D@1c2eb1, Value: [Vertex(0, 0, 0), Vertex(0, 1, 4)]
Key: com.catan.model.RoundedPoint2D@231a51, Value: [Vertex(1, 2, 0)]
Key: com.catan.model.RoundedPoint2D@22dbd1, Value: [Vertex(1, 1, 5), Vertex(0, 1, 1), Vertex(1, 2, 3)]
Key: com.catan.model.RoundedPoint2D@22bc91, Value: [Vertex(1, 1, 4), Vertex(0, 1, 2)]
Key: com.catan.model.RoundedPoint2D@225ed1, Value: [Vertex(0, -1, 2)]
Key: com.catan.model.RoundedPoint2D@227e11, Value: [Vertex(0, -1, 1)]
Key: com.catan.model.RoundedPoint2D@11ec62, Value: [Vertex(-1, -2, 5)]
Key: com.catan.model.RoundedPoint2D@11cd22, Value: [Vertex(-1, -2, 4)]
Key: com.catan.model.RoundedPoint2D@1935e1, Value: [Vertex(0, 2, 5)]
Key: com.catan.model.RoundedPoint2D@1916a1, Value: [Vertex(0, 2, 4)]
Key: com.catan.model.RoundedPoint2D@294a90, Value: [Vertex(1, 1, 2)]
Key: com.catan.model.RoundedPoint2D@2969d0, Value: [Vertex(1, 1, 1)]
Key: com.catan.model.RoundedPoint2D@18d821, Value: [Vertex(0, 0, 5)]
Key: com.catan.model.RoundedPoint2D@18b8e1, Value: [Vertex(0, 0, 4)]
Key: com.catan.model.RoundedPoint2D@185b21, Value: [Vertex(-1, -2, 2), Vertex(0, -2, 4)]
Key: com.catan.model.RoundedPoint2D@187a61, Value: [Vertex(-1, -2, 1), Vertex(0, -2, 5)]
Key: com.catan.model.RoundedPoint2D@150491, Value: [Vertex(-1, -2, 3)]
Key: com.catan.model.RoundedPoint2D@154311, Value: [Vertex(-1, -2, 0)]
Key: com.catan.model.RoundedPoint2D@1fc3c1, Value: [Vertex(1, 2, 5), Vertex(0, 2, 1)]
Key: com.catan.model.RoundedPoint2D@1fa481, Value: [Vertex(0, 1, 0), Vertex(1, 2, 4), Vertex(0, 2, 2)]
Key: com.catan.model.RoundedPoint2D@1f6601, Value: [Vertex(0, 0, 1), Vertex(0, 1, 3)]
Key: com.catan.model.RoundedPoint2D@1f0841, Value: [Vertex(0, -1, 3), Vertex(0, -2, 1)]
Key: com.catan.model.RoundedPoint2D@1f46c1, Value: [Vertex(0, -1, 0), Vertex(0, 0, 2)]
Key: com.catan.model.RoundedPoint2D@1ee901, Value: [Vertex(0, -2, 2)]
Key: com.catan.model.RoundedPoint2D@25f400, Value: [Vertex(1, 1, 3)]
Key: com.catan.model.RoundedPoint2D@2651c0, Value: [Vertex(1, 2, 1)]
Key: com.catan.model.RoundedPoint2D@263280, Value: [Vertex(1, 1, 0), Vertex(1, 2, 2)]
Key: com.catan.model.RoundedPoint2D@1b9271, Value: [Vertex(0, -2, 3)]
Key: com.catan.model.RoundedPoint2D@1bf031, Value: [Vertex(0, -1, 5), Vertex(0, 0, 3)]
Key: com.catan.model.RoundedPoint2D@1bd0f1, Value: [Vertex(0, -1, 4), Vertex(0, -2, 0)]
Key: com.catan.model.RoundedPoint2D@1c8c71, Value: [Vertex(0, 2, 0)]
Key: com.catan.model.RoundedPoint2D@1c4df1, Value: [Vertex(0, 1, 5), Vertex(0, 2, 3)]
Key: com.catan.model.RoundedPoint2D@1c2eb1, Value: [Vertex(0, 0, 0), Vertex(0, 1, 4)]
Key: com.catan.model.RoundedPoint2D@1288a2, Value: [Vertex(-2, 1, 0)]
Key: com.catan.model.RoundedPoint2D@231a51, Value: [Vertex(1, 2, 0)]
Key: com.catan.model.RoundedPoint2D@22dbd1, Value: [Vertex(1, 1, 5), Vertex(0, 1, 1), Vertex(1, 2, 3)]
Key: com.catan.model.RoundedPoint2D@22bc91, Value: [Vertex(1, 1, 4), Vertex(0, 1, 2)]
Key: com.catan.model.RoundedPoint2D@225ed1, Value: [Vertex(0, -1, 2)]
Key: com.catan.model.RoundedPoint2D@227e11, Value: [Vertex(0, -1, 1)]
Key: com.catan.model.RoundedPoint2D@11ec62, Value: [Vertex(-1, -2, 5)]
Key: com.catan.model.RoundedPoint2D@11cd22, Value: [Vertex(-1, -2, 4)]
Key: com.catan.model.RoundedPoint2D@1935e1, Value: [Vertex(0, 2, 5)]
Key: com.catan.model.RoundedPoint2D@1916a1, Value: [Vertex(0, 2, 4)]
Key: com.catan.model.RoundedPoint2D@294a90, Value: [Vertex(1, 1, 2)]
Key: com.catan.model.RoundedPoint2D@2969d0, Value: [Vertex(1, 1, 1)]
Key: com.catan.model.RoundedPoint2D@18d821, Value: [Vertex(0, 0, 5)]
Key: com.catan.model.RoundedPoint2D@18b8e1, Value: [Vertex(0, 0, 4)]
Key: com.catan.model.RoundedPoint2D@185b21, Value: [Vertex(-1, -2, 2), Vertex(0, -2, 4)]
Key: com.catan.model.RoundedPoint2D@187a61, Value: [Vertex(-1, -2, 1), Vertex(0, -2, 5)]
Key: com.catan.model.RoundedPoint2D@15c011, Value: [Vertex(-2, 1, 1)]
Key: com.catan.model.RoundedPoint2D@150491, Value: [Vertex(-1, -2, 3)]
Key: com.catan.model.RoundedPoint2D@154311, Value: [Vertex(-1, -2, 0)]
Key: com.catan.model.RoundedPoint2D@1fc3c1, Value: [Vertex(1, 2, 5), Vertex(0, 2, 1)]
Key: com.catan.model.RoundedPoint2D@1fa481, Value: [Vertex(0, 1, 0), Vertex(1, 2, 4), Vertex(0, 2, 2)]
Key: com.catan.model.RoundedPoint2D@1f6601, Value: [Vertex(0, 0, 1), Vertex(0, 1, 3)]
Key: com.catan.model.RoundedPoint2D@1f0841, Value: [Vertex(0, -1, 3), Vertex(0, -2, 1)]
Key: com.catan.model.RoundedPoint2D@1f46c1, Value: [Vertex(0, -1, 0), Vertex(0, 0, 2)]
Key: com.catan.model.RoundedPoint2D@1ee901, Value: [Vertex(0, -2, 2)]
Key: com.catan.model.RoundedPoint2D@25f400, Value: [Vertex(1, 1, 3)]
Key: com.catan.model.RoundedPoint2D@2651c0, Value: [Vertex(1, 2, 1)]
Key: com.catan.model.RoundedPoint2D@263280, Value: [Vertex(1, 1, 0), Vertex(1, 2, 2)]
Key: com.catan.model.RoundedPoint2D@1b9271, Value: [Vertex(0, -2, 3)]
Key: com.catan.model.RoundedPoint2D@1bf031, Value: [Vertex(0, -1, 5), Vertex(0, 0, 3)]
Key: com.catan.model.RoundedPoint2D@1bd0f1, Value: [Vertex(0, -1, 4), Vertex(0, -2, 0)]
Key: com.catan.model.RoundedPoint2D@1c8c71, Value: [Vertex(0, 2, 0)]
Key: com.catan.model.RoundedPoint2D@1c4df1, Value: [Vertex(0, 1, 5), Vertex(0, 2, 3)]
Key: com.catan.model.RoundedPoint2D@1c2eb1, Value: [Vertex(0, 0, 0), Vertex(0, 1, 4)]
Key: com.catan.model.RoundedPoint2D@1288a2, Value: [Vertex(-2, 1, 0)]
Key: com.catan.model.RoundedPoint2D@231a51, Value: [Vertex(1, 2, 0)]
Key: com.catan.model.RoundedPoint2D@22dbd1, Value: [Vertex(1, 1, 5), Vertex(0, 1, 1), Vertex(1, 2, 3)]
Key: com.catan.model.RoundedPoint2D@22bc91, Value: [Vertex(1, 1, 4), Vertex(0, 1, 2)]
Key: com.catan.model.RoundedPoint2D@225ed1, Value: [Vertex(0, -1, 2)]
Key: com.catan.model.RoundedPoint2D@227e11, Value: [Vertex(0, -1, 1)]
Key: com.catan.model.RoundedPoint2D@11ec62, Value: [Vertex(-1, -2, 5)]
Key: com.catan.model.RoundedPoint2D@11cd22, Value: [Vertex(-1, -2, 4)]
Key: com.catan.model.RoundedPoint2D@1935e1, Value: [Vertex(0, 2, 5)]
Key: com.catan.model.RoundedPoint2D@1916a1, Value: [Vertex(0, 2, 4)]
Key: com.catan.model.RoundedPoint2D@294a90, Value: [Vertex(1, 1, 2)]
Key: com.catan.model.RoundedPoint2D@2969d0, Value: [Vertex(1, 1, 1)]
Key: com.catan.model.RoundedPoint2D@18d821, Value: [Vertex(0, 0, 5)]
Key: com.catan.model.RoundedPoint2D@18b8e1, Value: [Vertex(0, 0, 4)]
Key: com.catan.model.RoundedPoint2D@185b21, Value: [Vertex(-1, -2, 2), Vertex(0, -2, 4)]
Key: com.catan.model.RoundedPoint2D@187a61, Value: [Vertex(-1, -2, 1), Vertex(0, -2, 5)]
Key: com.catan.model.RoundedPoint2D@15a0d1, Value: [Vertex(-2, 1, 2)]
Key: com.catan.model.RoundedPoint2D@15c011, Value: [Vertex(-2, 1, 1)]
Key: com.catan.model.RoundedPoint2D@150491, Value: [Vertex(-1, -2, 3)]
Key: com.catan.model.RoundedPoint2D@154311, Value: [Vertex(-1, -2, 0)]
Key: com.catan.model.RoundedPoint2D@1fc3c1, Value: [Vertex(1, 2, 5), Vertex(0, 2, 1)]
Key: com.catan.model.RoundedPoint2D@1fa481, Value: [Vertex(0, 1, 0), Vertex(1, 2, 4), Vertex(0, 2, 2)]
Key: com.catan.model.RoundedPoint2D@1f6601, Value: [Vertex(0, 0, 1), Vertex(0, 1, 3)]
Key: com.catan.model.RoundedPoint2D@1f0841, Value: [Vertex(0, -1, 3), Vertex(0, -2, 1)]
Key: com.catan.model.RoundedPoint2D@1f46c1, Value: [Vertex(0, -1, 0), Vertex(0, 0, 2)]
Key: com.catan.model.RoundedPoint2D@1ee901, Value: [Vertex(0, -2, 2)]
Key: com.catan.model.RoundedPoint2D@25f400, Value: [Vertex(1, 1, 3)]
Key: com.catan.model.RoundedPoint2D@2651c0, Value: [Vertex(1, 2, 1)]
Key: com.catan.model.RoundedPoint2D@263280, Value: [Vertex(1, 1, 0), Vertex(1, 2, 2)]
Key: com.catan.model.RoundedPoint2D@1b9271, Value: [Vertex(0, -2, 3)]
Key: com.catan.model.RoundedPoint2D@1bf031, Value: [Vertex(0, -1, 5), Vertex(0, 0, 3)]
Key: com.catan.model.RoundedPoint2D@1bd0f1, Value: [Vertex(0, -1, 4), Vertex(0, -2, 0)]
Key: com.catan.model.RoundedPoint2D@1c8c71, Value: [Vertex(0, 2, 0)]
Key: com.catan.model.RoundedPoint2D@1c4df1, Value: [Vertex(0, 1, 5), Vertex(0, 2, 3)]
Key: com.catan.model.RoundedPoint2D@1c2eb1, Value: [Vertex(0, 0, 0), Vertex(0, 1, 4)]
Key: com.catan.model.RoundedPoint2D@1288a2, Value: [Vertex(-2, 1, 0)]
Key: com.catan.model.RoundedPoint2D@231a51, Value: [Vertex(1, 2, 0)]
Key: com.catan.model.RoundedPoint2D@22dbd1, Value: [Vertex(1, 1, 5), Vertex(0, 1, 1), Vertex(1, 2, 3)]
Key: com.catan.model.RoundedPoint2D@22bc91, Value: [Vertex(1, 1, 4), Vertex(0, 1, 2)]
Key: com.catan.model.RoundedPoint2D@225ed1, Value: [Vertex(0, -1, 2)]
Key: com.catan.model.RoundedPoint2D@227e11, Value: [Vertex(0, -1, 1)]
Key: com.catan.model.RoundedPoint2D@11ec62, Value: [Vertex(-1, -2, 5)]
Key: com.catan.model.RoundedPoint2D@11cd22, Value: [Vertex(-1, -2, 4)]
Key: com.catan.model.RoundedPoint2D@1935e1, Value: [Vertex(0, 2, 5)]
Key: com.catan.model.RoundedPoint2D@1916a1, Value: [Vertex(0, 2, 4)]
Key: com.catan.model.RoundedPoint2D@294a90, Value: [Vertex(1, 1, 2)]
Key: com.catan.model.RoundedPoint2D@2969d0, Value: [Vertex(1, 1, 1)]
Key: com.catan.model.RoundedPoint2D@18d821, Value: [Vertex(0, 0, 5)]
Key: com.catan.model.RoundedPoint2D@18b8e1, Value: [Vertex(0, 0, 4)]
Key: com.catan.model.RoundedPoint2D@185b21, Value: [Vertex(-1, -2, 2), Vertex(0, -2, 4)]
Key: com.catan.model.RoundedPoint2D@187a61, Value: [Vertex(-1, -2, 1), Vertex(0, -2, 5)]
Key: com.catan.model.RoundedPoint2D@15a0d1, Value: [Vertex(-2, 1, 2)]
Key: com.catan.model.RoundedPoint2D@15c011, Value: [Vertex(-2, 1, 1)]
Key: com.catan.model.RoundedPoint2D@150491, Value: [Vertex(-1, -2, 3)]
Key: com.catan.model.RoundedPoint2D@154311, Value: [Vertex(-1, -2, 0)]
Key: com.catan.model.RoundedPoint2D@1fc3c1, Value: [Vertex(1, 2, 5), Vertex(0, 2, 1)]
Key: com.catan.model.RoundedPoint2D@1fa481, Value: [Vertex(0, 1, 0), Vertex(1, 2, 4), Vertex(0, 2, 2)]
Key: com.catan.model.RoundedPoint2D@1f6601, Value: [Vertex(0, 0, 1), Vertex(0, 1, 3)]
Key: com.catan.model.RoundedPoint2D@1f0841, Value: [Vertex(0, -1, 3), Vertex(0, -2, 1)]
Key: com.catan.model.RoundedPoint2D@1f46c1, Value: [Vertex(0, -1, 0), Vertex(0, 0, 2)]
Key: com.catan.model.RoundedPoint2D@1ee901, Value: [Vertex(0, -2, 2)]
Key: com.catan.model.RoundedPoint2D@25f400, Value: [Vertex(1, 1, 3)]
Key: com.catan.model.RoundedPoint2D@2651c0, Value: [Vertex(1, 2, 1)]
Key: com.catan.model.RoundedPoint2D@263280, Value: [Vertex(1, 1, 0), Vertex(1, 2, 2)]
Key: com.catan.model.RoundedPoint2D@1b9271, Value: [Vertex(0, -2, 3)]
Key: com.catan.model.RoundedPoint2D@1bf031, Value: [Vertex(0, -1, 5), Vertex(0, 0, 3)]
Key: com.catan.model.RoundedPoint2D@1bd0f1, Value: [Vertex(0, -1, 4), Vertex(0, -2, 0)]
Key: com.catan.model.RoundedPoint2D@1c8c71, Value: [Vertex(0, 2, 0)]
Key: com.catan.model.RoundedPoint2D@1c4df1, Value: [Vertex(0, 1, 5), Vertex(0, 2, 3)]
Key: com.catan.model.RoundedPoint2D@1c2eb1, Value: [Vertex(0, 0, 0), Vertex(0, 1, 4)]
Key: com.catan.model.RoundedPoint2D@124a22, Value: [Vertex(-2, 1, 3)]
Key: com.catan.model.RoundedPoint2D@1288a2, Value: [Vertex(-2, 1, 0)]
Key: com.catan.model.RoundedPoint2D@231a51, Value: [Vertex(1, 2, 0)]
Key: com.catan.model.RoundedPoint2D@22dbd1, Value: [Vertex(1, 1, 5), Vertex(0, 1, 1), Vertex(1, 2, 3)]
Key: com.catan.model.RoundedPoint2D@22bc91, Value: [Vertex(1, 1, 4), Vertex(0, 1, 2)]
Key: com.catan.model.RoundedPoint2D@225ed1, Value: [Vertex(0, -1, 2)]
Key: com.catan.model.RoundedPoint2D@227e11, Value: [Vertex(0, -1, 1)]
Key: com.catan.model.RoundedPoint2D@11ec62, Value: [Vertex(-1, -2, 5)]
Key: com.catan.model.RoundedPoint2D@11cd22, Value: [Vertex(-1, -2, 4)]
Key: com.catan.model.RoundedPoint2D@1935e1, Value: [Vertex(0, 2, 5)]
Key: com.catan.model.RoundedPoint2D@1916a1, Value: [Vertex(0, 2, 4)]
Key: com.catan.model.RoundedPoint2D@294a90, Value: [Vertex(1, 1, 2)]
Key: com.catan.model.RoundedPoint2D@2969d0, Value: [Vertex(1, 1, 1)]
Key: com.catan.model.RoundedPoint2D@18d821, Value: [Vertex(0, 0, 5)]
Key: com.catan.model.RoundedPoint2D@18b8e1, Value: [Vertex(0, 0, 4)]
Key: com.catan.model.RoundedPoint2D@185b21, Value: [Vertex(-1, -2, 2), Vertex(0, -2, 4)]
Key: com.catan.model.RoundedPoint2D@187a61, Value: [Vertex(-1, -2, 1), Vertex(0, -2, 5)]
Key: com.catan.model.RoundedPoint2D@15a0d1, Value: [Vertex(-2, 1, 2)]
Key: com.catan.model.RoundedPoint2D@15c011, Value: [Vertex(-2, 1, 1)]
Key: com.catan.model.RoundedPoint2D@150491, Value: [Vertex(-1, -2, 3)]
Key: com.catan.model.RoundedPoint2D@154311, Value: [Vertex(-1, -2, 0)]
Key: com.catan.model.RoundedPoint2D@f12d2, Value: [Vertex(-2, 1, 4)]
Key: com.catan.model.RoundedPoint2D@1fc3c1, Value: [Vertex(1, 2, 5), Vertex(0, 2, 1)]
Key: com.catan.model.RoundedPoint2D@1fa481, Value: [Vertex(0, 1, 0), Vertex(1, 2, 4), Vertex(0, 2, 2)]
Key: com.catan.model.RoundedPoint2D@1f6601, Value: [Vertex(0, 0, 1), Vertex(0, 1, 3)]
Key: com.catan.model.RoundedPoint2D@1f0841, Value: [Vertex(0, -1, 3), Vertex(0, -2, 1)]
Key: com.catan.model.RoundedPoint2D@1f46c1, Value: [Vertex(0, -1, 0), Vertex(0, 0, 2)]
Key: com.catan.model.RoundedPoint2D@1ee901, Value: [Vertex(0, -2, 2)]
Key: com.catan.model.RoundedPoint2D@25f400, Value: [Vertex(1, 1, 3)]
Key: com.catan.model.RoundedPoint2D@2651c0, Value: [Vertex(1, 2, 1)]
Key: com.catan.model.RoundedPoint2D@263280, Value: [Vertex(1, 1, 0), Vertex(1, 2, 2)]
Key: com.catan.model.RoundedPoint2D@1b9271, Value: [Vertex(0, -2, 3)]
Key: com.catan.model.RoundedPoint2D@1bf031, Value: [Vertex(0, -1, 5), Vertex(0, 0, 3)]
Key: com.catan.model.RoundedPoint2D@1bd0f1, Value: [Vertex(0, -1, 4), Vertex(0, -2, 0)]
Key: com.catan.model.RoundedPoint2D@1c8c71, Value: [Vertex(0, 2, 0)]
Key: com.catan.model.RoundedPoint2D@1c4df1, Value: [Vertex(0, 1, 5), Vertex(0, 2, 3)]
Key: com.catan.model.RoundedPoint2D@1c2eb1, Value: [Vertex(0, 0, 0), Vertex(0, 1, 4)]
Key: com.catan.model.RoundedPoint2D@124a22, Value: [Vertex(-2, 1, 3)]
Key: com.catan.model.RoundedPoint2D@1288a2, Value: [Vertex(-2, 1, 0)]
Key: com.catan.model.RoundedPoint2D@231a51, Value: [Vertex(1, 2, 0)]
Key: com.catan.model.RoundedPoint2D@22dbd1, Value: [Vertex(1, 1, 5), Vertex(0, 1, 1), Vertex(1, 2, 3)]
Key: com.catan.model.RoundedPoint2D@22bc91, Value: [Vertex(1, 1, 4), Vertex(0, 1, 2)]
Key: com.catan.model.RoundedPoint2D@225ed1, Value: [Vertex(0, -1, 2)]
Key: com.catan.model.RoundedPoint2D@227e11, Value: [Vertex(0, -1, 1)]
Key: com.catan.model.RoundedPoint2D@11ec62, Value: [Vertex(-1, -2, 5)]
Key: com.catan.model.RoundedPoint2D@11cd22, Value: [Vertex(-1, -2, 4)]
Key: com.catan.model.RoundedPoint2D@1935e1, Value: [Vertex(0, 2, 5)]
Key: com.catan.model.RoundedPoint2D@1916a1, Value: [Vertex(0, 2, 4)]
Key: com.catan.model.RoundedPoint2D@294a90, Value: [Vertex(1, 1, 2)]
Key: com.catan.model.RoundedPoint2D@2969d0, Value: [Vertex(1, 1, 1)]
Key: com.catan.model.RoundedPoint2D@18d821, Value: [Vertex(0, 0, 5)]
Key: com.catan.model.RoundedPoint2D@18b8e1, Value: [Vertex(0, 0, 4)]
Key: com.catan.model.RoundedPoint2D@185b21, Value: [Vertex(-1, -2, 2), Vertex(0, -2, 4)]
Key: com.catan.model.RoundedPoint2D@187a61, Value: [Vertex(-1, -2, 1), Vertex(0, -2, 5)]
Key: com.catan.model.RoundedPoint2D@15a0d1, Value: [Vertex(-2, 1, 2)]
Key: com.catan.model.RoundedPoint2D@15c011, Value: [Vertex(-2, 1, 1)]
Key: com.catan.model.RoundedPoint2D@150491, Value: [Vertex(-1, -2, 3)]
Key: com.catan.model.RoundedPoint2D@154311, Value: [Vertex(-1, -2, 0)]
Key: com.catan.model.RoundedPoint2D@f3212, Value: [Vertex(-2, 1, 5)]
Key: com.catan.model.RoundedPoint2D@f12d2, Value: [Vertex(-2, 1, 4)]
Key: com.catan.model.RoundedPoint2D@1fc3c1, Value: [Vertex(1, 2, 5), Vertex(0, 2, 1)]
Key: com.catan.model.RoundedPoint2D@1fa481, Value: [Vertex(0, 1, 0), Vertex(1, 2, 4), Vertex(0, 2, 2)]
Key: com.catan.model.RoundedPoint2D@1f6601, Value: [Vertex(0, 0, 1), Vertex(0, 1, 3)]
Key: com.catan.model.RoundedPoint2D@1f0841, Value: [Vertex(0, -1, 3), Vertex(0, -2, 1)]
Key: com.catan.model.RoundedPoint2D@1f46c1, Value: [Vertex(0, -1, 0), Vertex(0, 0, 2)]
Key: com.catan.model.RoundedPoint2D@1ee901, Value: [Vertex(0, -2, 2)]
Key: com.catan.model.RoundedPoint2D@25f400, Value: [Vertex(1, 1, 3)]
Key: com.catan.model.RoundedPoint2D@2651c0, Value: [Vertex(1, 2, 1)]
Key: com.catan.model.RoundedPoint2D@263280, Value: [Vertex(1, 1, 0), Vertex(1, 2, 2)]
Key: com.catan.model.RoundedPoint2D@1b9271, Value: [Vertex(0, -2, 3)]
Key: com.catan.model.RoundedPoint2D@1bf031, Value: [Vertex(0, -1, 5), Vertex(0, 0, 3)]
Key: com.catan.model.RoundedPoint2D@1bd0f1, Value: [Vertex(0, -1, 4), Vertex(0, -2, 0)]
Key: com.catan.model.RoundedPoint2D@1c8c71, Value: [Vertex(0, 2, 0)]
Key: com.catan.model.RoundedPoint2D@1c4df1, Value: [Vertex(0, 1, 5), Vertex(0, 2, 3)]
Key: com.catan.model.RoundedPoint2D@1c2eb1, Value: [Vertex(0, 0, 0), Vertex(0, 1, 4)]
Key: com.catan.model.RoundedPoint2D@124a22, Value: [Vertex(-2, 1, 3)]
Key: com.catan.model.RoundedPoint2D@1288a2, Value: [Vertex(-2, 1, 0)]
Key: com.catan.model.RoundedPoint2D@231a51, Value: [Vertex(1, 2, 0)]
Key: com.catan.model.RoundedPoint2D@22dbd1, Value: [Vertex(1, 1, 5), Vertex(0, 1, 1), Vertex(1, 2, 3)]
Key: com.catan.model.RoundedPoint2D@22bc91, Value: [Vertex(1, 1, 4), Vertex(0, 1, 2)]
Key: com.catan.model.RoundedPoint2D@225ed1, Value: [Vertex(0, -1, 2)]
Key: com.catan.model.RoundedPoint2D@227e11, Value: [Vertex(0, -1, 1)]
Key: com.catan.model.RoundedPoint2D@11ec62, Value: [Vertex(-1, -2, 5)]
Key: com.catan.model.RoundedPoint2D@11cd22, Value: [Vertex(-1, -2, 4)]
Key: com.catan.model.RoundedPoint2D@1935e1, Value: [Vertex(0, 2, 5)]
Key: com.catan.model.RoundedPoint2D@1916a1, Value: [Vertex(0, 2, 4)]
Key: com.catan.model.RoundedPoint2D@294a90, Value: [Vertex(1, 1, 2)]
Key: com.catan.model.RoundedPoint2D@2969d0, Value: [Vertex(1, 1, 1)]
Key: com.catan.model.RoundedPoint2D@18d821, Value: [Vertex(0, 0, 5)]
Key: com.catan.model.RoundedPoint2D@18b8e1, Value: [Vertex(0, 0, 4)]
Key: com.catan.model.RoundedPoint2D@185b21, Value: [Vertex(-1, -2, 2), Vertex(0, -2, 4)]
Key: com.catan.model.RoundedPoint2D@187a61, Value: [Vertex(-1, -2, 1), Vertex(0, -2, 5)]
Key: com.catan.model.RoundedPoint2D@15fe91, Value: [Vertex(-1, 2, 0)]
Key: com.catan.model.RoundedPoint2D@15a0d1, Value: [Vertex(-2, 1, 2)]
Key: com.catan.model.RoundedPoint2D@15c011, Value: [Vertex(-2, 1, 1)]
Key: com.catan.model.RoundedPoint2D@150491, Value: [Vertex(-1, -2, 3)]
Key: com.catan.model.RoundedPoint2D@154311, Value: [Vertex(-1, -2, 0)]
Key: com.catan.model.RoundedPoint2D@f3212, Value: [Vertex(-2, 1, 5)]
Key: com.catan.model.RoundedPoint2D@f12d2, Value: [Vertex(-2, 1, 4)]
Key: com.catan.model.RoundedPoint2D@1fc3c1, Value: [Vertex(1, 2, 5), Vertex(0, 2, 1)]
Key: com.catan.model.RoundedPoint2D@1fa481, Value: [Vertex(0, 1, 0), Vertex(1, 2, 4), Vertex(0, 2, 2)]
Key: com.catan.model.RoundedPoint2D@1f6601, Value: [Vertex(0, 0, 1), Vertex(0, 1, 3)]
Key: com.catan.model.RoundedPoint2D@1f0841, Value: [Vertex(0, -1, 3), Vertex(0, -2, 1)]
Key: com.catan.model.RoundedPoint2D@1f46c1, Value: [Vertex(0, -1, 0), Vertex(0, 0, 2)]
Key: com.catan.model.RoundedPoint2D@1ee901, Value: [Vertex(0, -2, 2)]
Key: com.catan.model.RoundedPoint2D@25f400, Value: [Vertex(1, 1, 3)]
Key: com.catan.model.RoundedPoint2D@2651c0, Value: [Vertex(1, 2, 1)]
Key: com.catan.model.RoundedPoint2D@263280, Value: [Vertex(1, 1, 0), Vertex(1, 2, 2)]
Key: com.catan.model.RoundedPoint2D@1b9271, Value: [Vertex(0, -2, 3)]
Key: com.catan.model.RoundedPoint2D@1bf031, Value: [Vertex(0, -1, 5), Vertex(0, 0, 3)]
Key: com.catan.model.RoundedPoint2D@1bd0f1, Value: [Vertex(0, -1, 4), Vertex(0, -2, 0)]
Key: com.catan.model.RoundedPoint2D@1c8c71, Value: [Vertex(0, 2, 0)]
Key: com.catan.model.RoundedPoint2D@1c4df1, Value: [Vertex(0, 1, 5), Vertex(0, 2, 3)]
Key: com.catan.model.RoundedPoint2D@1c2eb1, Value: [Vertex(0, 0, 0), Vertex(0, 1, 4)]
Key: com.catan.model.RoundedPoint2D@124a22, Value: [Vertex(-2, 1, 3)]
Key: com.catan.model.RoundedPoint2D@1288a2, Value: [Vertex(-2, 1, 0)]
Key: com.catan.model.RoundedPoint2D@231a51, Value: [Vertex(1, 2, 0)]
Key: com.catan.model.RoundedPoint2D@22dbd1, Value: [Vertex(1, 1, 5), Vertex(0, 1, 1), Vertex(1, 2, 3)]
Key: com.catan.model.RoundedPoint2D@22bc91, Value: [Vertex(1, 1, 4), Vertex(0, 1, 2)]
Key: com.catan.model.RoundedPoint2D@225ed1, Value: [Vertex(0, -1, 2)]
Key: com.catan.model.RoundedPoint2D@227e11, Value: [Vertex(0, -1, 1)]
Key: com.catan.model.RoundedPoint2D@11ec62, Value: [Vertex(-1, -2, 5)]
Key: com.catan.model.RoundedPoint2D@11cd22, Value: [Vertex(-1, -2, 4)]
Key: com.catan.model.RoundedPoint2D@1935e1, Value: [Vertex(0, 2, 5)]
Key: com.catan.model.RoundedPoint2D@1916a1, Value: [Vertex(0, 2, 4)]
Key: com.catan.model.RoundedPoint2D@294a90, Value: [Vertex(1, 1, 2)]
Key: com.catan.model.RoundedPoint2D@2969d0, Value: [Vertex(1, 1, 1)]
Key: com.catan.model.RoundedPoint2D@18d821, Value: [Vertex(0, 0, 5)]
Key: com.catan.model.RoundedPoint2D@18b8e1, Value: [Vertex(0, 0, 4)]
Key: com.catan.model.RoundedPoint2D@185b21, Value: [Vertex(-1, -2, 2), Vertex(0, -2, 4)]
Key: com.catan.model.RoundedPoint2D@187a61, Value: [Vertex(-1, -2, 1), Vertex(0, -2, 5)]
Key: com.catan.model.RoundedPoint2D@15fe91, Value: [Vertex(-1, 2, 0)]
Key: com.catan.model.RoundedPoint2D@15a0d1, Value: [Vertex(-2, 1, 2)]
Key: com.catan.model.RoundedPoint2D@15c011, Value: [Vertex(-2, 1, 1)]
Key: com.catan.model.RoundedPoint2D@150491, Value: [Vertex(-1, -2, 3)]
Key: com.catan.model.RoundedPoint2D@154311, Value: [Vertex(-1, -2, 0)]
Key: com.catan.model.RoundedPoint2D@f3212, Value: [Vertex(-2, 1, 5)]
Key: com.catan.model.RoundedPoint2D@f12d2, Value: [Vertex(-2, 1, 4)]
Key: com.catan.model.RoundedPoint2D@1fc3c1, Value: [Vertex(1, 2, 5), Vertex(0, 2, 1)]
Key: com.catan.model.RoundedPoint2D@1fa481, Value: [Vertex(0, 1, 0), Vertex(1, 2, 4), Vertex(0, 2, 2)]
Key: com.catan.model.RoundedPoint2D@1f6601, Value: [Vertex(0, 0, 1), Vertex(0, 1, 3)]
Key: com.catan.model.RoundedPoint2D@1f0841, Value: [Vertex(0, -1, 3), Vertex(0, -2, 1)]
Key: com.catan.model.RoundedPoint2D@1f46c1, Value: [Vertex(0, -1, 0), Vertex(0, 0, 2)]
Key: com.catan.model.RoundedPoint2D@1ee901, Value: [Vertex(0, -2, 2)]
Key: com.catan.model.RoundedPoint2D@25f400, Value: [Vertex(1, 1, 3)]
Key: com.catan.model.RoundedPoint2D@2651c0, Value: [Vertex(1, 2, 1)]
Key: com.catan.model.RoundedPoint2D@263280, Value: [Vertex(1, 1, 0), Vertex(1, 2, 2)]
Key: com.catan.model.RoundedPoint2D@1b9271, Value: [Vertex(0, -2, 3)]
Key: com.catan.model.RoundedPoint2D@1bf031, Value: [Vertex(0, -1, 5), Vertex(0, 0, 3)]
Key: com.catan.model.RoundedPoint2D@1bd0f1, Value: [Vertex(0, -1, 4), Vertex(0, -2, 0)]
Key: com.catan.model.RoundedPoint2D@1c8c71, Value: [Vertex(0, 2, 0)]
Key: com.catan.model.RoundedPoint2D@1c4df1, Value: [Vertex(0, 1, 5), Vertex(0, 2, 3)]
Key: com.catan.model.RoundedPoint2D@1c2eb1, Value: [Vertex(0, 0, 0), Vertex(0, 1, 4)]
Key: com.catan.model.RoundedPoint2D@124a22, Value: [Vertex(-2, 1, 3)]
Key: com.catan.model.RoundedPoint2D@1288a2, Value: [Vertex(-2, 1, 0)]
Key: com.catan.model.RoundedPoint2D@231a51, Value: [Vertex(1, 2, 0)]
Key: com.catan.model.RoundedPoint2D@22dbd1, Value: [Vertex(1, 1, 5), Vertex(0, 1, 1), Vertex(1, 2, 3)]
Key: com.catan.model.RoundedPoint2D@22bc91, Value: [Vertex(1, 1, 4), Vertex(0, 1, 2)]
Key: com.catan.model.RoundedPoint2D@225ed1, Value: [Vertex(0, -1, 2)]
Key: com.catan.model.RoundedPoint2D@227e11, Value: [Vertex(0, -1, 1)]
Key: com.catan.model.RoundedPoint2D@11ec62, Value: [Vertex(-1, -2, 5)]
Key: com.catan.model.RoundedPoint2D@11cd22, Value: [Vertex(-1, -2, 4)]
Key: com.catan.model.RoundedPoint2D@1935e1, Value: [Vertex(0, 2, 5), Vertex(-1, 2, 1)]
Key: com.catan.model.RoundedPoint2D@1916a1, Value: [Vertex(0, 2, 4)]
Key: com.catan.model.RoundedPoint2D@294a90, Value: [Vertex(1, 1, 2)]
Key: com.catan.model.RoundedPoint2D@2969d0, Value: [Vertex(1, 1, 1)]
Key: com.catan.model.RoundedPoint2D@18d821, Value: [Vertex(0, 0, 5)]
Key: com.catan.model.RoundedPoint2D@18b8e1, Value: [Vertex(0, 0, 4)]
Key: com.catan.model.RoundedPoint2D@185b21, Value: [Vertex(-1, -2, 2), Vertex(0, -2, 4)]
Key: com.catan.model.RoundedPoint2D@187a61, Value: [Vertex(-1, -2, 1), Vertex(0, -2, 5)]
Key: com.catan.model.RoundedPoint2D@15fe91, Value: [Vertex(-1, 2, 0)]
Key: com.catan.model.RoundedPoint2D@15a0d1, Value: [Vertex(-2, 1, 2)]
Key: com.catan.model.RoundedPoint2D@15c011, Value: [Vertex(-2, 1, 1)]
Key: com.catan.model.RoundedPoint2D@150491, Value: [Vertex(-1, -2, 3)]
Key: com.catan.model.RoundedPoint2D@154311, Value: [Vertex(-1, -2, 0)]
Key: com.catan.model.RoundedPoint2D@f3212, Value: [Vertex(-2, 1, 5)]
Key: com.catan.model.RoundedPoint2D@f12d2, Value: [Vertex(-2, 1, 4)]
Key: com.catan.model.RoundedPoint2D@1fc3c1, Value: [Vertex(1, 2, 5), Vertex(0, 2, 1)]
Key: com.catan.model.RoundedPoint2D@1fa481, Value: [Vertex(0, 1, 0), Vertex(1, 2, 4), Vertex(0, 2, 2)]
Key: com.catan.model.RoundedPoint2D@1f6601, Value: [Vertex(0, 0, 1), Vertex(0, 1, 3)]
Key: com.catan.model.RoundedPoint2D@1f0841, Value: [Vertex(0, -1, 3), Vertex(0, -2, 1)]
Key: com.catan.model.RoundedPoint2D@1f46c1, Value: [Vertex(0, -1, 0), Vertex(0, 0, 2)]
Key: com.catan.model.RoundedPoint2D@1ee901, Value: [Vertex(0, -2, 2)]
Key: com.catan.model.RoundedPoint2D@25f400, Value: [Vertex(1, 1, 3)]
Key: com.catan.model.RoundedPoint2D@2651c0, Value: [Vertex(1, 2, 1)]
Key: com.catan.model.RoundedPoint2D@263280, Value: [Vertex(1, 1, 0), Vertex(1, 2, 2)]
Key: com.catan.model.RoundedPoint2D@1b9271, Value: [Vertex(0, -2, 3)]
Key: com.catan.model.RoundedPoint2D@1bf031, Value: [Vertex(0, -1, 5), Vertex(0, 0, 3)]
Key: com.catan.model.RoundedPoint2D@1bd0f1, Value: [Vertex(0, -1, 4), Vertex(0, -2, 0)]
Key: com.catan.model.RoundedPoint2D@1c8c71, Value: [Vertex(0, 2, 0)]
Key: com.catan.model.RoundedPoint2D@1c4df1, Value: [Vertex(0, 1, 5), Vertex(0, 2, 3)]
Key: com.catan.model.RoundedPoint2D@1c2eb1, Value: [Vertex(0, 0, 0), Vertex(0, 1, 4)]
Key: com.catan.model.RoundedPoint2D@124a22, Value: [Vertex(-2, 1, 3)]
Key: com.catan.model.RoundedPoint2D@1288a2, Value: [Vertex(-2, 1, 0)]
Key: com.catan.model.RoundedPoint2D@231a51, Value: [Vertex(1, 2, 0)]
Key: com.catan.model.RoundedPoint2D@22dbd1, Value: [Vertex(1, 1, 5), Vertex(0, 1, 1), Vertex(1, 2, 3)]
Key: com.catan.model.RoundedPoint2D@22bc91, Value: [Vertex(1, 1, 4), Vertex(0, 1, 2)]
Key: com.catan.model.RoundedPoint2D@225ed1, Value: [Vertex(0, -1, 2)]
Key: com.catan.model.RoundedPoint2D@227e11, Value: [Vertex(0, -1, 1)]
Key: com.catan.model.RoundedPoint2D@11ec62, Value: [Vertex(-1, -2, 5)]
Key: com.catan.model.RoundedPoint2D@11cd22, Value: [Vertex(-1, -2, 4)]
Key: com.catan.model.RoundedPoint2D@1935e1, Value: [Vertex(0, 2, 5), Vertex(-1, 2, 1)]
Key: com.catan.model.RoundedPoint2D@1916a1, Value: [Vertex(0, 2, 4), Vertex(-1, 2, 2)]
Key: com.catan.model.RoundedPoint2D@294a90, Value: [Vertex(1, 1, 2)]
Key: com.catan.model.RoundedPoint2D@2969d0, Value: [Vertex(1, 1, 1)]
Key: com.catan.model.RoundedPoint2D@18d821, Value: [Vertex(0, 0, 5)]
Key: com.catan.model.RoundedPoint2D@18b8e1, Value: [Vertex(0, 0, 4)]
Key: com.catan.model.RoundedPoint2D@185b21, Value: [Vertex(-1, -2, 2), Vertex(0, -2, 4)]
Key: com.catan.model.RoundedPoint2D@187a61, Value: [Vertex(-1, -2, 1), Vertex(0, -2, 5)]
Key: com.catan.model.RoundedPoint2D@15fe91, Value: [Vertex(-1, 2, 0)]
Key: com.catan.model.RoundedPoint2D@15a0d1, Value: [Vertex(-2, 1, 2)]
Key: com.catan.model.RoundedPoint2D@15c011, Value: [Vertex(-2, 1, 1), Vertex(-1, 2, 3)]
Key: com.catan.model.RoundedPoint2D@150491, Value: [Vertex(-1, -2, 3)]
Key: com.catan.model.RoundedPoint2D@154311, Value: [Vertex(-1, -2, 0)]
Key: com.catan.model.RoundedPoint2D@f3212, Value: [Vertex(-2, 1, 5)]
Key: com.catan.model.RoundedPoint2D@f12d2, Value: [Vertex(-2, 1, 4)]
Key: com.catan.model.RoundedPoint2D@1fc3c1, Value: [Vertex(1, 2, 5), Vertex(0, 2, 1)]
Key: com.catan.model.RoundedPoint2D@1fa481, Value: [Vertex(0, 1, 0), Vertex(1, 2, 4), Vertex(0, 2, 2)]
Key: com.catan.model.RoundedPoint2D@1f6601, Value: [Vertex(0, 0, 1), Vertex(0, 1, 3)]
Key: com.catan.model.RoundedPoint2D@1f0841, Value: [Vertex(0, -1, 3), Vertex(0, -2, 1)]
Key: com.catan.model.RoundedPoint2D@1f46c1, Value: [Vertex(0, -1, 0), Vertex(0, 0, 2)]
Key: com.catan.model.RoundedPoint2D@1ee901, Value: [Vertex(0, -2, 2)]
Key: com.catan.model.RoundedPoint2D@25f400, Value: [Vertex(1, 1, 3)]
Key: com.catan.model.RoundedPoint2D@2651c0, Value: [Vertex(1, 2, 1)]
Key: com.catan.model.RoundedPoint2D@263280, Value: [Vertex(1, 1, 0), Vertex(1, 2, 2)]
Key: com.catan.model.RoundedPoint2D@1b9271, Value: [Vertex(0, -2, 3)]
Key: com.catan.model.RoundedPoint2D@1bf031, Value: [Vertex(0, -1, 5), Vertex(0, 0, 3)]
Key: com.catan.model.RoundedPoint2D@1bd0f1, Value: [Vertex(0, -1, 4), Vertex(0, -2, 0)]
Key: com.catan.model.RoundedPoint2D@1c8c71, Value: [Vertex(0, 2, 0)]
Key: com.catan.model.RoundedPoint2D@1c4df1, Value: [Vertex(0, 1, 5), Vertex(0, 2, 3)]
Key: com.catan.model.RoundedPoint2D@1c2eb1, Value: [Vertex(0, 0, 0), Vertex(0, 1, 4)]
Key: com.catan.model.RoundedPoint2D@124a22, Value: [Vertex(-2, 1, 3)]
Key: com.catan.model.RoundedPoint2D@1288a2, Value: [Vertex(-2, 1, 0)]
Key: com.catan.model.RoundedPoint2D@231a51, Value: [Vertex(1, 2, 0)]
Key: com.catan.model.RoundedPoint2D@22dbd1, Value: [Vertex(1, 1, 5), Vertex(0, 1, 1), Vertex(1, 2, 3)]
Key: com.catan.model.RoundedPoint2D@22bc91, Value: [Vertex(1, 1, 4), Vertex(0, 1, 2)]
Key: com.catan.model.RoundedPoint2D@225ed1, Value: [Vertex(0, -1, 2)]
Key: com.catan.model.RoundedPoint2D@227e11, Value: [Vertex(0, -1, 1)]
Key: com.catan.model.RoundedPoint2D@11ec62, Value: [Vertex(-1, -2, 5)]
Key: com.catan.model.RoundedPoint2D@11cd22, Value: [Vertex(-1, -2, 4)]
Key: com.catan.model.RoundedPoint2D@1935e1, Value: [Vertex(0, 2, 5), Vertex(-1, 2, 1)]
Key: com.catan.model.RoundedPoint2D@1916a1, Value: [Vertex(0, 2, 4), Vertex(-1, 2, 2)]
Key: com.catan.model.RoundedPoint2D@294a90, Value: [Vertex(1, 1, 2)]
Key: com.catan.model.RoundedPoint2D@2969d0, Value: [Vertex(1, 1, 1)]
Key: com.catan.model.RoundedPoint2D@18d821, Value: [Vertex(0, 0, 5)]
Key: com.catan.model.RoundedPoint2D@18b8e1, Value: [Vertex(0, 0, 4)]
Key: com.catan.model.RoundedPoint2D@185b21, Value: [Vertex(-1, -2, 2), Vertex(0, -2, 4)]
Key: com.catan.model.RoundedPoint2D@187a61, Value: [Vertex(-1, -2, 1), Vertex(0, -2, 5)]
Key: com.catan.model.RoundedPoint2D@15fe91, Value: [Vertex(-1, 2, 0)]
Key: com.catan.model.RoundedPoint2D@15a0d1, Value: [Vertex(-2, 1, 2)]
Key: com.catan.model.RoundedPoint2D@15c011, Value: [Vertex(-2, 1, 1), Vertex(-1, 2, 3)]
Key: com.catan.model.RoundedPoint2D@150491, Value: [Vertex(-1, -2, 3)]
Key: com.catan.model.RoundedPoint2D@154311, Value: [Vertex(-1, -2, 0)]
Key: com.catan.model.RoundedPoint2D@f3212, Value: [Vertex(-2, 1, 5)]
Key: com.catan.model.RoundedPoint2D@f12d2, Value: [Vertex(-2, 1, 4)]
Key: com.catan.model.RoundedPoint2D@1fc3c1, Value: [Vertex(1, 2, 5), Vertex(0, 2, 1)]
Key: com.catan.model.RoundedPoint2D@1fa481, Value: [Vertex(0, 1, 0), Vertex(1, 2, 4), Vertex(0, 2, 2)]
Key: com.catan.model.RoundedPoint2D@1f6601, Value: [Vertex(0, 0, 1), Vertex(0, 1, 3)]
Key: com.catan.model.RoundedPoint2D@1f0841, Value: [Vertex(0, -1, 3), Vertex(0, -2, 1)]
Key: com.catan.model.RoundedPoint2D@1f46c1, Value: [Vertex(0, -1, 0), Vertex(0, 0, 2)]
Key: com.catan.model.RoundedPoint2D@1ee901, Value: [Vertex(0, -2, 2)]
Key: com.catan.model.RoundedPoint2D@25f400, Value: [Vertex(1, 1, 3)]
Key: com.catan.model.RoundedPoint2D@2651c0, Value: [Vertex(1, 2, 1)]
Key: com.catan.model.RoundedPoint2D@263280, Value: [Vertex(1, 1, 0), Vertex(1, 2, 2)]
Key: com.catan.model.RoundedPoint2D@1b9271, Value: [Vertex(0, -2, 3)]
Key: com.catan.model.RoundedPoint2D@1bf031, Value: [Vertex(0, -1, 5), Vertex(0, 0, 3)]
Key: com.catan.model.RoundedPoint2D@1bd0f1, Value: [Vertex(0, -1, 4), Vertex(0, -2, 0)]
Key: com.catan.model.RoundedPoint2D@1c8c71, Value: [Vertex(0, 2, 0)]
Key: com.catan.model.RoundedPoint2D@1c4df1, Value: [Vertex(0, 1, 5), Vertex(0, 2, 3)]
Key: com.catan.model.RoundedPoint2D@1c2eb1, Value: [Vertex(0, 0, 0), Vertex(0, 1, 4)]
Key: com.catan.model.RoundedPoint2D@124a22, Value: [Vertex(-2, 1, 3)]
Key: com.catan.model.RoundedPoint2D@1288a2, Value: [Vertex(-2, 1, 0), Vertex(-1, 2, 4)]
Key: com.catan.model.RoundedPoint2D@231a51, Value: [Vertex(1, 2, 0)]
Key: com.catan.model.RoundedPoint2D@22dbd1, Value: [Vertex(1, 1, 5), Vertex(0, 1, 1), Vertex(1, 2, 3)]
Key: com.catan.model.RoundedPoint2D@22bc91, Value: [Vertex(1, 1, 4), Vertex(0, 1, 2)]
Key: com.catan.model.RoundedPoint2D@225ed1, Value: [Vertex(0, -1, 2)]
Key: com.catan.model.RoundedPoint2D@227e11, Value: [Vertex(0, -1, 1)]
Key: com.catan.model.RoundedPoint2D@11ec62, Value: [Vertex(-1, -2, 5)]
Key: com.catan.model.RoundedPoint2D@11cd22, Value: [Vertex(-1, -2, 4)]
Key: com.catan.model.RoundedPoint2D@1935e1, Value: [Vertex(0, 2, 5), Vertex(-1, 2, 1)]
Key: com.catan.model.RoundedPoint2D@1916a1, Value: [Vertex(0, 2, 4), Vertex(-1, 2, 2)]
Key: com.catan.model.RoundedPoint2D@294a90, Value: [Vertex(1, 1, 2)]
Key: com.catan.model.RoundedPoint2D@2969d0, Value: [Vertex(1, 1, 1)]
Key: com.catan.model.RoundedPoint2D@18d821, Value: [Vertex(0, 0, 5)]
Key: com.catan.model.RoundedPoint2D@18b8e1, Value: [Vertex(0, 0, 4)]
Key: com.catan.model.RoundedPoint2D@185b21, Value: [Vertex(-1, -2, 2), Vertex(0, -2, 4)]
Key: com.catan.model.RoundedPoint2D@187a61, Value: [Vertex(-1, -2, 1), Vertex(0, -2, 5)]
Key: com.catan.model.RoundedPoint2D@15fe91, Value: [Vertex(-1, 2, 0)]
Key: com.catan.model.RoundedPoint2D@15a0d1, Value: [Vertex(-2, 1, 2)]
Key: com.catan.model.RoundedPoint2D@15c011, Value: [Vertex(-2, 1, 1), Vertex(-1, 2, 3)]
Key: com.catan.model.RoundedPoint2D@150491, Value: [Vertex(-1, -2, 3)]
Key: com.catan.model.RoundedPoint2D@154311, Value: [Vertex(-1, -2, 0)]
Key: com.catan.model.RoundedPoint2D@f3212, Value: [Vertex(-2, 1, 5)]
Key: com.catan.model.RoundedPoint2D@f12d2, Value: [Vertex(-2, 1, 4)]
Key: com.catan.model.RoundedPoint2D@1fc3c1, Value: [Vertex(1, 2, 5), Vertex(0, 2, 1)]
Key: com.catan.model.RoundedPoint2D@1fa481, Value: [Vertex(0, 1, 0), Vertex(1, 2, 4), Vertex(0, 2, 2)]
Key: com.catan.model.RoundedPoint2D@1f6601, Value: [Vertex(0, 0, 1), Vertex(0, 1, 3)]
Key: com.catan.model.RoundedPoint2D@1f0841, Value: [Vertex(0, -1, 3), Vertex(0, -2, 1)]
Key: com.catan.model.RoundedPoint2D@1f46c1, Value: [Vertex(0, -1, 0), Vertex(0, 0, 2)]
Key: com.catan.model.RoundedPoint2D@1ee901, Value: [Vertex(0, -2, 2)]
Key: com.catan.model.RoundedPoint2D@25f400, Value: [Vertex(1, 1, 3)]
Key: com.catan.model.RoundedPoint2D@2651c0, Value: [Vertex(1, 2, 1)]
Key: com.catan.model.RoundedPoint2D@263280, Value: [Vertex(1, 1, 0), Vertex(1, 2, 2)]
Key: com.catan.model.RoundedPoint2D@1b9271, Value: [Vertex(0, -2, 3)]
Key: com.catan.model.RoundedPoint2D@1bf031, Value: [Vertex(0, -1, 5), Vertex(0, 0, 3)]
Key: com.catan.model.RoundedPoint2D@1bd0f1, Value: [Vertex(0, -1, 4), Vertex(0, -2, 0)]
Key: com.catan.model.RoundedPoint2D@1c8c71, Value: [Vertex(0, 2, 0)]
Key: com.catan.model.RoundedPoint2D@1c4df1, Value: [Vertex(0, 1, 5), Vertex(0, 2, 3)]
Key: com.catan.model.RoundedPoint2D@1c2eb1, Value: [Vertex(0, 0, 0), Vertex(0, 1, 4)]
Key: com.catan.model.RoundedPoint2D@12a7e2, Value: [Vertex(-1, 2, 5)]
Key: com.catan.model.RoundedPoint2D@124a22, Value: [Vertex(-2, 1, 3)]
Key: com.catan.model.RoundedPoint2D@1288a2, Value: [Vertex(-2, 1, 0), Vertex(-1, 2, 4)]
Key: com.catan.model.RoundedPoint2D@231a51, Value: [Vertex(1, 2, 0)]
Key: com.catan.model.RoundedPoint2D@22dbd1, Value: [Vertex(1, 1, 5), Vertex(0, 1, 1), Vertex(1, 2, 3)]
Key: com.catan.model.RoundedPoint2D@22bc91, Value: [Vertex(1, 1, 4), Vertex(0, 1, 2)]
Key: com.catan.model.RoundedPoint2D@225ed1, Value: [Vertex(0, -1, 2)]
Key: com.catan.model.RoundedPoint2D@227e11, Value: [Vertex(0, -1, 1)]
Key: com.catan.model.RoundedPoint2D@11ec62, Value: [Vertex(-1, -2, 5)]
Key: com.catan.model.RoundedPoint2D@11cd22, Value: [Vertex(-1, -2, 4)]
Key: com.catan.model.RoundedPoint2D@1935e1, Value: [Vertex(0, 2, 5), Vertex(-1, 2, 1)]
Key: com.catan.model.RoundedPoint2D@1916a1, Value: [Vertex(0, 2, 4), Vertex(-1, 2, 2)]
Key: com.catan.model.RoundedPoint2D@294a90, Value: [Vertex(1, 1, 2)]
Key: com.catan.model.RoundedPoint2D@2969d0, Value: [Vertex(1, 1, 1)]
Key: com.catan.model.RoundedPoint2D@18d821, Value: [Vertex(0, 0, 5)]
Key: com.catan.model.RoundedPoint2D@18b8e1, Value: [Vertex(0, 0, 4)]
Key: com.catan.model.RoundedPoint2D@185b21, Value: [Vertex(-1, -2, 2), Vertex(0, -2, 4)]
Key: com.catan.model.RoundedPoint2D@187a61, Value: [Vertex(-1, -2, 1), Vertex(0, -2, 5)]
Key: com.catan.model.RoundedPoint2D@15fe91, Value: [Vertex(-1, 2, 0)]
Key: com.catan.model.RoundedPoint2D@15a0d1, Value: [Vertex(-2, 1, 2)]
Key: com.catan.model.RoundedPoint2D@15c011, Value: [Vertex(-2, 1, 1), Vertex(-1, 2, 3)]
Key: com.catan.model.RoundedPoint2D@150491, Value: [Vertex(-1, -2, 3)]
Key: com.catan.model.RoundedPoint2D@154311, Value: [Vertex(-1, -2, 0)]
Key: com.catan.model.RoundedPoint2D@f3212, Value: [Vertex(-2, 1, 5)]
Key: com.catan.model.RoundedPoint2D@f12d2, Value: [Vertex(-2, 1, 4)]
Key: com.catan.model.RoundedPoint2D@1fc3c1, Value: [Vertex(1, 2, 5), Vertex(0, 2, 1)]
Key: com.catan.model.RoundedPoint2D@1fa481, Value: [Vertex(0, 1, 0), Vertex(1, 2, 4), Vertex(0, 2, 2)]
Key: com.catan.model.RoundedPoint2D@1f6601, Value: [Vertex(0, 0, 1), Vertex(0, 1, 3)]
Key: com.catan.model.RoundedPoint2D@1f0841, Value: [Vertex(0, -1, 3), Vertex(0, -2, 1)]
Key: com.catan.model.RoundedPoint2D@1f46c1, Value: [Vertex(0, -1, 0), Vertex(0, 0, 2)]
Key: com.catan.model.RoundedPoint2D@1ee901, Value: [Vertex(0, -2, 2)]
Key: com.catan.model.RoundedPoint2D@25f400, Value: [Vertex(1, 1, 3)]
Key: com.catan.model.RoundedPoint2D@2651c0, Value: [Vertex(1, 2, 1)]
Key: com.catan.model.RoundedPoint2D@263280, Value: [Vertex(1, 1, 0), Vertex(1, 2, 2)]
Key: com.catan.model.RoundedPoint2D@1b9271, Value: [Vertex(0, -2, 3)]
Key: com.catan.model.RoundedPoint2D@1bf031, Value: [Vertex(0, -1, 5), Vertex(0, 0, 3)]
Key: com.catan.model.RoundedPoint2D@1bd0f1, Value: [Vertex(0, -1, 4), Vertex(0, -2, 0)]
Key: com.catan.model.RoundedPoint2D@1c8c71, Value: [Vertex(0, 2, 0)]
Key: com.catan.model.RoundedPoint2D@1c4df1, Value: [Vertex(0, 1, 5), Vertex(0, 2, 3)]
Key: com.catan.model.RoundedPoint2D@1c2eb1, Value: [Vertex(0, 0, 0), Vertex(0, 1, 4)]
Key: com.catan.model.RoundedPoint2D@12a7e2, Value: [Vertex(-1, 2, 5)]
Key: com.catan.model.RoundedPoint2D@124a22, Value: [Vertex(-2, 1, 3)]
Key: com.catan.model.RoundedPoint2D@1288a2, Value: [Vertex(-2, 1, 0), Vertex(-1, 2, 4)]
Key: com.catan.model.RoundedPoint2D@231a51, Value: [Vertex(1, 2, 0)]
Key: com.catan.model.RoundedPoint2D@22dbd1, Value: [Vertex(1, 1, 5), Vertex(0, 1, 1), Vertex(1, 2, 3)]
Key: com.catan.model.RoundedPoint2D@22bc91, Value: [Vertex(1, 1, 4), Vertex(0, 1, 2)]
Key: com.catan.model.RoundedPoint2D@225ed1, Value: [Vertex(0, -1, 2), Vertex(1, -2, 0)]
Key: com.catan.model.RoundedPoint2D@227e11, Value: [Vertex(0, -1, 1)]
Key: com.catan.model.RoundedPoint2D@11ec62, Value: [Vertex(-1, -2, 5)]
Key: com.catan.model.RoundedPoint2D@11cd22, Value: [Vertex(-1, -2, 4)]
Key: com.catan.model.RoundedPoint2D@1935e1, Value: [Vertex(0, 2, 5), Vertex(-1, 2, 1)]
Key: com.catan.model.RoundedPoint2D@1916a1, Value: [Vertex(0, 2, 4), Vertex(-1, 2, 2)]
Key: com.catan.model.RoundedPoint2D@294a90, Value: [Vertex(1, 1, 2)]
Key: com.catan.model.RoundedPoint2D@2969d0, Value: [Vertex(1, 1, 1)]
Key: com.catan.model.RoundedPoint2D@18d821, Value: [Vertex(0, 0, 5)]
Key: com.catan.model.RoundedPoint2D@18b8e1, Value: [Vertex(0, 0, 4)]
Key: com.catan.model.RoundedPoint2D@185b21, Value: [Vertex(-1, -2, 2), Vertex(0, -2, 4)]
Key: com.catan.model.RoundedPoint2D@187a61, Value: [Vertex(-1, -2, 1), Vertex(0, -2, 5)]
Key: com.catan.model.RoundedPoint2D@15fe91, Value: [Vertex(-1, 2, 0)]
Key: com.catan.model.RoundedPoint2D@15a0d1, Value: [Vertex(-2, 1, 2)]
Key: com.catan.model.RoundedPoint2D@15c011, Value: [Vertex(-2, 1, 1), Vertex(-1, 2, 3)]
Key: com.catan.model.RoundedPoint2D@150491, Value: [Vertex(-1, -2, 3)]
Key: com.catan.model.RoundedPoint2D@154311, Value: [Vertex(-1, -2, 0)]
Key: com.catan.model.RoundedPoint2D@f3212, Value: [Vertex(-2, 1, 5)]
Key: com.catan.model.RoundedPoint2D@f12d2, Value: [Vertex(-2, 1, 4)]
Key: com.catan.model.RoundedPoint2D@1fc3c1, Value: [Vertex(1, 2, 5), Vertex(0, 2, 1)]
Key: com.catan.model.RoundedPoint2D@1fa481, Value: [Vertex(0, 1, 0), Vertex(1, 2, 4), Vertex(0, 2, 2)]
Key: com.catan.model.RoundedPoint2D@1f6601, Value: [Vertex(0, 0, 1), Vertex(0, 1, 3)]
Key: com.catan.model.RoundedPoint2D@1f0841, Value: [Vertex(0, -1, 3), Vertex(0, -2, 1)]
Key: com.catan.model.RoundedPoint2D@1f46c1, Value: [Vertex(0, -1, 0), Vertex(0, 0, 2)]
Key: com.catan.model.RoundedPoint2D@1ee901, Value: [Vertex(0, -2, 2)]
Key: com.catan.model.RoundedPoint2D@259640, Value: [Vertex(1, -2, 1)]
Key: com.catan.model.RoundedPoint2D@25f400, Value: [Vertex(1, 1, 3)]
Key: com.catan.model.RoundedPoint2D@2651c0, Value: [Vertex(1, 2, 1)]
Key: com.catan.model.RoundedPoint2D@263280, Value: [Vertex(1, 1, 0), Vertex(1, 2, 2)]
Key: com.catan.model.RoundedPoint2D@1b9271, Value: [Vertex(0, -2, 3)]
Key: com.catan.model.RoundedPoint2D@1bf031, Value: [Vertex(0, -1, 5), Vertex(0, 0, 3)]
Key: com.catan.model.RoundedPoint2D@1bd0f1, Value: [Vertex(0, -1, 4), Vertex(0, -2, 0)]
Key: com.catan.model.RoundedPoint2D@1c8c71, Value: [Vertex(0, 2, 0)]
Key: com.catan.model.RoundedPoint2D@1c4df1, Value: [Vertex(0, 1, 5), Vertex(0, 2, 3)]
Key: com.catan.model.RoundedPoint2D@1c2eb1, Value: [Vertex(0, 0, 0), Vertex(0, 1, 4)]
Key: com.catan.model.RoundedPoint2D@12a7e2, Value: [Vertex(-1, 2, 5)]
Key: com.catan.model.RoundedPoint2D@124a22, Value: [Vertex(-2, 1, 3)]
Key: com.catan.model.RoundedPoint2D@1288a2, Value: [Vertex(-2, 1, 0), Vertex(-1, 2, 4)]
Key: com.catan.model.RoundedPoint2D@231a51, Value: [Vertex(1, 2, 0)]
Key: com.catan.model.RoundedPoint2D@22dbd1, Value: [Vertex(1, 1, 5), Vertex(0, 1, 1), Vertex(1, 2, 3)]
Key: com.catan.model.RoundedPoint2D@22bc91, Value: [Vertex(1, 1, 4), Vertex(0, 1, 2)]
Key: com.catan.model.RoundedPoint2D@225ed1, Value: [Vertex(0, -1, 2), Vertex(1, -2, 0)]
Key: com.catan.model.RoundedPoint2D@227e11, Value: [Vertex(0, -1, 1)]
Key: com.catan.model.RoundedPoint2D@11ec62, Value: [Vertex(-1, -2, 5)]
Key: com.catan.model.RoundedPoint2D@11cd22, Value: [Vertex(-1, -2, 4)]
Key: com.catan.model.RoundedPoint2D@1935e1, Value: [Vertex(0, 2, 5), Vertex(-1, 2, 1)]
Key: com.catan.model.RoundedPoint2D@1916a1, Value: [Vertex(0, 2, 4), Vertex(-1, 2, 2)]
Key: com.catan.model.RoundedPoint2D@294a90, Value: [Vertex(1, 1, 2)]
Key: com.catan.model.RoundedPoint2D@2969d0, Value: [Vertex(1, 1, 1)]
Key: com.catan.model.RoundedPoint2D@18d821, Value: [Vertex(0, 0, 5)]
Key: com.catan.model.RoundedPoint2D@18b8e1, Value: [Vertex(0, 0, 4)]
Key: com.catan.model.RoundedPoint2D@185b21, Value: [Vertex(-1, -2, 2), Vertex(0, -2, 4)]
Key: com.catan.model.RoundedPoint2D@187a61, Value: [Vertex(-1, -2, 1), Vertex(0, -2, 5)]
Key: com.catan.model.RoundedPoint2D@15fe91, Value: [Vertex(-1, 2, 0)]
Key: com.catan.model.RoundedPoint2D@15a0d1, Value: [Vertex(-2, 1, 2)]
Key: com.catan.model.RoundedPoint2D@15c011, Value: [Vertex(-2, 1, 1), Vertex(-1, 2, 3)]
Key: com.catan.model.RoundedPoint2D@150491, Value: [Vertex(-1, -2, 3)]
Key: com.catan.model.RoundedPoint2D@154311, Value: [Vertex(-1, -2, 0)]
Key: com.catan.model.RoundedPoint2D@f3212, Value: [Vertex(-2, 1, 5)]
Key: com.catan.model.RoundedPoint2D@f12d2, Value: [Vertex(-2, 1, 4)]
Key: com.catan.model.RoundedPoint2D@1fc3c1, Value: [Vertex(1, 2, 5), Vertex(0, 2, 1)]
Key: com.catan.model.RoundedPoint2D@1fa481, Value: [Vertex(0, 1, 0), Vertex(1, 2, 4), Vertex(0, 2, 2)]
Key: com.catan.model.RoundedPoint2D@1f6601, Value: [Vertex(0, 0, 1), Vertex(0, 1, 3)]
Key: com.catan.model.RoundedPoint2D@1f0841, Value: [Vertex(0, -1, 3), Vertex(0, -2, 1)]
Key: com.catan.model.RoundedPoint2D@1f46c1, Value: [Vertex(0, -1, 0), Vertex(0, 0, 2)]
Key: com.catan.model.RoundedPoint2D@1ee901, Value: [Vertex(0, -2, 2)]
Key: com.catan.model.RoundedPoint2D@257700, Value: [Vertex(1, -2, 2)]
Key: com.catan.model.RoundedPoint2D@259640, Value: [Vertex(1, -2, 1)]
Key: com.catan.model.RoundedPoint2D@25f400, Value: [Vertex(1, 1, 3)]
Key: com.catan.model.RoundedPoint2D@2651c0, Value: [Vertex(1, 2, 1)]
Key: com.catan.model.RoundedPoint2D@263280, Value: [Vertex(1, 1, 0), Vertex(1, 2, 2)]
Key: com.catan.model.RoundedPoint2D@1b9271, Value: [Vertex(0, -2, 3)]
Key: com.catan.model.RoundedPoint2D@1bf031, Value: [Vertex(0, -1, 5), Vertex(0, 0, 3)]
Key: com.catan.model.RoundedPoint2D@1bd0f1, Value: [Vertex(0, -1, 4), Vertex(0, -2, 0)]
Key: com.catan.model.RoundedPoint2D@1c8c71, Value: [Vertex(0, 2, 0)]
Key: com.catan.model.RoundedPoint2D@1c4df1, Value: [Vertex(0, 1, 5), Vertex(0, 2, 3)]
Key: com.catan.model.RoundedPoint2D@1c2eb1, Value: [Vertex(0, 0, 0), Vertex(0, 1, 4)]
Key: com.catan.model.RoundedPoint2D@12a7e2, Value: [Vertex(-1, 2, 5)]
Key: com.catan.model.RoundedPoint2D@124a22, Value: [Vertex(-2, 1, 3)]
Key: com.catan.model.RoundedPoint2D@1288a2, Value: [Vertex(-2, 1, 0), Vertex(-1, 2, 4)]
Key: com.catan.model.RoundedPoint2D@231a51, Value: [Vertex(1, 2, 0)]
Key: com.catan.model.RoundedPoint2D@22dbd1, Value: [Vertex(1, 1, 5), Vertex(0, 1, 1), Vertex(1, 2, 3)]
Key: com.catan.model.RoundedPoint2D@22bc91, Value: [Vertex(1, 1, 4), Vertex(0, 1, 2)]
Key: com.catan.model.RoundedPoint2D@225ed1, Value: [Vertex(0, -1, 2), Vertex(1, -2, 0)]
Key: com.catan.model.RoundedPoint2D@227e11, Value: [Vertex(0, -1, 1)]
Key: com.catan.model.RoundedPoint2D@11ec62, Value: [Vertex(-1, -2, 5)]
Key: com.catan.model.RoundedPoint2D@11cd22, Value: [Vertex(-1, -2, 4)]
Key: com.catan.model.RoundedPoint2D@1935e1, Value: [Vertex(0, 2, 5), Vertex(-1, 2, 1)]
Key: com.catan.model.RoundedPoint2D@1916a1, Value: [Vertex(0, 2, 4), Vertex(-1, 2, 2)]
Key: com.catan.model.RoundedPoint2D@294a90, Value: [Vertex(1, 1, 2)]
Key: com.catan.model.RoundedPoint2D@2969d0, Value: [Vertex(1, 1, 1)]
Key: com.catan.model.RoundedPoint2D@18d821, Value: [Vertex(0, 0, 5)]
Key: com.catan.model.RoundedPoint2D@18b8e1, Value: [Vertex(0, 0, 4)]
Key: com.catan.model.RoundedPoint2D@185b21, Value: [Vertex(-1, -2, 2), Vertex(0, -2, 4)]
Key: com.catan.model.RoundedPoint2D@187a61, Value: [Vertex(-1, -2, 1), Vertex(0, -2, 5)]
Key: com.catan.model.RoundedPoint2D@15fe91, Value: [Vertex(-1, 2, 0)]
Key: com.catan.model.RoundedPoint2D@15a0d1, Value: [Vertex(-2, 1, 2)]
Key: com.catan.model.RoundedPoint2D@15c011, Value: [Vertex(-2, 1, 1), Vertex(-1, 2, 3)]
Key: com.catan.model.RoundedPoint2D@150491, Value: [Vertex(-1, -2, 3)]
Key: com.catan.model.RoundedPoint2D@154311, Value: [Vertex(-1, -2, 0)]
Key: com.catan.model.RoundedPoint2D@f3212, Value: [Vertex(-2, 1, 5)]
Key: com.catan.model.RoundedPoint2D@f12d2, Value: [Vertex(-2, 1, 4)]
Key: com.catan.model.RoundedPoint2D@1fc3c1, Value: [Vertex(1, 2, 5), Vertex(0, 2, 1)]
Key: com.catan.model.RoundedPoint2D@1fa481, Value: [Vertex(0, 1, 0), Vertex(1, 2, 4), Vertex(0, 2, 2)]
Key: com.catan.model.RoundedPoint2D@1f6601, Value: [Vertex(0, 0, 1), Vertex(0, 1, 3)]
Key: com.catan.model.RoundedPoint2D@1f0841, Value: [Vertex(0, -1, 3), Vertex(0, -2, 1)]
Key: com.catan.model.RoundedPoint2D@1f46c1, Value: [Vertex(0, -1, 0), Vertex(0, 0, 2)]
Key: com.catan.model.RoundedPoint2D@1ee901, Value: [Vertex(0, -2, 2)]
Key: com.catan.model.RoundedPoint2D@257700, Value: [Vertex(1, -2, 2)]
Key: com.catan.model.RoundedPoint2D@259640, Value: [Vertex(1, -2, 1)]
Key: com.catan.model.RoundedPoint2D@25f400, Value: [Vertex(1, 1, 3)]
Key: com.catan.model.RoundedPoint2D@2651c0, Value: [Vertex(1, 2, 1)]
Key: com.catan.model.RoundedPoint2D@263280, Value: [Vertex(1, 1, 0), Vertex(1, 2, 2)]
Key: com.catan.model.RoundedPoint2D@1b9271, Value: [Vertex(0, -2, 3)]
Key: com.catan.model.RoundedPoint2D@1bf031, Value: [Vertex(0, -1, 5), Vertex(0, 0, 3)]
Key: com.catan.model.RoundedPoint2D@1bd0f1, Value: [Vertex(0, -1, 4), Vertex(0, -2, 0)]
Key: com.catan.model.RoundedPoint2D@1c8c71, Value: [Vertex(0, 2, 0)]
Key: com.catan.model.RoundedPoint2D@1c4df1, Value: [Vertex(0, 1, 5), Vertex(0, 2, 3)]
Key: com.catan.model.RoundedPoint2D@1c2eb1, Value: [Vertex(0, 0, 0), Vertex(0, 1, 4)]
Key: com.catan.model.RoundedPoint2D@12a7e2, Value: [Vertex(-1, 2, 5)]
Key: com.catan.model.RoundedPoint2D@124a22, Value: [Vertex(-2, 1, 3)]
Key: com.catan.model.RoundedPoint2D@1288a2, Value: [Vertex(-2, 1, 0), Vertex(-1, 2, 4)]
Key: com.catan.model.RoundedPoint2D@231a51, Value: [Vertex(1, 2, 0)]
Key: com.catan.model.RoundedPoint2D@222051, Value: [Vertex(1, -2, 3)]
Key: com.catan.model.RoundedPoint2D@22dbd1, Value: [Vertex(1, 1, 5), Vertex(0, 1, 1), Vertex(1, 2, 3)]
Key: com.catan.model.RoundedPoint2D@22bc91, Value: [Vertex(1, 1, 4), Vertex(0, 1, 2)]
Key: com.catan.model.RoundedPoint2D@225ed1, Value: [Vertex(0, -1, 2), Vertex(1, -2, 0)]
Key: com.catan.model.RoundedPoint2D@227e11, Value: [Vertex(0, -1, 1)]
Key: com.catan.model.RoundedPoint2D@11ec62, Value: [Vertex(-1, -2, 5)]
Key: com.catan.model.RoundedPoint2D@11cd22, Value: [Vertex(-1, -2, 4)]
Key: com.catan.model.RoundedPoint2D@1935e1, Value: [Vertex(0, 2, 5), Vertex(-1, 2, 1)]
Key: com.catan.model.RoundedPoint2D@1916a1, Value: [Vertex(0, 2, 4), Vertex(-1, 2, 2)]
Key: com.catan.model.RoundedPoint2D@294a90, Value: [Vertex(1, 1, 2)]
Key: com.catan.model.RoundedPoint2D@2969d0, Value: [Vertex(1, 1, 1)]
Key: com.catan.model.RoundedPoint2D@18d821, Value: [Vertex(0, 0, 5)]
Key: com.catan.model.RoundedPoint2D@18b8e1, Value: [Vertex(0, 0, 4)]
Key: com.catan.model.RoundedPoint2D@185b21, Value: [Vertex(-1, -2, 2), Vertex(0, -2, 4)]
Key: com.catan.model.RoundedPoint2D@187a61, Value: [Vertex(-1, -2, 1), Vertex(0, -2, 5)]
Key: com.catan.model.RoundedPoint2D@15fe91, Value: [Vertex(-1, 2, 0)]
Key: com.catan.model.RoundedPoint2D@15a0d1, Value: [Vertex(-2, 1, 2)]
Key: com.catan.model.RoundedPoint2D@15c011, Value: [Vertex(-2, 1, 1), Vertex(-1, 2, 3)]
Key: com.catan.model.RoundedPoint2D@150491, Value: [Vertex(-1, -2, 3)]
Key: com.catan.model.RoundedPoint2D@154311, Value: [Vertex(-1, -2, 0)]
Key: com.catan.model.RoundedPoint2D@f3212, Value: [Vertex(-2, 1, 5)]
Key: com.catan.model.RoundedPoint2D@f12d2, Value: [Vertex(-2, 1, 4)]
Key: com.catan.model.RoundedPoint2D@1fc3c1, Value: [Vertex(1, 2, 5), Vertex(0, 2, 1)]
Key: com.catan.model.RoundedPoint2D@1fa481, Value: [Vertex(0, 1, 0), Vertex(1, 2, 4), Vertex(0, 2, 2)]
Key: com.catan.model.RoundedPoint2D@1f6601, Value: [Vertex(0, 0, 1), Vertex(0, 1, 3)]
Key: com.catan.model.RoundedPoint2D@1f0841, Value: [Vertex(0, -1, 3), Vertex(0, -2, 1)]
Key: com.catan.model.RoundedPoint2D@1f46c1, Value: [Vertex(0, -1, 0), Vertex(0, 0, 2)]
Key: com.catan.model.RoundedPoint2D@1ee901, Value: [Vertex(0, -2, 2), Vertex(1, -2, 4)]
Key: com.catan.model.RoundedPoint2D@257700, Value: [Vertex(1, -2, 2)]
Key: com.catan.model.RoundedPoint2D@259640, Value: [Vertex(1, -2, 1)]
Key: com.catan.model.RoundedPoint2D@25f400, Value: [Vertex(1, 1, 3)]
Key: com.catan.model.RoundedPoint2D@2651c0, Value: [Vertex(1, 2, 1)]
Key: com.catan.model.RoundedPoint2D@263280, Value: [Vertex(1, 1, 0), Vertex(1, 2, 2)]
Key: com.catan.model.RoundedPoint2D@1b9271, Value: [Vertex(0, -2, 3)]
Key: com.catan.model.RoundedPoint2D@1bf031, Value: [Vertex(0, -1, 5), Vertex(0, 0, 3)]
Key: com.catan.model.RoundedPoint2D@1bd0f1, Value: [Vertex(0, -1, 4), Vertex(0, -2, 0)]
Key: com.catan.model.RoundedPoint2D@1c8c71, Value: [Vertex(0, 2, 0)]
Key: com.catan.model.RoundedPoint2D@1c4df1, Value: [Vertex(0, 1, 5), Vertex(0, 2, 3)]
Key: com.catan.model.RoundedPoint2D@1c2eb1, Value: [Vertex(0, 0, 0), Vertex(0, 1, 4)]
Key: com.catan.model.RoundedPoint2D@12a7e2, Value: [Vertex(-1, 2, 5)]
Key: com.catan.model.RoundedPoint2D@124a22, Value: [Vertex(-2, 1, 3)]
Key: com.catan.model.RoundedPoint2D@1288a2, Value: [Vertex(-2, 1, 0), Vertex(-1, 2, 4)]
Key: com.catan.model.RoundedPoint2D@231a51, Value: [Vertex(1, 2, 0)]
Key: com.catan.model.RoundedPoint2D@222051, Value: [Vertex(1, -2, 3)]
Key: com.catan.model.RoundedPoint2D@22dbd1, Value: [Vertex(1, 1, 5), Vertex(0, 1, 1), Vertex(1, 2, 3)]
Key: com.catan.model.RoundedPoint2D@22bc91, Value: [Vertex(1, 1, 4), Vertex(0, 1, 2)]
Key: com.catan.model.RoundedPoint2D@225ed1, Value: [Vertex(0, -1, 2), Vertex(1, -2, 0)]
Key: com.catan.model.RoundedPoint2D@227e11, Value: [Vertex(0, -1, 1)]
Key: com.catan.model.RoundedPoint2D@11ec62, Value: [Vertex(-1, -2, 5)]
Key: com.catan.model.RoundedPoint2D@11cd22, Value: [Vertex(-1, -2, 4)]
Key: com.catan.model.RoundedPoint2D@1935e1, Value: [Vertex(0, 2, 5), Vertex(-1, 2, 1)]
Key: com.catan.model.RoundedPoint2D@1916a1, Value: [Vertex(0, 2, 4), Vertex(-1, 2, 2)]
Key: com.catan.model.RoundedPoint2D@294a90, Value: [Vertex(1, 1, 2)]
Key: com.catan.model.RoundedPoint2D@2969d0, Value: [Vertex(1, 1, 1)]
Key: com.catan.model.RoundedPoint2D@18d821, Value: [Vertex(0, 0, 5)]
Key: com.catan.model.RoundedPoint2D@18b8e1, Value: [Vertex(0, 0, 4)]
Key: com.catan.model.RoundedPoint2D@185b21, Value: [Vertex(-1, -2, 2), Vertex(0, -2, 4)]
Key: com.catan.model.RoundedPoint2D@187a61, Value: [Vertex(-1, -2, 1), Vertex(0, -2, 5)]
Key: com.catan.model.RoundedPoint2D@15fe91, Value: [Vertex(-1, 2, 0)]
Key: com.catan.model.RoundedPoint2D@15a0d1, Value: [Vertex(-2, 1, 2)]
Key: com.catan.model.RoundedPoint2D@15c011, Value: [Vertex(-2, 1, 1), Vertex(-1, 2, 3)]
Key: com.catan.model.RoundedPoint2D@150491, Value: [Vertex(-1, -2, 3)]
Key: com.catan.model.RoundedPoint2D@154311, Value: [Vertex(-1, -2, 0)]
Key: com.catan.model.RoundedPoint2D@f3212, Value: [Vertex(-2, 1, 5)]
Key: com.catan.model.RoundedPoint2D@f12d2, Value: [Vertex(-2, 1, 4)]
Key: com.catan.model.RoundedPoint2D@1fc3c1, Value: [Vertex(1, 2, 5), Vertex(0, 2, 1)]
Key: com.catan.model.RoundedPoint2D@1fa481, Value: [Vertex(0, 1, 0), Vertex(1, 2, 4), Vertex(0, 2, 2)]
Key: com.catan.model.RoundedPoint2D@1f6601, Value: [Vertex(0, 0, 1), Vertex(0, 1, 3)]
Key: com.catan.model.RoundedPoint2D@1f0841, Value: [Vertex(0, -1, 3), Vertex(0, -2, 1), Vertex(1, -2, 5)]
Key: com.catan.model.RoundedPoint2D@1f46c1, Value: [Vertex(0, -1, 0), Vertex(0, 0, 2)]
Key: com.catan.model.RoundedPoint2D@1ee901, Value: [Vertex(0, -2, 2), Vertex(1, -2, 4)]
Key: com.catan.model.RoundedPoint2D@257700, Value: [Vertex(1, -2, 2)]
Key: com.catan.model.RoundedPoint2D@259640, Value: [Vertex(1, -2, 1)]
Key: com.catan.model.RoundedPoint2D@25f400, Value: [Vertex(1, 1, 3)]
Key: com.catan.model.RoundedPoint2D@2651c0, Value: [Vertex(1, 2, 1)]
Key: com.catan.model.RoundedPoint2D@263280, Value: [Vertex(1, 1, 0), Vertex(1, 2, 2)]
Key: com.catan.model.RoundedPoint2D@1b9271, Value: [Vertex(0, -2, 3)]
Key: com.catan.model.RoundedPoint2D@1bf031, Value: [Vertex(0, -1, 5), Vertex(0, 0, 3)]
Key: com.catan.model.RoundedPoint2D@1bd0f1, Value: [Vertex(0, -1, 4), Vertex(0, -2, 0)]
Key: com.catan.model.RoundedPoint2D@1c8c71, Value: [Vertex(0, 2, 0)]
Key: com.catan.model.RoundedPoint2D@1c4df1, Value: [Vertex(0, 1, 5), Vertex(0, 2, 3)]
Key: com.catan.model.RoundedPoint2D@1c2eb1, Value: [Vertex(0, 0, 0), Vertex(0, 1, 4)]
Key: com.catan.model.RoundedPoint2D@12a7e2, Value: [Vertex(-1, 2, 5)]
Key: com.catan.model.RoundedPoint2D@124a22, Value: [Vertex(-2, 1, 3)]
Key: com.catan.model.RoundedPoint2D@1288a2, Value: [Vertex(-2, 1, 0), Vertex(-1, 2, 4)]
Key: com.catan.model.RoundedPoint2D@231a51, Value: [Vertex(1, 2, 0)]
Key: com.catan.model.RoundedPoint2D@222051, Value: [Vertex(1, -2, 3)]
Key: com.catan.model.RoundedPoint2D@22dbd1, Value: [Vertex(1, 1, 5), Vertex(0, 1, 1), Vertex(1, 2, 3)]
Key: com.catan.model.RoundedPoint2D@22bc91, Value: [Vertex(1, 1, 4), Vertex(0, 1, 2)]
Key: com.catan.model.RoundedPoint2D@225ed1, Value: [Vertex(0, -1, 2), Vertex(1, -2, 0)]
Key: com.catan.model.RoundedPoint2D@227e11, Value: [Vertex(0, -1, 1)]
Key: com.catan.model.RoundedPoint2D@11ec62, Value: [Vertex(-1, -2, 5)]
Key: com.catan.model.RoundedPoint2D@11cd22, Value: [Vertex(-1, -2, 4)]
Key: com.catan.model.RoundedPoint2D@1935e1, Value: [Vertex(0, 2, 5), Vertex(-1, 2, 1)]
Key: com.catan.model.RoundedPoint2D@1916a1, Value: [Vertex(0, 2, 4), Vertex(-1, 2, 2)]
Key: com.catan.model.RoundedPoint2D@294a90, Value: [Vertex(1, 1, 2)]
Key: com.catan.model.RoundedPoint2D@2969d0, Value: [Vertex(1, 1, 1)]
Key: com.catan.model.RoundedPoint2D@18d821, Value: [Vertex(0, 0, 5)]
Key: com.catan.model.RoundedPoint2D@18b8e1, Value: [Vertex(0, 0, 4)]
Key: com.catan.model.RoundedPoint2D@185b21, Value: [Vertex(-1, -2, 2), Vertex(0, -2, 4)]
Key: com.catan.model.RoundedPoint2D@187a61, Value: [Vertex(-1, -2, 1), Vertex(0, -2, 5)]
Key: com.catan.model.RoundedPoint2D@15fe91, Value: [Vertex(-1, 2, 0)]
Key: com.catan.model.RoundedPoint2D@15a0d1, Value: [Vertex(-2, 1, 2)]
Key: com.catan.model.RoundedPoint2D@15c011, Value: [Vertex(-2, 1, 1), Vertex(-1, 2, 3)]
Key: com.catan.model.RoundedPoint2D@150491, Value: [Vertex(-1, -2, 3)]
Key: com.catan.model.RoundedPoint2D@154311, Value: [Vertex(-1, -2, 0)]
Key: com.catan.model.RoundedPoint2D@f3212, Value: [Vertex(-2, 1, 5)]
Key: com.catan.model.RoundedPoint2D@f12d2, Value: [Vertex(-2, 1, 4), Vertex(-2, 0, 0)]
Key: com.catan.model.RoundedPoint2D@1fc3c1, Value: [Vertex(1, 2, 5), Vertex(0, 2, 1)]
Key: com.catan.model.RoundedPoint2D@1fa481, Value: [Vertex(0, 1, 0), Vertex(1, 2, 4), Vertex(0, 2, 2)]
Key: com.catan.model.RoundedPoint2D@1f6601, Value: [Vertex(0, 0, 1), Vertex(0, 1, 3)]
Key: com.catan.model.RoundedPoint2D@1f0841, Value: [Vertex(0, -1, 3), Vertex(0, -2, 1), Vertex(1, -2, 5)]
Key: com.catan.model.RoundedPoint2D@1f46c1, Value: [Vertex(0, -1, 0), Vertex(0, 0, 2)]
Key: com.catan.model.RoundedPoint2D@1ee901, Value: [Vertex(0, -2, 2), Vertex(1, -2, 4)]
Key: com.catan.model.RoundedPoint2D@257700, Value: [Vertex(1, -2, 2)]
Key: com.catan.model.RoundedPoint2D@259640, Value: [Vertex(1, -2, 1)]
Key: com.catan.model.RoundedPoint2D@25f400, Value: [Vertex(1, 1, 3)]
Key: com.catan.model.RoundedPoint2D@2651c0, Value: [Vertex(1, 2, 1)]
Key: com.catan.model.RoundedPoint2D@263280, Value: [Vertex(1, 1, 0), Vertex(1, 2, 2)]
Key: com.catan.model.RoundedPoint2D@1b9271, Value: [Vertex(0, -2, 3)]
Key: com.catan.model.RoundedPoint2D@1bf031, Value: [Vertex(0, -1, 5), Vertex(0, 0, 3)]
Key: com.catan.model.RoundedPoint2D@1bd0f1, Value: [Vertex(0, -1, 4), Vertex(0, -2, 0)]
Key: com.catan.model.RoundedPoint2D@1c8c71, Value: [Vertex(0, 2, 0)]
Key: com.catan.model.RoundedPoint2D@1c4df1, Value: [Vertex(0, 1, 5), Vertex(0, 2, 3)]
Key: com.catan.model.RoundedPoint2D@1c2eb1, Value: [Vertex(0, 0, 0), Vertex(0, 1, 4)]
Key: com.catan.model.RoundedPoint2D@12a7e2, Value: [Vertex(-1, 2, 5)]
Key: com.catan.model.RoundedPoint2D@124a22, Value: [Vertex(-2, 1, 3)]
Key: com.catan.model.RoundedPoint2D@1288a2, Value: [Vertex(-2, 1, 0), Vertex(-1, 2, 4)]
Key: com.catan.model.RoundedPoint2D@231a51, Value: [Vertex(1, 2, 0)]
Key: com.catan.model.RoundedPoint2D@222051, Value: [Vertex(1, -2, 3)]
Key: com.catan.model.RoundedPoint2D@22dbd1, Value: [Vertex(1, 1, 5), Vertex(0, 1, 1), Vertex(1, 2, 3)]
Key: com.catan.model.RoundedPoint2D@22bc91, Value: [Vertex(1, 1, 4), Vertex(0, 1, 2)]
Key: com.catan.model.RoundedPoint2D@225ed1, Value: [Vertex(0, -1, 2), Vertex(1, -2, 0)]
Key: com.catan.model.RoundedPoint2D@227e11, Value: [Vertex(0, -1, 1)]
Key: com.catan.model.RoundedPoint2D@11ec62, Value: [Vertex(-1, -2, 5)]
Key: com.catan.model.RoundedPoint2D@11cd22, Value: [Vertex(-1, -2, 4)]
Key: com.catan.model.RoundedPoint2D@1935e1, Value: [Vertex(0, 2, 5), Vertex(-1, 2, 1)]
Key: com.catan.model.RoundedPoint2D@1916a1, Value: [Vertex(0, 2, 4), Vertex(-1, 2, 2)]
Key: com.catan.model.RoundedPoint2D@294a90, Value: [Vertex(1, 1, 2)]
Key: com.catan.model.RoundedPoint2D@2969d0, Value: [Vertex(1, 1, 1)]
Key: com.catan.model.RoundedPoint2D@18d821, Value: [Vertex(0, 0, 5)]
Key: com.catan.model.RoundedPoint2D@18b8e1, Value: [Vertex(0, 0, 4)]
Key: com.catan.model.RoundedPoint2D@185b21, Value: [Vertex(-1, -2, 2), Vertex(0, -2, 4)]
Key: com.catan.model.RoundedPoint2D@187a61, Value: [Vertex(-1, -2, 1), Vertex(0, -2, 5)]
Key: com.catan.model.RoundedPoint2D@15fe91, Value: [Vertex(-1, 2, 0)]
Key: com.catan.model.RoundedPoint2D@15a0d1, Value: [Vertex(-2, 1, 2)]
Key: com.catan.model.RoundedPoint2D@15c011, Value: [Vertex(-2, 1, 1), Vertex(-1, 2, 3)]
Key: com.catan.model.RoundedPoint2D@150491, Value: [Vertex(-1, -2, 3)]
Key: com.catan.model.RoundedPoint2D@154311, Value: [Vertex(-1, -2, 0)]
Key: com.catan.model.RoundedPoint2D@f3212, Value: [Vertex(-2, 1, 5)]
Key: com.catan.model.RoundedPoint2D@f12d2, Value: [Vertex(-2, 1, 4), Vertex(-2, 0, 0)]
Key: com.catan.model.RoundedPoint2D@1fc3c1, Value: [Vertex(1, 2, 5), Vertex(0, 2, 1)]
Key: com.catan.model.RoundedPoint2D@1fa481, Value: [Vertex(0, 1, 0), Vertex(1, 2, 4), Vertex(0, 2, 2)]
Key: com.catan.model.RoundedPoint2D@1f6601, Value: [Vertex(0, 0, 1), Vertex(0, 1, 3)]
Key: com.catan.model.RoundedPoint2D@1f0841, Value: [Vertex(0, -1, 3), Vertex(0, -2, 1), Vertex(1, -2, 5)]
Key: com.catan.model.RoundedPoint2D@1f46c1, Value: [Vertex(0, -1, 0), Vertex(0, 0, 2)]
Key: com.catan.model.RoundedPoint2D@1ee901, Value: [Vertex(0, -2, 2), Vertex(1, -2, 4)]
Key: com.catan.model.RoundedPoint2D@257700, Value: [Vertex(1, -2, 2)]
Key: com.catan.model.RoundedPoint2D@259640, Value: [Vertex(1, -2, 1)]
Key: com.catan.model.RoundedPoint2D@25f400, Value: [Vertex(1, 1, 3)]
Key: com.catan.model.RoundedPoint2D@2651c0, Value: [Vertex(1, 2, 1)]
Key: com.catan.model.RoundedPoint2D@263280, Value: [Vertex(1, 1, 0), Vertex(1, 2, 2)]
Key: com.catan.model.RoundedPoint2D@1b9271, Value: [Vertex(0, -2, 3)]
Key: com.catan.model.RoundedPoint2D@1bf031, Value: [Vertex(0, -1, 5), Vertex(0, 0, 3)]
Key: com.catan.model.RoundedPoint2D@1bd0f1, Value: [Vertex(0, -1, 4), Vertex(0, -2, 0)]
Key: com.catan.model.RoundedPoint2D@1c8c71, Value: [Vertex(0, 2, 0)]
Key: com.catan.model.RoundedPoint2D@1c4df1, Value: [Vertex(0, 1, 5), Vertex(0, 2, 3)]
Key: com.catan.model.RoundedPoint2D@1c2eb1, Value: [Vertex(0, 0, 0), Vertex(0, 1, 4)]
Key: com.catan.model.RoundedPoint2D@12a7e2, Value: [Vertex(-1, 2, 5)]
Key: com.catan.model.RoundedPoint2D@124a22, Value: [Vertex(-2, 1, 3), Vertex(-2, 0, 1)]
Key: com.catan.model.RoundedPoint2D@1288a2, Value: [Vertex(-2, 1, 0), Vertex(-1, 2, 4)]
Key: com.catan.model.RoundedPoint2D@231a51, Value: [Vertex(1, 2, 0)]
Key: com.catan.model.RoundedPoint2D@222051, Value: [Vertex(1, -2, 3)]
Key: com.catan.model.RoundedPoint2D@22dbd1, Value: [Vertex(1, 1, 5), Vertex(0, 1, 1), Vertex(1, 2, 3)]
Key: com.catan.model.RoundedPoint2D@22bc91, Value: [Vertex(1, 1, 4), Vertex(0, 1, 2)]
Key: com.catan.model.RoundedPoint2D@225ed1, Value: [Vertex(0, -1, 2), Vertex(1, -2, 0)]
Key: com.catan.model.RoundedPoint2D@227e11, Value: [Vertex(0, -1, 1)]
Key: com.catan.model.RoundedPoint2D@11ec62, Value: [Vertex(-1, -2, 5)]
Key: com.catan.model.RoundedPoint2D@11cd22, Value: [Vertex(-1, -2, 4)]
Key: com.catan.model.RoundedPoint2D@1935e1, Value: [Vertex(0, 2, 5), Vertex(-1, 2, 1)]
Key: com.catan.model.RoundedPoint2D@1916a1, Value: [Vertex(0, 2, 4), Vertex(-1, 2, 2)]
Key: com.catan.model.RoundedPoint2D@294a90, Value: [Vertex(1, 1, 2)]
Key: com.catan.model.RoundedPoint2D@2969d0, Value: [Vertex(1, 1, 1)]
Key: com.catan.model.RoundedPoint2D@18d821, Value: [Vertex(0, 0, 5)]
Key: com.catan.model.RoundedPoint2D@18b8e1, Value: [Vertex(0, 0, 4)]
Key: com.catan.model.RoundedPoint2D@185b21, Value: [Vertex(-1, -2, 2), Vertex(0, -2, 4)]
Key: com.catan.model.RoundedPoint2D@187a61, Value: [Vertex(-1, -2, 1), Vertex(0, -2, 5)]
Key: com.catan.model.RoundedPoint2D@15fe91, Value: [Vertex(-1, 2, 0)]
Key: com.catan.model.RoundedPoint2D@15a0d1, Value: [Vertex(-2, 1, 2)]
Key: com.catan.model.RoundedPoint2D@15c011, Value: [Vertex(-2, 1, 1), Vertex(-1, 2, 3)]
Key: com.catan.model.RoundedPoint2D@150491, Value: [Vertex(-1, -2, 3)]
Key: com.catan.model.RoundedPoint2D@154311, Value: [Vertex(-1, -2, 0)]
Key: com.catan.model.RoundedPoint2D@f3212, Value: [Vertex(-2, 1, 5)]
Key: com.catan.model.RoundedPoint2D@f12d2, Value: [Vertex(-2, 1, 4), Vertex(-2, 0, 0)]
Key: com.catan.model.RoundedPoint2D@1fc3c1, Value: [Vertex(1, 2, 5), Vertex(0, 2, 1)]
Key: com.catan.model.RoundedPoint2D@1fa481, Value: [Vertex(0, 1, 0), Vertex(1, 2, 4), Vertex(0, 2, 2)]
Key: com.catan.model.RoundedPoint2D@1f6601, Value: [Vertex(0, 0, 1), Vertex(0, 1, 3)]
Key: com.catan.model.RoundedPoint2D@1f0841, Value: [Vertex(0, -1, 3), Vertex(0, -2, 1), Vertex(1, -2, 5)]
Key: com.catan.model.RoundedPoint2D@1f46c1, Value: [Vertex(0, -1, 0), Vertex(0, 0, 2)]
Key: com.catan.model.RoundedPoint2D@1ee901, Value: [Vertex(0, -2, 2), Vertex(1, -2, 4)]
Key: com.catan.model.RoundedPoint2D@257700, Value: [Vertex(1, -2, 2)]
Key: com.catan.model.RoundedPoint2D@259640, Value: [Vertex(1, -2, 1)]
Key: com.catan.model.RoundedPoint2D@25f400, Value: [Vertex(1, 1, 3)]
Key: com.catan.model.RoundedPoint2D@2651c0, Value: [Vertex(1, 2, 1)]
Key: com.catan.model.RoundedPoint2D@263280, Value: [Vertex(1, 1, 0), Vertex(1, 2, 2)]
Key: com.catan.model.RoundedPoint2D@1b9271, Value: [Vertex(0, -2, 3)]
Key: com.catan.model.RoundedPoint2D@1bf031, Value: [Vertex(0, -1, 5), Vertex(0, 0, 3)]
Key: com.catan.model.RoundedPoint2D@1bd0f1, Value: [Vertex(0, -1, 4), Vertex(0, -2, 0)]
Key: com.catan.model.RoundedPoint2D@1c8c71, Value: [Vertex(0, 2, 0)]
Key: com.catan.model.RoundedPoint2D@1c4df1, Value: [Vertex(0, 1, 5), Vertex(0, 2, 3)]
Key: com.catan.model.RoundedPoint2D@1c2eb1, Value: [Vertex(0, 0, 0), Vertex(0, 1, 4)]
Key: com.catan.model.RoundedPoint2D@122ae2, Value: [Vertex(-2, 0, 2)]
Key: com.catan.model.RoundedPoint2D@12a7e2, Value: [Vertex(-1, 2, 5)]
Key: com.catan.model.RoundedPoint2D@124a22, Value: [Vertex(-2, 1, 3), Vertex(-2, 0, 1)]
Key: com.catan.model.RoundedPoint2D@1288a2, Value: [Vertex(-2, 1, 0), Vertex(-1, 2, 4)]
Key: com.catan.model.RoundedPoint2D@231a51, Value: [Vertex(1, 2, 0)]
Key: com.catan.model.RoundedPoint2D@222051, Value: [Vertex(1, -2, 3)]
Key: com.catan.model.RoundedPoint2D@22dbd1, Value: [Vertex(1, 1, 5), Vertex(0, 1, 1), Vertex(1, 2, 3)]
Key: com.catan.model.RoundedPoint2D@22bc91, Value: [Vertex(1, 1, 4), Vertex(0, 1, 2)]
Key: com.catan.model.RoundedPoint2D@225ed1, Value: [Vertex(0, -1, 2), Vertex(1, -2, 0)]
Key: com.catan.model.RoundedPoint2D@227e11, Value: [Vertex(0, -1, 1)]
Key: com.catan.model.RoundedPoint2D@11ec62, Value: [Vertex(-1, -2, 5)]
Key: com.catan.model.RoundedPoint2D@11cd22, Value: [Vertex(-1, -2, 4)]
Key: com.catan.model.RoundedPoint2D@1935e1, Value: [Vertex(0, 2, 5), Vertex(-1, 2, 1)]
Key: com.catan.model.RoundedPoint2D@1916a1, Value: [Vertex(0, 2, 4), Vertex(-1, 2, 2)]
Key: com.catan.model.RoundedPoint2D@294a90, Value: [Vertex(1, 1, 2)]
Key: com.catan.model.RoundedPoint2D@2969d0, Value: [Vertex(1, 1, 1)]
Key: com.catan.model.RoundedPoint2D@18d821, Value: [Vertex(0, 0, 5)]
Key: com.catan.model.RoundedPoint2D@18b8e1, Value: [Vertex(0, 0, 4)]
Key: com.catan.model.RoundedPoint2D@185b21, Value: [Vertex(-1, -2, 2), Vertex(0, -2, 4)]
Key: com.catan.model.RoundedPoint2D@187a61, Value: [Vertex(-1, -2, 1), Vertex(0, -2, 5)]
Key: com.catan.model.RoundedPoint2D@15fe91, Value: [Vertex(-1, 2, 0)]
Key: com.catan.model.RoundedPoint2D@15a0d1, Value: [Vertex(-2, 1, 2)]
Key: com.catan.model.RoundedPoint2D@15c011, Value: [Vertex(-2, 1, 1), Vertex(-1, 2, 3)]
Key: com.catan.model.RoundedPoint2D@150491, Value: [Vertex(-1, -2, 3)]
Key: com.catan.model.RoundedPoint2D@154311, Value: [Vertex(-1, -2, 0)]
Key: com.catan.model.RoundedPoint2D@ed452, Value: [Vertex(-2, 0, 3)]
Key: com.catan.model.RoundedPoint2D@f3212, Value: [Vertex(-2, 1, 5)]
Key: com.catan.model.RoundedPoint2D@f12d2, Value: [Vertex(-2, 1, 4), Vertex(-2, 0, 0)]
Key: com.catan.model.RoundedPoint2D@1fc3c1, Value: [Vertex(1, 2, 5), Vertex(0, 2, 1)]
Key: com.catan.model.RoundedPoint2D@1fa481, Value: [Vertex(0, 1, 0), Vertex(1, 2, 4), Vertex(0, 2, 2)]
Key: com.catan.model.RoundedPoint2D@1f6601, Value: [Vertex(0, 0, 1), Vertex(0, 1, 3)]
Key: com.catan.model.RoundedPoint2D@1f0841, Value: [Vertex(0, -1, 3), Vertex(0, -2, 1), Vertex(1, -2, 5)]
Key: com.catan.model.RoundedPoint2D@1f46c1, Value: [Vertex(0, -1, 0), Vertex(0, 0, 2)]
Key: com.catan.model.RoundedPoint2D@1ee901, Value: [Vertex(0, -2, 2), Vertex(1, -2, 4)]
Key: com.catan.model.RoundedPoint2D@257700, Value: [Vertex(1, -2, 2)]
Key: com.catan.model.RoundedPoint2D@259640, Value: [Vertex(1, -2, 1)]
Key: com.catan.model.RoundedPoint2D@25f400, Value: [Vertex(1, 1, 3)]
Key: com.catan.model.RoundedPoint2D@2651c0, Value: [Vertex(1, 2, 1)]
Key: com.catan.model.RoundedPoint2D@263280, Value: [Vertex(1, 1, 0), Vertex(1, 2, 2)]
Key: com.catan.model.RoundedPoint2D@1b9271, Value: [Vertex(0, -2, 3)]
Key: com.catan.model.RoundedPoint2D@1bf031, Value: [Vertex(0, -1, 5), Vertex(0, 0, 3)]
Key: com.catan.model.RoundedPoint2D@1bd0f1, Value: [Vertex(0, -1, 4), Vertex(0, -2, 0)]
Key: com.catan.model.RoundedPoint2D@1c8c71, Value: [Vertex(0, 2, 0)]
Key: com.catan.model.RoundedPoint2D@1c4df1, Value: [Vertex(0, 1, 5), Vertex(0, 2, 3)]
Key: com.catan.model.RoundedPoint2D@1c2eb1, Value: [Vertex(0, 0, 0), Vertex(0, 1, 4)]
Key: com.catan.model.RoundedPoint2D@122ae2, Value: [Vertex(-2, 0, 2)]
Key: com.catan.model.RoundedPoint2D@12a7e2, Value: [Vertex(-1, 2, 5)]
Key: com.catan.model.RoundedPoint2D@124a22, Value: [Vertex(-2, 1, 3), Vertex(-2, 0, 1)]
Key: com.catan.model.RoundedPoint2D@1288a2, Value: [Vertex(-2, 1, 0), Vertex(-1, 2, 4)]
Key: com.catan.model.RoundedPoint2D@231a51, Value: [Vertex(1, 2, 0)]
Key: com.catan.model.RoundedPoint2D@222051, Value: [Vertex(1, -2, 3)]
Key: com.catan.model.RoundedPoint2D@22dbd1, Value: [Vertex(1, 1, 5), Vertex(0, 1, 1), Vertex(1, 2, 3)]
Key: com.catan.model.RoundedPoint2D@22bc91, Value: [Vertex(1, 1, 4), Vertex(0, 1, 2)]
Key: com.catan.model.RoundedPoint2D@225ed1, Value: [Vertex(0, -1, 2), Vertex(1, -2, 0)]
Key: com.catan.model.RoundedPoint2D@227e11, Value: [Vertex(0, -1, 1)]
Key: com.catan.model.RoundedPoint2D@11ec62, Value: [Vertex(-1, -2, 5)]
Key: com.catan.model.RoundedPoint2D@11cd22, Value: [Vertex(-1, -2, 4)]
Key: com.catan.model.RoundedPoint2D@1935e1, Value: [Vertex(0, 2, 5), Vertex(-1, 2, 1)]
Key: com.catan.model.RoundedPoint2D@1916a1, Value: [Vertex(0, 2, 4), Vertex(-1, 2, 2)]
Key: com.catan.model.RoundedPoint2D@294a90, Value: [Vertex(1, 1, 2)]
Key: com.catan.model.RoundedPoint2D@2969d0, Value: [Vertex(1, 1, 1)]
Key: com.catan.model.RoundedPoint2D@18d821, Value: [Vertex(0, 0, 5)]
Key: com.catan.model.RoundedPoint2D@18b8e1, Value: [Vertex(0, 0, 4)]
Key: com.catan.model.RoundedPoint2D@185b21, Value: [Vertex(-1, -2, 2), Vertex(0, -2, 4)]
Key: com.catan.model.RoundedPoint2D@187a61, Value: [Vertex(-1, -2, 1), Vertex(0, -2, 5)]
Key: com.catan.model.RoundedPoint2D@15fe91, Value: [Vertex(-1, 2, 0)]
Key: com.catan.model.RoundedPoint2D@15a0d1, Value: [Vertex(-2, 1, 2)]
Key: com.catan.model.RoundedPoint2D@15c011, Value: [Vertex(-2, 1, 1), Vertex(-1, 2, 3)]
Key: com.catan.model.RoundedPoint2D@150491, Value: [Vertex(-1, -2, 3)]
Key: com.catan.model.RoundedPoint2D@154311, Value: [Vertex(-1, -2, 0)]
Key: com.catan.model.RoundedPoint2D@b9d02, Value: [Vertex(-2, 0, 4)]
Key: com.catan.model.RoundedPoint2D@ed452, Value: [Vertex(-2, 0, 3)]
Key: com.catan.model.RoundedPoint2D@f3212, Value: [Vertex(-2, 1, 5)]
Key: com.catan.model.RoundedPoint2D@f12d2, Value: [Vertex(-2, 1, 4), Vertex(-2, 0, 0)]
Key: com.catan.model.RoundedPoint2D@1fc3c1, Value: [Vertex(1, 2, 5), Vertex(0, 2, 1)]
Key: com.catan.model.RoundedPoint2D@1fa481, Value: [Vertex(0, 1, 0), Vertex(1, 2, 4), Vertex(0, 2, 2)]
Key: com.catan.model.RoundedPoint2D@1f6601, Value: [Vertex(0, 0, 1), Vertex(0, 1, 3)]
Key: com.catan.model.RoundedPoint2D@1f0841, Value: [Vertex(0, -1, 3), Vertex(0, -2, 1), Vertex(1, -2, 5)]
Key: com.catan.model.RoundedPoint2D@1f46c1, Value: [Vertex(0, -1, 0), Vertex(0, 0, 2)]
Key: com.catan.model.RoundedPoint2D@1ee901, Value: [Vertex(0, -2, 2), Vertex(1, -2, 4)]
Key: com.catan.model.RoundedPoint2D@257700, Value: [Vertex(1, -2, 2)]
Key: com.catan.model.RoundedPoint2D@259640, Value: [Vertex(1, -2, 1)]
Key: com.catan.model.RoundedPoint2D@25f400, Value: [Vertex(1, 1, 3)]
Key: com.catan.model.RoundedPoint2D@2651c0, Value: [Vertex(1, 2, 1)]
Key: com.catan.model.RoundedPoint2D@263280, Value: [Vertex(1, 1, 0), Vertex(1, 2, 2)]
Key: com.catan.model.RoundedPoint2D@1b9271, Value: [Vertex(0, -2, 3)]
Key: com.catan.model.RoundedPoint2D@1bf031, Value: [Vertex(0, -1, 5), Vertex(0, 0, 3)]
Key: com.catan.model.RoundedPoint2D@1bd0f1, Value: [Vertex(0, -1, 4), Vertex(0, -2, 0)]
Key: com.catan.model.RoundedPoint2D@1c8c71, Value: [Vertex(0, 2, 0)]
Key: com.catan.model.RoundedPoint2D@1c4df1, Value: [Vertex(0, 1, 5), Vertex(0, 2, 3)]
Key: com.catan.model.RoundedPoint2D@1c2eb1, Value: [Vertex(0, 0, 0), Vertex(0, 1, 4)]
Key: com.catan.model.RoundedPoint2D@122ae2, Value: [Vertex(-2, 0, 2)]
Key: com.catan.model.RoundedPoint2D@12a7e2, Value: [Vertex(-1, 2, 5)]
Key: com.catan.model.RoundedPoint2D@124a22, Value: [Vertex(-2, 1, 3), Vertex(-2, 0, 1)]
Key: com.catan.model.RoundedPoint2D@1288a2, Value: [Vertex(-2, 1, 0), Vertex(-1, 2, 4)]
Key: com.catan.model.RoundedPoint2D@231a51, Value: [Vertex(1, 2, 0)]
Key: com.catan.model.RoundedPoint2D@222051, Value: [Vertex(1, -2, 3)]
Key: com.catan.model.RoundedPoint2D@22dbd1, Value: [Vertex(1, 1, 5), Vertex(0, 1, 1), Vertex(1, 2, 3)]
Key: com.catan.model.RoundedPoint2D@22bc91, Value: [Vertex(1, 1, 4), Vertex(0, 1, 2)]
Key: com.catan.model.RoundedPoint2D@225ed1, Value: [Vertex(0, -1, 2), Vertex(1, -2, 0)]
Key: com.catan.model.RoundedPoint2D@227e11, Value: [Vertex(0, -1, 1)]
Key: com.catan.model.RoundedPoint2D@11ec62, Value: [Vertex(-1, -2, 5)]
Key: com.catan.model.RoundedPoint2D@11cd22, Value: [Vertex(-1, -2, 4)]
Key: com.catan.model.RoundedPoint2D@1935e1, Value: [Vertex(0, 2, 5), Vertex(-1, 2, 1)]
Key: com.catan.model.RoundedPoint2D@1916a1, Value: [Vertex(0, 2, 4), Vertex(-1, 2, 2)]
Key: com.catan.model.RoundedPoint2D@294a90, Value: [Vertex(1, 1, 2)]
Key: com.catan.model.RoundedPoint2D@2969d0, Value: [Vertex(1, 1, 1)]
Key: com.catan.model.RoundedPoint2D@18d821, Value: [Vertex(0, 0, 5)]
Key: com.catan.model.RoundedPoint2D@18b8e1, Value: [Vertex(0, 0, 4)]
Key: com.catan.model.RoundedPoint2D@185b21, Value: [Vertex(-1, -2, 2), Vertex(0, -2, 4)]
Key: com.catan.model.RoundedPoint2D@187a61, Value: [Vertex(-1, -2, 1), Vertex(0, -2, 5)]
Key: com.catan.model.RoundedPoint2D@15fe91, Value: [Vertex(-1, 2, 0)]
Key: com.catan.model.RoundedPoint2D@15a0d1, Value: [Vertex(-2, 1, 2)]
Key: com.catan.model.RoundedPoint2D@15c011, Value: [Vertex(-2, 1, 1), Vertex(-1, 2, 3)]
Key: com.catan.model.RoundedPoint2D@150491, Value: [Vertex(-1, -2, 3)]
Key: com.catan.model.RoundedPoint2D@154311, Value: [Vertex(-1, -2, 0)]
Key: com.catan.model.RoundedPoint2D@bbc42, Value: [Vertex(-2, 0, 5)]
Key: com.catan.model.RoundedPoint2D@b9d02, Value: [Vertex(-2, 0, 4)]
Key: com.catan.model.RoundedPoint2D@ed452, Value: [Vertex(-2, 0, 3)]
Key: com.catan.model.RoundedPoint2D@f3212, Value: [Vertex(-2, 1, 5)]
Key: com.catan.model.RoundedPoint2D@f12d2, Value: [Vertex(-2, 1, 4), Vertex(-2, 0, 0)]
Key: com.catan.model.RoundedPoint2D@1fc3c1, Value: [Vertex(1, 2, 5), Vertex(0, 2, 1)]
Key: com.catan.model.RoundedPoint2D@1fa481, Value: [Vertex(0, 1, 0), Vertex(1, 2, 4), Vertex(0, 2, 2)]
Key: com.catan.model.RoundedPoint2D@1f6601, Value: [Vertex(0, 0, 1), Vertex(0, 1, 3)]
Key: com.catan.model.RoundedPoint2D@1f0841, Value: [Vertex(0, -1, 3), Vertex(0, -2, 1), Vertex(1, -2, 5)]
Key: com.catan.model.RoundedPoint2D@1f46c1, Value: [Vertex(0, -1, 0), Vertex(0, 0, 2)]
Key: com.catan.model.RoundedPoint2D@1ee901, Value: [Vertex(0, -2, 2), Vertex(1, -2, 4)]
Key: com.catan.model.RoundedPoint2D@257700, Value: [Vertex(1, -2, 2)]
Key: com.catan.model.RoundedPoint2D@259640, Value: [Vertex(1, -2, 1)]
Key: com.catan.model.RoundedPoint2D@25f400, Value: [Vertex(1, 1, 3)]
Key: com.catan.model.RoundedPoint2D@2651c0, Value: [Vertex(1, 2, 1)]
Key: com.catan.model.RoundedPoint2D@263280, Value: [Vertex(1, 1, 0), Vertex(1, 2, 2)]
Key: com.catan.model.RoundedPoint2D@1b9271, Value: [Vertex(0, -2, 3)]
Key: com.catan.model.RoundedPoint2D@1bf031, Value: [Vertex(0, -1, 5), Vertex(0, 0, 3)]
Key: com.catan.model.RoundedPoint2D@1bd0f1, Value: [Vertex(0, -1, 4), Vertex(0, -2, 0)]
Key: com.catan.model.RoundedPoint2D@1c8c71, Value: [Vertex(0, 2, 0)]
Key: com.catan.model.RoundedPoint2D@1c4df1, Value: [Vertex(0, 1, 5), Vertex(0, 2, 3)]
Key: com.catan.model.RoundedPoint2D@1c2eb1, Value: [Vertex(0, 0, 0), Vertex(0, 1, 4)]
Key: com.catan.model.RoundedPoint2D@122ae2, Value: [Vertex(-2, 0, 2)]
Key: com.catan.model.RoundedPoint2D@12a7e2, Value: [Vertex(-1, 2, 5)]
Key: com.catan.model.RoundedPoint2D@124a22, Value: [Vertex(-2, 1, 3), Vertex(-2, 0, 1)]
Key: com.catan.model.RoundedPoint2D@1288a2, Value: [Vertex(-2, 1, 0), Vertex(-1, 2, 4)]
Key: com.catan.model.RoundedPoint2D@231a51, Value: [Vertex(1, 2, 0)]
Key: com.catan.model.RoundedPoint2D@222051, Value: [Vertex(1, -2, 3)]
Key: com.catan.model.RoundedPoint2D@22dbd1, Value: [Vertex(1, 1, 5), Vertex(0, 1, 1), Vertex(1, 2, 3)]
Key: com.catan.model.RoundedPoint2D@22bc91, Value: [Vertex(1, 1, 4), Vertex(0, 1, 2)]
Key: com.catan.model.RoundedPoint2D@225ed1, Value: [Vertex(0, -1, 2), Vertex(1, -2, 0)]
Key: com.catan.model.RoundedPoint2D@227e11, Value: [Vertex(0, -1, 1)]
Key: com.catan.model.RoundedPoint2D@11ec62, Value: [Vertex(-1, -2, 5)]
Key: com.catan.model.RoundedPoint2D@11cd22, Value: [Vertex(-1, -2, 4)]
Key: com.catan.model.RoundedPoint2D@1935e1, Value: [Vertex(0, 2, 5), Vertex(-1, 2, 1)]
Key: com.catan.model.RoundedPoint2D@1916a1, Value: [Vertex(0, 2, 4), Vertex(-1, 2, 2)]
Key: com.catan.model.RoundedPoint2D@294a90, Value: [Vertex(1, 1, 2)]
Key: com.catan.model.RoundedPoint2D@2969d0, Value: [Vertex(1, 1, 1)]
Key: com.catan.model.RoundedPoint2D@18d821, Value: [Vertex(0, 0, 5)]
Key: com.catan.model.RoundedPoint2D@18b8e1, Value: [Vertex(0, 0, 4)]
Key: com.catan.model.RoundedPoint2D@185b21, Value: [Vertex(-1, -2, 2), Vertex(0, -2, 4)]
Key: com.catan.model.RoundedPoint2D@187a61, Value: [Vertex(-1, -2, 1), Vertex(0, -2, 5)]
Key: com.catan.model.RoundedPoint2D@15fe91, Value: [Vertex(-1, 2, 0)]
Key: com.catan.model.RoundedPoint2D@15a0d1, Value: [Vertex(-2, 1, 2)]
Key: com.catan.model.RoundedPoint2D@15c011, Value: [Vertex(-2, 1, 1), Vertex(-1, 2, 3)]
Key: com.catan.model.RoundedPoint2D@150491, Value: [Vertex(-1, -2, 3)]
Key: com.catan.model.RoundedPoint2D@154311, Value: [Vertex(-1, -2, 0)]
Key: com.catan.model.RoundedPoint2D@bbc42, Value: [Vertex(-2, 0, 5)]
Key: com.catan.model.RoundedPoint2D@b9d02, Value: [Vertex(-2, 0, 4)]
Key: com.catan.model.RoundedPoint2D@ed452, Value: [Vertex(-2, 0, 3)]
Key: com.catan.model.RoundedPoint2D@f3212, Value: [Vertex(-2, 1, 5)]
Key: com.catan.model.RoundedPoint2D@f12d2, Value: [Vertex(-2, 1, 4), Vertex(-2, 0, 0)]
Key: com.catan.model.RoundedPoint2D@1fc3c1, Value: [Vertex(1, 2, 5), Vertex(0, 2, 1)]
Key: com.catan.model.RoundedPoint2D@1fa481, Value: [Vertex(0, 1, 0), Vertex(1, 2, 4), Vertex(0, 2, 2)]
Key: com.catan.model.RoundedPoint2D@1f6601, Value: [Vertex(0, 0, 1), Vertex(0, 1, 3)]
Key: com.catan.model.RoundedPoint2D@1f0841, Value: [Vertex(0, -1, 3), Vertex(0, -2, 1), Vertex(1, -2, 5)]
Key: com.catan.model.RoundedPoint2D@1f46c1, Value: [Vertex(0, -1, 0), Vertex(0, 0, 2)]
Key: com.catan.model.RoundedPoint2D@1ee901, Value: [Vertex(0, -2, 2), Vertex(1, -2, 4)]
Key: com.catan.model.RoundedPoint2D@257700, Value: [Vertex(1, -2, 2)]
Key: com.catan.model.RoundedPoint2D@259640, Value: [Vertex(1, -2, 1)]
Key: com.catan.model.RoundedPoint2D@25f400, Value: [Vertex(1, 1, 3)]
Key: com.catan.model.RoundedPoint2D@2651c0, Value: [Vertex(1, 2, 1)]
Key: com.catan.model.RoundedPoint2D@263280, Value: [Vertex(1, 1, 0), Vertex(1, 2, 2)]
Key: com.catan.model.RoundedPoint2D@1b9271, Value: [Vertex(0, -2, 3)]
Key: com.catan.model.RoundedPoint2D@1bf031, Value: [Vertex(0, -1, 5), Vertex(0, 0, 3)]
Key: com.catan.model.RoundedPoint2D@1bd0f1, Value: [Vertex(0, -1, 4), Vertex(0, -2, 0)]
Key: com.catan.model.RoundedPoint2D@1c8c71, Value: [Vertex(0, 2, 0)]
Key: com.catan.model.RoundedPoint2D@1c4df1, Value: [Vertex(0, 1, 5), Vertex(0, 2, 3)]
Key: com.catan.model.RoundedPoint2D@1c2eb1, Value: [Vertex(0, 0, 0), Vertex(0, 1, 4)]
Key: com.catan.model.RoundedPoint2D@122ae2, Value: [Vertex(-2, 0, 2)]
Key: com.catan.model.RoundedPoint2D@12a7e2, Value: [Vertex(-1, 2, 5)]
Key: com.catan.model.RoundedPoint2D@124a22, Value: [Vertex(-2, 1, 3), Vertex(-2, 0, 1)]
Key: com.catan.model.RoundedPoint2D@1288a2, Value: [Vertex(-2, 1, 0), Vertex(-1, 2, 4)]
Key: com.catan.model.RoundedPoint2D@231a51, Value: [Vertex(1, 2, 0)]
Key: com.catan.model.RoundedPoint2D@222051, Value: [Vertex(1, -2, 3)]
Key: com.catan.model.RoundedPoint2D@22dbd1, Value: [Vertex(1, 1, 5), Vertex(0, 1, 1), Vertex(1, 2, 3)]
Key: com.catan.model.RoundedPoint2D@22bc91, Value: [Vertex(1, 1, 4), Vertex(0, 1, 2)]
Key: com.catan.model.RoundedPoint2D@225ed1, Value: [Vertex(0, -1, 2), Vertex(1, -2, 0)]
Key: com.catan.model.RoundedPoint2D@227e11, Value: [Vertex(0, -1, 1)]
Key: com.catan.model.RoundedPoint2D@11ec62, Value: [Vertex(-1, -2, 5)]
Key: com.catan.model.RoundedPoint2D@11cd22, Value: [Vertex(-1, -2, 4)]
Key: com.catan.model.RoundedPoint2D@1935e1, Value: [Vertex(0, 2, 5), Vertex(-1, 2, 1)]
Key: com.catan.model.RoundedPoint2D@1916a1, Value: [Vertex(0, 2, 4), Vertex(-1, 2, 2), Vertex(-1, 1, 0)]
Key: com.catan.model.RoundedPoint2D@294a90, Value: [Vertex(1, 1, 2)]
Key: com.catan.model.RoundedPoint2D@2969d0, Value: [Vertex(1, 1, 1)]
Key: com.catan.model.RoundedPoint2D@18d821, Value: [Vertex(0, 0, 5)]
Key: com.catan.model.RoundedPoint2D@18b8e1, Value: [Vertex(0, 0, 4)]
Key: com.catan.model.RoundedPoint2D@185b21, Value: [Vertex(-1, -2, 2), Vertex(0, -2, 4)]
Key: com.catan.model.RoundedPoint2D@187a61, Value: [Vertex(-1, -2, 1), Vertex(0, -2, 5)]
Key: com.catan.model.RoundedPoint2D@15fe91, Value: [Vertex(-1, 2, 0)]
Key: com.catan.model.RoundedPoint2D@15a0d1, Value: [Vertex(-2, 1, 2)]
Key: com.catan.model.RoundedPoint2D@15c011, Value: [Vertex(-2, 1, 1), Vertex(-1, 2, 3)]
Key: com.catan.model.RoundedPoint2D@150491, Value: [Vertex(-1, -2, 3)]
Key: com.catan.model.RoundedPoint2D@154311, Value: [Vertex(-1, -2, 0)]
Key: com.catan.model.RoundedPoint2D@bbc42, Value: [Vertex(-2, 0, 5)]
Key: com.catan.model.RoundedPoint2D@b9d02, Value: [Vertex(-2, 0, 4)]
Key: com.catan.model.RoundedPoint2D@ed452, Value: [Vertex(-2, 0, 3)]
Key: com.catan.model.RoundedPoint2D@f3212, Value: [Vertex(-2, 1, 5)]
Key: com.catan.model.RoundedPoint2D@f12d2, Value: [Vertex(-2, 1, 4), Vertex(-2, 0, 0)]
Key: com.catan.model.RoundedPoint2D@1fc3c1, Value: [Vertex(1, 2, 5), Vertex(0, 2, 1)]
Key: com.catan.model.RoundedPoint2D@1fa481, Value: [Vertex(0, 1, 0), Vertex(1, 2, 4), Vertex(0, 2, 2)]
Key: com.catan.model.RoundedPoint2D@1f6601, Value: [Vertex(0, 0, 1), Vertex(0, 1, 3)]
Key: com.catan.model.RoundedPoint2D@1f0841, Value: [Vertex(0, -1, 3), Vertex(0, -2, 1), Vertex(1, -2, 5)]
Key: com.catan.model.RoundedPoint2D@1f46c1, Value: [Vertex(0, -1, 0), Vertex(0, 0, 2)]
Key: com.catan.model.RoundedPoint2D@1ee901, Value: [Vertex(0, -2, 2), Vertex(1, -2, 4)]
Key: com.catan.model.RoundedPoint2D@257700, Value: [Vertex(1, -2, 2)]
Key: com.catan.model.RoundedPoint2D@259640, Value: [Vertex(1, -2, 1)]
Key: com.catan.model.RoundedPoint2D@25f400, Value: [Vertex(1, 1, 3)]
Key: com.catan.model.RoundedPoint2D@2651c0, Value: [Vertex(1, 2, 1)]
Key: com.catan.model.RoundedPoint2D@263280, Value: [Vertex(1, 1, 0), Vertex(1, 2, 2)]
Key: com.catan.model.RoundedPoint2D@1b9271, Value: [Vertex(0, -2, 3)]
Key: com.catan.model.RoundedPoint2D@1bf031, Value: [Vertex(0, -1, 5), Vertex(0, 0, 3)]
Key: com.catan.model.RoundedPoint2D@1bd0f1, Value: [Vertex(0, -1, 4), Vertex(0, -2, 0)]
Key: com.catan.model.RoundedPoint2D@1c8c71, Value: [Vertex(0, 2, 0)]
Key: com.catan.model.RoundedPoint2D@1c4df1, Value: [Vertex(0, 1, 5), Vertex(0, 2, 3), Vertex(-1, 1, 1)]
Key: com.catan.model.RoundedPoint2D@1c2eb1, Value: [Vertex(0, 0, 0), Vertex(0, 1, 4)]
Key: com.catan.model.RoundedPoint2D@122ae2, Value: [Vertex(-2, 0, 2)]
Key: com.catan.model.RoundedPoint2D@12a7e2, Value: [Vertex(-1, 2, 5)]
Key: com.catan.model.RoundedPoint2D@124a22, Value: [Vertex(-2, 1, 3), Vertex(-2, 0, 1)]
Key: com.catan.model.RoundedPoint2D@1288a2, Value: [Vertex(-2, 1, 0), Vertex(-1, 2, 4)]
Key: com.catan.model.RoundedPoint2D@231a51, Value: [Vertex(1, 2, 0)]
Key: com.catan.model.RoundedPoint2D@222051, Value: [Vertex(1, -2, 3)]
Key: com.catan.model.RoundedPoint2D@22dbd1, Value: [Vertex(1, 1, 5), Vertex(0, 1, 1), Vertex(1, 2, 3)]
Key: com.catan.model.RoundedPoint2D@22bc91, Value: [Vertex(1, 1, 4), Vertex(0, 1, 2)]
Key: com.catan.model.RoundedPoint2D@225ed1, Value: [Vertex(0, -1, 2), Vertex(1, -2, 0)]
Key: com.catan.model.RoundedPoint2D@227e11, Value: [Vertex(0, -1, 1)]
Key: com.catan.model.RoundedPoint2D@11ec62, Value: [Vertex(-1, -2, 5)]
Key: com.catan.model.RoundedPoint2D@11cd22, Value: [Vertex(-1, -2, 4)]
Key: com.catan.model.RoundedPoint2D@1935e1, Value: [Vertex(0, 2, 5), Vertex(-1, 2, 1)]
Key: com.catan.model.RoundedPoint2D@1916a1, Value: [Vertex(0, 2, 4), Vertex(-1, 2, 2), Vertex(-1, 1, 0)]
Key: com.catan.model.RoundedPoint2D@294a90, Value: [Vertex(1, 1, 2)]
Key: com.catan.model.RoundedPoint2D@2969d0, Value: [Vertex(1, 1, 1)]
Key: com.catan.model.RoundedPoint2D@18d821, Value: [Vertex(0, 0, 5)]
Key: com.catan.model.RoundedPoint2D@18b8e1, Value: [Vertex(0, 0, 4)]
Key: com.catan.model.RoundedPoint2D@185b21, Value: [Vertex(-1, -2, 2), Vertex(0, -2, 4)]
Key: com.catan.model.RoundedPoint2D@187a61, Value: [Vertex(-1, -2, 1), Vertex(0, -2, 5)]
Key: com.catan.model.RoundedPoint2D@15fe91, Value: [Vertex(-1, 2, 0)]
Key: com.catan.model.RoundedPoint2D@15a0d1, Value: [Vertex(-2, 1, 2)]
Key: com.catan.model.RoundedPoint2D@15c011, Value: [Vertex(-2, 1, 1), Vertex(-1, 2, 3)]
Key: com.catan.model.RoundedPoint2D@150491, Value: [Vertex(-1, -2, 3)]
Key: com.catan.model.RoundedPoint2D@154311, Value: [Vertex(-1, -2, 0)]
Key: com.catan.model.RoundedPoint2D@bbc42, Value: [Vertex(-2, 0, 5)]
Key: com.catan.model.RoundedPoint2D@b9d02, Value: [Vertex(-2, 0, 4)]
Key: com.catan.model.RoundedPoint2D@ed452, Value: [Vertex(-2, 0, 3)]
Key: com.catan.model.RoundedPoint2D@f3212, Value: [Vertex(-2, 1, 5)]
Key: com.catan.model.RoundedPoint2D@f12d2, Value: [Vertex(-2, 1, 4), Vertex(-2, 0, 0)]
Key: com.catan.model.RoundedPoint2D@1fc3c1, Value: [Vertex(1, 2, 5), Vertex(0, 2, 1)]
Key: com.catan.model.RoundedPoint2D@1fa481, Value: [Vertex(0, 1, 0), Vertex(1, 2, 4), Vertex(0, 2, 2)]
Key: com.catan.model.RoundedPoint2D@1f6601, Value: [Vertex(0, 0, 1), Vertex(0, 1, 3)]
Key: com.catan.model.RoundedPoint2D@1f0841, Value: [Vertex(0, -1, 3), Vertex(0, -2, 1), Vertex(1, -2, 5)]
Key: com.catan.model.RoundedPoint2D@1f46c1, Value: [Vertex(0, -1, 0), Vertex(0, 0, 2)]
Key: com.catan.model.RoundedPoint2D@1ee901, Value: [Vertex(0, -2, 2), Vertex(1, -2, 4)]
Key: com.catan.model.RoundedPoint2D@257700, Value: [Vertex(1, -2, 2)]
Key: com.catan.model.RoundedPoint2D@259640, Value: [Vertex(1, -2, 1)]
Key: com.catan.model.RoundedPoint2D@25f400, Value: [Vertex(1, 1, 3)]
Key: com.catan.model.RoundedPoint2D@2651c0, Value: [Vertex(1, 2, 1)]
Key: com.catan.model.RoundedPoint2D@263280, Value: [Vertex(1, 1, 0), Vertex(1, 2, 2)]
Key: com.catan.model.RoundedPoint2D@1b9271, Value: [Vertex(0, -2, 3)]
Key: com.catan.model.RoundedPoint2D@1bf031, Value: [Vertex(0, -1, 5), Vertex(0, 0, 3)]
Key: com.catan.model.RoundedPoint2D@1bd0f1, Value: [Vertex(0, -1, 4), Vertex(0, -2, 0)]
Key: com.catan.model.RoundedPoint2D@1c8c71, Value: [Vertex(0, 2, 0)]
Key: com.catan.model.RoundedPoint2D@1c4df1, Value: [Vertex(0, 1, 5), Vertex(0, 2, 3), Vertex(-1, 1, 1)]
Key: com.catan.model.RoundedPoint2D@1c2eb1, Value: [Vertex(0, 0, 0), Vertex(0, 1, 4), Vertex(-1, 1, 2)]
Key: com.catan.model.RoundedPoint2D@122ae2, Value: [Vertex(-2, 0, 2)]
Key: com.catan.model.RoundedPoint2D@12a7e2, Value: [Vertex(-1, 2, 5)]
Key: com.catan.model.RoundedPoint2D@124a22, Value: [Vertex(-2, 1, 3), Vertex(-2, 0, 1)]
Key: com.catan.model.RoundedPoint2D@1288a2, Value: [Vertex(-2, 1, 0), Vertex(-1, 2, 4)]
Key: com.catan.model.RoundedPoint2D@231a51, Value: [Vertex(1, 2, 0)]
Key: com.catan.model.RoundedPoint2D@222051, Value: [Vertex(1, -2, 3)]
Key: com.catan.model.RoundedPoint2D@22dbd1, Value: [Vertex(1, 1, 5), Vertex(0, 1, 1), Vertex(1, 2, 3)]
Key: com.catan.model.RoundedPoint2D@22bc91, Value: [Vertex(1, 1, 4), Vertex(0, 1, 2)]
Key: com.catan.model.RoundedPoint2D@225ed1, Value: [Vertex(0, -1, 2), Vertex(1, -2, 0)]
Key: com.catan.model.RoundedPoint2D@227e11, Value: [Vertex(0, -1, 1)]
Key: com.catan.model.RoundedPoint2D@11ec62, Value: [Vertex(-1, -2, 5)]
Key: com.catan.model.RoundedPoint2D@11cd22, Value: [Vertex(-1, -2, 4)]
Key: com.catan.model.RoundedPoint2D@1935e1, Value: [Vertex(0, 2, 5), Vertex(-1, 2, 1)]
Key: com.catan.model.RoundedPoint2D@1916a1, Value: [Vertex(0, 2, 4), Vertex(-1, 2, 2), Vertex(-1, 1, 0)]
Key: com.catan.model.RoundedPoint2D@294a90, Value: [Vertex(1, 1, 2)]
Key: com.catan.model.RoundedPoint2D@2969d0, Value: [Vertex(1, 1, 1)]
Key: com.catan.model.RoundedPoint2D@18d821, Value: [Vertex(0, 0, 5)]
Key: com.catan.model.RoundedPoint2D@18b8e1, Value: [Vertex(0, 0, 4)]
Key: com.catan.model.RoundedPoint2D@185b21, Value: [Vertex(-1, -2, 2), Vertex(0, -2, 4)]
Key: com.catan.model.RoundedPoint2D@187a61, Value: [Vertex(-1, -2, 1), Vertex(0, -2, 5)]
Key: com.catan.model.RoundedPoint2D@15fe91, Value: [Vertex(-1, 2, 0)]
Key: com.catan.model.RoundedPoint2D@15a0d1, Value: [Vertex(-2, 1, 2)]
Key: com.catan.model.RoundedPoint2D@15c011, Value: [Vertex(-2, 1, 1), Vertex(-1, 2, 3)]
Key: com.catan.model.RoundedPoint2D@150491, Value: [Vertex(-1, -2, 3)]
Key: com.catan.model.RoundedPoint2D@154311, Value: [Vertex(-1, -2, 0)]
Key: com.catan.model.RoundedPoint2D@bbc42, Value: [Vertex(-2, 0, 5)]
Key: com.catan.model.RoundedPoint2D@b9d02, Value: [Vertex(-2, 0, 4)]
Key: com.catan.model.RoundedPoint2D@ed452, Value: [Vertex(-2, 0, 3)]
Key: com.catan.model.RoundedPoint2D@f3212, Value: [Vertex(-2, 1, 5)]
Key: com.catan.model.RoundedPoint2D@f12d2, Value: [Vertex(-2, 1, 4), Vertex(-2, 0, 0)]
Key: com.catan.model.RoundedPoint2D@1fc3c1, Value: [Vertex(1, 2, 5), Vertex(0, 2, 1)]
Key: com.catan.model.RoundedPoint2D@1fa481, Value: [Vertex(0, 1, 0), Vertex(1, 2, 4), Vertex(0, 2, 2)]
Key: com.catan.model.RoundedPoint2D@1f6601, Value: [Vertex(0, 0, 1), Vertex(0, 1, 3)]
Key: com.catan.model.RoundedPoint2D@1f0841, Value: [Vertex(0, -1, 3), Vertex(0, -2, 1), Vertex(1, -2, 5)]
Key: com.catan.model.RoundedPoint2D@1f46c1, Value: [Vertex(0, -1, 0), Vertex(0, 0, 2)]
Key: com.catan.model.RoundedPoint2D@1ee901, Value: [Vertex(0, -2, 2), Vertex(1, -2, 4)]
Key: com.catan.model.RoundedPoint2D@257700, Value: [Vertex(1, -2, 2)]
Key: com.catan.model.RoundedPoint2D@259640, Value: [Vertex(1, -2, 1)]
Key: com.catan.model.RoundedPoint2D@25f400, Value: [Vertex(1, 1, 3)]
Key: com.catan.model.RoundedPoint2D@2651c0, Value: [Vertex(1, 2, 1)]
Key: com.catan.model.RoundedPoint2D@263280, Value: [Vertex(1, 1, 0), Vertex(1, 2, 2)]
Key: com.catan.model.RoundedPoint2D@1b9271, Value: [Vertex(0, -2, 3)]
Key: com.catan.model.RoundedPoint2D@1bf031, Value: [Vertex(0, -1, 5), Vertex(0, 0, 3)]
Key: com.catan.model.RoundedPoint2D@1bd0f1, Value: [Vertex(0, -1, 4), Vertex(0, -2, 0)]
Key: com.catan.model.RoundedPoint2D@1c8c71, Value: [Vertex(0, 2, 0)]
Key: com.catan.model.RoundedPoint2D@1c4df1, Value: [Vertex(0, 1, 5), Vertex(0, 2, 3), Vertex(-1, 1, 1)]
Key: com.catan.model.RoundedPoint2D@1c2eb1, Value: [Vertex(0, 0, 0), Vertex(0, 1, 4), Vertex(-1, 1, 2)]
Key: com.catan.model.RoundedPoint2D@122ae2, Value: [Vertex(-2, 0, 2)]
Key: com.catan.model.RoundedPoint2D@12a7e2, Value: [Vertex(-1, 2, 5)]
Key: com.catan.model.RoundedPoint2D@124a22, Value: [Vertex(-2, 1, 3), Vertex(-2, 0, 1)]
Key: com.catan.model.RoundedPoint2D@1288a2, Value: [Vertex(-2, 1, 0), Vertex(-1, 2, 4)]
Key: com.catan.model.RoundedPoint2D@231a51, Value: [Vertex(1, 2, 0)]
Key: com.catan.model.RoundedPoint2D@222051, Value: [Vertex(1, -2, 3)]
Key: com.catan.model.RoundedPoint2D@22dbd1, Value: [Vertex(1, 1, 5), Vertex(0, 1, 1), Vertex(1, 2, 3)]
Key: com.catan.model.RoundedPoint2D@22bc91, Value: [Vertex(1, 1, 4), Vertex(0, 1, 2)]
Key: com.catan.model.RoundedPoint2D@225ed1, Value: [Vertex(0, -1, 2), Vertex(1, -2, 0)]
Key: com.catan.model.RoundedPoint2D@227e11, Value: [Vertex(0, -1, 1)]
Key: com.catan.model.RoundedPoint2D@11ec62, Value: [Vertex(-1, -2, 5)]
Key: com.catan.model.RoundedPoint2D@11cd22, Value: [Vertex(-1, -2, 4)]
Key: com.catan.model.RoundedPoint2D@1935e1, Value: [Vertex(0, 2, 5), Vertex(-1, 2, 1)]
Key: com.catan.model.RoundedPoint2D@1916a1, Value: [Vertex(0, 2, 4), Vertex(-1, 2, 2), Vertex(-1, 1, 0)]
Key: com.catan.model.RoundedPoint2D@294a90, Value: [Vertex(1, 1, 2)]
Key: com.catan.model.RoundedPoint2D@2969d0, Value: [Vertex(1, 1, 1)]
Key: com.catan.model.RoundedPoint2D@18d821, Value: [Vertex(0, 0, 5), Vertex(-1, 1, 3)]
Key: com.catan.model.RoundedPoint2D@18b8e1, Value: [Vertex(0, 0, 4)]
Key: com.catan.model.RoundedPoint2D@185b21, Value: [Vertex(-1, -2, 2), Vertex(0, -2, 4)]
Key: com.catan.model.RoundedPoint2D@187a61, Value: [Vertex(-1, -2, 1), Vertex(0, -2, 5)]
Key: com.catan.model.RoundedPoint2D@15fe91, Value: [Vertex(-1, 2, 0)]
Key: com.catan.model.RoundedPoint2D@15a0d1, Value: [Vertex(-2, 1, 2), Vertex(-1, 1, 4)]
Key: com.catan.model.RoundedPoint2D@15c011, Value: [Vertex(-2, 1, 1), Vertex(-1, 2, 3)]
Key: com.catan.model.RoundedPoint2D@150491, Value: [Vertex(-1, -2, 3)]
Key: com.catan.model.RoundedPoint2D@154311, Value: [Vertex(-1, -2, 0)]
Key: com.catan.model.RoundedPoint2D@bbc42, Value: [Vertex(-2, 0, 5)]
Key: com.catan.model.RoundedPoint2D@b9d02, Value: [Vertex(-2, 0, 4)]
Key: com.catan.model.RoundedPoint2D@ed452, Value: [Vertex(-2, 0, 3)]
Key: com.catan.model.RoundedPoint2D@f3212, Value: [Vertex(-2, 1, 5)]
Key: com.catan.model.RoundedPoint2D@f12d2, Value: [Vertex(-2, 1, 4), Vertex(-2, 0, 0)]
Key: com.catan.model.RoundedPoint2D@1fc3c1, Value: [Vertex(1, 2, 5), Vertex(0, 2, 1)]
Key: com.catan.model.RoundedPoint2D@1fa481, Value: [Vertex(0, 1, 0), Vertex(1, 2, 4), Vertex(0, 2, 2)]
Key: com.catan.model.RoundedPoint2D@1f6601, Value: [Vertex(0, 0, 1), Vertex(0, 1, 3)]
Key: com.catan.model.RoundedPoint2D@1f0841, Value: [Vertex(0, -1, 3), Vertex(0, -2, 1), Vertex(1, -2, 5)]
Key: com.catan.model.RoundedPoint2D@1f46c1, Value: [Vertex(0, -1, 0), Vertex(0, 0, 2)]
Key: com.catan.model.RoundedPoint2D@1ee901, Value: [Vertex(0, -2, 2), Vertex(1, -2, 4)]
Key: com.catan.model.RoundedPoint2D@257700, Value: [Vertex(1, -2, 2)]
Key: com.catan.model.RoundedPoint2D@259640, Value: [Vertex(1, -2, 1)]
Key: com.catan.model.RoundedPoint2D@25f400, Value: [Vertex(1, 1, 3)]
Key: com.catan.model.RoundedPoint2D@2651c0, Value: [Vertex(1, 2, 1)]
Key: com.catan.model.RoundedPoint2D@263280, Value: [Vertex(1, 1, 0), Vertex(1, 2, 2)]
Key: com.catan.model.RoundedPoint2D@1b9271, Value: [Vertex(0, -2, 3)]
Key: com.catan.model.RoundedPoint2D@1bf031, Value: [Vertex(0, -1, 5), Vertex(0, 0, 3)]
Key: com.catan.model.RoundedPoint2D@1bd0f1, Value: [Vertex(0, -1, 4), Vertex(0, -2, 0)]
Key: com.catan.model.RoundedPoint2D@1c8c71, Value: [Vertex(0, 2, 0)]
Key: com.catan.model.RoundedPoint2D@1c4df1, Value: [Vertex(0, 1, 5), Vertex(0, 2, 3), Vertex(-1, 1, 1)]
Key: com.catan.model.RoundedPoint2D@1c2eb1, Value: [Vertex(0, 0, 0), Vertex(0, 1, 4), Vertex(-1, 1, 2)]
Key: com.catan.model.RoundedPoint2D@122ae2, Value: [Vertex(-2, 0, 2)]
Key: com.catan.model.RoundedPoint2D@12a7e2, Value: [Vertex(-1, 2, 5)]
Key: com.catan.model.RoundedPoint2D@124a22, Value: [Vertex(-2, 1, 3), Vertex(-2, 0, 1)]
Key: com.catan.model.RoundedPoint2D@1288a2, Value: [Vertex(-2, 1, 0), Vertex(-1, 2, 4)]
Key: com.catan.model.RoundedPoint2D@231a51, Value: [Vertex(1, 2, 0)]
Key: com.catan.model.RoundedPoint2D@222051, Value: [Vertex(1, -2, 3)]
Key: com.catan.model.RoundedPoint2D@22dbd1, Value: [Vertex(1, 1, 5), Vertex(0, 1, 1), Vertex(1, 2, 3)]
Key: com.catan.model.RoundedPoint2D@22bc91, Value: [Vertex(1, 1, 4), Vertex(0, 1, 2)]
Key: com.catan.model.RoundedPoint2D@225ed1, Value: [Vertex(0, -1, 2), Vertex(1, -2, 0)]
Key: com.catan.model.RoundedPoint2D@227e11, Value: [Vertex(0, -1, 1)]
Key: com.catan.model.RoundedPoint2D@11ec62, Value: [Vertex(-1, -2, 5)]
Key: com.catan.model.RoundedPoint2D@11cd22, Value: [Vertex(-1, -2, 4)]
Key: com.catan.model.RoundedPoint2D@1935e1, Value: [Vertex(0, 2, 5), Vertex(-1, 2, 1)]
Key: com.catan.model.RoundedPoint2D@1916a1, Value: [Vertex(0, 2, 4), Vertex(-1, 2, 2), Vertex(-1, 1, 0)]
Key: com.catan.model.RoundedPoint2D@294a90, Value: [Vertex(1, 1, 2)]
Key: com.catan.model.RoundedPoint2D@2969d0, Value: [Vertex(1, 1, 1)]
Key: com.catan.model.RoundedPoint2D@18d821, Value: [Vertex(0, 0, 5), Vertex(-1, 1, 3)]
Key: com.catan.model.RoundedPoint2D@18b8e1, Value: [Vertex(0, 0, 4)]
Key: com.catan.model.RoundedPoint2D@185b21, Value: [Vertex(-1, -2, 2), Vertex(0, -2, 4)]
Key: com.catan.model.RoundedPoint2D@187a61, Value: [Vertex(-1, -2, 1), Vertex(0, -2, 5)]
Key: com.catan.model.RoundedPoint2D@15fe91, Value: [Vertex(-1, 2, 0)]
Key: com.catan.model.RoundedPoint2D@15a0d1, Value: [Vertex(-2, 1, 2), Vertex(-1, 1, 4)]
Key: com.catan.model.RoundedPoint2D@15c011, Value: [Vertex(-2, 1, 1), Vertex(-1, 2, 3), Vertex(-1, 1, 5)]
Key: com.catan.model.RoundedPoint2D@150491, Value: [Vertex(-1, -2, 3)]
Key: com.catan.model.RoundedPoint2D@154311, Value: [Vertex(-1, -2, 0)]
Key: com.catan.model.RoundedPoint2D@bbc42, Value: [Vertex(-2, 0, 5)]
Key: com.catan.model.RoundedPoint2D@b9d02, Value: [Vertex(-2, 0, 4)]
Key: com.catan.model.RoundedPoint2D@ed452, Value: [Vertex(-2, 0, 3)]
Key: com.catan.model.RoundedPoint2D@f3212, Value: [Vertex(-2, 1, 5)]
Key: com.catan.model.RoundedPoint2D@f12d2, Value: [Vertex(-2, 1, 4), Vertex(-2, 0, 0)]
Key: com.catan.model.RoundedPoint2D@1fc3c1, Value: [Vertex(1, 2, 5), Vertex(0, 2, 1)]
Key: com.catan.model.RoundedPoint2D@1fa481, Value: [Vertex(0, 1, 0), Vertex(1, 2, 4), Vertex(0, 2, 2)]
Key: com.catan.model.RoundedPoint2D@1f6601, Value: [Vertex(0, 0, 1), Vertex(0, 1, 3)]
Key: com.catan.model.RoundedPoint2D@1f0841, Value: [Vertex(0, -1, 3), Vertex(0, -2, 1), Vertex(1, -2, 5)]
Key: com.catan.model.RoundedPoint2D@1f46c1, Value: [Vertex(0, -1, 0), Vertex(0, 0, 2)]
Key: com.catan.model.RoundedPoint2D@1ee901, Value: [Vertex(0, -2, 2), Vertex(1, -2, 4)]
Key: com.catan.model.RoundedPoint2D@257700, Value: [Vertex(1, -2, 2)]
Key: com.catan.model.RoundedPoint2D@259640, Value: [Vertex(1, -2, 1)]
Key: com.catan.model.RoundedPoint2D@25f400, Value: [Vertex(1, 1, 3)]
Key: com.catan.model.RoundedPoint2D@2651c0, Value: [Vertex(1, 2, 1)]
Key: com.catan.model.RoundedPoint2D@263280, Value: [Vertex(1, 1, 0), Vertex(1, 2, 2)]
Key: com.catan.model.RoundedPoint2D@1b9271, Value: [Vertex(0, -2, 3)]
Key: com.catan.model.RoundedPoint2D@1bf031, Value: [Vertex(0, -1, 5), Vertex(0, 0, 3)]
Key: com.catan.model.RoundedPoint2D@1bd0f1, Value: [Vertex(0, -1, 4), Vertex(0, -2, 0)]
Key: com.catan.model.RoundedPoint2D@1c8c71, Value: [Vertex(0, 2, 0)]
Key: com.catan.model.RoundedPoint2D@1c4df1, Value: [Vertex(0, 1, 5), Vertex(0, 2, 3), Vertex(-1, 1, 1)]
Key: com.catan.model.RoundedPoint2D@1c2eb1, Value: [Vertex(0, 0, 0), Vertex(0, 1, 4), Vertex(-1, 1, 2)]
Key: com.catan.model.RoundedPoint2D@122ae2, Value: [Vertex(-2, 0, 2)]
Key: com.catan.model.RoundedPoint2D@12a7e2, Value: [Vertex(-1, 2, 5)]
Key: com.catan.model.RoundedPoint2D@124a22, Value: [Vertex(-2, 1, 3), Vertex(-2, 0, 1)]
Key: com.catan.model.RoundedPoint2D@1288a2, Value: [Vertex(-2, 1, 0), Vertex(-1, 2, 4)]
Key: com.catan.model.RoundedPoint2D@231a51, Value: [Vertex(1, 2, 0)]
Key: com.catan.model.RoundedPoint2D@222051, Value: [Vertex(1, -2, 3)]
Key: com.catan.model.RoundedPoint2D@22dbd1, Value: [Vertex(1, 1, 5), Vertex(0, 1, 1), Vertex(1, 2, 3)]
Key: com.catan.model.RoundedPoint2D@22bc91, Value: [Vertex(1, 1, 4), Vertex(0, 1, 2)]
Key: com.catan.model.RoundedPoint2D@225ed1, Value: [Vertex(0, -1, 2), Vertex(1, -2, 0)]
Key: com.catan.model.RoundedPoint2D@227e11, Value: [Vertex(0, -1, 1)]
Key: com.catan.model.RoundedPoint2D@11ec62, Value: [Vertex(-1, -2, 5)]
Key: com.catan.model.RoundedPoint2D@11cd22, Value: [Vertex(-1, -2, 4)]
Key: com.catan.model.RoundedPoint2D@1935e1, Value: [Vertex(0, 2, 5), Vertex(-1, 2, 1)]
Key: com.catan.model.RoundedPoint2D@1916a1, Value: [Vertex(0, 2, 4), Vertex(-1, 2, 2), Vertex(-1, 1, 0)]
Key: com.catan.model.RoundedPoint2D@294a90, Value: [Vertex(1, 1, 2)]
Key: com.catan.model.RoundedPoint2D@2969d0, Value: [Vertex(1, 1, 1)]
Key: com.catan.model.RoundedPoint2D@18d821, Value: [Vertex(0, 0, 5), Vertex(-1, 1, 3)]
Key: com.catan.model.RoundedPoint2D@18b8e1, Value: [Vertex(0, 0, 4)]
Key: com.catan.model.RoundedPoint2D@185b21, Value: [Vertex(-1, -2, 2), Vertex(0, -2, 4)]
Key: com.catan.model.RoundedPoint2D@187a61, Value: [Vertex(-1, -2, 1), Vertex(0, -2, 5)]
Key: com.catan.model.RoundedPoint2D@15fe91, Value: [Vertex(-1, 2, 0)]
Key: com.catan.model.RoundedPoint2D@15a0d1, Value: [Vertex(-2, 1, 2), Vertex(-1, 1, 4)]
Key: com.catan.model.RoundedPoint2D@15c011, Value: [Vertex(-2, 1, 1), Vertex(-1, 2, 3), Vertex(-1, 1, 5)]
Key: com.catan.model.RoundedPoint2D@150491, Value: [Vertex(-1, -2, 3)]
Key: com.catan.model.RoundedPoint2D@154311, Value: [Vertex(-1, -2, 0)]
Key: com.catan.model.RoundedPoint2D@bbc42, Value: [Vertex(-2, 0, 5)]
Key: com.catan.model.RoundedPoint2D@b9d02, Value: [Vertex(-2, 0, 4)]
Key: com.catan.model.RoundedPoint2D@ed452, Value: [Vertex(-2, 0, 3)]
Key: com.catan.model.RoundedPoint2D@f3212, Value: [Vertex(-2, 1, 5)]
Key: com.catan.model.RoundedPoint2D@f12d2, Value: [Vertex(-2, 1, 4), Vertex(-2, 0, 0)]
Key: com.catan.model.RoundedPoint2D@1fc3c1, Value: [Vertex(1, 2, 5), Vertex(0, 2, 1)]
Key: com.catan.model.RoundedPoint2D@1fa481, Value: [Vertex(0, 1, 0), Vertex(1, 2, 4), Vertex(0, 2, 2)]
Key: com.catan.model.RoundedPoint2D@1f6601, Value: [Vertex(0, 0, 1), Vertex(0, 1, 3)]
Key: com.catan.model.RoundedPoint2D@1f0841, Value: [Vertex(0, -1, 3), Vertex(0, -2, 1), Vertex(1, -2, 5)]
Key: com.catan.model.RoundedPoint2D@1f46c1, Value: [Vertex(0, -1, 0), Vertex(0, 0, 2)]
Key: com.catan.model.RoundedPoint2D@1ee901, Value: [Vertex(0, -2, 2), Vertex(1, -2, 4)]
Key: com.catan.model.RoundedPoint2D@257700, Value: [Vertex(1, -2, 2)]
Key: com.catan.model.RoundedPoint2D@259640, Value: [Vertex(1, -2, 1)]
Key: com.catan.model.RoundedPoint2D@25f400, Value: [Vertex(1, 1, 3)]
Key: com.catan.model.RoundedPoint2D@2651c0, Value: [Vertex(1, 2, 1)]
Key: com.catan.model.RoundedPoint2D@263280, Value: [Vertex(1, 1, 0), Vertex(1, 2, 2)]
Key: com.catan.model.RoundedPoint2D@1b9271, Value: [Vertex(0, -2, 3)]
Key: com.catan.model.RoundedPoint2D@1bf031, Value: [Vertex(0, -1, 5), Vertex(0, 0, 3)]
Key: com.catan.model.RoundedPoint2D@1bd0f1, Value: [Vertex(0, -1, 4), Vertex(0, -2, 0)]
Key: com.catan.model.RoundedPoint2D@1c8c71, Value: [Vertex(0, 2, 0)]
Key: com.catan.model.RoundedPoint2D@1c4df1, Value: [Vertex(0, 1, 5), Vertex(0, 2, 3), Vertex(-1, 1, 1)]
Key: com.catan.model.RoundedPoint2D@1c2eb1, Value: [Vertex(0, 0, 0), Vertex(0, 1, 4), Vertex(-1, 1, 2)]
Key: com.catan.model.RoundedPoint2D@122ae2, Value: [Vertex(-2, 0, 2), Vertex(-2, -1, 0)]
Key: com.catan.model.RoundedPoint2D@12a7e2, Value: [Vertex(-1, 2, 5)]
Key: com.catan.model.RoundedPoint2D@124a22, Value: [Vertex(-2, 1, 3), Vertex(-2, 0, 1)]
Key: com.catan.model.RoundedPoint2D@1288a2, Value: [Vertex(-2, 1, 0), Vertex(-1, 2, 4)]
Key: com.catan.model.RoundedPoint2D@231a51, Value: [Vertex(1, 2, 0)]
Key: com.catan.model.RoundedPoint2D@222051, Value: [Vertex(1, -2, 3)]
Key: com.catan.model.RoundedPoint2D@22dbd1, Value: [Vertex(1, 1, 5), Vertex(0, 1, 1), Vertex(1, 2, 3)]
Key: com.catan.model.RoundedPoint2D@22bc91, Value: [Vertex(1, 1, 4), Vertex(0, 1, 2)]
Key: com.catan.model.RoundedPoint2D@225ed1, Value: [Vertex(0, -1, 2), Vertex(1, -2, 0)]
Key: com.catan.model.RoundedPoint2D@227e11, Value: [Vertex(0, -1, 1)]
Key: com.catan.model.RoundedPoint2D@11ec62, Value: [Vertex(-1, -2, 5)]
Key: com.catan.model.RoundedPoint2D@11cd22, Value: [Vertex(-1, -2, 4)]
Key: com.catan.model.RoundedPoint2D@1935e1, Value: [Vertex(0, 2, 5), Vertex(-1, 2, 1)]
Key: com.catan.model.RoundedPoint2D@1916a1, Value: [Vertex(0, 2, 4), Vertex(-1, 2, 2), Vertex(-1, 1, 0)]
Key: com.catan.model.RoundedPoint2D@294a90, Value: [Vertex(1, 1, 2)]
Key: com.catan.model.RoundedPoint2D@2969d0, Value: [Vertex(1, 1, 1)]
Key: com.catan.model.RoundedPoint2D@18d821, Value: [Vertex(0, 0, 5), Vertex(-1, 1, 3)]
Key: com.catan.model.RoundedPoint2D@18b8e1, Value: [Vertex(0, 0, 4)]
Key: com.catan.model.RoundedPoint2D@185b21, Value: [Vertex(-1, -2, 2), Vertex(0, -2, 4)]
Key: com.catan.model.RoundedPoint2D@187a61, Value: [Vertex(-1, -2, 1), Vertex(0, -2, 5)]
Key: com.catan.model.RoundedPoint2D@156251, Value: [Vertex(-2, -1, 1)]
Key: com.catan.model.RoundedPoint2D@15fe91, Value: [Vertex(-1, 2, 0)]
Key: com.catan.model.RoundedPoint2D@15a0d1, Value: [Vertex(-2, 1, 2), Vertex(-1, 1, 4)]
Key: com.catan.model.RoundedPoint2D@15c011, Value: [Vertex(-2, 1, 1), Vertex(-1, 2, 3), Vertex(-1, 1, 5)]
Key: com.catan.model.RoundedPoint2D@150491, Value: [Vertex(-1, -2, 3)]
Key: com.catan.model.RoundedPoint2D@154311, Value: [Vertex(-1, -2, 0)]
Key: com.catan.model.RoundedPoint2D@bbc42, Value: [Vertex(-2, 0, 5)]
Key: com.catan.model.RoundedPoint2D@b9d02, Value: [Vertex(-2, 0, 4)]
Key: com.catan.model.RoundedPoint2D@ed452, Value: [Vertex(-2, 0, 3)]
Key: com.catan.model.RoundedPoint2D@f3212, Value: [Vertex(-2, 1, 5)]
Key: com.catan.model.RoundedPoint2D@f12d2, Value: [Vertex(-2, 1, 4), Vertex(-2, 0, 0)]
Key: com.catan.model.RoundedPoint2D@1fc3c1, Value: [Vertex(1, 2, 5), Vertex(0, 2, 1)]
Key: com.catan.model.RoundedPoint2D@1fa481, Value: [Vertex(0, 1, 0), Vertex(1, 2, 4), Vertex(0, 2, 2)]
Key: com.catan.model.RoundedPoint2D@1f6601, Value: [Vertex(0, 0, 1), Vertex(0, 1, 3)]
Key: com.catan.model.RoundedPoint2D@1f0841, Value: [Vertex(0, -1, 3), Vertex(0, -2, 1), Vertex(1, -2, 5)]
Key: com.catan.model.RoundedPoint2D@1f46c1, Value: [Vertex(0, -1, 0), Vertex(0, 0, 2)]
Key: com.catan.model.RoundedPoint2D@1ee901, Value: [Vertex(0, -2, 2), Vertex(1, -2, 4)]
Key: com.catan.model.RoundedPoint2D@257700, Value: [Vertex(1, -2, 2)]
Key: com.catan.model.RoundedPoint2D@259640, Value: [Vertex(1, -2, 1)]
Key: com.catan.model.RoundedPoint2D@25f400, Value: [Vertex(1, 1, 3)]
Key: com.catan.model.RoundedPoint2D@2651c0, Value: [Vertex(1, 2, 1)]
Key: com.catan.model.RoundedPoint2D@263280, Value: [Vertex(1, 1, 0), Vertex(1, 2, 2)]
Key: com.catan.model.RoundedPoint2D@1b9271, Value: [Vertex(0, -2, 3)]
Key: com.catan.model.RoundedPoint2D@1bf031, Value: [Vertex(0, -1, 5), Vertex(0, 0, 3)]
Key: com.catan.model.RoundedPoint2D@1bd0f1, Value: [Vertex(0, -1, 4), Vertex(0, -2, 0)]
Key: com.catan.model.RoundedPoint2D@1c8c71, Value: [Vertex(0, 2, 0)]
Key: com.catan.model.RoundedPoint2D@1c4df1, Value: [Vertex(0, 1, 5), Vertex(0, 2, 3), Vertex(-1, 1, 1)]
Key: com.catan.model.RoundedPoint2D@1c2eb1, Value: [Vertex(0, 0, 0), Vertex(0, 1, 4), Vertex(-1, 1, 2)]
Key: com.catan.model.RoundedPoint2D@122ae2, Value: [Vertex(-2, 0, 2), Vertex(-2, -1, 0)]
Key: com.catan.model.RoundedPoint2D@12a7e2, Value: [Vertex(-1, 2, 5)]
Key: com.catan.model.RoundedPoint2D@124a22, Value: [Vertex(-2, 1, 3), Vertex(-2, 0, 1)]
Key: com.catan.model.RoundedPoint2D@1288a2, Value: [Vertex(-2, 1, 0), Vertex(-1, 2, 4)]
Key: com.catan.model.RoundedPoint2D@231a51, Value: [Vertex(1, 2, 0)]
Key: com.catan.model.RoundedPoint2D@222051, Value: [Vertex(1, -2, 3)]
Key: com.catan.model.RoundedPoint2D@22dbd1, Value: [Vertex(1, 1, 5), Vertex(0, 1, 1), Vertex(1, 2, 3)]
Key: com.catan.model.RoundedPoint2D@22bc91, Value: [Vertex(1, 1, 4), Vertex(0, 1, 2)]
Key: com.catan.model.RoundedPoint2D@225ed1, Value: [Vertex(0, -1, 2), Vertex(1, -2, 0)]
Key: com.catan.model.RoundedPoint2D@227e11, Value: [Vertex(0, -1, 1)]
Key: com.catan.model.RoundedPoint2D@11ec62, Value: [Vertex(-1, -2, 5)]
Key: com.catan.model.RoundedPoint2D@11cd22, Value: [Vertex(-1, -2, 4)]
Key: com.catan.model.RoundedPoint2D@1935e1, Value: [Vertex(0, 2, 5), Vertex(-1, 2, 1)]
Key: com.catan.model.RoundedPoint2D@1916a1, Value: [Vertex(0, 2, 4), Vertex(-1, 2, 2), Vertex(-1, 1, 0)]
Key: com.catan.model.RoundedPoint2D@294a90, Value: [Vertex(1, 1, 2)]
Key: com.catan.model.RoundedPoint2D@2969d0, Value: [Vertex(1, 1, 1)]
Key: com.catan.model.RoundedPoint2D@18d821, Value: [Vertex(0, 0, 5), Vertex(-1, 1, 3)]
Key: com.catan.model.RoundedPoint2D@18b8e1, Value: [Vertex(0, 0, 4)]
Key: com.catan.model.RoundedPoint2D@185b21, Value: [Vertex(-1, -2, 2), Vertex(0, -2, 4)]
Key: com.catan.model.RoundedPoint2D@187a61, Value: [Vertex(-1, -2, 1), Vertex(0, -2, 5)]
Key: com.catan.model.RoundedPoint2D@156251, Value: [Vertex(-2, -1, 1)]
Key: com.catan.model.RoundedPoint2D@15fe91, Value: [Vertex(-1, 2, 0)]
Key: com.catan.model.RoundedPoint2D@15a0d1, Value: [Vertex(-2, 1, 2), Vertex(-1, 1, 4)]
Key: com.catan.model.RoundedPoint2D@15c011, Value: [Vertex(-2, 1, 1), Vertex(-1, 2, 3), Vertex(-1, 1, 5)]
Key: com.catan.model.RoundedPoint2D@150491, Value: [Vertex(-1, -2, 3)]
Key: com.catan.model.RoundedPoint2D@154311, Value: [Vertex(-1, -2, 0), Vertex(-2, -1, 2)]
Key: com.catan.model.RoundedPoint2D@bbc42, Value: [Vertex(-2, 0, 5)]
Key: com.catan.model.RoundedPoint2D@b9d02, Value: [Vertex(-2, 0, 4)]
Key: com.catan.model.RoundedPoint2D@ed452, Value: [Vertex(-2, 0, 3)]
Key: com.catan.model.RoundedPoint2D@f3212, Value: [Vertex(-2, 1, 5)]
Key: com.catan.model.RoundedPoint2D@f12d2, Value: [Vertex(-2, 1, 4), Vertex(-2, 0, 0)]
Key: com.catan.model.RoundedPoint2D@1fc3c1, Value: [Vertex(1, 2, 5), Vertex(0, 2, 1)]
Key: com.catan.model.RoundedPoint2D@1fa481, Value: [Vertex(0, 1, 0), Vertex(1, 2, 4), Vertex(0, 2, 2)]
Key: com.catan.model.RoundedPoint2D@1f6601, Value: [Vertex(0, 0, 1), Vertex(0, 1, 3)]
Key: com.catan.model.RoundedPoint2D@1f0841, Value: [Vertex(0, -1, 3), Vertex(0, -2, 1), Vertex(1, -2, 5)]
Key: com.catan.model.RoundedPoint2D@1f46c1, Value: [Vertex(0, -1, 0), Vertex(0, 0, 2)]
Key: com.catan.model.RoundedPoint2D@1ee901, Value: [Vertex(0, -2, 2), Vertex(1, -2, 4)]
Key: com.catan.model.RoundedPoint2D@257700, Value: [Vertex(1, -2, 2)]
Key: com.catan.model.RoundedPoint2D@259640, Value: [Vertex(1, -2, 1)]
Key: com.catan.model.RoundedPoint2D@25f400, Value: [Vertex(1, 1, 3)]
Key: com.catan.model.RoundedPoint2D@2651c0, Value: [Vertex(1, 2, 1)]
Key: com.catan.model.RoundedPoint2D@263280, Value: [Vertex(1, 1, 0), Vertex(1, 2, 2)]
Key: com.catan.model.RoundedPoint2D@1b9271, Value: [Vertex(0, -2, 3)]
Key: com.catan.model.RoundedPoint2D@1bf031, Value: [Vertex(0, -1, 5), Vertex(0, 0, 3)]
Key: com.catan.model.RoundedPoint2D@1bd0f1, Value: [Vertex(0, -1, 4), Vertex(0, -2, 0)]
Key: com.catan.model.RoundedPoint2D@1c8c71, Value: [Vertex(0, 2, 0)]
Key: com.catan.model.RoundedPoint2D@1c4df1, Value: [Vertex(0, 1, 5), Vertex(0, 2, 3), Vertex(-1, 1, 1)]
Key: com.catan.model.RoundedPoint2D@1c2eb1, Value: [Vertex(0, 0, 0), Vertex(0, 1, 4), Vertex(-1, 1, 2)]
Key: com.catan.model.RoundedPoint2D@122ae2, Value: [Vertex(-2, 0, 2), Vertex(-2, -1, 0)]
Key: com.catan.model.RoundedPoint2D@12a7e2, Value: [Vertex(-1, 2, 5)]
Key: com.catan.model.RoundedPoint2D@124a22, Value: [Vertex(-2, 1, 3), Vertex(-2, 0, 1)]
Key: com.catan.model.RoundedPoint2D@1288a2, Value: [Vertex(-2, 1, 0), Vertex(-1, 2, 4)]
Key: com.catan.model.RoundedPoint2D@231a51, Value: [Vertex(1, 2, 0)]
Key: com.catan.model.RoundedPoint2D@222051, Value: [Vertex(1, -2, 3)]
Key: com.catan.model.RoundedPoint2D@22dbd1, Value: [Vertex(1, 1, 5), Vertex(0, 1, 1), Vertex(1, 2, 3)]
Key: com.catan.model.RoundedPoint2D@22bc91, Value: [Vertex(1, 1, 4), Vertex(0, 1, 2)]
Key: com.catan.model.RoundedPoint2D@225ed1, Value: [Vertex(0, -1, 2), Vertex(1, -2, 0)]
Key: com.catan.model.RoundedPoint2D@227e11, Value: [Vertex(0, -1, 1)]
Key: com.catan.model.RoundedPoint2D@11ec62, Value: [Vertex(-1, -2, 5)]
Key: com.catan.model.RoundedPoint2D@11cd22, Value: [Vertex(-1, -2, 4)]
Key: com.catan.model.RoundedPoint2D@1935e1, Value: [Vertex(0, 2, 5), Vertex(-1, 2, 1)]
Key: com.catan.model.RoundedPoint2D@1916a1, Value: [Vertex(0, 2, 4), Vertex(-1, 2, 2), Vertex(-1, 1, 0)]
Key: com.catan.model.RoundedPoint2D@294a90, Value: [Vertex(1, 1, 2)]
Key: com.catan.model.RoundedPoint2D@2969d0, Value: [Vertex(1, 1, 1)]
Key: com.catan.model.RoundedPoint2D@18d821, Value: [Vertex(0, 0, 5), Vertex(-1, 1, 3)]
Key: com.catan.model.RoundedPoint2D@18b8e1, Value: [Vertex(0, 0, 4)]
Key: com.catan.model.RoundedPoint2D@185b21, Value: [Vertex(-1, -2, 2), Vertex(0, -2, 4)]
Key: com.catan.model.RoundedPoint2D@187a61, Value: [Vertex(-1, -2, 1), Vertex(0, -2, 5)]
Key: com.catan.model.RoundedPoint2D@156251, Value: [Vertex(-2, -1, 1)]
Key: com.catan.model.RoundedPoint2D@15fe91, Value: [Vertex(-1, 2, 0)]
Key: com.catan.model.RoundedPoint2D@15a0d1, Value: [Vertex(-2, 1, 2), Vertex(-1, 1, 4)]
Key: com.catan.model.RoundedPoint2D@15c011, Value: [Vertex(-2, 1, 1), Vertex(-1, 2, 3), Vertex(-1, 1, 5)]
Key: com.catan.model.RoundedPoint2D@150491, Value: [Vertex(-1, -2, 3)]
Key: com.catan.model.RoundedPoint2D@154311, Value: [Vertex(-1, -2, 0), Vertex(-2, -1, 2)]
Key: com.catan.model.RoundedPoint2D@bbc42, Value: [Vertex(-2, 0, 5)]
Key: com.catan.model.RoundedPoint2D@b9d02, Value: [Vertex(-2, 0, 4)]
Key: com.catan.model.RoundedPoint2D@ed452, Value: [Vertex(-2, 0, 3)]
Key: com.catan.model.RoundedPoint2D@f3212, Value: [Vertex(-2, 1, 5)]
Key: com.catan.model.RoundedPoint2D@f12d2, Value: [Vertex(-2, 1, 4), Vertex(-2, 0, 0)]
Key: com.catan.model.RoundedPoint2D@1fc3c1, Value: [Vertex(1, 2, 5), Vertex(0, 2, 1)]
Key: com.catan.model.RoundedPoint2D@1fa481, Value: [Vertex(0, 1, 0), Vertex(1, 2, 4), Vertex(0, 2, 2)]
Key: com.catan.model.RoundedPoint2D@1f6601, Value: [Vertex(0, 0, 1), Vertex(0, 1, 3)]
Key: com.catan.model.RoundedPoint2D@1f0841, Value: [Vertex(0, -1, 3), Vertex(0, -2, 1), Vertex(1, -2, 5)]
Key: com.catan.model.RoundedPoint2D@1f46c1, Value: [Vertex(0, -1, 0), Vertex(0, 0, 2)]
Key: com.catan.model.RoundedPoint2D@1ee901, Value: [Vertex(0, -2, 2), Vertex(1, -2, 4)]
Key: com.catan.model.RoundedPoint2D@257700, Value: [Vertex(1, -2, 2)]
Key: com.catan.model.RoundedPoint2D@259640, Value: [Vertex(1, -2, 1)]
Key: com.catan.model.RoundedPoint2D@25f400, Value: [Vertex(1, 1, 3)]
Key: com.catan.model.RoundedPoint2D@2651c0, Value: [Vertex(1, 2, 1)]
Key: com.catan.model.RoundedPoint2D@263280, Value: [Vertex(1, 1, 0), Vertex(1, 2, 2)]
Key: com.catan.model.RoundedPoint2D@1b9271, Value: [Vertex(0, -2, 3)]
Key: com.catan.model.RoundedPoint2D@1bf031, Value: [Vertex(0, -1, 5), Vertex(0, 0, 3)]
Key: com.catan.model.RoundedPoint2D@1bd0f1, Value: [Vertex(0, -1, 4), Vertex(0, -2, 0)]
Key: com.catan.model.RoundedPoint2D@1c8c71, Value: [Vertex(0, 2, 0)]
Key: com.catan.model.RoundedPoint2D@1c4df1, Value: [Vertex(0, 1, 5), Vertex(0, 2, 3), Vertex(-1, 1, 1)]
Key: com.catan.model.RoundedPoint2D@1c2eb1, Value: [Vertex(0, 0, 0), Vertex(0, 1, 4), Vertex(-1, 1, 2)]
Key: com.catan.model.RoundedPoint2D@122ae2, Value: [Vertex(-2, 0, 2), Vertex(-2, -1, 0)]
Key: com.catan.model.RoundedPoint2D@12a7e2, Value: [Vertex(-1, 2, 5)]
Key: com.catan.model.RoundedPoint2D@124a22, Value: [Vertex(-2, 1, 3), Vertex(-2, 0, 1)]
Key: com.catan.model.RoundedPoint2D@1288a2, Value: [Vertex(-2, 1, 0), Vertex(-1, 2, 4)]
Key: com.catan.model.RoundedPoint2D@231a51, Value: [Vertex(1, 2, 0)]
Key: com.catan.model.RoundedPoint2D@222051, Value: [Vertex(1, -2, 3)]
Key: com.catan.model.RoundedPoint2D@22dbd1, Value: [Vertex(1, 1, 5), Vertex(0, 1, 1), Vertex(1, 2, 3)]
Key: com.catan.model.RoundedPoint2D@22bc91, Value: [Vertex(1, 1, 4), Vertex(0, 1, 2)]
Key: com.catan.model.RoundedPoint2D@225ed1, Value: [Vertex(0, -1, 2), Vertex(1, -2, 0)]
Key: com.catan.model.RoundedPoint2D@227e11, Value: [Vertex(0, -1, 1)]
Key: com.catan.model.RoundedPoint2D@11ec62, Value: [Vertex(-1, -2, 5), Vertex(-2, -1, 3)]
Key: com.catan.model.RoundedPoint2D@11cd22, Value: [Vertex(-1, -2, 4)]
Key: com.catan.model.RoundedPoint2D@1935e1, Value: [Vertex(0, 2, 5), Vertex(-1, 2, 1)]
Key: com.catan.model.RoundedPoint2D@1916a1, Value: [Vertex(0, 2, 4), Vertex(-1, 2, 2), Vertex(-1, 1, 0)]
Key: com.catan.model.RoundedPoint2D@294a90, Value: [Vertex(1, 1, 2)]
Key: com.catan.model.RoundedPoint2D@2969d0, Value: [Vertex(1, 1, 1)]
Key: com.catan.model.RoundedPoint2D@18d821, Value: [Vertex(0, 0, 5), Vertex(-1, 1, 3)]
Key: com.catan.model.RoundedPoint2D@18b8e1, Value: [Vertex(0, 0, 4)]
Key: com.catan.model.RoundedPoint2D@185b21, Value: [Vertex(-1, -2, 2), Vertex(0, -2, 4)]
Key: com.catan.model.RoundedPoint2D@187a61, Value: [Vertex(-1, -2, 1), Vertex(0, -2, 5)]
Key: com.catan.model.RoundedPoint2D@156251, Value: [Vertex(-2, -1, 1)]
Key: com.catan.model.RoundedPoint2D@15fe91, Value: [Vertex(-1, 2, 0)]
Key: com.catan.model.RoundedPoint2D@15a0d1, Value: [Vertex(-2, 1, 2), Vertex(-1, 1, 4)]
Key: com.catan.model.RoundedPoint2D@15c011, Value: [Vertex(-2, 1, 1), Vertex(-1, 2, 3), Vertex(-1, 1, 5)]
Key: com.catan.model.RoundedPoint2D@150491, Value: [Vertex(-1, -2, 3)]
Key: com.catan.model.RoundedPoint2D@154311, Value: [Vertex(-1, -2, 0), Vertex(-2, -1, 2)]
Key: com.catan.model.RoundedPoint2D@bbc42, Value: [Vertex(-2, 0, 5)]
Key: com.catan.model.RoundedPoint2D@b9d02, Value: [Vertex(-2, 0, 4)]
Key: com.catan.model.RoundedPoint2D@eb512, Value: [Vertex(-2, -1, 4)]
Key: com.catan.model.RoundedPoint2D@ed452, Value: [Vertex(-2, 0, 3)]
Key: com.catan.model.RoundedPoint2D@f3212, Value: [Vertex(-2, 1, 5)]
Key: com.catan.model.RoundedPoint2D@f12d2, Value: [Vertex(-2, 1, 4), Vertex(-2, 0, 0)]
Key: com.catan.model.RoundedPoint2D@1fc3c1, Value: [Vertex(1, 2, 5), Vertex(0, 2, 1)]
Key: com.catan.model.RoundedPoint2D@1fa481, Value: [Vertex(0, 1, 0), Vertex(1, 2, 4), Vertex(0, 2, 2)]
Key: com.catan.model.RoundedPoint2D@1f6601, Value: [Vertex(0, 0, 1), Vertex(0, 1, 3)]
Key: com.catan.model.RoundedPoint2D@1f0841, Value: [Vertex(0, -1, 3), Vertex(0, -2, 1), Vertex(1, -2, 5)]
Key: com.catan.model.RoundedPoint2D@1f46c1, Value: [Vertex(0, -1, 0), Vertex(0, 0, 2)]
Key: com.catan.model.RoundedPoint2D@1ee901, Value: [Vertex(0, -2, 2), Vertex(1, -2, 4)]
Key: com.catan.model.RoundedPoint2D@257700, Value: [Vertex(1, -2, 2)]
Key: com.catan.model.RoundedPoint2D@259640, Value: [Vertex(1, -2, 1)]
Key: com.catan.model.RoundedPoint2D@25f400, Value: [Vertex(1, 1, 3)]
Key: com.catan.model.RoundedPoint2D@2651c0, Value: [Vertex(1, 2, 1)]
Key: com.catan.model.RoundedPoint2D@263280, Value: [Vertex(1, 1, 0), Vertex(1, 2, 2)]
Key: com.catan.model.RoundedPoint2D@1b9271, Value: [Vertex(0, -2, 3)]
Key: com.catan.model.RoundedPoint2D@1bf031, Value: [Vertex(0, -1, 5), Vertex(0, 0, 3)]
Key: com.catan.model.RoundedPoint2D@1bd0f1, Value: [Vertex(0, -1, 4), Vertex(0, -2, 0)]
Key: com.catan.model.RoundedPoint2D@1c8c71, Value: [Vertex(0, 2, 0)]
Key: com.catan.model.RoundedPoint2D@1c4df1, Value: [Vertex(0, 1, 5), Vertex(0, 2, 3), Vertex(-1, 1, 1)]
Key: com.catan.model.RoundedPoint2D@1c2eb1, Value: [Vertex(0, 0, 0), Vertex(0, 1, 4), Vertex(-1, 1, 2)]
Key: com.catan.model.RoundedPoint2D@122ae2, Value: [Vertex(-2, 0, 2), Vertex(-2, -1, 0)]
Key: com.catan.model.RoundedPoint2D@12a7e2, Value: [Vertex(-1, 2, 5)]
Key: com.catan.model.RoundedPoint2D@124a22, Value: [Vertex(-2, 1, 3), Vertex(-2, 0, 1)]
Key: com.catan.model.RoundedPoint2D@1288a2, Value: [Vertex(-2, 1, 0), Vertex(-1, 2, 4)]
Key: com.catan.model.RoundedPoint2D@231a51, Value: [Vertex(1, 2, 0)]
Key: com.catan.model.RoundedPoint2D@222051, Value: [Vertex(1, -2, 3)]
Key: com.catan.model.RoundedPoint2D@22dbd1, Value: [Vertex(1, 1, 5), Vertex(0, 1, 1), Vertex(1, 2, 3)]
Key: com.catan.model.RoundedPoint2D@22bc91, Value: [Vertex(1, 1, 4), Vertex(0, 1, 2)]
Key: com.catan.model.RoundedPoint2D@225ed1, Value: [Vertex(0, -1, 2), Vertex(1, -2, 0)]
Key: com.catan.model.RoundedPoint2D@227e11, Value: [Vertex(0, -1, 1)]
Key: com.catan.model.RoundedPoint2D@11ec62, Value: [Vertex(-1, -2, 5), Vertex(-2, -1, 3)]
Key: com.catan.model.RoundedPoint2D@11cd22, Value: [Vertex(-1, -2, 4)]
Key: com.catan.model.RoundedPoint2D@1935e1, Value: [Vertex(0, 2, 5), Vertex(-1, 2, 1)]
Key: com.catan.model.RoundedPoint2D@1916a1, Value: [Vertex(0, 2, 4), Vertex(-1, 2, 2), Vertex(-1, 1, 0)]
Key: com.catan.model.RoundedPoint2D@294a90, Value: [Vertex(1, 1, 2)]
Key: com.catan.model.RoundedPoint2D@2969d0, Value: [Vertex(1, 1, 1)]
Key: com.catan.model.RoundedPoint2D@18d821, Value: [Vertex(0, 0, 5), Vertex(-1, 1, 3)]
Key: com.catan.model.RoundedPoint2D@18b8e1, Value: [Vertex(0, 0, 4)]
Key: com.catan.model.RoundedPoint2D@185b21, Value: [Vertex(-1, -2, 2), Vertex(0, -2, 4)]
Key: com.catan.model.RoundedPoint2D@187a61, Value: [Vertex(-1, -2, 1), Vertex(0, -2, 5)]
Key: com.catan.model.RoundedPoint2D@15fe91, Value: [Vertex(-1, 2, 0)]
Key: com.catan.model.RoundedPoint2D@15c011, Value: [Vertex(-2, 1, 1), Vertex(-1, 2, 3), Vertex(-1, 1, 5)]
Key: com.catan.model.RoundedPoint2D@150491, Value: [Vertex(-1, -2, 3)]
Key: com.catan.model.RoundedPoint2D@154311, Value: [Vertex(-1, -2, 0), Vertex(-2, -1, 2)]
Key: com.catan.model.RoundedPoint2D@b9d02, Value: [Vertex(-2, 0, 4)]
Key: com.catan.model.RoundedPoint2D@eb512, Value: [Vertex(-2, -1, 4)]
Key: com.catan.model.RoundedPoint2D@f3212, Value: [Vertex(-2, 1, 5)]
Key: com.catan.model.RoundedPoint2D@1fa481, Value: [Vertex(0, 1, 0), Vertex(1, 2, 4), Vertex(0, 2, 2)]
Key: com.catan.model.RoundedPoint2D@1f6601, Value: [Vertex(0, 0, 1), Vertex(0, 1, 3)]
Key: com.catan.model.RoundedPoint2D@1ee901, Value: [Vertex(0, -2, 2), Vertex(1, -2, 4)]
Key: com.catan.model.RoundedPoint2D@257700, Value: [Vertex(1, -2, 2)]
Key: com.catan.model.RoundedPoint2D@25f400, Value: [Vertex(1, 1, 3)]
Key: com.catan.model.RoundedPoint2D@263280, Value: [Vertex(1, 1, 0), Vertex(1, 2, 2)]
Key: com.catan.model.RoundedPoint2D@1bf031, Value: [Vertex(0, -1, 5), Vertex(0, 0, 3)]
Key: com.catan.model.RoundedPoint2D@1c2eb1, Value: [Vertex(0, 0, 0), Vertex(0, 1, 4), Vertex(-1, 1, 2)]
Key: com.catan.model.RoundedPoint2D@124a22, Value: [Vertex(-2, 1, 3), Vertex(-2, 0, 1)]
Key: com.catan.model.RoundedPoint2D@1288a2, Value: [Vertex(-2, 1, 0), Vertex(-1, 2, 4)]
Key: com.catan.model.RoundedPoint2D@22bc91, Value: [Vertex(1, 1, 4), Vertex(0, 1, 2)]
Key: com.catan.model.RoundedPoint2D@227e11, Value: [Vertex(0, -1, 1)]
Key: com.catan.model.RoundedPoint2D@11cd22, Value: [Vertex(-1, -2, 4)]
Key: com.catan.model.RoundedPoint2D@1916a1, Value: [Vertex(0, 2, 4), Vertex(-1, 2, 2), Vertex(-1, 1, 0)]
Key: com.catan.model.RoundedPoint2D@294a90, Value: [Vertex(1, 1, 2)]
Key: com.catan.model.RoundedPoint2D@18d821, Value: [Vertex(0, 0, 5), Vertex(-1, 1, 3)]
Key: com.catan.model.RoundedPoint2D@185b21, Value: [Vertex(-1, -2, 2), Vertex(0, -2, 4)]
Key: com.catan.model.RoundedPoint2D@156251, Value: [Vertex(-2, -1, 1)]
Key: com.catan.model.RoundedPoint2D@15a0d1, Value: [Vertex(-2, 1, 2), Vertex(-1, 1, 4)]
Key: com.catan.model.RoundedPoint2D@bbc42, Value: [Vertex(-2, 0, 5)]
Key: com.catan.model.RoundedPoint2D@ed452, Value: [Vertex(-2, 0, 3), Vertex(-2, -1, 5)]
Key: com.catan.model.RoundedPoint2D@f12d2, Value: [Vertex(-2, 1, 4), Vertex(-2, 0, 0)]
Key: com.catan.model.RoundedPoint2D@1fc3c1, Value: [Vertex(1, 2, 5), Vertex(0, 2, 1)]
Key: com.catan.model.RoundedPoint2D@1f0841, Value: [Vertex(0, -1, 3), Vertex(0, -2, 1), Vertex(1, -2, 5)]
Key: com.catan.model.RoundedPoint2D@1f46c1, Value: [Vertex(0, -1, 0), Vertex(0, 0, 2)]
Key: com.catan.model.RoundedPoint2D@259640, Value: [Vertex(1, -2, 1)]
Key: com.catan.model.RoundedPoint2D@2651c0, Value: [Vertex(1, 2, 1)]
Key: com.catan.model.RoundedPoint2D@1b9271, Value: [Vertex(0, -2, 3)]
Key: com.catan.model.RoundedPoint2D@1bd0f1, Value: [Vertex(0, -1, 4), Vertex(0, -2, 0)]
Key: com.catan.model.RoundedPoint2D@1c8c71, Value: [Vertex(0, 2, 0)]
Key: com.catan.model.RoundedPoint2D@1c4df1, Value: [Vertex(0, 1, 5), Vertex(0, 2, 3), Vertex(-1, 1, 1)]
Key: com.catan.model.RoundedPoint2D@122ae2, Value: [Vertex(-2, 0, 2), Vertex(-2, -1, 0)]
Key: com.catan.model.RoundedPoint2D@12a7e2, Value: [Vertex(-1, 2, 5)]
Key: com.catan.model.RoundedPoint2D@231a51, Value: [Vertex(1, 2, 0)]
Key: com.catan.model.RoundedPoint2D@222051, Value: [Vertex(1, -2, 3)]
Key: com.catan.model.RoundedPoint2D@22dbd1, Value: [Vertex(1, 1, 5), Vertex(0, 1, 1), Vertex(1, 2, 3)]
Key: com.catan.model.RoundedPoint2D@225ed1, Value: [Vertex(0, -1, 2), Vertex(1, -2, 0)]
Key: com.catan.model.RoundedPoint2D@11ec62, Value: [Vertex(-1, -2, 5), Vertex(-2, -1, 3)]
Key: com.catan.model.RoundedPoint2D@1935e1, Value: [Vertex(0, 2, 5), Vertex(-1, 2, 1)]
Key: com.catan.model.RoundedPoint2D@2969d0, Value: [Vertex(1, 1, 1)]
Key: com.catan.model.RoundedPoint2D@18b8e1, Value: [Vertex(0, 0, 4)]
Key: com.catan.model.RoundedPoint2D@187a61, Value: [Vertex(-1, -2, 1), Vertex(0, -2, 5)]
Key: com.catan.model.RoundedPoint2D@15fe91, Value: [Vertex(-1, 2, 0)]
Key: com.catan.model.RoundedPoint2D@15c011, Value: [Vertex(-2, 1, 1), Vertex(-1, 2, 3), Vertex(-1, 1, 5)]
Key: com.catan.model.RoundedPoint2D@150491, Value: [Vertex(-1, -2, 3)]
Key: com.catan.model.RoundedPoint2D@154311, Value: [Vertex(-1, -2, 0), Vertex(-2, -1, 2)]
Key: com.catan.model.RoundedPoint2D@b9d02, Value: [Vertex(-2, 0, 4)]
Key: com.catan.model.RoundedPoint2D@eb512, Value: [Vertex(-2, -1, 4)]
Key: com.catan.model.RoundedPoint2D@f3212, Value: [Vertex(-2, 1, 5)]
Key: com.catan.model.RoundedPoint2D@1fa481, Value: [Vertex(0, 1, 0), Vertex(1, 2, 4), Vertex(0, 2, 2)]
Key: com.catan.model.RoundedPoint2D@1f6601, Value: [Vertex(0, 0, 1), Vertex(0, 1, 3)]
Key: com.catan.model.RoundedPoint2D@1ee901, Value: [Vertex(0, -2, 2), Vertex(1, -2, 4)]
Key: com.catan.model.RoundedPoint2D@257700, Value: [Vertex(1, -2, 2)]
Key: com.catan.model.RoundedPoint2D@25f400, Value: [Vertex(1, 1, 3)]
Key: com.catan.model.RoundedPoint2D@263280, Value: [Vertex(1, 1, 0), Vertex(1, 2, 2)]
Key: com.catan.model.RoundedPoint2D@1bf031, Value: [Vertex(0, -1, 5), Vertex(0, 0, 3)]
Key: com.catan.model.RoundedPoint2D@1c2eb1, Value: [Vertex(0, 0, 0), Vertex(0, 1, 4), Vertex(-1, 1, 2)]
Key: com.catan.model.RoundedPoint2D@124a22, Value: [Vertex(-2, 1, 3), Vertex(-2, 0, 1)]
Key: com.catan.model.RoundedPoint2D@1288a2, Value: [Vertex(-2, 1, 0), Vertex(-1, 2, 4)]
Key: com.catan.model.RoundedPoint2D@22bc91, Value: [Vertex(1, 1, 4), Vertex(0, 1, 2)]
Key: com.catan.model.RoundedPoint2D@227e11, Value: [Vertex(0, -1, 1)]
Key: com.catan.model.RoundedPoint2D@11cd22, Value: [Vertex(-1, -2, 4)]
Key: com.catan.model.RoundedPoint2D@1916a1, Value: [Vertex(0, 2, 4), Vertex(-1, 2, 2), Vertex(-1, 1, 0)]
Key: com.catan.model.RoundedPoint2D@294a90, Value: [Vertex(1, 1, 2)]
Key: com.catan.model.RoundedPoint2D@18d821, Value: [Vertex(0, 0, 5), Vertex(-1, 1, 3)]
Key: com.catan.model.RoundedPoint2D@185b21, Value: [Vertex(-1, -2, 2), Vertex(0, -2, 4)]
Key: com.catan.model.RoundedPoint2D@156251, Value: [Vertex(-2, -1, 1)]
Key: com.catan.model.RoundedPoint2D@15a0d1, Value: [Vertex(-2, 1, 2), Vertex(-1, 1, 4)]
Key: com.catan.model.RoundedPoint2D@bbc42, Value: [Vertex(-2, 0, 5)]
Key: com.catan.model.RoundedPoint2D@ed452, Value: [Vertex(-2, 0, 3), Vertex(-2, -1, 5)]
Key: com.catan.model.RoundedPoint2D@f12d2, Value: [Vertex(-2, 1, 4), Vertex(-2, 0, 0)]
Key: com.catan.model.RoundedPoint2D@1fc3c1, Value: [Vertex(1, 2, 5), Vertex(0, 2, 1)]
Key: com.catan.model.RoundedPoint2D@1f0841, Value: [Vertex(0, -1, 3), Vertex(0, -2, 1), Vertex(1, -2, 5)]
Key: com.catan.model.RoundedPoint2D@1f46c1, Value: [Vertex(0, -1, 0), Vertex(0, 0, 2)]
Key: com.catan.model.RoundedPoint2D@25d4c0, Value: [Vertex(1, -1, 0)]
Key: com.catan.model.RoundedPoint2D@259640, Value: [Vertex(1, -2, 1)]
Key: com.catan.model.RoundedPoint2D@2651c0, Value: [Vertex(1, 2, 1)]
Key: com.catan.model.RoundedPoint2D@1b9271, Value: [Vertex(0, -2, 3)]
Key: com.catan.model.RoundedPoint2D@1bd0f1, Value: [Vertex(0, -1, 4), Vertex(0, -2, 0)]
Key: com.catan.model.RoundedPoint2D@1c8c71, Value: [Vertex(0, 2, 0)]
Key: com.catan.model.RoundedPoint2D@1c4df1, Value: [Vertex(0, 1, 5), Vertex(0, 2, 3), Vertex(-1, 1, 1)]
Key: com.catan.model.RoundedPoint2D@122ae2, Value: [Vertex(-2, 0, 2), Vertex(-2, -1, 0)]
Key: com.catan.model.RoundedPoint2D@12a7e2, Value: [Vertex(-1, 2, 5)]
Key: com.catan.model.RoundedPoint2D@231a51, Value: [Vertex(1, 2, 0)]
Key: com.catan.model.RoundedPoint2D@222051, Value: [Vertex(1, -2, 3)]
Key: com.catan.model.RoundedPoint2D@22dbd1, Value: [Vertex(1, 1, 5), Vertex(0, 1, 1), Vertex(1, 2, 3)]
Key: com.catan.model.RoundedPoint2D@225ed1, Value: [Vertex(0, -1, 2), Vertex(1, -2, 0)]
Key: com.catan.model.RoundedPoint2D@11ec62, Value: [Vertex(-1, -2, 5), Vertex(-2, -1, 3)]
Key: com.catan.model.RoundedPoint2D@1935e1, Value: [Vertex(0, 2, 5), Vertex(-1, 2, 1)]
Key: com.catan.model.RoundedPoint2D@2969d0, Value: [Vertex(1, 1, 1)]
Key: com.catan.model.RoundedPoint2D@18b8e1, Value: [Vertex(0, 0, 4)]
Key: com.catan.model.RoundedPoint2D@187a61, Value: [Vertex(-1, -2, 1), Vertex(0, -2, 5)]
Key: com.catan.model.RoundedPoint2D@15fe91, Value: [Vertex(-1, 2, 0)]
Key: com.catan.model.RoundedPoint2D@15c011, Value: [Vertex(-2, 1, 1), Vertex(-1, 2, 3), Vertex(-1, 1, 5)]
Key: com.catan.model.RoundedPoint2D@150491, Value: [Vertex(-1, -2, 3)]
Key: com.catan.model.RoundedPoint2D@154311, Value: [Vertex(-1, -2, 0), Vertex(-2, -1, 2)]
Key: com.catan.model.RoundedPoint2D@b9d02, Value: [Vertex(-2, 0, 4)]
Key: com.catan.model.RoundedPoint2D@eb512, Value: [Vertex(-2, -1, 4)]
Key: com.catan.model.RoundedPoint2D@f3212, Value: [Vertex(-2, 1, 5)]
Key: com.catan.model.RoundedPoint2D@1fa481, Value: [Vertex(0, 1, 0), Vertex(1, 2, 4), Vertex(0, 2, 2)]
Key: com.catan.model.RoundedPoint2D@1f6601, Value: [Vertex(0, 0, 1), Vertex(0, 1, 3)]
Key: com.catan.model.RoundedPoint2D@1ee901, Value: [Vertex(0, -2, 2), Vertex(1, -2, 4)]
Key: com.catan.model.RoundedPoint2D@257700, Value: [Vertex(1, -2, 2)]
Key: com.catan.model.RoundedPoint2D@25f400, Value: [Vertex(1, 1, 3)]
Key: com.catan.model.RoundedPoint2D@263280, Value: [Vertex(1, 1, 0), Vertex(1, 2, 2)]
Key: com.catan.model.RoundedPoint2D@1bf031, Value: [Vertex(0, -1, 5), Vertex(0, 0, 3)]
Key: com.catan.model.RoundedPoint2D@1c2eb1, Value: [Vertex(0, 0, 0), Vertex(0, 1, 4), Vertex(-1, 1, 2)]
Key: com.catan.model.RoundedPoint2D@124a22, Value: [Vertex(-2, 1, 3), Vertex(-2, 0, 1)]
Key: com.catan.model.RoundedPoint2D@1288a2, Value: [Vertex(-2, 1, 0), Vertex(-1, 2, 4)]
Key: com.catan.model.RoundedPoint2D@22bc91, Value: [Vertex(1, 1, 4), Vertex(0, 1, 2)]
Key: com.catan.model.RoundedPoint2D@227e11, Value: [Vertex(0, -1, 1)]
Key: com.catan.model.RoundedPoint2D@11cd22, Value: [Vertex(-1, -2, 4)]
Key: com.catan.model.RoundedPoint2D@1916a1, Value: [Vertex(0, 2, 4), Vertex(-1, 2, 2), Vertex(-1, 1, 0)]
Key: com.catan.model.RoundedPoint2D@290c10, Value: [Vertex(1, -1, 1)]
Key: com.catan.model.RoundedPoint2D@294a90, Value: [Vertex(1, 1, 2)]
Key: com.catan.model.RoundedPoint2D@18d821, Value: [Vertex(0, 0, 5), Vertex(-1, 1, 3)]
Key: com.catan.model.RoundedPoint2D@185b21, Value: [Vertex(-1, -2, 2), Vertex(0, -2, 4)]
Key: com.catan.model.RoundedPoint2D@156251, Value: [Vertex(-2, -1, 1)]
Key: com.catan.model.RoundedPoint2D@15a0d1, Value: [Vertex(-2, 1, 2), Vertex(-1, 1, 4)]
Key: com.catan.model.RoundedPoint2D@bbc42, Value: [Vertex(-2, 0, 5)]
Key: com.catan.model.RoundedPoint2D@ed452, Value: [Vertex(-2, 0, 3), Vertex(-2, -1, 5)]
Key: com.catan.model.RoundedPoint2D@f12d2, Value: [Vertex(-2, 1, 4), Vertex(-2, 0, 0)]
Key: com.catan.model.RoundedPoint2D@1fc3c1, Value: [Vertex(1, 2, 5), Vertex(0, 2, 1)]
Key: com.catan.model.RoundedPoint2D@1f0841, Value: [Vertex(0, -1, 3), Vertex(0, -2, 1), Vertex(1, -2, 5)]
Key: com.catan.model.RoundedPoint2D@1f46c1, Value: [Vertex(0, -1, 0), Vertex(0, 0, 2)]
Key: com.catan.model.RoundedPoint2D@25d4c0, Value: [Vertex(1, -1, 0)]
Key: com.catan.model.RoundedPoint2D@259640, Value: [Vertex(1, -2, 1)]
Key: com.catan.model.RoundedPoint2D@2651c0, Value: [Vertex(1, 2, 1)]
Key: com.catan.model.RoundedPoint2D@1b9271, Value: [Vertex(0, -2, 3)]
Key: com.catan.model.RoundedPoint2D@1bd0f1, Value: [Vertex(0, -1, 4), Vertex(0, -2, 0)]
Key: com.catan.model.RoundedPoint2D@1c8c71, Value: [Vertex(0, 2, 0)]
Key: com.catan.model.RoundedPoint2D@1c4df1, Value: [Vertex(0, 1, 5), Vertex(0, 2, 3), Vertex(-1, 1, 1)]
Key: com.catan.model.RoundedPoint2D@122ae2, Value: [Vertex(-2, 0, 2), Vertex(-2, -1, 0)]
Key: com.catan.model.RoundedPoint2D@12a7e2, Value: [Vertex(-1, 2, 5)]
Key: com.catan.model.RoundedPoint2D@231a51, Value: [Vertex(1, 2, 0)]
Key: com.catan.model.RoundedPoint2D@222051, Value: [Vertex(1, -2, 3)]
Key: com.catan.model.RoundedPoint2D@22dbd1, Value: [Vertex(1, 1, 5), Vertex(0, 1, 1), Vertex(1, 2, 3)]
Key: com.catan.model.RoundedPoint2D@225ed1, Value: [Vertex(0, -1, 2), Vertex(1, -2, 0)]
Key: com.catan.model.RoundedPoint2D@11ec62, Value: [Vertex(-1, -2, 5), Vertex(-2, -1, 3)]
Key: com.catan.model.RoundedPoint2D@1935e1, Value: [Vertex(0, 2, 5), Vertex(-1, 2, 1)]
Key: com.catan.model.RoundedPoint2D@2969d0, Value: [Vertex(1, 1, 1)]
Key: com.catan.model.RoundedPoint2D@18b8e1, Value: [Vertex(0, 0, 4)]
Key: com.catan.model.RoundedPoint2D@187a61, Value: [Vertex(-1, -2, 1), Vertex(0, -2, 5)]
Key: com.catan.model.RoundedPoint2D@15fe91, Value: [Vertex(-1, 2, 0)]
Key: com.catan.model.RoundedPoint2D@15c011, Value: [Vertex(-2, 1, 1), Vertex(-1, 2, 3), Vertex(-1, 1, 5)]
Key: com.catan.model.RoundedPoint2D@150491, Value: [Vertex(-1, -2, 3)]
Key: com.catan.model.RoundedPoint2D@154311, Value: [Vertex(-1, -2, 0), Vertex(-2, -1, 2)]
Key: com.catan.model.RoundedPoint2D@b9d02, Value: [Vertex(-2, 0, 4)]
Key: com.catan.model.RoundedPoint2D@eb512, Value: [Vertex(-2, -1, 4)]
Key: com.catan.model.RoundedPoint2D@f3212, Value: [Vertex(-2, 1, 5)]
Key: com.catan.model.RoundedPoint2D@1fa481, Value: [Vertex(0, 1, 0), Vertex(1, 2, 4), Vertex(0, 2, 2)]
Key: com.catan.model.RoundedPoint2D@1f6601, Value: [Vertex(0, 0, 1), Vertex(0, 1, 3)]
Key: com.catan.model.RoundedPoint2D@1ee901, Value: [Vertex(0, -2, 2), Vertex(1, -2, 4)]
Key: com.catan.model.RoundedPoint2D@257700, Value: [Vertex(1, -2, 2)]
Key: com.catan.model.RoundedPoint2D@25f400, Value: [Vertex(1, 1, 3)]
Key: com.catan.model.RoundedPoint2D@263280, Value: [Vertex(1, 1, 0), Vertex(1, 2, 2)]
Key: com.catan.model.RoundedPoint2D@1bf031, Value: [Vertex(0, -1, 5), Vertex(0, 0, 3)]
Key: com.catan.model.RoundedPoint2D@1c2eb1, Value: [Vertex(0, 0, 0), Vertex(0, 1, 4), Vertex(-1, 1, 2)]
Key: com.catan.model.RoundedPoint2D@124a22, Value: [Vertex(-2, 1, 3), Vertex(-2, 0, 1)]
Key: com.catan.model.RoundedPoint2D@1288a2, Value: [Vertex(-2, 1, 0), Vertex(-1, 2, 4)]
Key: com.catan.model.RoundedPoint2D@22bc91, Value: [Vertex(1, 1, 4), Vertex(0, 1, 2)]
Key: com.catan.model.RoundedPoint2D@227e11, Value: [Vertex(0, -1, 1)]
Key: com.catan.model.RoundedPoint2D@11cd22, Value: [Vertex(-1, -2, 4)]
Key: com.catan.model.RoundedPoint2D@1916a1, Value: [Vertex(0, 2, 4), Vertex(-1, 2, 2), Vertex(-1, 1, 0)]
Key: com.catan.model.RoundedPoint2D@290c10, Value: [Vertex(1, -1, 1)]
Key: com.catan.model.RoundedPoint2D@294a90, Value: [Vertex(1, 1, 2)]
Key: com.catan.model.RoundedPoint2D@18d821, Value: [Vertex(0, 0, 5), Vertex(-1, 1, 3)]
Key: com.catan.model.RoundedPoint2D@185b21, Value: [Vertex(-1, -2, 2), Vertex(0, -2, 4)]
Key: com.catan.model.RoundedPoint2D@156251, Value: [Vertex(-2, -1, 1)]
Key: com.catan.model.RoundedPoint2D@15a0d1, Value: [Vertex(-2, 1, 2), Vertex(-1, 1, 4)]
Key: com.catan.model.RoundedPoint2D@bbc42, Value: [Vertex(-2, 0, 5)]
Key: com.catan.model.RoundedPoint2D@ed452, Value: [Vertex(-2, 0, 3), Vertex(-2, -1, 5)]
Key: com.catan.model.RoundedPoint2D@f12d2, Value: [Vertex(-2, 1, 4), Vertex(-2, 0, 0)]
Key: com.catan.model.RoundedPoint2D@1fc3c1, Value: [Vertex(1, 2, 5), Vertex(0, 2, 1)]
Key: com.catan.model.RoundedPoint2D@1f0841, Value: [Vertex(0, -1, 3), Vertex(0, -2, 1), Vertex(1, -2, 5)]
Key: com.catan.model.RoundedPoint2D@1f46c1, Value: [Vertex(0, -1, 0), Vertex(0, 0, 2)]
Key: com.catan.model.RoundedPoint2D@25d4c0, Value: [Vertex(1, -1, 0)]
Key: com.catan.model.RoundedPoint2D@259640, Value: [Vertex(1, -2, 1)]
Key: com.catan.model.RoundedPoint2D@2651c0, Value: [Vertex(1, 2, 1)]
Key: com.catan.model.RoundedPoint2D@1b9271, Value: [Vertex(0, -2, 3)]
Key: com.catan.model.RoundedPoint2D@1bd0f1, Value: [Vertex(0, -1, 4), Vertex(0, -2, 0)]
Key: com.catan.model.RoundedPoint2D@1c8c71, Value: [Vertex(0, 2, 0)]
Key: com.catan.model.RoundedPoint2D@1c4df1, Value: [Vertex(0, 1, 5), Vertex(0, 2, 3), Vertex(-1, 1, 1)]
Key: com.catan.model.RoundedPoint2D@122ae2, Value: [Vertex(-2, 0, 2), Vertex(-2, -1, 0)]
Key: com.catan.model.RoundedPoint2D@12a7e2, Value: [Vertex(-1, 2, 5)]
Key: com.catan.model.RoundedPoint2D@231a51, Value: [Vertex(1, 2, 0)]
Key: com.catan.model.RoundedPoint2D@222051, Value: [Vertex(1, -2, 3)]
Key: com.catan.model.RoundedPoint2D@22dbd1, Value: [Vertex(1, 1, 5), Vertex(0, 1, 1), Vertex(1, 2, 3)]
Key: com.catan.model.RoundedPoint2D@225ed1, Value: [Vertex(0, -1, 2), Vertex(1, -2, 0)]
Key: com.catan.model.RoundedPoint2D@11ec62, Value: [Vertex(-1, -2, 5), Vertex(-2, -1, 3)]
Key: com.catan.model.RoundedPoint2D@28ecd0, Value: [Vertex(1, -1, 2)]
Key: com.catan.model.RoundedPoint2D@1935e1, Value: [Vertex(0, 2, 5), Vertex(-1, 2, 1)]
Key: com.catan.model.RoundedPoint2D@2969d0, Value: [Vertex(1, 1, 1)]
Key: com.catan.model.RoundedPoint2D@18b8e1, Value: [Vertex(0, 0, 4)]
Key: com.catan.model.RoundedPoint2D@187a61, Value: [Vertex(-1, -2, 1), Vertex(0, -2, 5)]
Key: com.catan.model.RoundedPoint2D@15fe91, Value: [Vertex(-1, 2, 0)]
Key: com.catan.model.RoundedPoint2D@15c011, Value: [Vertex(-2, 1, 1), Vertex(-1, 2, 3), Vertex(-1, 1, 5)]
Key: com.catan.model.RoundedPoint2D@150491, Value: [Vertex(-1, -2, 3)]
Key: com.catan.model.RoundedPoint2D@154311, Value: [Vertex(-1, -2, 0), Vertex(-2, -1, 2)]
Key: com.catan.model.RoundedPoint2D@b9d02, Value: [Vertex(-2, 0, 4)]
Key: com.catan.model.RoundedPoint2D@eb512, Value: [Vertex(-2, -1, 4)]
Key: com.catan.model.RoundedPoint2D@f3212, Value: [Vertex(-2, 1, 5)]
Key: com.catan.model.RoundedPoint2D@1fa481, Value: [Vertex(0, 1, 0), Vertex(1, 2, 4), Vertex(0, 2, 2)]
Key: com.catan.model.RoundedPoint2D@1f6601, Value: [Vertex(0, 0, 1), Vertex(0, 1, 3)]
Key: com.catan.model.RoundedPoint2D@1ee901, Value: [Vertex(0, -2, 2), Vertex(1, -2, 4)]
Key: com.catan.model.RoundedPoint2D@257700, Value: [Vertex(1, -2, 2)]
Key: com.catan.model.RoundedPoint2D@25f400, Value: [Vertex(1, 1, 3)]
Key: com.catan.model.RoundedPoint2D@263280, Value: [Vertex(1, 1, 0), Vertex(1, 2, 2)]
Key: com.catan.model.RoundedPoint2D@1bf031, Value: [Vertex(0, -1, 5), Vertex(0, 0, 3)]
Key: com.catan.model.RoundedPoint2D@1c2eb1, Value: [Vertex(0, 0, 0), Vertex(0, 1, 4), Vertex(-1, 1, 2)]
Key: com.catan.model.RoundedPoint2D@124a22, Value: [Vertex(-2, 1, 3), Vertex(-2, 0, 1)]
Key: com.catan.model.RoundedPoint2D@1288a2, Value: [Vertex(-2, 1, 0), Vertex(-1, 2, 4)]
Key: com.catan.model.RoundedPoint2D@22bc91, Value: [Vertex(1, 1, 4), Vertex(0, 1, 2)]
Key: com.catan.model.RoundedPoint2D@227e11, Value: [Vertex(0, -1, 1)]
Key: com.catan.model.RoundedPoint2D@11cd22, Value: [Vertex(-1, -2, 4)]
Key: com.catan.model.RoundedPoint2D@1916a1, Value: [Vertex(0, 2, 4), Vertex(-1, 2, 2), Vertex(-1, 1, 0)]
Key: com.catan.model.RoundedPoint2D@290c10, Value: [Vertex(1, -1, 1)]
Key: com.catan.model.RoundedPoint2D@294a90, Value: [Vertex(1, 1, 2)]
Key: com.catan.model.RoundedPoint2D@18d821, Value: [Vertex(0, 0, 5), Vertex(-1, 1, 3)]
Key: com.catan.model.RoundedPoint2D@185b21, Value: [Vertex(-1, -2, 2), Vertex(0, -2, 4)]
Key: com.catan.model.RoundedPoint2D@156251, Value: [Vertex(-2, -1, 1)]
Key: com.catan.model.RoundedPoint2D@15a0d1, Value: [Vertex(-2, 1, 2), Vertex(-1, 1, 4)]
Key: com.catan.model.RoundedPoint2D@bbc42, Value: [Vertex(-2, 0, 5)]
Key: com.catan.model.RoundedPoint2D@ed452, Value: [Vertex(-2, 0, 3), Vertex(-2, -1, 5)]
Key: com.catan.model.RoundedPoint2D@f12d2, Value: [Vertex(-2, 1, 4), Vertex(-2, 0, 0)]
Key: com.catan.model.RoundedPoint2D@1fc3c1, Value: [Vertex(1, 2, 5), Vertex(0, 2, 1)]
Key: com.catan.model.RoundedPoint2D@1f0841, Value: [Vertex(0, -1, 3), Vertex(0, -2, 1), Vertex(1, -2, 5)]
Key: com.catan.model.RoundedPoint2D@1f46c1, Value: [Vertex(0, -1, 0), Vertex(0, 0, 2)]
Key: com.catan.model.RoundedPoint2D@25d4c0, Value: [Vertex(1, -1, 0)]
Key: com.catan.model.RoundedPoint2D@259640, Value: [Vertex(1, -2, 1), Vertex(1, -1, 3)]
Key: com.catan.model.RoundedPoint2D@2651c0, Value: [Vertex(1, 2, 1)]
Key: com.catan.model.RoundedPoint2D@1b9271, Value: [Vertex(0, -2, 3)]
Key: com.catan.model.RoundedPoint2D@1bd0f1, Value: [Vertex(0, -1, 4), Vertex(0, -2, 0)]
Key: com.catan.model.RoundedPoint2D@1c8c71, Value: [Vertex(0, 2, 0)]
Key: com.catan.model.RoundedPoint2D@1c4df1, Value: [Vertex(0, 1, 5), Vertex(0, 2, 3), Vertex(-1, 1, 1)]
Key: com.catan.model.RoundedPoint2D@122ae2, Value: [Vertex(-2, 0, 2), Vertex(-2, -1, 0)]
Key: com.catan.model.RoundedPoint2D@12a7e2, Value: [Vertex(-1, 2, 5)]
Key: com.catan.model.RoundedPoint2D@231a51, Value: [Vertex(1, 2, 0)]
Key: com.catan.model.RoundedPoint2D@222051, Value: [Vertex(1, -2, 3)]
Key: com.catan.model.RoundedPoint2D@22dbd1, Value: [Vertex(1, 1, 5), Vertex(0, 1, 1), Vertex(1, 2, 3)]
Key: com.catan.model.RoundedPoint2D@225ed1, Value: [Vertex(0, -1, 2), Vertex(1, -2, 0)]
Key: com.catan.model.RoundedPoint2D@11ec62, Value: [Vertex(-1, -2, 5), Vertex(-2, -1, 3)]
Key: com.catan.model.RoundedPoint2D@28ecd0, Value: [Vertex(1, -1, 2)]
Key: com.catan.model.RoundedPoint2D@1935e1, Value: [Vertex(0, 2, 5), Vertex(-1, 2, 1)]
Key: com.catan.model.RoundedPoint2D@2969d0, Value: [Vertex(1, 1, 1)]
Key: com.catan.model.RoundedPoint2D@18b8e1, Value: [Vertex(0, 0, 4)]
Key: com.catan.model.RoundedPoint2D@187a61, Value: [Vertex(-1, -2, 1), Vertex(0, -2, 5)]
Key: com.catan.model.RoundedPoint2D@15fe91, Value: [Vertex(-1, 2, 0)]
Key: com.catan.model.RoundedPoint2D@15c011, Value: [Vertex(-2, 1, 1), Vertex(-1, 2, 3), Vertex(-1, 1, 5)]
Key: com.catan.model.RoundedPoint2D@150491, Value: [Vertex(-1, -2, 3)]
Key: com.catan.model.RoundedPoint2D@154311, Value: [Vertex(-1, -2, 0), Vertex(-2, -1, 2)]
Key: com.catan.model.RoundedPoint2D@b9d02, Value: [Vertex(-2, 0, 4)]
Key: com.catan.model.RoundedPoint2D@eb512, Value: [Vertex(-2, -1, 4)]
Key: com.catan.model.RoundedPoint2D@f3212, Value: [Vertex(-2, 1, 5)]
Key: com.catan.model.RoundedPoint2D@1fa481, Value: [Vertex(0, 1, 0), Vertex(1, 2, 4), Vertex(0, 2, 2)]
Key: com.catan.model.RoundedPoint2D@1f6601, Value: [Vertex(0, 0, 1), Vertex(0, 1, 3)]
Key: com.catan.model.RoundedPoint2D@1ee901, Value: [Vertex(0, -2, 2), Vertex(1, -2, 4)]
Key: com.catan.model.RoundedPoint2D@257700, Value: [Vertex(1, -2, 2)]
Key: com.catan.model.RoundedPoint2D@25f400, Value: [Vertex(1, 1, 3)]
Key: com.catan.model.RoundedPoint2D@263280, Value: [Vertex(1, 1, 0), Vertex(1, 2, 2)]
Key: com.catan.model.RoundedPoint2D@1bf031, Value: [Vertex(0, -1, 5), Vertex(0, 0, 3)]
Key: com.catan.model.RoundedPoint2D@1c2eb1, Value: [Vertex(0, 0, 0), Vertex(0, 1, 4), Vertex(-1, 1, 2)]
Key: com.catan.model.RoundedPoint2D@124a22, Value: [Vertex(-2, 1, 3), Vertex(-2, 0, 1)]
Key: com.catan.model.RoundedPoint2D@1288a2, Value: [Vertex(-2, 1, 0), Vertex(-1, 2, 4)]
Key: com.catan.model.RoundedPoint2D@22bc91, Value: [Vertex(1, 1, 4), Vertex(0, 1, 2)]
Key: com.catan.model.RoundedPoint2D@227e11, Value: [Vertex(0, -1, 1)]
Key: com.catan.model.RoundedPoint2D@11cd22, Value: [Vertex(-1, -2, 4)]
Key: com.catan.model.RoundedPoint2D@1916a1, Value: [Vertex(0, 2, 4), Vertex(-1, 2, 2), Vertex(-1, 1, 0)]
Key: com.catan.model.RoundedPoint2D@290c10, Value: [Vertex(1, -1, 1)]
Key: com.catan.model.RoundedPoint2D@294a90, Value: [Vertex(1, 1, 2)]
Key: com.catan.model.RoundedPoint2D@18d821, Value: [Vertex(0, 0, 5), Vertex(-1, 1, 3)]
Key: com.catan.model.RoundedPoint2D@185b21, Value: [Vertex(-1, -2, 2), Vertex(0, -2, 4)]
Key: com.catan.model.RoundedPoint2D@156251, Value: [Vertex(-2, -1, 1)]
Key: com.catan.model.RoundedPoint2D@15a0d1, Value: [Vertex(-2, 1, 2), Vertex(-1, 1, 4)]
Key: com.catan.model.RoundedPoint2D@bbc42, Value: [Vertex(-2, 0, 5)]
Key: com.catan.model.RoundedPoint2D@ed452, Value: [Vertex(-2, 0, 3), Vertex(-2, -1, 5)]
Key: com.catan.model.RoundedPoint2D@f12d2, Value: [Vertex(-2, 1, 4), Vertex(-2, 0, 0)]
Key: com.catan.model.RoundedPoint2D@1fc3c1, Value: [Vertex(1, 2, 5), Vertex(0, 2, 1)]
Key: com.catan.model.RoundedPoint2D@1f0841, Value: [Vertex(0, -1, 3), Vertex(0, -2, 1), Vertex(1, -2, 5)]
Key: com.catan.model.RoundedPoint2D@1f46c1, Value: [Vertex(0, -1, 0), Vertex(0, 0, 2)]
Key: com.catan.model.RoundedPoint2D@25d4c0, Value: [Vertex(1, -1, 0)]
Key: com.catan.model.RoundedPoint2D@259640, Value: [Vertex(1, -2, 1), Vertex(1, -1, 3)]
Key: com.catan.model.RoundedPoint2D@2651c0, Value: [Vertex(1, 2, 1)]
Key: com.catan.model.RoundedPoint2D@1b9271, Value: [Vertex(0, -2, 3)]
Key: com.catan.model.RoundedPoint2D@1bd0f1, Value: [Vertex(0, -1, 4), Vertex(0, -2, 0)]
Key: com.catan.model.RoundedPoint2D@1c8c71, Value: [Vertex(0, 2, 0)]
Key: com.catan.model.RoundedPoint2D@1c4df1, Value: [Vertex(0, 1, 5), Vertex(0, 2, 3), Vertex(-1, 1, 1)]
Key: com.catan.model.RoundedPoint2D@122ae2, Value: [Vertex(-2, 0, 2), Vertex(-2, -1, 0)]
Key: com.catan.model.RoundedPoint2D@12a7e2, Value: [Vertex(-1, 2, 5)]
Key: com.catan.model.RoundedPoint2D@231a51, Value: [Vertex(1, 2, 0)]
Key: com.catan.model.RoundedPoint2D@222051, Value: [Vertex(1, -2, 3)]
Key: com.catan.model.RoundedPoint2D@22dbd1, Value: [Vertex(1, 1, 5), Vertex(0, 1, 1), Vertex(1, 2, 3)]
Key: com.catan.model.RoundedPoint2D@225ed1, Value: [Vertex(0, -1, 2), Vertex(1, -2, 0), Vertex(1, -1, 4)]
Key: com.catan.model.RoundedPoint2D@11ec62, Value: [Vertex(-1, -2, 5), Vertex(-2, -1, 3)]
Key: com.catan.model.RoundedPoint2D@28ecd0, Value: [Vertex(1, -1, 2)]
Key: com.catan.model.RoundedPoint2D@1935e1, Value: [Vertex(0, 2, 5), Vertex(-1, 2, 1)]
Key: com.catan.model.RoundedPoint2D@2969d0, Value: [Vertex(1, 1, 1)]
Key: com.catan.model.RoundedPoint2D@18b8e1, Value: [Vertex(0, 0, 4)]
Key: com.catan.model.RoundedPoint2D@187a61, Value: [Vertex(-1, -2, 1), Vertex(0, -2, 5)]
Key: com.catan.model.RoundedPoint2D@15fe91, Value: [Vertex(-1, 2, 0)]
Key: com.catan.model.RoundedPoint2D@15c011, Value: [Vertex(-2, 1, 1), Vertex(-1, 2, 3), Vertex(-1, 1, 5)]
Key: com.catan.model.RoundedPoint2D@150491, Value: [Vertex(-1, -2, 3)]
Key: com.catan.model.RoundedPoint2D@154311, Value: [Vertex(-1, -2, 0), Vertex(-2, -1, 2)]
Key: com.catan.model.RoundedPoint2D@b9d02, Value: [Vertex(-2, 0, 4)]
Key: com.catan.model.RoundedPoint2D@eb512, Value: [Vertex(-2, -1, 4)]
Key: com.catan.model.RoundedPoint2D@f3212, Value: [Vertex(-2, 1, 5)]
Key: com.catan.model.RoundedPoint2D@1fa481, Value: [Vertex(0, 1, 0), Vertex(1, 2, 4), Vertex(0, 2, 2)]
Key: com.catan.model.RoundedPoint2D@1f6601, Value: [Vertex(0, 0, 1), Vertex(0, 1, 3)]
Key: com.catan.model.RoundedPoint2D@1ee901, Value: [Vertex(0, -2, 2), Vertex(1, -2, 4)]
Key: com.catan.model.RoundedPoint2D@257700, Value: [Vertex(1, -2, 2)]
Key: com.catan.model.RoundedPoint2D@25f400, Value: [Vertex(1, 1, 3)]
Key: com.catan.model.RoundedPoint2D@263280, Value: [Vertex(1, 1, 0), Vertex(1, 2, 2)]
Key: com.catan.model.RoundedPoint2D@1bf031, Value: [Vertex(0, -1, 5), Vertex(0, 0, 3)]
Key: com.catan.model.RoundedPoint2D@1c2eb1, Value: [Vertex(0, 0, 0), Vertex(0, 1, 4), Vertex(-1, 1, 2)]
Key: com.catan.model.RoundedPoint2D@124a22, Value: [Vertex(-2, 1, 3), Vertex(-2, 0, 1)]
Key: com.catan.model.RoundedPoint2D@1288a2, Value: [Vertex(-2, 1, 0), Vertex(-1, 2, 4)]
Key: com.catan.model.RoundedPoint2D@22bc91, Value: [Vertex(1, 1, 4), Vertex(0, 1, 2)]
Key: com.catan.model.RoundedPoint2D@227e11, Value: [Vertex(0, -1, 1), Vertex(1, -1, 5)]
Key: com.catan.model.RoundedPoint2D@11cd22, Value: [Vertex(-1, -2, 4)]
Key: com.catan.model.RoundedPoint2D@1916a1, Value: [Vertex(0, 2, 4), Vertex(-1, 2, 2), Vertex(-1, 1, 0)]
Key: com.catan.model.RoundedPoint2D@290c10, Value: [Vertex(1, -1, 1)]
Key: com.catan.model.RoundedPoint2D@294a90, Value: [Vertex(1, 1, 2)]
Key: com.catan.model.RoundedPoint2D@18d821, Value: [Vertex(0, 0, 5), Vertex(-1, 1, 3)]
Key: com.catan.model.RoundedPoint2D@185b21, Value: [Vertex(-1, -2, 2), Vertex(0, -2, 4)]
Key: com.catan.model.RoundedPoint2D@156251, Value: [Vertex(-2, -1, 1)]
Key: com.catan.model.RoundedPoint2D@15a0d1, Value: [Vertex(-2, 1, 2), Vertex(-1, 1, 4)]
Key: com.catan.model.RoundedPoint2D@bbc42, Value: [Vertex(-2, 0, 5)]
Key: com.catan.model.RoundedPoint2D@ed452, Value: [Vertex(-2, 0, 3), Vertex(-2, -1, 5)]
Key: com.catan.model.RoundedPoint2D@f12d2, Value: [Vertex(-2, 1, 4), Vertex(-2, 0, 0)]
Key: com.catan.model.RoundedPoint2D@1fc3c1, Value: [Vertex(1, 2, 5), Vertex(0, 2, 1)]
Key: com.catan.model.RoundedPoint2D@1f0841, Value: [Vertex(0, -1, 3), Vertex(0, -2, 1), Vertex(1, -2, 5)]
Key: com.catan.model.RoundedPoint2D@1f46c1, Value: [Vertex(0, -1, 0), Vertex(0, 0, 2)]
Key: com.catan.model.RoundedPoint2D@25d4c0, Value: [Vertex(1, -1, 0)]
Key: com.catan.model.RoundedPoint2D@259640, Value: [Vertex(1, -2, 1), Vertex(1, -1, 3)]
Key: com.catan.model.RoundedPoint2D@2651c0, Value: [Vertex(1, 2, 1)]
Key: com.catan.model.RoundedPoint2D@1b9271, Value: [Vertex(0, -2, 3)]
Key: com.catan.model.RoundedPoint2D@1bd0f1, Value: [Vertex(0, -1, 4), Vertex(0, -2, 0)]
Key: com.catan.model.RoundedPoint2D@1c8c71, Value: [Vertex(0, 2, 0)]
Key: com.catan.model.RoundedPoint2D@1c4df1, Value: [Vertex(0, 1, 5), Vertex(0, 2, 3), Vertex(-1, 1, 1)]
Key: com.catan.model.RoundedPoint2D@122ae2, Value: [Vertex(-2, 0, 2), Vertex(-2, -1, 0)]
Key: com.catan.model.RoundedPoint2D@12a7e2, Value: [Vertex(-1, 2, 5)]
Key: com.catan.model.RoundedPoint2D@231a51, Value: [Vertex(1, 2, 0)]
Key: com.catan.model.RoundedPoint2D@222051, Value: [Vertex(1, -2, 3)]
Key: com.catan.model.RoundedPoint2D@22dbd1, Value: [Vertex(1, 1, 5), Vertex(0, 1, 1), Vertex(1, 2, 3)]
Key: com.catan.model.RoundedPoint2D@225ed1, Value: [Vertex(0, -1, 2), Vertex(1, -2, 0), Vertex(1, -1, 4)]
Key: com.catan.model.RoundedPoint2D@11ec62, Value: [Vertex(-1, -2, 5), Vertex(-2, -1, 3)]
Key: com.catan.model.RoundedPoint2D@28ecd0, Value: [Vertex(1, -1, 2)]
Key: com.catan.model.RoundedPoint2D@1935e1, Value: [Vertex(0, 2, 5), Vertex(-1, 2, 1)]
Key: com.catan.model.RoundedPoint2D@2969d0, Value: [Vertex(1, 1, 1)]
Key: com.catan.model.RoundedPoint2D@18b8e1, Value: [Vertex(0, 0, 4)]
Key: com.catan.model.RoundedPoint2D@187a61, Value: [Vertex(-1, -2, 1), Vertex(0, -2, 5)]
Key: com.catan.model.RoundedPoint2D@15fe91, Value: [Vertex(-1, 2, 0)]
Key: com.catan.model.RoundedPoint2D@15c011, Value: [Vertex(-2, 1, 1), Vertex(-1, 2, 3), Vertex(-1, 1, 5)]
Key: com.catan.model.RoundedPoint2D@150491, Value: [Vertex(-1, -2, 3)]
Key: com.catan.model.RoundedPoint2D@154311, Value: [Vertex(-1, -2, 0), Vertex(-2, -1, 2)]
Key: com.catan.model.RoundedPoint2D@b9d02, Value: [Vertex(-2, 0, 4)]
Key: com.catan.model.RoundedPoint2D@eb512, Value: [Vertex(-2, -1, 4)]
Key: com.catan.model.RoundedPoint2D@f3212, Value: [Vertex(-2, 1, 5)]
Key: com.catan.model.RoundedPoint2D@1fa481, Value: [Vertex(0, 1, 0), Vertex(1, 2, 4), Vertex(0, 2, 2)]
Key: com.catan.model.RoundedPoint2D@1f6601, Value: [Vertex(0, 0, 1), Vertex(0, 1, 3)]
Key: com.catan.model.RoundedPoint2D@1ee901, Value: [Vertex(0, -2, 2), Vertex(1, -2, 4)]
Key: com.catan.model.RoundedPoint2D@257700, Value: [Vertex(1, -2, 2)]
Key: com.catan.model.RoundedPoint2D@25f400, Value: [Vertex(1, 1, 3)]
Key: com.catan.model.RoundedPoint2D@263280, Value: [Vertex(1, 1, 0), Vertex(1, 2, 2)]
Key: com.catan.model.RoundedPoint2D@1bf031, Value: [Vertex(0, -1, 5), Vertex(0, 0, 3)]
Key: com.catan.model.RoundedPoint2D@1c2eb1, Value: [Vertex(0, 0, 0), Vertex(0, 1, 4), Vertex(-1, 1, 2)]
Key: com.catan.model.RoundedPoint2D@124a22, Value: [Vertex(-2, 1, 3), Vertex(-2, 0, 1)]
Key: com.catan.model.RoundedPoint2D@1288a2, Value: [Vertex(-2, 1, 0), Vertex(-1, 2, 4)]
Key: com.catan.model.RoundedPoint2D@22bc91, Value: [Vertex(1, 1, 4), Vertex(0, 1, 2)]
Key: com.catan.model.RoundedPoint2D@227e11, Value: [Vertex(0, -1, 1), Vertex(1, -1, 5)]
Key: com.catan.model.RoundedPoint2D@11cd22, Value: [Vertex(-1, -2, 4)]
Key: com.catan.model.RoundedPoint2D@1916a1, Value: [Vertex(0, 2, 4), Vertex(-1, 2, 2), Vertex(-1, 1, 0)]
Key: com.catan.model.RoundedPoint2D@290c10, Value: [Vertex(1, -1, 1)]
Key: com.catan.model.RoundedPoint2D@294a90, Value: [Vertex(1, 1, 2)]
Key: com.catan.model.RoundedPoint2D@18d821, Value: [Vertex(0, 0, 5), Vertex(-1, 1, 3)]
Key: com.catan.model.RoundedPoint2D@185b21, Value: [Vertex(-1, -2, 2), Vertex(0, -2, 4)]
Key: com.catan.model.RoundedPoint2D@156251, Value: [Vertex(-2, -1, 1)]
Key: com.catan.model.RoundedPoint2D@15a0d1, Value: [Vertex(-2, 1, 2), Vertex(-1, 1, 4), Vertex(-1, 0, 0)]
Key: com.catan.model.RoundedPoint2D@bbc42, Value: [Vertex(-2, 0, 5)]
Key: com.catan.model.RoundedPoint2D@ed452, Value: [Vertex(-2, 0, 3), Vertex(-2, -1, 5)]
Key: com.catan.model.RoundedPoint2D@f12d2, Value: [Vertex(-2, 1, 4), Vertex(-2, 0, 0)]
Key: com.catan.model.RoundedPoint2D@1fc3c1, Value: [Vertex(1, 2, 5), Vertex(0, 2, 1)]
Key: com.catan.model.RoundedPoint2D@1f0841, Value: [Vertex(0, -1, 3), Vertex(0, -2, 1), Vertex(1, -2, 5)]
Key: com.catan.model.RoundedPoint2D@1f46c1, Value: [Vertex(0, -1, 0), Vertex(0, 0, 2)]
Key: com.catan.model.RoundedPoint2D@25d4c0, Value: [Vertex(1, -1, 0)]
Key: com.catan.model.RoundedPoint2D@259640, Value: [Vertex(1, -2, 1), Vertex(1, -1, 3)]
Key: com.catan.model.RoundedPoint2D@2651c0, Value: [Vertex(1, 2, 1)]
Key: com.catan.model.RoundedPoint2D@1b9271, Value: [Vertex(0, -2, 3)]
Key: com.catan.model.RoundedPoint2D@1bd0f1, Value: [Vertex(0, -1, 4), Vertex(0, -2, 0)]
Key: com.catan.model.RoundedPoint2D@1c8c71, Value: [Vertex(0, 2, 0)]
Key: com.catan.model.RoundedPoint2D@1c4df1, Value: [Vertex(0, 1, 5), Vertex(0, 2, 3), Vertex(-1, 1, 1)]
Key: com.catan.model.RoundedPoint2D@122ae2, Value: [Vertex(-2, 0, 2), Vertex(-2, -1, 0)]
Key: com.catan.model.RoundedPoint2D@12a7e2, Value: [Vertex(-1, 2, 5)]
Key: com.catan.model.RoundedPoint2D@231a51, Value: [Vertex(1, 2, 0)]
Key: com.catan.model.RoundedPoint2D@222051, Value: [Vertex(1, -2, 3)]
Key: com.catan.model.RoundedPoint2D@22dbd1, Value: [Vertex(1, 1, 5), Vertex(0, 1, 1), Vertex(1, 2, 3)]
Key: com.catan.model.RoundedPoint2D@225ed1, Value: [Vertex(0, -1, 2), Vertex(1, -2, 0), Vertex(1, -1, 4)]
Key: com.catan.model.RoundedPoint2D@11ec62, Value: [Vertex(-1, -2, 5), Vertex(-2, -1, 3)]
Key: com.catan.model.RoundedPoint2D@28ecd0, Value: [Vertex(1, -1, 2)]
Key: com.catan.model.RoundedPoint2D@1935e1, Value: [Vertex(0, 2, 5), Vertex(-1, 2, 1)]
Key: com.catan.model.RoundedPoint2D@2969d0, Value: [Vertex(1, 1, 1)]
Key: com.catan.model.RoundedPoint2D@18b8e1, Value: [Vertex(0, 0, 4)]
Key: com.catan.model.RoundedPoint2D@187a61, Value: [Vertex(-1, -2, 1), Vertex(0, -2, 5)]
Key: com.catan.model.RoundedPoint2D@15fe91, Value: [Vertex(-1, 2, 0)]
Key: com.catan.model.RoundedPoint2D@15c011, Value: [Vertex(-2, 1, 1), Vertex(-1, 2, 3), Vertex(-1, 1, 5)]
Key: com.catan.model.RoundedPoint2D@150491, Value: [Vertex(-1, -2, 3)]
Key: com.catan.model.RoundedPoint2D@154311, Value: [Vertex(-1, -2, 0), Vertex(-2, -1, 2)]
Key: com.catan.model.RoundedPoint2D@b9d02, Value: [Vertex(-2, 0, 4)]
Key: com.catan.model.RoundedPoint2D@eb512, Value: [Vertex(-2, -1, 4)]
Key: com.catan.model.RoundedPoint2D@f3212, Value: [Vertex(-2, 1, 5)]
Key: com.catan.model.RoundedPoint2D@1fa481, Value: [Vertex(0, 1, 0), Vertex(1, 2, 4), Vertex(0, 2, 2)]
Key: com.catan.model.RoundedPoint2D@1f6601, Value: [Vertex(0, 0, 1), Vertex(0, 1, 3)]
Key: com.catan.model.RoundedPoint2D@1ee901, Value: [Vertex(0, -2, 2), Vertex(1, -2, 4)]
Key: com.catan.model.RoundedPoint2D@257700, Value: [Vertex(1, -2, 2)]
Key: com.catan.model.RoundedPoint2D@25f400, Value: [Vertex(1, 1, 3)]
Key: com.catan.model.RoundedPoint2D@263280, Value: [Vertex(1, 1, 0), Vertex(1, 2, 2)]
Key: com.catan.model.RoundedPoint2D@1bf031, Value: [Vertex(0, -1, 5), Vertex(0, 0, 3)]
Key: com.catan.model.RoundedPoint2D@1c2eb1, Value: [Vertex(0, 0, 0), Vertex(0, 1, 4), Vertex(-1, 1, 2)]
Key: com.catan.model.RoundedPoint2D@124a22, Value: [Vertex(-2, 1, 3), Vertex(-2, 0, 1)]
Key: com.catan.model.RoundedPoint2D@1288a2, Value: [Vertex(-2, 1, 0), Vertex(-1, 2, 4)]
Key: com.catan.model.RoundedPoint2D@22bc91, Value: [Vertex(1, 1, 4), Vertex(0, 1, 2)]
Key: com.catan.model.RoundedPoint2D@227e11, Value: [Vertex(0, -1, 1), Vertex(1, -1, 5)]
Key: com.catan.model.RoundedPoint2D@11cd22, Value: [Vertex(-1, -2, 4)]
Key: com.catan.model.RoundedPoint2D@1916a1, Value: [Vertex(0, 2, 4), Vertex(-1, 2, 2), Vertex(-1, 1, 0)]
Key: com.catan.model.RoundedPoint2D@290c10, Value: [Vertex(1, -1, 1)]
Key: com.catan.model.RoundedPoint2D@294a90, Value: [Vertex(1, 1, 2)]
Key: com.catan.model.RoundedPoint2D@18d821, Value: [Vertex(0, 0, 5), Vertex(-1, 1, 3), Vertex(-1, 0, 1)]
Key: com.catan.model.RoundedPoint2D@185b21, Value: [Vertex(-1, -2, 2), Vertex(0, -2, 4)]
Key: com.catan.model.RoundedPoint2D@156251, Value: [Vertex(-2, -1, 1)]
Key: com.catan.model.RoundedPoint2D@15a0d1, Value: [Vertex(-2, 1, 2), Vertex(-1, 1, 4), Vertex(-1, 0, 0)]
Key: com.catan.model.RoundedPoint2D@bbc42, Value: [Vertex(-2, 0, 5)]
Key: com.catan.model.RoundedPoint2D@ed452, Value: [Vertex(-2, 0, 3), Vertex(-2, -1, 5)]
Key: com.catan.model.RoundedPoint2D@f12d2, Value: [Vertex(-2, 1, 4), Vertex(-2, 0, 0)]
Key: com.catan.model.RoundedPoint2D@1fc3c1, Value: [Vertex(1, 2, 5), Vertex(0, 2, 1)]
Key: com.catan.model.RoundedPoint2D@1f0841, Value: [Vertex(0, -1, 3), Vertex(0, -2, 1), Vertex(1, -2, 5)]
Key: com.catan.model.RoundedPoint2D@1f46c1, Value: [Vertex(0, -1, 0), Vertex(0, 0, 2)]
Key: com.catan.model.RoundedPoint2D@25d4c0, Value: [Vertex(1, -1, 0)]
Key: com.catan.model.RoundedPoint2D@259640, Value: [Vertex(1, -2, 1), Vertex(1, -1, 3)]
Key: com.catan.model.RoundedPoint2D@2651c0, Value: [Vertex(1, 2, 1)]
Key: com.catan.model.RoundedPoint2D@1b9271, Value: [Vertex(0, -2, 3)]
Key: com.catan.model.RoundedPoint2D@1bd0f1, Value: [Vertex(0, -1, 4), Vertex(0, -2, 0)]
Key: com.catan.model.RoundedPoint2D@1c8c71, Value: [Vertex(0, 2, 0)]
Key: com.catan.model.RoundedPoint2D@1c4df1, Value: [Vertex(0, 1, 5), Vertex(0, 2, 3), Vertex(-1, 1, 1)]
Key: com.catan.model.RoundedPoint2D@122ae2, Value: [Vertex(-2, 0, 2), Vertex(-2, -1, 0)]
Key: com.catan.model.RoundedPoint2D@12a7e2, Value: [Vertex(-1, 2, 5)]
Key: com.catan.model.RoundedPoint2D@231a51, Value: [Vertex(1, 2, 0)]
Key: com.catan.model.RoundedPoint2D@222051, Value: [Vertex(1, -2, 3)]
Key: com.catan.model.RoundedPoint2D@22dbd1, Value: [Vertex(1, 1, 5), Vertex(0, 1, 1), Vertex(1, 2, 3)]
Key: com.catan.model.RoundedPoint2D@225ed1, Value: [Vertex(0, -1, 2), Vertex(1, -2, 0), Vertex(1, -1, 4)]
Key: com.catan.model.RoundedPoint2D@11ec62, Value: [Vertex(-1, -2, 5), Vertex(-2, -1, 3)]
Key: com.catan.model.RoundedPoint2D@28ecd0, Value: [Vertex(1, -1, 2)]
Key: com.catan.model.RoundedPoint2D@1935e1, Value: [Vertex(0, 2, 5), Vertex(-1, 2, 1)]
Key: com.catan.model.RoundedPoint2D@2969d0, Value: [Vertex(1, 1, 1)]
Key: com.catan.model.RoundedPoint2D@18b8e1, Value: [Vertex(0, 0, 4)]
Key: com.catan.model.RoundedPoint2D@187a61, Value: [Vertex(-1, -2, 1), Vertex(0, -2, 5)]
Key: com.catan.model.RoundedPoint2D@15fe91, Value: [Vertex(-1, 2, 0)]
Key: com.catan.model.RoundedPoint2D@15c011, Value: [Vertex(-2, 1, 1), Vertex(-1, 2, 3), Vertex(-1, 1, 5)]
Key: com.catan.model.RoundedPoint2D@150491, Value: [Vertex(-1, -2, 3)]
Key: com.catan.model.RoundedPoint2D@154311, Value: [Vertex(-1, -2, 0), Vertex(-2, -1, 2)]
Key: com.catan.model.RoundedPoint2D@b9d02, Value: [Vertex(-2, 0, 4)]
Key: com.catan.model.RoundedPoint2D@eb512, Value: [Vertex(-2, -1, 4)]
Key: com.catan.model.RoundedPoint2D@f3212, Value: [Vertex(-2, 1, 5)]
Key: com.catan.model.RoundedPoint2D@1fa481, Value: [Vertex(0, 1, 0), Vertex(1, 2, 4), Vertex(0, 2, 2)]
Key: com.catan.model.RoundedPoint2D@1f6601, Value: [Vertex(0, 0, 1), Vertex(0, 1, 3)]
Key: com.catan.model.RoundedPoint2D@1ee901, Value: [Vertex(0, -2, 2), Vertex(1, -2, 4)]
Key: com.catan.model.RoundedPoint2D@257700, Value: [Vertex(1, -2, 2)]
Key: com.catan.model.RoundedPoint2D@25f400, Value: [Vertex(1, 1, 3)]
Key: com.catan.model.RoundedPoint2D@263280, Value: [Vertex(1, 1, 0), Vertex(1, 2, 2)]
Key: com.catan.model.RoundedPoint2D@1bf031, Value: [Vertex(0, -1, 5), Vertex(0, 0, 3)]
Key: com.catan.model.RoundedPoint2D@1c2eb1, Value: [Vertex(0, 0, 0), Vertex(0, 1, 4), Vertex(-1, 1, 2)]
Key: com.catan.model.RoundedPoint2D@124a22, Value: [Vertex(-2, 1, 3), Vertex(-2, 0, 1)]
Key: com.catan.model.RoundedPoint2D@1288a2, Value: [Vertex(-2, 1, 0), Vertex(-1, 2, 4)]
Key: com.catan.model.RoundedPoint2D@22bc91, Value: [Vertex(1, 1, 4), Vertex(0, 1, 2)]
Key: com.catan.model.RoundedPoint2D@227e11, Value: [Vertex(0, -1, 1), Vertex(1, -1, 5)]
Key: com.catan.model.RoundedPoint2D@11cd22, Value: [Vertex(-1, -2, 4)]
Key: com.catan.model.RoundedPoint2D@1916a1, Value: [Vertex(0, 2, 4), Vertex(-1, 2, 2), Vertex(-1, 1, 0)]
Key: com.catan.model.RoundedPoint2D@290c10, Value: [Vertex(1, -1, 1)]
Key: com.catan.model.RoundedPoint2D@294a90, Value: [Vertex(1, 1, 2)]
Key: com.catan.model.RoundedPoint2D@18d821, Value: [Vertex(0, 0, 5), Vertex(-1, 1, 3), Vertex(-1, 0, 1)]
Key: com.catan.model.RoundedPoint2D@185b21, Value: [Vertex(-1, -2, 2), Vertex(0, -2, 4)]
Key: com.catan.model.RoundedPoint2D@156251, Value: [Vertex(-2, -1, 1)]
Key: com.catan.model.RoundedPoint2D@15a0d1, Value: [Vertex(-2, 1, 2), Vertex(-1, 1, 4), Vertex(-1, 0, 0)]
Key: com.catan.model.RoundedPoint2D@bbc42, Value: [Vertex(-2, 0, 5)]
Key: com.catan.model.RoundedPoint2D@ed452, Value: [Vertex(-2, 0, 3), Vertex(-2, -1, 5)]
Key: com.catan.model.RoundedPoint2D@f12d2, Value: [Vertex(-2, 1, 4), Vertex(-2, 0, 0)]
Key: com.catan.model.RoundedPoint2D@1fc3c1, Value: [Vertex(1, 2, 5), Vertex(0, 2, 1)]
Key: com.catan.model.RoundedPoint2D@1f0841, Value: [Vertex(0, -1, 3), Vertex(0, -2, 1), Vertex(1, -2, 5)]
Key: com.catan.model.RoundedPoint2D@1f46c1, Value: [Vertex(0, -1, 0), Vertex(0, 0, 2)]
Key: com.catan.model.RoundedPoint2D@25d4c0, Value: [Vertex(1, -1, 0)]
Key: com.catan.model.RoundedPoint2D@259640, Value: [Vertex(1, -2, 1), Vertex(1, -1, 3)]
Key: com.catan.model.RoundedPoint2D@2651c0, Value: [Vertex(1, 2, 1)]
Key: com.catan.model.RoundedPoint2D@1b9271, Value: [Vertex(0, -2, 3)]
Key: com.catan.model.RoundedPoint2D@1bd0f1, Value: [Vertex(0, -1, 4), Vertex(0, -2, 0)]
Key: com.catan.model.RoundedPoint2D@1c8c71, Value: [Vertex(0, 2, 0)]
Key: com.catan.model.RoundedPoint2D@1c4df1, Value: [Vertex(0, 1, 5), Vertex(0, 2, 3), Vertex(-1, 1, 1)]
Key: com.catan.model.RoundedPoint2D@122ae2, Value: [Vertex(-2, 0, 2), Vertex(-2, -1, 0)]
Key: com.catan.model.RoundedPoint2D@12a7e2, Value: [Vertex(-1, 2, 5)]
Key: com.catan.model.RoundedPoint2D@231a51, Value: [Vertex(1, 2, 0)]
Key: com.catan.model.RoundedPoint2D@222051, Value: [Vertex(1, -2, 3)]
Key: com.catan.model.RoundedPoint2D@22dbd1, Value: [Vertex(1, 1, 5), Vertex(0, 1, 1), Vertex(1, 2, 3)]
Key: com.catan.model.RoundedPoint2D@225ed1, Value: [Vertex(0, -1, 2), Vertex(1, -2, 0), Vertex(1, -1, 4)]
Key: com.catan.model.RoundedPoint2D@11ec62, Value: [Vertex(-1, -2, 5), Vertex(-2, -1, 3)]
Key: com.catan.model.RoundedPoint2D@28ecd0, Value: [Vertex(1, -1, 2)]
Key: com.catan.model.RoundedPoint2D@1935e1, Value: [Vertex(0, 2, 5), Vertex(-1, 2, 1)]
Key: com.catan.model.RoundedPoint2D@2969d0, Value: [Vertex(1, 1, 1)]
Key: com.catan.model.RoundedPoint2D@18b8e1, Value: [Vertex(0, 0, 4), Vertex(-1, 0, 2)]
Key: com.catan.model.RoundedPoint2D@187a61, Value: [Vertex(-1, -2, 1), Vertex(0, -2, 5)]
Key: com.catan.model.RoundedPoint2D@15fe91, Value: [Vertex(-1, 2, 0)]
Key: com.catan.model.RoundedPoint2D@15c011, Value: [Vertex(-2, 1, 1), Vertex(-1, 2, 3), Vertex(-1, 1, 5)]
Key: com.catan.model.RoundedPoint2D@150491, Value: [Vertex(-1, -2, 3)]
Key: com.catan.model.RoundedPoint2D@154311, Value: [Vertex(-1, -2, 0), Vertex(-2, -1, 2)]
Key: com.catan.model.RoundedPoint2D@b9d02, Value: [Vertex(-2, 0, 4)]
Key: com.catan.model.RoundedPoint2D@eb512, Value: [Vertex(-2, -1, 4)]
Key: com.catan.model.RoundedPoint2D@f3212, Value: [Vertex(-2, 1, 5)]
Key: com.catan.model.RoundedPoint2D@1fa481, Value: [Vertex(0, 1, 0), Vertex(1, 2, 4), Vertex(0, 2, 2)]
Key: com.catan.model.RoundedPoint2D@1f6601, Value: [Vertex(0, 0, 1), Vertex(0, 1, 3)]
Key: com.catan.model.RoundedPoint2D@1ee901, Value: [Vertex(0, -2, 2), Vertex(1, -2, 4)]
Key: com.catan.model.RoundedPoint2D@257700, Value: [Vertex(1, -2, 2)]
Key: com.catan.model.RoundedPoint2D@25f400, Value: [Vertex(1, 1, 3)]
Key: com.catan.model.RoundedPoint2D@263280, Value: [Vertex(1, 1, 0), Vertex(1, 2, 2)]
Key: com.catan.model.RoundedPoint2D@1bf031, Value: [Vertex(0, -1, 5), Vertex(0, 0, 3)]
Key: com.catan.model.RoundedPoint2D@1c2eb1, Value: [Vertex(0, 0, 0), Vertex(0, 1, 4), Vertex(-1, 1, 2)]
Key: com.catan.model.RoundedPoint2D@124a22, Value: [Vertex(-2, 1, 3), Vertex(-2, 0, 1)]
Key: com.catan.model.RoundedPoint2D@1288a2, Value: [Vertex(-2, 1, 0), Vertex(-1, 2, 4)]
Key: com.catan.model.RoundedPoint2D@22bc91, Value: [Vertex(1, 1, 4), Vertex(0, 1, 2)]
Key: com.catan.model.RoundedPoint2D@227e11, Value: [Vertex(0, -1, 1), Vertex(1, -1, 5)]
Key: com.catan.model.RoundedPoint2D@11cd22, Value: [Vertex(-1, -2, 4)]
Key: com.catan.model.RoundedPoint2D@1916a1, Value: [Vertex(0, 2, 4), Vertex(-1, 2, 2), Vertex(-1, 1, 0)]
Key: com.catan.model.RoundedPoint2D@290c10, Value: [Vertex(1, -1, 1)]
Key: com.catan.model.RoundedPoint2D@294a90, Value: [Vertex(1, 1, 2)]
Key: com.catan.model.RoundedPoint2D@18d821, Value: [Vertex(0, 0, 5), Vertex(-1, 1, 3), Vertex(-1, 0, 1)]
Key: com.catan.model.RoundedPoint2D@185b21, Value: [Vertex(-1, -2, 2), Vertex(0, -2, 4)]
Key: com.catan.model.RoundedPoint2D@156251, Value: [Vertex(-2, -1, 1), Vertex(-1, 0, 3)]
Key: com.catan.model.RoundedPoint2D@15a0d1, Value: [Vertex(-2, 1, 2), Vertex(-1, 1, 4), Vertex(-1, 0, 0)]
Key: com.catan.model.RoundedPoint2D@bbc42, Value: [Vertex(-2, 0, 5)]
Key: com.catan.model.RoundedPoint2D@ed452, Value: [Vertex(-2, 0, 3), Vertex(-2, -1, 5)]
Key: com.catan.model.RoundedPoint2D@f12d2, Value: [Vertex(-2, 1, 4), Vertex(-2, 0, 0)]
Key: com.catan.model.RoundedPoint2D@1fc3c1, Value: [Vertex(1, 2, 5), Vertex(0, 2, 1)]
Key: com.catan.model.RoundedPoint2D@1f0841, Value: [Vertex(0, -1, 3), Vertex(0, -2, 1), Vertex(1, -2, 5)]
Key: com.catan.model.RoundedPoint2D@1f46c1, Value: [Vertex(0, -1, 0), Vertex(0, 0, 2)]
Key: com.catan.model.RoundedPoint2D@25d4c0, Value: [Vertex(1, -1, 0)]
Key: com.catan.model.RoundedPoint2D@259640, Value: [Vertex(1, -2, 1), Vertex(1, -1, 3)]
Key: com.catan.model.RoundedPoint2D@2651c0, Value: [Vertex(1, 2, 1)]
Key: com.catan.model.RoundedPoint2D@1b9271, Value: [Vertex(0, -2, 3)]
Key: com.catan.model.RoundedPoint2D@1bd0f1, Value: [Vertex(0, -1, 4), Vertex(0, -2, 0)]
Key: com.catan.model.RoundedPoint2D@1c8c71, Value: [Vertex(0, 2, 0)]
Key: com.catan.model.RoundedPoint2D@1c4df1, Value: [Vertex(0, 1, 5), Vertex(0, 2, 3), Vertex(-1, 1, 1)]
Key: com.catan.model.RoundedPoint2D@122ae2, Value: [Vertex(-2, 0, 2), Vertex(-2, -1, 0)]
Key: com.catan.model.RoundedPoint2D@12a7e2, Value: [Vertex(-1, 2, 5)]
Key: com.catan.model.RoundedPoint2D@231a51, Value: [Vertex(1, 2, 0)]
Key: com.catan.model.RoundedPoint2D@222051, Value: [Vertex(1, -2, 3)]
Key: com.catan.model.RoundedPoint2D@22dbd1, Value: [Vertex(1, 1, 5), Vertex(0, 1, 1), Vertex(1, 2, 3)]
Key: com.catan.model.RoundedPoint2D@225ed1, Value: [Vertex(0, -1, 2), Vertex(1, -2, 0), Vertex(1, -1, 4)]
Key: com.catan.model.RoundedPoint2D@11ec62, Value: [Vertex(-1, -2, 5), Vertex(-2, -1, 3)]
Key: com.catan.model.RoundedPoint2D@28ecd0, Value: [Vertex(1, -1, 2)]
Key: com.catan.model.RoundedPoint2D@1935e1, Value: [Vertex(0, 2, 5), Vertex(-1, 2, 1)]
Key: com.catan.model.RoundedPoint2D@2969d0, Value: [Vertex(1, 1, 1)]
Key: com.catan.model.RoundedPoint2D@18b8e1, Value: [Vertex(0, 0, 4), Vertex(-1, 0, 2)]
Key: com.catan.model.RoundedPoint2D@187a61, Value: [Vertex(-1, -2, 1), Vertex(0, -2, 5)]
Key: com.catan.model.RoundedPoint2D@15fe91, Value: [Vertex(-1, 2, 0)]
Key: com.catan.model.RoundedPoint2D@15c011, Value: [Vertex(-2, 1, 1), Vertex(-1, 2, 3), Vertex(-1, 1, 5)]
Key: com.catan.model.RoundedPoint2D@150491, Value: [Vertex(-1, -2, 3)]
Key: com.catan.model.RoundedPoint2D@154311, Value: [Vertex(-1, -2, 0), Vertex(-2, -1, 2)]
Key: com.catan.model.RoundedPoint2D@b9d02, Value: [Vertex(-2, 0, 4)]
Key: com.catan.model.RoundedPoint2D@eb512, Value: [Vertex(-2, -1, 4)]
Key: com.catan.model.RoundedPoint2D@f3212, Value: [Vertex(-2, 1, 5)]
Key: com.catan.model.RoundedPoint2D@1fa481, Value: [Vertex(0, 1, 0), Vertex(1, 2, 4), Vertex(0, 2, 2)]
Key: com.catan.model.RoundedPoint2D@1f6601, Value: [Vertex(0, 0, 1), Vertex(0, 1, 3)]
Key: com.catan.model.RoundedPoint2D@1ee901, Value: [Vertex(0, -2, 2), Vertex(1, -2, 4)]
Key: com.catan.model.RoundedPoint2D@257700, Value: [Vertex(1, -2, 2)]
Key: com.catan.model.RoundedPoint2D@25f400, Value: [Vertex(1, 1, 3)]
Key: com.catan.model.RoundedPoint2D@263280, Value: [Vertex(1, 1, 0), Vertex(1, 2, 2)]
Key: com.catan.model.RoundedPoint2D@1bf031, Value: [Vertex(0, -1, 5), Vertex(0, 0, 3)]
Key: com.catan.model.RoundedPoint2D@1c2eb1, Value: [Vertex(0, 0, 0), Vertex(0, 1, 4), Vertex(-1, 1, 2)]
Key: com.catan.model.RoundedPoint2D@124a22, Value: [Vertex(-2, 1, 3), Vertex(-2, 0, 1)]
Key: com.catan.model.RoundedPoint2D@1288a2, Value: [Vertex(-2, 1, 0), Vertex(-1, 2, 4)]
Key: com.catan.model.RoundedPoint2D@22bc91, Value: [Vertex(1, 1, 4), Vertex(0, 1, 2)]
Key: com.catan.model.RoundedPoint2D@227e11, Value: [Vertex(0, -1, 1), Vertex(1, -1, 5)]
Key: com.catan.model.RoundedPoint2D@11cd22, Value: [Vertex(-1, -2, 4)]
Key: com.catan.model.RoundedPoint2D@1916a1, Value: [Vertex(0, 2, 4), Vertex(-1, 2, 2), Vertex(-1, 1, 0)]
Key: com.catan.model.RoundedPoint2D@290c10, Value: [Vertex(1, -1, 1)]
Key: com.catan.model.RoundedPoint2D@294a90, Value: [Vertex(1, 1, 2)]
Key: com.catan.model.RoundedPoint2D@18d821, Value: [Vertex(0, 0, 5), Vertex(-1, 1, 3), Vertex(-1, 0, 1)]
Key: com.catan.model.RoundedPoint2D@185b21, Value: [Vertex(-1, -2, 2), Vertex(0, -2, 4)]
Key: com.catan.model.RoundedPoint2D@156251, Value: [Vertex(-2, -1, 1), Vertex(-1, 0, 3)]
Key: com.catan.model.RoundedPoint2D@15a0d1, Value: [Vertex(-2, 1, 2), Vertex(-1, 1, 4), Vertex(-1, 0, 0)]
Key: com.catan.model.RoundedPoint2D@bbc42, Value: [Vertex(-2, 0, 5)]
Key: com.catan.model.RoundedPoint2D@ed452, Value: [Vertex(-2, 0, 3), Vertex(-2, -1, 5)]
Key: com.catan.model.RoundedPoint2D@f12d2, Value: [Vertex(-2, 1, 4), Vertex(-2, 0, 0)]
Key: com.catan.model.RoundedPoint2D@1fc3c1, Value: [Vertex(1, 2, 5), Vertex(0, 2, 1)]
Key: com.catan.model.RoundedPoint2D@1f0841, Value: [Vertex(0, -1, 3), Vertex(0, -2, 1), Vertex(1, -2, 5)]
Key: com.catan.model.RoundedPoint2D@1f46c1, Value: [Vertex(0, -1, 0), Vertex(0, 0, 2)]
Key: com.catan.model.RoundedPoint2D@25d4c0, Value: [Vertex(1, -1, 0)]
Key: com.catan.model.RoundedPoint2D@259640, Value: [Vertex(1, -2, 1), Vertex(1, -1, 3)]
Key: com.catan.model.RoundedPoint2D@2651c0, Value: [Vertex(1, 2, 1)]
Key: com.catan.model.RoundedPoint2D@1b9271, Value: [Vertex(0, -2, 3)]
Key: com.catan.model.RoundedPoint2D@1bd0f1, Value: [Vertex(0, -1, 4), Vertex(0, -2, 0)]
Key: com.catan.model.RoundedPoint2D@1c8c71, Value: [Vertex(0, 2, 0)]
Key: com.catan.model.RoundedPoint2D@1c4df1, Value: [Vertex(0, 1, 5), Vertex(0, 2, 3), Vertex(-1, 1, 1)]
Key: com.catan.model.RoundedPoint2D@122ae2, Value: [Vertex(-2, 0, 2), Vertex(-2, -1, 0), Vertex(-1, 0, 4)]
Key: com.catan.model.RoundedPoint2D@12a7e2, Value: [Vertex(-1, 2, 5)]
Key: com.catan.model.RoundedPoint2D@231a51, Value: [Vertex(1, 2, 0)]
Key: com.catan.model.RoundedPoint2D@222051, Value: [Vertex(1, -2, 3)]
Key: com.catan.model.RoundedPoint2D@22dbd1, Value: [Vertex(1, 1, 5), Vertex(0, 1, 1), Vertex(1, 2, 3)]
Key: com.catan.model.RoundedPoint2D@225ed1, Value: [Vertex(0, -1, 2), Vertex(1, -2, 0), Vertex(1, -1, 4)]
Key: com.catan.model.RoundedPoint2D@11ec62, Value: [Vertex(-1, -2, 5), Vertex(-2, -1, 3)]
Key: com.catan.model.RoundedPoint2D@28ecd0, Value: [Vertex(1, -1, 2)]
Key: com.catan.model.RoundedPoint2D@1935e1, Value: [Vertex(0, 2, 5), Vertex(-1, 2, 1)]
Key: com.catan.model.RoundedPoint2D@2969d0, Value: [Vertex(1, 1, 1)]
Key: com.catan.model.RoundedPoint2D@18b8e1, Value: [Vertex(0, 0, 4), Vertex(-1, 0, 2)]
Key: com.catan.model.RoundedPoint2D@187a61, Value: [Vertex(-1, -2, 1), Vertex(0, -2, 5)]
Key: com.catan.model.RoundedPoint2D@15fe91, Value: [Vertex(-1, 2, 0)]
Key: com.catan.model.RoundedPoint2D@15c011, Value: [Vertex(-2, 1, 1), Vertex(-1, 2, 3), Vertex(-1, 1, 5)]
Key: com.catan.model.RoundedPoint2D@150491, Value: [Vertex(-1, -2, 3)]
Key: com.catan.model.RoundedPoint2D@154311, Value: [Vertex(-1, -2, 0), Vertex(-2, -1, 2)]
Key: com.catan.model.RoundedPoint2D@b9d02, Value: [Vertex(-2, 0, 4)]
Key: com.catan.model.RoundedPoint2D@eb512, Value: [Vertex(-2, -1, 4)]
Key: com.catan.model.RoundedPoint2D@f3212, Value: [Vertex(-2, 1, 5)]
Key: com.catan.model.RoundedPoint2D@1fa481, Value: [Vertex(0, 1, 0), Vertex(1, 2, 4), Vertex(0, 2, 2)]
Key: com.catan.model.RoundedPoint2D@1f6601, Value: [Vertex(0, 0, 1), Vertex(0, 1, 3)]
Key: com.catan.model.RoundedPoint2D@1ee901, Value: [Vertex(0, -2, 2), Vertex(1, -2, 4)]
Key: com.catan.model.RoundedPoint2D@257700, Value: [Vertex(1, -2, 2)]
Key: com.catan.model.RoundedPoint2D@25f400, Value: [Vertex(1, 1, 3)]
Key: com.catan.model.RoundedPoint2D@263280, Value: [Vertex(1, 1, 0), Vertex(1, 2, 2)]
Key: com.catan.model.RoundedPoint2D@1bf031, Value: [Vertex(0, -1, 5), Vertex(0, 0, 3)]
Key: com.catan.model.RoundedPoint2D@1c2eb1, Value: [Vertex(0, 0, 0), Vertex(0, 1, 4), Vertex(-1, 1, 2)]
Key: com.catan.model.RoundedPoint2D@124a22, Value: [Vertex(-2, 1, 3), Vertex(-2, 0, 1), Vertex(-1, 0, 5)]
Key: com.catan.model.RoundedPoint2D@1288a2, Value: [Vertex(-2, 1, 0), Vertex(-1, 2, 4)]
Key: com.catan.model.RoundedPoint2D@22bc91, Value: [Vertex(1, 1, 4), Vertex(0, 1, 2)]
Key: com.catan.model.RoundedPoint2D@227e11, Value: [Vertex(0, -1, 1), Vertex(1, -1, 5)]
Key: com.catan.model.RoundedPoint2D@11cd22, Value: [Vertex(-1, -2, 4)]
Key: com.catan.model.RoundedPoint2D@1916a1, Value: [Vertex(0, 2, 4), Vertex(-1, 2, 2), Vertex(-1, 1, 0)]
Key: com.catan.model.RoundedPoint2D@290c10, Value: [Vertex(1, -1, 1)]
Key: com.catan.model.RoundedPoint2D@294a90, Value: [Vertex(1, 1, 2)]
Key: com.catan.model.RoundedPoint2D@18d821, Value: [Vertex(0, 0, 5), Vertex(-1, 1, 3), Vertex(-1, 0, 1)]
Key: com.catan.model.RoundedPoint2D@185b21, Value: [Vertex(-1, -2, 2), Vertex(0, -2, 4)]
Key: com.catan.model.RoundedPoint2D@156251, Value: [Vertex(-2, -1, 1), Vertex(-1, 0, 3)]
Key: com.catan.model.RoundedPoint2D@15a0d1, Value: [Vertex(-2, 1, 2), Vertex(-1, 1, 4), Vertex(-1, 0, 0)]
Key: com.catan.model.RoundedPoint2D@bbc42, Value: [Vertex(-2, 0, 5)]
Key: com.catan.model.RoundedPoint2D@ed452, Value: [Vertex(-2, 0, 3), Vertex(-2, -1, 5)]
Key: com.catan.model.RoundedPoint2D@f12d2, Value: [Vertex(-2, 1, 4), Vertex(-2, 0, 0)]
Key: com.catan.model.RoundedPoint2D@1fc3c1, Value: [Vertex(1, 2, 5), Vertex(0, 2, 1)]
Key: com.catan.model.RoundedPoint2D@1f0841, Value: [Vertex(0, -1, 3), Vertex(0, -2, 1), Vertex(1, -2, 5)]
Key: com.catan.model.RoundedPoint2D@1f46c1, Value: [Vertex(0, -1, 0), Vertex(0, 0, 2)]
Key: com.catan.model.RoundedPoint2D@25d4c0, Value: [Vertex(1, -1, 0)]
Key: com.catan.model.RoundedPoint2D@259640, Value: [Vertex(1, -2, 1), Vertex(1, -1, 3)]
Key: com.catan.model.RoundedPoint2D@2651c0, Value: [Vertex(1, 2, 1)]
Key: com.catan.model.RoundedPoint2D@1b9271, Value: [Vertex(0, -2, 3)]
Key: com.catan.model.RoundedPoint2D@1bd0f1, Value: [Vertex(0, -1, 4), Vertex(0, -2, 0)]
Key: com.catan.model.RoundedPoint2D@1c8c71, Value: [Vertex(0, 2, 0)]
Key: com.catan.model.RoundedPoint2D@1c4df1, Value: [Vertex(0, 1, 5), Vertex(0, 2, 3), Vertex(-1, 1, 1)]
Key: com.catan.model.RoundedPoint2D@122ae2, Value: [Vertex(-2, 0, 2), Vertex(-2, -1, 0), Vertex(-1, 0, 4)]
Key: com.catan.model.RoundedPoint2D@12a7e2, Value: [Vertex(-1, 2, 5)]
Key: com.catan.model.RoundedPoint2D@231a51, Value: [Vertex(1, 2, 0)]
Key: com.catan.model.RoundedPoint2D@222051, Value: [Vertex(1, -2, 3)]
Key: com.catan.model.RoundedPoint2D@22dbd1, Value: [Vertex(1, 1, 5), Vertex(0, 1, 1), Vertex(1, 2, 3)]
Key: com.catan.model.RoundedPoint2D@225ed1, Value: [Vertex(0, -1, 2), Vertex(1, -2, 0), Vertex(1, -1, 4)]
Key: com.catan.model.RoundedPoint2D@11ec62, Value: [Vertex(-1, -2, 5), Vertex(-2, -1, 3)]
Key: com.catan.model.RoundedPoint2D@28ecd0, Value: [Vertex(1, -1, 2)]
Key: com.catan.model.RoundedPoint2D@1935e1, Value: [Vertex(0, 2, 5), Vertex(-1, 2, 1)]
Key: com.catan.model.RoundedPoint2D@2969d0, Value: [Vertex(1, 1, 1)]
Key: com.catan.model.RoundedPoint2D@18b8e1, Value: [Vertex(0, 0, 4), Vertex(-1, 0, 2)]
Key: com.catan.model.RoundedPoint2D@187a61, Value: [Vertex(-1, -2, 1), Vertex(0, -2, 5)]
Key: com.catan.model.RoundedPoint2D@15fe91, Value: [Vertex(-1, 2, 0)]
Key: com.catan.model.RoundedPoint2D@15c011, Value: [Vertex(-2, 1, 1), Vertex(-1, 2, 3), Vertex(-1, 1, 5)]
Key: com.catan.model.RoundedPoint2D@150491, Value: [Vertex(-1, -2, 3)]
Key: com.catan.model.RoundedPoint2D@154311, Value: [Vertex(-1, -2, 0), Vertex(-2, -1, 2)]
Key: com.catan.model.RoundedPoint2D@b9d02, Value: [Vertex(-2, 0, 4)]
Key: com.catan.model.RoundedPoint2D@eb512, Value: [Vertex(-2, -1, 4)]
Key: com.catan.model.RoundedPoint2D@f3212, Value: [Vertex(-2, 1, 5)]
Key: com.catan.model.RoundedPoint2D@1fa481, Value: [Vertex(0, 1, 0), Vertex(1, 2, 4), Vertex(0, 2, 2)]
Key: com.catan.model.RoundedPoint2D@1f6601, Value: [Vertex(0, 0, 1), Vertex(0, 1, 3)]
Key: com.catan.model.RoundedPoint2D@1ee901, Value: [Vertex(0, -2, 2), Vertex(1, -2, 4)]
Key: com.catan.model.RoundedPoint2D@257700, Value: [Vertex(1, -2, 2)]
Key: com.catan.model.RoundedPoint2D@25f400, Value: [Vertex(1, 1, 3)]
Key: com.catan.model.RoundedPoint2D@263280, Value: [Vertex(1, 1, 0), Vertex(1, 2, 2)]
Key: com.catan.model.RoundedPoint2D@1bf031, Value: [Vertex(0, -1, 5), Vertex(0, 0, 3)]
Key: com.catan.model.RoundedPoint2D@1c2eb1, Value: [Vertex(0, 0, 0), Vertex(0, 1, 4), Vertex(-1, 1, 2)]
Key: com.catan.model.RoundedPoint2D@124a22, Value: [Vertex(-2, 1, 3), Vertex(-2, 0, 1), Vertex(-1, 0, 5)]
Key: com.catan.model.RoundedPoint2D@1288a2, Value: [Vertex(-2, 1, 0), Vertex(-1, 2, 4)]
Key: com.catan.model.RoundedPoint2D@22bc91, Value: [Vertex(1, 1, 4), Vertex(0, 1, 2)]
Key: com.catan.model.RoundedPoint2D@227e11, Value: [Vertex(0, -1, 1), Vertex(1, -1, 5)]
Key: com.catan.model.RoundedPoint2D@11cd22, Value: [Vertex(-1, -2, 4)]
Key: com.catan.model.RoundedPoint2D@1916a1, Value: [Vertex(0, 2, 4), Vertex(-1, 2, 2), Vertex(-1, 1, 0)]
Key: com.catan.model.RoundedPoint2D@290c10, Value: [Vertex(1, -1, 1)]
Key: com.catan.model.RoundedPoint2D@294a90, Value: [Vertex(1, 1, 2), Vertex(2, 0, 0)]
Key: com.catan.model.RoundedPoint2D@18d821, Value: [Vertex(0, 0, 5), Vertex(-1, 1, 3), Vertex(-1, 0, 1)]
Key: com.catan.model.RoundedPoint2D@185b21, Value: [Vertex(-1, -2, 2), Vertex(0, -2, 4)]
Key: com.catan.model.RoundedPoint2D@156251, Value: [Vertex(-2, -1, 1), Vertex(-1, 0, 3)]
Key: com.catan.model.RoundedPoint2D@15a0d1, Value: [Vertex(-2, 1, 2), Vertex(-1, 1, 4), Vertex(-1, 0, 0)]
Key: com.catan.model.RoundedPoint2D@bbc42, Value: [Vertex(-2, 0, 5)]
Key: com.catan.model.RoundedPoint2D@ed452, Value: [Vertex(-2, 0, 3), Vertex(-2, -1, 5)]
Key: com.catan.model.RoundedPoint2D@f12d2, Value: [Vertex(-2, 1, 4), Vertex(-2, 0, 0)]
Key: com.catan.model.RoundedPoint2D@1fc3c1, Value: [Vertex(1, 2, 5), Vertex(0, 2, 1)]
Key: com.catan.model.RoundedPoint2D@1f0841, Value: [Vertex(0, -1, 3), Vertex(0, -2, 1), Vertex(1, -2, 5)]
Key: com.catan.model.RoundedPoint2D@1f46c1, Value: [Vertex(0, -1, 0), Vertex(0, 0, 2)]
Key: com.catan.model.RoundedPoint2D@25d4c0, Value: [Vertex(1, -1, 0)]
Key: com.catan.model.RoundedPoint2D@259640, Value: [Vertex(1, -2, 1), Vertex(1, -1, 3)]
Key: com.catan.model.RoundedPoint2D@2651c0, Value: [Vertex(1, 2, 1)]
Key: com.catan.model.RoundedPoint2D@1b9271, Value: [Vertex(0, -2, 3)]
Key: com.catan.model.RoundedPoint2D@1bd0f1, Value: [Vertex(0, -1, 4), Vertex(0, -2, 0)]
Key: com.catan.model.RoundedPoint2D@1c8c71, Value: [Vertex(0, 2, 0)]
Key: com.catan.model.RoundedPoint2D@1c4df1, Value: [Vertex(0, 1, 5), Vertex(0, 2, 3), Vertex(-1, 1, 1)]
Key: com.catan.model.RoundedPoint2D@122ae2, Value: [Vertex(-2, 0, 2), Vertex(-2, -1, 0), Vertex(-1, 0, 4)]
Key: com.catan.model.RoundedPoint2D@12a7e2, Value: [Vertex(-1, 2, 5)]
Key: com.catan.model.RoundedPoint2D@231a51, Value: [Vertex(1, 2, 0)]
Key: com.catan.model.RoundedPoint2D@222051, Value: [Vertex(1, -2, 3)]
Key: com.catan.model.RoundedPoint2D@22dbd1, Value: [Vertex(1, 1, 5), Vertex(0, 1, 1), Vertex(1, 2, 3)]
Key: com.catan.model.RoundedPoint2D@225ed1, Value: [Vertex(0, -1, 2), Vertex(1, -2, 0), Vertex(1, -1, 4)]
Key: com.catan.model.RoundedPoint2D@11ec62, Value: [Vertex(-1, -2, 5), Vertex(-2, -1, 3)]
Key: com.catan.model.RoundedPoint2D@28ecd0, Value: [Vertex(1, -1, 2)]
Key: com.catan.model.RoundedPoint2D@1935e1, Value: [Vertex(0, 2, 5), Vertex(-1, 2, 1)]
Key: com.catan.model.RoundedPoint2D@2969d0, Value: [Vertex(1, 1, 1)]
Key: com.catan.model.RoundedPoint2D@18b8e1, Value: [Vertex(0, 0, 4), Vertex(-1, 0, 2)]
Key: com.catan.model.RoundedPoint2D@187a61, Value: [Vertex(-1, -2, 1), Vertex(0, -2, 5)]
Key: com.catan.model.RoundedPoint2D@15fe91, Value: [Vertex(-1, 2, 0)]
Key: com.catan.model.RoundedPoint2D@15c011, Value: [Vertex(-2, 1, 1), Vertex(-1, 2, 3), Vertex(-1, 1, 5)]
Key: com.catan.model.RoundedPoint2D@150491, Value: [Vertex(-1, -2, 3)]
Key: com.catan.model.RoundedPoint2D@154311, Value: [Vertex(-1, -2, 0), Vertex(-2, -1, 2)]
Key: com.catan.model.RoundedPoint2D@b9d02, Value: [Vertex(-2, 0, 4)]
Key: com.catan.model.RoundedPoint2D@eb512, Value: [Vertex(-2, -1, 4)]
Key: com.catan.model.RoundedPoint2D@f3212, Value: [Vertex(-2, 1, 5)]
Key: com.catan.model.RoundedPoint2D@1fa481, Value: [Vertex(0, 1, 0), Vertex(1, 2, 4), Vertex(0, 2, 2)]
Key: com.catan.model.RoundedPoint2D@1f6601, Value: [Vertex(0, 0, 1), Vertex(0, 1, 3)]
Key: com.catan.model.RoundedPoint2D@1ee901, Value: [Vertex(0, -2, 2), Vertex(1, -2, 4)]
Key: com.catan.model.RoundedPoint2D@257700, Value: [Vertex(1, -2, 2)]
Key: com.catan.model.RoundedPoint2D@25f400, Value: [Vertex(1, 1, 3)]
Key: com.catan.model.RoundedPoint2D@263280, Value: [Vertex(1, 1, 0), Vertex(1, 2, 2)]
Key: com.catan.model.RoundedPoint2D@1bf031, Value: [Vertex(0, -1, 5), Vertex(0, 0, 3)]
Key: com.catan.model.RoundedPoint2D@1c2eb1, Value: [Vertex(0, 0, 0), Vertex(0, 1, 4), Vertex(-1, 1, 2)]
Key: com.catan.model.RoundedPoint2D@124a22, Value: [Vertex(-2, 1, 3), Vertex(-2, 0, 1), Vertex(-1, 0, 5)]
Key: com.catan.model.RoundedPoint2D@1288a2, Value: [Vertex(-2, 1, 0), Vertex(-1, 2, 4)]
Key: com.catan.model.RoundedPoint2D@22bc91, Value: [Vertex(1, 1, 4), Vertex(0, 1, 2)]
Key: com.catan.model.RoundedPoint2D@227e11, Value: [Vertex(0, -1, 1), Vertex(1, -1, 5)]
Key: com.catan.model.RoundedPoint2D@11cd22, Value: [Vertex(-1, -2, 4)]
Key: com.catan.model.RoundedPoint2D@1916a1, Value: [Vertex(0, 2, 4), Vertex(-1, 2, 2), Vertex(-1, 1, 0)]
Key: com.catan.model.RoundedPoint2D@290c10, Value: [Vertex(1, -1, 1)]
Key: com.catan.model.RoundedPoint2D@294a90, Value: [Vertex(1, 1, 2), Vertex(2, 0, 0)]
Key: com.catan.model.RoundedPoint2D@18d821, Value: [Vertex(0, 0, 5), Vertex(-1, 1, 3), Vertex(-1, 0, 1)]
Key: com.catan.model.RoundedPoint2D@185b21, Value: [Vertex(-1, -2, 2), Vertex(0, -2, 4)]
Key: com.catan.model.RoundedPoint2D@156251, Value: [Vertex(-2, -1, 1), Vertex(-1, 0, 3)]
Key: com.catan.model.RoundedPoint2D@15a0d1, Value: [Vertex(-2, 1, 2), Vertex(-1, 1, 4), Vertex(-1, 0, 0)]
Key: com.catan.model.RoundedPoint2D@bbc42, Value: [Vertex(-2, 0, 5)]
Key: com.catan.model.RoundedPoint2D@2c81e0, Value: [Vertex(2, 0, 1)]
Key: com.catan.model.RoundedPoint2D@ed452, Value: [Vertex(-2, 0, 3), Vertex(-2, -1, 5)]
Key: com.catan.model.RoundedPoint2D@f12d2, Value: [Vertex(-2, 1, 4), Vertex(-2, 0, 0)]
Key: com.catan.model.RoundedPoint2D@1fc3c1, Value: [Vertex(1, 2, 5), Vertex(0, 2, 1)]
Key: com.catan.model.RoundedPoint2D@1f0841, Value: [Vertex(0, -1, 3), Vertex(0, -2, 1), Vertex(1, -2, 5)]
Key: com.catan.model.RoundedPoint2D@1f46c1, Value: [Vertex(0, -1, 0), Vertex(0, 0, 2)]
Key: com.catan.model.RoundedPoint2D@25d4c0, Value: [Vertex(1, -1, 0)]
Key: com.catan.model.RoundedPoint2D@259640, Value: [Vertex(1, -2, 1), Vertex(1, -1, 3)]
Key: com.catan.model.RoundedPoint2D@2651c0, Value: [Vertex(1, 2, 1)]
Key: com.catan.model.RoundedPoint2D@1b9271, Value: [Vertex(0, -2, 3)]
Key: com.catan.model.RoundedPoint2D@1bd0f1, Value: [Vertex(0, -1, 4), Vertex(0, -2, 0)]
Key: com.catan.model.RoundedPoint2D@1c8c71, Value: [Vertex(0, 2, 0)]
Key: com.catan.model.RoundedPoint2D@1c4df1, Value: [Vertex(0, 1, 5), Vertex(0, 2, 3), Vertex(-1, 1, 1)]
Key: com.catan.model.RoundedPoint2D@122ae2, Value: [Vertex(-2, 0, 2), Vertex(-2, -1, 0), Vertex(-1, 0, 4)]
Key: com.catan.model.RoundedPoint2D@12a7e2, Value: [Vertex(-1, 2, 5)]
Key: com.catan.model.RoundedPoint2D@231a51, Value: [Vertex(1, 2, 0)]
Key: com.catan.model.RoundedPoint2D@222051, Value: [Vertex(1, -2, 3)]
Key: com.catan.model.RoundedPoint2D@22dbd1, Value: [Vertex(1, 1, 5), Vertex(0, 1, 1), Vertex(1, 2, 3)]
Key: com.catan.model.RoundedPoint2D@225ed1, Value: [Vertex(0, -1, 2), Vertex(1, -2, 0), Vertex(1, -1, 4)]
Key: com.catan.model.RoundedPoint2D@11ec62, Value: [Vertex(-1, -2, 5), Vertex(-2, -1, 3)]
Key: com.catan.model.RoundedPoint2D@28ecd0, Value: [Vertex(1, -1, 2)]
Key: com.catan.model.RoundedPoint2D@1935e1, Value: [Vertex(0, 2, 5), Vertex(-1, 2, 1)]
Key: com.catan.model.RoundedPoint2D@2969d0, Value: [Vertex(1, 1, 1)]
Key: com.catan.model.RoundedPoint2D@18b8e1, Value: [Vertex(0, 0, 4), Vertex(-1, 0, 2)]
Key: com.catan.model.RoundedPoint2D@187a61, Value: [Vertex(-1, -2, 1), Vertex(0, -2, 5)]
Key: com.catan.model.RoundedPoint2D@15fe91, Value: [Vertex(-1, 2, 0)]
Key: com.catan.model.RoundedPoint2D@15c011, Value: [Vertex(-2, 1, 1), Vertex(-1, 2, 3), Vertex(-1, 1, 5)]
Key: com.catan.model.RoundedPoint2D@150491, Value: [Vertex(-1, -2, 3)]
Key: com.catan.model.RoundedPoint2D@154311, Value: [Vertex(-1, -2, 0), Vertex(-2, -1, 2)]
Key: com.catan.model.RoundedPoint2D@b9d02, Value: [Vertex(-2, 0, 4)]
Key: com.catan.model.RoundedPoint2D@2c62a0, Value: [Vertex(2, 0, 2)]
Key: com.catan.model.RoundedPoint2D@eb512, Value: [Vertex(-2, -1, 4)]
Key: com.catan.model.RoundedPoint2D@f3212, Value: [Vertex(-2, 1, 5)]
Key: com.catan.model.RoundedPoint2D@1fa481, Value: [Vertex(0, 1, 0), Vertex(1, 2, 4), Vertex(0, 2, 2)]
Key: com.catan.model.RoundedPoint2D@1f6601, Value: [Vertex(0, 0, 1), Vertex(0, 1, 3)]
Key: com.catan.model.RoundedPoint2D@1ee901, Value: [Vertex(0, -2, 2), Vertex(1, -2, 4)]
Key: com.catan.model.RoundedPoint2D@257700, Value: [Vertex(1, -2, 2)]
Key: com.catan.model.RoundedPoint2D@25f400, Value: [Vertex(1, 1, 3)]
Key: com.catan.model.RoundedPoint2D@263280, Value: [Vertex(1, 1, 0), Vertex(1, 2, 2)]
Key: com.catan.model.RoundedPoint2D@1bf031, Value: [Vertex(0, -1, 5), Vertex(0, 0, 3)]
Key: com.catan.model.RoundedPoint2D@1c2eb1, Value: [Vertex(0, 0, 0), Vertex(0, 1, 4), Vertex(-1, 1, 2)]
Key: com.catan.model.RoundedPoint2D@124a22, Value: [Vertex(-2, 1, 3), Vertex(-2, 0, 1), Vertex(-1, 0, 5)]
Key: com.catan.model.RoundedPoint2D@1288a2, Value: [Vertex(-2, 1, 0), Vertex(-1, 2, 4)]
Key: com.catan.model.RoundedPoint2D@22bc91, Value: [Vertex(1, 1, 4), Vertex(0, 1, 2)]
Key: com.catan.model.RoundedPoint2D@227e11, Value: [Vertex(0, -1, 1), Vertex(1, -1, 5)]
Key: com.catan.model.RoundedPoint2D@11cd22, Value: [Vertex(-1, -2, 4)]
Key: com.catan.model.RoundedPoint2D@1916a1, Value: [Vertex(0, 2, 4), Vertex(-1, 2, 2), Vertex(-1, 1, 0)]
Key: com.catan.model.RoundedPoint2D@290c10, Value: [Vertex(1, -1, 1)]
Key: com.catan.model.RoundedPoint2D@294a90, Value: [Vertex(1, 1, 2), Vertex(2, 0, 0)]
Key: com.catan.model.RoundedPoint2D@18d821, Value: [Vertex(0, 0, 5), Vertex(-1, 1, 3), Vertex(-1, 0, 1)]
Key: com.catan.model.RoundedPoint2D@185b21, Value: [Vertex(-1, -2, 2), Vertex(0, -2, 4)]
Key: com.catan.model.RoundedPoint2D@156251, Value: [Vertex(-2, -1, 1), Vertex(-1, 0, 3)]
Key: com.catan.model.RoundedPoint2D@15a0d1, Value: [Vertex(-2, 1, 2), Vertex(-1, 1, 4), Vertex(-1, 0, 0)]
Key: com.catan.model.RoundedPoint2D@bbc42, Value: [Vertex(-2, 0, 5)]
Key: com.catan.model.RoundedPoint2D@2c81e0, Value: [Vertex(2, 0, 1)]
Key: com.catan.model.RoundedPoint2D@ed452, Value: [Vertex(-2, 0, 3), Vertex(-2, -1, 5)]
Key: com.catan.model.RoundedPoint2D@f12d2, Value: [Vertex(-2, 1, 4), Vertex(-2, 0, 0)]
Key: com.catan.model.RoundedPoint2D@1fc3c1, Value: [Vertex(1, 2, 5), Vertex(0, 2, 1)]
Key: com.catan.model.RoundedPoint2D@1f0841, Value: [Vertex(0, -1, 3), Vertex(0, -2, 1), Vertex(1, -2, 5)]
Key: com.catan.model.RoundedPoint2D@1f46c1, Value: [Vertex(0, -1, 0), Vertex(0, 0, 2)]
Key: com.catan.model.RoundedPoint2D@25d4c0, Value: [Vertex(1, -1, 0)]
Key: com.catan.model.RoundedPoint2D@259640, Value: [Vertex(1, -2, 1), Vertex(1, -1, 3)]
Key: com.catan.model.RoundedPoint2D@2651c0, Value: [Vertex(1, 2, 1)]
Key: com.catan.model.RoundedPoint2D@1b9271, Value: [Vertex(0, -2, 3)]
Key: com.catan.model.RoundedPoint2D@1bd0f1, Value: [Vertex(0, -1, 4), Vertex(0, -2, 0)]
Key: com.catan.model.RoundedPoint2D@1c8c71, Value: [Vertex(0, 2, 0)]
Key: com.catan.model.RoundedPoint2D@1c4df1, Value: [Vertex(0, 1, 5), Vertex(0, 2, 3), Vertex(-1, 1, 1)]
Key: com.catan.model.RoundedPoint2D@122ae2, Value: [Vertex(-2, 0, 2), Vertex(-2, -1, 0), Vertex(-1, 0, 4)]
Key: com.catan.model.RoundedPoint2D@12a7e2, Value: [Vertex(-1, 2, 5)]
Key: com.catan.model.RoundedPoint2D@231a51, Value: [Vertex(1, 2, 0)]
Key: com.catan.model.RoundedPoint2D@222051, Value: [Vertex(1, -2, 3)]
Key: com.catan.model.RoundedPoint2D@22dbd1, Value: [Vertex(1, 1, 5), Vertex(0, 1, 1), Vertex(1, 2, 3)]
Key: com.catan.model.RoundedPoint2D@225ed1, Value: [Vertex(0, -1, 2), Vertex(1, -2, 0), Vertex(1, -1, 4)]
Key: com.catan.model.RoundedPoint2D@11ec62, Value: [Vertex(-1, -2, 5), Vertex(-2, -1, 3)]
Key: com.catan.model.RoundedPoint2D@28ecd0, Value: [Vertex(1, -1, 2)]
Key: com.catan.model.RoundedPoint2D@1935e1, Value: [Vertex(0, 2, 5), Vertex(-1, 2, 1)]
Key: com.catan.model.RoundedPoint2D@2969d0, Value: [Vertex(1, 1, 1)]
Key: com.catan.model.RoundedPoint2D@18b8e1, Value: [Vertex(0, 0, 4), Vertex(-1, 0, 2)]
Key: com.catan.model.RoundedPoint2D@187a61, Value: [Vertex(-1, -2, 1), Vertex(0, -2, 5)]
Key: com.catan.model.RoundedPoint2D@15fe91, Value: [Vertex(-1, 2, 0)]
Key: com.catan.model.RoundedPoint2D@15c011, Value: [Vertex(-2, 1, 1), Vertex(-1, 2, 3), Vertex(-1, 1, 5)]
Key: com.catan.model.RoundedPoint2D@150491, Value: [Vertex(-1, -2, 3)]
Key: com.catan.model.RoundedPoint2D@154311, Value: [Vertex(-1, -2, 0), Vertex(-2, -1, 2)]
Key: com.catan.model.RoundedPoint2D@b9d02, Value: [Vertex(-2, 0, 4)]
Key: com.catan.model.RoundedPoint2D@2c62a0, Value: [Vertex(2, 0, 2)]
Key: com.catan.model.RoundedPoint2D@eb512, Value: [Vertex(-2, -1, 4)]
Key: com.catan.model.RoundedPoint2D@f3212, Value: [Vertex(-2, 1, 5)]
Key: com.catan.model.RoundedPoint2D@1fa481, Value: [Vertex(0, 1, 0), Vertex(1, 2, 4), Vertex(0, 2, 2)]
Key: com.catan.model.RoundedPoint2D@1f6601, Value: [Vertex(0, 0, 1), Vertex(0, 1, 3)]
Key: com.catan.model.RoundedPoint2D@1ee901, Value: [Vertex(0, -2, 2), Vertex(1, -2, 4)]
Key: com.catan.model.RoundedPoint2D@257700, Value: [Vertex(1, -2, 2)]
Key: com.catan.model.RoundedPoint2D@25f400, Value: [Vertex(1, 1, 3)]
Key: com.catan.model.RoundedPoint2D@263280, Value: [Vertex(1, 1, 0), Vertex(1, 2, 2)]
Key: com.catan.model.RoundedPoint2D@1bf031, Value: [Vertex(0, -1, 5), Vertex(0, 0, 3)]
Key: com.catan.model.RoundedPoint2D@1c2eb1, Value: [Vertex(0, 0, 0), Vertex(0, 1, 4), Vertex(-1, 1, 2)]
Key: com.catan.model.RoundedPoint2D@124a22, Value: [Vertex(-2, 1, 3), Vertex(-2, 0, 1), Vertex(-1, 0, 5)]
Key: com.catan.model.RoundedPoint2D@1288a2, Value: [Vertex(-2, 1, 0), Vertex(-1, 2, 4)]
Key: com.catan.model.RoundedPoint2D@22bc91, Value: [Vertex(1, 1, 4), Vertex(0, 1, 2)]
Key: com.catan.model.RoundedPoint2D@227e11, Value: [Vertex(0, -1, 1), Vertex(1, -1, 5)]
Key: com.catan.model.RoundedPoint2D@11cd22, Value: [Vertex(-1, -2, 4)]
Key: com.catan.model.RoundedPoint2D@1916a1, Value: [Vertex(0, 2, 4), Vertex(-1, 2, 2), Vertex(-1, 1, 0)]
Key: com.catan.model.RoundedPoint2D@290c10, Value: [Vertex(1, -1, 1), Vertex(2, 0, 3)]
Key: com.catan.model.RoundedPoint2D@294a90, Value: [Vertex(1, 1, 2), Vertex(2, 0, 0)]
Key: com.catan.model.RoundedPoint2D@18d821, Value: [Vertex(0, 0, 5), Vertex(-1, 1, 3), Vertex(-1, 0, 1)]
Key: com.catan.model.RoundedPoint2D@185b21, Value: [Vertex(-1, -2, 2), Vertex(0, -2, 4)]
Key: com.catan.model.RoundedPoint2D@156251, Value: [Vertex(-2, -1, 1), Vertex(-1, 0, 3)]
Key: com.catan.model.RoundedPoint2D@15a0d1, Value: [Vertex(-2, 1, 2), Vertex(-1, 1, 4), Vertex(-1, 0, 0)]
Key: com.catan.model.RoundedPoint2D@bbc42, Value: [Vertex(-2, 0, 5)]
Key: com.catan.model.RoundedPoint2D@2c81e0, Value: [Vertex(2, 0, 1)]
Key: com.catan.model.RoundedPoint2D@ed452, Value: [Vertex(-2, 0, 3), Vertex(-2, -1, 5)]
Key: com.catan.model.RoundedPoint2D@f12d2, Value: [Vertex(-2, 1, 4), Vertex(-2, 0, 0)]
Key: com.catan.model.RoundedPoint2D@1fc3c1, Value: [Vertex(1, 2, 5), Vertex(0, 2, 1)]
Key: com.catan.model.RoundedPoint2D@1f0841, Value: [Vertex(0, -1, 3), Vertex(0, -2, 1), Vertex(1, -2, 5)]
Key: com.catan.model.RoundedPoint2D@1f46c1, Value: [Vertex(0, -1, 0), Vertex(0, 0, 2)]
Key: com.catan.model.RoundedPoint2D@25d4c0, Value: [Vertex(1, -1, 0)]
Key: com.catan.model.RoundedPoint2D@259640, Value: [Vertex(1, -2, 1), Vertex(1, -1, 3)]
Key: com.catan.model.RoundedPoint2D@2651c0, Value: [Vertex(1, 2, 1)]
Key: com.catan.model.RoundedPoint2D@1b9271, Value: [Vertex(0, -2, 3)]
Key: com.catan.model.RoundedPoint2D@1bd0f1, Value: [Vertex(0, -1, 4), Vertex(0, -2, 0)]
Key: com.catan.model.RoundedPoint2D@1c8c71, Value: [Vertex(0, 2, 0)]
Key: com.catan.model.RoundedPoint2D@1c4df1, Value: [Vertex(0, 1, 5), Vertex(0, 2, 3), Vertex(-1, 1, 1)]
Key: com.catan.model.RoundedPoint2D@122ae2, Value: [Vertex(-2, 0, 2), Vertex(-2, -1, 0), Vertex(-1, 0, 4)]
Key: com.catan.model.RoundedPoint2D@12a7e2, Value: [Vertex(-1, 2, 5)]
Key: com.catan.model.RoundedPoint2D@231a51, Value: [Vertex(1, 2, 0)]
Key: com.catan.model.RoundedPoint2D@222051, Value: [Vertex(1, -2, 3)]
Key: com.catan.model.RoundedPoint2D@22dbd1, Value: [Vertex(1, 1, 5), Vertex(0, 1, 1), Vertex(1, 2, 3)]
Key: com.catan.model.RoundedPoint2D@225ed1, Value: [Vertex(0, -1, 2), Vertex(1, -2, 0), Vertex(1, -1, 4)]
Key: com.catan.model.RoundedPoint2D@11ec62, Value: [Vertex(-1, -2, 5), Vertex(-2, -1, 3)]
Key: com.catan.model.RoundedPoint2D@28ecd0, Value: [Vertex(1, -1, 2)]
Key: com.catan.model.RoundedPoint2D@1935e1, Value: [Vertex(0, 2, 5), Vertex(-1, 2, 1)]
Key: com.catan.model.RoundedPoint2D@2969d0, Value: [Vertex(1, 1, 1)]
Key: com.catan.model.RoundedPoint2D@18b8e1, Value: [Vertex(0, 0, 4), Vertex(-1, 0, 2)]
Key: com.catan.model.RoundedPoint2D@187a61, Value: [Vertex(-1, -2, 1), Vertex(0, -2, 5)]
Key: com.catan.model.RoundedPoint2D@15fe91, Value: [Vertex(-1, 2, 0)]
Key: com.catan.model.RoundedPoint2D@15c011, Value: [Vertex(-2, 1, 1), Vertex(-1, 2, 3), Vertex(-1, 1, 5)]
Key: com.catan.model.RoundedPoint2D@150491, Value: [Vertex(-1, -2, 3)]
Key: com.catan.model.RoundedPoint2D@154311, Value: [Vertex(-1, -2, 0), Vertex(-2, -1, 2)]
Key: com.catan.model.RoundedPoint2D@b9d02, Value: [Vertex(-2, 0, 4)]
Key: com.catan.model.RoundedPoint2D@2c62a0, Value: [Vertex(2, 0, 2)]
Key: com.catan.model.RoundedPoint2D@eb512, Value: [Vertex(-2, -1, 4)]
Key: com.catan.model.RoundedPoint2D@f3212, Value: [Vertex(-2, 1, 5)]
Key: com.catan.model.RoundedPoint2D@1fa481, Value: [Vertex(0, 1, 0), Vertex(1, 2, 4), Vertex(0, 2, 2)]
Key: com.catan.model.RoundedPoint2D@1f6601, Value: [Vertex(0, 0, 1), Vertex(0, 1, 3)]
Key: com.catan.model.RoundedPoint2D@1ee901, Value: [Vertex(0, -2, 2), Vertex(1, -2, 4)]
Key: com.catan.model.RoundedPoint2D@257700, Value: [Vertex(1, -2, 2)]
Key: com.catan.model.RoundedPoint2D@25f400, Value: [Vertex(1, 1, 3)]
Key: com.catan.model.RoundedPoint2D@263280, Value: [Vertex(1, 1, 0), Vertex(1, 2, 2)]
Key: com.catan.model.RoundedPoint2D@1bf031, Value: [Vertex(0, -1, 5), Vertex(0, 0, 3)]
Key: com.catan.model.RoundedPoint2D@1c2eb1, Value: [Vertex(0, 0, 0), Vertex(0, 1, 4), Vertex(-1, 1, 2)]
Key: com.catan.model.RoundedPoint2D@124a22, Value: [Vertex(-2, 1, 3), Vertex(-2, 0, 1), Vertex(-1, 0, 5)]
Key: com.catan.model.RoundedPoint2D@1288a2, Value: [Vertex(-2, 1, 0), Vertex(-1, 2, 4)]
Key: com.catan.model.RoundedPoint2D@22bc91, Value: [Vertex(1, 1, 4), Vertex(0, 1, 2)]
Key: com.catan.model.RoundedPoint2D@227e11, Value: [Vertex(0, -1, 1), Vertex(1, -1, 5)]
Key: com.catan.model.RoundedPoint2D@11cd22, Value: [Vertex(-1, -2, 4)]
Key: com.catan.model.RoundedPoint2D@1916a1, Value: [Vertex(0, 2, 4), Vertex(-1, 2, 2), Vertex(-1, 1, 0)]
Key: com.catan.model.RoundedPoint2D@290c10, Value: [Vertex(1, -1, 1), Vertex(2, 0, 3)]
Key: com.catan.model.RoundedPoint2D@294a90, Value: [Vertex(1, 1, 2), Vertex(2, 0, 0)]
Key: com.catan.model.RoundedPoint2D@18d821, Value: [Vertex(0, 0, 5), Vertex(-1, 1, 3), Vertex(-1, 0, 1)]
Key: com.catan.model.RoundedPoint2D@185b21, Value: [Vertex(-1, -2, 2), Vertex(0, -2, 4)]
Key: com.catan.model.RoundedPoint2D@156251, Value: [Vertex(-2, -1, 1), Vertex(-1, 0, 3)]
Key: com.catan.model.RoundedPoint2D@15a0d1, Value: [Vertex(-2, 1, 2), Vertex(-1, 1, 4), Vertex(-1, 0, 0)]
Key: com.catan.model.RoundedPoint2D@bbc42, Value: [Vertex(-2, 0, 5)]
Key: com.catan.model.RoundedPoint2D@2c81e0, Value: [Vertex(2, 0, 1)]
Key: com.catan.model.RoundedPoint2D@ed452, Value: [Vertex(-2, 0, 3), Vertex(-2, -1, 5)]
Key: com.catan.model.RoundedPoint2D@f12d2, Value: [Vertex(-2, 1, 4), Vertex(-2, 0, 0)]
Key: com.catan.model.RoundedPoint2D@1fc3c1, Value: [Vertex(1, 2, 5), Vertex(0, 2, 1)]
Key: com.catan.model.RoundedPoint2D@1f0841, Value: [Vertex(0, -1, 3), Vertex(0, -2, 1), Vertex(1, -2, 5)]
Key: com.catan.model.RoundedPoint2D@1f46c1, Value: [Vertex(0, -1, 0), Vertex(0, 0, 2)]
Key: com.catan.model.RoundedPoint2D@25d4c0, Value: [Vertex(1, -1, 0), Vertex(2, 0, 4)]
Key: com.catan.model.RoundedPoint2D@259640, Value: [Vertex(1, -2, 1), Vertex(1, -1, 3)]
Key: com.catan.model.RoundedPoint2D@2651c0, Value: [Vertex(1, 2, 1)]
Key: com.catan.model.RoundedPoint2D@1b9271, Value: [Vertex(0, -2, 3)]
Key: com.catan.model.RoundedPoint2D@1bd0f1, Value: [Vertex(0, -1, 4), Vertex(0, -2, 0)]
Key: com.catan.model.RoundedPoint2D@1c8c71, Value: [Vertex(0, 2, 0)]
Key: com.catan.model.RoundedPoint2D@1c4df1, Value: [Vertex(0, 1, 5), Vertex(0, 2, 3), Vertex(-1, 1, 1)]
Key: com.catan.model.RoundedPoint2D@122ae2, Value: [Vertex(-2, 0, 2), Vertex(-2, -1, 0), Vertex(-1, 0, 4)]
Key: com.catan.model.RoundedPoint2D@12a7e2, Value: [Vertex(-1, 2, 5)]
Key: com.catan.model.RoundedPoint2D@231a51, Value: [Vertex(1, 2, 0)]
Key: com.catan.model.RoundedPoint2D@222051, Value: [Vertex(1, -2, 3)]
Key: com.catan.model.RoundedPoint2D@22dbd1, Value: [Vertex(1, 1, 5), Vertex(0, 1, 1), Vertex(1, 2, 3)]
Key: com.catan.model.RoundedPoint2D@225ed1, Value: [Vertex(0, -1, 2), Vertex(1, -2, 0), Vertex(1, -1, 4)]
Key: com.catan.model.RoundedPoint2D@11ec62, Value: [Vertex(-1, -2, 5), Vertex(-2, -1, 3)]
Key: com.catan.model.RoundedPoint2D@28ecd0, Value: [Vertex(1, -1, 2)]
Key: com.catan.model.RoundedPoint2D@1935e1, Value: [Vertex(0, 2, 5), Vertex(-1, 2, 1)]
Key: com.catan.model.RoundedPoint2D@2969d0, Value: [Vertex(1, 1, 1)]
Key: com.catan.model.RoundedPoint2D@18b8e1, Value: [Vertex(0, 0, 4), Vertex(-1, 0, 2)]
Key: com.catan.model.RoundedPoint2D@187a61, Value: [Vertex(-1, -2, 1), Vertex(0, -2, 5)]
Key: com.catan.model.RoundedPoint2D@15fe91, Value: [Vertex(-1, 2, 0)]
Key: com.catan.model.RoundedPoint2D@15c011, Value: [Vertex(-2, 1, 1), Vertex(-1, 2, 3), Vertex(-1, 1, 5)]
Key: com.catan.model.RoundedPoint2D@150491, Value: [Vertex(-1, -2, 3)]
Key: com.catan.model.RoundedPoint2D@154311, Value: [Vertex(-1, -2, 0), Vertex(-2, -1, 2)]
Key: com.catan.model.RoundedPoint2D@b9d02, Value: [Vertex(-2, 0, 4)]
Key: com.catan.model.RoundedPoint2D@2c62a0, Value: [Vertex(2, 0, 2)]
Key: com.catan.model.RoundedPoint2D@eb512, Value: [Vertex(-2, -1, 4)]
Key: com.catan.model.RoundedPoint2D@f3212, Value: [Vertex(-2, 1, 5)]
Key: com.catan.model.RoundedPoint2D@1fa481, Value: [Vertex(0, 1, 0), Vertex(1, 2, 4), Vertex(0, 2, 2)]
Key: com.catan.model.RoundedPoint2D@1f6601, Value: [Vertex(0, 0, 1), Vertex(0, 1, 3)]
Key: com.catan.model.RoundedPoint2D@1ee901, Value: [Vertex(0, -2, 2), Vertex(1, -2, 4)]
Key: com.catan.model.RoundedPoint2D@257700, Value: [Vertex(1, -2, 2)]
Key: com.catan.model.RoundedPoint2D@25f400, Value: [Vertex(1, 1, 3), Vertex(2, 0, 5)]
Key: com.catan.model.RoundedPoint2D@263280, Value: [Vertex(1, 1, 0), Vertex(1, 2, 2)]
Key: com.catan.model.RoundedPoint2D@1bf031, Value: [Vertex(0, -1, 5), Vertex(0, 0, 3)]
Key: com.catan.model.RoundedPoint2D@1c2eb1, Value: [Vertex(0, 0, 0), Vertex(0, 1, 4), Vertex(-1, 1, 2)]
Key: com.catan.model.RoundedPoint2D@124a22, Value: [Vertex(-2, 1, 3), Vertex(-2, 0, 1), Vertex(-1, 0, 5)]
Key: com.catan.model.RoundedPoint2D@1288a2, Value: [Vertex(-2, 1, 0), Vertex(-1, 2, 4)]
Key: com.catan.model.RoundedPoint2D@22bc91, Value: [Vertex(1, 1, 4), Vertex(0, 1, 2)]
Key: com.catan.model.RoundedPoint2D@227e11, Value: [Vertex(0, -1, 1), Vertex(1, -1, 5)]
Key: com.catan.model.RoundedPoint2D@11cd22, Value: [Vertex(-1, -2, 4)]
Key: com.catan.model.RoundedPoint2D@1916a1, Value: [Vertex(0, 2, 4), Vertex(-1, 2, 2), Vertex(-1, 1, 0)]
Key: com.catan.model.RoundedPoint2D@290c10, Value: [Vertex(1, -1, 1), Vertex(2, 0, 3)]
Key: com.catan.model.RoundedPoint2D@294a90, Value: [Vertex(1, 1, 2), Vertex(2, 0, 0)]
Key: com.catan.model.RoundedPoint2D@18d821, Value: [Vertex(0, 0, 5), Vertex(-1, 1, 3), Vertex(-1, 0, 1)]
Key: com.catan.model.RoundedPoint2D@185b21, Value: [Vertex(-1, -2, 2), Vertex(0, -2, 4)]
Key: com.catan.model.RoundedPoint2D@156251, Value: [Vertex(-2, -1, 1), Vertex(-1, 0, 3)]
Key: com.catan.model.RoundedPoint2D@15a0d1, Value: [Vertex(-2, 1, 2), Vertex(-1, 1, 4), Vertex(-1, 0, 0)]
Key: com.catan.model.RoundedPoint2D@bbc42, Value: [Vertex(-2, 0, 5)]
Key: com.catan.model.RoundedPoint2D@2c81e0, Value: [Vertex(2, 0, 1)]
Key: com.catan.model.RoundedPoint2D@ed452, Value: [Vertex(-2, 0, 3), Vertex(-2, -1, 5)]
Key: com.catan.model.RoundedPoint2D@f12d2, Value: [Vertex(-2, 1, 4), Vertex(-2, 0, 0)]
Key: com.catan.model.RoundedPoint2D@1fc3c1, Value: [Vertex(1, 2, 5), Vertex(0, 2, 1)]
Key: com.catan.model.RoundedPoint2D@1f0841, Value: [Vertex(0, -1, 3), Vertex(0, -2, 1), Vertex(1, -2, 5)]
Key: com.catan.model.RoundedPoint2D@1f46c1, Value: [Vertex(0, -1, 0), Vertex(0, 0, 2)]
Key: com.catan.model.RoundedPoint2D@25d4c0, Value: [Vertex(1, -1, 0), Vertex(2, 0, 4)]
Key: com.catan.model.RoundedPoint2D@259640, Value: [Vertex(1, -2, 1), Vertex(1, -1, 3)]
Key: com.catan.model.RoundedPoint2D@2651c0, Value: [Vertex(1, 2, 1)]
Key: com.catan.model.RoundedPoint2D@1b9271, Value: [Vertex(0, -2, 3)]
Key: com.catan.model.RoundedPoint2D@1bd0f1, Value: [Vertex(0, -1, 4), Vertex(0, -2, 0)]
Key: com.catan.model.RoundedPoint2D@1c8c71, Value: [Vertex(0, 2, 0)]
Key: com.catan.model.RoundedPoint2D@1c4df1, Value: [Vertex(0, 1, 5), Vertex(0, 2, 3), Vertex(-1, 1, 1)]
Key: com.catan.model.RoundedPoint2D@122ae2, Value: [Vertex(-2, 0, 2), Vertex(-2, -1, 0), Vertex(-1, 0, 4)]
Key: com.catan.model.RoundedPoint2D@12a7e2, Value: [Vertex(-1, 2, 5)]
Key: com.catan.model.RoundedPoint2D@231a51, Value: [Vertex(1, 2, 0)]
Key: com.catan.model.RoundedPoint2D@222051, Value: [Vertex(1, -2, 3)]
Key: com.catan.model.RoundedPoint2D@22dbd1, Value: [Vertex(1, 1, 5), Vertex(0, 1, 1), Vertex(1, 2, 3)]
Key: com.catan.model.RoundedPoint2D@225ed1, Value: [Vertex(0, -1, 2), Vertex(1, -2, 0), Vertex(1, -1, 4)]
Key: com.catan.model.RoundedPoint2D@11ec62, Value: [Vertex(-1, -2, 5), Vertex(-2, -1, 3)]
Key: com.catan.model.RoundedPoint2D@28ecd0, Value: [Vertex(1, -1, 2)]
Key: com.catan.model.RoundedPoint2D@1935e1, Value: [Vertex(0, 2, 5), Vertex(-1, 2, 1)]
Key: com.catan.model.RoundedPoint2D@2969d0, Value: [Vertex(1, 1, 1)]
Key: com.catan.model.RoundedPoint2D@18b8e1, Value: [Vertex(0, 0, 4), Vertex(-1, 0, 2)]
Key: com.catan.model.RoundedPoint2D@187a61, Value: [Vertex(-1, -2, 1), Vertex(0, -2, 5)]
Key: com.catan.model.RoundedPoint2D@15fe91, Value: [Vertex(-1, 2, 0)]
Key: com.catan.model.RoundedPoint2D@15c011, Value: [Vertex(-2, 1, 1), Vertex(-1, 2, 3), Vertex(-1, 1, 5)]
Key: com.catan.model.RoundedPoint2D@150491, Value: [Vertex(-1, -2, 3)]
Key: com.catan.model.RoundedPoint2D@154311, Value: [Vertex(-1, -2, 0), Vertex(-2, -1, 2)]
Key: com.catan.model.RoundedPoint2D@b9d02, Value: [Vertex(-2, 0, 4)]
Key: com.catan.model.RoundedPoint2D@2c62a0, Value: [Vertex(2, 0, 2)]
Key: com.catan.model.RoundedPoint2D@eb512, Value: [Vertex(-2, -1, 4)]
Key: com.catan.model.RoundedPoint2D@f3212, Value: [Vertex(-2, 1, 5)]
Key: com.catan.model.RoundedPoint2D@1fa481, Value: [Vertex(0, 1, 0), Vertex(1, 2, 4), Vertex(0, 2, 2)]
Key: com.catan.model.RoundedPoint2D@1f6601, Value: [Vertex(0, 0, 1), Vertex(0, 1, 3)]
Key: com.catan.model.RoundedPoint2D@1ee901, Value: [Vertex(0, -2, 2), Vertex(1, -2, 4)]
Key: com.catan.model.RoundedPoint2D@257700, Value: [Vertex(1, -2, 2)]
Key: com.catan.model.RoundedPoint2D@25f400, Value: [Vertex(1, 1, 3), Vertex(2, 0, 5)]
Key: com.catan.model.RoundedPoint2D@263280, Value: [Vertex(1, 1, 0), Vertex(1, 2, 2)]
Key: com.catan.model.RoundedPoint2D@1bf031, Value: [Vertex(0, -1, 5), Vertex(0, 0, 3)]
Key: com.catan.model.RoundedPoint2D@1c2eb1, Value: [Vertex(0, 0, 0), Vertex(0, 1, 4), Vertex(-1, 1, 2)]
Key: com.catan.model.RoundedPoint2D@124a22, Value: [Vertex(-2, 1, 3), Vertex(-2, 0, 1), Vertex(-1, 0, 5)]
Key: com.catan.model.RoundedPoint2D@1288a2, Value: [Vertex(-2, 1, 0), Vertex(-1, 2, 4)]
Key: com.catan.model.RoundedPoint2D@22bc91, Value: [Vertex(1, 1, 4), Vertex(0, 1, 2)]
Key: com.catan.model.RoundedPoint2D@227e11, Value: [Vertex(0, -1, 1), Vertex(1, -1, 5)]
Key: com.catan.model.RoundedPoint2D@11cd22, Value: [Vertex(-1, -2, 4)]
Key: com.catan.model.RoundedPoint2D@1916a1, Value: [Vertex(0, 2, 4), Vertex(-1, 2, 2), Vertex(-1, 1, 0)]
Key: com.catan.model.RoundedPoint2D@290c10, Value: [Vertex(1, -1, 1), Vertex(2, 0, 3)]
Key: com.catan.model.RoundedPoint2D@294a90, Value: [Vertex(1, 1, 2), Vertex(2, 0, 0)]
Key: com.catan.model.RoundedPoint2D@18d821, Value: [Vertex(0, 0, 5), Vertex(-1, 1, 3), Vertex(-1, 0, 1)]
Key: com.catan.model.RoundedPoint2D@185b21, Value: [Vertex(-1, -2, 2), Vertex(0, -2, 4)]
Key: com.catan.model.RoundedPoint2D@156251, Value: [Vertex(-2, -1, 1), Vertex(-1, 0, 3)]
Key: com.catan.model.RoundedPoint2D@15a0d1, Value: [Vertex(-2, 1, 2), Vertex(-1, 1, 4), Vertex(-1, 0, 0)]
Key: com.catan.model.RoundedPoint2D@bbc42, Value: [Vertex(-2, 0, 5)]
Key: com.catan.model.RoundedPoint2D@2c81e0, Value: [Vertex(2, 0, 1)]
Key: com.catan.model.RoundedPoint2D@ed452, Value: [Vertex(-2, 0, 3), Vertex(-2, -1, 5)]
Key: com.catan.model.RoundedPoint2D@f12d2, Value: [Vertex(-2, 1, 4), Vertex(-2, 0, 0)]
Key: com.catan.model.RoundedPoint2D@1fc3c1, Value: [Vertex(1, 2, 5), Vertex(0, 2, 1)]
Key: com.catan.model.RoundedPoint2D@1f0841, Value: [Vertex(0, -1, 3), Vertex(0, -2, 1), Vertex(1, -2, 5)]
Key: com.catan.model.RoundedPoint2D@1f46c1, Value: [Vertex(0, -1, 0), Vertex(0, 0, 2)]
Key: com.catan.model.RoundedPoint2D@25d4c0, Value: [Vertex(1, -1, 0), Vertex(2, 0, 4)]
Key: com.catan.model.RoundedPoint2D@259640, Value: [Vertex(1, -2, 1), Vertex(1, -1, 3)]
Key: com.catan.model.RoundedPoint2D@2651c0, Value: [Vertex(1, 2, 1)]
Key: com.catan.model.RoundedPoint2D@1b9271, Value: [Vertex(0, -2, 3)]
Key: com.catan.model.RoundedPoint2D@1bd0f1, Value: [Vertex(0, -1, 4), Vertex(0, -2, 0)]
Key: com.catan.model.RoundedPoint2D@1c8c71, Value: [Vertex(0, 2, 0)]
Key: com.catan.model.RoundedPoint2D@1c4df1, Value: [Vertex(0, 1, 5), Vertex(0, 2, 3), Vertex(-1, 1, 1)]
Key: com.catan.model.RoundedPoint2D@122ae2, Value: [Vertex(-2, 0, 2), Vertex(-2, -1, 0), Vertex(-1, 0, 4)]
Key: com.catan.model.RoundedPoint2D@12a7e2, Value: [Vertex(-1, 2, 5)]
Key: com.catan.model.RoundedPoint2D@231a51, Value: [Vertex(1, 2, 0)]
Key: com.catan.model.RoundedPoint2D@222051, Value: [Vertex(1, -2, 3)]
Key: com.catan.model.RoundedPoint2D@22dbd1, Value: [Vertex(1, 1, 5), Vertex(0, 1, 1), Vertex(1, 2, 3)]
Key: com.catan.model.RoundedPoint2D@225ed1, Value: [Vertex(0, -1, 2), Vertex(1, -2, 0), Vertex(1, -1, 4)]
Key: com.catan.model.RoundedPoint2D@11ec62, Value: [Vertex(-1, -2, 5), Vertex(-2, -1, 3)]
Key: com.catan.model.RoundedPoint2D@28ecd0, Value: [Vertex(1, -1, 2)]
Key: com.catan.model.RoundedPoint2D@1935e1, Value: [Vertex(0, 2, 5), Vertex(-1, 2, 1)]
Key: com.catan.model.RoundedPoint2D@2969d0, Value: [Vertex(1, 1, 1)]
Key: com.catan.model.RoundedPoint2D@18b8e1, Value: [Vertex(0, 0, 4), Vertex(-1, 0, 2), Vertex(-1, -1, 0)]
Key: com.catan.model.RoundedPoint2D@187a61, Value: [Vertex(-1, -2, 1), Vertex(0, -2, 5)]
Key: com.catan.model.RoundedPoint2D@15fe91, Value: [Vertex(-1, 2, 0)]
Key: com.catan.model.RoundedPoint2D@15c011, Value: [Vertex(-2, 1, 1), Vertex(-1, 2, 3), Vertex(-1, 1, 5)]
Key: com.catan.model.RoundedPoint2D@150491, Value: [Vertex(-1, -2, 3)]
Key: com.catan.model.RoundedPoint2D@154311, Value: [Vertex(-1, -2, 0), Vertex(-2, -1, 2)]
Key: com.catan.model.RoundedPoint2D@b9d02, Value: [Vertex(-2, 0, 4)]
Key: com.catan.model.RoundedPoint2D@2c62a0, Value: [Vertex(2, 0, 2)]
Key: com.catan.model.RoundedPoint2D@eb512, Value: [Vertex(-2, -1, 4)]
Key: com.catan.model.RoundedPoint2D@f3212, Value: [Vertex(-2, 1, 5)]
Key: com.catan.model.RoundedPoint2D@1fa481, Value: [Vertex(0, 1, 0), Vertex(1, 2, 4), Vertex(0, 2, 2)]
Key: com.catan.model.RoundedPoint2D@1f6601, Value: [Vertex(0, 0, 1), Vertex(0, 1, 3)]
Key: com.catan.model.RoundedPoint2D@1ee901, Value: [Vertex(0, -2, 2), Vertex(1, -2, 4)]
Key: com.catan.model.RoundedPoint2D@257700, Value: [Vertex(1, -2, 2)]
Key: com.catan.model.RoundedPoint2D@25f400, Value: [Vertex(1, 1, 3), Vertex(2, 0, 5)]
Key: com.catan.model.RoundedPoint2D@263280, Value: [Vertex(1, 1, 0), Vertex(1, 2, 2)]
Key: com.catan.model.RoundedPoint2D@1bf031, Value: [Vertex(0, -1, 5), Vertex(0, 0, 3), Vertex(-1, -1, 1)]
Key: com.catan.model.RoundedPoint2D@1c2eb1, Value: [Vertex(0, 0, 0), Vertex(0, 1, 4), Vertex(-1, 1, 2)]
Key: com.catan.model.RoundedPoint2D@124a22, Value: [Vertex(-2, 1, 3), Vertex(-2, 0, 1), Vertex(-1, 0, 5)]
Key: com.catan.model.RoundedPoint2D@1288a2, Value: [Vertex(-2, 1, 0), Vertex(-1, 2, 4)]
Key: com.catan.model.RoundedPoint2D@22bc91, Value: [Vertex(1, 1, 4), Vertex(0, 1, 2)]
Key: com.catan.model.RoundedPoint2D@227e11, Value: [Vertex(0, -1, 1), Vertex(1, -1, 5)]
Key: com.catan.model.RoundedPoint2D@11cd22, Value: [Vertex(-1, -2, 4)]
Key: com.catan.model.RoundedPoint2D@1916a1, Value: [Vertex(0, 2, 4), Vertex(-1, 2, 2), Vertex(-1, 1, 0)]
Key: com.catan.model.RoundedPoint2D@290c10, Value: [Vertex(1, -1, 1), Vertex(2, 0, 3)]
Key: com.catan.model.RoundedPoint2D@294a90, Value: [Vertex(1, 1, 2), Vertex(2, 0, 0)]
Key: com.catan.model.RoundedPoint2D@18d821, Value: [Vertex(0, 0, 5), Vertex(-1, 1, 3), Vertex(-1, 0, 1)]
Key: com.catan.model.RoundedPoint2D@185b21, Value: [Vertex(-1, -2, 2), Vertex(0, -2, 4)]
Key: com.catan.model.RoundedPoint2D@156251, Value: [Vertex(-2, -1, 1), Vertex(-1, 0, 3)]
Key: com.catan.model.RoundedPoint2D@15a0d1, Value: [Vertex(-2, 1, 2), Vertex(-1, 1, 4), Vertex(-1, 0, 0)]
Key: com.catan.model.RoundedPoint2D@bbc42, Value: [Vertex(-2, 0, 5)]
Key: com.catan.model.RoundedPoint2D@2c81e0, Value: [Vertex(2, 0, 1)]
Key: com.catan.model.RoundedPoint2D@ed452, Value: [Vertex(-2, 0, 3), Vertex(-2, -1, 5)]
Key: com.catan.model.RoundedPoint2D@f12d2, Value: [Vertex(-2, 1, 4), Vertex(-2, 0, 0)]
Key: com.catan.model.RoundedPoint2D@1fc3c1, Value: [Vertex(1, 2, 5), Vertex(0, 2, 1)]
Key: com.catan.model.RoundedPoint2D@1f0841, Value: [Vertex(0, -1, 3), Vertex(0, -2, 1), Vertex(1, -2, 5)]
Key: com.catan.model.RoundedPoint2D@1f46c1, Value: [Vertex(0, -1, 0), Vertex(0, 0, 2)]
Key: com.catan.model.RoundedPoint2D@25d4c0, Value: [Vertex(1, -1, 0), Vertex(2, 0, 4)]
Key: com.catan.model.RoundedPoint2D@259640, Value: [Vertex(1, -2, 1), Vertex(1, -1, 3)]
Key: com.catan.model.RoundedPoint2D@2651c0, Value: [Vertex(1, 2, 1)]
Key: com.catan.model.RoundedPoint2D@1b9271, Value: [Vertex(0, -2, 3)]
Key: com.catan.model.RoundedPoint2D@1bd0f1, Value: [Vertex(0, -1, 4), Vertex(0, -2, 0)]
Key: com.catan.model.RoundedPoint2D@1c8c71, Value: [Vertex(0, 2, 0)]
Key: com.catan.model.RoundedPoint2D@1c4df1, Value: [Vertex(0, 1, 5), Vertex(0, 2, 3), Vertex(-1, 1, 1)]
Key: com.catan.model.RoundedPoint2D@122ae2, Value: [Vertex(-2, 0, 2), Vertex(-2, -1, 0), Vertex(-1, 0, 4)]
Key: com.catan.model.RoundedPoint2D@12a7e2, Value: [Vertex(-1, 2, 5)]
Key: com.catan.model.RoundedPoint2D@231a51, Value: [Vertex(1, 2, 0)]
Key: com.catan.model.RoundedPoint2D@222051, Value: [Vertex(1, -2, 3)]
Key: com.catan.model.RoundedPoint2D@22dbd1, Value: [Vertex(1, 1, 5), Vertex(0, 1, 1), Vertex(1, 2, 3)]
Key: com.catan.model.RoundedPoint2D@225ed1, Value: [Vertex(0, -1, 2), Vertex(1, -2, 0), Vertex(1, -1, 4)]
Key: com.catan.model.RoundedPoint2D@11ec62, Value: [Vertex(-1, -2, 5), Vertex(-2, -1, 3)]
Key: com.catan.model.RoundedPoint2D@28ecd0, Value: [Vertex(1, -1, 2)]
Key: com.catan.model.RoundedPoint2D@1935e1, Value: [Vertex(0, 2, 5), Vertex(-1, 2, 1)]
Key: com.catan.model.RoundedPoint2D@2969d0, Value: [Vertex(1, 1, 1)]
Key: com.catan.model.RoundedPoint2D@18b8e1, Value: [Vertex(0, 0, 4), Vertex(-1, 0, 2), Vertex(-1, -1, 0)]
Key: com.catan.model.RoundedPoint2D@187a61, Value: [Vertex(-1, -2, 1), Vertex(0, -2, 5)]
Key: com.catan.model.RoundedPoint2D@15fe91, Value: [Vertex(-1, 2, 0)]
Key: com.catan.model.RoundedPoint2D@15c011, Value: [Vertex(-2, 1, 1), Vertex(-1, 2, 3), Vertex(-1, 1, 5)]
Key: com.catan.model.RoundedPoint2D@150491, Value: [Vertex(-1, -2, 3)]
Key: com.catan.model.RoundedPoint2D@154311, Value: [Vertex(-1, -2, 0), Vertex(-2, -1, 2)]
Key: com.catan.model.RoundedPoint2D@b9d02, Value: [Vertex(-2, 0, 4)]
Key: com.catan.model.RoundedPoint2D@2c62a0, Value: [Vertex(2, 0, 2)]
Key: com.catan.model.RoundedPoint2D@eb512, Value: [Vertex(-2, -1, 4)]
Key: com.catan.model.RoundedPoint2D@f3212, Value: [Vertex(-2, 1, 5)]
Key: com.catan.model.RoundedPoint2D@1fa481, Value: [Vertex(0, 1, 0), Vertex(1, 2, 4), Vertex(0, 2, 2)]
Key: com.catan.model.RoundedPoint2D@1f6601, Value: [Vertex(0, 0, 1), Vertex(0, 1, 3)]
Key: com.catan.model.RoundedPoint2D@1ee901, Value: [Vertex(0, -2, 2), Vertex(1, -2, 4)]
Key: com.catan.model.RoundedPoint2D@257700, Value: [Vertex(1, -2, 2)]
Key: com.catan.model.RoundedPoint2D@25f400, Value: [Vertex(1, 1, 3), Vertex(2, 0, 5)]
Key: com.catan.model.RoundedPoint2D@263280, Value: [Vertex(1, 1, 0), Vertex(1, 2, 2)]
Key: com.catan.model.RoundedPoint2D@1bf031, Value: [Vertex(0, -1, 5), Vertex(0, 0, 3), Vertex(-1, -1, 1)]
Key: com.catan.model.RoundedPoint2D@1c2eb1, Value: [Vertex(0, 0, 0), Vertex(0, 1, 4), Vertex(-1, 1, 2)]
Key: com.catan.model.RoundedPoint2D@124a22, Value: [Vertex(-2, 1, 3), Vertex(-2, 0, 1), Vertex(-1, 0, 5)]
Key: com.catan.model.RoundedPoint2D@1288a2, Value: [Vertex(-2, 1, 0), Vertex(-1, 2, 4)]
Key: com.catan.model.RoundedPoint2D@22bc91, Value: [Vertex(1, 1, 4), Vertex(0, 1, 2)]
Key: com.catan.model.RoundedPoint2D@227e11, Value: [Vertex(0, -1, 1), Vertex(1, -1, 5)]
Key: com.catan.model.RoundedPoint2D@11cd22, Value: [Vertex(-1, -2, 4)]
Key: com.catan.model.RoundedPoint2D@1916a1, Value: [Vertex(0, 2, 4), Vertex(-1, 2, 2), Vertex(-1, 1, 0)]
Key: com.catan.model.RoundedPoint2D@290c10, Value: [Vertex(1, -1, 1), Vertex(2, 0, 3)]
Key: com.catan.model.RoundedPoint2D@294a90, Value: [Vertex(1, 1, 2), Vertex(2, 0, 0)]
Key: com.catan.model.RoundedPoint2D@18d821, Value: [Vertex(0, 0, 5), Vertex(-1, 1, 3), Vertex(-1, 0, 1)]
Key: com.catan.model.RoundedPoint2D@185b21, Value: [Vertex(-1, -2, 2), Vertex(0, -2, 4)]
Key: com.catan.model.RoundedPoint2D@156251, Value: [Vertex(-2, -1, 1), Vertex(-1, 0, 3)]
Key: com.catan.model.RoundedPoint2D@15a0d1, Value: [Vertex(-2, 1, 2), Vertex(-1, 1, 4), Vertex(-1, 0, 0)]
Key: com.catan.model.RoundedPoint2D@bbc42, Value: [Vertex(-2, 0, 5)]
Key: com.catan.model.RoundedPoint2D@2c81e0, Value: [Vertex(2, 0, 1)]
Key: com.catan.model.RoundedPoint2D@ed452, Value: [Vertex(-2, 0, 3), Vertex(-2, -1, 5)]
Key: com.catan.model.RoundedPoint2D@f12d2, Value: [Vertex(-2, 1, 4), Vertex(-2, 0, 0)]
Key: com.catan.model.RoundedPoint2D@1fc3c1, Value: [Vertex(1, 2, 5), Vertex(0, 2, 1)]
Key: com.catan.model.RoundedPoint2D@1f0841, Value: [Vertex(0, -1, 3), Vertex(0, -2, 1), Vertex(1, -2, 5)]
Key: com.catan.model.RoundedPoint2D@1f46c1, Value: [Vertex(0, -1, 0), Vertex(0, 0, 2)]
Key: com.catan.model.RoundedPoint2D@25d4c0, Value: [Vertex(1, -1, 0), Vertex(2, 0, 4)]
Key: com.catan.model.RoundedPoint2D@259640, Value: [Vertex(1, -2, 1), Vertex(1, -1, 3)]
Key: com.catan.model.RoundedPoint2D@2651c0, Value: [Vertex(1, 2, 1)]
Key: com.catan.model.RoundedPoint2D@1b9271, Value: [Vertex(0, -2, 3)]
Key: com.catan.model.RoundedPoint2D@1bd0f1, Value: [Vertex(0, -1, 4), Vertex(0, -2, 0), Vertex(-1, -1, 2)]
Key: com.catan.model.RoundedPoint2D@1c8c71, Value: [Vertex(0, 2, 0)]
Key: com.catan.model.RoundedPoint2D@1c4df1, Value: [Vertex(0, 1, 5), Vertex(0, 2, 3), Vertex(-1, 1, 1)]
Key: com.catan.model.RoundedPoint2D@122ae2, Value: [Vertex(-2, 0, 2), Vertex(-2, -1, 0), Vertex(-1, 0, 4)]
Key: com.catan.model.RoundedPoint2D@12a7e2, Value: [Vertex(-1, 2, 5)]
Key: com.catan.model.RoundedPoint2D@231a51, Value: [Vertex(1, 2, 0)]
Key: com.catan.model.RoundedPoint2D@222051, Value: [Vertex(1, -2, 3)]
Key: com.catan.model.RoundedPoint2D@22dbd1, Value: [Vertex(1, 1, 5), Vertex(0, 1, 1), Vertex(1, 2, 3)]
Key: com.catan.model.RoundedPoint2D@225ed1, Value: [Vertex(0, -1, 2), Vertex(1, -2, 0), Vertex(1, -1, 4)]
Key: com.catan.model.RoundedPoint2D@11ec62, Value: [Vertex(-1, -2, 5), Vertex(-2, -1, 3)]
Key: com.catan.model.RoundedPoint2D@28ecd0, Value: [Vertex(1, -1, 2)]
Key: com.catan.model.RoundedPoint2D@1935e1, Value: [Vertex(0, 2, 5), Vertex(-1, 2, 1)]
Key: com.catan.model.RoundedPoint2D@2969d0, Value: [Vertex(1, 1, 1)]
Key: com.catan.model.RoundedPoint2D@18b8e1, Value: [Vertex(0, 0, 4), Vertex(-1, 0, 2), Vertex(-1, -1, 0)]
Key: com.catan.model.RoundedPoint2D@187a61, Value: [Vertex(-1, -2, 1), Vertex(0, -2, 5)]
Key: com.catan.model.RoundedPoint2D@15fe91, Value: [Vertex(-1, 2, 0)]
Key: com.catan.model.RoundedPoint2D@15c011, Value: [Vertex(-2, 1, 1), Vertex(-1, 2, 3), Vertex(-1, 1, 5)]
Key: com.catan.model.RoundedPoint2D@150491, Value: [Vertex(-1, -2, 3)]
Key: com.catan.model.RoundedPoint2D@154311, Value: [Vertex(-1, -2, 0), Vertex(-2, -1, 2)]
Key: com.catan.model.RoundedPoint2D@b9d02, Value: [Vertex(-2, 0, 4)]
Key: com.catan.model.RoundedPoint2D@2c62a0, Value: [Vertex(2, 0, 2)]
Key: com.catan.model.RoundedPoint2D@eb512, Value: [Vertex(-2, -1, 4)]
Key: com.catan.model.RoundedPoint2D@f3212, Value: [Vertex(-2, 1, 5)]
Key: com.catan.model.RoundedPoint2D@1fa481, Value: [Vertex(0, 1, 0), Vertex(1, 2, 4), Vertex(0, 2, 2)]
Key: com.catan.model.RoundedPoint2D@1f6601, Value: [Vertex(0, 0, 1), Vertex(0, 1, 3)]
Key: com.catan.model.RoundedPoint2D@1ee901, Value: [Vertex(0, -2, 2), Vertex(1, -2, 4)]
Key: com.catan.model.RoundedPoint2D@257700, Value: [Vertex(1, -2, 2)]
Key: com.catan.model.RoundedPoint2D@25f400, Value: [Vertex(1, 1, 3), Vertex(2, 0, 5)]
Key: com.catan.model.RoundedPoint2D@263280, Value: [Vertex(1, 1, 0), Vertex(1, 2, 2)]
Key: com.catan.model.RoundedPoint2D@1bf031, Value: [Vertex(0, -1, 5), Vertex(0, 0, 3), Vertex(-1, -1, 1)]
Key: com.catan.model.RoundedPoint2D@1c2eb1, Value: [Vertex(0, 0, 0), Vertex(0, 1, 4), Vertex(-1, 1, 2)]
Key: com.catan.model.RoundedPoint2D@124a22, Value: [Vertex(-2, 1, 3), Vertex(-2, 0, 1), Vertex(-1, 0, 5)]
Key: com.catan.model.RoundedPoint2D@1288a2, Value: [Vertex(-2, 1, 0), Vertex(-1, 2, 4)]
Key: com.catan.model.RoundedPoint2D@22bc91, Value: [Vertex(1, 1, 4), Vertex(0, 1, 2)]
Key: com.catan.model.RoundedPoint2D@227e11, Value: [Vertex(0, -1, 1), Vertex(1, -1, 5)]
Key: com.catan.model.RoundedPoint2D@11cd22, Value: [Vertex(-1, -2, 4)]
Key: com.catan.model.RoundedPoint2D@1916a1, Value: [Vertex(0, 2, 4), Vertex(-1, 2, 2), Vertex(-1, 1, 0)]
Key: com.catan.model.RoundedPoint2D@290c10, Value: [Vertex(1, -1, 1), Vertex(2, 0, 3)]
Key: com.catan.model.RoundedPoint2D@294a90, Value: [Vertex(1, 1, 2), Vertex(2, 0, 0)]
Key: com.catan.model.RoundedPoint2D@18d821, Value: [Vertex(0, 0, 5), Vertex(-1, 1, 3), Vertex(-1, 0, 1)]
Key: com.catan.model.RoundedPoint2D@185b21, Value: [Vertex(-1, -2, 2), Vertex(0, -2, 4)]
Key: com.catan.model.RoundedPoint2D@156251, Value: [Vertex(-2, -1, 1), Vertex(-1, 0, 3)]
Key: com.catan.model.RoundedPoint2D@15a0d1, Value: [Vertex(-2, 1, 2), Vertex(-1, 1, 4), Vertex(-1, 0, 0)]
Key: com.catan.model.RoundedPoint2D@bbc42, Value: [Vertex(-2, 0, 5)]
Key: com.catan.model.RoundedPoint2D@2c81e0, Value: [Vertex(2, 0, 1)]
Key: com.catan.model.RoundedPoint2D@ed452, Value: [Vertex(-2, 0, 3), Vertex(-2, -1, 5)]
Key: com.catan.model.RoundedPoint2D@f12d2, Value: [Vertex(-2, 1, 4), Vertex(-2, 0, 0)]
Key: com.catan.model.RoundedPoint2D@1fc3c1, Value: [Vertex(1, 2, 5), Vertex(0, 2, 1)]
Key: com.catan.model.RoundedPoint2D@1f0841, Value: [Vertex(0, -1, 3), Vertex(0, -2, 1), Vertex(1, -2, 5)]
Key: com.catan.model.RoundedPoint2D@1f46c1, Value: [Vertex(0, -1, 0), Vertex(0, 0, 2)]
Key: com.catan.model.RoundedPoint2D@25d4c0, Value: [Vertex(1, -1, 0), Vertex(2, 0, 4)]
Key: com.catan.model.RoundedPoint2D@259640, Value: [Vertex(1, -2, 1), Vertex(1, -1, 3)]
Key: com.catan.model.RoundedPoint2D@2651c0, Value: [Vertex(1, 2, 1)]
Key: com.catan.model.RoundedPoint2D@1b9271, Value: [Vertex(0, -2, 3)]
Key: com.catan.model.RoundedPoint2D@1bd0f1, Value: [Vertex(0, -1, 4), Vertex(0, -2, 0), Vertex(-1, -1, 2)]
Key: com.catan.model.RoundedPoint2D@1c8c71, Value: [Vertex(0, 2, 0)]
Key: com.catan.model.RoundedPoint2D@1c4df1, Value: [Vertex(0, 1, 5), Vertex(0, 2, 3), Vertex(-1, 1, 1)]
Key: com.catan.model.RoundedPoint2D@122ae2, Value: [Vertex(-2, 0, 2), Vertex(-2, -1, 0), Vertex(-1, 0, 4)]
Key: com.catan.model.RoundedPoint2D@12a7e2, Value: [Vertex(-1, 2, 5)]
Key: com.catan.model.RoundedPoint2D@231a51, Value: [Vertex(1, 2, 0)]
Key: com.catan.model.RoundedPoint2D@222051, Value: [Vertex(1, -2, 3)]
Key: com.catan.model.RoundedPoint2D@22dbd1, Value: [Vertex(1, 1, 5), Vertex(0, 1, 1), Vertex(1, 2, 3)]
Key: com.catan.model.RoundedPoint2D@225ed1, Value: [Vertex(0, -1, 2), Vertex(1, -2, 0), Vertex(1, -1, 4)]
Key: com.catan.model.RoundedPoint2D@11ec62, Value: [Vertex(-1, -2, 5), Vertex(-2, -1, 3)]
Key: com.catan.model.RoundedPoint2D@28ecd0, Value: [Vertex(1, -1, 2)]
Key: com.catan.model.RoundedPoint2D@1935e1, Value: [Vertex(0, 2, 5), Vertex(-1, 2, 1)]
Key: com.catan.model.RoundedPoint2D@2969d0, Value: [Vertex(1, 1, 1)]
Key: com.catan.model.RoundedPoint2D@18b8e1, Value: [Vertex(0, 0, 4), Vertex(-1, 0, 2), Vertex(-1, -1, 0)]
Key: com.catan.model.RoundedPoint2D@187a61, Value: [Vertex(-1, -2, 1), Vertex(0, -2, 5), Vertex(-1, -1, 3)]
Key: com.catan.model.RoundedPoint2D@15fe91, Value: [Vertex(-1, 2, 0)]
Key: com.catan.model.RoundedPoint2D@15c011, Value: [Vertex(-2, 1, 1), Vertex(-1, 2, 3), Vertex(-1, 1, 5)]
Key: com.catan.model.RoundedPoint2D@150491, Value: [Vertex(-1, -2, 3)]
Key: com.catan.model.RoundedPoint2D@154311, Value: [Vertex(-1, -2, 0), Vertex(-2, -1, 2), Vertex(-1, -1, 4)]
Key: com.catan.model.RoundedPoint2D@b9d02, Value: [Vertex(-2, 0, 4)]
Key: com.catan.model.RoundedPoint2D@2c62a0, Value: [Vertex(2, 0, 2)]
Key: com.catan.model.RoundedPoint2D@eb512, Value: [Vertex(-2, -1, 4)]
Key: com.catan.model.RoundedPoint2D@f3212, Value: [Vertex(-2, 1, 5)]
Key: com.catan.model.RoundedPoint2D@1fa481, Value: [Vertex(0, 1, 0), Vertex(1, 2, 4), Vertex(0, 2, 2)]
Key: com.catan.model.RoundedPoint2D@1f6601, Value: [Vertex(0, 0, 1), Vertex(0, 1, 3)]
Key: com.catan.model.RoundedPoint2D@1ee901, Value: [Vertex(0, -2, 2), Vertex(1, -2, 4)]
Key: com.catan.model.RoundedPoint2D@257700, Value: [Vertex(1, -2, 2)]
Key: com.catan.model.RoundedPoint2D@25f400, Value: [Vertex(1, 1, 3), Vertex(2, 0, 5)]
Key: com.catan.model.RoundedPoint2D@263280, Value: [Vertex(1, 1, 0), Vertex(1, 2, 2)]
Key: com.catan.model.RoundedPoint2D@1bf031, Value: [Vertex(0, -1, 5), Vertex(0, 0, 3), Vertex(-1, -1, 1)]
Key: com.catan.model.RoundedPoint2D@1c2eb1, Value: [Vertex(0, 0, 0), Vertex(0, 1, 4), Vertex(-1, 1, 2)]
Key: com.catan.model.RoundedPoint2D@124a22, Value: [Vertex(-2, 1, 3), Vertex(-2, 0, 1), Vertex(-1, 0, 5)]
Key: com.catan.model.RoundedPoint2D@1288a2, Value: [Vertex(-2, 1, 0), Vertex(-1, 2, 4)]
Key: com.catan.model.RoundedPoint2D@22bc91, Value: [Vertex(1, 1, 4), Vertex(0, 1, 2)]
Key: com.catan.model.RoundedPoint2D@227e11, Value: [Vertex(0, -1, 1), Vertex(1, -1, 5)]
Key: com.catan.model.RoundedPoint2D@11cd22, Value: [Vertex(-1, -2, 4)]
Key: com.catan.model.RoundedPoint2D@1916a1, Value: [Vertex(0, 2, 4), Vertex(-1, 2, 2), Vertex(-1, 1, 0)]
Key: com.catan.model.RoundedPoint2D@290c10, Value: [Vertex(1, -1, 1), Vertex(2, 0, 3)]
Key: com.catan.model.RoundedPoint2D@294a90, Value: [Vertex(1, 1, 2), Vertex(2, 0, 0)]
Key: com.catan.model.RoundedPoint2D@18d821, Value: [Vertex(0, 0, 5), Vertex(-1, 1, 3), Vertex(-1, 0, 1)]
Key: com.catan.model.RoundedPoint2D@185b21, Value: [Vertex(-1, -2, 2), Vertex(0, -2, 4)]
Key: com.catan.model.RoundedPoint2D@156251, Value: [Vertex(-2, -1, 1), Vertex(-1, 0, 3)]
Key: com.catan.model.RoundedPoint2D@15a0d1, Value: [Vertex(-2, 1, 2), Vertex(-1, 1, 4), Vertex(-1, 0, 0)]
Key: com.catan.model.RoundedPoint2D@bbc42, Value: [Vertex(-2, 0, 5)]
Key: com.catan.model.RoundedPoint2D@2c81e0, Value: [Vertex(2, 0, 1)]
Key: com.catan.model.RoundedPoint2D@ed452, Value: [Vertex(-2, 0, 3), Vertex(-2, -1, 5)]
Key: com.catan.model.RoundedPoint2D@f12d2, Value: [Vertex(-2, 1, 4), Vertex(-2, 0, 0)]
Key: com.catan.model.RoundedPoint2D@1fc3c1, Value: [Vertex(1, 2, 5), Vertex(0, 2, 1)]
Key: com.catan.model.RoundedPoint2D@1f0841, Value: [Vertex(0, -1, 3), Vertex(0, -2, 1), Vertex(1, -2, 5)]
Key: com.catan.model.RoundedPoint2D@1f46c1, Value: [Vertex(0, -1, 0), Vertex(0, 0, 2)]
Key: com.catan.model.RoundedPoint2D@25d4c0, Value: [Vertex(1, -1, 0), Vertex(2, 0, 4)]
Key: com.catan.model.RoundedPoint2D@259640, Value: [Vertex(1, -2, 1), Vertex(1, -1, 3)]
Key: com.catan.model.RoundedPoint2D@2651c0, Value: [Vertex(1, 2, 1)]
Key: com.catan.model.RoundedPoint2D@1b9271, Value: [Vertex(0, -2, 3)]
Key: com.catan.model.RoundedPoint2D@1bd0f1, Value: [Vertex(0, -1, 4), Vertex(0, -2, 0), Vertex(-1, -1, 2)]
Key: com.catan.model.RoundedPoint2D@1c8c71, Value: [Vertex(0, 2, 0)]
Key: com.catan.model.RoundedPoint2D@1c4df1, Value: [Vertex(0, 1, 5), Vertex(0, 2, 3), Vertex(-1, 1, 1)]
Key: com.catan.model.RoundedPoint2D@122ae2, Value: [Vertex(-2, 0, 2), Vertex(-2, -1, 0), Vertex(-1, 0, 4)]
Key: com.catan.model.RoundedPoint2D@12a7e2, Value: [Vertex(-1, 2, 5)]
Key: com.catan.model.RoundedPoint2D@231a51, Value: [Vertex(1, 2, 0)]
Key: com.catan.model.RoundedPoint2D@222051, Value: [Vertex(1, -2, 3)]
Key: com.catan.model.RoundedPoint2D@22dbd1, Value: [Vertex(1, 1, 5), Vertex(0, 1, 1), Vertex(1, 2, 3)]
Key: com.catan.model.RoundedPoint2D@225ed1, Value: [Vertex(0, -1, 2), Vertex(1, -2, 0), Vertex(1, -1, 4)]
Key: com.catan.model.RoundedPoint2D@11ec62, Value: [Vertex(-1, -2, 5), Vertex(-2, -1, 3)]
Key: com.catan.model.RoundedPoint2D@28ecd0, Value: [Vertex(1, -1, 2)]
Key: com.catan.model.RoundedPoint2D@1935e1, Value: [Vertex(0, 2, 5), Vertex(-1, 2, 1)]
Key: com.catan.model.RoundedPoint2D@2969d0, Value: [Vertex(1, 1, 1)]
Key: com.catan.model.RoundedPoint2D@18b8e1, Value: [Vertex(0, 0, 4), Vertex(-1, 0, 2), Vertex(-1, -1, 0)]
Key: com.catan.model.RoundedPoint2D@187a61, Value: [Vertex(-1, -2, 1), Vertex(0, -2, 5), Vertex(-1, -1, 3)]
Key: com.catan.model.RoundedPoint2D@15fe91, Value: [Vertex(-1, 2, 0)]
Key: com.catan.model.RoundedPoint2D@15c011, Value: [Vertex(-2, 1, 1), Vertex(-1, 2, 3), Vertex(-1, 1, 5)]
Key: com.catan.model.RoundedPoint2D@150491, Value: [Vertex(-1, -2, 3)]
Key: com.catan.model.RoundedPoint2D@154311, Value: [Vertex(-1, -2, 0), Vertex(-2, -1, 2), Vertex(-1, -1, 4)]
Key: com.catan.model.RoundedPoint2D@b9d02, Value: [Vertex(-2, 0, 4)]
Key: com.catan.model.RoundedPoint2D@2c62a0, Value: [Vertex(2, 0, 2)]
Key: com.catan.model.RoundedPoint2D@eb512, Value: [Vertex(-2, -1, 4)]
Key: com.catan.model.RoundedPoint2D@f3212, Value: [Vertex(-2, 1, 5)]
Key: com.catan.model.RoundedPoint2D@1fa481, Value: [Vertex(0, 1, 0), Vertex(1, 2, 4), Vertex(0, 2, 2)]
Key: com.catan.model.RoundedPoint2D@1f6601, Value: [Vertex(0, 0, 1), Vertex(0, 1, 3)]
Key: com.catan.model.RoundedPoint2D@1ee901, Value: [Vertex(0, -2, 2), Vertex(1, -2, 4)]
Key: com.catan.model.RoundedPoint2D@257700, Value: [Vertex(1, -2, 2)]
Key: com.catan.model.RoundedPoint2D@25f400, Value: [Vertex(1, 1, 3), Vertex(2, 0, 5)]
Key: com.catan.model.RoundedPoint2D@263280, Value: [Vertex(1, 1, 0), Vertex(1, 2, 2)]
Key: com.catan.model.RoundedPoint2D@1bf031, Value: [Vertex(0, -1, 5), Vertex(0, 0, 3), Vertex(-1, -1, 1)]
Key: com.catan.model.RoundedPoint2D@1c2eb1, Value: [Vertex(0, 0, 0), Vertex(0, 1, 4), Vertex(-1, 1, 2)]
Key: com.catan.model.RoundedPoint2D@124a22, Value: [Vertex(-2, 1, 3), Vertex(-2, 0, 1), Vertex(-1, 0, 5)]
Key: com.catan.model.RoundedPoint2D@1288a2, Value: [Vertex(-2, 1, 0), Vertex(-1, 2, 4)]
Key: com.catan.model.RoundedPoint2D@22bc91, Value: [Vertex(1, 1, 4), Vertex(0, 1, 2)]
Key: com.catan.model.RoundedPoint2D@227e11, Value: [Vertex(0, -1, 1), Vertex(1, -1, 5)]
Key: com.catan.model.RoundedPoint2D@11cd22, Value: [Vertex(-1, -2, 4)]
Key: com.catan.model.RoundedPoint2D@1916a1, Value: [Vertex(0, 2, 4), Vertex(-1, 2, 2), Vertex(-1, 1, 0)]
Key: com.catan.model.RoundedPoint2D@290c10, Value: [Vertex(1, -1, 1), Vertex(2, 0, 3)]
Key: com.catan.model.RoundedPoint2D@294a90, Value: [Vertex(1, 1, 2), Vertex(2, 0, 0)]
Key: com.catan.model.RoundedPoint2D@18d821, Value: [Vertex(0, 0, 5), Vertex(-1, 1, 3), Vertex(-1, 0, 1)]
Key: com.catan.model.RoundedPoint2D@185b21, Value: [Vertex(-1, -2, 2), Vertex(0, -2, 4)]
Key: com.catan.model.RoundedPoint2D@156251, Value: [Vertex(-2, -1, 1), Vertex(-1, 0, 3), Vertex(-1, -1, 5)]
Key: com.catan.model.RoundedPoint2D@15a0d1, Value: [Vertex(-2, 1, 2), Vertex(-1, 1, 4), Vertex(-1, 0, 0)]
Key: com.catan.model.RoundedPoint2D@bbc42, Value: [Vertex(-2, 0, 5)]
Key: com.catan.model.RoundedPoint2D@2c81e0, Value: [Vertex(2, 0, 1)]
Key: com.catan.model.RoundedPoint2D@ed452, Value: [Vertex(-2, 0, 3), Vertex(-2, -1, 5)]
Key: com.catan.model.RoundedPoint2D@f12d2, Value: [Vertex(-2, 1, 4), Vertex(-2, 0, 0)]
Key: com.catan.model.RoundedPoint2D@1fc3c1, Value: [Vertex(1, 2, 5), Vertex(0, 2, 1)]
Key: com.catan.model.RoundedPoint2D@1f0841, Value: [Vertex(0, -1, 3), Vertex(0, -2, 1), Vertex(1, -2, 5)]
Key: com.catan.model.RoundedPoint2D@1f46c1, Value: [Vertex(0, -1, 0), Vertex(0, 0, 2)]
Key: com.catan.model.RoundedPoint2D@25d4c0, Value: [Vertex(1, -1, 0), Vertex(2, 0, 4)]
Key: com.catan.model.RoundedPoint2D@259640, Value: [Vertex(1, -2, 1), Vertex(1, -1, 3)]
Key: com.catan.model.RoundedPoint2D@2651c0, Value: [Vertex(1, 2, 1)]
Key: com.catan.model.RoundedPoint2D@1b9271, Value: [Vertex(0, -2, 3)]
Key: com.catan.model.RoundedPoint2D@1bd0f1, Value: [Vertex(0, -1, 4), Vertex(0, -2, 0), Vertex(-1, -1, 2)]
Key: com.catan.model.RoundedPoint2D@1c8c71, Value: [Vertex(0, 2, 0)]
Key: com.catan.model.RoundedPoint2D@1c4df1, Value: [Vertex(0, 1, 5), Vertex(0, 2, 3), Vertex(-1, 1, 1)]
Key: com.catan.model.RoundedPoint2D@122ae2, Value: [Vertex(-2, 0, 2), Vertex(-2, -1, 0), Vertex(-1, 0, 4)]
Key: com.catan.model.RoundedPoint2D@12a7e2, Value: [Vertex(-1, 2, 5)]
Key: com.catan.model.RoundedPoint2D@231a51, Value: [Vertex(1, 2, 0)]
Key: com.catan.model.RoundedPoint2D@222051, Value: [Vertex(1, -2, 3)]
Key: com.catan.model.RoundedPoint2D@22dbd1, Value: [Vertex(1, 1, 5), Vertex(0, 1, 1), Vertex(1, 2, 3)]
Key: com.catan.model.RoundedPoint2D@225ed1, Value: [Vertex(0, -1, 2), Vertex(1, -2, 0), Vertex(1, -1, 4)]
Key: com.catan.model.RoundedPoint2D@11ec62, Value: [Vertex(-1, -2, 5), Vertex(-2, -1, 3)]
Key: com.catan.model.RoundedPoint2D@28ecd0, Value: [Vertex(1, -1, 2)]
Key: com.catan.model.RoundedPoint2D@1935e1, Value: [Vertex(0, 2, 5), Vertex(-1, 2, 1)]
Key: com.catan.model.RoundedPoint2D@2969d0, Value: [Vertex(1, 1, 1)]
Key: com.catan.model.RoundedPoint2D@18b8e1, Value: [Vertex(0, 0, 4), Vertex(-1, 0, 2), Vertex(-1, -1, 0)]
Key: com.catan.model.RoundedPoint2D@187a61, Value: [Vertex(-1, -2, 1), Vertex(0, -2, 5), Vertex(-1, -1, 3)]
Key: com.catan.model.RoundedPoint2D@15fe91, Value: [Vertex(-1, 2, 0)]
Key: com.catan.model.RoundedPoint2D@15c011, Value: [Vertex(-2, 1, 1), Vertex(-1, 2, 3), Vertex(-1, 1, 5)]
Key: com.catan.model.RoundedPoint2D@150491, Value: [Vertex(-1, -2, 3)]
Key: com.catan.model.RoundedPoint2D@154311, Value: [Vertex(-1, -2, 0), Vertex(-2, -1, 2), Vertex(-1, -1, 4)]
Key: com.catan.model.RoundedPoint2D@b9d02, Value: [Vertex(-2, 0, 4)]
Key: com.catan.model.RoundedPoint2D@2c62a0, Value: [Vertex(2, 0, 2)]
Key: com.catan.model.RoundedPoint2D@eb512, Value: [Vertex(-2, -1, 4)]
Key: com.catan.model.RoundedPoint2D@f3212, Value: [Vertex(-2, 1, 5)]
Key: com.catan.model.RoundedPoint2D@1fa481, Value: [Vertex(0, 1, 0), Vertex(1, 2, 4), Vertex(0, 2, 2)]
Key: com.catan.model.RoundedPoint2D@1f6601, Value: [Vertex(0, 0, 1), Vertex(0, 1, 3)]
Key: com.catan.model.RoundedPoint2D@1ee901, Value: [Vertex(0, -2, 2), Vertex(1, -2, 4)]
Key: com.catan.model.RoundedPoint2D@257700, Value: [Vertex(1, -2, 2)]
Key: com.catan.model.RoundedPoint2D@25f400, Value: [Vertex(1, 1, 3), Vertex(2, 0, 5)]
Key: com.catan.model.RoundedPoint2D@263280, Value: [Vertex(1, 1, 0), Vertex(1, 2, 2)]
Key: com.catan.model.RoundedPoint2D@1bf031, Value: [Vertex(0, -1, 5), Vertex(0, 0, 3), Vertex(-1, -1, 1)]
Key: com.catan.model.RoundedPoint2D@1c2eb1, Value: [Vertex(0, 0, 0), Vertex(0, 1, 4), Vertex(-1, 1, 2)]
Key: com.catan.model.RoundedPoint2D@124a22, Value: [Vertex(-2, 1, 3), Vertex(-2, 0, 1), Vertex(-1, 0, 5)]
Key: com.catan.model.RoundedPoint2D@1288a2, Value: [Vertex(-2, 1, 0), Vertex(-1, 2, 4)]
Key: com.catan.model.RoundedPoint2D@22bc91, Value: [Vertex(1, 1, 4), Vertex(0, 1, 2), Vertex(1, 0, 0)]
Key: com.catan.model.RoundedPoint2D@227e11, Value: [Vertex(0, -1, 1), Vertex(1, -1, 5)]
Key: com.catan.model.RoundedPoint2D@11cd22, Value: [Vertex(-1, -2, 4)]
Key: com.catan.model.RoundedPoint2D@1916a1, Value: [Vertex(0, 2, 4), Vertex(-1, 2, 2), Vertex(-1, 1, 0)]
Key: com.catan.model.RoundedPoint2D@290c10, Value: [Vertex(1, -1, 1), Vertex(2, 0, 3)]
Key: com.catan.model.RoundedPoint2D@294a90, Value: [Vertex(1, 1, 2), Vertex(2, 0, 0)]
Key: com.catan.model.RoundedPoint2D@18d821, Value: [Vertex(0, 0, 5), Vertex(-1, 1, 3), Vertex(-1, 0, 1)]
Key: com.catan.model.RoundedPoint2D@185b21, Value: [Vertex(-1, -2, 2), Vertex(0, -2, 4)]
Key: com.catan.model.RoundedPoint2D@156251, Value: [Vertex(-2, -1, 1), Vertex(-1, 0, 3), Vertex(-1, -1, 5)]
Key: com.catan.model.RoundedPoint2D@15a0d1, Value: [Vertex(-2, 1, 2), Vertex(-1, 1, 4), Vertex(-1, 0, 0)]
Key: com.catan.model.RoundedPoint2D@bbc42, Value: [Vertex(-2, 0, 5)]
Key: com.catan.model.RoundedPoint2D@2c81e0, Value: [Vertex(2, 0, 1)]
Key: com.catan.model.RoundedPoint2D@ed452, Value: [Vertex(-2, 0, 3), Vertex(-2, -1, 5)]
Key: com.catan.model.RoundedPoint2D@f12d2, Value: [Vertex(-2, 1, 4), Vertex(-2, 0, 0)]
Key: com.catan.model.RoundedPoint2D@1fc3c1, Value: [Vertex(1, 2, 5), Vertex(0, 2, 1)]
Key: com.catan.model.RoundedPoint2D@1f0841, Value: [Vertex(0, -1, 3), Vertex(0, -2, 1), Vertex(1, -2, 5)]
Key: com.catan.model.RoundedPoint2D@1f46c1, Value: [Vertex(0, -1, 0), Vertex(0, 0, 2)]
Key: com.catan.model.RoundedPoint2D@25d4c0, Value: [Vertex(1, -1, 0), Vertex(2, 0, 4)]
Key: com.catan.model.RoundedPoint2D@259640, Value: [Vertex(1, -2, 1), Vertex(1, -1, 3)]
Key: com.catan.model.RoundedPoint2D@2651c0, Value: [Vertex(1, 2, 1)]
Key: com.catan.model.RoundedPoint2D@1b9271, Value: [Vertex(0, -2, 3)]
Key: com.catan.model.RoundedPoint2D@1bd0f1, Value: [Vertex(0, -1, 4), Vertex(0, -2, 0), Vertex(-1, -1, 2)]
Key: com.catan.model.RoundedPoint2D@1c8c71, Value: [Vertex(0, 2, 0)]
Key: com.catan.model.RoundedPoint2D@1c4df1, Value: [Vertex(0, 1, 5), Vertex(0, 2, 3), Vertex(-1, 1, 1)]
Key: com.catan.model.RoundedPoint2D@122ae2, Value: [Vertex(-2, 0, 2), Vertex(-2, -1, 0), Vertex(-1, 0, 4)]
Key: com.catan.model.RoundedPoint2D@12a7e2, Value: [Vertex(-1, 2, 5)]
Key: com.catan.model.RoundedPoint2D@231a51, Value: [Vertex(1, 2, 0)]
Key: com.catan.model.RoundedPoint2D@222051, Value: [Vertex(1, -2, 3)]
Key: com.catan.model.RoundedPoint2D@22dbd1, Value: [Vertex(1, 1, 5), Vertex(0, 1, 1), Vertex(1, 2, 3)]
Key: com.catan.model.RoundedPoint2D@225ed1, Value: [Vertex(0, -1, 2), Vertex(1, -2, 0), Vertex(1, -1, 4)]
Key: com.catan.model.RoundedPoint2D@11ec62, Value: [Vertex(-1, -2, 5), Vertex(-2, -1, 3)]
Key: com.catan.model.RoundedPoint2D@28ecd0, Value: [Vertex(1, -1, 2)]
Key: com.catan.model.RoundedPoint2D@1935e1, Value: [Vertex(0, 2, 5), Vertex(-1, 2, 1)]
Key: com.catan.model.RoundedPoint2D@2969d0, Value: [Vertex(1, 1, 1)]
Key: com.catan.model.RoundedPoint2D@18b8e1, Value: [Vertex(0, 0, 4), Vertex(-1, 0, 2), Vertex(-1, -1, 0)]
Key: com.catan.model.RoundedPoint2D@187a61, Value: [Vertex(-1, -2, 1), Vertex(0, -2, 5), Vertex(-1, -1, 3)]
Key: com.catan.model.RoundedPoint2D@15fe91, Value: [Vertex(-1, 2, 0)]
Key: com.catan.model.RoundedPoint2D@15c011, Value: [Vertex(-2, 1, 1), Vertex(-1, 2, 3), Vertex(-1, 1, 5)]
Key: com.catan.model.RoundedPoint2D@150491, Value: [Vertex(-1, -2, 3)]
Key: com.catan.model.RoundedPoint2D@154311, Value: [Vertex(-1, -2, 0), Vertex(-2, -1, 2), Vertex(-1, -1, 4)]
Key: com.catan.model.RoundedPoint2D@b9d02, Value: [Vertex(-2, 0, 4)]
Key: com.catan.model.RoundedPoint2D@2c62a0, Value: [Vertex(2, 0, 2)]
Key: com.catan.model.RoundedPoint2D@eb512, Value: [Vertex(-2, -1, 4)]
Key: com.catan.model.RoundedPoint2D@f3212, Value: [Vertex(-2, 1, 5)]
Key: com.catan.model.RoundedPoint2D@1fa481, Value: [Vertex(0, 1, 0), Vertex(1, 2, 4), Vertex(0, 2, 2)]
Key: com.catan.model.RoundedPoint2D@1f6601, Value: [Vertex(0, 0, 1), Vertex(0, 1, 3)]
Key: com.catan.model.RoundedPoint2D@1ee901, Value: [Vertex(0, -2, 2), Vertex(1, -2, 4)]
Key: com.catan.model.RoundedPoint2D@257700, Value: [Vertex(1, -2, 2)]
Key: com.catan.model.RoundedPoint2D@25f400, Value: [Vertex(1, 1, 3), Vertex(2, 0, 5), Vertex(1, 0, 1)]
Key: com.catan.model.RoundedPoint2D@263280, Value: [Vertex(1, 1, 0), Vertex(1, 2, 2)]
Key: com.catan.model.RoundedPoint2D@1bf031, Value: [Vertex(0, -1, 5), Vertex(0, 0, 3), Vertex(-1, -1, 1)]
Key: com.catan.model.RoundedPoint2D@1c2eb1, Value: [Vertex(0, 0, 0), Vertex(0, 1, 4), Vertex(-1, 1, 2)]
Key: com.catan.model.RoundedPoint2D@124a22, Value: [Vertex(-2, 1, 3), Vertex(-2, 0, 1), Vertex(-1, 0, 5)]
Key: com.catan.model.RoundedPoint2D@1288a2, Value: [Vertex(-2, 1, 0), Vertex(-1, 2, 4)]
Key: com.catan.model.RoundedPoint2D@22bc91, Value: [Vertex(1, 1, 4), Vertex(0, 1, 2), Vertex(1, 0, 0)]
Key: com.catan.model.RoundedPoint2D@227e11, Value: [Vertex(0, -1, 1), Vertex(1, -1, 5)]
Key: com.catan.model.RoundedPoint2D@11cd22, Value: [Vertex(-1, -2, 4)]
Key: com.catan.model.RoundedPoint2D@1916a1, Value: [Vertex(0, 2, 4), Vertex(-1, 2, 2), Vertex(-1, 1, 0)]
Key: com.catan.model.RoundedPoint2D@290c10, Value: [Vertex(1, -1, 1), Vertex(2, 0, 3)]
Key: com.catan.model.RoundedPoint2D@294a90, Value: [Vertex(1, 1, 2), Vertex(2, 0, 0)]
Key: com.catan.model.RoundedPoint2D@18d821, Value: [Vertex(0, 0, 5), Vertex(-1, 1, 3), Vertex(-1, 0, 1)]
Key: com.catan.model.RoundedPoint2D@185b21, Value: [Vertex(-1, -2, 2), Vertex(0, -2, 4)]
Key: com.catan.model.RoundedPoint2D@156251, Value: [Vertex(-2, -1, 1), Vertex(-1, 0, 3), Vertex(-1, -1, 5)]
Key: com.catan.model.RoundedPoint2D@15a0d1, Value: [Vertex(-2, 1, 2), Vertex(-1, 1, 4), Vertex(-1, 0, 0)]
Key: com.catan.model.RoundedPoint2D@bbc42, Value: [Vertex(-2, 0, 5)]
Key: com.catan.model.RoundedPoint2D@2c81e0, Value: [Vertex(2, 0, 1)]
Key: com.catan.model.RoundedPoint2D@ed452, Value: [Vertex(-2, 0, 3), Vertex(-2, -1, 5)]
Key: com.catan.model.RoundedPoint2D@f12d2, Value: [Vertex(-2, 1, 4), Vertex(-2, 0, 0)]
Key: com.catan.model.RoundedPoint2D@1fc3c1, Value: [Vertex(1, 2, 5), Vertex(0, 2, 1)]
Key: com.catan.model.RoundedPoint2D@1f0841, Value: [Vertex(0, -1, 3), Vertex(0, -2, 1), Vertex(1, -2, 5)]
Key: com.catan.model.RoundedPoint2D@1f46c1, Value: [Vertex(0, -1, 0), Vertex(0, 0, 2)]
Key: com.catan.model.RoundedPoint2D@25d4c0, Value: [Vertex(1, -1, 0), Vertex(2, 0, 4)]
Key: com.catan.model.RoundedPoint2D@259640, Value: [Vertex(1, -2, 1), Vertex(1, -1, 3)]
Key: com.catan.model.RoundedPoint2D@2651c0, Value: [Vertex(1, 2, 1)]
Key: com.catan.model.RoundedPoint2D@1b9271, Value: [Vertex(0, -2, 3)]
Key: com.catan.model.RoundedPoint2D@1bd0f1, Value: [Vertex(0, -1, 4), Vertex(0, -2, 0), Vertex(-1, -1, 2)]
Key: com.catan.model.RoundedPoint2D@1c8c71, Value: [Vertex(0, 2, 0)]
Key: com.catan.model.RoundedPoint2D@1c4df1, Value: [Vertex(0, 1, 5), Vertex(0, 2, 3), Vertex(-1, 1, 1)]
Key: com.catan.model.RoundedPoint2D@122ae2, Value: [Vertex(-2, 0, 2), Vertex(-2, -1, 0), Vertex(-1, 0, 4)]
Key: com.catan.model.RoundedPoint2D@12a7e2, Value: [Vertex(-1, 2, 5)]
Key: com.catan.model.RoundedPoint2D@231a51, Value: [Vertex(1, 2, 0)]
Key: com.catan.model.RoundedPoint2D@222051, Value: [Vertex(1, -2, 3)]
Key: com.catan.model.RoundedPoint2D@22dbd1, Value: [Vertex(1, 1, 5), Vertex(0, 1, 1), Vertex(1, 2, 3)]
Key: com.catan.model.RoundedPoint2D@225ed1, Value: [Vertex(0, -1, 2), Vertex(1, -2, 0), Vertex(1, -1, 4)]
Key: com.catan.model.RoundedPoint2D@11ec62, Value: [Vertex(-1, -2, 5), Vertex(-2, -1, 3)]
Key: com.catan.model.RoundedPoint2D@28ecd0, Value: [Vertex(1, -1, 2)]
Key: com.catan.model.RoundedPoint2D@1935e1, Value: [Vertex(0, 2, 5), Vertex(-1, 2, 1)]
Key: com.catan.model.RoundedPoint2D@2969d0, Value: [Vertex(1, 1, 1)]
Key: com.catan.model.RoundedPoint2D@18b8e1, Value: [Vertex(0, 0, 4), Vertex(-1, 0, 2), Vertex(-1, -1, 0)]
Key: com.catan.model.RoundedPoint2D@187a61, Value: [Vertex(-1, -2, 1), Vertex(0, -2, 5), Vertex(-1, -1, 3)]
Key: com.catan.model.RoundedPoint2D@15fe91, Value: [Vertex(-1, 2, 0)]
Key: com.catan.model.RoundedPoint2D@15c011, Value: [Vertex(-2, 1, 1), Vertex(-1, 2, 3), Vertex(-1, 1, 5)]
Key: com.catan.model.RoundedPoint2D@150491, Value: [Vertex(-1, -2, 3)]
Key: com.catan.model.RoundedPoint2D@154311, Value: [Vertex(-1, -2, 0), Vertex(-2, -1, 2), Vertex(-1, -1, 4)]
Key: com.catan.model.RoundedPoint2D@b9d02, Value: [Vertex(-2, 0, 4)]
Key: com.catan.model.RoundedPoint2D@2c62a0, Value: [Vertex(2, 0, 2)]
Key: com.catan.model.RoundedPoint2D@eb512, Value: [Vertex(-2, -1, 4)]
Key: com.catan.model.RoundedPoint2D@f3212, Value: [Vertex(-2, 1, 5)]
Key: com.catan.model.RoundedPoint2D@1fa481, Value: [Vertex(0, 1, 0), Vertex(1, 2, 4), Vertex(0, 2, 2)]
Key: com.catan.model.RoundedPoint2D@1f6601, Value: [Vertex(0, 0, 1), Vertex(0, 1, 3)]
Key: com.catan.model.RoundedPoint2D@1ee901, Value: [Vertex(0, -2, 2), Vertex(1, -2, 4)]
Key: com.catan.model.RoundedPoint2D@257700, Value: [Vertex(1, -2, 2)]
Key: com.catan.model.RoundedPoint2D@25f400, Value: [Vertex(1, 1, 3), Vertex(2, 0, 5), Vertex(1, 0, 1)]
Key: com.catan.model.RoundedPoint2D@263280, Value: [Vertex(1, 1, 0), Vertex(1, 2, 2)]
Key: com.catan.model.RoundedPoint2D@1bf031, Value: [Vertex(0, -1, 5), Vertex(0, 0, 3), Vertex(-1, -1, 1)]
Key: com.catan.model.RoundedPoint2D@1c2eb1, Value: [Vertex(0, 0, 0), Vertex(0, 1, 4), Vertex(-1, 1, 2)]
Key: com.catan.model.RoundedPoint2D@124a22, Value: [Vertex(-2, 1, 3), Vertex(-2, 0, 1), Vertex(-1, 0, 5)]
Key: com.catan.model.RoundedPoint2D@1288a2, Value: [Vertex(-2, 1, 0), Vertex(-1, 2, 4)]
Key: com.catan.model.RoundedPoint2D@22bc91, Value: [Vertex(1, 1, 4), Vertex(0, 1, 2), Vertex(1, 0, 0)]
Key: com.catan.model.RoundedPoint2D@227e11, Value: [Vertex(0, -1, 1), Vertex(1, -1, 5)]
Key: com.catan.model.RoundedPoint2D@11cd22, Value: [Vertex(-1, -2, 4)]
Key: com.catan.model.RoundedPoint2D@1916a1, Value: [Vertex(0, 2, 4), Vertex(-1, 2, 2), Vertex(-1, 1, 0)]
Key: com.catan.model.RoundedPoint2D@290c10, Value: [Vertex(1, -1, 1), Vertex(2, 0, 3)]
Key: com.catan.model.RoundedPoint2D@294a90, Value: [Vertex(1, 1, 2), Vertex(2, 0, 0)]
Key: com.catan.model.RoundedPoint2D@18d821, Value: [Vertex(0, 0, 5), Vertex(-1, 1, 3), Vertex(-1, 0, 1)]
Key: com.catan.model.RoundedPoint2D@185b21, Value: [Vertex(-1, -2, 2), Vertex(0, -2, 4)]
Key: com.catan.model.RoundedPoint2D@156251, Value: [Vertex(-2, -1, 1), Vertex(-1, 0, 3), Vertex(-1, -1, 5)]
Key: com.catan.model.RoundedPoint2D@15a0d1, Value: [Vertex(-2, 1, 2), Vertex(-1, 1, 4), Vertex(-1, 0, 0)]
Key: com.catan.model.RoundedPoint2D@bbc42, Value: [Vertex(-2, 0, 5)]
Key: com.catan.model.RoundedPoint2D@2c81e0, Value: [Vertex(2, 0, 1)]
Key: com.catan.model.RoundedPoint2D@ed452, Value: [Vertex(-2, 0, 3), Vertex(-2, -1, 5)]
Key: com.catan.model.RoundedPoint2D@f12d2, Value: [Vertex(-2, 1, 4), Vertex(-2, 0, 0)]
Key: com.catan.model.RoundedPoint2D@1fc3c1, Value: [Vertex(1, 2, 5), Vertex(0, 2, 1)]
Key: com.catan.model.RoundedPoint2D@1f0841, Value: [Vertex(0, -1, 3), Vertex(0, -2, 1), Vertex(1, -2, 5)]
Key: com.catan.model.RoundedPoint2D@1f46c1, Value: [Vertex(0, -1, 0), Vertex(0, 0, 2)]
Key: com.catan.model.RoundedPoint2D@25d4c0, Value: [Vertex(1, -1, 0), Vertex(2, 0, 4), Vertex(1, 0, 2)]
Key: com.catan.model.RoundedPoint2D@259640, Value: [Vertex(1, -2, 1), Vertex(1, -1, 3)]
Key: com.catan.model.RoundedPoint2D@2651c0, Value: [Vertex(1, 2, 1)]
Key: com.catan.model.RoundedPoint2D@1b9271, Value: [Vertex(0, -2, 3)]
Key: com.catan.model.RoundedPoint2D@1bd0f1, Value: [Vertex(0, -1, 4), Vertex(0, -2, 0), Vertex(-1, -1, 2)]
Key: com.catan.model.RoundedPoint2D@1c8c71, Value: [Vertex(0, 2, 0)]
Key: com.catan.model.RoundedPoint2D@1c4df1, Value: [Vertex(0, 1, 5), Vertex(0, 2, 3), Vertex(-1, 1, 1)]
Key: com.catan.model.RoundedPoint2D@122ae2, Value: [Vertex(-2, 0, 2), Vertex(-2, -1, 0), Vertex(-1, 0, 4)]
Key: com.catan.model.RoundedPoint2D@12a7e2, Value: [Vertex(-1, 2, 5)]
Key: com.catan.model.RoundedPoint2D@231a51, Value: [Vertex(1, 2, 0)]
Key: com.catan.model.RoundedPoint2D@222051, Value: [Vertex(1, -2, 3)]
Key: com.catan.model.RoundedPoint2D@22dbd1, Value: [Vertex(1, 1, 5), Vertex(0, 1, 1), Vertex(1, 2, 3)]
Key: com.catan.model.RoundedPoint2D@225ed1, Value: [Vertex(0, -1, 2), Vertex(1, -2, 0), Vertex(1, -1, 4)]
Key: com.catan.model.RoundedPoint2D@11ec62, Value: [Vertex(-1, -2, 5), Vertex(-2, -1, 3)]
Key: com.catan.model.RoundedPoint2D@28ecd0, Value: [Vertex(1, -1, 2)]
Key: com.catan.model.RoundedPoint2D@1935e1, Value: [Vertex(0, 2, 5), Vertex(-1, 2, 1)]
Key: com.catan.model.RoundedPoint2D@2969d0, Value: [Vertex(1, 1, 1)]
Key: com.catan.model.RoundedPoint2D@18b8e1, Value: [Vertex(0, 0, 4), Vertex(-1, 0, 2), Vertex(-1, -1, 0)]
Key: com.catan.model.RoundedPoint2D@187a61, Value: [Vertex(-1, -2, 1), Vertex(0, -2, 5), Vertex(-1, -1, 3)]
Key: com.catan.model.RoundedPoint2D@15fe91, Value: [Vertex(-1, 2, 0)]
Key: com.catan.model.RoundedPoint2D@15c011, Value: [Vertex(-2, 1, 1), Vertex(-1, 2, 3), Vertex(-1, 1, 5)]
Key: com.catan.model.RoundedPoint2D@150491, Value: [Vertex(-1, -2, 3)]
Key: com.catan.model.RoundedPoint2D@154311, Value: [Vertex(-1, -2, 0), Vertex(-2, -1, 2), Vertex(-1, -1, 4)]
Key: com.catan.model.RoundedPoint2D@b9d02, Value: [Vertex(-2, 0, 4)]
Key: com.catan.model.RoundedPoint2D@2c62a0, Value: [Vertex(2, 0, 2)]
Key: com.catan.model.RoundedPoint2D@eb512, Value: [Vertex(-2, -1, 4)]
Key: com.catan.model.RoundedPoint2D@f3212, Value: [Vertex(-2, 1, 5)]
Key: com.catan.model.RoundedPoint2D@1fa481, Value: [Vertex(0, 1, 0), Vertex(1, 2, 4), Vertex(0, 2, 2)]
Key: com.catan.model.RoundedPoint2D@1f6601, Value: [Vertex(0, 0, 1), Vertex(0, 1, 3)]
Key: com.catan.model.RoundedPoint2D@1ee901, Value: [Vertex(0, -2, 2), Vertex(1, -2, 4)]
Key: com.catan.model.RoundedPoint2D@257700, Value: [Vertex(1, -2, 2)]
Key: com.catan.model.RoundedPoint2D@25f400, Value: [Vertex(1, 1, 3), Vertex(2, 0, 5), Vertex(1, 0, 1)]
Key: com.catan.model.RoundedPoint2D@263280, Value: [Vertex(1, 1, 0), Vertex(1, 2, 2)]
Key: com.catan.model.RoundedPoint2D@1bf031, Value: [Vertex(0, -1, 5), Vertex(0, 0, 3), Vertex(-1, -1, 1)]
Key: com.catan.model.RoundedPoint2D@1c2eb1, Value: [Vertex(0, 0, 0), Vertex(0, 1, 4), Vertex(-1, 1, 2)]
Key: com.catan.model.RoundedPoint2D@124a22, Value: [Vertex(-2, 1, 3), Vertex(-2, 0, 1), Vertex(-1, 0, 5)]
Key: com.catan.model.RoundedPoint2D@1288a2, Value: [Vertex(-2, 1, 0), Vertex(-1, 2, 4)]
Key: com.catan.model.RoundedPoint2D@22bc91, Value: [Vertex(1, 1, 4), Vertex(0, 1, 2), Vertex(1, 0, 0)]
Key: com.catan.model.RoundedPoint2D@227e11, Value: [Vertex(0, -1, 1), Vertex(1, -1, 5), Vertex(1, 0, 3)]
Key: com.catan.model.RoundedPoint2D@11cd22, Value: [Vertex(-1, -2, 4)]
Key: com.catan.model.RoundedPoint2D@1916a1, Value: [Vertex(0, 2, 4), Vertex(-1, 2, 2), Vertex(-1, 1, 0)]
Key: com.catan.model.RoundedPoint2D@290c10, Value: [Vertex(1, -1, 1), Vertex(2, 0, 3)]
Key: com.catan.model.RoundedPoint2D@294a90, Value: [Vertex(1, 1, 2), Vertex(2, 0, 0)]
Key: com.catan.model.RoundedPoint2D@18d821, Value: [Vertex(0, 0, 5), Vertex(-1, 1, 3), Vertex(-1, 0, 1)]
Key: com.catan.model.RoundedPoint2D@185b21, Value: [Vertex(-1, -2, 2), Vertex(0, -2, 4)]
Key: com.catan.model.RoundedPoint2D@156251, Value: [Vertex(-2, -1, 1), Vertex(-1, 0, 3), Vertex(-1, -1, 5)]
Key: com.catan.model.RoundedPoint2D@15a0d1, Value: [Vertex(-2, 1, 2), Vertex(-1, 1, 4), Vertex(-1, 0, 0)]
Key: com.catan.model.RoundedPoint2D@bbc42, Value: [Vertex(-2, 0, 5)]
Key: com.catan.model.RoundedPoint2D@2c81e0, Value: [Vertex(2, 0, 1)]
Key: com.catan.model.RoundedPoint2D@ed452, Value: [Vertex(-2, 0, 3), Vertex(-2, -1, 5)]
Key: com.catan.model.RoundedPoint2D@f12d2, Value: [Vertex(-2, 1, 4), Vertex(-2, 0, 0)]
Key: com.catan.model.RoundedPoint2D@1fc3c1, Value: [Vertex(1, 2, 5), Vertex(0, 2, 1)]
Key: com.catan.model.RoundedPoint2D@1f0841, Value: [Vertex(0, -1, 3), Vertex(0, -2, 1), Vertex(1, -2, 5)]
Key: com.catan.model.RoundedPoint2D@1f46c1, Value: [Vertex(0, -1, 0), Vertex(0, 0, 2)]
Key: com.catan.model.RoundedPoint2D@25d4c0, Value: [Vertex(1, -1, 0), Vertex(2, 0, 4), Vertex(1, 0, 2)]
Key: com.catan.model.RoundedPoint2D@259640, Value: [Vertex(1, -2, 1), Vertex(1, -1, 3)]
Key: com.catan.model.RoundedPoint2D@2651c0, Value: [Vertex(1, 2, 1)]
Key: com.catan.model.RoundedPoint2D@1b9271, Value: [Vertex(0, -2, 3)]
Key: com.catan.model.RoundedPoint2D@1bd0f1, Value: [Vertex(0, -1, 4), Vertex(0, -2, 0), Vertex(-1, -1, 2)]
Key: com.catan.model.RoundedPoint2D@1c8c71, Value: [Vertex(0, 2, 0)]
Key: com.catan.model.RoundedPoint2D@1c4df1, Value: [Vertex(0, 1, 5), Vertex(0, 2, 3), Vertex(-1, 1, 1)]
Key: com.catan.model.RoundedPoint2D@122ae2, Value: [Vertex(-2, 0, 2), Vertex(-2, -1, 0), Vertex(-1, 0, 4)]
Key: com.catan.model.RoundedPoint2D@12a7e2, Value: [Vertex(-1, 2, 5)]
Key: com.catan.model.RoundedPoint2D@231a51, Value: [Vertex(1, 2, 0)]
Key: com.catan.model.RoundedPoint2D@222051, Value: [Vertex(1, -2, 3)]
Key: com.catan.model.RoundedPoint2D@22dbd1, Value: [Vertex(1, 1, 5), Vertex(0, 1, 1), Vertex(1, 2, 3)]
Key: com.catan.model.RoundedPoint2D@225ed1, Value: [Vertex(0, -1, 2), Vertex(1, -2, 0), Vertex(1, -1, 4)]
Key: com.catan.model.RoundedPoint2D@11ec62, Value: [Vertex(-1, -2, 5), Vertex(-2, -1, 3)]
Key: com.catan.model.RoundedPoint2D@28ecd0, Value: [Vertex(1, -1, 2)]
Key: com.catan.model.RoundedPoint2D@1935e1, Value: [Vertex(0, 2, 5), Vertex(-1, 2, 1)]
Key: com.catan.model.RoundedPoint2D@2969d0, Value: [Vertex(1, 1, 1)]
Key: com.catan.model.RoundedPoint2D@18b8e1, Value: [Vertex(0, 0, 4), Vertex(-1, 0, 2), Vertex(-1, -1, 0)]
Key: com.catan.model.RoundedPoint2D@187a61, Value: [Vertex(-1, -2, 1), Vertex(0, -2, 5), Vertex(-1, -1, 3)]
Key: com.catan.model.RoundedPoint2D@15fe91, Value: [Vertex(-1, 2, 0)]
Key: com.catan.model.RoundedPoint2D@15c011, Value: [Vertex(-2, 1, 1), Vertex(-1, 2, 3), Vertex(-1, 1, 5)]
Key: com.catan.model.RoundedPoint2D@150491, Value: [Vertex(-1, -2, 3)]
Key: com.catan.model.RoundedPoint2D@154311, Value: [Vertex(-1, -2, 0), Vertex(-2, -1, 2), Vertex(-1, -1, 4)]
Key: com.catan.model.RoundedPoint2D@b9d02, Value: [Vertex(-2, 0, 4)]
Key: com.catan.model.RoundedPoint2D@2c62a0, Value: [Vertex(2, 0, 2)]
Key: com.catan.model.RoundedPoint2D@eb512, Value: [Vertex(-2, -1, 4)]
Key: com.catan.model.RoundedPoint2D@f3212, Value: [Vertex(-2, 1, 5)]
Key: com.catan.model.RoundedPoint2D@1fa481, Value: [Vertex(0, 1, 0), Vertex(1, 2, 4), Vertex(0, 2, 2)]
Key: com.catan.model.RoundedPoint2D@1f6601, Value: [Vertex(0, 0, 1), Vertex(0, 1, 3)]
Key: com.catan.model.RoundedPoint2D@1ee901, Value: [Vertex(0, -2, 2), Vertex(1, -2, 4)]
Key: com.catan.model.RoundedPoint2D@257700, Value: [Vertex(1, -2, 2)]
Key: com.catan.model.RoundedPoint2D@25f400, Value: [Vertex(1, 1, 3), Vertex(2, 0, 5), Vertex(1, 0, 1)]
Key: com.catan.model.RoundedPoint2D@263280, Value: [Vertex(1, 1, 0), Vertex(1, 2, 2)]
Key: com.catan.model.RoundedPoint2D@1bf031, Value: [Vertex(0, -1, 5), Vertex(0, 0, 3), Vertex(-1, -1, 1)]
Key: com.catan.model.RoundedPoint2D@1c2eb1, Value: [Vertex(0, 0, 0), Vertex(0, 1, 4), Vertex(-1, 1, 2)]
Key: com.catan.model.RoundedPoint2D@124a22, Value: [Vertex(-2, 1, 3), Vertex(-2, 0, 1), Vertex(-1, 0, 5)]
Key: com.catan.model.RoundedPoint2D@1288a2, Value: [Vertex(-2, 1, 0), Vertex(-1, 2, 4)]
Key: com.catan.model.RoundedPoint2D@22bc91, Value: [Vertex(1, 1, 4), Vertex(0, 1, 2), Vertex(1, 0, 0)]
Key: com.catan.model.RoundedPoint2D@227e11, Value: [Vertex(0, -1, 1), Vertex(1, -1, 5), Vertex(1, 0, 3)]
Key: com.catan.model.RoundedPoint2D@11cd22, Value: [Vertex(-1, -2, 4)]
Key: com.catan.model.RoundedPoint2D@1916a1, Value: [Vertex(0, 2, 4), Vertex(-1, 2, 2), Vertex(-1, 1, 0)]
Key: com.catan.model.RoundedPoint2D@290c10, Value: [Vertex(1, -1, 1), Vertex(2, 0, 3)]
Key: com.catan.model.RoundedPoint2D@294a90, Value: [Vertex(1, 1, 2), Vertex(2, 0, 0)]
Key: com.catan.model.RoundedPoint2D@18d821, Value: [Vertex(0, 0, 5), Vertex(-1, 1, 3), Vertex(-1, 0, 1)]
Key: com.catan.model.RoundedPoint2D@185b21, Value: [Vertex(-1, -2, 2), Vertex(0, -2, 4)]
Key: com.catan.model.RoundedPoint2D@156251, Value: [Vertex(-2, -1, 1), Vertex(-1, 0, 3), Vertex(-1, -1, 5)]
Key: com.catan.model.RoundedPoint2D@15a0d1, Value: [Vertex(-2, 1, 2), Vertex(-1, 1, 4), Vertex(-1, 0, 0)]
Key: com.catan.model.RoundedPoint2D@bbc42, Value: [Vertex(-2, 0, 5)]
Key: com.catan.model.RoundedPoint2D@2c81e0, Value: [Vertex(2, 0, 1)]
Key: com.catan.model.RoundedPoint2D@ed452, Value: [Vertex(-2, 0, 3), Vertex(-2, -1, 5)]
Key: com.catan.model.RoundedPoint2D@f12d2, Value: [Vertex(-2, 1, 4), Vertex(-2, 0, 0)]
Key: com.catan.model.RoundedPoint2D@1fc3c1, Value: [Vertex(1, 2, 5), Vertex(0, 2, 1)]
Key: com.catan.model.RoundedPoint2D@1f0841, Value: [Vertex(0, -1, 3), Vertex(0, -2, 1), Vertex(1, -2, 5)]
Key: com.catan.model.RoundedPoint2D@1f46c1, Value: [Vertex(0, -1, 0), Vertex(0, 0, 2), Vertex(1, 0, 4)]
Key: com.catan.model.RoundedPoint2D@25d4c0, Value: [Vertex(1, -1, 0), Vertex(2, 0, 4), Vertex(1, 0, 2)]
Key: com.catan.model.RoundedPoint2D@259640, Value: [Vertex(1, -2, 1), Vertex(1, -1, 3)]
Key: com.catan.model.RoundedPoint2D@2651c0, Value: [Vertex(1, 2, 1)]
Key: com.catan.model.RoundedPoint2D@1b9271, Value: [Vertex(0, -2, 3)]
Key: com.catan.model.RoundedPoint2D@1bd0f1, Value: [Vertex(0, -1, 4), Vertex(0, -2, 0), Vertex(-1, -1, 2)]
Key: com.catan.model.RoundedPoint2D@1c8c71, Value: [Vertex(0, 2, 0)]
Key: com.catan.model.RoundedPoint2D@1c4df1, Value: [Vertex(0, 1, 5), Vertex(0, 2, 3), Vertex(-1, 1, 1)]
Key: com.catan.model.RoundedPoint2D@122ae2, Value: [Vertex(-2, 0, 2), Vertex(-2, -1, 0), Vertex(-1, 0, 4)]
Key: com.catan.model.RoundedPoint2D@12a7e2, Value: [Vertex(-1, 2, 5)]
Key: com.catan.model.RoundedPoint2D@231a51, Value: [Vertex(1, 2, 0)]
Key: com.catan.model.RoundedPoint2D@222051, Value: [Vertex(1, -2, 3)]
Key: com.catan.model.RoundedPoint2D@22dbd1, Value: [Vertex(1, 1, 5), Vertex(0, 1, 1), Vertex(1, 2, 3)]
Key: com.catan.model.RoundedPoint2D@225ed1, Value: [Vertex(0, -1, 2), Vertex(1, -2, 0), Vertex(1, -1, 4)]
Key: com.catan.model.RoundedPoint2D@11ec62, Value: [Vertex(-1, -2, 5), Vertex(-2, -1, 3)]
Key: com.catan.model.RoundedPoint2D@28ecd0, Value: [Vertex(1, -1, 2)]
Key: com.catan.model.RoundedPoint2D@1935e1, Value: [Vertex(0, 2, 5), Vertex(-1, 2, 1)]
Key: com.catan.model.RoundedPoint2D@2969d0, Value: [Vertex(1, 1, 1)]
Key: com.catan.model.RoundedPoint2D@18b8e1, Value: [Vertex(0, 0, 4), Vertex(-1, 0, 2), Vertex(-1, -1, 0)]
Key: com.catan.model.RoundedPoint2D@187a61, Value: [Vertex(-1, -2, 1), Vertex(0, -2, 5), Vertex(-1, -1, 3)]
Key: com.catan.model.RoundedPoint2D@15fe91, Value: [Vertex(-1, 2, 0)]
Key: com.catan.model.RoundedPoint2D@15c011, Value: [Vertex(-2, 1, 1), Vertex(-1, 2, 3), Vertex(-1, 1, 5)]
Key: com.catan.model.RoundedPoint2D@150491, Value: [Vertex(-1, -2, 3)]
Key: com.catan.model.RoundedPoint2D@154311, Value: [Vertex(-1, -2, 0), Vertex(-2, -1, 2), Vertex(-1, -1, 4)]
Key: com.catan.model.RoundedPoint2D@b9d02, Value: [Vertex(-2, 0, 4)]
Key: com.catan.model.RoundedPoint2D@2c62a0, Value: [Vertex(2, 0, 2)]
Key: com.catan.model.RoundedPoint2D@eb512, Value: [Vertex(-2, -1, 4)]
Key: com.catan.model.RoundedPoint2D@f3212, Value: [Vertex(-2, 1, 5)]
Key: com.catan.model.RoundedPoint2D@1fa481, Value: [Vertex(0, 1, 0), Vertex(1, 2, 4), Vertex(0, 2, 2)]
Key: com.catan.model.RoundedPoint2D@1f6601, Value: [Vertex(0, 0, 1), Vertex(0, 1, 3), Vertex(1, 0, 5)]
Key: com.catan.model.RoundedPoint2D@1ee901, Value: [Vertex(0, -2, 2), Vertex(1, -2, 4)]
Key: com.catan.model.RoundedPoint2D@257700, Value: [Vertex(1, -2, 2)]
Key: com.catan.model.RoundedPoint2D@25f400, Value: [Vertex(1, 1, 3), Vertex(2, 0, 5), Vertex(1, 0, 1)]
Key: com.catan.model.RoundedPoint2D@263280, Value: [Vertex(1, 1, 0), Vertex(1, 2, 2)]
Key: com.catan.model.RoundedPoint2D@1bf031, Value: [Vertex(0, -1, 5), Vertex(0, 0, 3), Vertex(-1, -1, 1)]
Key: com.catan.model.RoundedPoint2D@1c2eb1, Value: [Vertex(0, 0, 0), Vertex(0, 1, 4), Vertex(-1, 1, 2)]
Key: com.catan.model.RoundedPoint2D@124a22, Value: [Vertex(-2, 1, 3), Vertex(-2, 0, 1), Vertex(-1, 0, 5)]
Key: com.catan.model.RoundedPoint2D@1288a2, Value: [Vertex(-2, 1, 0), Vertex(-1, 2, 4)]
Key: com.catan.model.RoundedPoint2D@22bc91, Value: [Vertex(1, 1, 4), Vertex(0, 1, 2), Vertex(1, 0, 0)]
Key: com.catan.model.RoundedPoint2D@227e11, Value: [Vertex(0, -1, 1), Vertex(1, -1, 5), Vertex(1, 0, 3)]
Key: com.catan.model.RoundedPoint2D@11cd22, Value: [Vertex(-1, -2, 4)]
Key: com.catan.model.RoundedPoint2D@1916a1, Value: [Vertex(0, 2, 4), Vertex(-1, 2, 2), Vertex(-1, 1, 0)]
Key: com.catan.model.RoundedPoint2D@290c10, Value: [Vertex(1, -1, 1), Vertex(2, 0, 3)]
Key: com.catan.model.RoundedPoint2D@294a90, Value: [Vertex(1, 1, 2), Vertex(2, 0, 0)]
Key: com.catan.model.RoundedPoint2D@18d821, Value: [Vertex(0, 0, 5), Vertex(-1, 1, 3), Vertex(-1, 0, 1)]
Key: com.catan.model.RoundedPoint2D@185b21, Value: [Vertex(-1, -2, 2), Vertex(0, -2, 4)]
Key: com.catan.model.RoundedPoint2D@156251, Value: [Vertex(-2, -1, 1), Vertex(-1, 0, 3), Vertex(-1, -1, 5)]
Key: com.catan.model.RoundedPoint2D@15a0d1, Value: [Vertex(-2, 1, 2), Vertex(-1, 1, 4), Vertex(-1, 0, 0)]
Key: com.catan.model.RoundedPoint2D@bbc42, Value: [Vertex(-2, 0, 5)]
Key: com.catan.model.RoundedPoint2D@2c81e0, Value: [Vertex(2, 0, 1)]
Key: com.catan.model.RoundedPoint2D@ed452, Value: [Vertex(-2, 0, 3), Vertex(-2, -1, 5)]
Key: com.catan.model.RoundedPoint2D@f12d2, Value: [Vertex(-2, 1, 4), Vertex(-2, 0, 0)]
Key: com.catan.model.RoundedPoint2D@1fc3c1, Value: [Vertex(1, 2, 5), Vertex(0, 2, 1)]
Key: com.catan.model.RoundedPoint2D@1f0841, Value: [Vertex(0, -1, 3), Vertex(0, -2, 1), Vertex(1, -2, 5)]
Key: com.catan.model.RoundedPoint2D@1f46c1, Value: [Vertex(0, -1, 0), Vertex(0, 0, 2), Vertex(1, 0, 4)]
Key: com.catan.model.RoundedPoint2D@25d4c0, Value: [Vertex(1, -1, 0), Vertex(2, 0, 4), Vertex(1, 0, 2)]
Key: com.catan.model.RoundedPoint2D@259640, Value: [Vertex(1, -2, 1), Vertex(1, -1, 3)]
Key: com.catan.model.RoundedPoint2D@2651c0, Value: [Vertex(1, 2, 1)]
Key: com.catan.model.RoundedPoint2D@1b9271, Value: [Vertex(0, -2, 3)]
Key: com.catan.model.RoundedPoint2D@1bd0f1, Value: [Vertex(0, -1, 4), Vertex(0, -2, 0), Vertex(-1, -1, 2)]
Key: com.catan.model.RoundedPoint2D@1c8c71, Value: [Vertex(0, 2, 0)]
Key: com.catan.model.RoundedPoint2D@1c4df1, Value: [Vertex(0, 1, 5), Vertex(0, 2, 3), Vertex(-1, 1, 1)]
Key: com.catan.model.RoundedPoint2D@122ae2, Value: [Vertex(-2, 0, 2), Vertex(-2, -1, 0), Vertex(-1, 0, 4)]
Key: com.catan.model.RoundedPoint2D@12a7e2, Value: [Vertex(-1, 2, 5)]
Key: com.catan.model.RoundedPoint2D@231a51, Value: [Vertex(1, 2, 0)]
Key: com.catan.model.RoundedPoint2D@222051, Value: [Vertex(1, -2, 3)]
Key: com.catan.model.RoundedPoint2D@22dbd1, Value: [Vertex(1, 1, 5), Vertex(0, 1, 1), Vertex(1, 2, 3)]
Key: com.catan.model.RoundedPoint2D@225ed1, Value: [Vertex(0, -1, 2), Vertex(1, -2, 0), Vertex(1, -1, 4)]
Key: com.catan.model.RoundedPoint2D@11ec62, Value: [Vertex(-1, -2, 5), Vertex(-2, -1, 3)]
Key: com.catan.model.RoundedPoint2D@28ecd0, Value: [Vertex(1, -1, 2)]
Key: com.catan.model.RoundedPoint2D@1935e1, Value: [Vertex(0, 2, 5), Vertex(-1, 2, 1)]
Key: com.catan.model.RoundedPoint2D@2969d0, Value: [Vertex(1, 1, 1)]
Key: com.catan.model.RoundedPoint2D@18b8e1, Value: [Vertex(0, 0, 4), Vertex(-1, 0, 2), Vertex(-1, -1, 0)]
Key: com.catan.model.RoundedPoint2D@187a61, Value: [Vertex(-1, -2, 1), Vertex(0, -2, 5), Vertex(-1, -1, 3)]
Berechnete einzigartige Vertices: 0
Berechnete einzigartige Edges: 72
✓ Authentisches CATAN-Board initialisiert: 54 Siedlungen, 72 Straßen
]]></system-out>
  </testcase>
  <testcase name="testDiceRolling" classname="com.catan.model.CatanGameTest" time="0.014">
    <system-out><![CDATA[Key: com.catan.model.RoundedPoint2D@154311, Value: [Vertex(-1, -2, 0)]
Key: com.catan.model.RoundedPoint2D@154311, Value: [Vertex(-1, -2, 0)]
Key: com.catan.model.RoundedPoint2D@187a61, Value: [Vertex(-1, -2, 1)]
Key: com.catan.model.RoundedPoint2D@154311, Value: [Vertex(-1, -2, 0)]
Key: com.catan.model.RoundedPoint2D@185b21, Value: [Vertex(-1, -2, 2)]
Key: com.catan.model.RoundedPoint2D@187a61, Value: [Vertex(-1, -2, 1)]
Key: com.catan.model.RoundedPoint2D@150491, Value: [Vertex(-1, -2, 3)]
Key: com.catan.model.RoundedPoint2D@154311, Value: [Vertex(-1, -2, 0)]
Key: com.catan.model.RoundedPoint2D@185b21, Value: [Vertex(-1, -2, 2)]
Key: com.catan.model.RoundedPoint2D@187a61, Value: [Vertex(-1, -2, 1)]
Key: com.catan.model.RoundedPoint2D@11cd22, Value: [Vertex(-1, -2, 4)]
Key: com.catan.model.RoundedPoint2D@150491, Value: [Vertex(-1, -2, 3)]
Key: com.catan.model.RoundedPoint2D@154311, Value: [Vertex(-1, -2, 0)]
Key: com.catan.model.RoundedPoint2D@185b21, Value: [Vertex(-1, -2, 2)]
Key: com.catan.model.RoundedPoint2D@187a61, Value: [Vertex(-1, -2, 1)]
Key: com.catan.model.RoundedPoint2D@11ec62, Value: [Vertex(-1, -2, 5)]
Key: com.catan.model.RoundedPoint2D@11cd22, Value: [Vertex(-1, -2, 4)]
Key: com.catan.model.RoundedPoint2D@150491, Value: [Vertex(-1, -2, 3)]
Key: com.catan.model.RoundedPoint2D@154311, Value: [Vertex(-1, -2, 0)]
Key: com.catan.model.RoundedPoint2D@185b21, Value: [Vertex(-1, -2, 2)]
Key: com.catan.model.RoundedPoint2D@187a61, Value: [Vertex(-1, -2, 1)]
Key: com.catan.model.RoundedPoint2D@11ec62, Value: [Vertex(-1, -2, 5)]
Key: com.catan.model.RoundedPoint2D@11cd22, Value: [Vertex(-1, -2, 4)]
Key: com.catan.model.RoundedPoint2D@150491, Value: [Vertex(-1, -2, 3)]
Key: com.catan.model.RoundedPoint2D@154311, Value: [Vertex(-1, -2, 0)]
Key: com.catan.model.RoundedPoint2D@185b21, Value: [Vertex(-1, -2, 2)]
Key: com.catan.model.RoundedPoint2D@187a61, Value: [Vertex(-1, -2, 1)]
Key: com.catan.model.RoundedPoint2D@1f46c1, Value: [Vertex(0, -1, 0)]
Key: com.catan.model.RoundedPoint2D@227e11, Value: [Vertex(0, -1, 1)]
Key: com.catan.model.RoundedPoint2D@11ec62, Value: [Vertex(-1, -2, 5)]
Key: com.catan.model.RoundedPoint2D@11cd22, Value: [Vertex(-1, -2, 4)]
Key: com.catan.model.RoundedPoint2D@150491, Value: [Vertex(-1, -2, 3)]
Key: com.catan.model.RoundedPoint2D@154311, Value: [Vertex(-1, -2, 0)]
Key: com.catan.model.RoundedPoint2D@185b21, Value: [Vertex(-1, -2, 2)]
Key: com.catan.model.RoundedPoint2D@187a61, Value: [Vertex(-1, -2, 1)]
Key: com.catan.model.RoundedPoint2D@1f46c1, Value: [Vertex(0, -1, 0)]
Key: com.catan.model.RoundedPoint2D@225ed1, Value: [Vertex(0, -1, 2)]
Key: com.catan.model.RoundedPoint2D@227e11, Value: [Vertex(0, -1, 1)]
Key: com.catan.model.RoundedPoint2D@11ec62, Value: [Vertex(-1, -2, 5)]
Key: com.catan.model.RoundedPoint2D@11cd22, Value: [Vertex(-1, -2, 4)]
Key: com.catan.model.RoundedPoint2D@150491, Value: [Vertex(-1, -2, 3)]
Key: com.catan.model.RoundedPoint2D@154311, Value: [Vertex(-1, -2, 0)]
Key: com.catan.model.RoundedPoint2D@185b21, Value: [Vertex(-1, -2, 2)]
Key: com.catan.model.RoundedPoint2D@187a61, Value: [Vertex(-1, -2, 1)]
Key: com.catan.model.RoundedPoint2D@1f46c1, Value: [Vertex(0, -1, 0)]
Key: com.catan.model.RoundedPoint2D@225ed1, Value: [Vertex(0, -1, 2)]
Key: com.catan.model.RoundedPoint2D@227e11, Value: [Vertex(0, -1, 1)]
Key: com.catan.model.RoundedPoint2D@11ec62, Value: [Vertex(-1, -2, 5)]
Key: com.catan.model.RoundedPoint2D@11cd22, Value: [Vertex(-1, -2, 4)]
Key: com.catan.model.RoundedPoint2D@150491, Value: [Vertex(-1, -2, 3)]
Key: com.catan.model.RoundedPoint2D@154311, Value: [Vertex(-1, -2, 0)]
Key: com.catan.model.RoundedPoint2D@185b21, Value: [Vertex(-1, -2, 2)]
Key: com.catan.model.RoundedPoint2D@187a61, Value: [Vertex(-1, -2, 1)]
Key: com.catan.model.RoundedPoint2D@1f0841, Value: [Vertex(0, -1, 3)]
Key: com.catan.model.RoundedPoint2D@1f46c1, Value: [Vertex(0, -1, 0)]
Key: com.catan.model.RoundedPoint2D@225ed1, Value: [Vertex(0, -1, 2)]
Key: com.catan.model.RoundedPoint2D@227e11, Value: [Vertex(0, -1, 1)]
Key: com.catan.model.RoundedPoint2D@11ec62, Value: [Vertex(-1, -2, 5)]
Key: com.catan.model.RoundedPoint2D@11cd22, Value: [Vertex(-1, -2, 4)]
Key: com.catan.model.RoundedPoint2D@150491, Value: [Vertex(-1, -2, 3)]
Key: com.catan.model.RoundedPoint2D@154311, Value: [Vertex(-1, -2, 0)]
Key: com.catan.model.RoundedPoint2D@185b21, Value: [Vertex(-1, -2, 2)]
Key: com.catan.model.RoundedPoint2D@187a61, Value: [Vertex(-1, -2, 1)]
Key: com.catan.model.RoundedPoint2D@1bd0f1, Value: [Vertex(0, -1, 4)]
Key: com.catan.model.RoundedPoint2D@1f0841, Value: [Vertex(0, -1, 3)]
Key: com.catan.model.RoundedPoint2D@1f46c1, Value: [Vertex(0, -1, 0)]
Key: com.catan.model.RoundedPoint2D@225ed1, Value: [Vertex(0, -1, 2)]
Key: com.catan.model.RoundedPoint2D@227e11, Value: [Vertex(0, -1, 1)]
Key: com.catan.model.RoundedPoint2D@11ec62, Value: [Vertex(-1, -2, 5)]
Key: com.catan.model.RoundedPoint2D@11cd22, Value: [Vertex(-1, -2, 4)]
Key: com.catan.model.RoundedPoint2D@150491, Value: [Vertex(-1, -2, 3)]
Key: com.catan.model.RoundedPoint2D@154311, Value: [Vertex(-1, -2, 0)]
Key: com.catan.model.RoundedPoint2D@185b21, Value: [Vertex(-1, -2, 2)]
Key: com.catan.model.RoundedPoint2D@187a61, Value: [Vertex(-1, -2, 1)]
Key: com.catan.model.RoundedPoint2D@1bf031, Value: [Vertex(0, -1, 5)]
Key: com.catan.model.RoundedPoint2D@1bd0f1, Value: [Vertex(0, -1, 4)]
Key: com.catan.model.RoundedPoint2D@1f0841, Value: [Vertex(0, -1, 3)]
Key: com.catan.model.RoundedPoint2D@1f46c1, Value: [Vertex(0, -1, 0)]
Key: com.catan.model.RoundedPoint2D@225ed1, Value: [Vertex(0, -1, 2)]
Key: com.catan.model.RoundedPoint2D@227e11, Value: [Vertex(0, -1, 1)]
Key: com.catan.model.RoundedPoint2D@11ec62, Value: [Vertex(-1, -2, 5)]
Key: com.catan.model.RoundedPoint2D@11cd22, Value: [Vertex(-1, -2, 4)]
Key: com.catan.model.RoundedPoint2D@150491, Value: [Vertex(-1, -2, 3)]
Key: com.catan.model.RoundedPoint2D@154311, Value: [Vertex(-1, -2, 0)]
Key: com.catan.model.RoundedPoint2D@185b21, Value: [Vertex(-1, -2, 2)]
Key: com.catan.model.RoundedPoint2D@187a61, Value: [Vertex(-1, -2, 1)]
Key: com.catan.model.RoundedPoint2D@1bf031, Value: [Vertex(0, -1, 5)]
Key: com.catan.model.RoundedPoint2D@1bd0f1, Value: [Vertex(0, -1, 4)]
Key: com.catan.model.RoundedPoint2D@1c2eb1, Value: [Vertex(0, 0, 0)]
Key: com.catan.model.RoundedPoint2D@1f0841, Value: [Vertex(0, -1, 3)]
Key: com.catan.model.RoundedPoint2D@1f46c1, Value: [Vertex(0, -1, 0)]
Key: com.catan.model.RoundedPoint2D@150491, Value: [Vertex(-1, -2, 3)]
Key: com.catan.model.RoundedPoint2D@154311, Value: [Vertex(-1, -2, 0)]
Key: com.catan.model.RoundedPoint2D@1bf031, Value: [Vertex(0, -1, 5)]
Key: com.catan.model.RoundedPoint2D@1bd0f1, Value: [Vertex(0, -1, 4)]
Key: com.catan.model.RoundedPoint2D@1c2eb1, Value: [Vertex(0, 0, 0)]
Key: com.catan.model.RoundedPoint2D@225ed1, Value: [Vertex(0, -1, 2)]
Key: com.catan.model.RoundedPoint2D@227e11, Value: [Vertex(0, -1, 1)]
Key: com.catan.model.RoundedPoint2D@11ec62, Value: [Vertex(-1, -2, 5)]
Key: com.catan.model.RoundedPoint2D@11cd22, Value: [Vertex(-1, -2, 4)]
Key: com.catan.model.RoundedPoint2D@185b21, Value: [Vertex(-1, -2, 2)]
Key: com.catan.model.RoundedPoint2D@187a61, Value: [Vertex(-1, -2, 1)]
Key: com.catan.model.RoundedPoint2D@1f6601, Value: [Vertex(0, 0, 1)]
Key: com.catan.model.RoundedPoint2D@1f0841, Value: [Vertex(0, -1, 3)]
Key: com.catan.model.RoundedPoint2D@1f46c1, Value: [Vertex(0, -1, 0)]
Key: com.catan.model.RoundedPoint2D@150491, Value: [Vertex(-1, -2, 3)]
Key: com.catan.model.RoundedPoint2D@154311, Value: [Vertex(-1, -2, 0)]
Key: com.catan.model.RoundedPoint2D@1bf031, Value: [Vertex(0, -1, 5)]
Key: com.catan.model.RoundedPoint2D@1bd0f1, Value: [Vertex(0, -1, 4)]
Key: com.catan.model.RoundedPoint2D@1c2eb1, Value: [Vertex(0, 0, 0)]
Key: com.catan.model.RoundedPoint2D@225ed1, Value: [Vertex(0, -1, 2)]
Key: com.catan.model.RoundedPoint2D@227e11, Value: [Vertex(0, -1, 1)]
Key: com.catan.model.RoundedPoint2D@11ec62, Value: [Vertex(-1, -2, 5)]
Key: com.catan.model.RoundedPoint2D@11cd22, Value: [Vertex(-1, -2, 4)]
Key: com.catan.model.RoundedPoint2D@185b21, Value: [Vertex(-1, -2, 2)]
Key: com.catan.model.RoundedPoint2D@187a61, Value: [Vertex(-1, -2, 1)]
Key: com.catan.model.RoundedPoint2D@1f6601, Value: [Vertex(0, 0, 1)]
Key: com.catan.model.RoundedPoint2D@1f0841, Value: [Vertex(0, -1, 3)]
Key: com.catan.model.RoundedPoint2D@1f46c1, Value: [Vertex(0, -1, 0), Vertex(0, 0, 2)]
Key: com.catan.model.RoundedPoint2D@150491, Value: [Vertex(-1, -2, 3)]
Key: com.catan.model.RoundedPoint2D@154311, Value: [Vertex(-1, -2, 0)]
Key: com.catan.model.RoundedPoint2D@1bf031, Value: [Vertex(0, -1, 5), Vertex(0, 0, 3)]
Key: com.catan.model.RoundedPoint2D@1bd0f1, Value: [Vertex(0, -1, 4)]
Key: com.catan.model.RoundedPoint2D@1c2eb1, Value: [Vertex(0, 0, 0)]
Key: com.catan.model.RoundedPoint2D@225ed1, Value: [Vertex(0, -1, 2)]
Key: com.catan.model.RoundedPoint2D@227e11, Value: [Vertex(0, -1, 1)]
Key: com.catan.model.RoundedPoint2D@11ec62, Value: [Vertex(-1, -2, 5)]
Key: com.catan.model.RoundedPoint2D@11cd22, Value: [Vertex(-1, -2, 4)]
Key: com.catan.model.RoundedPoint2D@185b21, Value: [Vertex(-1, -2, 2)]
Key: com.catan.model.RoundedPoint2D@187a61, Value: [Vertex(-1, -2, 1)]
Key: com.catan.model.RoundedPoint2D@1f6601, Value: [Vertex(0, 0, 1)]
Key: com.catan.model.RoundedPoint2D@1f0841, Value: [Vertex(0, -1, 3)]
Key: com.catan.model.RoundedPoint2D@1f46c1, Value: [Vertex(0, -1, 0), Vertex(0, 0, 2)]
Key: com.catan.model.RoundedPoint2D@150491, Value: [Vertex(-1, -2, 3)]
Key: com.catan.model.RoundedPoint2D@154311, Value: [Vertex(-1, -2, 0)]
Key: com.catan.model.RoundedPoint2D@1bf031, Value: [Vertex(0, -1, 5), Vertex(0, 0, 3)]
Key: com.catan.model.RoundedPoint2D@1bd0f1, Value: [Vertex(0, -1, 4)]
Key: com.catan.model.RoundedPoint2D@1c2eb1, Value: [Vertex(0, 0, 0)]
Key: com.catan.model.RoundedPoint2D@225ed1, Value: [Vertex(0, -1, 2)]
Key: com.catan.model.RoundedPoint2D@227e11, Value: [Vertex(0, -1, 1)]
Key: com.catan.model.RoundedPoint2D@11ec62, Value: [Vertex(-1, -2, 5)]
Key: com.catan.model.RoundedPoint2D@11cd22, Value: [Vertex(-1, -2, 4)]
Key: com.catan.model.RoundedPoint2D@18b8e1, Value: [Vertex(0, 0, 4)]
Key: com.catan.model.RoundedPoint2D@185b21, Value: [Vertex(-1, -2, 2)]
Key: com.catan.model.RoundedPoint2D@187a61, Value: [Vertex(-1, -2, 1)]
Key: com.catan.model.RoundedPoint2D@1f6601, Value: [Vertex(0, 0, 1)]
Key: com.catan.model.RoundedPoint2D@1f0841, Value: [Vertex(0, -1, 3)]
Key: com.catan.model.RoundedPoint2D@1f46c1, Value: [Vertex(0, -1, 0), Vertex(0, 0, 2)]
Key: com.catan.model.RoundedPoint2D@150491, Value: [Vertex(-1, -2, 3)]
Key: com.catan.model.RoundedPoint2D@154311, Value: [Vertex(-1, -2, 0)]
Key: com.catan.model.RoundedPoint2D@1bf031, Value: [Vertex(0, -1, 5), Vertex(0, 0, 3)]
Key: com.catan.model.RoundedPoint2D@1bd0f1, Value: [Vertex(0, -1, 4)]
Key: com.catan.model.RoundedPoint2D@1c2eb1, Value: [Vertex(0, 0, 0)]
Key: com.catan.model.RoundedPoint2D@225ed1, Value: [Vertex(0, -1, 2)]
Key: com.catan.model.RoundedPoint2D@227e11, Value: [Vertex(0, -1, 1)]
Key: com.catan.model.RoundedPoint2D@11ec62, Value: [Vertex(-1, -2, 5)]
Key: com.catan.model.RoundedPoint2D@11cd22, Value: [Vertex(-1, -2, 4)]
Key: com.catan.model.RoundedPoint2D@18d821, Value: [Vertex(0, 0, 5)]
Key: com.catan.model.RoundedPoint2D@18b8e1, Value: [Vertex(0, 0, 4)]
Key: com.catan.model.RoundedPoint2D@185b21, Value: [Vertex(-1, -2, 2)]
Key: com.catan.model.RoundedPoint2D@187a61, Value: [Vertex(-1, -2, 1)]
Key: com.catan.model.RoundedPoint2D@1f6601, Value: [Vertex(0, 0, 1)]
Key: com.catan.model.RoundedPoint2D@1f0841, Value: [Vertex(0, -1, 3)]
Key: com.catan.model.RoundedPoint2D@1f46c1, Value: [Vertex(0, -1, 0), Vertex(0, 0, 2)]
Key: com.catan.model.RoundedPoint2D@150491, Value: [Vertex(-1, -2, 3)]
Key: com.catan.model.RoundedPoint2D@154311, Value: [Vertex(-1, -2, 0)]
Key: com.catan.model.RoundedPoint2D@263280, Value: [Vertex(1, 1, 0)]
Key: com.catan.model.RoundedPoint2D@1bf031, Value: [Vertex(0, -1, 5), Vertex(0, 0, 3)]
Key: com.catan.model.RoundedPoint2D@1bd0f1, Value: [Vertex(0, -1, 4)]
Key: com.catan.model.RoundedPoint2D@1c2eb1, Value: [Vertex(0, 0, 0)]
Key: com.catan.model.RoundedPoint2D@225ed1, Value: [Vertex(0, -1, 2)]
Key: com.catan.model.RoundedPoint2D@227e11, Value: [Vertex(0, -1, 1)]
Key: com.catan.model.RoundedPoint2D@11ec62, Value: [Vertex(-1, -2, 5)]
Key: com.catan.model.RoundedPoint2D@11cd22, Value: [Vertex(-1, -2, 4)]
Key: com.catan.model.RoundedPoint2D@18d821, Value: [Vertex(0, 0, 5)]
Key: com.catan.model.RoundedPoint2D@18b8e1, Value: [Vertex(0, 0, 4)]
Key: com.catan.model.RoundedPoint2D@185b21, Value: [Vertex(-1, -2, 2)]
Key: com.catan.model.RoundedPoint2D@187a61, Value: [Vertex(-1, -2, 1)]
Key: com.catan.model.RoundedPoint2D@1f6601, Value: [Vertex(0, 0, 1)]
Key: com.catan.model.RoundedPoint2D@1f0841, Value: [Vertex(0, -1, 3)]
Key: com.catan.model.RoundedPoint2D@1f46c1, Value: [Vertex(0, -1, 0), Vertex(0, 0, 2)]
Key: com.catan.model.RoundedPoint2D@150491, Value: [Vertex(-1, -2, 3)]
Key: com.catan.model.RoundedPoint2D@154311, Value: [Vertex(-1, -2, 0)]
Key: com.catan.model.RoundedPoint2D@263280, Value: [Vertex(1, 1, 0)]
Key: com.catan.model.RoundedPoint2D@1bf031, Value: [Vertex(0, -1, 5), Vertex(0, 0, 3)]
Key: com.catan.model.RoundedPoint2D@1bd0f1, Value: [Vertex(0, -1, 4)]
Key: com.catan.model.RoundedPoint2D@1c2eb1, Value: [Vertex(0, 0, 0)]
Key: com.catan.model.RoundedPoint2D@225ed1, Value: [Vertex(0, -1, 2)]
Key: com.catan.model.RoundedPoint2D@227e11, Value: [Vertex(0, -1, 1)]
Key: com.catan.model.RoundedPoint2D@11ec62, Value: [Vertex(-1, -2, 5)]
Key: com.catan.model.RoundedPoint2D@11cd22, Value: [Vertex(-1, -2, 4)]
Key: com.catan.model.RoundedPoint2D@2969d0, Value: [Vertex(1, 1, 1)]
Key: com.catan.model.RoundedPoint2D@18d821, Value: [Vertex(0, 0, 5)]
Key: com.catan.model.RoundedPoint2D@18b8e1, Value: [Vertex(0, 0, 4)]
Key: com.catan.model.RoundedPoint2D@185b21, Value: [Vertex(-1, -2, 2)]
Key: com.catan.model.RoundedPoint2D@187a61, Value: [Vertex(-1, -2, 1)]
Key: com.catan.model.RoundedPoint2D@1f6601, Value: [Vertex(0, 0, 1)]
Key: com.catan.model.RoundedPoint2D@1f0841, Value: [Vertex(0, -1, 3)]
Key: com.catan.model.RoundedPoint2D@1f46c1, Value: [Vertex(0, -1, 0), Vertex(0, 0, 2)]
Key: com.catan.model.RoundedPoint2D@150491, Value: [Vertex(-1, -2, 3)]
Key: com.catan.model.RoundedPoint2D@154311, Value: [Vertex(-1, -2, 0)]
Key: com.catan.model.RoundedPoint2D@263280, Value: [Vertex(1, 1, 0)]
Key: com.catan.model.RoundedPoint2D@1bf031, Value: [Vertex(0, -1, 5), Vertex(0, 0, 3)]
Key: com.catan.model.RoundedPoint2D@1bd0f1, Value: [Vertex(0, -1, 4)]
Key: com.catan.model.RoundedPoint2D@1c2eb1, Value: [Vertex(0, 0, 0)]
Key: com.catan.model.RoundedPoint2D@225ed1, Value: [Vertex(0, -1, 2)]
Key: com.catan.model.RoundedPoint2D@227e11, Value: [Vertex(0, -1, 1)]
Key: com.catan.model.RoundedPoint2D@11ec62, Value: [Vertex(-1, -2, 5)]
Key: com.catan.model.RoundedPoint2D@11cd22, Value: [Vertex(-1, -2, 4)]
Key: com.catan.model.RoundedPoint2D@294a90, Value: [Vertex(1, 1, 2)]
Key: com.catan.model.RoundedPoint2D@2969d0, Value: [Vertex(1, 1, 1)]
Key: com.catan.model.RoundedPoint2D@18d821, Value: [Vertex(0, 0, 5)]
Key: com.catan.model.RoundedPoint2D@18b8e1, Value: [Vertex(0, 0, 4)]
Key: com.catan.model.RoundedPoint2D@185b21, Value: [Vertex(-1, -2, 2)]
Key: com.catan.model.RoundedPoint2D@187a61, Value: [Vertex(-1, -2, 1)]
Key: com.catan.model.RoundedPoint2D@1f6601, Value: [Vertex(0, 0, 1)]
Key: com.catan.model.RoundedPoint2D@1f0841, Value: [Vertex(0, -1, 3)]
Key: com.catan.model.RoundedPoint2D@1f46c1, Value: [Vertex(0, -1, 0), Vertex(0, 0, 2)]
Key: com.catan.model.RoundedPoint2D@150491, Value: [Vertex(-1, -2, 3)]
Key: com.catan.model.RoundedPoint2D@154311, Value: [Vertex(-1, -2, 0)]
Key: com.catan.model.RoundedPoint2D@25f400, Value: [Vertex(1, 1, 3)]
Key: com.catan.model.RoundedPoint2D@263280, Value: [Vertex(1, 1, 0)]
Key: com.catan.model.RoundedPoint2D@1bf031, Value: [Vertex(0, -1, 5), Vertex(0, 0, 3)]
Key: com.catan.model.RoundedPoint2D@1bd0f1, Value: [Vertex(0, -1, 4)]
Key: com.catan.model.RoundedPoint2D@1c2eb1, Value: [Vertex(0, 0, 0)]
Key: com.catan.model.RoundedPoint2D@225ed1, Value: [Vertex(0, -1, 2)]
Key: com.catan.model.RoundedPoint2D@227e11, Value: [Vertex(0, -1, 1)]
Key: com.catan.model.RoundedPoint2D@11ec62, Value: [Vertex(-1, -2, 5)]
Key: com.catan.model.RoundedPoint2D@11cd22, Value: [Vertex(-1, -2, 4)]
Key: com.catan.model.RoundedPoint2D@294a90, Value: [Vertex(1, 1, 2)]
Key: com.catan.model.RoundedPoint2D@2969d0, Value: [Vertex(1, 1, 1)]
Key: com.catan.model.RoundedPoint2D@18d821, Value: [Vertex(0, 0, 5)]
Key: com.catan.model.RoundedPoint2D@18b8e1, Value: [Vertex(0, 0, 4)]
Key: com.catan.model.RoundedPoint2D@185b21, Value: [Vertex(-1, -2, 2)]
Key: com.catan.model.RoundedPoint2D@187a61, Value: [Vertex(-1, -2, 1)]
Key: com.catan.model.RoundedPoint2D@1f6601, Value: [Vertex(0, 0, 1)]
Key: com.catan.model.RoundedPoint2D@1f0841, Value: [Vertex(0, -1, 3)]
Key: com.catan.model.RoundedPoint2D@1f46c1, Value: [Vertex(0, -1, 0), Vertex(0, 0, 2)]
Key: com.catan.model.RoundedPoint2D@150491, Value: [Vertex(-1, -2, 3)]
Key: com.catan.model.RoundedPoint2D@154311, Value: [Vertex(-1, -2, 0)]
Key: com.catan.model.RoundedPoint2D@25f400, Value: [Vertex(1, 1, 3)]
Key: com.catan.model.RoundedPoint2D@263280, Value: [Vertex(1, 1, 0)]
Key: com.catan.model.RoundedPoint2D@1bf031, Value: [Vertex(0, -1, 5), Vertex(0, 0, 3)]
Key: com.catan.model.RoundedPoint2D@1bd0f1, Value: [Vertex(0, -1, 4)]
Key: com.catan.model.RoundedPoint2D@1c2eb1, Value: [Vertex(0, 0, 0)]
Key: com.catan.model.RoundedPoint2D@22bc91, Value: [Vertex(1, 1, 4)]
Key: com.catan.model.RoundedPoint2D@225ed1, Value: [Vertex(0, -1, 2)]
Key: com.catan.model.RoundedPoint2D@227e11, Value: [Vertex(0, -1, 1)]
Key: com.catan.model.RoundedPoint2D@11ec62, Value: [Vertex(-1, -2, 5)]
Key: com.catan.model.RoundedPoint2D@11cd22, Value: [Vertex(-1, -2, 4)]
Key: com.catan.model.RoundedPoint2D@294a90, Value: [Vertex(1, 1, 2)]
Key: com.catan.model.RoundedPoint2D@2969d0, Value: [Vertex(1, 1, 1)]
Key: com.catan.model.RoundedPoint2D@18d821, Value: [Vertex(0, 0, 5)]
Key: com.catan.model.RoundedPoint2D@18b8e1, Value: [Vertex(0, 0, 4)]
Key: com.catan.model.RoundedPoint2D@185b21, Value: [Vertex(-1, -2, 2)]
Key: com.catan.model.RoundedPoint2D@187a61, Value: [Vertex(-1, -2, 1)]
Key: com.catan.model.RoundedPoint2D@1f6601, Value: [Vertex(0, 0, 1)]
Key: com.catan.model.RoundedPoint2D@1f0841, Value: [Vertex(0, -1, 3)]
Key: com.catan.model.RoundedPoint2D@1f46c1, Value: [Vertex(0, -1, 0), Vertex(0, 0, 2)]
Key: com.catan.model.RoundedPoint2D@150491, Value: [Vertex(-1, -2, 3)]
Key: com.catan.model.RoundedPoint2D@154311, Value: [Vertex(-1, -2, 0)]
Key: com.catan.model.RoundedPoint2D@25f400, Value: [Vertex(1, 1, 3)]
Key: com.catan.model.RoundedPoint2D@263280, Value: [Vertex(1, 1, 0)]
Key: com.catan.model.RoundedPoint2D@1bf031, Value: [Vertex(0, -1, 5), Vertex(0, 0, 3)]
Key: com.catan.model.RoundedPoint2D@1bd0f1, Value: [Vertex(0, -1, 4)]
Key: com.catan.model.RoundedPoint2D@1c2eb1, Value: [Vertex(0, 0, 0)]
Key: com.catan.model.RoundedPoint2D@22dbd1, Value: [Vertex(1, 1, 5)]
Key: com.catan.model.RoundedPoint2D@22bc91, Value: [Vertex(1, 1, 4)]
Key: com.catan.model.RoundedPoint2D@225ed1, Value: [Vertex(0, -1, 2)]
Key: com.catan.model.RoundedPoint2D@227e11, Value: [Vertex(0, -1, 1)]
Key: com.catan.model.RoundedPoint2D@11ec62, Value: [Vertex(-1, -2, 5)]
Key: com.catan.model.RoundedPoint2D@11cd22, Value: [Vertex(-1, -2, 4)]
Key: com.catan.model.RoundedPoint2D@294a90, Value: [Vertex(1, 1, 2)]
Key: com.catan.model.RoundedPoint2D@2969d0, Value: [Vertex(1, 1, 1)]
Key: com.catan.model.RoundedPoint2D@18d821, Value: [Vertex(0, 0, 5)]
Key: com.catan.model.RoundedPoint2D@18b8e1, Value: [Vertex(0, 0, 4)]
Key: com.catan.model.RoundedPoint2D@185b21, Value: [Vertex(-1, -2, 2)]
Key: com.catan.model.RoundedPoint2D@187a61, Value: [Vertex(-1, -2, 1)]
Key: com.catan.model.RoundedPoint2D@1f6601, Value: [Vertex(0, 0, 1)]
Key: com.catan.model.RoundedPoint2D@1f0841, Value: [Vertex(0, -1, 3)]
Key: com.catan.model.RoundedPoint2D@1f46c1, Value: [Vertex(0, -1, 0), Vertex(0, 0, 2)]
Key: com.catan.model.RoundedPoint2D@150491, Value: [Vertex(-1, -2, 3)]
Key: com.catan.model.RoundedPoint2D@154311, Value: [Vertex(-1, -2, 0)]
Key: com.catan.model.RoundedPoint2D@25f400, Value: [Vertex(1, 1, 3)]
Key: com.catan.model.RoundedPoint2D@263280, Value: [Vertex(1, 1, 0)]
Key: com.catan.model.RoundedPoint2D@1bf031, Value: [Vertex(0, -1, 5), Vertex(0, 0, 3)]
Key: com.catan.model.RoundedPoint2D@1bd0f1, Value: [Vertex(0, -1, 4), Vertex(0, -2, 0)]
Key: com.catan.model.RoundedPoint2D@1c2eb1, Value: [Vertex(0, 0, 0)]
Key: com.catan.model.RoundedPoint2D@22dbd1, Value: [Vertex(1, 1, 5)]
Key: com.catan.model.RoundedPoint2D@22bc91, Value: [Vertex(1, 1, 4)]
Key: com.catan.model.RoundedPoint2D@225ed1, Value: [Vertex(0, -1, 2)]
Key: com.catan.model.RoundedPoint2D@227e11, Value: [Vertex(0, -1, 1)]
Key: com.catan.model.RoundedPoint2D@11ec62, Value: [Vertex(-1, -2, 5)]
Key: com.catan.model.RoundedPoint2D@11cd22, Value: [Vertex(-1, -2, 4)]
Key: com.catan.model.RoundedPoint2D@294a90, Value: [Vertex(1, 1, 2)]
Key: com.catan.model.RoundedPoint2D@2969d0, Value: [Vertex(1, 1, 1)]
Key: com.catan.model.RoundedPoint2D@18d821, Value: [Vertex(0, 0, 5)]
Key: com.catan.model.RoundedPoint2D@18b8e1, Value: [Vertex(0, 0, 4)]
Key: com.catan.model.RoundedPoint2D@185b21, Value: [Vertex(-1, -2, 2)]
Key: com.catan.model.RoundedPoint2D@187a61, Value: [Vertex(-1, -2, 1)]
Key: com.catan.model.RoundedPoint2D@1f6601, Value: [Vertex(0, 0, 1)]
Key: com.catan.model.RoundedPoint2D@1f0841, Value: [Vertex(0, -1, 3)]
Key: com.catan.model.RoundedPoint2D@1f46c1, Value: [Vertex(0, -1, 0), Vertex(0, 0, 2)]
Key: com.catan.model.RoundedPoint2D@150491, Value: [Vertex(-1, -2, 3)]
Key: com.catan.model.RoundedPoint2D@154311, Value: [Vertex(-1, -2, 0)]
Key: com.catan.model.RoundedPoint2D@25f400, Value: [Vertex(1, 1, 3)]
Key: com.catan.model.RoundedPoint2D@263280, Value: [Vertex(1, 1, 0)]
Key: com.catan.model.RoundedPoint2D@1bf031, Value: [Vertex(0, -1, 5), Vertex(0, 0, 3)]
Key: com.catan.model.RoundedPoint2D@1bd0f1, Value: [Vertex(0, -1, 4), Vertex(0, -2, 0)]
Key: com.catan.model.RoundedPoint2D@1c2eb1, Value: [Vertex(0, 0, 0)]
Key: com.catan.model.RoundedPoint2D@22dbd1, Value: [Vertex(1, 1, 5)]
Key: com.catan.model.RoundedPoint2D@22bc91, Value: [Vertex(1, 1, 4)]
Key: com.catan.model.RoundedPoint2D@225ed1, Value: [Vertex(0, -1, 2)]
Key: com.catan.model.RoundedPoint2D@227e11, Value: [Vertex(0, -1, 1)]
Key: com.catan.model.RoundedPoint2D@11ec62, Value: [Vertex(-1, -2, 5)]
Key: com.catan.model.RoundedPoint2D@11cd22, Value: [Vertex(-1, -2, 4)]
Key: com.catan.model.RoundedPoint2D@294a90, Value: [Vertex(1, 1, 2)]
Key: com.catan.model.RoundedPoint2D@2969d0, Value: [Vertex(1, 1, 1)]
Key: com.catan.model.RoundedPoint2D@18d821, Value: [Vertex(0, 0, 5)]
Key: com.catan.model.RoundedPoint2D@18b8e1, Value: [Vertex(0, 0, 4)]
Key: com.catan.model.RoundedPoint2D@185b21, Value: [Vertex(-1, -2, 2)]
Key: com.catan.model.RoundedPoint2D@187a61, Value: [Vertex(-1, -2, 1)]
Key: com.catan.model.RoundedPoint2D@1f6601, Value: [Vertex(0, 0, 1)]
Key: com.catan.model.RoundedPoint2D@1f0841, Value: [Vertex(0, -1, 3), Vertex(0, -2, 1)]
Key: com.catan.model.RoundedPoint2D@1f46c1, Value: [Vertex(0, -1, 0), Vertex(0, 0, 2)]
Key: com.catan.model.RoundedPoint2D@150491, Value: [Vertex(-1, -2, 3)]
Key: com.catan.model.RoundedPoint2D@154311, Value: [Vertex(-1, -2, 0)]
Key: com.catan.model.RoundedPoint2D@25f400, Value: [Vertex(1, 1, 3)]
Key: com.catan.model.RoundedPoint2D@263280, Value: [Vertex(1, 1, 0)]
Key: com.catan.model.RoundedPoint2D@1bf031, Value: [Vertex(0, -1, 5), Vertex(0, 0, 3)]
Key: com.catan.model.RoundedPoint2D@1bd0f1, Value: [Vertex(0, -1, 4), Vertex(0, -2, 0)]
Key: com.catan.model.RoundedPoint2D@1c2eb1, Value: [Vertex(0, 0, 0)]
Key: com.catan.model.RoundedPoint2D@22dbd1, Value: [Vertex(1, 1, 5)]
Key: com.catan.model.RoundedPoint2D@22bc91, Value: [Vertex(1, 1, 4)]
Key: com.catan.model.RoundedPoint2D@225ed1, Value: [Vertex(0, -1, 2)]
Key: com.catan.model.RoundedPoint2D@227e11, Value: [Vertex(0, -1, 1)]
Key: com.catan.model.RoundedPoint2D@11ec62, Value: [Vertex(-1, -2, 5)]
Key: com.catan.model.RoundedPoint2D@11cd22, Value: [Vertex(-1, -2, 4)]
Key: com.catan.model.RoundedPoint2D@294a90, Value: [Vertex(1, 1, 2)]
Key: com.catan.model.RoundedPoint2D@2969d0, Value: [Vertex(1, 1, 1)]
Key: com.catan.model.RoundedPoint2D@18d821, Value: [Vertex(0, 0, 5)]
Key: com.catan.model.RoundedPoint2D@18b8e1, Value: [Vertex(0, 0, 4)]
Key: com.catan.model.RoundedPoint2D@185b21, Value: [Vertex(-1, -2, 2)]
Key: com.catan.model.RoundedPoint2D@187a61, Value: [Vertex(-1, -2, 1)]
Key: com.catan.model.RoundedPoint2D@1f6601, Value: [Vertex(0, 0, 1)]
Key: com.catan.model.RoundedPoint2D@1f0841, Value: [Vertex(0, -1, 3), Vertex(0, -2, 1)]
Key: com.catan.model.RoundedPoint2D@1f46c1, Value: [Vertex(0, -1, 0), Vertex(0, 0, 2)]
Key: com.catan.model.RoundedPoint2D@1ee901, Value: [Vertex(0, -2, 2)]
Key: com.catan.model.RoundedPoint2D@150491, Value: [Vertex(-1, -2, 3)]
Key: com.catan.model.RoundedPoint2D@154311, Value: [Vertex(-1, -2, 0)]
Key: com.catan.model.RoundedPoint2D@25f400, Value: [Vertex(1, 1, 3)]
Key: com.catan.model.RoundedPoint2D@263280, Value: [Vertex(1, 1, 0)]
Key: com.catan.model.RoundedPoint2D@1b9271, Value: [Vertex(0, -2, 3)]
Key: com.catan.model.RoundedPoint2D@1bf031, Value: [Vertex(0, -1, 5), Vertex(0, 0, 3)]
Key: com.catan.model.RoundedPoint2D@1bd0f1, Value: [Vertex(0, -1, 4), Vertex(0, -2, 0)]
Key: com.catan.model.RoundedPoint2D@1c2eb1, Value: [Vertex(0, 0, 0)]
Key: com.catan.model.RoundedPoint2D@22dbd1, Value: [Vertex(1, 1, 5)]
Key: com.catan.model.RoundedPoint2D@22bc91, Value: [Vertex(1, 1, 4)]
Key: com.catan.model.RoundedPoint2D@225ed1, Value: [Vertex(0, -1, 2)]
Key: com.catan.model.RoundedPoint2D@227e11, Value: [Vertex(0, -1, 1)]
Key: com.catan.model.RoundedPoint2D@11ec62, Value: [Vertex(-1, -2, 5)]
Key: com.catan.model.RoundedPoint2D@11cd22, Value: [Vertex(-1, -2, 4)]
Key: com.catan.model.RoundedPoint2D@294a90, Value: [Vertex(1, 1, 2)]
Key: com.catan.model.RoundedPoint2D@2969d0, Value: [Vertex(1, 1, 1)]
Key: com.catan.model.RoundedPoint2D@18d821, Value: [Vertex(0, 0, 5)]
Key: com.catan.model.RoundedPoint2D@18b8e1, Value: [Vertex(0, 0, 4)]
Key: com.catan.model.RoundedPoint2D@185b21, Value: [Vertex(-1, -2, 2)]
Key: com.catan.model.RoundedPoint2D@187a61, Value: [Vertex(-1, -2, 1)]
Key: com.catan.model.RoundedPoint2D@1f6601, Value: [Vertex(0, 0, 1)]
Key: com.catan.model.RoundedPoint2D@1f0841, Value: [Vertex(0, -1, 3), Vertex(0, -2, 1)]
Key: com.catan.model.RoundedPoint2D@1f46c1, Value: [Vertex(0, -1, 0), Vertex(0, 0, 2)]
Key: com.catan.model.RoundedPoint2D@1ee901, Value: [Vertex(0, -2, 2)]
Key: com.catan.model.RoundedPoint2D@150491, Value: [Vertex(-1, -2, 3)]
Key: com.catan.model.RoundedPoint2D@154311, Value: [Vertex(-1, -2, 0)]
Key: com.catan.model.RoundedPoint2D@25f400, Value: [Vertex(1, 1, 3)]
Key: com.catan.model.RoundedPoint2D@263280, Value: [Vertex(1, 1, 0)]
Key: com.catan.model.RoundedPoint2D@1b9271, Value: [Vertex(0, -2, 3)]
Key: com.catan.model.RoundedPoint2D@1bf031, Value: [Vertex(0, -1, 5), Vertex(0, 0, 3)]
Key: com.catan.model.RoundedPoint2D@1bd0f1, Value: [Vertex(0, -1, 4), Vertex(0, -2, 0)]
Key: com.catan.model.RoundedPoint2D@1c2eb1, Value: [Vertex(0, 0, 0)]
Key: com.catan.model.RoundedPoint2D@22dbd1, Value: [Vertex(1, 1, 5)]
Key: com.catan.model.RoundedPoint2D@22bc91, Value: [Vertex(1, 1, 4)]
Key: com.catan.model.RoundedPoint2D@225ed1, Value: [Vertex(0, -1, 2)]
Key: com.catan.model.RoundedPoint2D@227e11, Value: [Vertex(0, -1, 1)]
Key: com.catan.model.RoundedPoint2D@11ec62, Value: [Vertex(-1, -2, 5)]
Key: com.catan.model.RoundedPoint2D@11cd22, Value: [Vertex(-1, -2, 4)]
Key: com.catan.model.RoundedPoint2D@294a90, Value: [Vertex(1, 1, 2)]
Key: com.catan.model.RoundedPoint2D@2969d0, Value: [Vertex(1, 1, 1)]
Key: com.catan.model.RoundedPoint2D@18d821, Value: [Vertex(0, 0, 5)]
Key: com.catan.model.RoundedPoint2D@18b8e1, Value: [Vertex(0, 0, 4)]
Key: com.catan.model.RoundedPoint2D@185b21, Value: [Vertex(-1, -2, 2), Vertex(0, -2, 4)]
Key: com.catan.model.RoundedPoint2D@187a61, Value: [Vertex(-1, -2, 1)]
Key: com.catan.model.RoundedPoint2D@1f6601, Value: [Vertex(0, 0, 1)]
Key: com.catan.model.RoundedPoint2D@1f0841, Value: [Vertex(0, -1, 3), Vertex(0, -2, 1)]
Key: com.catan.model.RoundedPoint2D@1f46c1, Value: [Vertex(0, -1, 0), Vertex(0, 0, 2)]
Key: com.catan.model.RoundedPoint2D@1ee901, Value: [Vertex(0, -2, 2)]
Key: com.catan.model.RoundedPoint2D@150491, Value: [Vertex(-1, -2, 3)]
Key: com.catan.model.RoundedPoint2D@154311, Value: [Vertex(-1, -2, 0)]
Key: com.catan.model.RoundedPoint2D@25f400, Value: [Vertex(1, 1, 3)]
Key: com.catan.model.RoundedPoint2D@263280, Value: [Vertex(1, 1, 0)]
Key: com.catan.model.RoundedPoint2D@1b9271, Value: [Vertex(0, -2, 3)]
Key: com.catan.model.RoundedPoint2D@1bf031, Value: [Vertex(0, -1, 5), Vertex(0, 0, 3)]
Key: com.catan.model.RoundedPoint2D@1bd0f1, Value: [Vertex(0, -1, 4), Vertex(0, -2, 0)]
Key: com.catan.model.RoundedPoint2D@1c2eb1, Value: [Vertex(0, 0, 0)]
Key: com.catan.model.RoundedPoint2D@22dbd1, Value: [Vertex(1, 1, 5)]
Key: com.catan.model.RoundedPoint2D@22bc91, Value: [Vertex(1, 1, 4)]
Key: com.catan.model.RoundedPoint2D@225ed1, Value: [Vertex(0, -1, 2)]
Key: com.catan.model.RoundedPoint2D@227e11, Value: [Vertex(0, -1, 1)]
Key: com.catan.model.RoundedPoint2D@11ec62, Value: [Vertex(-1, -2, 5)]
Key: com.catan.model.RoundedPoint2D@11cd22, Value: [Vertex(-1, -2, 4)]
Key: com.catan.model.RoundedPoint2D@294a90, Value: [Vertex(1, 1, 2)]
Key: com.catan.model.RoundedPoint2D@2969d0, Value: [Vertex(1, 1, 1)]
Key: com.catan.model.RoundedPoint2D@18d821, Value: [Vertex(0, 0, 5)]
Key: com.catan.model.RoundedPoint2D@18b8e1, Value: [Vertex(0, 0, 4)]
Key: com.catan.model.RoundedPoint2D@185b21, Value: [Vertex(-1, -2, 2), Vertex(0, -2, 4)]
Key: com.catan.model.RoundedPoint2D@187a61, Value: [Vertex(-1, -2, 1), Vertex(0, -2, 5)]
Key: com.catan.model.RoundedPoint2D@1f6601, Value: [Vertex(0, 0, 1)]
Key: com.catan.model.RoundedPoint2D@1f0841, Value: [Vertex(0, -1, 3), Vertex(0, -2, 1)]
Key: com.catan.model.RoundedPoint2D@1f46c1, Value: [Vertex(0, -1, 0), Vertex(0, 0, 2)]
Key: com.catan.model.RoundedPoint2D@1ee901, Value: [Vertex(0, -2, 2)]
Key: com.catan.model.RoundedPoint2D@150491, Value: [Vertex(-1, -2, 3)]
Key: com.catan.model.RoundedPoint2D@154311, Value: [Vertex(-1, -2, 0)]
Key: com.catan.model.RoundedPoint2D@25f400, Value: [Vertex(1, 1, 3)]
Key: com.catan.model.RoundedPoint2D@263280, Value: [Vertex(1, 1, 0)]
Key: com.catan.model.RoundedPoint2D@1b9271, Value: [Vertex(0, -2, 3)]
Key: com.catan.model.RoundedPoint2D@1bf031, Value: [Vertex(0, -1, 5), Vertex(0, 0, 3)]
Key: com.catan.model.RoundedPoint2D@1bd0f1, Value: [Vertex(0, -1, 4), Vertex(0, -2, 0)]
Key: com.catan.model.RoundedPoint2D@1c2eb1, Value: [Vertex(0, 0, 0)]
Key: com.catan.model.RoundedPoint2D@22dbd1, Value: [Vertex(1, 1, 5)]
Key: com.catan.model.RoundedPoint2D@22bc91, Value: [Vertex(1, 1, 4)]
Key: com.catan.model.RoundedPoint2D@225ed1, Value: [Vertex(0, -1, 2)]
Key: com.catan.model.RoundedPoint2D@227e11, Value: [Vertex(0, -1, 1)]
Key: com.catan.model.RoundedPoint2D@11ec62, Value: [Vertex(-1, -2, 5)]
Key: com.catan.model.RoundedPoint2D@11cd22, Value: [Vertex(-1, -2, 4)]
Key: com.catan.model.RoundedPoint2D@294a90, Value: [Vertex(1, 1, 2)]
Key: com.catan.model.RoundedPoint2D@2969d0, Value: [Vertex(1, 1, 1)]
Key: com.catan.model.RoundedPoint2D@18d821, Value: [Vertex(0, 0, 5)]
Key: com.catan.model.RoundedPoint2D@18b8e1, Value: [Vertex(0, 0, 4)]
Key: com.catan.model.RoundedPoint2D@185b21, Value: [Vertex(-1, -2, 2), Vertex(0, -2, 4)]
Key: com.catan.model.RoundedPoint2D@187a61, Value: [Vertex(-1, -2, 1), Vertex(0, -2, 5)]
Key: com.catan.model.RoundedPoint2D@1fa481, Value: [Vertex(0, 1, 0)]
Key: com.catan.model.RoundedPoint2D@1f6601, Value: [Vertex(0, 0, 1)]
Key: com.catan.model.RoundedPoint2D@1f0841, Value: [Vertex(0, -1, 3), Vertex(0, -2, 1)]
Key: com.catan.model.RoundedPoint2D@1f46c1, Value: [Vertex(0, -1, 0), Vertex(0, 0, 2)]
Key: com.catan.model.RoundedPoint2D@1ee901, Value: [Vertex(0, -2, 2)]
Key: com.catan.model.RoundedPoint2D@150491, Value: [Vertex(-1, -2, 3)]
Key: com.catan.model.RoundedPoint2D@154311, Value: [Vertex(-1, -2, 0)]
Key: com.catan.model.RoundedPoint2D@1fa481, Value: [Vertex(0, 1, 0)]
Key: com.catan.model.RoundedPoint2D@1f6601, Value: [Vertex(0, 0, 1)]
Key: com.catan.model.RoundedPoint2D@1f0841, Value: [Vertex(0, -1, 3), Vertex(0, -2, 1)]
Key: com.catan.model.RoundedPoint2D@1f46c1, Value: [Vertex(0, -1, 0), Vertex(0, 0, 2)]
Key: com.catan.model.RoundedPoint2D@1ee901, Value: [Vertex(0, -2, 2)]
Key: com.catan.model.RoundedPoint2D@25f400, Value: [Vertex(1, 1, 3)]
Key: com.catan.model.RoundedPoint2D@263280, Value: [Vertex(1, 1, 0)]
Key: com.catan.model.RoundedPoint2D@1b9271, Value: [Vertex(0, -2, 3)]
Key: com.catan.model.RoundedPoint2D@1bf031, Value: [Vertex(0, -1, 5), Vertex(0, 0, 3)]
Key: com.catan.model.RoundedPoint2D@1bd0f1, Value: [Vertex(0, -1, 4), Vertex(0, -2, 0)]
Key: com.catan.model.RoundedPoint2D@1c2eb1, Value: [Vertex(0, 0, 0)]
Key: com.catan.model.RoundedPoint2D@22dbd1, Value: [Vertex(1, 1, 5), Vertex(0, 1, 1)]
Key: com.catan.model.RoundedPoint2D@22bc91, Value: [Vertex(1, 1, 4)]
Key: com.catan.model.RoundedPoint2D@225ed1, Value: [Vertex(0, -1, 2)]
Key: com.catan.model.RoundedPoint2D@227e11, Value: [Vertex(0, -1, 1)]
Key: com.catan.model.RoundedPoint2D@11ec62, Value: [Vertex(-1, -2, 5)]
Key: com.catan.model.RoundedPoint2D@11cd22, Value: [Vertex(-1, -2, 4)]
Key: com.catan.model.RoundedPoint2D@294a90, Value: [Vertex(1, 1, 2)]
Key: com.catan.model.RoundedPoint2D@2969d0, Value: [Vertex(1, 1, 1)]
Key: com.catan.model.RoundedPoint2D@18d821, Value: [Vertex(0, 0, 5)]
Key: com.catan.model.RoundedPoint2D@18b8e1, Value: [Vertex(0, 0, 4)]
Key: com.catan.model.RoundedPoint2D@185b21, Value: [Vertex(-1, -2, 2), Vertex(0, -2, 4)]
Key: com.catan.model.RoundedPoint2D@187a61, Value: [Vertex(-1, -2, 1), Vertex(0, -2, 5)]
Key: com.catan.model.RoundedPoint2D@150491, Value: [Vertex(-1, -2, 3)]
Key: com.catan.model.RoundedPoint2D@154311, Value: [Vertex(-1, -2, 0)]
Key: com.catan.model.RoundedPoint2D@1fa481, Value: [Vertex(0, 1, 0)]
Key: com.catan.model.RoundedPoint2D@1f6601, Value: [Vertex(0, 0, 1)]
Key: com.catan.model.RoundedPoint2D@1f0841, Value: [Vertex(0, -1, 3), Vertex(0, -2, 1)]
Key: com.catan.model.RoundedPoint2D@1f46c1, Value: [Vertex(0, -1, 0), Vertex(0, 0, 2)]
Key: com.catan.model.RoundedPoint2D@1ee901, Value: [Vertex(0, -2, 2)]
Key: com.catan.model.RoundedPoint2D@25f400, Value: [Vertex(1, 1, 3)]
Key: com.catan.model.RoundedPoint2D@263280, Value: [Vertex(1, 1, 0)]
Key: com.catan.model.RoundedPoint2D@1b9271, Value: [Vertex(0, -2, 3)]
Key: com.catan.model.RoundedPoint2D@1bf031, Value: [Vertex(0, -1, 5), Vertex(0, 0, 3)]
Key: com.catan.model.RoundedPoint2D@1bd0f1, Value: [Vertex(0, -1, 4), Vertex(0, -2, 0)]
Key: com.catan.model.RoundedPoint2D@1c2eb1, Value: [Vertex(0, 0, 0)]
Key: com.catan.model.RoundedPoint2D@22dbd1, Value: [Vertex(1, 1, 5), Vertex(0, 1, 1)]
Key: com.catan.model.RoundedPoint2D@22bc91, Value: [Vertex(1, 1, 4), Vertex(0, 1, 2)]
Key: com.catan.model.RoundedPoint2D@225ed1, Value: [Vertex(0, -1, 2)]
Key: com.catan.model.RoundedPoint2D@227e11, Value: [Vertex(0, -1, 1)]
Key: com.catan.model.RoundedPoint2D@11ec62, Value: [Vertex(-1, -2, 5)]
Key: com.catan.model.RoundedPoint2D@11cd22, Value: [Vertex(-1, -2, 4)]
Key: com.catan.model.RoundedPoint2D@294a90, Value: [Vertex(1, 1, 2)]
Key: com.catan.model.RoundedPoint2D@2969d0, Value: [Vertex(1, 1, 1)]
Key: com.catan.model.RoundedPoint2D@18d821, Value: [Vertex(0, 0, 5)]
Key: com.catan.model.RoundedPoint2D@18b8e1, Value: [Vertex(0, 0, 4)]
Key: com.catan.model.RoundedPoint2D@185b21, Value: [Vertex(-1, -2, 2), Vertex(0, -2, 4)]
Key: com.catan.model.RoundedPoint2D@187a61, Value: [Vertex(-1, -2, 1), Vertex(0, -2, 5)]
Key: com.catan.model.RoundedPoint2D@150491, Value: [Vertex(-1, -2, 3)]
Key: com.catan.model.RoundedPoint2D@154311, Value: [Vertex(-1, -2, 0)]
Key: com.catan.model.RoundedPoint2D@1fa481, Value: [Vertex(0, 1, 0)]
Key: com.catan.model.RoundedPoint2D@1f6601, Value: [Vertex(0, 0, 1), Vertex(0, 1, 3)]
Key: com.catan.model.RoundedPoint2D@1f0841, Value: [Vertex(0, -1, 3), Vertex(0, -2, 1)]
Key: com.catan.model.RoundedPoint2D@1f46c1, Value: [Vertex(0, -1, 0), Vertex(0, 0, 2)]
Key: com.catan.model.RoundedPoint2D@1ee901, Value: [Vertex(0, -2, 2)]
Key: com.catan.model.RoundedPoint2D@25f400, Value: [Vertex(1, 1, 3)]
Key: com.catan.model.RoundedPoint2D@263280, Value: [Vertex(1, 1, 0)]
Key: com.catan.model.RoundedPoint2D@1b9271, Value: [Vertex(0, -2, 3)]
Key: com.catan.model.RoundedPoint2D@1bf031, Value: [Vertex(0, -1, 5), Vertex(0, 0, 3)]
Key: com.catan.model.RoundedPoint2D@1bd0f1, Value: [Vertex(0, -1, 4), Vertex(0, -2, 0)]
Key: com.catan.model.RoundedPoint2D@1c2eb1, Value: [Vertex(0, 0, 0)]
Key: com.catan.model.RoundedPoint2D@22dbd1, Value: [Vertex(1, 1, 5), Vertex(0, 1, 1)]
Key: com.catan.model.RoundedPoint2D@22bc91, Value: [Vertex(1, 1, 4), Vertex(0, 1, 2)]
Key: com.catan.model.RoundedPoint2D@225ed1, Value: [Vertex(0, -1, 2)]
Key: com.catan.model.RoundedPoint2D@227e11, Value: [Vertex(0, -1, 1)]
Key: com.catan.model.RoundedPoint2D@11ec62, Value: [Vertex(-1, -2, 5)]
Key: com.catan.model.RoundedPoint2D@11cd22, Value: [Vertex(-1, -2, 4)]
Key: com.catan.model.RoundedPoint2D@294a90, Value: [Vertex(1, 1, 2)]
Key: com.catan.model.RoundedPoint2D@2969d0, Value: [Vertex(1, 1, 1)]
Key: com.catan.model.RoundedPoint2D@18d821, Value: [Vertex(0, 0, 5)]
Key: com.catan.model.RoundedPoint2D@18b8e1, Value: [Vertex(0, 0, 4)]
Key: com.catan.model.RoundedPoint2D@185b21, Value: [Vertex(-1, -2, 2), Vertex(0, -2, 4)]
Key: com.catan.model.RoundedPoint2D@187a61, Value: [Vertex(-1, -2, 1), Vertex(0, -2, 5)]
Key: com.catan.model.RoundedPoint2D@150491, Value: [Vertex(-1, -2, 3)]
Key: com.catan.model.RoundedPoint2D@154311, Value: [Vertex(-1, -2, 0)]
Key: com.catan.model.RoundedPoint2D@1fa481, Value: [Vertex(0, 1, 0)]
Key: com.catan.model.RoundedPoint2D@1f6601, Value: [Vertex(0, 0, 1), Vertex(0, 1, 3)]
Key: com.catan.model.RoundedPoint2D@1f0841, Value: [Vertex(0, -1, 3), Vertex(0, -2, 1)]
Key: com.catan.model.RoundedPoint2D@1f46c1, Value: [Vertex(0, -1, 0), Vertex(0, 0, 2)]
Key: com.catan.model.RoundedPoint2D@1ee901, Value: [Vertex(0, -2, 2)]
Key: com.catan.model.RoundedPoint2D@25f400, Value: [Vertex(1, 1, 3)]
Key: com.catan.model.RoundedPoint2D@263280, Value: [Vertex(1, 1, 0)]
Key: com.catan.model.RoundedPoint2D@1b9271, Value: [Vertex(0, -2, 3)]
Key: com.catan.model.RoundedPoint2D@1bf031, Value: [Vertex(0, -1, 5), Vertex(0, 0, 3)]
Key: com.catan.model.RoundedPoint2D@1bd0f1, Value: [Vertex(0, -1, 4), Vertex(0, -2, 0)]
Key: com.catan.model.RoundedPoint2D@1c2eb1, Value: [Vertex(0, 0, 0), Vertex(0, 1, 4)]
Key: com.catan.model.RoundedPoint2D@22dbd1, Value: [Vertex(1, 1, 5), Vertex(0, 1, 1)]
Key: com.catan.model.RoundedPoint2D@22bc91, Value: [Vertex(1, 1, 4), Vertex(0, 1, 2)]
Key: com.catan.model.RoundedPoint2D@225ed1, Value: [Vertex(0, -1, 2)]
Key: com.catan.model.RoundedPoint2D@227e11, Value: [Vertex(0, -1, 1)]
Key: com.catan.model.RoundedPoint2D@11ec62, Value: [Vertex(-1, -2, 5)]
Key: com.catan.model.RoundedPoint2D@11cd22, Value: [Vertex(-1, -2, 4)]
Key: com.catan.model.RoundedPoint2D@294a90, Value: [Vertex(1, 1, 2)]
Key: com.catan.model.RoundedPoint2D@2969d0, Value: [Vertex(1, 1, 1)]
Key: com.catan.model.RoundedPoint2D@18d821, Value: [Vertex(0, 0, 5)]
Key: com.catan.model.RoundedPoint2D@18b8e1, Value: [Vertex(0, 0, 4)]
Key: com.catan.model.RoundedPoint2D@185b21, Value: [Vertex(-1, -2, 2), Vertex(0, -2, 4)]
Key: com.catan.model.RoundedPoint2D@187a61, Value: [Vertex(-1, -2, 1), Vertex(0, -2, 5)]
Key: com.catan.model.RoundedPoint2D@150491, Value: [Vertex(-1, -2, 3)]
Key: com.catan.model.RoundedPoint2D@154311, Value: [Vertex(-1, -2, 0)]
Key: com.catan.model.RoundedPoint2D@1fa481, Value: [Vertex(0, 1, 0)]
Key: com.catan.model.RoundedPoint2D@1f6601, Value: [Vertex(0, 0, 1), Vertex(0, 1, 3)]
Key: com.catan.model.RoundedPoint2D@1f0841, Value: [Vertex(0, -1, 3), Vertex(0, -2, 1)]
Key: com.catan.model.RoundedPoint2D@1f46c1, Value: [Vertex(0, -1, 0), Vertex(0, 0, 2)]
Key: com.catan.model.RoundedPoint2D@1ee901, Value: [Vertex(0, -2, 2)]
Key: com.catan.model.RoundedPoint2D@25f400, Value: [Vertex(1, 1, 3)]
Key: com.catan.model.RoundedPoint2D@263280, Value: [Vertex(1, 1, 0)]
Key: com.catan.model.RoundedPoint2D@1b9271, Value: [Vertex(0, -2, 3)]
Key: com.catan.model.RoundedPoint2D@1bf031, Value: [Vertex(0, -1, 5), Vertex(0, 0, 3)]
Key: com.catan.model.RoundedPoint2D@1bd0f1, Value: [Vertex(0, -1, 4), Vertex(0, -2, 0)]
Key: com.catan.model.RoundedPoint2D@1c4df1, Value: [Vertex(0, 1, 5)]
Key: com.catan.model.RoundedPoint2D@1c2eb1, Value: [Vertex(0, 0, 0), Vertex(0, 1, 4)]
Key: com.catan.model.RoundedPoint2D@22dbd1, Value: [Vertex(1, 1, 5), Vertex(0, 1, 1)]
Key: com.catan.model.RoundedPoint2D@22bc91, Value: [Vertex(1, 1, 4), Vertex(0, 1, 2)]
Key: com.catan.model.RoundedPoint2D@225ed1, Value: [Vertex(0, -1, 2)]
Key: com.catan.model.RoundedPoint2D@227e11, Value: [Vertex(0, -1, 1)]
Key: com.catan.model.RoundedPoint2D@11ec62, Value: [Vertex(-1, -2, 5)]
Key: com.catan.model.RoundedPoint2D@11cd22, Value: [Vertex(-1, -2, 4)]
Key: com.catan.model.RoundedPoint2D@294a90, Value: [Vertex(1, 1, 2)]
Key: com.catan.model.RoundedPoint2D@2969d0, Value: [Vertex(1, 1, 1)]
Key: com.catan.model.RoundedPoint2D@18d821, Value: [Vertex(0, 0, 5)]
Key: com.catan.model.RoundedPoint2D@18b8e1, Value: [Vertex(0, 0, 4)]
Key: com.catan.model.RoundedPoint2D@185b21, Value: [Vertex(-1, -2, 2), Vertex(0, -2, 4)]
Key: com.catan.model.RoundedPoint2D@187a61, Value: [Vertex(-1, -2, 1), Vertex(0, -2, 5)]
Key: com.catan.model.RoundedPoint2D@150491, Value: [Vertex(-1, -2, 3)]
Key: com.catan.model.RoundedPoint2D@154311, Value: [Vertex(-1, -2, 0)]
Key: com.catan.model.RoundedPoint2D@1fa481, Value: [Vertex(0, 1, 0)]
Key: com.catan.model.RoundedPoint2D@1f6601, Value: [Vertex(0, 0, 1), Vertex(0, 1, 3)]
Key: com.catan.model.RoundedPoint2D@1f0841, Value: [Vertex(0, -1, 3), Vertex(0, -2, 1)]
Key: com.catan.model.RoundedPoint2D@1f46c1, Value: [Vertex(0, -1, 0), Vertex(0, 0, 2)]
Key: com.catan.model.RoundedPoint2D@1ee901, Value: [Vertex(0, -2, 2)]
Key: com.catan.model.RoundedPoint2D@25f400, Value: [Vertex(1, 1, 3)]
Key: com.catan.model.RoundedPoint2D@263280, Value: [Vertex(1, 1, 0)]
Key: com.catan.model.RoundedPoint2D@1b9271, Value: [Vertex(0, -2, 3)]
Key: com.catan.model.RoundedPoint2D@1bf031, Value: [Vertex(0, -1, 5), Vertex(0, 0, 3)]
Key: com.catan.model.RoundedPoint2D@1bd0f1, Value: [Vertex(0, -1, 4), Vertex(0, -2, 0)]
Key: com.catan.model.RoundedPoint2D@1c4df1, Value: [Vertex(0, 1, 5)]
Key: com.catan.model.RoundedPoint2D@1c2eb1, Value: [Vertex(0, 0, 0), Vertex(0, 1, 4)]
Key: com.catan.model.RoundedPoint2D@231a51, Value: [Vertex(1, 2, 0)]
Key: com.catan.model.RoundedPoint2D@22dbd1, Value: [Vertex(1, 1, 5), Vertex(0, 1, 1)]
Key: com.catan.model.RoundedPoint2D@22bc91, Value: [Vertex(1, 1, 4), Vertex(0, 1, 2)]
Key: com.catan.model.RoundedPoint2D@225ed1, Value: [Vertex(0, -1, 2)]
Key: com.catan.model.RoundedPoint2D@227e11, Value: [Vertex(0, -1, 1)]
Key: com.catan.model.RoundedPoint2D@11ec62, Value: [Vertex(-1, -2, 5)]
Key: com.catan.model.RoundedPoint2D@11cd22, Value: [Vertex(-1, -2, 4)]
Key: com.catan.model.RoundedPoint2D@294a90, Value: [Vertex(1, 1, 2)]
Key: com.catan.model.RoundedPoint2D@2969d0, Value: [Vertex(1, 1, 1)]
Key: com.catan.model.RoundedPoint2D@18d821, Value: [Vertex(0, 0, 5)]
Key: com.catan.model.RoundedPoint2D@18b8e1, Value: [Vertex(0, 0, 4)]
Key: com.catan.model.RoundedPoint2D@185b21, Value: [Vertex(-1, -2, 2), Vertex(0, -2, 4)]
Key: com.catan.model.RoundedPoint2D@187a61, Value: [Vertex(-1, -2, 1), Vertex(0, -2, 5)]
Key: com.catan.model.RoundedPoint2D@150491, Value: [Vertex(-1, -2, 3)]
Key: com.catan.model.RoundedPoint2D@154311, Value: [Vertex(-1, -2, 0)]
Key: com.catan.model.RoundedPoint2D@1fa481, Value: [Vertex(0, 1, 0)]
Key: com.catan.model.RoundedPoint2D@1f6601, Value: [Vertex(0, 0, 1), Vertex(0, 1, 3)]
Key: com.catan.model.RoundedPoint2D@1f0841, Value: [Vertex(0, -1, 3), Vertex(0, -2, 1)]
Key: com.catan.model.RoundedPoint2D@1f46c1, Value: [Vertex(0, -1, 0), Vertex(0, 0, 2)]
Key: com.catan.model.RoundedPoint2D@1ee901, Value: [Vertex(0, -2, 2)]
Key: com.catan.model.RoundedPoint2D@25f400, Value: [Vertex(1, 1, 3)]
Key: com.catan.model.RoundedPoint2D@2651c0, Value: [Vertex(1, 2, 1)]
Key: com.catan.model.RoundedPoint2D@263280, Value: [Vertex(1, 1, 0)]
Key: com.catan.model.RoundedPoint2D@1b9271, Value: [Vertex(0, -2, 3)]
Key: com.catan.model.RoundedPoint2D@1bf031, Value: [Vertex(0, -1, 5), Vertex(0, 0, 3)]
Key: com.catan.model.RoundedPoint2D@1bd0f1, Value: [Vertex(0, -1, 4), Vertex(0, -2, 0)]
Key: com.catan.model.RoundedPoint2D@1c4df1, Value: [Vertex(0, 1, 5)]
Key: com.catan.model.RoundedPoint2D@1c2eb1, Value: [Vertex(0, 0, 0), Vertex(0, 1, 4)]
Key: com.catan.model.RoundedPoint2D@231a51, Value: [Vertex(1, 2, 0)]
Key: com.catan.model.RoundedPoint2D@22dbd1, Value: [Vertex(1, 1, 5), Vertex(0, 1, 1)]
Key: com.catan.model.RoundedPoint2D@22bc91, Value: [Vertex(1, 1, 4), Vertex(0, 1, 2)]
Key: com.catan.model.RoundedPoint2D@225ed1, Value: [Vertex(0, -1, 2)]
Key: com.catan.model.RoundedPoint2D@227e11, Value: [Vertex(0, -1, 1)]
Key: com.catan.model.RoundedPoint2D@11ec62, Value: [Vertex(-1, -2, 5)]
Key: com.catan.model.RoundedPoint2D@11cd22, Value: [Vertex(-1, -2, 4)]
Key: com.catan.model.RoundedPoint2D@294a90, Value: [Vertex(1, 1, 2)]
Key: com.catan.model.RoundedPoint2D@2969d0, Value: [Vertex(1, 1, 1)]
Key: com.catan.model.RoundedPoint2D@18d821, Value: [Vertex(0, 0, 5)]
Key: com.catan.model.RoundedPoint2D@18b8e1, Value: [Vertex(0, 0, 4)]
Key: com.catan.model.RoundedPoint2D@185b21, Value: [Vertex(-1, -2, 2), Vertex(0, -2, 4)]
Key: com.catan.model.RoundedPoint2D@187a61, Value: [Vertex(-1, -2, 1), Vertex(0, -2, 5)]
Key: com.catan.model.RoundedPoint2D@150491, Value: [Vertex(-1, -2, 3)]
Key: com.catan.model.RoundedPoint2D@154311, Value: [Vertex(-1, -2, 0)]
Key: com.catan.model.RoundedPoint2D@1fa481, Value: [Vertex(0, 1, 0)]
Key: com.catan.model.RoundedPoint2D@1f6601, Value: [Vertex(0, 0, 1), Vertex(0, 1, 3)]
Key: com.catan.model.RoundedPoint2D@1f0841, Value: [Vertex(0, -1, 3), Vertex(0, -2, 1)]
Key: com.catan.model.RoundedPoint2D@1f46c1, Value: [Vertex(0, -1, 0), Vertex(0, 0, 2)]
Key: com.catan.model.RoundedPoint2D@1ee901, Value: [Vertex(0, -2, 2)]
Key: com.catan.model.RoundedPoint2D@25f400, Value: [Vertex(1, 1, 3)]
Key: com.catan.model.RoundedPoint2D@2651c0, Value: [Vertex(1, 2, 1)]
Key: com.catan.model.RoundedPoint2D@263280, Value: [Vertex(1, 1, 0), Vertex(1, 2, 2)]
Key: com.catan.model.RoundedPoint2D@1b9271, Value: [Vertex(0, -2, 3)]
Key: com.catan.model.RoundedPoint2D@1bf031, Value: [Vertex(0, -1, 5), Vertex(0, 0, 3)]
Key: com.catan.model.RoundedPoint2D@1bd0f1, Value: [Vertex(0, -1, 4), Vertex(0, -2, 0)]
Key: com.catan.model.RoundedPoint2D@1c4df1, Value: [Vertex(0, 1, 5)]
Key: com.catan.model.RoundedPoint2D@1c2eb1, Value: [Vertex(0, 0, 0), Vertex(0, 1, 4)]
Key: com.catan.model.RoundedPoint2D@231a51, Value: [Vertex(1, 2, 0)]
Key: com.catan.model.RoundedPoint2D@22dbd1, Value: [Vertex(1, 1, 5), Vertex(0, 1, 1)]
Key: com.catan.model.RoundedPoint2D@22bc91, Value: [Vertex(1, 1, 4), Vertex(0, 1, 2)]
Key: com.catan.model.RoundedPoint2D@225ed1, Value: [Vertex(0, -1, 2)]
Key: com.catan.model.RoundedPoint2D@227e11, Value: [Vertex(0, -1, 1)]
Key: com.catan.model.RoundedPoint2D@11ec62, Value: [Vertex(-1, -2, 5)]
Key: com.catan.model.RoundedPoint2D@11cd22, Value: [Vertex(-1, -2, 4)]
Key: com.catan.model.RoundedPoint2D@294a90, Value: [Vertex(1, 1, 2)]
Key: com.catan.model.RoundedPoint2D@2969d0, Value: [Vertex(1, 1, 1)]
Key: com.catan.model.RoundedPoint2D@18d821, Value: [Vertex(0, 0, 5)]
Key: com.catan.model.RoundedPoint2D@18b8e1, Value: [Vertex(0, 0, 4)]
Key: com.catan.model.RoundedPoint2D@185b21, Value: [Vertex(-1, -2, 2), Vertex(0, -2, 4)]
Key: com.catan.model.RoundedPoint2D@187a61, Value: [Vertex(-1, -2, 1), Vertex(0, -2, 5)]
Key: com.catan.model.RoundedPoint2D@150491, Value: [Vertex(-1, -2, 3)]
Key: com.catan.model.RoundedPoint2D@154311, Value: [Vertex(-1, -2, 0)]
Key: com.catan.model.RoundedPoint2D@1fa481, Value: [Vertex(0, 1, 0)]
Key: com.catan.model.RoundedPoint2D@1f6601, Value: [Vertex(0, 0, 1), Vertex(0, 1, 3)]
Key: com.catan.model.RoundedPoint2D@1f0841, Value: [Vertex(0, -1, 3), Vertex(0, -2, 1)]
Key: com.catan.model.RoundedPoint2D@1f46c1, Value: [Vertex(0, -1, 0), Vertex(0, 0, 2)]
Key: com.catan.model.RoundedPoint2D@1ee901, Value: [Vertex(0, -2, 2)]
Key: com.catan.model.RoundedPoint2D@25f400, Value: [Vertex(1, 1, 3)]
Key: com.catan.model.RoundedPoint2D@2651c0, Value: [Vertex(1, 2, 1)]
Key: com.catan.model.RoundedPoint2D@263280, Value: [Vertex(1, 1, 0), Vertex(1, 2, 2)]
Key: com.catan.model.RoundedPoint2D@1b9271, Value: [Vertex(0, -2, 3)]
Key: com.catan.model.RoundedPoint2D@1bf031, Value: [Vertex(0, -1, 5), Vertex(0, 0, 3)]
Key: com.catan.model.RoundedPoint2D@1bd0f1, Value: [Vertex(0, -1, 4), Vertex(0, -2, 0)]
Key: com.catan.model.RoundedPoint2D@1c4df1, Value: [Vertex(0, 1, 5)]
Key: com.catan.model.RoundedPoint2D@1c2eb1, Value: [Vertex(0, 0, 0), Vertex(0, 1, 4)]
Key: com.catan.model.RoundedPoint2D@231a51, Value: [Vertex(1, 2, 0)]
Key: com.catan.model.RoundedPoint2D@22dbd1, Value: [Vertex(1, 1, 5), Vertex(0, 1, 1), Vertex(1, 2, 3)]
Key: com.catan.model.RoundedPoint2D@22bc91, Value: [Vertex(1, 1, 4), Vertex(0, 1, 2)]
Key: com.catan.model.RoundedPoint2D@225ed1, Value: [Vertex(0, -1, 2)]
Key: com.catan.model.RoundedPoint2D@227e11, Value: [Vertex(0, -1, 1)]
Key: com.catan.model.RoundedPoint2D@11ec62, Value: [Vertex(-1, -2, 5)]
Key: com.catan.model.RoundedPoint2D@11cd22, Value: [Vertex(-1, -2, 4)]
Key: com.catan.model.RoundedPoint2D@294a90, Value: [Vertex(1, 1, 2)]
Key: com.catan.model.RoundedPoint2D@2969d0, Value: [Vertex(1, 1, 1)]
Key: com.catan.model.RoundedPoint2D@18d821, Value: [Vertex(0, 0, 5)]
Key: com.catan.model.RoundedPoint2D@18b8e1, Value: [Vertex(0, 0, 4)]
Key: com.catan.model.RoundedPoint2D@185b21, Value: [Vertex(-1, -2, 2), Vertex(0, -2, 4)]
Key: com.catan.model.RoundedPoint2D@187a61, Value: [Vertex(-1, -2, 1), Vertex(0, -2, 5)]
Key: com.catan.model.RoundedPoint2D@150491, Value: [Vertex(-1, -2, 3)]
Key: com.catan.model.RoundedPoint2D@154311, Value: [Vertex(-1, -2, 0)]
Key: com.catan.model.RoundedPoint2D@1fa481, Value: [Vertex(0, 1, 0), Vertex(1, 2, 4)]
Key: com.catan.model.RoundedPoint2D@1f6601, Value: [Vertex(0, 0, 1), Vertex(0, 1, 3)]
Key: com.catan.model.RoundedPoint2D@1f0841, Value: [Vertex(0, -1, 3), Vertex(0, -2, 1)]
Key: com.catan.model.RoundedPoint2D@1f46c1, Value: [Vertex(0, -1, 0), Vertex(0, 0, 2)]
Key: com.catan.model.RoundedPoint2D@1ee901, Value: [Vertex(0, -2, 2)]
Key: com.catan.model.RoundedPoint2D@25f400, Value: [Vertex(1, 1, 3)]
Key: com.catan.model.RoundedPoint2D@2651c0, Value: [Vertex(1, 2, 1)]
Key: com.catan.model.RoundedPoint2D@263280, Value: [Vertex(1, 1, 0), Vertex(1, 2, 2)]
Key: com.catan.model.RoundedPoint2D@1b9271, Value: [Vertex(0, -2, 3)]
Key: com.catan.model.RoundedPoint2D@1bf031, Value: [Vertex(0, -1, 5), Vertex(0, 0, 3)]
Key: com.catan.model.RoundedPoint2D@1bd0f1, Value: [Vertex(0, -1, 4), Vertex(0, -2, 0)]
Key: com.catan.model.RoundedPoint2D@1c4df1, Value: [Vertex(0, 1, 5)]
Key: com.catan.model.RoundedPoint2D@1c2eb1, Value: [Vertex(0, 0, 0), Vertex(0, 1, 4)]
Key: com.catan.model.RoundedPoint2D@231a51, Value: [Vertex(1, 2, 0)]
Key: com.catan.model.RoundedPoint2D@22dbd1, Value: [Vertex(1, 1, 5), Vertex(0, 1, 1), Vertex(1, 2, 3)]
Key: com.catan.model.RoundedPoint2D@22bc91, Value: [Vertex(1, 1, 4), Vertex(0, 1, 2)]
Key: com.catan.model.RoundedPoint2D@225ed1, Value: [Vertex(0, -1, 2)]
Key: com.catan.model.RoundedPoint2D@227e11, Value: [Vertex(0, -1, 1)]
Key: com.catan.model.RoundedPoint2D@11ec62, Value: [Vertex(-1, -2, 5)]
Key: com.catan.model.RoundedPoint2D@11cd22, Value: [Vertex(-1, -2, 4)]
Key: com.catan.model.RoundedPoint2D@294a90, Value: [Vertex(1, 1, 2)]
Key: com.catan.model.RoundedPoint2D@2969d0, Value: [Vertex(1, 1, 1)]
Key: com.catan.model.RoundedPoint2D@18d821, Value: [Vertex(0, 0, 5)]
Key: com.catan.model.RoundedPoint2D@18b8e1, Value: [Vertex(0, 0, 4)]
Key: com.catan.model.RoundedPoint2D@185b21, Value: [Vertex(-1, -2, 2), Vertex(0, -2, 4)]
Key: com.catan.model.RoundedPoint2D@187a61, Value: [Vertex(-1, -2, 1), Vertex(0, -2, 5)]
Key: com.catan.model.RoundedPoint2D@150491, Value: [Vertex(-1, -2, 3)]
Key: com.catan.model.RoundedPoint2D@154311, Value: [Vertex(-1, -2, 0)]
Key: com.catan.model.RoundedPoint2D@1fc3c1, Value: [Vertex(1, 2, 5)]
Key: com.catan.model.RoundedPoint2D@1fa481, Value: [Vertex(0, 1, 0), Vertex(1, 2, 4)]
Key: com.catan.model.RoundedPoint2D@1f6601, Value: [Vertex(0, 0, 1), Vertex(0, 1, 3)]
Key: com.catan.model.RoundedPoint2D@1f0841, Value: [Vertex(0, -1, 3), Vertex(0, -2, 1)]
Key: com.catan.model.RoundedPoint2D@1f46c1, Value: [Vertex(0, -1, 0), Vertex(0, 0, 2)]
Key: com.catan.model.RoundedPoint2D@1ee901, Value: [Vertex(0, -2, 2)]
Key: com.catan.model.RoundedPoint2D@25f400, Value: [Vertex(1, 1, 3)]
Key: com.catan.model.RoundedPoint2D@2651c0, Value: [Vertex(1, 2, 1)]
Key: com.catan.model.RoundedPoint2D@263280, Value: [Vertex(1, 1, 0), Vertex(1, 2, 2)]
Key: com.catan.model.RoundedPoint2D@1b9271, Value: [Vertex(0, -2, 3)]
Key: com.catan.model.RoundedPoint2D@1bf031, Value: [Vertex(0, -1, 5), Vertex(0, 0, 3)]
Key: com.catan.model.RoundedPoint2D@1bd0f1, Value: [Vertex(0, -1, 4), Vertex(0, -2, 0)]
Key: com.catan.model.RoundedPoint2D@1c4df1, Value: [Vertex(0, 1, 5)]
Key: com.catan.model.RoundedPoint2D@1c2eb1, Value: [Vertex(0, 0, 0), Vertex(0, 1, 4)]
Key: com.catan.model.RoundedPoint2D@231a51, Value: [Vertex(1, 2, 0)]
Key: com.catan.model.RoundedPoint2D@22dbd1, Value: [Vertex(1, 1, 5), Vertex(0, 1, 1), Vertex(1, 2, 3)]
Key: com.catan.model.RoundedPoint2D@22bc91, Value: [Vertex(1, 1, 4), Vertex(0, 1, 2)]
Key: com.catan.model.RoundedPoint2D@225ed1, Value: [Vertex(0, -1, 2)]
Key: com.catan.model.RoundedPoint2D@227e11, Value: [Vertex(0, -1, 1)]
Key: com.catan.model.RoundedPoint2D@11ec62, Value: [Vertex(-1, -2, 5)]
Key: com.catan.model.RoundedPoint2D@11cd22, Value: [Vertex(-1, -2, 4)]
Key: com.catan.model.RoundedPoint2D@294a90, Value: [Vertex(1, 1, 2)]
Key: com.catan.model.RoundedPoint2D@2969d0, Value: [Vertex(1, 1, 1)]
Key: com.catan.model.RoundedPoint2D@18d821, Value: [Vertex(0, 0, 5)]
Key: com.catan.model.RoundedPoint2D@18b8e1, Value: [Vertex(0, 0, 4)]
Key: com.catan.model.RoundedPoint2D@185b21, Value: [Vertex(-1, -2, 2), Vertex(0, -2, 4)]
Key: com.catan.model.RoundedPoint2D@187a61, Value: [Vertex(-1, -2, 1), Vertex(0, -2, 5)]
Key: com.catan.model.RoundedPoint2D@150491, Value: [Vertex(-1, -2, 3)]
Key: com.catan.model.RoundedPoint2D@154311, Value: [Vertex(-1, -2, 0)]
Key: com.catan.model.RoundedPoint2D@1fc3c1, Value: [Vertex(1, 2, 5)]
Key: com.catan.model.RoundedPoint2D@1fa481, Value: [Vertex(0, 1, 0), Vertex(1, 2, 4)]
Key: com.catan.model.RoundedPoint2D@1f6601, Value: [Vertex(0, 0, 1), Vertex(0, 1, 3)]
Key: com.catan.model.RoundedPoint2D@1f0841, Value: [Vertex(0, -1, 3), Vertex(0, -2, 1)]
Key: com.catan.model.RoundedPoint2D@1f46c1, Value: [Vertex(0, -1, 0), Vertex(0, 0, 2)]
Key: com.catan.model.RoundedPoint2D@1ee901, Value: [Vertex(0, -2, 2)]
Key: com.catan.model.RoundedPoint2D@25f400, Value: [Vertex(1, 1, 3)]
Key: com.catan.model.RoundedPoint2D@2651c0, Value: [Vertex(1, 2, 1)]
Key: com.catan.model.RoundedPoint2D@263280, Value: [Vertex(1, 1, 0), Vertex(1, 2, 2)]
Key: com.catan.model.RoundedPoint2D@1b9271, Value: [Vertex(0, -2, 3)]
Key: com.catan.model.RoundedPoint2D@1bf031, Value: [Vertex(0, -1, 5), Vertex(0, 0, 3)]
Key: com.catan.model.RoundedPoint2D@1bd0f1, Value: [Vertex(0, -1, 4), Vertex(0, -2, 0)]
Key: com.catan.model.RoundedPoint2D@1c8c71, Value: [Vertex(0, 2, 0)]
Key: com.catan.model.RoundedPoint2D@1c4df1, Value: [Vertex(0, 1, 5)]
Key: com.catan.model.RoundedPoint2D@1c2eb1, Value: [Vertex(0, 0, 0), Vertex(0, 1, 4)]
Key: com.catan.model.RoundedPoint2D@231a51, Value: [Vertex(1, 2, 0)]
Key: com.catan.model.RoundedPoint2D@22dbd1, Value: [Vertex(1, 1, 5), Vertex(0, 1, 1), Vertex(1, 2, 3)]
Key: com.catan.model.RoundedPoint2D@22bc91, Value: [Vertex(1, 1, 4), Vertex(0, 1, 2)]
Key: com.catan.model.RoundedPoint2D@225ed1, Value: [Vertex(0, -1, 2)]
Key: com.catan.model.RoundedPoint2D@227e11, Value: [Vertex(0, -1, 1)]
Key: com.catan.model.RoundedPoint2D@11ec62, Value: [Vertex(-1, -2, 5)]
Key: com.catan.model.RoundedPoint2D@11cd22, Value: [Vertex(-1, -2, 4)]
Key: com.catan.model.RoundedPoint2D@294a90, Value: [Vertex(1, 1, 2)]
Key: com.catan.model.RoundedPoint2D@2969d0, Value: [Vertex(1, 1, 1)]
Key: com.catan.model.RoundedPoint2D@18d821, Value: [Vertex(0, 0, 5)]
Key: com.catan.model.RoundedPoint2D@18b8e1, Value: [Vertex(0, 0, 4)]
Key: com.catan.model.RoundedPoint2D@185b21, Value: [Vertex(-1, -2, 2), Vertex(0, -2, 4)]
Key: com.catan.model.RoundedPoint2D@187a61, Value: [Vertex(-1, -2, 1), Vertex(0, -2, 5)]
Key: com.catan.model.RoundedPoint2D@150491, Value: [Vertex(-1, -2, 3)]
Key: com.catan.model.RoundedPoint2D@154311, Value: [Vertex(-1, -2, 0)]
Key: com.catan.model.RoundedPoint2D@1fc3c1, Value: [Vertex(1, 2, 5), Vertex(0, 2, 1)]
Key: com.catan.model.RoundedPoint2D@1fa481, Value: [Vertex(0, 1, 0), Vertex(1, 2, 4)]
Key: com.catan.model.RoundedPoint2D@1f6601, Value: [Vertex(0, 0, 1), Vertex(0, 1, 3)]
Key: com.catan.model.RoundedPoint2D@1f0841, Value: [Vertex(0, -1, 3), Vertex(0, -2, 1)]
Key: com.catan.model.RoundedPoint2D@1f46c1, Value: [Vertex(0, -1, 0), Vertex(0, 0, 2)]
Key: com.catan.model.RoundedPoint2D@1ee901, Value: [Vertex(0, -2, 2)]
Key: com.catan.model.RoundedPoint2D@25f400, Value: [Vertex(1, 1, 3)]
Key: com.catan.model.RoundedPoint2D@2651c0, Value: [Vertex(1, 2, 1)]
Key: com.catan.model.RoundedPoint2D@263280, Value: [Vertex(1, 1, 0), Vertex(1, 2, 2)]
Key: com.catan.model.RoundedPoint2D@1b9271, Value: [Vertex(0, -2, 3)]
Key: com.catan.model.RoundedPoint2D@1bf031, Value: [Vertex(0, -1, 5), Vertex(0, 0, 3)]
Key: com.catan.model.RoundedPoint2D@1bd0f1, Value: [Vertex(0, -1, 4), Vertex(0, -2, 0)]
Key: com.catan.model.RoundedPoint2D@1c8c71, Value: [Vertex(0, 2, 0)]
Key: com.catan.model.RoundedPoint2D@1c4df1, Value: [Vertex(0, 1, 5)]
Key: com.catan.model.RoundedPoint2D@1c2eb1, Value: [Vertex(0, 0, 0), Vertex(0, 1, 4)]
Key: com.catan.model.RoundedPoint2D@231a51, Value: [Vertex(1, 2, 0)]
Key: com.catan.model.RoundedPoint2D@22dbd1, Value: [Vertex(1, 1, 5), Vertex(0, 1, 1), Vertex(1, 2, 3)]
Key: com.catan.model.RoundedPoint2D@22bc91, Value: [Vertex(1, 1, 4), Vertex(0, 1, 2)]
Key: com.catan.model.RoundedPoint2D@225ed1, Value: [Vertex(0, -1, 2)]
Key: com.catan.model.RoundedPoint2D@227e11, Value: [Vertex(0, -1, 1)]
Key: com.catan.model.RoundedPoint2D@11ec62, Value: [Vertex(-1, -2, 5)]
Key: com.catan.model.RoundedPoint2D@11cd22, Value: [Vertex(-1, -2, 4)]
Key: com.catan.model.RoundedPoint2D@294a90, Value: [Vertex(1, 1, 2)]
Key: com.catan.model.RoundedPoint2D@2969d0, Value: [Vertex(1, 1, 1)]
Key: com.catan.model.RoundedPoint2D@18d821, Value: [Vertex(0, 0, 5)]
Key: com.catan.model.RoundedPoint2D@18b8e1, Value: [Vertex(0, 0, 4)]
Key: com.catan.model.RoundedPoint2D@185b21, Value: [Vertex(-1, -2, 2), Vertex(0, -2, 4)]
Key: com.catan.model.RoundedPoint2D@187a61, Value: [Vertex(-1, -2, 1), Vertex(0, -2, 5)]
Key: com.catan.model.RoundedPoint2D@150491, Value: [Vertex(-1, -2, 3)]
Key: com.catan.model.RoundedPoint2D@154311, Value: [Vertex(-1, -2, 0)]
Key: com.catan.model.RoundedPoint2D@1fc3c1, Value: [Vertex(1, 2, 5), Vertex(0, 2, 1)]
Key: com.catan.model.RoundedPoint2D@1fa481, Value: [Vertex(0, 1, 0), Vertex(1, 2, 4), Vertex(0, 2, 2)]
Key: com.catan.model.RoundedPoint2D@1f6601, Value: [Vertex(0, 0, 1), Vertex(0, 1, 3)]
Key: com.catan.model.RoundedPoint2D@1f0841, Value: [Vertex(0, -1, 3), Vertex(0, -2, 1)]
Key: com.catan.model.RoundedPoint2D@1f46c1, Value: [Vertex(0, -1, 0), Vertex(0, 0, 2)]
Key: com.catan.model.RoundedPoint2D@1ee901, Value: [Vertex(0, -2, 2)]
Key: com.catan.model.RoundedPoint2D@25f400, Value: [Vertex(1, 1, 3)]
Key: com.catan.model.RoundedPoint2D@2651c0, Value: [Vertex(1, 2, 1)]
Key: com.catan.model.RoundedPoint2D@263280, Value: [Vertex(1, 1, 0), Vertex(1, 2, 2)]
Key: com.catan.model.RoundedPoint2D@1b9271, Value: [Vertex(0, -2, 3)]
Key: com.catan.model.RoundedPoint2D@1bf031, Value: [Vertex(0, -1, 5), Vertex(0, 0, 3)]
Key: com.catan.model.RoundedPoint2D@1bd0f1, Value: [Vertex(0, -1, 4), Vertex(0, -2, 0)]
Key: com.catan.model.RoundedPoint2D@1c8c71, Value: [Vertex(0, 2, 0)]
Key: com.catan.model.RoundedPoint2D@1c4df1, Value: [Vertex(0, 1, 5)]
Key: com.catan.model.RoundedPoint2D@1c2eb1, Value: [Vertex(0, 0, 0), Vertex(0, 1, 4)]
Key: com.catan.model.RoundedPoint2D@231a51, Value: [Vertex(1, 2, 0)]
Key: com.catan.model.RoundedPoint2D@22dbd1, Value: [Vertex(1, 1, 5), Vertex(0, 1, 1), Vertex(1, 2, 3)]
Key: com.catan.model.RoundedPoint2D@22bc91, Value: [Vertex(1, 1, 4), Vertex(0, 1, 2)]
Key: com.catan.model.RoundedPoint2D@225ed1, Value: [Vertex(0, -1, 2)]
Key: com.catan.model.RoundedPoint2D@227e11, Value: [Vertex(0, -1, 1)]
Key: com.catan.model.RoundedPoint2D@11ec62, Value: [Vertex(-1, -2, 5)]
Key: com.catan.model.RoundedPoint2D@11cd22, Value: [Vertex(-1, -2, 4)]
Key: com.catan.model.RoundedPoint2D@294a90, Value: [Vertex(1, 1, 2)]
Key: com.catan.model.RoundedPoint2D@2969d0, Value: [Vertex(1, 1, 1)]
Key: com.catan.model.RoundedPoint2D@18d821, Value: [Vertex(0, 0, 5)]
Key: com.catan.model.RoundedPoint2D@18b8e1, Value: [Vertex(0, 0, 4)]
Key: com.catan.model.RoundedPoint2D@185b21, Value: [Vertex(-1, -2, 2), Vertex(0, -2, 4)]
Key: com.catan.model.RoundedPoint2D@187a61, Value: [Vertex(-1, -2, 1), Vertex(0, -2, 5)]
Key: com.catan.model.RoundedPoint2D@150491, Value: [Vertex(-1, -2, 3)]
Key: com.catan.model.RoundedPoint2D@154311, Value: [Vertex(-1, -2, 0)]
Key: com.catan.model.RoundedPoint2D@1fc3c1, Value: [Vertex(1, 2, 5), Vertex(0, 2, 1)]
Key: com.catan.model.RoundedPoint2D@1fa481, Value: [Vertex(0, 1, 0), Vertex(1, 2, 4), Vertex(0, 2, 2)]
Key: com.catan.model.RoundedPoint2D@1f6601, Value: [Vertex(0, 0, 1), Vertex(0, 1, 3)]
Key: com.catan.model.RoundedPoint2D@1f0841, Value: [Vertex(0, -1, 3), Vertex(0, -2, 1)]
Key: com.catan.model.RoundedPoint2D@1f46c1, Value: [Vertex(0, -1, 0), Vertex(0, 0, 2)]
Key: com.catan.model.RoundedPoint2D@1ee901, Value: [Vertex(0, -2, 2)]
Key: com.catan.model.RoundedPoint2D@25f400, Value: [Vertex(1, 1, 3)]
Key: com.catan.model.RoundedPoint2D@2651c0, Value: [Vertex(1, 2, 1)]
Key: com.catan.model.RoundedPoint2D@263280, Value: [Vertex(1, 1, 0), Vertex(1, 2, 2)]
Key: com.catan.model.RoundedPoint2D@1b9271, Value: [Vertex(0, -2, 3)]
Key: com.catan.model.RoundedPoint2D@1bf031, Value: [Vertex(0, -1, 5), Vertex(0, 0, 3)]
Key: com.catan.model.RoundedPoint2D@1bd0f1, Value: [Vertex(0, -1, 4), Vertex(0, -2, 0)]
Key: com.catan.model.RoundedPoint2D@1c8c71, Value: [Vertex(0, 2, 0)]
Key: com.catan.model.RoundedPoint2D@1c4df1, Value: [Vertex(0, 1, 5), Vertex(0, 2, 3)]
Key: com.catan.model.RoundedPoint2D@1c2eb1, Value: [Vertex(0, 0, 0), Vertex(0, 1, 4)]
Key: com.catan.model.RoundedPoint2D@231a51, Value: [Vertex(1, 2, 0)]
Key: com.catan.model.RoundedPoint2D@22dbd1, Value: [Vertex(1, 1, 5), Vertex(0, 1, 1), Vertex(1, 2, 3)]
Key: com.catan.model.RoundedPoint2D@22bc91, Value: [Vertex(1, 1, 4), Vertex(0, 1, 2)]
Key: com.catan.model.RoundedPoint2D@225ed1, Value: [Vertex(0, -1, 2)]
Key: com.catan.model.RoundedPoint2D@227e11, Value: [Vertex(0, -1, 1)]
Key: com.catan.model.RoundedPoint2D@11ec62, Value: [Vertex(-1, -2, 5)]
Key: com.catan.model.RoundedPoint2D@11cd22, Value: [Vertex(-1, -2, 4)]
Key: com.catan.model.RoundedPoint2D@294a90, Value: [Vertex(1, 1, 2)]
Key: com.catan.model.RoundedPoint2D@2969d0, Value: [Vertex(1, 1, 1)]
Key: com.catan.model.RoundedPoint2D@18d821, Value: [Vertex(0, 0, 5)]
Key: com.catan.model.RoundedPoint2D@18b8e1, Value: [Vertex(0, 0, 4)]
Key: com.catan.model.RoundedPoint2D@185b21, Value: [Vertex(-1, -2, 2), Vertex(0, -2, 4)]
Key: com.catan.model.RoundedPoint2D@187a61, Value: [Vertex(-1, -2, 1), Vertex(0, -2, 5)]
Key: com.catan.model.RoundedPoint2D@150491, Value: [Vertex(-1, -2, 3)]
Key: com.catan.model.RoundedPoint2D@154311, Value: [Vertex(-1, -2, 0)]
Key: com.catan.model.RoundedPoint2D@1fc3c1, Value: [Vertex(1, 2, 5), Vertex(0, 2, 1)]
Key: com.catan.model.RoundedPoint2D@1fa481, Value: [Vertex(0, 1, 0), Vertex(1, 2, 4), Vertex(0, 2, 2)]
Key: com.catan.model.RoundedPoint2D@1f6601, Value: [Vertex(0, 0, 1), Vertex(0, 1, 3)]
Key: com.catan.model.RoundedPoint2D@1f0841, Value: [Vertex(0, -1, 3), Vertex(0, -2, 1)]
Key: com.catan.model.RoundedPoint2D@1f46c1, Value: [Vertex(0, -1, 0), Vertex(0, 0, 2)]
Key: com.catan.model.RoundedPoint2D@1ee901, Value: [Vertex(0, -2, 2)]
Key: com.catan.model.RoundedPoint2D@25f400, Value: [Vertex(1, 1, 3)]
Key: com.catan.model.RoundedPoint2D@2651c0, Value: [Vertex(1, 2, 1)]
Key: com.catan.model.RoundedPoint2D@263280, Value: [Vertex(1, 1, 0), Vertex(1, 2, 2)]
Key: com.catan.model.RoundedPoint2D@1b9271, Value: [Vertex(0, -2, 3)]
Key: com.catan.model.RoundedPoint2D@1bf031, Value: [Vertex(0, -1, 5), Vertex(0, 0, 3)]
Key: com.catan.model.RoundedPoint2D@1bd0f1, Value: [Vertex(0, -1, 4), Vertex(0, -2, 0)]
Key: com.catan.model.RoundedPoint2D@1c8c71, Value: [Vertex(0, 2, 0)]
Key: com.catan.model.RoundedPoint2D@1c4df1, Value: [Vertex(0, 1, 5), Vertex(0, 2, 3)]
Key: com.catan.model.RoundedPoint2D@1c2eb1, Value: [Vertex(0, 0, 0), Vertex(0, 1, 4)]
Key: com.catan.model.RoundedPoint2D@231a51, Value: [Vertex(1, 2, 0)]
Key: com.catan.model.RoundedPoint2D@22dbd1, Value: [Vertex(1, 1, 5), Vertex(0, 1, 1), Vertex(1, 2, 3)]
Key: com.catan.model.RoundedPoint2D@22bc91, Value: [Vertex(1, 1, 4), Vertex(0, 1, 2)]
Key: com.catan.model.RoundedPoint2D@225ed1, Value: [Vertex(0, -1, 2)]
Key: com.catan.model.RoundedPoint2D@227e11, Value: [Vertex(0, -1, 1)]
Key: com.catan.model.RoundedPoint2D@11ec62, Value: [Vertex(-1, -2, 5)]
Key: com.catan.model.RoundedPoint2D@11cd22, Value: [Vertex(-1, -2, 4)]
Key: com.catan.model.RoundedPoint2D@1916a1, Value: [Vertex(0, 2, 4)]
Key: com.catan.model.RoundedPoint2D@294a90, Value: [Vertex(1, 1, 2)]
Key: com.catan.model.RoundedPoint2D@2969d0, Value: [Vertex(1, 1, 1)]
Key: com.catan.model.RoundedPoint2D@18d821, Value: [Vertex(0, 0, 5)]
Key: com.catan.model.RoundedPoint2D@18b8e1, Value: [Vertex(0, 0, 4)]
Key: com.catan.model.RoundedPoint2D@185b21, Value: [Vertex(-1, -2, 2), Vertex(0, -2, 4)]
Key: com.catan.model.RoundedPoint2D@187a61, Value: [Vertex(-1, -2, 1), Vertex(0, -2, 5)]
Key: com.catan.model.RoundedPoint2D@150491, Value: [Vertex(-1, -2, 3)]
Key: com.catan.model.RoundedPoint2D@154311, Value: [Vertex(-1, -2, 0)]
Key: com.catan.model.RoundedPoint2D@1fc3c1, Value: [Vertex(1, 2, 5), Vertex(0, 2, 1)]
Key: com.catan.model.RoundedPoint2D@1fa481, Value: [Vertex(0, 1, 0), Vertex(1, 2, 4), Vertex(0, 2, 2)]
Key: com.catan.model.RoundedPoint2D@1f6601, Value: [Vertex(0, 0, 1), Vertex(0, 1, 3)]
Key: com.catan.model.RoundedPoint2D@1f0841, Value: [Vertex(0, -1, 3), Vertex(0, -2, 1)]
Key: com.catan.model.RoundedPoint2D@1f46c1, Value: [Vertex(0, -1, 0), Vertex(0, 0, 2)]
Key: com.catan.model.RoundedPoint2D@1ee901, Value: [Vertex(0, -2, 2)]
Key: com.catan.model.RoundedPoint2D@25f400, Value: [Vertex(1, 1, 3)]
Key: com.catan.model.RoundedPoint2D@2651c0, Value: [Vertex(1, 2, 1)]
Key: com.catan.model.RoundedPoint2D@263280, Value: [Vertex(1, 1, 0), Vertex(1, 2, 2)]
Key: com.catan.model.RoundedPoint2D@1b9271, Value: [Vertex(0, -2, 3)]
Key: com.catan.model.RoundedPoint2D@1bf031, Value: [Vertex(0, -1, 5), Vertex(0, 0, 3)]
Key: com.catan.model.RoundedPoint2D@1bd0f1, Value: [Vertex(0, -1, 4), Vertex(0, -2, 0)]
Key: com.catan.model.RoundedPoint2D@1c8c71, Value: [Vertex(0, 2, 0)]
Key: com.catan.model.RoundedPoint2D@1c4df1, Value: [Vertex(0, 1, 5), Vertex(0, 2, 3)]
Key: com.catan.model.RoundedPoint2D@1c2eb1, Value: [Vertex(0, 0, 0), Vertex(0, 1, 4)]
Key: com.catan.model.RoundedPoint2D@231a51, Value: [Vertex(1, 2, 0)]
Key: com.catan.model.RoundedPoint2D@22dbd1, Value: [Vertex(1, 1, 5), Vertex(0, 1, 1), Vertex(1, 2, 3)]
Key: com.catan.model.RoundedPoint2D@22bc91, Value: [Vertex(1, 1, 4), Vertex(0, 1, 2)]
Key: com.catan.model.RoundedPoint2D@225ed1, Value: [Vertex(0, -1, 2)]
Key: com.catan.model.RoundedPoint2D@227e11, Value: [Vertex(0, -1, 1)]
Key: com.catan.model.RoundedPoint2D@11ec62, Value: [Vertex(-1, -2, 5)]
Key: com.catan.model.RoundedPoint2D@11cd22, Value: [Vertex(-1, -2, 4)]
Key: com.catan.model.RoundedPoint2D@1935e1, Value: [Vertex(0, 2, 5)]
Key: com.catan.model.RoundedPoint2D@1916a1, Value: [Vertex(0, 2, 4)]
Key: com.catan.model.RoundedPoint2D@294a90, Value: [Vertex(1, 1, 2)]
Key: com.catan.model.RoundedPoint2D@2969d0, Value: [Vertex(1, 1, 1)]
Key: com.catan.model.RoundedPoint2D@18d821, Value: [Vertex(0, 0, 5)]
Key: com.catan.model.RoundedPoint2D@18b8e1, Value: [Vertex(0, 0, 4)]
Key: com.catan.model.RoundedPoint2D@185b21, Value: [Vertex(-1, -2, 2), Vertex(0, -2, 4)]
Key: com.catan.model.RoundedPoint2D@187a61, Value: [Vertex(-1, -2, 1), Vertex(0, -2, 5)]
Key: com.catan.model.RoundedPoint2D@150491, Value: [Vertex(-1, -2, 3)]
Key: com.catan.model.RoundedPoint2D@154311, Value: [Vertex(-1, -2, 0)]
Key: com.catan.model.RoundedPoint2D@1fc3c1, Value: [Vertex(1, 2, 5), Vertex(0, 2, 1)]
Key: com.catan.model.RoundedPoint2D@1fa481, Value: [Vertex(0, 1, 0), Vertex(1, 2, 4), Vertex(0, 2, 2)]
Key: com.catan.model.RoundedPoint2D@1f6601, Value: [Vertex(0, 0, 1), Vertex(0, 1, 3)]
Key: com.catan.model.RoundedPoint2D@1f0841, Value: [Vertex(0, -1, 3), Vertex(0, -2, 1)]
Key: com.catan.model.RoundedPoint2D@1f46c1, Value: [Vertex(0, -1, 0), Vertex(0, 0, 2)]
Key: com.catan.model.RoundedPoint2D@1ee901, Value: [Vertex(0, -2, 2)]
Key: com.catan.model.RoundedPoint2D@25f400, Value: [Vertex(1, 1, 3)]
Key: com.catan.model.RoundedPoint2D@2651c0, Value: [Vertex(1, 2, 1)]
Key: com.catan.model.RoundedPoint2D@263280, Value: [Vertex(1, 1, 0), Vertex(1, 2, 2)]
Key: com.catan.model.RoundedPoint2D@1b9271, Value: [Vertex(0, -2, 3)]
Key: com.catan.model.RoundedPoint2D@1bf031, Value: [Vertex(0, -1, 5), Vertex(0, 0, 3)]
Key: com.catan.model.RoundedPoint2D@1bd0f1, Value: [Vertex(0, -1, 4), Vertex(0, -2, 0)]
Key: com.catan.model.RoundedPoint2D@1c8c71, Value: [Vertex(0, 2, 0)]
Key: com.catan.model.RoundedPoint2D@1c4df1, Value: [Vertex(0, 1, 5), Vertex(0, 2, 3)]
Key: com.catan.model.RoundedPoint2D@1c2eb1, Value: [Vertex(0, 0, 0), Vertex(0, 1, 4)]
Key: com.catan.model.RoundedPoint2D@1288a2, Value: [Vertex(-2, 1, 0)]
Key: com.catan.model.RoundedPoint2D@231a51, Value: [Vertex(1, 2, 0)]
Key: com.catan.model.RoundedPoint2D@22dbd1, Value: [Vertex(1, 1, 5), Vertex(0, 1, 1), Vertex(1, 2, 3)]
Key: com.catan.model.RoundedPoint2D@22bc91, Value: [Vertex(1, 1, 4), Vertex(0, 1, 2)]
Key: com.catan.model.RoundedPoint2D@225ed1, Value: [Vertex(0, -1, 2)]
Key: com.catan.model.RoundedPoint2D@227e11, Value: [Vertex(0, -1, 1)]
Key: com.catan.model.RoundedPoint2D@11ec62, Value: [Vertex(-1, -2, 5)]
Key: com.catan.model.RoundedPoint2D@11cd22, Value: [Vertex(-1, -2, 4)]
Key: com.catan.model.RoundedPoint2D@1935e1, Value: [Vertex(0, 2, 5)]
Key: com.catan.model.RoundedPoint2D@1916a1, Value: [Vertex(0, 2, 4)]
Key: com.catan.model.RoundedPoint2D@294a90, Value: [Vertex(1, 1, 2)]
Key: com.catan.model.RoundedPoint2D@2969d0, Value: [Vertex(1, 1, 1)]
Key: com.catan.model.RoundedPoint2D@18d821, Value: [Vertex(0, 0, 5)]
Key: com.catan.model.RoundedPoint2D@18b8e1, Value: [Vertex(0, 0, 4)]
Key: com.catan.model.RoundedPoint2D@185b21, Value: [Vertex(-1, -2, 2), Vertex(0, -2, 4)]
Key: com.catan.model.RoundedPoint2D@187a61, Value: [Vertex(-1, -2, 1), Vertex(0, -2, 5)]
Key: com.catan.model.RoundedPoint2D@15c011, Value: [Vertex(-2, 1, 1)]
Key: com.catan.model.RoundedPoint2D@150491, Value: [Vertex(-1, -2, 3)]
Key: com.catan.model.RoundedPoint2D@154311, Value: [Vertex(-1, -2, 0)]
Key: com.catan.model.RoundedPoint2D@1fc3c1, Value: [Vertex(1, 2, 5), Vertex(0, 2, 1)]
Key: com.catan.model.RoundedPoint2D@1fa481, Value: [Vertex(0, 1, 0), Vertex(1, 2, 4), Vertex(0, 2, 2)]
Key: com.catan.model.RoundedPoint2D@1f6601, Value: [Vertex(0, 0, 1), Vertex(0, 1, 3)]
Key: com.catan.model.RoundedPoint2D@1f0841, Value: [Vertex(0, -1, 3), Vertex(0, -2, 1)]
Key: com.catan.model.RoundedPoint2D@1f46c1, Value: [Vertex(0, -1, 0), Vertex(0, 0, 2)]
Key: com.catan.model.RoundedPoint2D@1ee901, Value: [Vertex(0, -2, 2)]
Key: com.catan.model.RoundedPoint2D@25f400, Value: [Vertex(1, 1, 3)]
Key: com.catan.model.RoundedPoint2D@2651c0, Value: [Vertex(1, 2, 1)]
Key: com.catan.model.RoundedPoint2D@263280, Value: [Vertex(1, 1, 0), Vertex(1, 2, 2)]
Key: com.catan.model.RoundedPoint2D@1b9271, Value: [Vertex(0, -2, 3)]
Key: com.catan.model.RoundedPoint2D@1bf031, Value: [Vertex(0, -1, 5), Vertex(0, 0, 3)]
Key: com.catan.model.RoundedPoint2D@1bd0f1, Value: [Vertex(0, -1, 4), Vertex(0, -2, 0)]
Key: com.catan.model.RoundedPoint2D@1c8c71, Value: [Vertex(0, 2, 0)]
Key: com.catan.model.RoundedPoint2D@1c4df1, Value: [Vertex(0, 1, 5), Vertex(0, 2, 3)]
Key: com.catan.model.RoundedPoint2D@1c2eb1, Value: [Vertex(0, 0, 0), Vertex(0, 1, 4)]
Key: com.catan.model.RoundedPoint2D@1288a2, Value: [Vertex(-2, 1, 0)]
Key: com.catan.model.RoundedPoint2D@231a51, Value: [Vertex(1, 2, 0)]
Key: com.catan.model.RoundedPoint2D@22dbd1, Value: [Vertex(1, 1, 5), Vertex(0, 1, 1), Vertex(1, 2, 3)]
Key: com.catan.model.RoundedPoint2D@22bc91, Value: [Vertex(1, 1, 4), Vertex(0, 1, 2)]
Key: com.catan.model.RoundedPoint2D@225ed1, Value: [Vertex(0, -1, 2)]
Key: com.catan.model.RoundedPoint2D@227e11, Value: [Vertex(0, -1, 1)]
Key: com.catan.model.RoundedPoint2D@11ec62, Value: [Vertex(-1, -2, 5)]
Key: com.catan.model.RoundedPoint2D@11cd22, Value: [Vertex(-1, -2, 4)]
Key: com.catan.model.RoundedPoint2D@1935e1, Value: [Vertex(0, 2, 5)]
Key: com.catan.model.RoundedPoint2D@1916a1, Value: [Vertex(0, 2, 4)]
Key: com.catan.model.RoundedPoint2D@294a90, Value: [Vertex(1, 1, 2)]
Key: com.catan.model.RoundedPoint2D@2969d0, Value: [Vertex(1, 1, 1)]
Key: com.catan.model.RoundedPoint2D@18d821, Value: [Vertex(0, 0, 5)]
Key: com.catan.model.RoundedPoint2D@18b8e1, Value: [Vertex(0, 0, 4)]
Key: com.catan.model.RoundedPoint2D@185b21, Value: [Vertex(-1, -2, 2), Vertex(0, -2, 4)]
Key: com.catan.model.RoundedPoint2D@187a61, Value: [Vertex(-1, -2, 1), Vertex(0, -2, 5)]
Key: com.catan.model.RoundedPoint2D@15a0d1, Value: [Vertex(-2, 1, 2)]
Key: com.catan.model.RoundedPoint2D@15c011, Value: [Vertex(-2, 1, 1)]
Key: com.catan.model.RoundedPoint2D@150491, Value: [Vertex(-1, -2, 3)]
Key: com.catan.model.RoundedPoint2D@154311, Value: [Vertex(-1, -2, 0)]
Key: com.catan.model.RoundedPoint2D@1fc3c1, Value: [Vertex(1, 2, 5), Vertex(0, 2, 1)]
Key: com.catan.model.RoundedPoint2D@1fa481, Value: [Vertex(0, 1, 0), Vertex(1, 2, 4), Vertex(0, 2, 2)]
Key: com.catan.model.RoundedPoint2D@1f6601, Value: [Vertex(0, 0, 1), Vertex(0, 1, 3)]
Key: com.catan.model.RoundedPoint2D@1f0841, Value: [Vertex(0, -1, 3), Vertex(0, -2, 1)]
Key: com.catan.model.RoundedPoint2D@1f46c1, Value: [Vertex(0, -1, 0), Vertex(0, 0, 2)]
Key: com.catan.model.RoundedPoint2D@1ee901, Value: [Vertex(0, -2, 2)]
Key: com.catan.model.RoundedPoint2D@25f400, Value: [Vertex(1, 1, 3)]
Key: com.catan.model.RoundedPoint2D@2651c0, Value: [Vertex(1, 2, 1)]
Key: com.catan.model.RoundedPoint2D@263280, Value: [Vertex(1, 1, 0), Vertex(1, 2, 2)]
Key: com.catan.model.RoundedPoint2D@1b9271, Value: [Vertex(0, -2, 3)]
Key: com.catan.model.RoundedPoint2D@1bf031, Value: [Vertex(0, -1, 5), Vertex(0, 0, 3)]
Key: com.catan.model.RoundedPoint2D@1bd0f1, Value: [Vertex(0, -1, 4), Vertex(0, -2, 0)]
Key: com.catan.model.RoundedPoint2D@1c8c71, Value: [Vertex(0, 2, 0)]
Key: com.catan.model.RoundedPoint2D@1c4df1, Value: [Vertex(0, 1, 5), Vertex(0, 2, 3)]
Key: com.catan.model.RoundedPoint2D@1c2eb1, Value: [Vertex(0, 0, 0), Vertex(0, 1, 4)]
Key: com.catan.model.RoundedPoint2D@1288a2, Value: [Vertex(-2, 1, 0)]
Key: com.catan.model.RoundedPoint2D@231a51, Value: [Vertex(1, 2, 0)]
Key: com.catan.model.RoundedPoint2D@22dbd1, Value: [Vertex(1, 1, 5), Vertex(0, 1, 1), Vertex(1, 2, 3)]
Key: com.catan.model.RoundedPoint2D@22bc91, Value: [Vertex(1, 1, 4), Vertex(0, 1, 2)]
Key: com.catan.model.RoundedPoint2D@225ed1, Value: [Vertex(0, -1, 2)]
Key: com.catan.model.RoundedPoint2D@227e11, Value: [Vertex(0, -1, 1)]
Key: com.catan.model.RoundedPoint2D@11ec62, Value: [Vertex(-1, -2, 5)]
Key: com.catan.model.RoundedPoint2D@11cd22, Value: [Vertex(-1, -2, 4)]
Key: com.catan.model.RoundedPoint2D@1935e1, Value: [Vertex(0, 2, 5)]
Key: com.catan.model.RoundedPoint2D@1916a1, Value: [Vertex(0, 2, 4)]
Key: com.catan.model.RoundedPoint2D@294a90, Value: [Vertex(1, 1, 2)]
Key: com.catan.model.RoundedPoint2D@2969d0, Value: [Vertex(1, 1, 1)]
Key: com.catan.model.RoundedPoint2D@18d821, Value: [Vertex(0, 0, 5)]
Key: com.catan.model.RoundedPoint2D@18b8e1, Value: [Vertex(0, 0, 4)]
Key: com.catan.model.RoundedPoint2D@185b21, Value: [Vertex(-1, -2, 2), Vertex(0, -2, 4)]
Key: com.catan.model.RoundedPoint2D@187a61, Value: [Vertex(-1, -2, 1), Vertex(0, -2, 5)]
Key: com.catan.model.RoundedPoint2D@15a0d1, Value: [Vertex(-2, 1, 2)]
Key: com.catan.model.RoundedPoint2D@15c011, Value: [Vertex(-2, 1, 1)]
Key: com.catan.model.RoundedPoint2D@150491, Value: [Vertex(-1, -2, 3)]
Key: com.catan.model.RoundedPoint2D@154311, Value: [Vertex(-1, -2, 0)]
Key: com.catan.model.RoundedPoint2D@1fc3c1, Value: [Vertex(1, 2, 5), Vertex(0, 2, 1)]
Key: com.catan.model.RoundedPoint2D@1fa481, Value: [Vertex(0, 1, 0), Vertex(1, 2, 4), Vertex(0, 2, 2)]
Key: com.catan.model.RoundedPoint2D@1f6601, Value: [Vertex(0, 0, 1), Vertex(0, 1, 3)]
Key: com.catan.model.RoundedPoint2D@1f0841, Value: [Vertex(0, -1, 3), Vertex(0, -2, 1)]
Key: com.catan.model.RoundedPoint2D@1f46c1, Value: [Vertex(0, -1, 0), Vertex(0, 0, 2)]
Key: com.catan.model.RoundedPoint2D@1ee901, Value: [Vertex(0, -2, 2)]
Key: com.catan.model.RoundedPoint2D@25f400, Value: [Vertex(1, 1, 3)]
Key: com.catan.model.RoundedPoint2D@2651c0, Value: [Vertex(1, 2, 1)]
Key: com.catan.model.RoundedPoint2D@263280, Value: [Vertex(1, 1, 0), Vertex(1, 2, 2)]
Key: com.catan.model.RoundedPoint2D@1b9271, Value: [Vertex(0, -2, 3)]
Key: com.catan.model.RoundedPoint2D@1bf031, Value: [Vertex(0, -1, 5), Vertex(0, 0, 3)]
Key: com.catan.model.RoundedPoint2D@1bd0f1, Value: [Vertex(0, -1, 4), Vertex(0, -2, 0)]
Key: com.catan.model.RoundedPoint2D@1c8c71, Value: [Vertex(0, 2, 0)]
Key: com.catan.model.RoundedPoint2D@1c4df1, Value: [Vertex(0, 1, 5), Vertex(0, 2, 3)]
Key: com.catan.model.RoundedPoint2D@1c2eb1, Value: [Vertex(0, 0, 0), Vertex(0, 1, 4)]
Key: com.catan.model.RoundedPoint2D@124a22, Value: [Vertex(-2, 1, 3)]
Key: com.catan.model.RoundedPoint2D@1288a2, Value: [Vertex(-2, 1, 0)]
Key: com.catan.model.RoundedPoint2D@231a51, Value: [Vertex(1, 2, 0)]
Key: com.catan.model.RoundedPoint2D@22dbd1, Value: [Vertex(1, 1, 5), Vertex(0, 1, 1), Vertex(1, 2, 3)]
Key: com.catan.model.RoundedPoint2D@22bc91, Value: [Vertex(1, 1, 4), Vertex(0, 1, 2)]
Key: com.catan.model.RoundedPoint2D@225ed1, Value: [Vertex(0, -1, 2)]
Key: com.catan.model.RoundedPoint2D@227e11, Value: [Vertex(0, -1, 1)]
Key: com.catan.model.RoundedPoint2D@11ec62, Value: [Vertex(-1, -2, 5)]
Key: com.catan.model.RoundedPoint2D@11cd22, Value: [Vertex(-1, -2, 4)]
Key: com.catan.model.RoundedPoint2D@1935e1, Value: [Vertex(0, 2, 5)]
Key: com.catan.model.RoundedPoint2D@1916a1, Value: [Vertex(0, 2, 4)]
Key: com.catan.model.RoundedPoint2D@294a90, Value: [Vertex(1, 1, 2)]
Key: com.catan.model.RoundedPoint2D@2969d0, Value: [Vertex(1, 1, 1)]
Key: com.catan.model.RoundedPoint2D@18d821, Value: [Vertex(0, 0, 5)]
Key: com.catan.model.RoundedPoint2D@18b8e1, Value: [Vertex(0, 0, 4)]
Key: com.catan.model.RoundedPoint2D@185b21, Value: [Vertex(-1, -2, 2), Vertex(0, -2, 4)]
Key: com.catan.model.RoundedPoint2D@187a61, Value: [Vertex(-1, -2, 1), Vertex(0, -2, 5)]
Key: com.catan.model.RoundedPoint2D@15a0d1, Value: [Vertex(-2, 1, 2)]
Key: com.catan.model.RoundedPoint2D@15c011, Value: [Vertex(-2, 1, 1)]
Key: com.catan.model.RoundedPoint2D@150491, Value: [Vertex(-1, -2, 3)]
Key: com.catan.model.RoundedPoint2D@154311, Value: [Vertex(-1, -2, 0)]
Key: com.catan.model.RoundedPoint2D@f12d2, Value: [Vertex(-2, 1, 4)]
Key: com.catan.model.RoundedPoint2D@1fc3c1, Value: [Vertex(1, 2, 5), Vertex(0, 2, 1)]
Key: com.catan.model.RoundedPoint2D@1fa481, Value: [Vertex(0, 1, 0), Vertex(1, 2, 4), Vertex(0, 2, 2)]
Key: com.catan.model.RoundedPoint2D@1f6601, Value: [Vertex(0, 0, 1), Vertex(0, 1, 3)]
Key: com.catan.model.RoundedPoint2D@1f0841, Value: [Vertex(0, -1, 3), Vertex(0, -2, 1)]
Key: com.catan.model.RoundedPoint2D@1f46c1, Value: [Vertex(0, -1, 0), Vertex(0, 0, 2)]
Key: com.catan.model.RoundedPoint2D@1ee901, Value: [Vertex(0, -2, 2)]
Key: com.catan.model.RoundedPoint2D@25f400, Value: [Vertex(1, 1, 3)]
Key: com.catan.model.RoundedPoint2D@2651c0, Value: [Vertex(1, 2, 1)]
Key: com.catan.model.RoundedPoint2D@263280, Value: [Vertex(1, 1, 0), Vertex(1, 2, 2)]
Key: com.catan.model.RoundedPoint2D@1b9271, Value: [Vertex(0, -2, 3)]
Key: com.catan.model.RoundedPoint2D@1bf031, Value: [Vertex(0, -1, 5), Vertex(0, 0, 3)]
Key: com.catan.model.RoundedPoint2D@1bd0f1, Value: [Vertex(0, -1, 4), Vertex(0, -2, 0)]
Key: com.catan.model.RoundedPoint2D@1c8c71, Value: [Vertex(0, 2, 0)]
Key: com.catan.model.RoundedPoint2D@1c4df1, Value: [Vertex(0, 1, 5), Vertex(0, 2, 3)]
Key: com.catan.model.RoundedPoint2D@1c2eb1, Value: [Vertex(0, 0, 0), Vertex(0, 1, 4)]
Key: com.catan.model.RoundedPoint2D@124a22, Value: [Vertex(-2, 1, 3)]
Key: com.catan.model.RoundedPoint2D@1288a2, Value: [Vertex(-2, 1, 0)]
Key: com.catan.model.RoundedPoint2D@231a51, Value: [Vertex(1, 2, 0)]
Key: com.catan.model.RoundedPoint2D@22dbd1, Value: [Vertex(1, 1, 5), Vertex(0, 1, 1), Vertex(1, 2, 3)]
Key: com.catan.model.RoundedPoint2D@22bc91, Value: [Vertex(1, 1, 4), Vertex(0, 1, 2)]
Key: com.catan.model.RoundedPoint2D@225ed1, Value: [Vertex(0, -1, 2)]
Key: com.catan.model.RoundedPoint2D@227e11, Value: [Vertex(0, -1, 1)]
Key: com.catan.model.RoundedPoint2D@11ec62, Value: [Vertex(-1, -2, 5)]
Key: com.catan.model.RoundedPoint2D@11cd22, Value: [Vertex(-1, -2, 4)]
Key: com.catan.model.RoundedPoint2D@1935e1, Value: [Vertex(0, 2, 5)]
Key: com.catan.model.RoundedPoint2D@1916a1, Value: [Vertex(0, 2, 4)]
Key: com.catan.model.RoundedPoint2D@294a90, Value: [Vertex(1, 1, 2)]
Key: com.catan.model.RoundedPoint2D@2969d0, Value: [Vertex(1, 1, 1)]
Key: com.catan.model.RoundedPoint2D@18d821, Value: [Vertex(0, 0, 5)]
Key: com.catan.model.RoundedPoint2D@18b8e1, Value: [Vertex(0, 0, 4)]
Key: com.catan.model.RoundedPoint2D@185b21, Value: [Vertex(-1, -2, 2), Vertex(0, -2, 4)]
Key: com.catan.model.RoundedPoint2D@187a61, Value: [Vertex(-1, -2, 1), Vertex(0, -2, 5)]
Key: com.catan.model.RoundedPoint2D@15a0d1, Value: [Vertex(-2, 1, 2)]
Key: com.catan.model.RoundedPoint2D@15c011, Value: [Vertex(-2, 1, 1)]
Key: com.catan.model.RoundedPoint2D@150491, Value: [Vertex(-1, -2, 3)]
Key: com.catan.model.RoundedPoint2D@154311, Value: [Vertex(-1, -2, 0)]
Key: com.catan.model.RoundedPoint2D@f3212, Value: [Vertex(-2, 1, 5)]
Key: com.catan.model.RoundedPoint2D@f12d2, Value: [Vertex(-2, 1, 4)]
Key: com.catan.model.RoundedPoint2D@1fc3c1, Value: [Vertex(1, 2, 5), Vertex(0, 2, 1)]
Key: com.catan.model.RoundedPoint2D@1fa481, Value: [Vertex(0, 1, 0), Vertex(1, 2, 4), Vertex(0, 2, 2)]
Key: com.catan.model.RoundedPoint2D@1f6601, Value: [Vertex(0, 0, 1), Vertex(0, 1, 3)]
Key: com.catan.model.RoundedPoint2D@1f0841, Value: [Vertex(0, -1, 3), Vertex(0, -2, 1)]
Key: com.catan.model.RoundedPoint2D@1f46c1, Value: [Vertex(0, -1, 0), Vertex(0, 0, 2)]
Key: com.catan.model.RoundedPoint2D@1ee901, Value: [Vertex(0, -2, 2)]
Key: com.catan.model.RoundedPoint2D@25f400, Value: [Vertex(1, 1, 3)]
Key: com.catan.model.RoundedPoint2D@2651c0, Value: [Vertex(1, 2, 1)]
Key: com.catan.model.RoundedPoint2D@263280, Value: [Vertex(1, 1, 0), Vertex(1, 2, 2)]
Key: com.catan.model.RoundedPoint2D@1b9271, Value: [Vertex(0, -2, 3)]
Key: com.catan.model.RoundedPoint2D@1bf031, Value: [Vertex(0, -1, 5), Vertex(0, 0, 3)]
Key: com.catan.model.RoundedPoint2D@1bd0f1, Value: [Vertex(0, -1, 4), Vertex(0, -2, 0)]
Key: com.catan.model.RoundedPoint2D@1c8c71, Value: [Vertex(0, 2, 0)]
Key: com.catan.model.RoundedPoint2D@1c4df1, Value: [Vertex(0, 1, 5), Vertex(0, 2, 3)]
Key: com.catan.model.RoundedPoint2D@1c2eb1, Value: [Vertex(0, 0, 0), Vertex(0, 1, 4)]
Key: com.catan.model.RoundedPoint2D@124a22, Value: [Vertex(-2, 1, 3)]
Key: com.catan.model.RoundedPoint2D@1288a2, Value: [Vertex(-2, 1, 0)]
Key: com.catan.model.RoundedPoint2D@231a51, Value: [Vertex(1, 2, 0)]
Key: com.catan.model.RoundedPoint2D@22dbd1, Value: [Vertex(1, 1, 5), Vertex(0, 1, 1), Vertex(1, 2, 3)]
Key: com.catan.model.RoundedPoint2D@22bc91, Value: [Vertex(1, 1, 4), Vertex(0, 1, 2)]
Key: com.catan.model.RoundedPoint2D@225ed1, Value: [Vertex(0, -1, 2)]
Key: com.catan.model.RoundedPoint2D@227e11, Value: [Vertex(0, -1, 1)]
Key: com.catan.model.RoundedPoint2D@11ec62, Value: [Vertex(-1, -2, 5)]
Key: com.catan.model.RoundedPoint2D@11cd22, Value: [Vertex(-1, -2, 4)]
Key: com.catan.model.RoundedPoint2D@1935e1, Value: [Vertex(0, 2, 5)]
Key: com.catan.model.RoundedPoint2D@1916a1, Value: [Vertex(0, 2, 4)]
Key: com.catan.model.RoundedPoint2D@294a90, Value: [Vertex(1, 1, 2)]
Key: com.catan.model.RoundedPoint2D@2969d0, Value: [Vertex(1, 1, 1)]
Key: com.catan.model.RoundedPoint2D@18d821, Value: [Vertex(0, 0, 5)]
Key: com.catan.model.RoundedPoint2D@18b8e1, Value: [Vertex(0, 0, 4)]
Key: com.catan.model.RoundedPoint2D@185b21, Value: [Vertex(-1, -2, 2), Vertex(0, -2, 4)]
Key: com.catan.model.RoundedPoint2D@187a61, Value: [Vertex(-1, -2, 1), Vertex(0, -2, 5)]
Key: com.catan.model.RoundedPoint2D@15fe91, Value: [Vertex(-1, 2, 0)]
Key: com.catan.model.RoundedPoint2D@15a0d1, Value: [Vertex(-2, 1, 2)]
Key: com.catan.model.RoundedPoint2D@15c011, Value: [Vertex(-2, 1, 1)]
Key: com.catan.model.RoundedPoint2D@150491, Value: [Vertex(-1, -2, 3)]
Key: com.catan.model.RoundedPoint2D@154311, Value: [Vertex(-1, -2, 0)]
Key: com.catan.model.RoundedPoint2D@f3212, Value: [Vertex(-2, 1, 5)]
Key: com.catan.model.RoundedPoint2D@f12d2, Value: [Vertex(-2, 1, 4)]
Key: com.catan.model.RoundedPoint2D@1fc3c1, Value: [Vertex(1, 2, 5), Vertex(0, 2, 1)]
Key: com.catan.model.RoundedPoint2D@1fa481, Value: [Vertex(0, 1, 0), Vertex(1, 2, 4), Vertex(0, 2, 2)]
Key: com.catan.model.RoundedPoint2D@1f6601, Value: [Vertex(0, 0, 1), Vertex(0, 1, 3)]
Key: com.catan.model.RoundedPoint2D@1f0841, Value: [Vertex(0, -1, 3), Vertex(0, -2, 1)]
Key: com.catan.model.RoundedPoint2D@1f46c1, Value: [Vertex(0, -1, 0), Vertex(0, 0, 2)]
Key: com.catan.model.RoundedPoint2D@1ee901, Value: [Vertex(0, -2, 2)]
Key: com.catan.model.RoundedPoint2D@25f400, Value: [Vertex(1, 1, 3)]
Key: com.catan.model.RoundedPoint2D@2651c0, Value: [Vertex(1, 2, 1)]
Key: com.catan.model.RoundedPoint2D@263280, Value: [Vertex(1, 1, 0), Vertex(1, 2, 2)]
Key: com.catan.model.RoundedPoint2D@1b9271, Value: [Vertex(0, -2, 3)]
Key: com.catan.model.RoundedPoint2D@1bf031, Value: [Vertex(0, -1, 5), Vertex(0, 0, 3)]
Key: com.catan.model.RoundedPoint2D@1bd0f1, Value: [Vertex(0, -1, 4), Vertex(0, -2, 0)]
Key: com.catan.model.RoundedPoint2D@1c8c71, Value: [Vertex(0, 2, 0)]
Key: com.catan.model.RoundedPoint2D@1c4df1, Value: [Vertex(0, 1, 5), Vertex(0, 2, 3)]
Key: com.catan.model.RoundedPoint2D@1c2eb1, Value: [Vertex(0, 0, 0), Vertex(0, 1, 4)]
Key: com.catan.model.RoundedPoint2D@124a22, Value: [Vertex(-2, 1, 3)]
Key: com.catan.model.RoundedPoint2D@1288a2, Value: [Vertex(-2, 1, 0)]
Key: com.catan.model.RoundedPoint2D@231a51, Value: [Vertex(1, 2, 0)]
Key: com.catan.model.RoundedPoint2D@22dbd1, Value: [Vertex(1, 1, 5), Vertex(0, 1, 1), Vertex(1, 2, 3)]
Key: com.catan.model.RoundedPoint2D@22bc91, Value: [Vertex(1, 1, 4), Vertex(0, 1, 2)]
Key: com.catan.model.RoundedPoint2D@225ed1, Value: [Vertex(0, -1, 2)]
Key: com.catan.model.RoundedPoint2D@227e11, Value: [Vertex(0, -1, 1)]
Key: com.catan.model.RoundedPoint2D@11ec62, Value: [Vertex(-1, -2, 5)]
Key: com.catan.model.RoundedPoint2D@11cd22, Value: [Vertex(-1, -2, 4)]
Key: com.catan.model.RoundedPoint2D@1935e1, Value: [Vertex(0, 2, 5)]
Key: com.catan.model.RoundedPoint2D@1916a1, Value: [Vertex(0, 2, 4)]
Key: com.catan.model.RoundedPoint2D@294a90, Value: [Vertex(1, 1, 2)]
Key: com.catan.model.RoundedPoint2D@2969d0, Value: [Vertex(1, 1, 1)]
Key: com.catan.model.RoundedPoint2D@18d821, Value: [Vertex(0, 0, 5)]
Key: com.catan.model.RoundedPoint2D@18b8e1, Value: [Vertex(0, 0, 4)]
Key: com.catan.model.RoundedPoint2D@185b21, Value: [Vertex(-1, -2, 2), Vertex(0, -2, 4)]
Key: com.catan.model.RoundedPoint2D@187a61, Value: [Vertex(-1, -2, 1), Vertex(0, -2, 5)]
Key: com.catan.model.RoundedPoint2D@15fe91, Value: [Vertex(-1, 2, 0)]
Key: com.catan.model.RoundedPoint2D@15a0d1, Value: [Vertex(-2, 1, 2)]
Key: com.catan.model.RoundedPoint2D@15c011, Value: [Vertex(-2, 1, 1)]
Key: com.catan.model.RoundedPoint2D@150491, Value: [Vertex(-1, -2, 3)]
Key: com.catan.model.RoundedPoint2D@154311, Value: [Vertex(-1, -2, 0)]
Key: com.catan.model.RoundedPoint2D@f3212, Value: [Vertex(-2, 1, 5)]
Key: com.catan.model.RoundedPoint2D@f12d2, Value: [Vertex(-2, 1, 4)]
Key: com.catan.model.RoundedPoint2D@1fc3c1, Value: [Vertex(1, 2, 5), Vertex(0, 2, 1)]
Key: com.catan.model.RoundedPoint2D@1fa481, Value: [Vertex(0, 1, 0), Vertex(1, 2, 4), Vertex(0, 2, 2)]
Key: com.catan.model.RoundedPoint2D@1f6601, Value: [Vertex(0, 0, 1), Vertex(0, 1, 3)]
Key: com.catan.model.RoundedPoint2D@1f0841, Value: [Vertex(0, -1, 3), Vertex(0, -2, 1)]
Key: com.catan.model.RoundedPoint2D@1f46c1, Value: [Vertex(0, -1, 0), Vertex(0, 0, 2)]
Key: com.catan.model.RoundedPoint2D@1ee901, Value: [Vertex(0, -2, 2)]
Key: com.catan.model.RoundedPoint2D@25f400, Value: [Vertex(1, 1, 3)]
Key: com.catan.model.RoundedPoint2D@2651c0, Value: [Vertex(1, 2, 1)]
Key: com.catan.model.RoundedPoint2D@263280, Value: [Vertex(1, 1, 0), Vertex(1, 2, 2)]
Key: com.catan.model.RoundedPoint2D@1b9271, Value: [Vertex(0, -2, 3)]
Key: com.catan.model.RoundedPoint2D@1bf031, Value: [Vertex(0, -1, 5), Vertex(0, 0, 3)]
Key: com.catan.model.RoundedPoint2D@1bd0f1, Value: [Vertex(0, -1, 4), Vertex(0, -2, 0)]
Key: com.catan.model.RoundedPoint2D@1c8c71, Value: [Vertex(0, 2, 0)]
Key: com.catan.model.RoundedPoint2D@1c4df1, Value: [Vertex(0, 1, 5), Vertex(0, 2, 3)]
Key: com.catan.model.RoundedPoint2D@1c2eb1, Value: [Vertex(0, 0, 0), Vertex(0, 1, 4)]
Key: com.catan.model.RoundedPoint2D@124a22, Value: [Vertex(-2, 1, 3)]
Key: com.catan.model.RoundedPoint2D@1288a2, Value: [Vertex(-2, 1, 0)]
Key: com.catan.model.RoundedPoint2D@231a51, Value: [Vertex(1, 2, 0)]
Key: com.catan.model.RoundedPoint2D@22dbd1, Value: [Vertex(1, 1, 5), Vertex(0, 1, 1), Vertex(1, 2, 3)]
Key: com.catan.model.RoundedPoint2D@22bc91, Value: [Vertex(1, 1, 4), Vertex(0, 1, 2)]
Key: com.catan.model.RoundedPoint2D@225ed1, Value: [Vertex(0, -1, 2)]
Key: com.catan.model.RoundedPoint2D@227e11, Value: [Vertex(0, -1, 1)]
Key: com.catan.model.RoundedPoint2D@11ec62, Value: [Vertex(-1, -2, 5)]
Key: com.catan.model.RoundedPoint2D@11cd22, Value: [Vertex(-1, -2, 4)]
Key: com.catan.model.RoundedPoint2D@1935e1, Value: [Vertex(0, 2, 5), Vertex(-1, 2, 1)]
Key: com.catan.model.RoundedPoint2D@1916a1, Value: [Vertex(0, 2, 4)]
Key: com.catan.model.RoundedPoint2D@294a90, Value: [Vertex(1, 1, 2)]
Key: com.catan.model.RoundedPoint2D@2969d0, Value: [Vertex(1, 1, 1)]
Key: com.catan.model.RoundedPoint2D@18d821, Value: [Vertex(0, 0, 5)]
Key: com.catan.model.RoundedPoint2D@18b8e1, Value: [Vertex(0, 0, 4)]
Key: com.catan.model.RoundedPoint2D@185b21, Value: [Vertex(-1, -2, 2), Vertex(0, -2, 4)]
Key: com.catan.model.RoundedPoint2D@187a61, Value: [Vertex(-1, -2, 1), Vertex(0, -2, 5)]
Key: com.catan.model.RoundedPoint2D@15fe91, Value: [Vertex(-1, 2, 0)]
Key: com.catan.model.RoundedPoint2D@15a0d1, Value: [Vertex(-2, 1, 2)]
Key: com.catan.model.RoundedPoint2D@15c011, Value: [Vertex(-2, 1, 1)]
Key: com.catan.model.RoundedPoint2D@150491, Value: [Vertex(-1, -2, 3)]
Key: com.catan.model.RoundedPoint2D@154311, Value: [Vertex(-1, -2, 0)]
Key: com.catan.model.RoundedPoint2D@f3212, Value: [Vertex(-2, 1, 5)]
Key: com.catan.model.RoundedPoint2D@f12d2, Value: [Vertex(-2, 1, 4)]
Key: com.catan.model.RoundedPoint2D@1fc3c1, Value: [Vertex(1, 2, 5), Vertex(0, 2, 1)]
Key: com.catan.model.RoundedPoint2D@1fa481, Value: [Vertex(0, 1, 0), Vertex(1, 2, 4), Vertex(0, 2, 2)]
Key: com.catan.model.RoundedPoint2D@1f6601, Value: [Vertex(0, 0, 1), Vertex(0, 1, 3)]
Key: com.catan.model.RoundedPoint2D@1f0841, Value: [Vertex(0, -1, 3), Vertex(0, -2, 1)]
Key: com.catan.model.RoundedPoint2D@1f46c1, Value: [Vertex(0, -1, 0), Vertex(0, 0, 2)]
Key: com.catan.model.RoundedPoint2D@1ee901, Value: [Vertex(0, -2, 2)]
Key: com.catan.model.RoundedPoint2D@25f400, Value: [Vertex(1, 1, 3)]
Key: com.catan.model.RoundedPoint2D@2651c0, Value: [Vertex(1, 2, 1)]
Key: com.catan.model.RoundedPoint2D@263280, Value: [Vertex(1, 1, 0), Vertex(1, 2, 2)]
Key: com.catan.model.RoundedPoint2D@1b9271, Value: [Vertex(0, -2, 3)]
Key: com.catan.model.RoundedPoint2D@1bf031, Value: [Vertex(0, -1, 5), Vertex(0, 0, 3)]
Key: com.catan.model.RoundedPoint2D@1bd0f1, Value: [Vertex(0, -1, 4), Vertex(0, -2, 0)]
Key: com.catan.model.RoundedPoint2D@1c8c71, Value: [Vertex(0, 2, 0)]
Key: com.catan.model.RoundedPoint2D@1c4df1, Value: [Vertex(0, 1, 5), Vertex(0, 2, 3)]
Key: com.catan.model.RoundedPoint2D@1c2eb1, Value: [Vertex(0, 0, 0), Vertex(0, 1, 4)]
Key: com.catan.model.RoundedPoint2D@124a22, Value: [Vertex(-2, 1, 3)]
Key: com.catan.model.RoundedPoint2D@1288a2, Value: [Vertex(-2, 1, 0)]
Key: com.catan.model.RoundedPoint2D@231a51, Value: [Vertex(1, 2, 0)]
Key: com.catan.model.RoundedPoint2D@22dbd1, Value: [Vertex(1, 1, 5), Vertex(0, 1, 1), Vertex(1, 2, 3)]
Key: com.catan.model.RoundedPoint2D@22bc91, Value: [Vertex(1, 1, 4), Vertex(0, 1, 2)]
Key: com.catan.model.RoundedPoint2D@225ed1, Value: [Vertex(0, -1, 2)]
Key: com.catan.model.RoundedPoint2D@227e11, Value: [Vertex(0, -1, 1)]
Key: com.catan.model.RoundedPoint2D@11ec62, Value: [Vertex(-1, -2, 5)]
Key: com.catan.model.RoundedPoint2D@11cd22, Value: [Vertex(-1, -2, 4)]
Key: com.catan.model.RoundedPoint2D@1935e1, Value: [Vertex(0, 2, 5), Vertex(-1, 2, 1)]
Key: com.catan.model.RoundedPoint2D@1916a1, Value: [Vertex(0, 2, 4), Vertex(-1, 2, 2)]
Key: com.catan.model.RoundedPoint2D@294a90, Value: [Vertex(1, 1, 2)]
Key: com.catan.model.RoundedPoint2D@2969d0, Value: [Vertex(1, 1, 1)]
Key: com.catan.model.RoundedPoint2D@18d821, Value: [Vertex(0, 0, 5)]
Key: com.catan.model.RoundedPoint2D@18b8e1, Value: [Vertex(0, 0, 4)]
Key: com.catan.model.RoundedPoint2D@185b21, Value: [Vertex(-1, -2, 2), Vertex(0, -2, 4)]
Key: com.catan.model.RoundedPoint2D@187a61, Value: [Vertex(-1, -2, 1), Vertex(0, -2, 5)]
Key: com.catan.model.RoundedPoint2D@15fe91, Value: [Vertex(-1, 2, 0)]
Key: com.catan.model.RoundedPoint2D@15a0d1, Value: [Vertex(-2, 1, 2)]
Key: com.catan.model.RoundedPoint2D@15c011, Value: [Vertex(-2, 1, 1), Vertex(-1, 2, 3)]
Key: com.catan.model.RoundedPoint2D@150491, Value: [Vertex(-1, -2, 3)]
Key: com.catan.model.RoundedPoint2D@154311, Value: [Vertex(-1, -2, 0)]
Key: com.catan.model.RoundedPoint2D@f3212, Value: [Vertex(-2, 1, 5)]
Key: com.catan.model.RoundedPoint2D@f12d2, Value: [Vertex(-2, 1, 4)]
Key: com.catan.model.RoundedPoint2D@1fc3c1, Value: [Vertex(1, 2, 5), Vertex(0, 2, 1)]
Key: com.catan.model.RoundedPoint2D@1fa481, Value: [Vertex(0, 1, 0), Vertex(1, 2, 4), Vertex(0, 2, 2)]
Key: com.catan.model.RoundedPoint2D@1f6601, Value: [Vertex(0, 0, 1), Vertex(0, 1, 3)]
Key: com.catan.model.RoundedPoint2D@1f0841, Value: [Vertex(0, -1, 3), Vertex(0, -2, 1)]
Key: com.catan.model.RoundedPoint2D@1f46c1, Value: [Vertex(0, -1, 0), Vertex(0, 0, 2)]
Key: com.catan.model.RoundedPoint2D@1ee901, Value: [Vertex(0, -2, 2)]
Key: com.catan.model.RoundedPoint2D@25f400, Value: [Vertex(1, 1, 3)]
Key: com.catan.model.RoundedPoint2D@2651c0, Value: [Vertex(1, 2, 1)]
Key: com.catan.model.RoundedPoint2D@263280, Value: [Vertex(1, 1, 0), Vertex(1, 2, 2)]
Key: com.catan.model.RoundedPoint2D@1b9271, Value: [Vertex(0, -2, 3)]
Key: com.catan.model.RoundedPoint2D@1bf031, Value: [Vertex(0, -1, 5), Vertex(0, 0, 3)]
Key: com.catan.model.RoundedPoint2D@1bd0f1, Value: [Vertex(0, -1, 4), Vertex(0, -2, 0)]
Key: com.catan.model.RoundedPoint2D@1c8c71, Value: [Vertex(0, 2, 0)]
Key: com.catan.model.RoundedPoint2D@1c4df1, Value: [Vertex(0, 1, 5), Vertex(0, 2, 3)]
Key: com.catan.model.RoundedPoint2D@1c2eb1, Value: [Vertex(0, 0, 0), Vertex(0, 1, 4)]
Key: com.catan.model.RoundedPoint2D@124a22, Value: [Vertex(-2, 1, 3)]
Key: com.catan.model.RoundedPoint2D@1288a2, Value: [Vertex(-2, 1, 0)]
Key: com.catan.model.RoundedPoint2D@231a51, Value: [Vertex(1, 2, 0)]
Key: com.catan.model.RoundedPoint2D@22dbd1, Value: [Vertex(1, 1, 5), Vertex(0, 1, 1), Vertex(1, 2, 3)]
Key: com.catan.model.RoundedPoint2D@22bc91, Value: [Vertex(1, 1, 4), Vertex(0, 1, 2)]
Key: com.catan.model.RoundedPoint2D@225ed1, Value: [Vertex(0, -1, 2)]
Key: com.catan.model.RoundedPoint2D@227e11, Value: [Vertex(0, -1, 1)]
Key: com.catan.model.RoundedPoint2D@11ec62, Value: [Vertex(-1, -2, 5)]
Key: com.catan.model.RoundedPoint2D@11cd22, Value: [Vertex(-1, -2, 4)]
Key: com.catan.model.RoundedPoint2D@1935e1, Value: [Vertex(0, 2, 5), Vertex(-1, 2, 1)]
Key: com.catan.model.RoundedPoint2D@1916a1, Value: [Vertex(0, 2, 4), Vertex(-1, 2, 2)]
Key: com.catan.model.RoundedPoint2D@294a90, Value: [Vertex(1, 1, 2)]
Key: com.catan.model.RoundedPoint2D@2969d0, Value: [Vertex(1, 1, 1)]
Key: com.catan.model.RoundedPoint2D@18d821, Value: [Vertex(0, 0, 5)]
Key: com.catan.model.RoundedPoint2D@18b8e1, Value: [Vertex(0, 0, 4)]
Key: com.catan.model.RoundedPoint2D@185b21, Value: [Vertex(-1, -2, 2), Vertex(0, -2, 4)]
Key: com.catan.model.RoundedPoint2D@187a61, Value: [Vertex(-1, -2, 1), Vertex(0, -2, 5)]
Key: com.catan.model.RoundedPoint2D@15fe91, Value: [Vertex(-1, 2, 0)]
Key: com.catan.model.RoundedPoint2D@15a0d1, Value: [Vertex(-2, 1, 2)]
Key: com.catan.model.RoundedPoint2D@15c011, Value: [Vertex(-2, 1, 1), Vertex(-1, 2, 3)]
Key: com.catan.model.RoundedPoint2D@150491, Value: [Vertex(-1, -2, 3)]
Key: com.catan.model.RoundedPoint2D@154311, Value: [Vertex(-1, -2, 0)]
Key: com.catan.model.RoundedPoint2D@f3212, Value: [Vertex(-2, 1, 5)]
Key: com.catan.model.RoundedPoint2D@f12d2, Value: [Vertex(-2, 1, 4)]
Key: com.catan.model.RoundedPoint2D@1fc3c1, Value: [Vertex(1, 2, 5), Vertex(0, 2, 1)]
Key: com.catan.model.RoundedPoint2D@1fa481, Value: [Vertex(0, 1, 0), Vertex(1, 2, 4), Vertex(0, 2, 2)]
Key: com.catan.model.RoundedPoint2D@1f6601, Value: [Vertex(0, 0, 1), Vertex(0, 1, 3)]
Key: com.catan.model.RoundedPoint2D@1f0841, Value: [Vertex(0, -1, 3), Vertex(0, -2, 1)]
Key: com.catan.model.RoundedPoint2D@1f46c1, Value: [Vertex(0, -1, 0), Vertex(0, 0, 2)]
Key: com.catan.model.RoundedPoint2D@1ee901, Value: [Vertex(0, -2, 2)]
Key: com.catan.model.RoundedPoint2D@25f400, Value: [Vertex(1, 1, 3)]
Key: com.catan.model.RoundedPoint2D@2651c0, Value: [Vertex(1, 2, 1)]
Key: com.catan.model.RoundedPoint2D@263280, Value: [Vertex(1, 1, 0), Vertex(1, 2, 2)]
Key: com.catan.model.RoundedPoint2D@1b9271, Value: [Vertex(0, -2, 3)]
Key: com.catan.model.RoundedPoint2D@1bf031, Value: [Vertex(0, -1, 5), Vertex(0, 0, 3)]
Key: com.catan.model.RoundedPoint2D@1bd0f1, Value: [Vertex(0, -1, 4), Vertex(0, -2, 0)]
Key: com.catan.model.RoundedPoint2D@1c8c71, Value: [Vertex(0, 2, 0)]
Key: com.catan.model.RoundedPoint2D@1c4df1, Value: [Vertex(0, 1, 5), Vertex(0, 2, 3)]
Key: com.catan.model.RoundedPoint2D@1c2eb1, Value: [Vertex(0, 0, 0), Vertex(0, 1, 4)]
Key: com.catan.model.RoundedPoint2D@124a22, Value: [Vertex(-2, 1, 3)]
Key: com.catan.model.RoundedPoint2D@1288a2, Value: [Vertex(-2, 1, 0), Vertex(-1, 2, 4)]
Key: com.catan.model.RoundedPoint2D@231a51, Value: [Vertex(1, 2, 0)]
Key: com.catan.model.RoundedPoint2D@22dbd1, Value: [Vertex(1, 1, 5), Vertex(0, 1, 1), Vertex(1, 2, 3)]
Key: com.catan.model.RoundedPoint2D@22bc91, Value: [Vertex(1, 1, 4), Vertex(0, 1, 2)]
Key: com.catan.model.RoundedPoint2D@225ed1, Value: [Vertex(0, -1, 2)]
Key: com.catan.model.RoundedPoint2D@227e11, Value: [Vertex(0, -1, 1)]
Key: com.catan.model.RoundedPoint2D@11ec62, Value: [Vertex(-1, -2, 5)]
Key: com.catan.model.RoundedPoint2D@11cd22, Value: [Vertex(-1, -2, 4)]
Key: com.catan.model.RoundedPoint2D@1935e1, Value: [Vertex(0, 2, 5), Vertex(-1, 2, 1)]
Key: com.catan.model.RoundedPoint2D@1916a1, Value: [Vertex(0, 2, 4), Vertex(-1, 2, 2)]
Key: com.catan.model.RoundedPoint2D@294a90, Value: [Vertex(1, 1, 2)]
Key: com.catan.model.RoundedPoint2D@2969d0, Value: [Vertex(1, 1, 1)]
Key: com.catan.model.RoundedPoint2D@18d821, Value: [Vertex(0, 0, 5)]
Key: com.catan.model.RoundedPoint2D@18b8e1, Value: [Vertex(0, 0, 4)]
Key: com.catan.model.RoundedPoint2D@185b21, Value: [Vertex(-1, -2, 2), Vertex(0, -2, 4)]
Key: com.catan.model.RoundedPoint2D@187a61, Value: [Vertex(-1, -2, 1), Vertex(0, -2, 5)]
Key: com.catan.model.RoundedPoint2D@15fe91, Value: [Vertex(-1, 2, 0)]
Key: com.catan.model.RoundedPoint2D@15a0d1, Value: [Vertex(-2, 1, 2)]
Key: com.catan.model.RoundedPoint2D@15c011, Value: [Vertex(-2, 1, 1), Vertex(-1, 2, 3)]
Key: com.catan.model.RoundedPoint2D@150491, Value: [Vertex(-1, -2, 3)]
Key: com.catan.model.RoundedPoint2D@154311, Value: [Vertex(-1, -2, 0)]
Key: com.catan.model.RoundedPoint2D@f3212, Value: [Vertex(-2, 1, 5)]
Key: com.catan.model.RoundedPoint2D@f12d2, Value: [Vertex(-2, 1, 4)]
Key: com.catan.model.RoundedPoint2D@1fc3c1, Value: [Vertex(1, 2, 5), Vertex(0, 2, 1)]
Key: com.catan.model.RoundedPoint2D@1fa481, Value: [Vertex(0, 1, 0), Vertex(1, 2, 4), Vertex(0, 2, 2)]
Key: com.catan.model.RoundedPoint2D@1f6601, Value: [Vertex(0, 0, 1), Vertex(0, 1, 3)]
Key: com.catan.model.RoundedPoint2D@1f0841, Value: [Vertex(0, -1, 3), Vertex(0, -2, 1)]
Key: com.catan.model.RoundedPoint2D@1f46c1, Value: [Vertex(0, -1, 0), Vertex(0, 0, 2)]
Key: com.catan.model.RoundedPoint2D@1ee901, Value: [Vertex(0, -2, 2)]
Key: com.catan.model.RoundedPoint2D@25f400, Value: [Vertex(1, 1, 3)]
Key: com.catan.model.RoundedPoint2D@2651c0, Value: [Vertex(1, 2, 1)]
Key: com.catan.model.RoundedPoint2D@263280, Value: [Vertex(1, 1, 0), Vertex(1, 2, 2)]
Key: com.catan.model.RoundedPoint2D@1b9271, Value: [Vertex(0, -2, 3)]
Key: com.catan.model.RoundedPoint2D@1bf031, Value: [Vertex(0, -1, 5), Vertex(0, 0, 3)]
Key: com.catan.model.RoundedPoint2D@1bd0f1, Value: [Vertex(0, -1, 4), Vertex(0, -2, 0)]
Key: com.catan.model.RoundedPoint2D@1c8c71, Value: [Vertex(0, 2, 0)]
Key: com.catan.model.RoundedPoint2D@1c4df1, Value: [Vertex(0, 1, 5), Vertex(0, 2, 3)]
Key: com.catan.model.RoundedPoint2D@1c2eb1, Value: [Vertex(0, 0, 0), Vertex(0, 1, 4)]
Key: com.catan.model.RoundedPoint2D@12a7e2, Value: [Vertex(-1, 2, 5)]
Key: com.catan.model.RoundedPoint2D@124a22, Value: [Vertex(-2, 1, 3)]
Key: com.catan.model.RoundedPoint2D@1288a2, Value: [Vertex(-2, 1, 0), Vertex(-1, 2, 4)]
Key: com.catan.model.RoundedPoint2D@231a51, Value: [Vertex(1, 2, 0)]
Key: com.catan.model.RoundedPoint2D@22dbd1, Value: [Vertex(1, 1, 5), Vertex(0, 1, 1), Vertex(1, 2, 3)]
Key: com.catan.model.RoundedPoint2D@22bc91, Value: [Vertex(1, 1, 4), Vertex(0, 1, 2)]
Key: com.catan.model.RoundedPoint2D@225ed1, Value: [Vertex(0, -1, 2)]
Key: com.catan.model.RoundedPoint2D@227e11, Value: [Vertex(0, -1, 1)]
Key: com.catan.model.RoundedPoint2D@11ec62, Value: [Vertex(-1, -2, 5)]
Key: com.catan.model.RoundedPoint2D@11cd22, Value: [Vertex(-1, -2, 4)]
Key: com.catan.model.RoundedPoint2D@1935e1, Value: [Vertex(0, 2, 5), Vertex(-1, 2, 1)]
Key: com.catan.model.RoundedPoint2D@1916a1, Value: [Vertex(0, 2, 4), Vertex(-1, 2, 2)]
Key: com.catan.model.RoundedPoint2D@294a90, Value: [Vertex(1, 1, 2)]
Key: com.catan.model.RoundedPoint2D@2969d0, Value: [Vertex(1, 1, 1)]
Key: com.catan.model.RoundedPoint2D@18d821, Value: [Vertex(0, 0, 5)]
Key: com.catan.model.RoundedPoint2D@18b8e1, Value: [Vertex(0, 0, 4)]
Key: com.catan.model.RoundedPoint2D@185b21, Value: [Vertex(-1, -2, 2), Vertex(0, -2, 4)]
Key: com.catan.model.RoundedPoint2D@187a61, Value: [Vertex(-1, -2, 1), Vertex(0, -2, 5)]
Key: com.catan.model.RoundedPoint2D@15fe91, Value: [Vertex(-1, 2, 0)]
Key: com.catan.model.RoundedPoint2D@15a0d1, Value: [Vertex(-2, 1, 2)]
Key: com.catan.model.RoundedPoint2D@15c011, Value: [Vertex(-2, 1, 1), Vertex(-1, 2, 3)]
Key: com.catan.model.RoundedPoint2D@150491, Value: [Vertex(-1, -2, 3)]
Key: com.catan.model.RoundedPoint2D@154311, Value: [Vertex(-1, -2, 0)]
Key: com.catan.model.RoundedPoint2D@f3212, Value: [Vertex(-2, 1, 5)]
Key: com.catan.model.RoundedPoint2D@f12d2, Value: [Vertex(-2, 1, 4)]
Key: com.catan.model.RoundedPoint2D@1fc3c1, Value: [Vertex(1, 2, 5), Vertex(0, 2, 1)]
Key: com.catan.model.RoundedPoint2D@1fa481, Value: [Vertex(0, 1, 0), Vertex(1, 2, 4), Vertex(0, 2, 2)]
Key: com.catan.model.RoundedPoint2D@1f6601, Value: [Vertex(0, 0, 1), Vertex(0, 1, 3)]
Key: com.catan.model.RoundedPoint2D@1f0841, Value: [Vertex(0, -1, 3), Vertex(0, -2, 1)]
Key: com.catan.model.RoundedPoint2D@1f46c1, Value: [Vertex(0, -1, 0), Vertex(0, 0, 2)]
Key: com.catan.model.RoundedPoint2D@1ee901, Value: [Vertex(0, -2, 2)]
Key: com.catan.model.RoundedPoint2D@25f400, Value: [Vertex(1, 1, 3)]
Key: com.catan.model.RoundedPoint2D@2651c0, Value: [Vertex(1, 2, 1)]
Key: com.catan.model.RoundedPoint2D@263280, Value: [Vertex(1, 1, 0), Vertex(1, 2, 2)]
Key: com.catan.model.RoundedPoint2D@1b9271, Value: [Vertex(0, -2, 3)]
Key: com.catan.model.RoundedPoint2D@1bf031, Value: [Vertex(0, -1, 5), Vertex(0, 0, 3)]
Key: com.catan.model.RoundedPoint2D@1bd0f1, Value: [Vertex(0, -1, 4), Vertex(0, -2, 0)]
Key: com.catan.model.RoundedPoint2D@1c8c71, Value: [Vertex(0, 2, 0)]
Key: com.catan.model.RoundedPoint2D@1c4df1, Value: [Vertex(0, 1, 5), Vertex(0, 2, 3)]
Key: com.catan.model.RoundedPoint2D@1c2eb1, Value: [Vertex(0, 0, 0), Vertex(0, 1, 4)]
Key: com.catan.model.RoundedPoint2D@12a7e2, Value: [Vertex(-1, 2, 5)]
Key: com.catan.model.RoundedPoint2D@124a22, Value: [Vertex(-2, 1, 3)]
Key: com.catan.model.RoundedPoint2D@1288a2, Value: [Vertex(-2, 1, 0), Vertex(-1, 2, 4)]
Key: com.catan.model.RoundedPoint2D@231a51, Value: [Vertex(1, 2, 0)]
Key: com.catan.model.RoundedPoint2D@22dbd1, Value: [Vertex(1, 1, 5), Vertex(0, 1, 1), Vertex(1, 2, 3)]
Key: com.catan.model.RoundedPoint2D@22bc91, Value: [Vertex(1, 1, 4), Vertex(0, 1, 2)]
Key: com.catan.model.RoundedPoint2D@225ed1, Value: [Vertex(0, -1, 2), Vertex(1, -2, 0)]
Key: com.catan.model.RoundedPoint2D@227e11, Value: [Vertex(0, -1, 1)]
Key: com.catan.model.RoundedPoint2D@11ec62, Value: [Vertex(-1, -2, 5)]
Key: com.catan.model.RoundedPoint2D@11cd22, Value: [Vertex(-1, -2, 4)]
Key: com.catan.model.RoundedPoint2D@1935e1, Value: [Vertex(0, 2, 5), Vertex(-1, 2, 1)]
Key: com.catan.model.RoundedPoint2D@1916a1, Value: [Vertex(0, 2, 4), Vertex(-1, 2, 2)]
Key: com.catan.model.RoundedPoint2D@294a90, Value: [Vertex(1, 1, 2)]
Key: com.catan.model.RoundedPoint2D@2969d0, Value: [Vertex(1, 1, 1)]
Key: com.catan.model.RoundedPoint2D@18d821, Value: [Vertex(0, 0, 5)]
Key: com.catan.model.RoundedPoint2D@18b8e1, Value: [Vertex(0, 0, 4)]
Key: com.catan.model.RoundedPoint2D@185b21, Value: [Vertex(-1, -2, 2), Vertex(0, -2, 4)]
Key: com.catan.model.RoundedPoint2D@187a61, Value: [Vertex(-1, -2, 1), Vertex(0, -2, 5)]
Key: com.catan.model.RoundedPoint2D@15fe91, Value: [Vertex(-1, 2, 0)]
Key: com.catan.model.RoundedPoint2D@15a0d1, Value: [Vertex(-2, 1, 2)]
Key: com.catan.model.RoundedPoint2D@15c011, Value: [Vertex(-2, 1, 1), Vertex(-1, 2, 3)]
Key: com.catan.model.RoundedPoint2D@150491, Value: [Vertex(-1, -2, 3)]
Key: com.catan.model.RoundedPoint2D@154311, Value: [Vertex(-1, -2, 0)]
Key: com.catan.model.RoundedPoint2D@f3212, Value: [Vertex(-2, 1, 5)]
Key: com.catan.model.RoundedPoint2D@f12d2, Value: [Vertex(-2, 1, 4)]
Key: com.catan.model.RoundedPoint2D@1fc3c1, Value: [Vertex(1, 2, 5), Vertex(0, 2, 1)]
Key: com.catan.model.RoundedPoint2D@1fa481, Value: [Vertex(0, 1, 0), Vertex(1, 2, 4), Vertex(0, 2, 2)]
Key: com.catan.model.RoundedPoint2D@1f6601, Value: [Vertex(0, 0, 1), Vertex(0, 1, 3)]
Key: com.catan.model.RoundedPoint2D@1f0841, Value: [Vertex(0, -1, 3), Vertex(0, -2, 1)]
Key: com.catan.model.RoundedPoint2D@1f46c1, Value: [Vertex(0, -1, 0), Vertex(0, 0, 2)]
Key: com.catan.model.RoundedPoint2D@1ee901, Value: [Vertex(0, -2, 2)]
Key: com.catan.model.RoundedPoint2D@259640, Value: [Vertex(1, -2, 1)]
Key: com.catan.model.RoundedPoint2D@25f400, Value: [Vertex(1, 1, 3)]
Key: com.catan.model.RoundedPoint2D@2651c0, Value: [Vertex(1, 2, 1)]
Key: com.catan.model.RoundedPoint2D@263280, Value: [Vertex(1, 1, 0), Vertex(1, 2, 2)]
Key: com.catan.model.RoundedPoint2D@1b9271, Value: [Vertex(0, -2, 3)]
Key: com.catan.model.RoundedPoint2D@1bf031, Value: [Vertex(0, -1, 5), Vertex(0, 0, 3)]
Key: com.catan.model.RoundedPoint2D@1bd0f1, Value: [Vertex(0, -1, 4), Vertex(0, -2, 0)]
Key: com.catan.model.RoundedPoint2D@1c8c71, Value: [Vertex(0, 2, 0)]
Key: com.catan.model.RoundedPoint2D@1c4df1, Value: [Vertex(0, 1, 5), Vertex(0, 2, 3)]
Key: com.catan.model.RoundedPoint2D@1c2eb1, Value: [Vertex(0, 0, 0), Vertex(0, 1, 4)]
Key: com.catan.model.RoundedPoint2D@12a7e2, Value: [Vertex(-1, 2, 5)]
Key: com.catan.model.RoundedPoint2D@124a22, Value: [Vertex(-2, 1, 3)]
Key: com.catan.model.RoundedPoint2D@1288a2, Value: [Vertex(-2, 1, 0), Vertex(-1, 2, 4)]
Key: com.catan.model.RoundedPoint2D@231a51, Value: [Vertex(1, 2, 0)]
Key: com.catan.model.RoundedPoint2D@22dbd1, Value: [Vertex(1, 1, 5), Vertex(0, 1, 1), Vertex(1, 2, 3)]
Key: com.catan.model.RoundedPoint2D@22bc91, Value: [Vertex(1, 1, 4), Vertex(0, 1, 2)]
Key: com.catan.model.RoundedPoint2D@225ed1, Value: [Vertex(0, -1, 2), Vertex(1, -2, 0)]
Key: com.catan.model.RoundedPoint2D@227e11, Value: [Vertex(0, -1, 1)]
Key: com.catan.model.RoundedPoint2D@11ec62, Value: [Vertex(-1, -2, 5)]
Key: com.catan.model.RoundedPoint2D@11cd22, Value: [Vertex(-1, -2, 4)]
Key: com.catan.model.RoundedPoint2D@1935e1, Value: [Vertex(0, 2, 5), Vertex(-1, 2, 1)]
Key: com.catan.model.RoundedPoint2D@1916a1, Value: [Vertex(0, 2, 4), Vertex(-1, 2, 2)]
Key: com.catan.model.RoundedPoint2D@294a90, Value: [Vertex(1, 1, 2)]
Key: com.catan.model.RoundedPoint2D@2969d0, Value: [Vertex(1, 1, 1)]
Key: com.catan.model.RoundedPoint2D@18d821, Value: [Vertex(0, 0, 5)]
Key: com.catan.model.RoundedPoint2D@18b8e1, Value: [Vertex(0, 0, 4)]
Key: com.catan.model.RoundedPoint2D@185b21, Value: [Vertex(-1, -2, 2), Vertex(0, -2, 4)]
Key: com.catan.model.RoundedPoint2D@187a61, Value: [Vertex(-1, -2, 1), Vertex(0, -2, 5)]
Key: com.catan.model.RoundedPoint2D@15fe91, Value: [Vertex(-1, 2, 0)]
Key: com.catan.model.RoundedPoint2D@15a0d1, Value: [Vertex(-2, 1, 2)]
Key: com.catan.model.RoundedPoint2D@15c011, Value: [Vertex(-2, 1, 1), Vertex(-1, 2, 3)]
Key: com.catan.model.RoundedPoint2D@150491, Value: [Vertex(-1, -2, 3)]
Key: com.catan.model.RoundedPoint2D@154311, Value: [Vertex(-1, -2, 0)]
Key: com.catan.model.RoundedPoint2D@f3212, Value: [Vertex(-2, 1, 5)]
Key: com.catan.model.RoundedPoint2D@f12d2, Value: [Vertex(-2, 1, 4)]
Key: com.catan.model.RoundedPoint2D@1fc3c1, Value: [Vertex(1, 2, 5), Vertex(0, 2, 1)]
Key: com.catan.model.RoundedPoint2D@1fa481, Value: [Vertex(0, 1, 0), Vertex(1, 2, 4), Vertex(0, 2, 2)]
Key: com.catan.model.RoundedPoint2D@1f6601, Value: [Vertex(0, 0, 1), Vertex(0, 1, 3)]
Key: com.catan.model.RoundedPoint2D@1f0841, Value: [Vertex(0, -1, 3), Vertex(0, -2, 1)]
Key: com.catan.model.RoundedPoint2D@1f46c1, Value: [Vertex(0, -1, 0), Vertex(0, 0, 2)]
Key: com.catan.model.RoundedPoint2D@1ee901, Value: [Vertex(0, -2, 2)]
Key: com.catan.model.RoundedPoint2D@257700, Value: [Vertex(1, -2, 2)]
Key: com.catan.model.RoundedPoint2D@259640, Value: [Vertex(1, -2, 1)]
Key: com.catan.model.RoundedPoint2D@25f400, Value: [Vertex(1, 1, 3)]
Key: com.catan.model.RoundedPoint2D@2651c0, Value: [Vertex(1, 2, 1)]
Key: com.catan.model.RoundedPoint2D@263280, Value: [Vertex(1, 1, 0), Vertex(1, 2, 2)]
Key: com.catan.model.RoundedPoint2D@1b9271, Value: [Vertex(0, -2, 3)]
Key: com.catan.model.RoundedPoint2D@1bf031, Value: [Vertex(0, -1, 5), Vertex(0, 0, 3)]
Key: com.catan.model.RoundedPoint2D@1bd0f1, Value: [Vertex(0, -1, 4), Vertex(0, -2, 0)]
Key: com.catan.model.RoundedPoint2D@1c8c71, Value: [Vertex(0, 2, 0)]
Key: com.catan.model.RoundedPoint2D@1c4df1, Value: [Vertex(0, 1, 5), Vertex(0, 2, 3)]
Key: com.catan.model.RoundedPoint2D@1c2eb1, Value: [Vertex(0, 0, 0), Vertex(0, 1, 4)]
Key: com.catan.model.RoundedPoint2D@12a7e2, Value: [Vertex(-1, 2, 5)]
Key: com.catan.model.RoundedPoint2D@124a22, Value: [Vertex(-2, 1, 3)]
Key: com.catan.model.RoundedPoint2D@1288a2, Value: [Vertex(-2, 1, 0), Vertex(-1, 2, 4)]
Key: com.catan.model.RoundedPoint2D@231a51, Value: [Vertex(1, 2, 0)]
Key: com.catan.model.RoundedPoint2D@22dbd1, Value: [Vertex(1, 1, 5), Vertex(0, 1, 1), Vertex(1, 2, 3)]
Key: com.catan.model.RoundedPoint2D@22bc91, Value: [Vertex(1, 1, 4), Vertex(0, 1, 2)]
Key: com.catan.model.RoundedPoint2D@225ed1, Value: [Vertex(0, -1, 2), Vertex(1, -2, 0)]
Key: com.catan.model.RoundedPoint2D@227e11, Value: [Vertex(0, -1, 1)]
Key: com.catan.model.RoundedPoint2D@11ec62, Value: [Vertex(-1, -2, 5)]
Key: com.catan.model.RoundedPoint2D@11cd22, Value: [Vertex(-1, -2, 4)]
Key: com.catan.model.RoundedPoint2D@1935e1, Value: [Vertex(0, 2, 5), Vertex(-1, 2, 1)]
Key: com.catan.model.RoundedPoint2D@1916a1, Value: [Vertex(0, 2, 4), Vertex(-1, 2, 2)]
Key: com.catan.model.RoundedPoint2D@294a90, Value: [Vertex(1, 1, 2)]
Key: com.catan.model.RoundedPoint2D@2969d0, Value: [Vertex(1, 1, 1)]
Key: com.catan.model.RoundedPoint2D@18d821, Value: [Vertex(0, 0, 5)]
Key: com.catan.model.RoundedPoint2D@18b8e1, Value: [Vertex(0, 0, 4)]
Key: com.catan.model.RoundedPoint2D@185b21, Value: [Vertex(-1, -2, 2), Vertex(0, -2, 4)]
Key: com.catan.model.RoundedPoint2D@187a61, Value: [Vertex(-1, -2, 1), Vertex(0, -2, 5)]
Key: com.catan.model.RoundedPoint2D@15fe91, Value: [Vertex(-1, 2, 0)]
Key: com.catan.model.RoundedPoint2D@15a0d1, Value: [Vertex(-2, 1, 2)]
Key: com.catan.model.RoundedPoint2D@15c011, Value: [Vertex(-2, 1, 1), Vertex(-1, 2, 3)]
Key: com.catan.model.RoundedPoint2D@150491, Value: [Vertex(-1, -2, 3)]
Key: com.catan.model.RoundedPoint2D@154311, Value: [Vertex(-1, -2, 0)]
Key: com.catan.model.RoundedPoint2D@f3212, Value: [Vertex(-2, 1, 5)]
Key: com.catan.model.RoundedPoint2D@f12d2, Value: [Vertex(-2, 1, 4)]
Key: com.catan.model.RoundedPoint2D@1fc3c1, Value: [Vertex(1, 2, 5), Vertex(0, 2, 1)]
Key: com.catan.model.RoundedPoint2D@1fa481, Value: [Vertex(0, 1, 0), Vertex(1, 2, 4), Vertex(0, 2, 2)]
Key: com.catan.model.RoundedPoint2D@1f6601, Value: [Vertex(0, 0, 1), Vertex(0, 1, 3)]
Key: com.catan.model.RoundedPoint2D@1f0841, Value: [Vertex(0, -1, 3), Vertex(0, -2, 1)]
Key: com.catan.model.RoundedPoint2D@1f46c1, Value: [Vertex(0, -1, 0), Vertex(0, 0, 2)]
Key: com.catan.model.RoundedPoint2D@1ee901, Value: [Vertex(0, -2, 2)]
Key: com.catan.model.RoundedPoint2D@257700, Value: [Vertex(1, -2, 2)]
Key: com.catan.model.RoundedPoint2D@259640, Value: [Vertex(1, -2, 1)]
Key: com.catan.model.RoundedPoint2D@25f400, Value: [Vertex(1, 1, 3)]
Key: com.catan.model.RoundedPoint2D@2651c0, Value: [Vertex(1, 2, 1)]
Key: com.catan.model.RoundedPoint2D@263280, Value: [Vertex(1, 1, 0), Vertex(1, 2, 2)]
Key: com.catan.model.RoundedPoint2D@1b9271, Value: [Vertex(0, -2, 3)]
Key: com.catan.model.RoundedPoint2D@1bf031, Value: [Vertex(0, -1, 5), Vertex(0, 0, 3)]
Key: com.catan.model.RoundedPoint2D@1bd0f1, Value: [Vertex(0, -1, 4), Vertex(0, -2, 0)]
Key: com.catan.model.RoundedPoint2D@1c8c71, Value: [Vertex(0, 2, 0)]
Key: com.catan.model.RoundedPoint2D@1c4df1, Value: [Vertex(0, 1, 5), Vertex(0, 2, 3)]
Key: com.catan.model.RoundedPoint2D@1c2eb1, Value: [Vertex(0, 0, 0), Vertex(0, 1, 4)]
Key: com.catan.model.RoundedPoint2D@12a7e2, Value: [Vertex(-1, 2, 5)]
Key: com.catan.model.RoundedPoint2D@124a22, Value: [Vertex(-2, 1, 3)]
Key: com.catan.model.RoundedPoint2D@1288a2, Value: [Vertex(-2, 1, 0), Vertex(-1, 2, 4)]
Key: com.catan.model.RoundedPoint2D@231a51, Value: [Vertex(1, 2, 0)]
Key: com.catan.model.RoundedPoint2D@222051, Value: [Vertex(1, -2, 3)]
Key: com.catan.model.RoundedPoint2D@22dbd1, Value: [Vertex(1, 1, 5), Vertex(0, 1, 1), Vertex(1, 2, 3)]
Key: com.catan.model.RoundedPoint2D@22bc91, Value: [Vertex(1, 1, 4), Vertex(0, 1, 2)]
Key: com.catan.model.RoundedPoint2D@225ed1, Value: [Vertex(0, -1, 2), Vertex(1, -2, 0)]
Key: com.catan.model.RoundedPoint2D@227e11, Value: [Vertex(0, -1, 1)]
Key: com.catan.model.RoundedPoint2D@11ec62, Value: [Vertex(-1, -2, 5)]
Key: com.catan.model.RoundedPoint2D@11cd22, Value: [Vertex(-1, -2, 4)]
Key: com.catan.model.RoundedPoint2D@1935e1, Value: [Vertex(0, 2, 5), Vertex(-1, 2, 1)]
Key: com.catan.model.RoundedPoint2D@1916a1, Value: [Vertex(0, 2, 4), Vertex(-1, 2, 2)]
Key: com.catan.model.RoundedPoint2D@294a90, Value: [Vertex(1, 1, 2)]
Key: com.catan.model.RoundedPoint2D@2969d0, Value: [Vertex(1, 1, 1)]
Key: com.catan.model.RoundedPoint2D@18d821, Value: [Vertex(0, 0, 5)]
Key: com.catan.model.RoundedPoint2D@18b8e1, Value: [Vertex(0, 0, 4)]
Key: com.catan.model.RoundedPoint2D@185b21, Value: [Vertex(-1, -2, 2), Vertex(0, -2, 4)]
Key: com.catan.model.RoundedPoint2D@187a61, Value: [Vertex(-1, -2, 1), Vertex(0, -2, 5)]
Key: com.catan.model.RoundedPoint2D@15fe91, Value: [Vertex(-1, 2, 0)]
Key: com.catan.model.RoundedPoint2D@15a0d1, Value: [Vertex(-2, 1, 2)]
Key: com.catan.model.RoundedPoint2D@15c011, Value: [Vertex(-2, 1, 1), Vertex(-1, 2, 3)]
Key: com.catan.model.RoundedPoint2D@150491, Value: [Vertex(-1, -2, 3)]
Key: com.catan.model.RoundedPoint2D@154311, Value: [Vertex(-1, -2, 0)]
Key: com.catan.model.RoundedPoint2D@f3212, Value: [Vertex(-2, 1, 5)]
Key: com.catan.model.RoundedPoint2D@f12d2, Value: [Vertex(-2, 1, 4)]
Key: com.catan.model.RoundedPoint2D@1fc3c1, Value: [Vertex(1, 2, 5), Vertex(0, 2, 1)]
Key: com.catan.model.RoundedPoint2D@1fa481, Value: [Vertex(0, 1, 0), Vertex(1, 2, 4), Vertex(0, 2, 2)]
Key: com.catan.model.RoundedPoint2D@1f6601, Value: [Vertex(0, 0, 1), Vertex(0, 1, 3)]
Key: com.catan.model.RoundedPoint2D@1f0841, Value: [Vertex(0, -1, 3), Vertex(0, -2, 1)]
Key: com.catan.model.RoundedPoint2D@1f46c1, Value: [Vertex(0, -1, 0), Vertex(0, 0, 2)]
Key: com.catan.model.RoundedPoint2D@1ee901, Value: [Vertex(0, -2, 2), Vertex(1, -2, 4)]
Key: com.catan.model.RoundedPoint2D@257700, Value: [Vertex(1, -2, 2)]
Key: com.catan.model.RoundedPoint2D@259640, Value: [Vertex(1, -2, 1)]
Key: com.catan.model.RoundedPoint2D@25f400, Value: [Vertex(1, 1, 3)]
Key: com.catan.model.RoundedPoint2D@2651c0, Value: [Vertex(1, 2, 1)]
Key: com.catan.model.RoundedPoint2D@263280, Value: [Vertex(1, 1, 0), Vertex(1, 2, 2)]
Key: com.catan.model.RoundedPoint2D@1b9271, Value: [Vertex(0, -2, 3)]
Key: com.catan.model.RoundedPoint2D@1bf031, Value: [Vertex(0, -1, 5), Vertex(0, 0, 3)]
Key: com.catan.model.RoundedPoint2D@1bd0f1, Value: [Vertex(0, -1, 4), Vertex(0, -2, 0)]
Key: com.catan.model.RoundedPoint2D@1c8c71, Value: [Vertex(0, 2, 0)]
Key: com.catan.model.RoundedPoint2D@1c4df1, Value: [Vertex(0, 1, 5), Vertex(0, 2, 3)]
Key: com.catan.model.RoundedPoint2D@1c2eb1, Value: [Vertex(0, 0, 0), Vertex(0, 1, 4)]
Key: com.catan.model.RoundedPoint2D@12a7e2, Value: [Vertex(-1, 2, 5)]
Key: com.catan.model.RoundedPoint2D@124a22, Value: [Vertex(-2, 1, 3)]
Key: com.catan.model.RoundedPoint2D@1288a2, Value: [Vertex(-2, 1, 0), Vertex(-1, 2, 4)]
Key: com.catan.model.RoundedPoint2D@231a51, Value: [Vertex(1, 2, 0)]
Key: com.catan.model.RoundedPoint2D@222051, Value: [Vertex(1, -2, 3)]
Key: com.catan.model.RoundedPoint2D@22dbd1, Value: [Vertex(1, 1, 5), Vertex(0, 1, 1), Vertex(1, 2, 3)]
Key: com.catan.model.RoundedPoint2D@22bc91, Value: [Vertex(1, 1, 4), Vertex(0, 1, 2)]
Key: com.catan.model.RoundedPoint2D@225ed1, Value: [Vertex(0, -1, 2), Vertex(1, -2, 0)]
Key: com.catan.model.RoundedPoint2D@227e11, Value: [Vertex(0, -1, 1)]
Key: com.catan.model.RoundedPoint2D@11ec62, Value: [Vertex(-1, -2, 5)]
Key: com.catan.model.RoundedPoint2D@11cd22, Value: [Vertex(-1, -2, 4)]
Key: com.catan.model.RoundedPoint2D@1935e1, Value: [Vertex(0, 2, 5), Vertex(-1, 2, 1)]
Key: com.catan.model.RoundedPoint2D@1916a1, Value: [Vertex(0, 2, 4), Vertex(-1, 2, 2)]
Key: com.catan.model.RoundedPoint2D@294a90, Value: [Vertex(1, 1, 2)]
Key: com.catan.model.RoundedPoint2D@2969d0, Value: [Vertex(1, 1, 1)]
Key: com.catan.model.RoundedPoint2D@18d821, Value: [Vertex(0, 0, 5)]
Key: com.catan.model.RoundedPoint2D@18b8e1, Value: [Vertex(0, 0, 4)]
Key: com.catan.model.RoundedPoint2D@185b21, Value: [Vertex(-1, -2, 2), Vertex(0, -2, 4)]
Key: com.catan.model.RoundedPoint2D@187a61, Value: [Vertex(-1, -2, 1), Vertex(0, -2, 5)]
Key: com.catan.model.RoundedPoint2D@15fe91, Value: [Vertex(-1, 2, 0)]
Key: com.catan.model.RoundedPoint2D@15a0d1, Value: [Vertex(-2, 1, 2)]
Key: com.catan.model.RoundedPoint2D@15c011, Value: [Vertex(-2, 1, 1), Vertex(-1, 2, 3)]
Key: com.catan.model.RoundedPoint2D@150491, Value: [Vertex(-1, -2, 3)]
Key: com.catan.model.RoundedPoint2D@154311, Value: [Vertex(-1, -2, 0)]
Key: com.catan.model.RoundedPoint2D@f3212, Value: [Vertex(-2, 1, 5)]
Key: com.catan.model.RoundedPoint2D@f12d2, Value: [Vertex(-2, 1, 4)]
Key: com.catan.model.RoundedPoint2D@1fc3c1, Value: [Vertex(1, 2, 5), Vertex(0, 2, 1)]
Key: com.catan.model.RoundedPoint2D@1fa481, Value: [Vertex(0, 1, 0), Vertex(1, 2, 4), Vertex(0, 2, 2)]
Key: com.catan.model.RoundedPoint2D@1f6601, Value: [Vertex(0, 0, 1), Vertex(0, 1, 3)]
Key: com.catan.model.RoundedPoint2D@1f0841, Value: [Vertex(0, -1, 3), Vertex(0, -2, 1), Vertex(1, -2, 5)]
Key: com.catan.model.RoundedPoint2D@1f46c1, Value: [Vertex(0, -1, 0), Vertex(0, 0, 2)]
Key: com.catan.model.RoundedPoint2D@1ee901, Value: [Vertex(0, -2, 2), Vertex(1, -2, 4)]
Key: com.catan.model.RoundedPoint2D@257700, Value: [Vertex(1, -2, 2)]
Key: com.catan.model.RoundedPoint2D@259640, Value: [Vertex(1, -2, 1)]
Key: com.catan.model.RoundedPoint2D@25f400, Value: [Vertex(1, 1, 3)]
Key: com.catan.model.RoundedPoint2D@2651c0, Value: [Vertex(1, 2, 1)]
Key: com.catan.model.RoundedPoint2D@263280, Value: [Vertex(1, 1, 0), Vertex(1, 2, 2)]
Key: com.catan.model.RoundedPoint2D@1b9271, Value: [Vertex(0, -2, 3)]
Key: com.catan.model.RoundedPoint2D@1bf031, Value: [Vertex(0, -1, 5), Vertex(0, 0, 3)]
Key: com.catan.model.RoundedPoint2D@1bd0f1, Value: [Vertex(0, -1, 4), Vertex(0, -2, 0)]
Key: com.catan.model.RoundedPoint2D@1c8c71, Value: [Vertex(0, 2, 0)]
Key: com.catan.model.RoundedPoint2D@1c4df1, Value: [Vertex(0, 1, 5), Vertex(0, 2, 3)]
Key: com.catan.model.RoundedPoint2D@1c2eb1, Value: [Vertex(0, 0, 0), Vertex(0, 1, 4)]
Key: com.catan.model.RoundedPoint2D@12a7e2, Value: [Vertex(-1, 2, 5)]
Key: com.catan.model.RoundedPoint2D@124a22, Value: [Vertex(-2, 1, 3)]
Key: com.catan.model.RoundedPoint2D@1288a2, Value: [Vertex(-2, 1, 0), Vertex(-1, 2, 4)]
Key: com.catan.model.RoundedPoint2D@231a51, Value: [Vertex(1, 2, 0)]
Key: com.catan.model.RoundedPoint2D@222051, Value: [Vertex(1, -2, 3)]
Key: com.catan.model.RoundedPoint2D@22dbd1, Value: [Vertex(1, 1, 5), Vertex(0, 1, 1), Vertex(1, 2, 3)]
Key: com.catan.model.RoundedPoint2D@22bc91, Value: [Vertex(1, 1, 4), Vertex(0, 1, 2)]
Key: com.catan.model.RoundedPoint2D@225ed1, Value: [Vertex(0, -1, 2), Vertex(1, -2, 0)]
Key: com.catan.model.RoundedPoint2D@227e11, Value: [Vertex(0, -1, 1)]
Key: com.catan.model.RoundedPoint2D@11ec62, Value: [Vertex(-1, -2, 5)]
Key: com.catan.model.RoundedPoint2D@11cd22, Value: [Vertex(-1, -2, 4)]
Key: com.catan.model.RoundedPoint2D@1935e1, Value: [Vertex(0, 2, 5), Vertex(-1, 2, 1)]
Key: com.catan.model.RoundedPoint2D@1916a1, Value: [Vertex(0, 2, 4), Vertex(-1, 2, 2)]
Key: com.catan.model.RoundedPoint2D@294a90, Value: [Vertex(1, 1, 2)]
Key: com.catan.model.RoundedPoint2D@2969d0, Value: [Vertex(1, 1, 1)]
Key: com.catan.model.RoundedPoint2D@18d821, Value: [Vertex(0, 0, 5)]
Key: com.catan.model.RoundedPoint2D@18b8e1, Value: [Vertex(0, 0, 4)]
Key: com.catan.model.RoundedPoint2D@185b21, Value: [Vertex(-1, -2, 2), Vertex(0, -2, 4)]
Key: com.catan.model.RoundedPoint2D@187a61, Value: [Vertex(-1, -2, 1), Vertex(0, -2, 5)]
Key: com.catan.model.RoundedPoint2D@15fe91, Value: [Vertex(-1, 2, 0)]
Key: com.catan.model.RoundedPoint2D@15a0d1, Value: [Vertex(-2, 1, 2)]
Key: com.catan.model.RoundedPoint2D@15c011, Value: [Vertex(-2, 1, 1), Vertex(-1, 2, 3)]
Key: com.catan.model.RoundedPoint2D@150491, Value: [Vertex(-1, -2, 3)]
Key: com.catan.model.RoundedPoint2D@154311, Value: [Vertex(-1, -2, 0)]
Key: com.catan.model.RoundedPoint2D@f3212, Value: [Vertex(-2, 1, 5)]
Key: com.catan.model.RoundedPoint2D@f12d2, Value: [Vertex(-2, 1, 4), Vertex(-2, 0, 0)]
Key: com.catan.model.RoundedPoint2D@1fc3c1, Value: [Vertex(1, 2, 5), Vertex(0, 2, 1)]
Key: com.catan.model.RoundedPoint2D@1fa481, Value: [Vertex(0, 1, 0), Vertex(1, 2, 4), Vertex(0, 2, 2)]
Key: com.catan.model.RoundedPoint2D@1f6601, Value: [Vertex(0, 0, 1), Vertex(0, 1, 3)]
Key: com.catan.model.RoundedPoint2D@1f0841, Value: [Vertex(0, -1, 3), Vertex(0, -2, 1), Vertex(1, -2, 5)]
Key: com.catan.model.RoundedPoint2D@1f46c1, Value: [Vertex(0, -1, 0), Vertex(0, 0, 2)]
Key: com.catan.model.RoundedPoint2D@1ee901, Value: [Vertex(0, -2, 2), Vertex(1, -2, 4)]
Key: com.catan.model.RoundedPoint2D@257700, Value: [Vertex(1, -2, 2)]
Key: com.catan.model.RoundedPoint2D@259640, Value: [Vertex(1, -2, 1)]
Key: com.catan.model.RoundedPoint2D@25f400, Value: [Vertex(1, 1, 3)]
Key: com.catan.model.RoundedPoint2D@2651c0, Value: [Vertex(1, 2, 1)]
Key: com.catan.model.RoundedPoint2D@263280, Value: [Vertex(1, 1, 0), Vertex(1, 2, 2)]
Key: com.catan.model.RoundedPoint2D@1b9271, Value: [Vertex(0, -2, 3)]
Key: com.catan.model.RoundedPoint2D@1bf031, Value: [Vertex(0, -1, 5), Vertex(0, 0, 3)]
Key: com.catan.model.RoundedPoint2D@1bd0f1, Value: [Vertex(0, -1, 4), Vertex(0, -2, 0)]
Key: com.catan.model.RoundedPoint2D@1c8c71, Value: [Vertex(0, 2, 0)]
Key: com.catan.model.RoundedPoint2D@1c4df1, Value: [Vertex(0, 1, 5), Vertex(0, 2, 3)]
Key: com.catan.model.RoundedPoint2D@1c2eb1, Value: [Vertex(0, 0, 0), Vertex(0, 1, 4)]
Key: com.catan.model.RoundedPoint2D@12a7e2, Value: [Vertex(-1, 2, 5)]
Key: com.catan.model.RoundedPoint2D@124a22, Value: [Vertex(-2, 1, 3)]
Key: com.catan.model.RoundedPoint2D@1288a2, Value: [Vertex(-2, 1, 0), Vertex(-1, 2, 4)]
Key: com.catan.model.RoundedPoint2D@231a51, Value: [Vertex(1, 2, 0)]
Key: com.catan.model.RoundedPoint2D@222051, Value: [Vertex(1, -2, 3)]
Key: com.catan.model.RoundedPoint2D@22dbd1, Value: [Vertex(1, 1, 5), Vertex(0, 1, 1), Vertex(1, 2, 3)]
Key: com.catan.model.RoundedPoint2D@22bc91, Value: [Vertex(1, 1, 4), Vertex(0, 1, 2)]
Key: com.catan.model.RoundedPoint2D@225ed1, Value: [Vertex(0, -1, 2), Vertex(1, -2, 0)]
Key: com.catan.model.RoundedPoint2D@227e11, Value: [Vertex(0, -1, 1)]
Key: com.catan.model.RoundedPoint2D@11ec62, Value: [Vertex(-1, -2, 5)]
Key: com.catan.model.RoundedPoint2D@11cd22, Value: [Vertex(-1, -2, 4)]
Key: com.catan.model.RoundedPoint2D@1935e1, Value: [Vertex(0, 2, 5), Vertex(-1, 2, 1)]
Key: com.catan.model.RoundedPoint2D@1916a1, Value: [Vertex(0, 2, 4), Vertex(-1, 2, 2)]
Key: com.catan.model.RoundedPoint2D@294a90, Value: [Vertex(1, 1, 2)]
Key: com.catan.model.RoundedPoint2D@2969d0, Value: [Vertex(1, 1, 1)]
Key: com.catan.model.RoundedPoint2D@18d821, Value: [Vertex(0, 0, 5)]
Key: com.catan.model.RoundedPoint2D@18b8e1, Value: [Vertex(0, 0, 4)]
Key: com.catan.model.RoundedPoint2D@185b21, Value: [Vertex(-1, -2, 2), Vertex(0, -2, 4)]
Key: com.catan.model.RoundedPoint2D@187a61, Value: [Vertex(-1, -2, 1), Vertex(0, -2, 5)]
Key: com.catan.model.RoundedPoint2D@15fe91, Value: [Vertex(-1, 2, 0)]
Key: com.catan.model.RoundedPoint2D@15a0d1, Value: [Vertex(-2, 1, 2)]
Key: com.catan.model.RoundedPoint2D@15c011, Value: [Vertex(-2, 1, 1), Vertex(-1, 2, 3)]
Key: com.catan.model.RoundedPoint2D@150491, Value: [Vertex(-1, -2, 3)]
Key: com.catan.model.RoundedPoint2D@154311, Value: [Vertex(-1, -2, 0)]
Key: com.catan.model.RoundedPoint2D@f3212, Value: [Vertex(-2, 1, 5)]
Key: com.catan.model.RoundedPoint2D@f12d2, Value: [Vertex(-2, 1, 4), Vertex(-2, 0, 0)]
Key: com.catan.model.RoundedPoint2D@1fc3c1, Value: [Vertex(1, 2, 5), Vertex(0, 2, 1)]
Key: com.catan.model.RoundedPoint2D@1fa481, Value: [Vertex(0, 1, 0), Vertex(1, 2, 4), Vertex(0, 2, 2)]
Key: com.catan.model.RoundedPoint2D@1f6601, Value: [Vertex(0, 0, 1), Vertex(0, 1, 3)]
Key: com.catan.model.RoundedPoint2D@1f0841, Value: [Vertex(0, -1, 3), Vertex(0, -2, 1), Vertex(1, -2, 5)]
Key: com.catan.model.RoundedPoint2D@1f46c1, Value: [Vertex(0, -1, 0), Vertex(0, 0, 2)]
Key: com.catan.model.RoundedPoint2D@1ee901, Value: [Vertex(0, -2, 2), Vertex(1, -2, 4)]
Key: com.catan.model.RoundedPoint2D@257700, Value: [Vertex(1, -2, 2)]
Key: com.catan.model.RoundedPoint2D@259640, Value: [Vertex(1, -2, 1)]
Key: com.catan.model.RoundedPoint2D@25f400, Value: [Vertex(1, 1, 3)]
Key: com.catan.model.RoundedPoint2D@2651c0, Value: [Vertex(1, 2, 1)]
Key: com.catan.model.RoundedPoint2D@263280, Value: [Vertex(1, 1, 0), Vertex(1, 2, 2)]
Key: com.catan.model.RoundedPoint2D@1b9271, Value: [Vertex(0, -2, 3)]
Key: com.catan.model.RoundedPoint2D@1bf031, Value: [Vertex(0, -1, 5), Vertex(0, 0, 3)]
Key: com.catan.model.RoundedPoint2D@1bd0f1, Value: [Vertex(0, -1, 4), Vertex(0, -2, 0)]
Key: com.catan.model.RoundedPoint2D@1c8c71, Value: [Vertex(0, 2, 0)]
Key: com.catan.model.RoundedPoint2D@1c4df1, Value: [Vertex(0, 1, 5), Vertex(0, 2, 3)]
Key: com.catan.model.RoundedPoint2D@1c2eb1, Value: [Vertex(0, 0, 0), Vertex(0, 1, 4)]
Key: com.catan.model.RoundedPoint2D@12a7e2, Value: [Vertex(-1, 2, 5)]
Key: com.catan.model.RoundedPoint2D@124a22, Value: [Vertex(-2, 1, 3), Vertex(-2, 0, 1)]
Key: com.catan.model.RoundedPoint2D@1288a2, Value: [Vertex(-2, 1, 0), Vertex(-1, 2, 4)]
Key: com.catan.model.RoundedPoint2D@231a51, Value: [Vertex(1, 2, 0)]
Key: com.catan.model.RoundedPoint2D@222051, Value: [Vertex(1, -2, 3)]
Key: com.catan.model.RoundedPoint2D@22dbd1, Value: [Vertex(1, 1, 5), Vertex(0, 1, 1), Vertex(1, 2, 3)]
Key: com.catan.model.RoundedPoint2D@22bc91, Value: [Vertex(1, 1, 4), Vertex(0, 1, 2)]
Key: com.catan.model.RoundedPoint2D@225ed1, Value: [Vertex(0, -1, 2), Vertex(1, -2, 0)]
Key: com.catan.model.RoundedPoint2D@227e11, Value: [Vertex(0, -1, 1)]
Key: com.catan.model.RoundedPoint2D@11ec62, Value: [Vertex(-1, -2, 5)]
Key: com.catan.model.RoundedPoint2D@11cd22, Value: [Vertex(-1, -2, 4)]
Key: com.catan.model.RoundedPoint2D@1935e1, Value: [Vertex(0, 2, 5), Vertex(-1, 2, 1)]
Key: com.catan.model.RoundedPoint2D@1916a1, Value: [Vertex(0, 2, 4), Vertex(-1, 2, 2)]
Key: com.catan.model.RoundedPoint2D@294a90, Value: [Vertex(1, 1, 2)]
Key: com.catan.model.RoundedPoint2D@2969d0, Value: [Vertex(1, 1, 1)]
Key: com.catan.model.RoundedPoint2D@18d821, Value: [Vertex(0, 0, 5)]
Key: com.catan.model.RoundedPoint2D@18b8e1, Value: [Vertex(0, 0, 4)]
Key: com.catan.model.RoundedPoint2D@185b21, Value: [Vertex(-1, -2, 2), Vertex(0, -2, 4)]
Key: com.catan.model.RoundedPoint2D@187a61, Value: [Vertex(-1, -2, 1), Vertex(0, -2, 5)]
Key: com.catan.model.RoundedPoint2D@15fe91, Value: [Vertex(-1, 2, 0)]
Key: com.catan.model.RoundedPoint2D@15a0d1, Value: [Vertex(-2, 1, 2)]
Key: com.catan.model.RoundedPoint2D@15c011, Value: [Vertex(-2, 1, 1), Vertex(-1, 2, 3)]
Key: com.catan.model.RoundedPoint2D@150491, Value: [Vertex(-1, -2, 3)]
Key: com.catan.model.RoundedPoint2D@154311, Value: [Vertex(-1, -2, 0)]
Key: com.catan.model.RoundedPoint2D@f3212, Value: [Vertex(-2, 1, 5)]
Key: com.catan.model.RoundedPoint2D@f12d2, Value: [Vertex(-2, 1, 4), Vertex(-2, 0, 0)]
Key: com.catan.model.RoundedPoint2D@1fc3c1, Value: [Vertex(1, 2, 5), Vertex(0, 2, 1)]
Key: com.catan.model.RoundedPoint2D@1fa481, Value: [Vertex(0, 1, 0), Vertex(1, 2, 4), Vertex(0, 2, 2)]
Key: com.catan.model.RoundedPoint2D@1f6601, Value: [Vertex(0, 0, 1), Vertex(0, 1, 3)]
Key: com.catan.model.RoundedPoint2D@1f0841, Value: [Vertex(0, -1, 3), Vertex(0, -2, 1), Vertex(1, -2, 5)]
Key: com.catan.model.RoundedPoint2D@1f46c1, Value: [Vertex(0, -1, 0), Vertex(0, 0, 2)]
Key: com.catan.model.RoundedPoint2D@1ee901, Value: [Vertex(0, -2, 2), Vertex(1, -2, 4)]
Key: com.catan.model.RoundedPoint2D@257700, Value: [Vertex(1, -2, 2)]
Key: com.catan.model.RoundedPoint2D@259640, Value: [Vertex(1, -2, 1)]
Key: com.catan.model.RoundedPoint2D@25f400, Value: [Vertex(1, 1, 3)]
Key: com.catan.model.RoundedPoint2D@2651c0, Value: [Vertex(1, 2, 1)]
Key: com.catan.model.RoundedPoint2D@263280, Value: [Vertex(1, 1, 0), Vertex(1, 2, 2)]
Key: com.catan.model.RoundedPoint2D@1b9271, Value: [Vertex(0, -2, 3)]
Key: com.catan.model.RoundedPoint2D@1bf031, Value: [Vertex(0, -1, 5), Vertex(0, 0, 3)]
Key: com.catan.model.RoundedPoint2D@1bd0f1, Value: [Vertex(0, -1, 4), Vertex(0, -2, 0)]
Key: com.catan.model.RoundedPoint2D@1c8c71, Value: [Vertex(0, 2, 0)]
Key: com.catan.model.RoundedPoint2D@1c4df1, Value: [Vertex(0, 1, 5), Vertex(0, 2, 3)]
Key: com.catan.model.RoundedPoint2D@1c2eb1, Value: [Vertex(0, 0, 0), Vertex(0, 1, 4)]
Key: com.catan.model.RoundedPoint2D@122ae2, Value: [Vertex(-2, 0, 2)]
Key: com.catan.model.RoundedPoint2D@12a7e2, Value: [Vertex(-1, 2, 5)]
Key: com.catan.model.RoundedPoint2D@124a22, Value: [Vertex(-2, 1, 3), Vertex(-2, 0, 1)]
Key: com.catan.model.RoundedPoint2D@1288a2, Value: [Vertex(-2, 1, 0), Vertex(-1, 2, 4)]
Key: com.catan.model.RoundedPoint2D@231a51, Value: [Vertex(1, 2, 0)]
Key: com.catan.model.RoundedPoint2D@222051, Value: [Vertex(1, -2, 3)]
Key: com.catan.model.RoundedPoint2D@22dbd1, Value: [Vertex(1, 1, 5), Vertex(0, 1, 1), Vertex(1, 2, 3)]
Key: com.catan.model.RoundedPoint2D@22bc91, Value: [Vertex(1, 1, 4), Vertex(0, 1, 2)]
Key: com.catan.model.RoundedPoint2D@225ed1, Value: [Vertex(0, -1, 2), Vertex(1, -2, 0)]
Key: com.catan.model.RoundedPoint2D@227e11, Value: [Vertex(0, -1, 1)]
Key: com.catan.model.RoundedPoint2D@11ec62, Value: [Vertex(-1, -2, 5)]
Key: com.catan.model.RoundedPoint2D@11cd22, Value: [Vertex(-1, -2, 4)]
Key: com.catan.model.RoundedPoint2D@1935e1, Value: [Vertex(0, 2, 5), Vertex(-1, 2, 1)]
Key: com.catan.model.RoundedPoint2D@1916a1, Value: [Vertex(0, 2, 4), Vertex(-1, 2, 2)]
Key: com.catan.model.RoundedPoint2D@294a90, Value: [Vertex(1, 1, 2)]
Key: com.catan.model.RoundedPoint2D@2969d0, Value: [Vertex(1, 1, 1)]
Key: com.catan.model.RoundedPoint2D@18d821, Value: [Vertex(0, 0, 5)]
Key: com.catan.model.RoundedPoint2D@18b8e1, Value: [Vertex(0, 0, 4)]
Key: com.catan.model.RoundedPoint2D@185b21, Value: [Vertex(-1, -2, 2), Vertex(0, -2, 4)]
Key: com.catan.model.RoundedPoint2D@187a61, Value: [Vertex(-1, -2, 1), Vertex(0, -2, 5)]
Key: com.catan.model.RoundedPoint2D@15fe91, Value: [Vertex(-1, 2, 0)]
Key: com.catan.model.RoundedPoint2D@15a0d1, Value: [Vertex(-2, 1, 2)]
Key: com.catan.model.RoundedPoint2D@15c011, Value: [Vertex(-2, 1, 1), Vertex(-1, 2, 3)]
Key: com.catan.model.RoundedPoint2D@150491, Value: [Vertex(-1, -2, 3)]
Key: com.catan.model.RoundedPoint2D@154311, Value: [Vertex(-1, -2, 0)]
Key: com.catan.model.RoundedPoint2D@ed452, Value: [Vertex(-2, 0, 3)]
Key: com.catan.model.RoundedPoint2D@f3212, Value: [Vertex(-2, 1, 5)]
Key: com.catan.model.RoundedPoint2D@f12d2, Value: [Vertex(-2, 1, 4), Vertex(-2, 0, 0)]
Key: com.catan.model.RoundedPoint2D@1fc3c1, Value: [Vertex(1, 2, 5), Vertex(0, 2, 1)]
Key: com.catan.model.RoundedPoint2D@1fa481, Value: [Vertex(0, 1, 0), Vertex(1, 2, 4), Vertex(0, 2, 2)]
Key: com.catan.model.RoundedPoint2D@1f6601, Value: [Vertex(0, 0, 1), Vertex(0, 1, 3)]
Key: com.catan.model.RoundedPoint2D@1f0841, Value: [Vertex(0, -1, 3), Vertex(0, -2, 1), Vertex(1, -2, 5)]
Key: com.catan.model.RoundedPoint2D@1f46c1, Value: [Vertex(0, -1, 0), Vertex(0, 0, 2)]
Key: com.catan.model.RoundedPoint2D@1ee901, Value: [Vertex(0, -2, 2), Vertex(1, -2, 4)]
Key: com.catan.model.RoundedPoint2D@257700, Value: [Vertex(1, -2, 2)]
Key: com.catan.model.RoundedPoint2D@259640, Value: [Vertex(1, -2, 1)]
Key: com.catan.model.RoundedPoint2D@25f400, Value: [Vertex(1, 1, 3)]
Key: com.catan.model.RoundedPoint2D@2651c0, Value: [Vertex(1, 2, 1)]
Key: com.catan.model.RoundedPoint2D@263280, Value: [Vertex(1, 1, 0), Vertex(1, 2, 2)]
Key: com.catan.model.RoundedPoint2D@1b9271, Value: [Vertex(0, -2, 3)]
Key: com.catan.model.RoundedPoint2D@1bf031, Value: [Vertex(0, -1, 5), Vertex(0, 0, 3)]
Key: com.catan.model.RoundedPoint2D@1bd0f1, Value: [Vertex(0, -1, 4), Vertex(0, -2, 0)]
Key: com.catan.model.RoundedPoint2D@1c8c71, Value: [Vertex(0, 2, 0)]
Key: com.catan.model.RoundedPoint2D@1c4df1, Value: [Vertex(0, 1, 5), Vertex(0, 2, 3)]
Key: com.catan.model.RoundedPoint2D@1c2eb1, Value: [Vertex(0, 0, 0), Vertex(0, 1, 4)]
Key: com.catan.model.RoundedPoint2D@122ae2, Value: [Vertex(-2, 0, 2)]
Key: com.catan.model.RoundedPoint2D@12a7e2, Value: [Vertex(-1, 2, 5)]
Key: com.catan.model.RoundedPoint2D@124a22, Value: [Vertex(-2, 1, 3), Vertex(-2, 0, 1)]
Key: com.catan.model.RoundedPoint2D@1288a2, Value: [Vertex(-2, 1, 0), Vertex(-1, 2, 4)]
Key: com.catan.model.RoundedPoint2D@231a51, Value: [Vertex(1, 2, 0)]
Key: com.catan.model.RoundedPoint2D@222051, Value: [Vertex(1, -2, 3)]
Key: com.catan.model.RoundedPoint2D@22dbd1, Value: [Vertex(1, 1, 5), Vertex(0, 1, 1), Vertex(1, 2, 3)]
Key: com.catan.model.RoundedPoint2D@22bc91, Value: [Vertex(1, 1, 4), Vertex(0, 1, 2)]
Key: com.catan.model.RoundedPoint2D@225ed1, Value: [Vertex(0, -1, 2), Vertex(1, -2, 0)]
Key: com.catan.model.RoundedPoint2D@227e11, Value: [Vertex(0, -1, 1)]
Key: com.catan.model.RoundedPoint2D@11ec62, Value: [Vertex(-1, -2, 5)]
Key: com.catan.model.RoundedPoint2D@11cd22, Value: [Vertex(-1, -2, 4)]
Key: com.catan.model.RoundedPoint2D@1935e1, Value: [Vertex(0, 2, 5), Vertex(-1, 2, 1)]
Key: com.catan.model.RoundedPoint2D@1916a1, Value: [Vertex(0, 2, 4), Vertex(-1, 2, 2)]
Key: com.catan.model.RoundedPoint2D@294a90, Value: [Vertex(1, 1, 2)]
Key: com.catan.model.RoundedPoint2D@2969d0, Value: [Vertex(1, 1, 1)]
Key: com.catan.model.RoundedPoint2D@18d821, Value: [Vertex(0, 0, 5)]
Key: com.catan.model.RoundedPoint2D@18b8e1, Value: [Vertex(0, 0, 4)]
Key: com.catan.model.RoundedPoint2D@185b21, Value: [Vertex(-1, -2, 2), Vertex(0, -2, 4)]
Key: com.catan.model.RoundedPoint2D@187a61, Value: [Vertex(-1, -2, 1), Vertex(0, -2, 5)]
Key: com.catan.model.RoundedPoint2D@15fe91, Value: [Vertex(-1, 2, 0)]
Key: com.catan.model.RoundedPoint2D@15a0d1, Value: [Vertex(-2, 1, 2)]
Key: com.catan.model.RoundedPoint2D@15c011, Value: [Vertex(-2, 1, 1), Vertex(-1, 2, 3)]
Key: com.catan.model.RoundedPoint2D@150491, Value: [Vertex(-1, -2, 3)]
Key: com.catan.model.RoundedPoint2D@154311, Value: [Vertex(-1, -2, 0)]
Key: com.catan.model.RoundedPoint2D@b9d02, Value: [Vertex(-2, 0, 4)]
Key: com.catan.model.RoundedPoint2D@ed452, Value: [Vertex(-2, 0, 3)]
Key: com.catan.model.RoundedPoint2D@f3212, Value: [Vertex(-2, 1, 5)]
Key: com.catan.model.RoundedPoint2D@f12d2, Value: [Vertex(-2, 1, 4), Vertex(-2, 0, 0)]
Key: com.catan.model.RoundedPoint2D@1fc3c1, Value: [Vertex(1, 2, 5), Vertex(0, 2, 1)]
Key: com.catan.model.RoundedPoint2D@1fa481, Value: [Vertex(0, 1, 0), Vertex(1, 2, 4), Vertex(0, 2, 2)]
Key: com.catan.model.RoundedPoint2D@1f6601, Value: [Vertex(0, 0, 1), Vertex(0, 1, 3)]
Key: com.catan.model.RoundedPoint2D@1f0841, Value: [Vertex(0, -1, 3), Vertex(0, -2, 1), Vertex(1, -2, 5)]
Key: com.catan.model.RoundedPoint2D@1f46c1, Value: [Vertex(0, -1, 0), Vertex(0, 0, 2)]
Key: com.catan.model.RoundedPoint2D@1ee901, Value: [Vertex(0, -2, 2), Vertex(1, -2, 4)]
Key: com.catan.model.RoundedPoint2D@257700, Value: [Vertex(1, -2, 2)]
Key: com.catan.model.RoundedPoint2D@259640, Value: [Vertex(1, -2, 1)]
Key: com.catan.model.RoundedPoint2D@25f400, Value: [Vertex(1, 1, 3)]
Key: com.catan.model.RoundedPoint2D@2651c0, Value: [Vertex(1, 2, 1)]
Key: com.catan.model.RoundedPoint2D@263280, Value: [Vertex(1, 1, 0), Vertex(1, 2, 2)]
Key: com.catan.model.RoundedPoint2D@1b9271, Value: [Vertex(0, -2, 3)]
Key: com.catan.model.RoundedPoint2D@1bf031, Value: [Vertex(0, -1, 5), Vertex(0, 0, 3)]
Key: com.catan.model.RoundedPoint2D@1bd0f1, Value: [Vertex(0, -1, 4), Vertex(0, -2, 0)]
Key: com.catan.model.RoundedPoint2D@1c8c71, Value: [Vertex(0, 2, 0)]
Key: com.catan.model.RoundedPoint2D@1c4df1, Value: [Vertex(0, 1, 5), Vertex(0, 2, 3)]
Key: com.catan.model.RoundedPoint2D@1c2eb1, Value: [Vertex(0, 0, 0), Vertex(0, 1, 4)]
Key: com.catan.model.RoundedPoint2D@122ae2, Value: [Vertex(-2, 0, 2)]
Key: com.catan.model.RoundedPoint2D@12a7e2, Value: [Vertex(-1, 2, 5)]
Key: com.catan.model.RoundedPoint2D@124a22, Value: [Vertex(-2, 1, 3), Vertex(-2, 0, 1)]
Key: com.catan.model.RoundedPoint2D@1288a2, Value: [Vertex(-2, 1, 0), Vertex(-1, 2, 4)]
Key: com.catan.model.RoundedPoint2D@231a51, Value: [Vertex(1, 2, 0)]
Key: com.catan.model.RoundedPoint2D@222051, Value: [Vertex(1, -2, 3)]
Key: com.catan.model.RoundedPoint2D@22dbd1, Value: [Vertex(1, 1, 5), Vertex(0, 1, 1), Vertex(1, 2, 3)]
Key: com.catan.model.RoundedPoint2D@22bc91, Value: [Vertex(1, 1, 4), Vertex(0, 1, 2)]
Key: com.catan.model.RoundedPoint2D@225ed1, Value: [Vertex(0, -1, 2), Vertex(1, -2, 0)]
Key: com.catan.model.RoundedPoint2D@227e11, Value: [Vertex(0, -1, 1)]
Key: com.catan.model.RoundedPoint2D@11ec62, Value: [Vertex(-1, -2, 5)]
Key: com.catan.model.RoundedPoint2D@11cd22, Value: [Vertex(-1, -2, 4)]
Key: com.catan.model.RoundedPoint2D@1935e1, Value: [Vertex(0, 2, 5), Vertex(-1, 2, 1)]
Key: com.catan.model.RoundedPoint2D@1916a1, Value: [Vertex(0, 2, 4), Vertex(-1, 2, 2)]
Key: com.catan.model.RoundedPoint2D@294a90, Value: [Vertex(1, 1, 2)]
Key: com.catan.model.RoundedPoint2D@2969d0, Value: [Vertex(1, 1, 1)]
Key: com.catan.model.RoundedPoint2D@18d821, Value: [Vertex(0, 0, 5)]
Key: com.catan.model.RoundedPoint2D@18b8e1, Value: [Vertex(0, 0, 4)]
Key: com.catan.model.RoundedPoint2D@185b21, Value: [Vertex(-1, -2, 2), Vertex(0, -2, 4)]
Key: com.catan.model.RoundedPoint2D@187a61, Value: [Vertex(-1, -2, 1), Vertex(0, -2, 5)]
Key: com.catan.model.RoundedPoint2D@15fe91, Value: [Vertex(-1, 2, 0)]
Key: com.catan.model.RoundedPoint2D@15a0d1, Value: [Vertex(-2, 1, 2)]
Key: com.catan.model.RoundedPoint2D@15c011, Value: [Vertex(-2, 1, 1), Vertex(-1, 2, 3)]
Key: com.catan.model.RoundedPoint2D@150491, Value: [Vertex(-1, -2, 3)]
Key: com.catan.model.RoundedPoint2D@154311, Value: [Vertex(-1, -2, 0)]
Key: com.catan.model.RoundedPoint2D@bbc42, Value: [Vertex(-2, 0, 5)]
Key: com.catan.model.RoundedPoint2D@b9d02, Value: [Vertex(-2, 0, 4)]
Key: com.catan.model.RoundedPoint2D@ed452, Value: [Vertex(-2, 0, 3)]
Key: com.catan.model.RoundedPoint2D@f3212, Value: [Vertex(-2, 1, 5)]
Key: com.catan.model.RoundedPoint2D@f12d2, Value: [Vertex(-2, 1, 4), Vertex(-2, 0, 0)]
Key: com.catan.model.RoundedPoint2D@1fc3c1, Value: [Vertex(1, 2, 5), Vertex(0, 2, 1)]
Key: com.catan.model.RoundedPoint2D@1fa481, Value: [Vertex(0, 1, 0), Vertex(1, 2, 4), Vertex(0, 2, 2)]
Key: com.catan.model.RoundedPoint2D@1f6601, Value: [Vertex(0, 0, 1), Vertex(0, 1, 3)]
Key: com.catan.model.RoundedPoint2D@1f0841, Value: [Vertex(0, -1, 3), Vertex(0, -2, 1), Vertex(1, -2, 5)]
Key: com.catan.model.RoundedPoint2D@1f46c1, Value: [Vertex(0, -1, 0), Vertex(0, 0, 2)]
Key: com.catan.model.RoundedPoint2D@1ee901, Value: [Vertex(0, -2, 2), Vertex(1, -2, 4)]
Key: com.catan.model.RoundedPoint2D@257700, Value: [Vertex(1, -2, 2)]
Key: com.catan.model.RoundedPoint2D@259640, Value: [Vertex(1, -2, 1)]
Key: com.catan.model.RoundedPoint2D@25f400, Value: [Vertex(1, 1, 3)]
Key: com.catan.model.RoundedPoint2D@2651c0, Value: [Vertex(1, 2, 1)]
Key: com.catan.model.RoundedPoint2D@263280, Value: [Vertex(1, 1, 0), Vertex(1, 2, 2)]
Key: com.catan.model.RoundedPoint2D@1b9271, Value: [Vertex(0, -2, 3)]
Key: com.catan.model.RoundedPoint2D@1bf031, Value: [Vertex(0, -1, 5), Vertex(0, 0, 3)]
Key: com.catan.model.RoundedPoint2D@1bd0f1, Value: [Vertex(0, -1, 4), Vertex(0, -2, 0)]
Key: com.catan.model.RoundedPoint2D@1c8c71, Value: [Vertex(0, 2, 0)]
Key: com.catan.model.RoundedPoint2D@1c4df1, Value: [Vertex(0, 1, 5), Vertex(0, 2, 3)]
Key: com.catan.model.RoundedPoint2D@1c2eb1, Value: [Vertex(0, 0, 0), Vertex(0, 1, 4)]
Key: com.catan.model.RoundedPoint2D@122ae2, Value: [Vertex(-2, 0, 2)]
Key: com.catan.model.RoundedPoint2D@12a7e2, Value: [Vertex(-1, 2, 5)]
Key: com.catan.model.RoundedPoint2D@124a22, Value: [Vertex(-2, 1, 3), Vertex(-2, 0, 1)]
Key: com.catan.model.RoundedPoint2D@1288a2, Value: [Vertex(-2, 1, 0), Vertex(-1, 2, 4)]
Key: com.catan.model.RoundedPoint2D@231a51, Value: [Vertex(1, 2, 0)]
Key: com.catan.model.RoundedPoint2D@222051, Value: [Vertex(1, -2, 3)]
Key: com.catan.model.RoundedPoint2D@22dbd1, Value: [Vertex(1, 1, 5), Vertex(0, 1, 1), Vertex(1, 2, 3)]
Key: com.catan.model.RoundedPoint2D@22bc91, Value: [Vertex(1, 1, 4), Vertex(0, 1, 2)]
Key: com.catan.model.RoundedPoint2D@225ed1, Value: [Vertex(0, -1, 2), Vertex(1, -2, 0)]
Key: com.catan.model.RoundedPoint2D@227e11, Value: [Vertex(0, -1, 1)]
Key: com.catan.model.RoundedPoint2D@11ec62, Value: [Vertex(-1, -2, 5)]
Key: com.catan.model.RoundedPoint2D@11cd22, Value: [Vertex(-1, -2, 4)]
Key: com.catan.model.RoundedPoint2D@1935e1, Value: [Vertex(0, 2, 5), Vertex(-1, 2, 1)]
Key: com.catan.model.RoundedPoint2D@1916a1, Value: [Vertex(0, 2, 4), Vertex(-1, 2, 2)]
Key: com.catan.model.RoundedPoint2D@294a90, Value: [Vertex(1, 1, 2)]
Key: com.catan.model.RoundedPoint2D@2969d0, Value: [Vertex(1, 1, 1)]
Key: com.catan.model.RoundedPoint2D@18d821, Value: [Vertex(0, 0, 5)]
Key: com.catan.model.RoundedPoint2D@18b8e1, Value: [Vertex(0, 0, 4)]
Key: com.catan.model.RoundedPoint2D@185b21, Value: [Vertex(-1, -2, 2), Vertex(0, -2, 4)]
Key: com.catan.model.RoundedPoint2D@187a61, Value: [Vertex(-1, -2, 1), Vertex(0, -2, 5)]
Key: com.catan.model.RoundedPoint2D@15fe91, Value: [Vertex(-1, 2, 0)]
Key: com.catan.model.RoundedPoint2D@15a0d1, Value: [Vertex(-2, 1, 2)]
Key: com.catan.model.RoundedPoint2D@15c011, Value: [Vertex(-2, 1, 1), Vertex(-1, 2, 3)]
Key: com.catan.model.RoundedPoint2D@150491, Value: [Vertex(-1, -2, 3)]
Key: com.catan.model.RoundedPoint2D@154311, Value: [Vertex(-1, -2, 0)]
Key: com.catan.model.RoundedPoint2D@bbc42, Value: [Vertex(-2, 0, 5)]
Key: com.catan.model.RoundedPoint2D@b9d02, Value: [Vertex(-2, 0, 4)]
Key: com.catan.model.RoundedPoint2D@ed452, Value: [Vertex(-2, 0, 3)]
Key: com.catan.model.RoundedPoint2D@f3212, Value: [Vertex(-2, 1, 5)]
Key: com.catan.model.RoundedPoint2D@f12d2, Value: [Vertex(-2, 1, 4), Vertex(-2, 0, 0)]
Key: com.catan.model.RoundedPoint2D@1fc3c1, Value: [Vertex(1, 2, 5), Vertex(0, 2, 1)]
Key: com.catan.model.RoundedPoint2D@1fa481, Value: [Vertex(0, 1, 0), Vertex(1, 2, 4), Vertex(0, 2, 2)]
Key: com.catan.model.RoundedPoint2D@1f6601, Value: [Vertex(0, 0, 1), Vertex(0, 1, 3)]
Key: com.catan.model.RoundedPoint2D@1f0841, Value: [Vertex(0, -1, 3), Vertex(0, -2, 1), Vertex(1, -2, 5)]
Key: com.catan.model.RoundedPoint2D@1f46c1, Value: [Vertex(0, -1, 0), Vertex(0, 0, 2)]
Key: com.catan.model.RoundedPoint2D@1ee901, Value: [Vertex(0, -2, 2), Vertex(1, -2, 4)]
Key: com.catan.model.RoundedPoint2D@257700, Value: [Vertex(1, -2, 2)]
Key: com.catan.model.RoundedPoint2D@259640, Value: [Vertex(1, -2, 1)]
Key: com.catan.model.RoundedPoint2D@25f400, Value: [Vertex(1, 1, 3)]
Key: com.catan.model.RoundedPoint2D@2651c0, Value: [Vertex(1, 2, 1)]
Key: com.catan.model.RoundedPoint2D@263280, Value: [Vertex(1, 1, 0), Vertex(1, 2, 2)]
Key: com.catan.model.RoundedPoint2D@1b9271, Value: [Vertex(0, -2, 3)]
Key: com.catan.model.RoundedPoint2D@1bf031, Value: [Vertex(0, -1, 5), Vertex(0, 0, 3)]
Key: com.catan.model.RoundedPoint2D@1bd0f1, Value: [Vertex(0, -1, 4), Vertex(0, -2, 0)]
Key: com.catan.model.RoundedPoint2D@1c8c71, Value: [Vertex(0, 2, 0)]
Key: com.catan.model.RoundedPoint2D@1c4df1, Value: [Vertex(0, 1, 5), Vertex(0, 2, 3)]
Key: com.catan.model.RoundedPoint2D@1c2eb1, Value: [Vertex(0, 0, 0), Vertex(0, 1, 4)]
Key: com.catan.model.RoundedPoint2D@122ae2, Value: [Vertex(-2, 0, 2)]
Key: com.catan.model.RoundedPoint2D@12a7e2, Value: [Vertex(-1, 2, 5)]
Key: com.catan.model.RoundedPoint2D@124a22, Value: [Vertex(-2, 1, 3), Vertex(-2, 0, 1)]
Key: com.catan.model.RoundedPoint2D@1288a2, Value: [Vertex(-2, 1, 0), Vertex(-1, 2, 4)]
Key: com.catan.model.RoundedPoint2D@231a51, Value: [Vertex(1, 2, 0)]
Key: com.catan.model.RoundedPoint2D@222051, Value: [Vertex(1, -2, 3)]
Key: com.catan.model.RoundedPoint2D@22dbd1, Value: [Vertex(1, 1, 5), Vertex(0, 1, 1), Vertex(1, 2, 3)]
Key: com.catan.model.RoundedPoint2D@22bc91, Value: [Vertex(1, 1, 4), Vertex(0, 1, 2)]
Key: com.catan.model.RoundedPoint2D@225ed1, Value: [Vertex(0, -1, 2), Vertex(1, -2, 0)]
Key: com.catan.model.RoundedPoint2D@227e11, Value: [Vertex(0, -1, 1)]
Key: com.catan.model.RoundedPoint2D@11ec62, Value: [Vertex(-1, -2, 5)]
Key: com.catan.model.RoundedPoint2D@11cd22, Value: [Vertex(-1, -2, 4)]
Key: com.catan.model.RoundedPoint2D@1935e1, Value: [Vertex(0, 2, 5), Vertex(-1, 2, 1)]
Key: com.catan.model.RoundedPoint2D@1916a1, Value: [Vertex(0, 2, 4), Vertex(-1, 2, 2), Vertex(-1, 1, 0)]
Key: com.catan.model.RoundedPoint2D@294a90, Value: [Vertex(1, 1, 2)]
Key: com.catan.model.RoundedPoint2D@2969d0, Value: [Vertex(1, 1, 1)]
Key: com.catan.model.RoundedPoint2D@18d821, Value: [Vertex(0, 0, 5)]
Key: com.catan.model.RoundedPoint2D@18b8e1, Value: [Vertex(0, 0, 4)]
Key: com.catan.model.RoundedPoint2D@185b21, Value: [Vertex(-1, -2, 2), Vertex(0, -2, 4)]
Key: com.catan.model.RoundedPoint2D@187a61, Value: [Vertex(-1, -2, 1), Vertex(0, -2, 5)]
Key: com.catan.model.RoundedPoint2D@15fe91, Value: [Vertex(-1, 2, 0)]
Key: com.catan.model.RoundedPoint2D@15a0d1, Value: [Vertex(-2, 1, 2)]
Key: com.catan.model.RoundedPoint2D@15c011, Value: [Vertex(-2, 1, 1), Vertex(-1, 2, 3)]
Key: com.catan.model.RoundedPoint2D@150491, Value: [Vertex(-1, -2, 3)]
Key: com.catan.model.RoundedPoint2D@154311, Value: [Vertex(-1, -2, 0)]
Key: com.catan.model.RoundedPoint2D@bbc42, Value: [Vertex(-2, 0, 5)]
Key: com.catan.model.RoundedPoint2D@b9d02, Value: [Vertex(-2, 0, 4)]
Key: com.catan.model.RoundedPoint2D@ed452, Value: [Vertex(-2, 0, 3)]
Key: com.catan.model.RoundedPoint2D@f3212, Value: [Vertex(-2, 1, 5)]
Key: com.catan.model.RoundedPoint2D@f12d2, Value: [Vertex(-2, 1, 4), Vertex(-2, 0, 0)]
Key: com.catan.model.RoundedPoint2D@1fc3c1, Value: [Vertex(1, 2, 5), Vertex(0, 2, 1)]
Key: com.catan.model.RoundedPoint2D@1fa481, Value: [Vertex(0, 1, 0), Vertex(1, 2, 4), Vertex(0, 2, 2)]
Key: com.catan.model.RoundedPoint2D@1f6601, Value: [Vertex(0, 0, 1), Vertex(0, 1, 3)]
Key: com.catan.model.RoundedPoint2D@1f0841, Value: [Vertex(0, -1, 3), Vertex(0, -2, 1), Vertex(1, -2, 5)]
Key: com.catan.model.RoundedPoint2D@1f46c1, Value: [Vertex(0, -1, 0), Vertex(0, 0, 2)]
Key: com.catan.model.RoundedPoint2D@1ee901, Value: [Vertex(0, -2, 2), Vertex(1, -2, 4)]
Key: com.catan.model.RoundedPoint2D@257700, Value: [Vertex(1, -2, 2)]
Key: com.catan.model.RoundedPoint2D@259640, Value: [Vertex(1, -2, 1)]
Key: com.catan.model.RoundedPoint2D@25f400, Value: [Vertex(1, 1, 3)]
Key: com.catan.model.RoundedPoint2D@2651c0, Value: [Vertex(1, 2, 1)]
Key: com.catan.model.RoundedPoint2D@263280, Value: [Vertex(1, 1, 0), Vertex(1, 2, 2)]
Key: com.catan.model.RoundedPoint2D@1b9271, Value: [Vertex(0, -2, 3)]
Key: com.catan.model.RoundedPoint2D@1bf031, Value: [Vertex(0, -1, 5), Vertex(0, 0, 3)]
Key: com.catan.model.RoundedPoint2D@1bd0f1, Value: [Vertex(0, -1, 4), Vertex(0, -2, 0)]
Key: com.catan.model.RoundedPoint2D@1c8c71, Value: [Vertex(0, 2, 0)]
Key: com.catan.model.RoundedPoint2D@1c4df1, Value: [Vertex(0, 1, 5), Vertex(0, 2, 3), Vertex(-1, 1, 1)]
Key: com.catan.model.RoundedPoint2D@1c2eb1, Value: [Vertex(0, 0, 0), Vertex(0, 1, 4)]
Key: com.catan.model.RoundedPoint2D@122ae2, Value: [Vertex(-2, 0, 2)]
Key: com.catan.model.RoundedPoint2D@12a7e2, Value: [Vertex(-1, 2, 5)]
Key: com.catan.model.RoundedPoint2D@124a22, Value: [Vertex(-2, 1, 3), Vertex(-2, 0, 1)]
Key: com.catan.model.RoundedPoint2D@1288a2, Value: [Vertex(-2, 1, 0), Vertex(-1, 2, 4)]
Key: com.catan.model.RoundedPoint2D@231a51, Value: [Vertex(1, 2, 0)]
Key: com.catan.model.RoundedPoint2D@222051, Value: [Vertex(1, -2, 3)]
Key: com.catan.model.RoundedPoint2D@22dbd1, Value: [Vertex(1, 1, 5), Vertex(0, 1, 1), Vertex(1, 2, 3)]
Key: com.catan.model.RoundedPoint2D@22bc91, Value: [Vertex(1, 1, 4), Vertex(0, 1, 2)]
Key: com.catan.model.RoundedPoint2D@225ed1, Value: [Vertex(0, -1, 2), Vertex(1, -2, 0)]
Key: com.catan.model.RoundedPoint2D@227e11, Value: [Vertex(0, -1, 1)]
Key: com.catan.model.RoundedPoint2D@11ec62, Value: [Vertex(-1, -2, 5)]
Key: com.catan.model.RoundedPoint2D@11cd22, Value: [Vertex(-1, -2, 4)]
Key: com.catan.model.RoundedPoint2D@1935e1, Value: [Vertex(0, 2, 5), Vertex(-1, 2, 1)]
Key: com.catan.model.RoundedPoint2D@1916a1, Value: [Vertex(0, 2, 4), Vertex(-1, 2, 2), Vertex(-1, 1, 0)]
Key: com.catan.model.RoundedPoint2D@294a90, Value: [Vertex(1, 1, 2)]
Key: com.catan.model.RoundedPoint2D@2969d0, Value: [Vertex(1, 1, 1)]
Key: com.catan.model.RoundedPoint2D@18d821, Value: [Vertex(0, 0, 5)]
Key: com.catan.model.RoundedPoint2D@18b8e1, Value: [Vertex(0, 0, 4)]
Key: com.catan.model.RoundedPoint2D@185b21, Value: [Vertex(-1, -2, 2), Vertex(0, -2, 4)]
Key: com.catan.model.RoundedPoint2D@187a61, Value: [Vertex(-1, -2, 1), Vertex(0, -2, 5)]
Key: com.catan.model.RoundedPoint2D@15fe91, Value: [Vertex(-1, 2, 0)]
Key: com.catan.model.RoundedPoint2D@15a0d1, Value: [Vertex(-2, 1, 2)]
Key: com.catan.model.RoundedPoint2D@15c011, Value: [Vertex(-2, 1, 1), Vertex(-1, 2, 3)]
Key: com.catan.model.RoundedPoint2D@150491, Value: [Vertex(-1, -2, 3)]
Key: com.catan.model.RoundedPoint2D@154311, Value: [Vertex(-1, -2, 0)]
Key: com.catan.model.RoundedPoint2D@bbc42, Value: [Vertex(-2, 0, 5)]
Key: com.catan.model.RoundedPoint2D@b9d02, Value: [Vertex(-2, 0, 4)]
Key: com.catan.model.RoundedPoint2D@ed452, Value: [Vertex(-2, 0, 3)]
Key: com.catan.model.RoundedPoint2D@f3212, Value: [Vertex(-2, 1, 5)]
Key: com.catan.model.RoundedPoint2D@f12d2, Value: [Vertex(-2, 1, 4), Vertex(-2, 0, 0)]
Key: com.catan.model.RoundedPoint2D@1fc3c1, Value: [Vertex(1, 2, 5), Vertex(0, 2, 1)]
Key: com.catan.model.RoundedPoint2D@1fa481, Value: [Vertex(0, 1, 0), Vertex(1, 2, 4), Vertex(0, 2, 2)]
Key: com.catan.model.RoundedPoint2D@1f6601, Value: [Vertex(0, 0, 1), Vertex(0, 1, 3)]
Key: com.catan.model.RoundedPoint2D@1f0841, Value: [Vertex(0, -1, 3), Vertex(0, -2, 1), Vertex(1, -2, 5)]
Key: com.catan.model.RoundedPoint2D@1f46c1, Value: [Vertex(0, -1, 0), Vertex(0, 0, 2)]
Key: com.catan.model.RoundedPoint2D@1ee901, Value: [Vertex(0, -2, 2), Vertex(1, -2, 4)]
Key: com.catan.model.RoundedPoint2D@257700, Value: [Vertex(1, -2, 2)]
Key: com.catan.model.RoundedPoint2D@259640, Value: [Vertex(1, -2, 1)]
Key: com.catan.model.RoundedPoint2D@25f400, Value: [Vertex(1, 1, 3)]
Key: com.catan.model.RoundedPoint2D@2651c0, Value: [Vertex(1, 2, 1)]
Key: com.catan.model.RoundedPoint2D@263280, Value: [Vertex(1, 1, 0), Vertex(1, 2, 2)]
Key: com.catan.model.RoundedPoint2D@1b9271, Value: [Vertex(0, -2, 3)]
Key: com.catan.model.RoundedPoint2D@1bf031, Value: [Vertex(0, -1, 5), Vertex(0, 0, 3)]
Key: com.catan.model.RoundedPoint2D@1bd0f1, Value: [Vertex(0, -1, 4), Vertex(0, -2, 0)]
Key: com.catan.model.RoundedPoint2D@1c8c71, Value: [Vertex(0, 2, 0)]
Key: com.catan.model.RoundedPoint2D@1c4df1, Value: [Vertex(0, 1, 5), Vertex(0, 2, 3), Vertex(-1, 1, 1)]
Key: com.catan.model.RoundedPoint2D@1c2eb1, Value: [Vertex(0, 0, 0), Vertex(0, 1, 4), Vertex(-1, 1, 2)]
Key: com.catan.model.RoundedPoint2D@122ae2, Value: [Vertex(-2, 0, 2)]
Key: com.catan.model.RoundedPoint2D@12a7e2, Value: [Vertex(-1, 2, 5)]
Key: com.catan.model.RoundedPoint2D@124a22, Value: [Vertex(-2, 1, 3), Vertex(-2, 0, 1)]
Key: com.catan.model.RoundedPoint2D@1288a2, Value: [Vertex(-2, 1, 0), Vertex(-1, 2, 4)]
Key: com.catan.model.RoundedPoint2D@231a51, Value: [Vertex(1, 2, 0)]
Key: com.catan.model.RoundedPoint2D@222051, Value: [Vertex(1, -2, 3)]
Key: com.catan.model.RoundedPoint2D@22dbd1, Value: [Vertex(1, 1, 5), Vertex(0, 1, 1), Vertex(1, 2, 3)]
Key: com.catan.model.RoundedPoint2D@22bc91, Value: [Vertex(1, 1, 4), Vertex(0, 1, 2)]
Key: com.catan.model.RoundedPoint2D@225ed1, Value: [Vertex(0, -1, 2), Vertex(1, -2, 0)]
Key: com.catan.model.RoundedPoint2D@227e11, Value: [Vertex(0, -1, 1)]
Key: com.catan.model.RoundedPoint2D@11ec62, Value: [Vertex(-1, -2, 5)]
Key: com.catan.model.RoundedPoint2D@11cd22, Value: [Vertex(-1, -2, 4)]
Key: com.catan.model.RoundedPoint2D@1935e1, Value: [Vertex(0, 2, 5), Vertex(-1, 2, 1)]
Key: com.catan.model.RoundedPoint2D@1916a1, Value: [Vertex(0, 2, 4), Vertex(-1, 2, 2), Vertex(-1, 1, 0)]
Key: com.catan.model.RoundedPoint2D@294a90, Value: [Vertex(1, 1, 2)]
Key: com.catan.model.RoundedPoint2D@2969d0, Value: [Vertex(1, 1, 1)]
Key: com.catan.model.RoundedPoint2D@18d821, Value: [Vertex(0, 0, 5)]
Key: com.catan.model.RoundedPoint2D@18b8e1, Value: [Vertex(0, 0, 4)]
Key: com.catan.model.RoundedPoint2D@185b21, Value: [Vertex(-1, -2, 2), Vertex(0, -2, 4)]
Key: com.catan.model.RoundedPoint2D@187a61, Value: [Vertex(-1, -2, 1), Vertex(0, -2, 5)]
Key: com.catan.model.RoundedPoint2D@15fe91, Value: [Vertex(-1, 2, 0)]
Key: com.catan.model.RoundedPoint2D@15a0d1, Value: [Vertex(-2, 1, 2)]
Key: com.catan.model.RoundedPoint2D@15c011, Value: [Vertex(-2, 1, 1), Vertex(-1, 2, 3)]
Key: com.catan.model.RoundedPoint2D@150491, Value: [Vertex(-1, -2, 3)]
Key: com.catan.model.RoundedPoint2D@154311, Value: [Vertex(-1, -2, 0)]
Key: com.catan.model.RoundedPoint2D@bbc42, Value: [Vertex(-2, 0, 5)]
Key: com.catan.model.RoundedPoint2D@b9d02, Value: [Vertex(-2, 0, 4)]
Key: com.catan.model.RoundedPoint2D@ed452, Value: [Vertex(-2, 0, 3)]
Key: com.catan.model.RoundedPoint2D@f3212, Value: [Vertex(-2, 1, 5)]
Key: com.catan.model.RoundedPoint2D@f12d2, Value: [Vertex(-2, 1, 4), Vertex(-2, 0, 0)]
Key: com.catan.model.RoundedPoint2D@1fc3c1, Value: [Vertex(1, 2, 5), Vertex(0, 2, 1)]
Key: com.catan.model.RoundedPoint2D@1fa481, Value: [Vertex(0, 1, 0), Vertex(1, 2, 4), Vertex(0, 2, 2)]
Key: com.catan.model.RoundedPoint2D@1f6601, Value: [Vertex(0, 0, 1), Vertex(0, 1, 3)]
Key: com.catan.model.RoundedPoint2D@1f0841, Value: [Vertex(0, -1, 3), Vertex(0, -2, 1), Vertex(1, -2, 5)]
Key: com.catan.model.RoundedPoint2D@1f46c1, Value: [Vertex(0, -1, 0), Vertex(0, 0, 2)]
Key: com.catan.model.RoundedPoint2D@1ee901, Value: [Vertex(0, -2, 2), Vertex(1, -2, 4)]
Key: com.catan.model.RoundedPoint2D@257700, Value: [Vertex(1, -2, 2)]
Key: com.catan.model.RoundedPoint2D@259640, Value: [Vertex(1, -2, 1)]
Key: com.catan.model.RoundedPoint2D@25f400, Value: [Vertex(1, 1, 3)]
Key: com.catan.model.RoundedPoint2D@2651c0, Value: [Vertex(1, 2, 1)]
Key: com.catan.model.RoundedPoint2D@263280, Value: [Vertex(1, 1, 0), Vertex(1, 2, 2)]
Key: com.catan.model.RoundedPoint2D@1b9271, Value: [Vertex(0, -2, 3)]
Key: com.catan.model.RoundedPoint2D@1bf031, Value: [Vertex(0, -1, 5), Vertex(0, 0, 3)]
Key: com.catan.model.RoundedPoint2D@1bd0f1, Value: [Vertex(0, -1, 4), Vertex(0, -2, 0)]
Key: com.catan.model.RoundedPoint2D@1c8c71, Value: [Vertex(0, 2, 0)]
Key: com.catan.model.RoundedPoint2D@1c4df1, Value: [Vertex(0, 1, 5), Vertex(0, 2, 3), Vertex(-1, 1, 1)]
Key: com.catan.model.RoundedPoint2D@1c2eb1, Value: [Vertex(0, 0, 0), Vertex(0, 1, 4), Vertex(-1, 1, 2)]
Key: com.catan.model.RoundedPoint2D@122ae2, Value: [Vertex(-2, 0, 2)]
Key: com.catan.model.RoundedPoint2D@12a7e2, Value: [Vertex(-1, 2, 5)]
Key: com.catan.model.RoundedPoint2D@124a22, Value: [Vertex(-2, 1, 3), Vertex(-2, 0, 1)]
Key: com.catan.model.RoundedPoint2D@1288a2, Value: [Vertex(-2, 1, 0), Vertex(-1, 2, 4)]
Key: com.catan.model.RoundedPoint2D@231a51, Value: [Vertex(1, 2, 0)]
Key: com.catan.model.RoundedPoint2D@222051, Value: [Vertex(1, -2, 3)]
Key: com.catan.model.RoundedPoint2D@22dbd1, Value: [Vertex(1, 1, 5), Vertex(0, 1, 1), Vertex(1, 2, 3)]
Key: com.catan.model.RoundedPoint2D@22bc91, Value: [Vertex(1, 1, 4), Vertex(0, 1, 2)]
Key: com.catan.model.RoundedPoint2D@225ed1, Value: [Vertex(0, -1, 2), Vertex(1, -2, 0)]
Key: com.catan.model.RoundedPoint2D@227e11, Value: [Vertex(0, -1, 1)]
Key: com.catan.model.RoundedPoint2D@11ec62, Value: [Vertex(-1, -2, 5)]
Key: com.catan.model.RoundedPoint2D@11cd22, Value: [Vertex(-1, -2, 4)]
Key: com.catan.model.RoundedPoint2D@1935e1, Value: [Vertex(0, 2, 5), Vertex(-1, 2, 1)]
Key: com.catan.model.RoundedPoint2D@1916a1, Value: [Vertex(0, 2, 4), Vertex(-1, 2, 2), Vertex(-1, 1, 0)]
Key: com.catan.model.RoundedPoint2D@294a90, Value: [Vertex(1, 1, 2)]
Key: com.catan.model.RoundedPoint2D@2969d0, Value: [Vertex(1, 1, 1)]
Key: com.catan.model.RoundedPoint2D@18d821, Value: [Vertex(0, 0, 5), Vertex(-1, 1, 3)]
Key: com.catan.model.RoundedPoint2D@18b8e1, Value: [Vertex(0, 0, 4)]
Key: com.catan.model.RoundedPoint2D@185b21, Value: [Vertex(-1, -2, 2), Vertex(0, -2, 4)]
Key: com.catan.model.RoundedPoint2D@187a61, Value: [Vertex(-1, -2, 1), Vertex(0, -2, 5)]
Key: com.catan.model.RoundedPoint2D@15fe91, Value: [Vertex(-1, 2, 0)]
Key: com.catan.model.RoundedPoint2D@15a0d1, Value: [Vertex(-2, 1, 2), Vertex(-1, 1, 4)]
Key: com.catan.model.RoundedPoint2D@15c011, Value: [Vertex(-2, 1, 1), Vertex(-1, 2, 3)]
Key: com.catan.model.RoundedPoint2D@150491, Value: [Vertex(-1, -2, 3)]
Key: com.catan.model.RoundedPoint2D@154311, Value: [Vertex(-1, -2, 0)]
Key: com.catan.model.RoundedPoint2D@bbc42, Value: [Vertex(-2, 0, 5)]
Key: com.catan.model.RoundedPoint2D@b9d02, Value: [Vertex(-2, 0, 4)]
Key: com.catan.model.RoundedPoint2D@ed452, Value: [Vertex(-2, 0, 3)]
Key: com.catan.model.RoundedPoint2D@f3212, Value: [Vertex(-2, 1, 5)]
Key: com.catan.model.RoundedPoint2D@f12d2, Value: [Vertex(-2, 1, 4), Vertex(-2, 0, 0)]
Key: com.catan.model.RoundedPoint2D@1fc3c1, Value: [Vertex(1, 2, 5), Vertex(0, 2, 1)]
Key: com.catan.model.RoundedPoint2D@1fa481, Value: [Vertex(0, 1, 0), Vertex(1, 2, 4), Vertex(0, 2, 2)]
Key: com.catan.model.RoundedPoint2D@1f6601, Value: [Vertex(0, 0, 1), Vertex(0, 1, 3)]
Key: com.catan.model.RoundedPoint2D@1f0841, Value: [Vertex(0, -1, 3), Vertex(0, -2, 1), Vertex(1, -2, 5)]
Key: com.catan.model.RoundedPoint2D@1f46c1, Value: [Vertex(0, -1, 0), Vertex(0, 0, 2)]
Key: com.catan.model.RoundedPoint2D@1ee901, Value: [Vertex(0, -2, 2), Vertex(1, -2, 4)]
Key: com.catan.model.RoundedPoint2D@257700, Value: [Vertex(1, -2, 2)]
Key: com.catan.model.RoundedPoint2D@259640, Value: [Vertex(1, -2, 1)]
Key: com.catan.model.RoundedPoint2D@25f400, Value: [Vertex(1, 1, 3)]
Key: com.catan.model.RoundedPoint2D@2651c0, Value: [Vertex(1, 2, 1)]
Key: com.catan.model.RoundedPoint2D@263280, Value: [Vertex(1, 1, 0), Vertex(1, 2, 2)]
Key: com.catan.model.RoundedPoint2D@1b9271, Value: [Vertex(0, -2, 3)]
Key: com.catan.model.RoundedPoint2D@1bf031, Value: [Vertex(0, -1, 5), Vertex(0, 0, 3)]
Key: com.catan.model.RoundedPoint2D@1bd0f1, Value: [Vertex(0, -1, 4), Vertex(0, -2, 0)]
Key: com.catan.model.RoundedPoint2D@1c8c71, Value: [Vertex(0, 2, 0)]
Key: com.catan.model.RoundedPoint2D@1c4df1, Value: [Vertex(0, 1, 5), Vertex(0, 2, 3), Vertex(-1, 1, 1)]
Key: com.catan.model.RoundedPoint2D@1c2eb1, Value: [Vertex(0, 0, 0), Vertex(0, 1, 4), Vertex(-1, 1, 2)]
Key: com.catan.model.RoundedPoint2D@122ae2, Value: [Vertex(-2, 0, 2)]
Key: com.catan.model.RoundedPoint2D@12a7e2, Value: [Vertex(-1, 2, 5)]
Key: com.catan.model.RoundedPoint2D@124a22, Value: [Vertex(-2, 1, 3), Vertex(-2, 0, 1)]
Key: com.catan.model.RoundedPoint2D@1288a2, Value: [Vertex(-2, 1, 0), Vertex(-1, 2, 4)]
Key: com.catan.model.RoundedPoint2D@231a51, Value: [Vertex(1, 2, 0)]
Key: com.catan.model.RoundedPoint2D@222051, Value: [Vertex(1, -2, 3)]
Key: com.catan.model.RoundedPoint2D@22dbd1, Value: [Vertex(1, 1, 5), Vertex(0, 1, 1), Vertex(1, 2, 3)]
Key: com.catan.model.RoundedPoint2D@22bc91, Value: [Vertex(1, 1, 4), Vertex(0, 1, 2)]
Key: com.catan.model.RoundedPoint2D@225ed1, Value: [Vertex(0, -1, 2), Vertex(1, -2, 0)]
Key: com.catan.model.RoundedPoint2D@227e11, Value: [Vertex(0, -1, 1)]
Key: com.catan.model.RoundedPoint2D@11ec62, Value: [Vertex(-1, -2, 5)]
Key: com.catan.model.RoundedPoint2D@11cd22, Value: [Vertex(-1, -2, 4)]
Key: com.catan.model.RoundedPoint2D@1935e1, Value: [Vertex(0, 2, 5), Vertex(-1, 2, 1)]
Key: com.catan.model.RoundedPoint2D@1916a1, Value: [Vertex(0, 2, 4), Vertex(-1, 2, 2), Vertex(-1, 1, 0)]
Key: com.catan.model.RoundedPoint2D@294a90, Value: [Vertex(1, 1, 2)]
Key: com.catan.model.RoundedPoint2D@2969d0, Value: [Vertex(1, 1, 1)]
Key: com.catan.model.RoundedPoint2D@18d821, Value: [Vertex(0, 0, 5), Vertex(-1, 1, 3)]
Key: com.catan.model.RoundedPoint2D@18b8e1, Value: [Vertex(0, 0, 4)]
Key: com.catan.model.RoundedPoint2D@185b21, Value: [Vertex(-1, -2, 2), Vertex(0, -2, 4)]
Key: com.catan.model.RoundedPoint2D@187a61, Value: [Vertex(-1, -2, 1), Vertex(0, -2, 5)]
Key: com.catan.model.RoundedPoint2D@15fe91, Value: [Vertex(-1, 2, 0)]
Key: com.catan.model.RoundedPoint2D@15a0d1, Value: [Vertex(-2, 1, 2), Vertex(-1, 1, 4)]
Key: com.catan.model.RoundedPoint2D@15c011, Value: [Vertex(-2, 1, 1), Vertex(-1, 2, 3), Vertex(-1, 1, 5)]
Key: com.catan.model.RoundedPoint2D@150491, Value: [Vertex(-1, -2, 3)]
Key: com.catan.model.RoundedPoint2D@154311, Value: [Vertex(-1, -2, 0)]
Key: com.catan.model.RoundedPoint2D@bbc42, Value: [Vertex(-2, 0, 5)]
Key: com.catan.model.RoundedPoint2D@b9d02, Value: [Vertex(-2, 0, 4)]
Key: com.catan.model.RoundedPoint2D@ed452, Value: [Vertex(-2, 0, 3)]
Key: com.catan.model.RoundedPoint2D@f3212, Value: [Vertex(-2, 1, 5)]
Key: com.catan.model.RoundedPoint2D@f12d2, Value: [Vertex(-2, 1, 4), Vertex(-2, 0, 0)]
Key: com.catan.model.RoundedPoint2D@1fc3c1, Value: [Vertex(1, 2, 5), Vertex(0, 2, 1)]
Key: com.catan.model.RoundedPoint2D@1fa481, Value: [Vertex(0, 1, 0), Vertex(1, 2, 4), Vertex(0, 2, 2)]
Key: com.catan.model.RoundedPoint2D@1f6601, Value: [Vertex(0, 0, 1), Vertex(0, 1, 3)]
Key: com.catan.model.RoundedPoint2D@1f0841, Value: [Vertex(0, -1, 3), Vertex(0, -2, 1), Vertex(1, -2, 5)]
Key: com.catan.model.RoundedPoint2D@1f46c1, Value: [Vertex(0, -1, 0), Vertex(0, 0, 2)]
Key: com.catan.model.RoundedPoint2D@1ee901, Value: [Vertex(0, -2, 2), Vertex(1, -2, 4)]
Key: com.catan.model.RoundedPoint2D@257700, Value: [Vertex(1, -2, 2)]
Key: com.catan.model.RoundedPoint2D@259640, Value: [Vertex(1, -2, 1)]
Key: com.catan.model.RoundedPoint2D@25f400, Value: [Vertex(1, 1, 3)]
Key: com.catan.model.RoundedPoint2D@2651c0, Value: [Vertex(1, 2, 1)]
Key: com.catan.model.RoundedPoint2D@263280, Value: [Vertex(1, 1, 0), Vertex(1, 2, 2)]
Key: com.catan.model.RoundedPoint2D@1b9271, Value: [Vertex(0, -2, 3)]
Key: com.catan.model.RoundedPoint2D@1bf031, Value: [Vertex(0, -1, 5), Vertex(0, 0, 3)]
Key: com.catan.model.RoundedPoint2D@1bd0f1, Value: [Vertex(0, -1, 4), Vertex(0, -2, 0)]
Key: com.catan.model.RoundedPoint2D@1c8c71, Value: [Vertex(0, 2, 0)]
Key: com.catan.model.RoundedPoint2D@1c4df1, Value: [Vertex(0, 1, 5), Vertex(0, 2, 3), Vertex(-1, 1, 1)]
Key: com.catan.model.RoundedPoint2D@1c2eb1, Value: [Vertex(0, 0, 0), Vertex(0, 1, 4), Vertex(-1, 1, 2)]
Key: com.catan.model.RoundedPoint2D@122ae2, Value: [Vertex(-2, 0, 2)]
Key: com.catan.model.RoundedPoint2D@12a7e2, Value: [Vertex(-1, 2, 5)]
Key: com.catan.model.RoundedPoint2D@124a22, Value: [Vertex(-2, 1, 3), Vertex(-2, 0, 1)]
Key: com.catan.model.RoundedPoint2D@1288a2, Value: [Vertex(-2, 1, 0), Vertex(-1, 2, 4)]
Key: com.catan.model.RoundedPoint2D@231a51, Value: [Vertex(1, 2, 0)]
Key: com.catan.model.RoundedPoint2D@222051, Value: [Vertex(1, -2, 3)]
Key: com.catan.model.RoundedPoint2D@22dbd1, Value: [Vertex(1, 1, 5), Vertex(0, 1, 1), Vertex(1, 2, 3)]
Key: com.catan.model.RoundedPoint2D@22bc91, Value: [Vertex(1, 1, 4), Vertex(0, 1, 2)]
Key: com.catan.model.RoundedPoint2D@225ed1, Value: [Vertex(0, -1, 2), Vertex(1, -2, 0)]
Key: com.catan.model.RoundedPoint2D@227e11, Value: [Vertex(0, -1, 1)]
Key: com.catan.model.RoundedPoint2D@11ec62, Value: [Vertex(-1, -2, 5)]
Key: com.catan.model.RoundedPoint2D@11cd22, Value: [Vertex(-1, -2, 4)]
Key: com.catan.model.RoundedPoint2D@1935e1, Value: [Vertex(0, 2, 5), Vertex(-1, 2, 1)]
Key: com.catan.model.RoundedPoint2D@1916a1, Value: [Vertex(0, 2, 4), Vertex(-1, 2, 2), Vertex(-1, 1, 0)]
Key: com.catan.model.RoundedPoint2D@294a90, Value: [Vertex(1, 1, 2)]
Key: com.catan.model.RoundedPoint2D@2969d0, Value: [Vertex(1, 1, 1)]
Key: com.catan.model.RoundedPoint2D@18d821, Value: [Vertex(0, 0, 5), Vertex(-1, 1, 3)]
Key: com.catan.model.RoundedPoint2D@18b8e1, Value: [Vertex(0, 0, 4)]
Key: com.catan.model.RoundedPoint2D@185b21, Value: [Vertex(-1, -2, 2), Vertex(0, -2, 4)]
Key: com.catan.model.RoundedPoint2D@187a61, Value: [Vertex(-1, -2, 1), Vertex(0, -2, 5)]
Key: com.catan.model.RoundedPoint2D@15fe91, Value: [Vertex(-1, 2, 0)]
Key: com.catan.model.RoundedPoint2D@15a0d1, Value: [Vertex(-2, 1, 2), Vertex(-1, 1, 4)]
Key: com.catan.model.RoundedPoint2D@15c011, Value: [Vertex(-2, 1, 1), Vertex(-1, 2, 3), Vertex(-1, 1, 5)]
Key: com.catan.model.RoundedPoint2D@150491, Value: [Vertex(-1, -2, 3)]
Key: com.catan.model.RoundedPoint2D@154311, Value: [Vertex(-1, -2, 0)]
Key: com.catan.model.RoundedPoint2D@bbc42, Value: [Vertex(-2, 0, 5)]
Key: com.catan.model.RoundedPoint2D@b9d02, Value: [Vertex(-2, 0, 4)]
Key: com.catan.model.RoundedPoint2D@ed452, Value: [Vertex(-2, 0, 3)]
Key: com.catan.model.RoundedPoint2D@f3212, Value: [Vertex(-2, 1, 5)]
Key: com.catan.model.RoundedPoint2D@f12d2, Value: [Vertex(-2, 1, 4), Vertex(-2, 0, 0)]
Key: com.catan.model.RoundedPoint2D@1fc3c1, Value: [Vertex(1, 2, 5), Vertex(0, 2, 1)]
Key: com.catan.model.RoundedPoint2D@1fa481, Value: [Vertex(0, 1, 0), Vertex(1, 2, 4), Vertex(0, 2, 2)]
Key: com.catan.model.RoundedPoint2D@1f6601, Value: [Vertex(0, 0, 1), Vertex(0, 1, 3)]
Key: com.catan.model.RoundedPoint2D@1f0841, Value: [Vertex(0, -1, 3), Vertex(0, -2, 1), Vertex(1, -2, 5)]
Key: com.catan.model.RoundedPoint2D@1f46c1, Value: [Vertex(0, -1, 0), Vertex(0, 0, 2)]
Key: com.catan.model.RoundedPoint2D@1ee901, Value: [Vertex(0, -2, 2), Vertex(1, -2, 4)]
Key: com.catan.model.RoundedPoint2D@257700, Value: [Vertex(1, -2, 2)]
Key: com.catan.model.RoundedPoint2D@259640, Value: [Vertex(1, -2, 1)]
Key: com.catan.model.RoundedPoint2D@25f400, Value: [Vertex(1, 1, 3)]
Key: com.catan.model.RoundedPoint2D@2651c0, Value: [Vertex(1, 2, 1)]
Key: com.catan.model.RoundedPoint2D@263280, Value: [Vertex(1, 1, 0), Vertex(1, 2, 2)]
Key: com.catan.model.RoundedPoint2D@1b9271, Value: [Vertex(0, -2, 3)]
Key: com.catan.model.RoundedPoint2D@1bf031, Value: [Vertex(0, -1, 5), Vertex(0, 0, 3)]
Key: com.catan.model.RoundedPoint2D@1bd0f1, Value: [Vertex(0, -1, 4), Vertex(0, -2, 0)]
Key: com.catan.model.RoundedPoint2D@1c8c71, Value: [Vertex(0, 2, 0)]
Key: com.catan.model.RoundedPoint2D@1c4df1, Value: [Vertex(0, 1, 5), Vertex(0, 2, 3), Vertex(-1, 1, 1)]
Key: com.catan.model.RoundedPoint2D@1c2eb1, Value: [Vertex(0, 0, 0), Vertex(0, 1, 4), Vertex(-1, 1, 2)]
Key: com.catan.model.RoundedPoint2D@122ae2, Value: [Vertex(-2, 0, 2), Vertex(-2, -1, 0)]
Key: com.catan.model.RoundedPoint2D@12a7e2, Value: [Vertex(-1, 2, 5)]
Key: com.catan.model.RoundedPoint2D@124a22, Value: [Vertex(-2, 1, 3), Vertex(-2, 0, 1)]
Key: com.catan.model.RoundedPoint2D@1288a2, Value: [Vertex(-2, 1, 0), Vertex(-1, 2, 4)]
Key: com.catan.model.RoundedPoint2D@231a51, Value: [Vertex(1, 2, 0)]
Key: com.catan.model.RoundedPoint2D@222051, Value: [Vertex(1, -2, 3)]
Key: com.catan.model.RoundedPoint2D@22dbd1, Value: [Vertex(1, 1, 5), Vertex(0, 1, 1), Vertex(1, 2, 3)]
Key: com.catan.model.RoundedPoint2D@22bc91, Value: [Vertex(1, 1, 4), Vertex(0, 1, 2)]
Key: com.catan.model.RoundedPoint2D@225ed1, Value: [Vertex(0, -1, 2), Vertex(1, -2, 0)]
Key: com.catan.model.RoundedPoint2D@227e11, Value: [Vertex(0, -1, 1)]
Key: com.catan.model.RoundedPoint2D@11ec62, Value: [Vertex(-1, -2, 5)]
Key: com.catan.model.RoundedPoint2D@11cd22, Value: [Vertex(-1, -2, 4)]
Key: com.catan.model.RoundedPoint2D@1935e1, Value: [Vertex(0, 2, 5), Vertex(-1, 2, 1)]
Key: com.catan.model.RoundedPoint2D@1916a1, Value: [Vertex(0, 2, 4), Vertex(-1, 2, 2), Vertex(-1, 1, 0)]
Key: com.catan.model.RoundedPoint2D@294a90, Value: [Vertex(1, 1, 2)]
Key: com.catan.model.RoundedPoint2D@2969d0, Value: [Vertex(1, 1, 1)]
Key: com.catan.model.RoundedPoint2D@18d821, Value: [Vertex(0, 0, 5), Vertex(-1, 1, 3)]
Key: com.catan.model.RoundedPoint2D@18b8e1, Value: [Vertex(0, 0, 4)]
Key: com.catan.model.RoundedPoint2D@185b21, Value: [Vertex(-1, -2, 2), Vertex(0, -2, 4)]
Key: com.catan.model.RoundedPoint2D@187a61, Value: [Vertex(-1, -2, 1), Vertex(0, -2, 5)]
Key: com.catan.model.RoundedPoint2D@156251, Value: [Vertex(-2, -1, 1)]
Key: com.catan.model.RoundedPoint2D@15fe91, Value: [Vertex(-1, 2, 0)]
Key: com.catan.model.RoundedPoint2D@15a0d1, Value: [Vertex(-2, 1, 2), Vertex(-1, 1, 4)]
Key: com.catan.model.RoundedPoint2D@15c011, Value: [Vertex(-2, 1, 1), Vertex(-1, 2, 3), Vertex(-1, 1, 5)]
Key: com.catan.model.RoundedPoint2D@150491, Value: [Vertex(-1, -2, 3)]
Key: com.catan.model.RoundedPoint2D@154311, Value: [Vertex(-1, -2, 0)]
Key: com.catan.model.RoundedPoint2D@bbc42, Value: [Vertex(-2, 0, 5)]
Key: com.catan.model.RoundedPoint2D@b9d02, Value: [Vertex(-2, 0, 4)]
Key: com.catan.model.RoundedPoint2D@ed452, Value: [Vertex(-2, 0, 3)]
Key: com.catan.model.RoundedPoint2D@f3212, Value: [Vertex(-2, 1, 5)]
Key: com.catan.model.RoundedPoint2D@f12d2, Value: [Vertex(-2, 1, 4), Vertex(-2, 0, 0)]
Key: com.catan.model.RoundedPoint2D@1fc3c1, Value: [Vertex(1, 2, 5), Vertex(0, 2, 1)]
Key: com.catan.model.RoundedPoint2D@1fa481, Value: [Vertex(0, 1, 0), Vertex(1, 2, 4), Vertex(0, 2, 2)]
Key: com.catan.model.RoundedPoint2D@1f6601, Value: [Vertex(0, 0, 1), Vertex(0, 1, 3)]
Key: com.catan.model.RoundedPoint2D@1f0841, Value: [Vertex(0, -1, 3), Vertex(0, -2, 1), Vertex(1, -2, 5)]
Key: com.catan.model.RoundedPoint2D@1f46c1, Value: [Vertex(0, -1, 0), Vertex(0, 0, 2)]
Key: com.catan.model.RoundedPoint2D@1ee901, Value: [Vertex(0, -2, 2), Vertex(1, -2, 4)]
Key: com.catan.model.RoundedPoint2D@257700, Value: [Vertex(1, -2, 2)]
Key: com.catan.model.RoundedPoint2D@259640, Value: [Vertex(1, -2, 1)]
Key: com.catan.model.RoundedPoint2D@25f400, Value: [Vertex(1, 1, 3)]
Key: com.catan.model.RoundedPoint2D@2651c0, Value: [Vertex(1, 2, 1)]
Key: com.catan.model.RoundedPoint2D@263280, Value: [Vertex(1, 1, 0), Vertex(1, 2, 2)]
Key: com.catan.model.RoundedPoint2D@1b9271, Value: [Vertex(0, -2, 3)]
Key: com.catan.model.RoundedPoint2D@1bf031, Value: [Vertex(0, -1, 5), Vertex(0, 0, 3)]
Key: com.catan.model.RoundedPoint2D@1bd0f1, Value: [Vertex(0, -1, 4), Vertex(0, -2, 0)]
Key: com.catan.model.RoundedPoint2D@1c8c71, Value: [Vertex(0, 2, 0)]
Key: com.catan.model.RoundedPoint2D@1c4df1, Value: [Vertex(0, 1, 5), Vertex(0, 2, 3), Vertex(-1, 1, 1)]
Key: com.catan.model.RoundedPoint2D@1c2eb1, Value: [Vertex(0, 0, 0), Vertex(0, 1, 4), Vertex(-1, 1, 2)]
Key: com.catan.model.RoundedPoint2D@122ae2, Value: [Vertex(-2, 0, 2), Vertex(-2, -1, 0)]
Key: com.catan.model.RoundedPoint2D@12a7e2, Value: [Vertex(-1, 2, 5)]
Key: com.catan.model.RoundedPoint2D@124a22, Value: [Vertex(-2, 1, 3), Vertex(-2, 0, 1)]
Key: com.catan.model.RoundedPoint2D@1288a2, Value: [Vertex(-2, 1, 0), Vertex(-1, 2, 4)]
Key: com.catan.model.RoundedPoint2D@231a51, Value: [Vertex(1, 2, 0)]
Key: com.catan.model.RoundedPoint2D@222051, Value: [Vertex(1, -2, 3)]
Key: com.catan.model.RoundedPoint2D@22dbd1, Value: [Vertex(1, 1, 5), Vertex(0, 1, 1), Vertex(1, 2, 3)]
Key: com.catan.model.RoundedPoint2D@22bc91, Value: [Vertex(1, 1, 4), Vertex(0, 1, 2)]
Key: com.catan.model.RoundedPoint2D@225ed1, Value: [Vertex(0, -1, 2), Vertex(1, -2, 0)]
Key: com.catan.model.RoundedPoint2D@227e11, Value: [Vertex(0, -1, 1)]
Key: com.catan.model.RoundedPoint2D@11ec62, Value: [Vertex(-1, -2, 5)]
Key: com.catan.model.RoundedPoint2D@11cd22, Value: [Vertex(-1, -2, 4)]
Key: com.catan.model.RoundedPoint2D@1935e1, Value: [Vertex(0, 2, 5), Vertex(-1, 2, 1)]
Key: com.catan.model.RoundedPoint2D@1916a1, Value: [Vertex(0, 2, 4), Vertex(-1, 2, 2), Vertex(-1, 1, 0)]
Key: com.catan.model.RoundedPoint2D@294a90, Value: [Vertex(1, 1, 2)]
Key: com.catan.model.RoundedPoint2D@2969d0, Value: [Vertex(1, 1, 1)]
Key: com.catan.model.RoundedPoint2D@18d821, Value: [Vertex(0, 0, 5), Vertex(-1, 1, 3)]
Key: com.catan.model.RoundedPoint2D@18b8e1, Value: [Vertex(0, 0, 4)]
Key: com.catan.model.RoundedPoint2D@185b21, Value: [Vertex(-1, -2, 2), Vertex(0, -2, 4)]
Key: com.catan.model.RoundedPoint2D@187a61, Value: [Vertex(-1, -2, 1), Vertex(0, -2, 5)]
Key: com.catan.model.RoundedPoint2D@156251, Value: [Vertex(-2, -1, 1)]
Key: com.catan.model.RoundedPoint2D@15fe91, Value: [Vertex(-1, 2, 0)]
Key: com.catan.model.RoundedPoint2D@15a0d1, Value: [Vertex(-2, 1, 2), Vertex(-1, 1, 4)]
Key: com.catan.model.RoundedPoint2D@15c011, Value: [Vertex(-2, 1, 1), Vertex(-1, 2, 3), Vertex(-1, 1, 5)]
Key: com.catan.model.RoundedPoint2D@150491, Value: [Vertex(-1, -2, 3)]
Key: com.catan.model.RoundedPoint2D@154311, Value: [Vertex(-1, -2, 0), Vertex(-2, -1, 2)]
Key: com.catan.model.RoundedPoint2D@bbc42, Value: [Vertex(-2, 0, 5)]
Key: com.catan.model.RoundedPoint2D@b9d02, Value: [Vertex(-2, 0, 4)]
Key: com.catan.model.RoundedPoint2D@ed452, Value: [Vertex(-2, 0, 3)]
Key: com.catan.model.RoundedPoint2D@f3212, Value: [Vertex(-2, 1, 5)]
Key: com.catan.model.RoundedPoint2D@f12d2, Value: [Vertex(-2, 1, 4), Vertex(-2, 0, 0)]
Key: com.catan.model.RoundedPoint2D@1fc3c1, Value: [Vertex(1, 2, 5), Vertex(0, 2, 1)]
Key: com.catan.model.RoundedPoint2D@1fa481, Value: [Vertex(0, 1, 0), Vertex(1, 2, 4), Vertex(0, 2, 2)]
Key: com.catan.model.RoundedPoint2D@1f6601, Value: [Vertex(0, 0, 1), Vertex(0, 1, 3)]
Key: com.catan.model.RoundedPoint2D@1f0841, Value: [Vertex(0, -1, 3), Vertex(0, -2, 1), Vertex(1, -2, 5)]
Key: com.catan.model.RoundedPoint2D@1f46c1, Value: [Vertex(0, -1, 0), Vertex(0, 0, 2)]
Key: com.catan.model.RoundedPoint2D@1ee901, Value: [Vertex(0, -2, 2), Vertex(1, -2, 4)]
Key: com.catan.model.RoundedPoint2D@257700, Value: [Vertex(1, -2, 2)]
Key: com.catan.model.RoundedPoint2D@259640, Value: [Vertex(1, -2, 1)]
Key: com.catan.model.RoundedPoint2D@25f400, Value: [Vertex(1, 1, 3)]
Key: com.catan.model.RoundedPoint2D@2651c0, Value: [Vertex(1, 2, 1)]
Key: com.catan.model.RoundedPoint2D@263280, Value: [Vertex(1, 1, 0), Vertex(1, 2, 2)]
Key: com.catan.model.RoundedPoint2D@1b9271, Value: [Vertex(0, -2, 3)]
Key: com.catan.model.RoundedPoint2D@1bf031, Value: [Vertex(0, -1, 5), Vertex(0, 0, 3)]
Key: com.catan.model.RoundedPoint2D@1bd0f1, Value: [Vertex(0, -1, 4), Vertex(0, -2, 0)]
Key: com.catan.model.RoundedPoint2D@1c8c71, Value: [Vertex(0, 2, 0)]
Key: com.catan.model.RoundedPoint2D@1c4df1, Value: [Vertex(0, 1, 5), Vertex(0, 2, 3), Vertex(-1, 1, 1)]
Key: com.catan.model.RoundedPoint2D@1c2eb1, Value: [Vertex(0, 0, 0), Vertex(0, 1, 4), Vertex(-1, 1, 2)]
Key: com.catan.model.RoundedPoint2D@122ae2, Value: [Vertex(-2, 0, 2), Vertex(-2, -1, 0)]
Key: com.catan.model.RoundedPoint2D@12a7e2, Value: [Vertex(-1, 2, 5)]
Key: com.catan.model.RoundedPoint2D@124a22, Value: [Vertex(-2, 1, 3), Vertex(-2, 0, 1)]
Key: com.catan.model.RoundedPoint2D@1288a2, Value: [Vertex(-2, 1, 0), Vertex(-1, 2, 4)]
Key: com.catan.model.RoundedPoint2D@231a51, Value: [Vertex(1, 2, 0)]
Key: com.catan.model.RoundedPoint2D@222051, Value: [Vertex(1, -2, 3)]
Key: com.catan.model.RoundedPoint2D@22dbd1, Value: [Vertex(1, 1, 5), Vertex(0, 1, 1), Vertex(1, 2, 3)]
Key: com.catan.model.RoundedPoint2D@22bc91, Value: [Vertex(1, 1, 4), Vertex(0, 1, 2)]
Key: com.catan.model.RoundedPoint2D@225ed1, Value: [Vertex(0, -1, 2), Vertex(1, -2, 0)]
Key: com.catan.model.RoundedPoint2D@227e11, Value: [Vertex(0, -1, 1)]
Key: com.catan.model.RoundedPoint2D@11ec62, Value: [Vertex(-1, -2, 5)]
Key: com.catan.model.RoundedPoint2D@11cd22, Value: [Vertex(-1, -2, 4)]
Key: com.catan.model.RoundedPoint2D@1935e1, Value: [Vertex(0, 2, 5), Vertex(-1, 2, 1)]
Key: com.catan.model.RoundedPoint2D@1916a1, Value: [Vertex(0, 2, 4), Vertex(-1, 2, 2), Vertex(-1, 1, 0)]
Key: com.catan.model.RoundedPoint2D@294a90, Value: [Vertex(1, 1, 2)]
Key: com.catan.model.RoundedPoint2D@2969d0, Value: [Vertex(1, 1, 1)]
Key: com.catan.model.RoundedPoint2D@18d821, Value: [Vertex(0, 0, 5), Vertex(-1, 1, 3)]
Key: com.catan.model.RoundedPoint2D@18b8e1, Value: [Vertex(0, 0, 4)]
Key: com.catan.model.RoundedPoint2D@185b21, Value: [Vertex(-1, -2, 2), Vertex(0, -2, 4)]
Key: com.catan.model.RoundedPoint2D@187a61, Value: [Vertex(-1, -2, 1), Vertex(0, -2, 5)]
Key: com.catan.model.RoundedPoint2D@156251, Value: [Vertex(-2, -1, 1)]
Key: com.catan.model.RoundedPoint2D@15fe91, Value: [Vertex(-1, 2, 0)]
Key: com.catan.model.RoundedPoint2D@15a0d1, Value: [Vertex(-2, 1, 2), Vertex(-1, 1, 4)]
Key: com.catan.model.RoundedPoint2D@15c011, Value: [Vertex(-2, 1, 1), Vertex(-1, 2, 3), Vertex(-1, 1, 5)]
Key: com.catan.model.RoundedPoint2D@150491, Value: [Vertex(-1, -2, 3)]
Key: com.catan.model.RoundedPoint2D@154311, Value: [Vertex(-1, -2, 0), Vertex(-2, -1, 2)]
Key: com.catan.model.RoundedPoint2D@bbc42, Value: [Vertex(-2, 0, 5)]
Key: com.catan.model.RoundedPoint2D@b9d02, Value: [Vertex(-2, 0, 4)]
Key: com.catan.model.RoundedPoint2D@ed452, Value: [Vertex(-2, 0, 3)]
Key: com.catan.model.RoundedPoint2D@f3212, Value: [Vertex(-2, 1, 5)]
Key: com.catan.model.RoundedPoint2D@f12d2, Value: [Vertex(-2, 1, 4), Vertex(-2, 0, 0)]
Key: com.catan.model.RoundedPoint2D@1fc3c1, Value: [Vertex(1, 2, 5), Vertex(0, 2, 1)]
Key: com.catan.model.RoundedPoint2D@1fa481, Value: [Vertex(0, 1, 0), Vertex(1, 2, 4), Vertex(0, 2, 2)]
Key: com.catan.model.RoundedPoint2D@1f6601, Value: [Vertex(0, 0, 1), Vertex(0, 1, 3)]
Key: com.catan.model.RoundedPoint2D@1f0841, Value: [Vertex(0, -1, 3), Vertex(0, -2, 1), Vertex(1, -2, 5)]
Key: com.catan.model.RoundedPoint2D@1f46c1, Value: [Vertex(0, -1, 0), Vertex(0, 0, 2)]
Key: com.catan.model.RoundedPoint2D@1ee901, Value: [Vertex(0, -2, 2), Vertex(1, -2, 4)]
Key: com.catan.model.RoundedPoint2D@257700, Value: [Vertex(1, -2, 2)]
Key: com.catan.model.RoundedPoint2D@259640, Value: [Vertex(1, -2, 1)]
Key: com.catan.model.RoundedPoint2D@25f400, Value: [Vertex(1, 1, 3)]
Key: com.catan.model.RoundedPoint2D@2651c0, Value: [Vertex(1, 2, 1)]
Key: com.catan.model.RoundedPoint2D@263280, Value: [Vertex(1, 1, 0), Vertex(1, 2, 2)]
Key: com.catan.model.RoundedPoint2D@1b9271, Value: [Vertex(0, -2, 3)]
Key: com.catan.model.RoundedPoint2D@1bf031, Value: [Vertex(0, -1, 5), Vertex(0, 0, 3)]
Key: com.catan.model.RoundedPoint2D@1bd0f1, Value: [Vertex(0, -1, 4), Vertex(0, -2, 0)]
Key: com.catan.model.RoundedPoint2D@1c8c71, Value: [Vertex(0, 2, 0)]
Key: com.catan.model.RoundedPoint2D@1c4df1, Value: [Vertex(0, 1, 5), Vertex(0, 2, 3), Vertex(-1, 1, 1)]
Key: com.catan.model.RoundedPoint2D@1c2eb1, Value: [Vertex(0, 0, 0), Vertex(0, 1, 4), Vertex(-1, 1, 2)]
Key: com.catan.model.RoundedPoint2D@122ae2, Value: [Vertex(-2, 0, 2), Vertex(-2, -1, 0)]
Key: com.catan.model.RoundedPoint2D@12a7e2, Value: [Vertex(-1, 2, 5)]
Key: com.catan.model.RoundedPoint2D@124a22, Value: [Vertex(-2, 1, 3), Vertex(-2, 0, 1)]
Key: com.catan.model.RoundedPoint2D@1288a2, Value: [Vertex(-2, 1, 0), Vertex(-1, 2, 4)]
Key: com.catan.model.RoundedPoint2D@231a51, Value: [Vertex(1, 2, 0)]
Key: com.catan.model.RoundedPoint2D@222051, Value: [Vertex(1, -2, 3)]
Key: com.catan.model.RoundedPoint2D@22dbd1, Value: [Vertex(1, 1, 5), Vertex(0, 1, 1), Vertex(1, 2, 3)]
Key: com.catan.model.RoundedPoint2D@22bc91, Value: [Vertex(1, 1, 4), Vertex(0, 1, 2)]
Key: com.catan.model.RoundedPoint2D@225ed1, Value: [Vertex(0, -1, 2), Vertex(1, -2, 0)]
Key: com.catan.model.RoundedPoint2D@227e11, Value: [Vertex(0, -1, 1)]
Key: com.catan.model.RoundedPoint2D@11ec62, Value: [Vertex(-1, -2, 5), Vertex(-2, -1, 3)]
Key: com.catan.model.RoundedPoint2D@11cd22, Value: [Vertex(-1, -2, 4)]
Key: com.catan.model.RoundedPoint2D@1935e1, Value: [Vertex(0, 2, 5), Vertex(-1, 2, 1)]
Key: com.catan.model.RoundedPoint2D@1916a1, Value: [Vertex(0, 2, 4), Vertex(-1, 2, 2), Vertex(-1, 1, 0)]
Key: com.catan.model.RoundedPoint2D@294a90, Value: [Vertex(1, 1, 2)]
Key: com.catan.model.RoundedPoint2D@2969d0, Value: [Vertex(1, 1, 1)]
Key: com.catan.model.RoundedPoint2D@18d821, Value: [Vertex(0, 0, 5), Vertex(-1, 1, 3)]
Key: com.catan.model.RoundedPoint2D@18b8e1, Value: [Vertex(0, 0, 4)]
Key: com.catan.model.RoundedPoint2D@185b21, Value: [Vertex(-1, -2, 2), Vertex(0, -2, 4)]
Key: com.catan.model.RoundedPoint2D@187a61, Value: [Vertex(-1, -2, 1), Vertex(0, -2, 5)]
Key: com.catan.model.RoundedPoint2D@156251, Value: [Vertex(-2, -1, 1)]
Key: com.catan.model.RoundedPoint2D@15fe91, Value: [Vertex(-1, 2, 0)]
Key: com.catan.model.RoundedPoint2D@15a0d1, Value: [Vertex(-2, 1, 2), Vertex(-1, 1, 4)]
Key: com.catan.model.RoundedPoint2D@15c011, Value: [Vertex(-2, 1, 1), Vertex(-1, 2, 3), Vertex(-1, 1, 5)]
Key: com.catan.model.RoundedPoint2D@150491, Value: [Vertex(-1, -2, 3)]
Key: com.catan.model.RoundedPoint2D@154311, Value: [Vertex(-1, -2, 0), Vertex(-2, -1, 2)]
Key: com.catan.model.RoundedPoint2D@bbc42, Value: [Vertex(-2, 0, 5)]
Key: com.catan.model.RoundedPoint2D@b9d02, Value: [Vertex(-2, 0, 4)]
Key: com.catan.model.RoundedPoint2D@eb512, Value: [Vertex(-2, -1, 4)]
Key: com.catan.model.RoundedPoint2D@ed452, Value: [Vertex(-2, 0, 3)]
Key: com.catan.model.RoundedPoint2D@f3212, Value: [Vertex(-2, 1, 5)]
Key: com.catan.model.RoundedPoint2D@f12d2, Value: [Vertex(-2, 1, 4), Vertex(-2, 0, 0)]
Key: com.catan.model.RoundedPoint2D@1fc3c1, Value: [Vertex(1, 2, 5), Vertex(0, 2, 1)]
Key: com.catan.model.RoundedPoint2D@1fa481, Value: [Vertex(0, 1, 0), Vertex(1, 2, 4), Vertex(0, 2, 2)]
Key: com.catan.model.RoundedPoint2D@1f6601, Value: [Vertex(0, 0, 1), Vertex(0, 1, 3)]
Key: com.catan.model.RoundedPoint2D@1f0841, Value: [Vertex(0, -1, 3), Vertex(0, -2, 1), Vertex(1, -2, 5)]
Key: com.catan.model.RoundedPoint2D@1f46c1, Value: [Vertex(0, -1, 0), Vertex(0, 0, 2)]
Key: com.catan.model.RoundedPoint2D@1ee901, Value: [Vertex(0, -2, 2), Vertex(1, -2, 4)]
Key: com.catan.model.RoundedPoint2D@257700, Value: [Vertex(1, -2, 2)]
Key: com.catan.model.RoundedPoint2D@259640, Value: [Vertex(1, -2, 1)]
Key: com.catan.model.RoundedPoint2D@25f400, Value: [Vertex(1, 1, 3)]
Key: com.catan.model.RoundedPoint2D@2651c0, Value: [Vertex(1, 2, 1)]
Key: com.catan.model.RoundedPoint2D@263280, Value: [Vertex(1, 1, 0), Vertex(1, 2, 2)]
Key: com.catan.model.RoundedPoint2D@1b9271, Value: [Vertex(0, -2, 3)]
Key: com.catan.model.RoundedPoint2D@1bf031, Value: [Vertex(0, -1, 5), Vertex(0, 0, 3)]
Key: com.catan.model.RoundedPoint2D@1bd0f1, Value: [Vertex(0, -1, 4), Vertex(0, -2, 0)]
Key: com.catan.model.RoundedPoint2D@1c8c71, Value: [Vertex(0, 2, 0)]
Key: com.catan.model.RoundedPoint2D@1c4df1, Value: [Vertex(0, 1, 5), Vertex(0, 2, 3), Vertex(-1, 1, 1)]
Key: com.catan.model.RoundedPoint2D@1c2eb1, Value: [Vertex(0, 0, 0), Vertex(0, 1, 4), Vertex(-1, 1, 2)]
Key: com.catan.model.RoundedPoint2D@122ae2, Value: [Vertex(-2, 0, 2), Vertex(-2, -1, 0)]
Key: com.catan.model.RoundedPoint2D@12a7e2, Value: [Vertex(-1, 2, 5)]
Key: com.catan.model.RoundedPoint2D@124a22, Value: [Vertex(-2, 1, 3), Vertex(-2, 0, 1)]
Key: com.catan.model.RoundedPoint2D@1288a2, Value: [Vertex(-2, 1, 0), Vertex(-1, 2, 4)]
Key: com.catan.model.RoundedPoint2D@231a51, Value: [Vertex(1, 2, 0)]
Key: com.catan.model.RoundedPoint2D@222051, Value: [Vertex(1, -2, 3)]
Key: com.catan.model.RoundedPoint2D@22dbd1, Value: [Vertex(1, 1, 5), Vertex(0, 1, 1), Vertex(1, 2, 3)]
Key: com.catan.model.RoundedPoint2D@22bc91, Value: [Vertex(1, 1, 4), Vertex(0, 1, 2)]
Key: com.catan.model.RoundedPoint2D@225ed1, Value: [Vertex(0, -1, 2), Vertex(1, -2, 0)]
Key: com.catan.model.RoundedPoint2D@227e11, Value: [Vertex(0, -1, 1)]
Key: com.catan.model.RoundedPoint2D@11ec62, Value: [Vertex(-1, -2, 5), Vertex(-2, -1, 3)]
Key: com.catan.model.RoundedPoint2D@11cd22, Value: [Vertex(-1, -2, 4)]
Key: com.catan.model.RoundedPoint2D@1935e1, Value: [Vertex(0, 2, 5), Vertex(-1, 2, 1)]
Key: com.catan.model.RoundedPoint2D@1916a1, Value: [Vertex(0, 2, 4), Vertex(-1, 2, 2), Vertex(-1, 1, 0)]
Key: com.catan.model.RoundedPoint2D@294a90, Value: [Vertex(1, 1, 2)]
Key: com.catan.model.RoundedPoint2D@2969d0, Value: [Vertex(1, 1, 1)]
Key: com.catan.model.RoundedPoint2D@18d821, Value: [Vertex(0, 0, 5), Vertex(-1, 1, 3)]
Key: com.catan.model.RoundedPoint2D@18b8e1, Value: [Vertex(0, 0, 4)]
Key: com.catan.model.RoundedPoint2D@185b21, Value: [Vertex(-1, -2, 2), Vertex(0, -2, 4)]
Key: com.catan.model.RoundedPoint2D@187a61, Value: [Vertex(-1, -2, 1), Vertex(0, -2, 5)]
Key: com.catan.model.RoundedPoint2D@15fe91, Value: [Vertex(-1, 2, 0)]
Key: com.catan.model.RoundedPoint2D@15c011, Value: [Vertex(-2, 1, 1), Vertex(-1, 2, 3), Vertex(-1, 1, 5)]
Key: com.catan.model.RoundedPoint2D@150491, Value: [Vertex(-1, -2, 3)]
Key: com.catan.model.RoundedPoint2D@154311, Value: [Vertex(-1, -2, 0), Vertex(-2, -1, 2)]
Key: com.catan.model.RoundedPoint2D@b9d02, Value: [Vertex(-2, 0, 4)]
Key: com.catan.model.RoundedPoint2D@eb512, Value: [Vertex(-2, -1, 4)]
Key: com.catan.model.RoundedPoint2D@f3212, Value: [Vertex(-2, 1, 5)]
Key: com.catan.model.RoundedPoint2D@1fa481, Value: [Vertex(0, 1, 0), Vertex(1, 2, 4), Vertex(0, 2, 2)]
Key: com.catan.model.RoundedPoint2D@1f6601, Value: [Vertex(0, 0, 1), Vertex(0, 1, 3)]
Key: com.catan.model.RoundedPoint2D@1ee901, Value: [Vertex(0, -2, 2), Vertex(1, -2, 4)]
Key: com.catan.model.RoundedPoint2D@257700, Value: [Vertex(1, -2, 2)]
Key: com.catan.model.RoundedPoint2D@25f400, Value: [Vertex(1, 1, 3)]
Key: com.catan.model.RoundedPoint2D@263280, Value: [Vertex(1, 1, 0), Vertex(1, 2, 2)]
Key: com.catan.model.RoundedPoint2D@1bf031, Value: [Vertex(0, -1, 5), Vertex(0, 0, 3)]
Key: com.catan.model.RoundedPoint2D@1c2eb1, Value: [Vertex(0, 0, 0), Vertex(0, 1, 4), Vertex(-1, 1, 2)]
Key: com.catan.model.RoundedPoint2D@124a22, Value: [Vertex(-2, 1, 3), Vertex(-2, 0, 1)]
Key: com.catan.model.RoundedPoint2D@1288a2, Value: [Vertex(-2, 1, 0), Vertex(-1, 2, 4)]
Key: com.catan.model.RoundedPoint2D@22bc91, Value: [Vertex(1, 1, 4), Vertex(0, 1, 2)]
Key: com.catan.model.RoundedPoint2D@227e11, Value: [Vertex(0, -1, 1)]
Key: com.catan.model.RoundedPoint2D@11cd22, Value: [Vertex(-1, -2, 4)]
Key: com.catan.model.RoundedPoint2D@1916a1, Value: [Vertex(0, 2, 4), Vertex(-1, 2, 2), Vertex(-1, 1, 0)]
Key: com.catan.model.RoundedPoint2D@294a90, Value: [Vertex(1, 1, 2)]
Key: com.catan.model.RoundedPoint2D@18d821, Value: [Vertex(0, 0, 5), Vertex(-1, 1, 3)]
Key: com.catan.model.RoundedPoint2D@185b21, Value: [Vertex(-1, -2, 2), Vertex(0, -2, 4)]
Key: com.catan.model.RoundedPoint2D@156251, Value: [Vertex(-2, -1, 1)]
Key: com.catan.model.RoundedPoint2D@15a0d1, Value: [Vertex(-2, 1, 2), Vertex(-1, 1, 4)]
Key: com.catan.model.RoundedPoint2D@bbc42, Value: [Vertex(-2, 0, 5)]
Key: com.catan.model.RoundedPoint2D@ed452, Value: [Vertex(-2, 0, 3), Vertex(-2, -1, 5)]
Key: com.catan.model.RoundedPoint2D@f12d2, Value: [Vertex(-2, 1, 4), Vertex(-2, 0, 0)]
Key: com.catan.model.RoundedPoint2D@1fc3c1, Value: [Vertex(1, 2, 5), Vertex(0, 2, 1)]
Key: com.catan.model.RoundedPoint2D@1f0841, Value: [Vertex(0, -1, 3), Vertex(0, -2, 1), Vertex(1, -2, 5)]
Key: com.catan.model.RoundedPoint2D@1f46c1, Value: [Vertex(0, -1, 0), Vertex(0, 0, 2)]
Key: com.catan.model.RoundedPoint2D@259640, Value: [Vertex(1, -2, 1)]
Key: com.catan.model.RoundedPoint2D@2651c0, Value: [Vertex(1, 2, 1)]
Key: com.catan.model.RoundedPoint2D@1b9271, Value: [Vertex(0, -2, 3)]
Key: com.catan.model.RoundedPoint2D@1bd0f1, Value: [Vertex(0, -1, 4), Vertex(0, -2, 0)]
Key: com.catan.model.RoundedPoint2D@1c8c71, Value: [Vertex(0, 2, 0)]
Key: com.catan.model.RoundedPoint2D@1c4df1, Value: [Vertex(0, 1, 5), Vertex(0, 2, 3), Vertex(-1, 1, 1)]
Key: com.catan.model.RoundedPoint2D@122ae2, Value: [Vertex(-2, 0, 2), Vertex(-2, -1, 0)]
Key: com.catan.model.RoundedPoint2D@12a7e2, Value: [Vertex(-1, 2, 5)]
Key: com.catan.model.RoundedPoint2D@231a51, Value: [Vertex(1, 2, 0)]
Key: com.catan.model.RoundedPoint2D@222051, Value: [Vertex(1, -2, 3)]
Key: com.catan.model.RoundedPoint2D@22dbd1, Value: [Vertex(1, 1, 5), Vertex(0, 1, 1), Vertex(1, 2, 3)]
Key: com.catan.model.RoundedPoint2D@225ed1, Value: [Vertex(0, -1, 2), Vertex(1, -2, 0)]
Key: com.catan.model.RoundedPoint2D@11ec62, Value: [Vertex(-1, -2, 5), Vertex(-2, -1, 3)]
Key: com.catan.model.RoundedPoint2D@1935e1, Value: [Vertex(0, 2, 5), Vertex(-1, 2, 1)]
Key: com.catan.model.RoundedPoint2D@2969d0, Value: [Vertex(1, 1, 1)]
Key: com.catan.model.RoundedPoint2D@18b8e1, Value: [Vertex(0, 0, 4)]
Key: com.catan.model.RoundedPoint2D@187a61, Value: [Vertex(-1, -2, 1), Vertex(0, -2, 5)]
Key: com.catan.model.RoundedPoint2D@15fe91, Value: [Vertex(-1, 2, 0)]
Key: com.catan.model.RoundedPoint2D@15c011, Value: [Vertex(-2, 1, 1), Vertex(-1, 2, 3), Vertex(-1, 1, 5)]
Key: com.catan.model.RoundedPoint2D@150491, Value: [Vertex(-1, -2, 3)]
Key: com.catan.model.RoundedPoint2D@154311, Value: [Vertex(-1, -2, 0), Vertex(-2, -1, 2)]
Key: com.catan.model.RoundedPoint2D@b9d02, Value: [Vertex(-2, 0, 4)]
Key: com.catan.model.RoundedPoint2D@eb512, Value: [Vertex(-2, -1, 4)]
Key: com.catan.model.RoundedPoint2D@f3212, Value: [Vertex(-2, 1, 5)]
Key: com.catan.model.RoundedPoint2D@1fa481, Value: [Vertex(0, 1, 0), Vertex(1, 2, 4), Vertex(0, 2, 2)]
Key: com.catan.model.RoundedPoint2D@1f6601, Value: [Vertex(0, 0, 1), Vertex(0, 1, 3)]
Key: com.catan.model.RoundedPoint2D@1ee901, Value: [Vertex(0, -2, 2), Vertex(1, -2, 4)]
Key: com.catan.model.RoundedPoint2D@257700, Value: [Vertex(1, -2, 2)]
Key: com.catan.model.RoundedPoint2D@25f400, Value: [Vertex(1, 1, 3)]
Key: com.catan.model.RoundedPoint2D@263280, Value: [Vertex(1, 1, 0), Vertex(1, 2, 2)]
Key: com.catan.model.RoundedPoint2D@1bf031, Value: [Vertex(0, -1, 5), Vertex(0, 0, 3)]
Key: com.catan.model.RoundedPoint2D@1c2eb1, Value: [Vertex(0, 0, 0), Vertex(0, 1, 4), Vertex(-1, 1, 2)]
Key: com.catan.model.RoundedPoint2D@124a22, Value: [Vertex(-2, 1, 3), Vertex(-2, 0, 1)]
Key: com.catan.model.RoundedPoint2D@1288a2, Value: [Vertex(-2, 1, 0), Vertex(-1, 2, 4)]
Key: com.catan.model.RoundedPoint2D@22bc91, Value: [Vertex(1, 1, 4), Vertex(0, 1, 2)]
Key: com.catan.model.RoundedPoint2D@227e11, Value: [Vertex(0, -1, 1)]
Key: com.catan.model.RoundedPoint2D@11cd22, Value: [Vertex(-1, -2, 4)]
Key: com.catan.model.RoundedPoint2D@1916a1, Value: [Vertex(0, 2, 4), Vertex(-1, 2, 2), Vertex(-1, 1, 0)]
Key: com.catan.model.RoundedPoint2D@294a90, Value: [Vertex(1, 1, 2)]
Key: com.catan.model.RoundedPoint2D@18d821, Value: [Vertex(0, 0, 5), Vertex(-1, 1, 3)]
Key: com.catan.model.RoundedPoint2D@185b21, Value: [Vertex(-1, -2, 2), Vertex(0, -2, 4)]
Key: com.catan.model.RoundedPoint2D@156251, Value: [Vertex(-2, -1, 1)]
Key: com.catan.model.RoundedPoint2D@15a0d1, Value: [Vertex(-2, 1, 2), Vertex(-1, 1, 4)]
Key: com.catan.model.RoundedPoint2D@bbc42, Value: [Vertex(-2, 0, 5)]
Key: com.catan.model.RoundedPoint2D@ed452, Value: [Vertex(-2, 0, 3), Vertex(-2, -1, 5)]
Key: com.catan.model.RoundedPoint2D@f12d2, Value: [Vertex(-2, 1, 4), Vertex(-2, 0, 0)]
Key: com.catan.model.RoundedPoint2D@1fc3c1, Value: [Vertex(1, 2, 5), Vertex(0, 2, 1)]
Key: com.catan.model.RoundedPoint2D@1f0841, Value: [Vertex(0, -1, 3), Vertex(0, -2, 1), Vertex(1, -2, 5)]
Key: com.catan.model.RoundedPoint2D@1f46c1, Value: [Vertex(0, -1, 0), Vertex(0, 0, 2)]
Key: com.catan.model.RoundedPoint2D@25d4c0, Value: [Vertex(1, -1, 0)]
Key: com.catan.model.RoundedPoint2D@259640, Value: [Vertex(1, -2, 1)]
Key: com.catan.model.RoundedPoint2D@2651c0, Value: [Vertex(1, 2, 1)]
Key: com.catan.model.RoundedPoint2D@1b9271, Value: [Vertex(0, -2, 3)]
Key: com.catan.model.RoundedPoint2D@1bd0f1, Value: [Vertex(0, -1, 4), Vertex(0, -2, 0)]
Key: com.catan.model.RoundedPoint2D@1c8c71, Value: [Vertex(0, 2, 0)]
Key: com.catan.model.RoundedPoint2D@1c4df1, Value: [Vertex(0, 1, 5), Vertex(0, 2, 3), Vertex(-1, 1, 1)]
Key: com.catan.model.RoundedPoint2D@122ae2, Value: [Vertex(-2, 0, 2), Vertex(-2, -1, 0)]
Key: com.catan.model.RoundedPoint2D@12a7e2, Value: [Vertex(-1, 2, 5)]
Key: com.catan.model.RoundedPoint2D@231a51, Value: [Vertex(1, 2, 0)]
Key: com.catan.model.RoundedPoint2D@222051, Value: [Vertex(1, -2, 3)]
Key: com.catan.model.RoundedPoint2D@22dbd1, Value: [Vertex(1, 1, 5), Vertex(0, 1, 1), Vertex(1, 2, 3)]
Key: com.catan.model.RoundedPoint2D@225ed1, Value: [Vertex(0, -1, 2), Vertex(1, -2, 0)]
Key: com.catan.model.RoundedPoint2D@11ec62, Value: [Vertex(-1, -2, 5), Vertex(-2, -1, 3)]
Key: com.catan.model.RoundedPoint2D@1935e1, Value: [Vertex(0, 2, 5), Vertex(-1, 2, 1)]
Key: com.catan.model.RoundedPoint2D@2969d0, Value: [Vertex(1, 1, 1)]
Key: com.catan.model.RoundedPoint2D@18b8e1, Value: [Vertex(0, 0, 4)]
Key: com.catan.model.RoundedPoint2D@187a61, Value: [Vertex(-1, -2, 1), Vertex(0, -2, 5)]
Key: com.catan.model.RoundedPoint2D@15fe91, Value: [Vertex(-1, 2, 0)]
Key: com.catan.model.RoundedPoint2D@15c011, Value: [Vertex(-2, 1, 1), Vertex(-1, 2, 3), Vertex(-1, 1, 5)]
Key: com.catan.model.RoundedPoint2D@150491, Value: [Vertex(-1, -2, 3)]
Key: com.catan.model.RoundedPoint2D@154311, Value: [Vertex(-1, -2, 0), Vertex(-2, -1, 2)]
Key: com.catan.model.RoundedPoint2D@b9d02, Value: [Vertex(-2, 0, 4)]
Key: com.catan.model.RoundedPoint2D@eb512, Value: [Vertex(-2, -1, 4)]
Key: com.catan.model.RoundedPoint2D@f3212, Value: [Vertex(-2, 1, 5)]
Key: com.catan.model.RoundedPoint2D@1fa481, Value: [Vertex(0, 1, 0), Vertex(1, 2, 4), Vertex(0, 2, 2)]
Key: com.catan.model.RoundedPoint2D@1f6601, Value: [Vertex(0, 0, 1), Vertex(0, 1, 3)]
Key: com.catan.model.RoundedPoint2D@1ee901, Value: [Vertex(0, -2, 2), Vertex(1, -2, 4)]
Key: com.catan.model.RoundedPoint2D@257700, Value: [Vertex(1, -2, 2)]
Key: com.catan.model.RoundedPoint2D@25f400, Value: [Vertex(1, 1, 3)]
Key: com.catan.model.RoundedPoint2D@263280, Value: [Vertex(1, 1, 0), Vertex(1, 2, 2)]
Key: com.catan.model.RoundedPoint2D@1bf031, Value: [Vertex(0, -1, 5), Vertex(0, 0, 3)]
Key: com.catan.model.RoundedPoint2D@1c2eb1, Value: [Vertex(0, 0, 0), Vertex(0, 1, 4), Vertex(-1, 1, 2)]
Key: com.catan.model.RoundedPoint2D@124a22, Value: [Vertex(-2, 1, 3), Vertex(-2, 0, 1)]
Key: com.catan.model.RoundedPoint2D@1288a2, Value: [Vertex(-2, 1, 0), Vertex(-1, 2, 4)]
Key: com.catan.model.RoundedPoint2D@22bc91, Value: [Vertex(1, 1, 4), Vertex(0, 1, 2)]
Key: com.catan.model.RoundedPoint2D@227e11, Value: [Vertex(0, -1, 1)]
Key: com.catan.model.RoundedPoint2D@11cd22, Value: [Vertex(-1, -2, 4)]
Key: com.catan.model.RoundedPoint2D@1916a1, Value: [Vertex(0, 2, 4), Vertex(-1, 2, 2), Vertex(-1, 1, 0)]
Key: com.catan.model.RoundedPoint2D@290c10, Value: [Vertex(1, -1, 1)]
Key: com.catan.model.RoundedPoint2D@294a90, Value: [Vertex(1, 1, 2)]
Key: com.catan.model.RoundedPoint2D@18d821, Value: [Vertex(0, 0, 5), Vertex(-1, 1, 3)]
Key: com.catan.model.RoundedPoint2D@185b21, Value: [Vertex(-1, -2, 2), Vertex(0, -2, 4)]
Key: com.catan.model.RoundedPoint2D@156251, Value: [Vertex(-2, -1, 1)]
Key: com.catan.model.RoundedPoint2D@15a0d1, Value: [Vertex(-2, 1, 2), Vertex(-1, 1, 4)]
Key: com.catan.model.RoundedPoint2D@bbc42, Value: [Vertex(-2, 0, 5)]
Key: com.catan.model.RoundedPoint2D@ed452, Value: [Vertex(-2, 0, 3), Vertex(-2, -1, 5)]
Key: com.catan.model.RoundedPoint2D@f12d2, Value: [Vertex(-2, 1, 4), Vertex(-2, 0, 0)]
Key: com.catan.model.RoundedPoint2D@1fc3c1, Value: [Vertex(1, 2, 5), Vertex(0, 2, 1)]
Key: com.catan.model.RoundedPoint2D@1f0841, Value: [Vertex(0, -1, 3), Vertex(0, -2, 1), Vertex(1, -2, 5)]
Key: com.catan.model.RoundedPoint2D@1f46c1, Value: [Vertex(0, -1, 0), Vertex(0, 0, 2)]
Key: com.catan.model.RoundedPoint2D@25d4c0, Value: [Vertex(1, -1, 0)]
Key: com.catan.model.RoundedPoint2D@259640, Value: [Vertex(1, -2, 1)]
Key: com.catan.model.RoundedPoint2D@2651c0, Value: [Vertex(1, 2, 1)]
Key: com.catan.model.RoundedPoint2D@1b9271, Value: [Vertex(0, -2, 3)]
Key: com.catan.model.RoundedPoint2D@1bd0f1, Value: [Vertex(0, -1, 4), Vertex(0, -2, 0)]
Key: com.catan.model.RoundedPoint2D@1c8c71, Value: [Vertex(0, 2, 0)]
Key: com.catan.model.RoundedPoint2D@1c4df1, Value: [Vertex(0, 1, 5), Vertex(0, 2, 3), Vertex(-1, 1, 1)]
Key: com.catan.model.RoundedPoint2D@122ae2, Value: [Vertex(-2, 0, 2), Vertex(-2, -1, 0)]
Key: com.catan.model.RoundedPoint2D@12a7e2, Value: [Vertex(-1, 2, 5)]
Key: com.catan.model.RoundedPoint2D@231a51, Value: [Vertex(1, 2, 0)]
Key: com.catan.model.RoundedPoint2D@222051, Value: [Vertex(1, -2, 3)]
Key: com.catan.model.RoundedPoint2D@22dbd1, Value: [Vertex(1, 1, 5), Vertex(0, 1, 1), Vertex(1, 2, 3)]
Key: com.catan.model.RoundedPoint2D@225ed1, Value: [Vertex(0, -1, 2), Vertex(1, -2, 0)]
Key: com.catan.model.RoundedPoint2D@11ec62, Value: [Vertex(-1, -2, 5), Vertex(-2, -1, 3)]
Key: com.catan.model.RoundedPoint2D@1935e1, Value: [Vertex(0, 2, 5), Vertex(-1, 2, 1)]
Key: com.catan.model.RoundedPoint2D@2969d0, Value: [Vertex(1, 1, 1)]
Key: com.catan.model.RoundedPoint2D@18b8e1, Value: [Vertex(0, 0, 4)]
Key: com.catan.model.RoundedPoint2D@187a61, Value: [Vertex(-1, -2, 1), Vertex(0, -2, 5)]
Key: com.catan.model.RoundedPoint2D@15fe91, Value: [Vertex(-1, 2, 0)]
Key: com.catan.model.RoundedPoint2D@15c011, Value: [Vertex(-2, 1, 1), Vertex(-1, 2, 3), Vertex(-1, 1, 5)]
Key: com.catan.model.RoundedPoint2D@150491, Value: [Vertex(-1, -2, 3)]
Key: com.catan.model.RoundedPoint2D@154311, Value: [Vertex(-1, -2, 0), Vertex(-2, -1, 2)]
Key: com.catan.model.RoundedPoint2D@b9d02, Value: [Vertex(-2, 0, 4)]
Key: com.catan.model.RoundedPoint2D@eb512, Value: [Vertex(-2, -1, 4)]
Key: com.catan.model.RoundedPoint2D@f3212, Value: [Vertex(-2, 1, 5)]
Key: com.catan.model.RoundedPoint2D@1fa481, Value: [Vertex(0, 1, 0), Vertex(1, 2, 4), Vertex(0, 2, 2)]
Key: com.catan.model.RoundedPoint2D@1f6601, Value: [Vertex(0, 0, 1), Vertex(0, 1, 3)]
Key: com.catan.model.RoundedPoint2D@1ee901, Value: [Vertex(0, -2, 2), Vertex(1, -2, 4)]
Key: com.catan.model.RoundedPoint2D@257700, Value: [Vertex(1, -2, 2)]
Key: com.catan.model.RoundedPoint2D@25f400, Value: [Vertex(1, 1, 3)]
Key: com.catan.model.RoundedPoint2D@263280, Value: [Vertex(1, 1, 0), Vertex(1, 2, 2)]
Key: com.catan.model.RoundedPoint2D@1bf031, Value: [Vertex(0, -1, 5), Vertex(0, 0, 3)]
Key: com.catan.model.RoundedPoint2D@1c2eb1, Value: [Vertex(0, 0, 0), Vertex(0, 1, 4), Vertex(-1, 1, 2)]
Key: com.catan.model.RoundedPoint2D@124a22, Value: [Vertex(-2, 1, 3), Vertex(-2, 0, 1)]
Key: com.catan.model.RoundedPoint2D@1288a2, Value: [Vertex(-2, 1, 0), Vertex(-1, 2, 4)]
Key: com.catan.model.RoundedPoint2D@22bc91, Value: [Vertex(1, 1, 4), Vertex(0, 1, 2)]
Key: com.catan.model.RoundedPoint2D@227e11, Value: [Vertex(0, -1, 1)]
Key: com.catan.model.RoundedPoint2D@11cd22, Value: [Vertex(-1, -2, 4)]
Key: com.catan.model.RoundedPoint2D@1916a1, Value: [Vertex(0, 2, 4), Vertex(-1, 2, 2), Vertex(-1, 1, 0)]
Key: com.catan.model.RoundedPoint2D@290c10, Value: [Vertex(1, -1, 1)]
Key: com.catan.model.RoundedPoint2D@294a90, Value: [Vertex(1, 1, 2)]
Key: com.catan.model.RoundedPoint2D@18d821, Value: [Vertex(0, 0, 5), Vertex(-1, 1, 3)]
Key: com.catan.model.RoundedPoint2D@185b21, Value: [Vertex(-1, -2, 2), Vertex(0, -2, 4)]
Key: com.catan.model.RoundedPoint2D@156251, Value: [Vertex(-2, -1, 1)]
Key: com.catan.model.RoundedPoint2D@15a0d1, Value: [Vertex(-2, 1, 2), Vertex(-1, 1, 4)]
Key: com.catan.model.RoundedPoint2D@bbc42, Value: [Vertex(-2, 0, 5)]
Key: com.catan.model.RoundedPoint2D@ed452, Value: [Vertex(-2, 0, 3), Vertex(-2, -1, 5)]
Key: com.catan.model.RoundedPoint2D@f12d2, Value: [Vertex(-2, 1, 4), Vertex(-2, 0, 0)]
Key: com.catan.model.RoundedPoint2D@1fc3c1, Value: [Vertex(1, 2, 5), Vertex(0, 2, 1)]
Key: com.catan.model.RoundedPoint2D@1f0841, Value: [Vertex(0, -1, 3), Vertex(0, -2, 1), Vertex(1, -2, 5)]
Key: com.catan.model.RoundedPoint2D@1f46c1, Value: [Vertex(0, -1, 0), Vertex(0, 0, 2)]
Key: com.catan.model.RoundedPoint2D@25d4c0, Value: [Vertex(1, -1, 0)]
Key: com.catan.model.RoundedPoint2D@259640, Value: [Vertex(1, -2, 1)]
Key: com.catan.model.RoundedPoint2D@2651c0, Value: [Vertex(1, 2, 1)]
Key: com.catan.model.RoundedPoint2D@1b9271, Value: [Vertex(0, -2, 3)]
Key: com.catan.model.RoundedPoint2D@1bd0f1, Value: [Vertex(0, -1, 4), Vertex(0, -2, 0)]
Key: com.catan.model.RoundedPoint2D@1c8c71, Value: [Vertex(0, 2, 0)]
Key: com.catan.model.RoundedPoint2D@1c4df1, Value: [Vertex(0, 1, 5), Vertex(0, 2, 3), Vertex(-1, 1, 1)]
Key: com.catan.model.RoundedPoint2D@122ae2, Value: [Vertex(-2, 0, 2), Vertex(-2, -1, 0)]
Key: com.catan.model.RoundedPoint2D@12a7e2, Value: [Vertex(-1, 2, 5)]
Key: com.catan.model.RoundedPoint2D@231a51, Value: [Vertex(1, 2, 0)]
Key: com.catan.model.RoundedPoint2D@222051, Value: [Vertex(1, -2, 3)]
Key: com.catan.model.RoundedPoint2D@22dbd1, Value: [Vertex(1, 1, 5), Vertex(0, 1, 1), Vertex(1, 2, 3)]
Key: com.catan.model.RoundedPoint2D@225ed1, Value: [Vertex(0, -1, 2), Vertex(1, -2, 0)]
Key: com.catan.model.RoundedPoint2D@11ec62, Value: [Vertex(-1, -2, 5), Vertex(-2, -1, 3)]
Key: com.catan.model.RoundedPoint2D@28ecd0, Value: [Vertex(1, -1, 2)]
Key: com.catan.model.RoundedPoint2D@1935e1, Value: [Vertex(0, 2, 5), Vertex(-1, 2, 1)]
Key: com.catan.model.RoundedPoint2D@2969d0, Value: [Vertex(1, 1, 1)]
Key: com.catan.model.RoundedPoint2D@18b8e1, Value: [Vertex(0, 0, 4)]
Key: com.catan.model.RoundedPoint2D@187a61, Value: [Vertex(-1, -2, 1), Vertex(0, -2, 5)]
Key: com.catan.model.RoundedPoint2D@15fe91, Value: [Vertex(-1, 2, 0)]
Key: com.catan.model.RoundedPoint2D@15c011, Value: [Vertex(-2, 1, 1), Vertex(-1, 2, 3), Vertex(-1, 1, 5)]
Key: com.catan.model.RoundedPoint2D@150491, Value: [Vertex(-1, -2, 3)]
Key: com.catan.model.RoundedPoint2D@154311, Value: [Vertex(-1, -2, 0), Vertex(-2, -1, 2)]
Key: com.catan.model.RoundedPoint2D@b9d02, Value: [Vertex(-2, 0, 4)]
Key: com.catan.model.RoundedPoint2D@eb512, Value: [Vertex(-2, -1, 4)]
Key: com.catan.model.RoundedPoint2D@f3212, Value: [Vertex(-2, 1, 5)]
Key: com.catan.model.RoundedPoint2D@1fa481, Value: [Vertex(0, 1, 0), Vertex(1, 2, 4), Vertex(0, 2, 2)]
Key: com.catan.model.RoundedPoint2D@1f6601, Value: [Vertex(0, 0, 1), Vertex(0, 1, 3)]
Key: com.catan.model.RoundedPoint2D@1ee901, Value: [Vertex(0, -2, 2), Vertex(1, -2, 4)]
Key: com.catan.model.RoundedPoint2D@257700, Value: [Vertex(1, -2, 2)]
Key: com.catan.model.RoundedPoint2D@25f400, Value: [Vertex(1, 1, 3)]
Key: com.catan.model.RoundedPoint2D@263280, Value: [Vertex(1, 1, 0), Vertex(1, 2, 2)]
Key: com.catan.model.RoundedPoint2D@1bf031, Value: [Vertex(0, -1, 5), Vertex(0, 0, 3)]
Key: com.catan.model.RoundedPoint2D@1c2eb1, Value: [Vertex(0, 0, 0), Vertex(0, 1, 4), Vertex(-1, 1, 2)]
Key: com.catan.model.RoundedPoint2D@124a22, Value: [Vertex(-2, 1, 3), Vertex(-2, 0, 1)]
Key: com.catan.model.RoundedPoint2D@1288a2, Value: [Vertex(-2, 1, 0), Vertex(-1, 2, 4)]
Key: com.catan.model.RoundedPoint2D@22bc91, Value: [Vertex(1, 1, 4), Vertex(0, 1, 2)]
Key: com.catan.model.RoundedPoint2D@227e11, Value: [Vertex(0, -1, 1)]
Key: com.catan.model.RoundedPoint2D@11cd22, Value: [Vertex(-1, -2, 4)]
Key: com.catan.model.RoundedPoint2D@1916a1, Value: [Vertex(0, 2, 4), Vertex(-1, 2, 2), Vertex(-1, 1, 0)]
Key: com.catan.model.RoundedPoint2D@290c10, Value: [Vertex(1, -1, 1)]
Key: com.catan.model.RoundedPoint2D@294a90, Value: [Vertex(1, 1, 2)]
Key: com.catan.model.RoundedPoint2D@18d821, Value: [Vertex(0, 0, 5), Vertex(-1, 1, 3)]
Key: com.catan.model.RoundedPoint2D@185b21, Value: [Vertex(-1, -2, 2), Vertex(0, -2, 4)]
Key: com.catan.model.RoundedPoint2D@156251, Value: [Vertex(-2, -1, 1)]
Key: com.catan.model.RoundedPoint2D@15a0d1, Value: [Vertex(-2, 1, 2), Vertex(-1, 1, 4)]
Key: com.catan.model.RoundedPoint2D@bbc42, Value: [Vertex(-2, 0, 5)]
Key: com.catan.model.RoundedPoint2D@ed452, Value: [Vertex(-2, 0, 3), Vertex(-2, -1, 5)]
Key: com.catan.model.RoundedPoint2D@f12d2, Value: [Vertex(-2, 1, 4), Vertex(-2, 0, 0)]
Key: com.catan.model.RoundedPoint2D@1fc3c1, Value: [Vertex(1, 2, 5), Vertex(0, 2, 1)]
Key: com.catan.model.RoundedPoint2D@1f0841, Value: [Vertex(0, -1, 3), Vertex(0, -2, 1), Vertex(1, -2, 5)]
Key: com.catan.model.RoundedPoint2D@1f46c1, Value: [Vertex(0, -1, 0), Vertex(0, 0, 2)]
Key: com.catan.model.RoundedPoint2D@25d4c0, Value: [Vertex(1, -1, 0)]
Key: com.catan.model.RoundedPoint2D@259640, Value: [Vertex(1, -2, 1), Vertex(1, -1, 3)]
Key: com.catan.model.RoundedPoint2D@2651c0, Value: [Vertex(1, 2, 1)]
Key: com.catan.model.RoundedPoint2D@1b9271, Value: [Vertex(0, -2, 3)]
Key: com.catan.model.RoundedPoint2D@1bd0f1, Value: [Vertex(0, -1, 4), Vertex(0, -2, 0)]
Key: com.catan.model.RoundedPoint2D@1c8c71, Value: [Vertex(0, 2, 0)]
Key: com.catan.model.RoundedPoint2D@1c4df1, Value: [Vertex(0, 1, 5), Vertex(0, 2, 3), Vertex(-1, 1, 1)]
Key: com.catan.model.RoundedPoint2D@122ae2, Value: [Vertex(-2, 0, 2), Vertex(-2, -1, 0)]
Key: com.catan.model.RoundedPoint2D@12a7e2, Value: [Vertex(-1, 2, 5)]
Key: com.catan.model.RoundedPoint2D@231a51, Value: [Vertex(1, 2, 0)]
Key: com.catan.model.RoundedPoint2D@222051, Value: [Vertex(1, -2, 3)]
Key: com.catan.model.RoundedPoint2D@22dbd1, Value: [Vertex(1, 1, 5), Vertex(0, 1, 1), Vertex(1, 2, 3)]
Key: com.catan.model.RoundedPoint2D@225ed1, Value: [Vertex(0, -1, 2), Vertex(1, -2, 0)]
Key: com.catan.model.RoundedPoint2D@11ec62, Value: [Vertex(-1, -2, 5), Vertex(-2, -1, 3)]
Key: com.catan.model.RoundedPoint2D@28ecd0, Value: [Vertex(1, -1, 2)]
Key: com.catan.model.RoundedPoint2D@1935e1, Value: [Vertex(0, 2, 5), Vertex(-1, 2, 1)]
Key: com.catan.model.RoundedPoint2D@2969d0, Value: [Vertex(1, 1, 1)]
Key: com.catan.model.RoundedPoint2D@18b8e1, Value: [Vertex(0, 0, 4)]
Key: com.catan.model.RoundedPoint2D@187a61, Value: [Vertex(-1, -2, 1), Vertex(0, -2, 5)]
Key: com.catan.model.RoundedPoint2D@15fe91, Value: [Vertex(-1, 2, 0)]
Key: com.catan.model.RoundedPoint2D@15c011, Value: [Vertex(-2, 1, 1), Vertex(-1, 2, 3), Vertex(-1, 1, 5)]
Key: com.catan.model.RoundedPoint2D@150491, Value: [Vertex(-1, -2, 3)]
Key: com.catan.model.RoundedPoint2D@154311, Value: [Vertex(-1, -2, 0), Vertex(-2, -1, 2)]
Key: com.catan.model.RoundedPoint2D@b9d02, Value: [Vertex(-2, 0, 4)]
Key: com.catan.model.RoundedPoint2D@eb512, Value: [Vertex(-2, -1, 4)]
Key: com.catan.model.RoundedPoint2D@f3212, Value: [Vertex(-2, 1, 5)]
Key: com.catan.model.RoundedPoint2D@1fa481, Value: [Vertex(0, 1, 0), Vertex(1, 2, 4), Vertex(0, 2, 2)]
Key: com.catan.model.RoundedPoint2D@1f6601, Value: [Vertex(0, 0, 1), Vertex(0, 1, 3)]
Key: com.catan.model.RoundedPoint2D@1ee901, Value: [Vertex(0, -2, 2), Vertex(1, -2, 4)]
Key: com.catan.model.RoundedPoint2D@257700, Value: [Vertex(1, -2, 2)]
Key: com.catan.model.RoundedPoint2D@25f400, Value: [Vertex(1, 1, 3)]
Key: com.catan.model.RoundedPoint2D@263280, Value: [Vertex(1, 1, 0), Vertex(1, 2, 2)]
Key: com.catan.model.RoundedPoint2D@1bf031, Value: [Vertex(0, -1, 5), Vertex(0, 0, 3)]
Key: com.catan.model.RoundedPoint2D@1c2eb1, Value: [Vertex(0, 0, 0), Vertex(0, 1, 4), Vertex(-1, 1, 2)]
Key: com.catan.model.RoundedPoint2D@124a22, Value: [Vertex(-2, 1, 3), Vertex(-2, 0, 1)]
Key: com.catan.model.RoundedPoint2D@1288a2, Value: [Vertex(-2, 1, 0), Vertex(-1, 2, 4)]
Key: com.catan.model.RoundedPoint2D@22bc91, Value: [Vertex(1, 1, 4), Vertex(0, 1, 2)]
Key: com.catan.model.RoundedPoint2D@227e11, Value: [Vertex(0, -1, 1)]
Key: com.catan.model.RoundedPoint2D@11cd22, Value: [Vertex(-1, -2, 4)]
Key: com.catan.model.RoundedPoint2D@1916a1, Value: [Vertex(0, 2, 4), Vertex(-1, 2, 2), Vertex(-1, 1, 0)]
Key: com.catan.model.RoundedPoint2D@290c10, Value: [Vertex(1, -1, 1)]
Key: com.catan.model.RoundedPoint2D@294a90, Value: [Vertex(1, 1, 2)]
Key: com.catan.model.RoundedPoint2D@18d821, Value: [Vertex(0, 0, 5), Vertex(-1, 1, 3)]
Key: com.catan.model.RoundedPoint2D@185b21, Value: [Vertex(-1, -2, 2), Vertex(0, -2, 4)]
Key: com.catan.model.RoundedPoint2D@156251, Value: [Vertex(-2, -1, 1)]
Key: com.catan.model.RoundedPoint2D@15a0d1, Value: [Vertex(-2, 1, 2), Vertex(-1, 1, 4)]
Key: com.catan.model.RoundedPoint2D@bbc42, Value: [Vertex(-2, 0, 5)]
Key: com.catan.model.RoundedPoint2D@ed452, Value: [Vertex(-2, 0, 3), Vertex(-2, -1, 5)]
Key: com.catan.model.RoundedPoint2D@f12d2, Value: [Vertex(-2, 1, 4), Vertex(-2, 0, 0)]
Key: com.catan.model.RoundedPoint2D@1fc3c1, Value: [Vertex(1, 2, 5), Vertex(0, 2, 1)]
Key: com.catan.model.RoundedPoint2D@1f0841, Value: [Vertex(0, -1, 3), Vertex(0, -2, 1), Vertex(1, -2, 5)]
Key: com.catan.model.RoundedPoint2D@1f46c1, Value: [Vertex(0, -1, 0), Vertex(0, 0, 2)]
Key: com.catan.model.RoundedPoint2D@25d4c0, Value: [Vertex(1, -1, 0)]
Key: com.catan.model.RoundedPoint2D@259640, Value: [Vertex(1, -2, 1), Vertex(1, -1, 3)]
Key: com.catan.model.RoundedPoint2D@2651c0, Value: [Vertex(1, 2, 1)]
Key: com.catan.model.RoundedPoint2D@1b9271, Value: [Vertex(0, -2, 3)]
Key: com.catan.model.RoundedPoint2D@1bd0f1, Value: [Vertex(0, -1, 4), Vertex(0, -2, 0)]
Key: com.catan.model.RoundedPoint2D@1c8c71, Value: [Vertex(0, 2, 0)]
Key: com.catan.model.RoundedPoint2D@1c4df1, Value: [Vertex(0, 1, 5), Vertex(0, 2, 3), Vertex(-1, 1, 1)]
Key: com.catan.model.RoundedPoint2D@122ae2, Value: [Vertex(-2, 0, 2), Vertex(-2, -1, 0)]
Key: com.catan.model.RoundedPoint2D@12a7e2, Value: [Vertex(-1, 2, 5)]
Key: com.catan.model.RoundedPoint2D@231a51, Value: [Vertex(1, 2, 0)]
Key: com.catan.model.RoundedPoint2D@222051, Value: [Vertex(1, -2, 3)]
Key: com.catan.model.RoundedPoint2D@22dbd1, Value: [Vertex(1, 1, 5), Vertex(0, 1, 1), Vertex(1, 2, 3)]
Key: com.catan.model.RoundedPoint2D@225ed1, Value: [Vertex(0, -1, 2), Vertex(1, -2, 0), Vertex(1, -1, 4)]
Key: com.catan.model.RoundedPoint2D@11ec62, Value: [Vertex(-1, -2, 5), Vertex(-2, -1, 3)]
Key: com.catan.model.RoundedPoint2D@28ecd0, Value: [Vertex(1, -1, 2)]
Key: com.catan.model.RoundedPoint2D@1935e1, Value: [Vertex(0, 2, 5), Vertex(-1, 2, 1)]
Key: com.catan.model.RoundedPoint2D@2969d0, Value: [Vertex(1, 1, 1)]
Key: com.catan.model.RoundedPoint2D@18b8e1, Value: [Vertex(0, 0, 4)]
Key: com.catan.model.RoundedPoint2D@187a61, Value: [Vertex(-1, -2, 1), Vertex(0, -2, 5)]
Key: com.catan.model.RoundedPoint2D@15fe91, Value: [Vertex(-1, 2, 0)]
Key: com.catan.model.RoundedPoint2D@15c011, Value: [Vertex(-2, 1, 1), Vertex(-1, 2, 3), Vertex(-1, 1, 5)]
Key: com.catan.model.RoundedPoint2D@150491, Value: [Vertex(-1, -2, 3)]
Key: com.catan.model.RoundedPoint2D@154311, Value: [Vertex(-1, -2, 0), Vertex(-2, -1, 2)]
Key: com.catan.model.RoundedPoint2D@b9d02, Value: [Vertex(-2, 0, 4)]
Key: com.catan.model.RoundedPoint2D@eb512, Value: [Vertex(-2, -1, 4)]
Key: com.catan.model.RoundedPoint2D@f3212, Value: [Vertex(-2, 1, 5)]
Key: com.catan.model.RoundedPoint2D@1fa481, Value: [Vertex(0, 1, 0), Vertex(1, 2, 4), Vertex(0, 2, 2)]
Key: com.catan.model.RoundedPoint2D@1f6601, Value: [Vertex(0, 0, 1), Vertex(0, 1, 3)]
Key: com.catan.model.RoundedPoint2D@1ee901, Value: [Vertex(0, -2, 2), Vertex(1, -2, 4)]
Key: com.catan.model.RoundedPoint2D@257700, Value: [Vertex(1, -2, 2)]
Key: com.catan.model.RoundedPoint2D@25f400, Value: [Vertex(1, 1, 3)]
Key: com.catan.model.RoundedPoint2D@263280, Value: [Vertex(1, 1, 0), Vertex(1, 2, 2)]
Key: com.catan.model.RoundedPoint2D@1bf031, Value: [Vertex(0, -1, 5), Vertex(0, 0, 3)]
Key: com.catan.model.RoundedPoint2D@1c2eb1, Value: [Vertex(0, 0, 0), Vertex(0, 1, 4), Vertex(-1, 1, 2)]
Key: com.catan.model.RoundedPoint2D@124a22, Value: [Vertex(-2, 1, 3), Vertex(-2, 0, 1)]
Key: com.catan.model.RoundedPoint2D@1288a2, Value: [Vertex(-2, 1, 0), Vertex(-1, 2, 4)]
Key: com.catan.model.RoundedPoint2D@22bc91, Value: [Vertex(1, 1, 4), Vertex(0, 1, 2)]
Key: com.catan.model.RoundedPoint2D@227e11, Value: [Vertex(0, -1, 1), Vertex(1, -1, 5)]
Key: com.catan.model.RoundedPoint2D@11cd22, Value: [Vertex(-1, -2, 4)]
Key: com.catan.model.RoundedPoint2D@1916a1, Value: [Vertex(0, 2, 4), Vertex(-1, 2, 2), Vertex(-1, 1, 0)]
Key: com.catan.model.RoundedPoint2D@290c10, Value: [Vertex(1, -1, 1)]
Key: com.catan.model.RoundedPoint2D@294a90, Value: [Vertex(1, 1, 2)]
Key: com.catan.model.RoundedPoint2D@18d821, Value: [Vertex(0, 0, 5), Vertex(-1, 1, 3)]
Key: com.catan.model.RoundedPoint2D@185b21, Value: [Vertex(-1, -2, 2), Vertex(0, -2, 4)]
Key: com.catan.model.RoundedPoint2D@156251, Value: [Vertex(-2, -1, 1)]
Key: com.catan.model.RoundedPoint2D@15a0d1, Value: [Vertex(-2, 1, 2), Vertex(-1, 1, 4)]
Key: com.catan.model.RoundedPoint2D@bbc42, Value: [Vertex(-2, 0, 5)]
Key: com.catan.model.RoundedPoint2D@ed452, Value: [Vertex(-2, 0, 3), Vertex(-2, -1, 5)]
Key: com.catan.model.RoundedPoint2D@f12d2, Value: [Vertex(-2, 1, 4), Vertex(-2, 0, 0)]
Key: com.catan.model.RoundedPoint2D@1fc3c1, Value: [Vertex(1, 2, 5), Vertex(0, 2, 1)]
Key: com.catan.model.RoundedPoint2D@1f0841, Value: [Vertex(0, -1, 3), Vertex(0, -2, 1), Vertex(1, -2, 5)]
Key: com.catan.model.RoundedPoint2D@1f46c1, Value: [Vertex(0, -1, 0), Vertex(0, 0, 2)]
Key: com.catan.model.RoundedPoint2D@25d4c0, Value: [Vertex(1, -1, 0)]
Key: com.catan.model.RoundedPoint2D@259640, Value: [Vertex(1, -2, 1), Vertex(1, -1, 3)]
Key: com.catan.model.RoundedPoint2D@2651c0, Value: [Vertex(1, 2, 1)]
Key: com.catan.model.RoundedPoint2D@1b9271, Value: [Vertex(0, -2, 3)]
Key: com.catan.model.RoundedPoint2D@1bd0f1, Value: [Vertex(0, -1, 4), Vertex(0, -2, 0)]
Key: com.catan.model.RoundedPoint2D@1c8c71, Value: [Vertex(0, 2, 0)]
Key: com.catan.model.RoundedPoint2D@1c4df1, Value: [Vertex(0, 1, 5), Vertex(0, 2, 3), Vertex(-1, 1, 1)]
Key: com.catan.model.RoundedPoint2D@122ae2, Value: [Vertex(-2, 0, 2), Vertex(-2, -1, 0)]
Key: com.catan.model.RoundedPoint2D@12a7e2, Value: [Vertex(-1, 2, 5)]
Key: com.catan.model.RoundedPoint2D@231a51, Value: [Vertex(1, 2, 0)]
Key: com.catan.model.RoundedPoint2D@222051, Value: [Vertex(1, -2, 3)]
Key: com.catan.model.RoundedPoint2D@22dbd1, Value: [Vertex(1, 1, 5), Vertex(0, 1, 1), Vertex(1, 2, 3)]
Key: com.catan.model.RoundedPoint2D@225ed1, Value: [Vertex(0, -1, 2), Vertex(1, -2, 0), Vertex(1, -1, 4)]
Key: com.catan.model.RoundedPoint2D@11ec62, Value: [Vertex(-1, -2, 5), Vertex(-2, -1, 3)]
Key: com.catan.model.RoundedPoint2D@28ecd0, Value: [Vertex(1, -1, 2)]
Key: com.catan.model.RoundedPoint2D@1935e1, Value: [Vertex(0, 2, 5), Vertex(-1, 2, 1)]
Key: com.catan.model.RoundedPoint2D@2969d0, Value: [Vertex(1, 1, 1)]
Key: com.catan.model.RoundedPoint2D@18b8e1, Value: [Vertex(0, 0, 4)]
Key: com.catan.model.RoundedPoint2D@187a61, Value: [Vertex(-1, -2, 1), Vertex(0, -2, 5)]
Key: com.catan.model.RoundedPoint2D@15fe91, Value: [Vertex(-1, 2, 0)]
Key: com.catan.model.RoundedPoint2D@15c011, Value: [Vertex(-2, 1, 1), Vertex(-1, 2, 3), Vertex(-1, 1, 5)]
Key: com.catan.model.RoundedPoint2D@150491, Value: [Vertex(-1, -2, 3)]
Key: com.catan.model.RoundedPoint2D@154311, Value: [Vertex(-1, -2, 0), Vertex(-2, -1, 2)]
Key: com.catan.model.RoundedPoint2D@b9d02, Value: [Vertex(-2, 0, 4)]
Key: com.catan.model.RoundedPoint2D@eb512, Value: [Vertex(-2, -1, 4)]
Key: com.catan.model.RoundedPoint2D@f3212, Value: [Vertex(-2, 1, 5)]
Key: com.catan.model.RoundedPoint2D@1fa481, Value: [Vertex(0, 1, 0), Vertex(1, 2, 4), Vertex(0, 2, 2)]
Key: com.catan.model.RoundedPoint2D@1f6601, Value: [Vertex(0, 0, 1), Vertex(0, 1, 3)]
Key: com.catan.model.RoundedPoint2D@1ee901, Value: [Vertex(0, -2, 2), Vertex(1, -2, 4)]
Key: com.catan.model.RoundedPoint2D@257700, Value: [Vertex(1, -2, 2)]
Key: com.catan.model.RoundedPoint2D@25f400, Value: [Vertex(1, 1, 3)]
Key: com.catan.model.RoundedPoint2D@263280, Value: [Vertex(1, 1, 0), Vertex(1, 2, 2)]
Key: com.catan.model.RoundedPoint2D@1bf031, Value: [Vertex(0, -1, 5), Vertex(0, 0, 3)]
Key: com.catan.model.RoundedPoint2D@1c2eb1, Value: [Vertex(0, 0, 0), Vertex(0, 1, 4), Vertex(-1, 1, 2)]
Key: com.catan.model.RoundedPoint2D@124a22, Value: [Vertex(-2, 1, 3), Vertex(-2, 0, 1)]
Key: com.catan.model.RoundedPoint2D@1288a2, Value: [Vertex(-2, 1, 0), Vertex(-1, 2, 4)]
Key: com.catan.model.RoundedPoint2D@22bc91, Value: [Vertex(1, 1, 4), Vertex(0, 1, 2)]
Key: com.catan.model.RoundedPoint2D@227e11, Value: [Vertex(0, -1, 1), Vertex(1, -1, 5)]
Key: com.catan.model.RoundedPoint2D@11cd22, Value: [Vertex(-1, -2, 4)]
Key: com.catan.model.RoundedPoint2D@1916a1, Value: [Vertex(0, 2, 4), Vertex(-1, 2, 2), Vertex(-1, 1, 0)]
Key: com.catan.model.RoundedPoint2D@290c10, Value: [Vertex(1, -1, 1)]
Key: com.catan.model.RoundedPoint2D@294a90, Value: [Vertex(1, 1, 2)]
Key: com.catan.model.RoundedPoint2D@18d821, Value: [Vertex(0, 0, 5), Vertex(-1, 1, 3)]
Key: com.catan.model.RoundedPoint2D@185b21, Value: [Vertex(-1, -2, 2), Vertex(0, -2, 4)]
Key: com.catan.model.RoundedPoint2D@156251, Value: [Vertex(-2, -1, 1)]
Key: com.catan.model.RoundedPoint2D@15a0d1, Value: [Vertex(-2, 1, 2), Vertex(-1, 1, 4), Vertex(-1, 0, 0)]
Key: com.catan.model.RoundedPoint2D@bbc42, Value: [Vertex(-2, 0, 5)]
Key: com.catan.model.RoundedPoint2D@ed452, Value: [Vertex(-2, 0, 3), Vertex(-2, -1, 5)]
Key: com.catan.model.RoundedPoint2D@f12d2, Value: [Vertex(-2, 1, 4), Vertex(-2, 0, 0)]
Key: com.catan.model.RoundedPoint2D@1fc3c1, Value: [Vertex(1, 2, 5), Vertex(0, 2, 1)]
Key: com.catan.model.RoundedPoint2D@1f0841, Value: [Vertex(0, -1, 3), Vertex(0, -2, 1), Vertex(1, -2, 5)]
Key: com.catan.model.RoundedPoint2D@1f46c1, Value: [Vertex(0, -1, 0), Vertex(0, 0, 2)]
Key: com.catan.model.RoundedPoint2D@25d4c0, Value: [Vertex(1, -1, 0)]
Key: com.catan.model.RoundedPoint2D@259640, Value: [Vertex(1, -2, 1), Vertex(1, -1, 3)]
Key: com.catan.model.RoundedPoint2D@2651c0, Value: [Vertex(1, 2, 1)]
Key: com.catan.model.RoundedPoint2D@1b9271, Value: [Vertex(0, -2, 3)]
Key: com.catan.model.RoundedPoint2D@1bd0f1, Value: [Vertex(0, -1, 4), Vertex(0, -2, 0)]
Key: com.catan.model.RoundedPoint2D@1c8c71, Value: [Vertex(0, 2, 0)]
Key: com.catan.model.RoundedPoint2D@1c4df1, Value: [Vertex(0, 1, 5), Vertex(0, 2, 3), Vertex(-1, 1, 1)]
Key: com.catan.model.RoundedPoint2D@122ae2, Value: [Vertex(-2, 0, 2), Vertex(-2, -1, 0)]
Key: com.catan.model.RoundedPoint2D@12a7e2, Value: [Vertex(-1, 2, 5)]
Key: com.catan.model.RoundedPoint2D@231a51, Value: [Vertex(1, 2, 0)]
Key: com.catan.model.RoundedPoint2D@222051, Value: [Vertex(1, -2, 3)]
Key: com.catan.model.RoundedPoint2D@22dbd1, Value: [Vertex(1, 1, 5), Vertex(0, 1, 1), Vertex(1, 2, 3)]
Key: com.catan.model.RoundedPoint2D@225ed1, Value: [Vertex(0, -1, 2), Vertex(1, -2, 0), Vertex(1, -1, 4)]
Key: com.catan.model.RoundedPoint2D@11ec62, Value: [Vertex(-1, -2, 5), Vertex(-2, -1, 3)]
Key: com.catan.model.RoundedPoint2D@28ecd0, Value: [Vertex(1, -1, 2)]
Key: com.catan.model.RoundedPoint2D@1935e1, Value: [Vertex(0, 2, 5), Vertex(-1, 2, 1)]
Key: com.catan.model.RoundedPoint2D@2969d0, Value: [Vertex(1, 1, 1)]
Key: com.catan.model.RoundedPoint2D@18b8e1, Value: [Vertex(0, 0, 4)]
Key: com.catan.model.RoundedPoint2D@187a61, Value: [Vertex(-1, -2, 1), Vertex(0, -2, 5)]
Key: com.catan.model.RoundedPoint2D@15fe91, Value: [Vertex(-1, 2, 0)]
Key: com.catan.model.RoundedPoint2D@15c011, Value: [Vertex(-2, 1, 1), Vertex(-1, 2, 3), Vertex(-1, 1, 5)]
Key: com.catan.model.RoundedPoint2D@150491, Value: [Vertex(-1, -2, 3)]
Key: com.catan.model.RoundedPoint2D@154311, Value: [Vertex(-1, -2, 0), Vertex(-2, -1, 2)]
Key: com.catan.model.RoundedPoint2D@b9d02, Value: [Vertex(-2, 0, 4)]
Key: com.catan.model.RoundedPoint2D@eb512, Value: [Vertex(-2, -1, 4)]
Key: com.catan.model.RoundedPoint2D@f3212, Value: [Vertex(-2, 1, 5)]
Key: com.catan.model.RoundedPoint2D@1fa481, Value: [Vertex(0, 1, 0), Vertex(1, 2, 4), Vertex(0, 2, 2)]
Key: com.catan.model.RoundedPoint2D@1f6601, Value: [Vertex(0, 0, 1), Vertex(0, 1, 3)]
Key: com.catan.model.RoundedPoint2D@1ee901, Value: [Vertex(0, -2, 2), Vertex(1, -2, 4)]
Key: com.catan.model.RoundedPoint2D@257700, Value: [Vertex(1, -2, 2)]
Key: com.catan.model.RoundedPoint2D@25f400, Value: [Vertex(1, 1, 3)]
Key: com.catan.model.RoundedPoint2D@263280, Value: [Vertex(1, 1, 0), Vertex(1, 2, 2)]
Key: com.catan.model.RoundedPoint2D@1bf031, Value: [Vertex(0, -1, 5), Vertex(0, 0, 3)]
Key: com.catan.model.RoundedPoint2D@1c2eb1, Value: [Vertex(0, 0, 0), Vertex(0, 1, 4), Vertex(-1, 1, 2)]
Key: com.catan.model.RoundedPoint2D@124a22, Value: [Vertex(-2, 1, 3), Vertex(-2, 0, 1)]
Key: com.catan.model.RoundedPoint2D@1288a2, Value: [Vertex(-2, 1, 0), Vertex(-1, 2, 4)]
Key: com.catan.model.RoundedPoint2D@22bc91, Value: [Vertex(1, 1, 4), Vertex(0, 1, 2)]
Key: com.catan.model.RoundedPoint2D@227e11, Value: [Vertex(0, -1, 1), Vertex(1, -1, 5)]
Key: com.catan.model.RoundedPoint2D@11cd22, Value: [Vertex(-1, -2, 4)]
Key: com.catan.model.RoundedPoint2D@1916a1, Value: [Vertex(0, 2, 4), Vertex(-1, 2, 2), Vertex(-1, 1, 0)]
Key: com.catan.model.RoundedPoint2D@290c10, Value: [Vertex(1, -1, 1)]
Key: com.catan.model.RoundedPoint2D@294a90, Value: [Vertex(1, 1, 2)]
Key: com.catan.model.RoundedPoint2D@18d821, Value: [Vertex(0, 0, 5), Vertex(-1, 1, 3), Vertex(-1, 0, 1)]
Key: com.catan.model.RoundedPoint2D@185b21, Value: [Vertex(-1, -2, 2), Vertex(0, -2, 4)]
Key: com.catan.model.RoundedPoint2D@156251, Value: [Vertex(-2, -1, 1)]
Key: com.catan.model.RoundedPoint2D@15a0d1, Value: [Vertex(-2, 1, 2), Vertex(-1, 1, 4), Vertex(-1, 0, 0)]
Key: com.catan.model.RoundedPoint2D@bbc42, Value: [Vertex(-2, 0, 5)]
Key: com.catan.model.RoundedPoint2D@ed452, Value: [Vertex(-2, 0, 3), Vertex(-2, -1, 5)]
Key: com.catan.model.RoundedPoint2D@f12d2, Value: [Vertex(-2, 1, 4), Vertex(-2, 0, 0)]
Key: com.catan.model.RoundedPoint2D@1fc3c1, Value: [Vertex(1, 2, 5), Vertex(0, 2, 1)]
Key: com.catan.model.RoundedPoint2D@1f0841, Value: [Vertex(0, -1, 3), Vertex(0, -2, 1), Vertex(1, -2, 5)]
Key: com.catan.model.RoundedPoint2D@1f46c1, Value: [Vertex(0, -1, 0), Vertex(0, 0, 2)]
Key: com.catan.model.RoundedPoint2D@25d4c0, Value: [Vertex(1, -1, 0)]
Key: com.catan.model.RoundedPoint2D@259640, Value: [Vertex(1, -2, 1), Vertex(1, -1, 3)]
Key: com.catan.model.RoundedPoint2D@2651c0, Value: [Vertex(1, 2, 1)]
Key: com.catan.model.RoundedPoint2D@1b9271, Value: [Vertex(0, -2, 3)]
Key: com.catan.model.RoundedPoint2D@1bd0f1, Value: [Vertex(0, -1, 4), Vertex(0, -2, 0)]
Key: com.catan.model.RoundedPoint2D@1c8c71, Value: [Vertex(0, 2, 0)]
Key: com.catan.model.RoundedPoint2D@1c4df1, Value: [Vertex(0, 1, 5), Vertex(0, 2, 3), Vertex(-1, 1, 1)]
Key: com.catan.model.RoundedPoint2D@122ae2, Value: [Vertex(-2, 0, 2), Vertex(-2, -1, 0)]
Key: com.catan.model.RoundedPoint2D@12a7e2, Value: [Vertex(-1, 2, 5)]
Key: com.catan.model.RoundedPoint2D@231a51, Value: [Vertex(1, 2, 0)]
Key: com.catan.model.RoundedPoint2D@222051, Value: [Vertex(1, -2, 3)]
Key: com.catan.model.RoundedPoint2D@22dbd1, Value: [Vertex(1, 1, 5), Vertex(0, 1, 1), Vertex(1, 2, 3)]
Key: com.catan.model.RoundedPoint2D@225ed1, Value: [Vertex(0, -1, 2), Vertex(1, -2, 0), Vertex(1, -1, 4)]
Key: com.catan.model.RoundedPoint2D@11ec62, Value: [Vertex(-1, -2, 5), Vertex(-2, -1, 3)]
Key: com.catan.model.RoundedPoint2D@28ecd0, Value: [Vertex(1, -1, 2)]
Key: com.catan.model.RoundedPoint2D@1935e1, Value: [Vertex(0, 2, 5), Vertex(-1, 2, 1)]
Key: com.catan.model.RoundedPoint2D@2969d0, Value: [Vertex(1, 1, 1)]
Key: com.catan.model.RoundedPoint2D@18b8e1, Value: [Vertex(0, 0, 4)]
Key: com.catan.model.RoundedPoint2D@187a61, Value: [Vertex(-1, -2, 1), Vertex(0, -2, 5)]
Key: com.catan.model.RoundedPoint2D@15fe91, Value: [Vertex(-1, 2, 0)]
Key: com.catan.model.RoundedPoint2D@15c011, Value: [Vertex(-2, 1, 1), Vertex(-1, 2, 3), Vertex(-1, 1, 5)]
Key: com.catan.model.RoundedPoint2D@150491, Value: [Vertex(-1, -2, 3)]
Key: com.catan.model.RoundedPoint2D@154311, Value: [Vertex(-1, -2, 0), Vertex(-2, -1, 2)]
Key: com.catan.model.RoundedPoint2D@b9d02, Value: [Vertex(-2, 0, 4)]
Key: com.catan.model.RoundedPoint2D@eb512, Value: [Vertex(-2, -1, 4)]
Key: com.catan.model.RoundedPoint2D@f3212, Value: [Vertex(-2, 1, 5)]
Key: com.catan.model.RoundedPoint2D@1fa481, Value: [Vertex(0, 1, 0), Vertex(1, 2, 4), Vertex(0, 2, 2)]
Key: com.catan.model.RoundedPoint2D@1f6601, Value: [Vertex(0, 0, 1), Vertex(0, 1, 3)]
Key: com.catan.model.RoundedPoint2D@1ee901, Value: [Vertex(0, -2, 2), Vertex(1, -2, 4)]
Key: com.catan.model.RoundedPoint2D@257700, Value: [Vertex(1, -2, 2)]
Key: com.catan.model.RoundedPoint2D@25f400, Value: [Vertex(1, 1, 3)]
Key: com.catan.model.RoundedPoint2D@263280, Value: [Vertex(1, 1, 0), Vertex(1, 2, 2)]
Key: com.catan.model.RoundedPoint2D@1bf031, Value: [Vertex(0, -1, 5), Vertex(0, 0, 3)]
Key: com.catan.model.RoundedPoint2D@1c2eb1, Value: [Vertex(0, 0, 0), Vertex(0, 1, 4), Vertex(-1, 1, 2)]
Key: com.catan.model.RoundedPoint2D@124a22, Value: [Vertex(-2, 1, 3), Vertex(-2, 0, 1)]
Key: com.catan.model.RoundedPoint2D@1288a2, Value: [Vertex(-2, 1, 0), Vertex(-1, 2, 4)]
Key: com.catan.model.RoundedPoint2D@22bc91, Value: [Vertex(1, 1, 4), Vertex(0, 1, 2)]
Key: com.catan.model.RoundedPoint2D@227e11, Value: [Vertex(0, -1, 1), Vertex(1, -1, 5)]
Key: com.catan.model.RoundedPoint2D@11cd22, Value: [Vertex(-1, -2, 4)]
Key: com.catan.model.RoundedPoint2D@1916a1, Value: [Vertex(0, 2, 4), Vertex(-1, 2, 2), Vertex(-1, 1, 0)]
Key: com.catan.model.RoundedPoint2D@290c10, Value: [Vertex(1, -1, 1)]
Key: com.catan.model.RoundedPoint2D@294a90, Value: [Vertex(1, 1, 2)]
Key: com.catan.model.RoundedPoint2D@18d821, Value: [Vertex(0, 0, 5), Vertex(-1, 1, 3), Vertex(-1, 0, 1)]
Key: com.catan.model.RoundedPoint2D@185b21, Value: [Vertex(-1, -2, 2), Vertex(0, -2, 4)]
Key: com.catan.model.RoundedPoint2D@156251, Value: [Vertex(-2, -1, 1)]
Key: com.catan.model.RoundedPoint2D@15a0d1, Value: [Vertex(-2, 1, 2), Vertex(-1, 1, 4), Vertex(-1, 0, 0)]
Key: com.catan.model.RoundedPoint2D@bbc42, Value: [Vertex(-2, 0, 5)]
Key: com.catan.model.RoundedPoint2D@ed452, Value: [Vertex(-2, 0, 3), Vertex(-2, -1, 5)]
Key: com.catan.model.RoundedPoint2D@f12d2, Value: [Vertex(-2, 1, 4), Vertex(-2, 0, 0)]
Key: com.catan.model.RoundedPoint2D@1fc3c1, Value: [Vertex(1, 2, 5), Vertex(0, 2, 1)]
Key: com.catan.model.RoundedPoint2D@1f0841, Value: [Vertex(0, -1, 3), Vertex(0, -2, 1), Vertex(1, -2, 5)]
Key: com.catan.model.RoundedPoint2D@1f46c1, Value: [Vertex(0, -1, 0), Vertex(0, 0, 2)]
Key: com.catan.model.RoundedPoint2D@25d4c0, Value: [Vertex(1, -1, 0)]
Key: com.catan.model.RoundedPoint2D@259640, Value: [Vertex(1, -2, 1), Vertex(1, -1, 3)]
Key: com.catan.model.RoundedPoint2D@2651c0, Value: [Vertex(1, 2, 1)]
Key: com.catan.model.RoundedPoint2D@1b9271, Value: [Vertex(0, -2, 3)]
Key: com.catan.model.RoundedPoint2D@1bd0f1, Value: [Vertex(0, -1, 4), Vertex(0, -2, 0)]
Key: com.catan.model.RoundedPoint2D@1c8c71, Value: [Vertex(0, 2, 0)]
Key: com.catan.model.RoundedPoint2D@1c4df1, Value: [Vertex(0, 1, 5), Vertex(0, 2, 3), Vertex(-1, 1, 1)]
Key: com.catan.model.RoundedPoint2D@122ae2, Value: [Vertex(-2, 0, 2), Vertex(-2, -1, 0)]
Key: com.catan.model.RoundedPoint2D@12a7e2, Value: [Vertex(-1, 2, 5)]
Key: com.catan.model.RoundedPoint2D@231a51, Value: [Vertex(1, 2, 0)]
Key: com.catan.model.RoundedPoint2D@222051, Value: [Vertex(1, -2, 3)]
Key: com.catan.model.RoundedPoint2D@22dbd1, Value: [Vertex(1, 1, 5), Vertex(0, 1, 1), Vertex(1, 2, 3)]
Key: com.catan.model.RoundedPoint2D@225ed1, Value: [Vertex(0, -1, 2), Vertex(1, -2, 0), Vertex(1, -1, 4)]
Key: com.catan.model.RoundedPoint2D@11ec62, Value: [Vertex(-1, -2, 5), Vertex(-2, -1, 3)]
Key: com.catan.model.RoundedPoint2D@28ecd0, Value: [Vertex(1, -1, 2)]
Key: com.catan.model.RoundedPoint2D@1935e1, Value: [Vertex(0, 2, 5), Vertex(-1, 2, 1)]
Key: com.catan.model.RoundedPoint2D@2969d0, Value: [Vertex(1, 1, 1)]
Key: com.catan.model.RoundedPoint2D@18b8e1, Value: [Vertex(0, 0, 4), Vertex(-1, 0, 2)]
Key: com.catan.model.RoundedPoint2D@187a61, Value: [Vertex(-1, -2, 1), Vertex(0, -2, 5)]
Key: com.catan.model.RoundedPoint2D@15fe91, Value: [Vertex(-1, 2, 0)]
Key: com.catan.model.RoundedPoint2D@15c011, Value: [Vertex(-2, 1, 1), Vertex(-1, 2, 3), Vertex(-1, 1, 5)]
Key: com.catan.model.RoundedPoint2D@150491, Value: [Vertex(-1, -2, 3)]
Key: com.catan.model.RoundedPoint2D@154311, Value: [Vertex(-1, -2, 0), Vertex(-2, -1, 2)]
Key: com.catan.model.RoundedPoint2D@b9d02, Value: [Vertex(-2, 0, 4)]
Key: com.catan.model.RoundedPoint2D@eb512, Value: [Vertex(-2, -1, 4)]
Key: com.catan.model.RoundedPoint2D@f3212, Value: [Vertex(-2, 1, 5)]
Key: com.catan.model.RoundedPoint2D@1fa481, Value: [Vertex(0, 1, 0), Vertex(1, 2, 4), Vertex(0, 2, 2)]
Key: com.catan.model.RoundedPoint2D@1f6601, Value: [Vertex(0, 0, 1), Vertex(0, 1, 3)]
Key: com.catan.model.RoundedPoint2D@1ee901, Value: [Vertex(0, -2, 2), Vertex(1, -2, 4)]
Key: com.catan.model.RoundedPoint2D@257700, Value: [Vertex(1, -2, 2)]
Key: com.catan.model.RoundedPoint2D@25f400, Value: [Vertex(1, 1, 3)]
Key: com.catan.model.RoundedPoint2D@263280, Value: [Vertex(1, 1, 0), Vertex(1, 2, 2)]
Key: com.catan.model.RoundedPoint2D@1bf031, Value: [Vertex(0, -1, 5), Vertex(0, 0, 3)]
Key: com.catan.model.RoundedPoint2D@1c2eb1, Value: [Vertex(0, 0, 0), Vertex(0, 1, 4), Vertex(-1, 1, 2)]
Key: com.catan.model.RoundedPoint2D@124a22, Value: [Vertex(-2, 1, 3), Vertex(-2, 0, 1)]
Key: com.catan.model.RoundedPoint2D@1288a2, Value: [Vertex(-2, 1, 0), Vertex(-1, 2, 4)]
Key: com.catan.model.RoundedPoint2D@22bc91, Value: [Vertex(1, 1, 4), Vertex(0, 1, 2)]
Key: com.catan.model.RoundedPoint2D@227e11, Value: [Vertex(0, -1, 1), Vertex(1, -1, 5)]
Key: com.catan.model.RoundedPoint2D@11cd22, Value: [Vertex(-1, -2, 4)]
Key: com.catan.model.RoundedPoint2D@1916a1, Value: [Vertex(0, 2, 4), Vertex(-1, 2, 2), Vertex(-1, 1, 0)]
Key: com.catan.model.RoundedPoint2D@290c10, Value: [Vertex(1, -1, 1)]
Key: com.catan.model.RoundedPoint2D@294a90, Value: [Vertex(1, 1, 2)]
Key: com.catan.model.RoundedPoint2D@18d821, Value: [Vertex(0, 0, 5), Vertex(-1, 1, 3), Vertex(-1, 0, 1)]
Key: com.catan.model.RoundedPoint2D@185b21, Value: [Vertex(-1, -2, 2), Vertex(0, -2, 4)]
Key: com.catan.model.RoundedPoint2D@156251, Value: [Vertex(-2, -1, 1), Vertex(-1, 0, 3)]
Key: com.catan.model.RoundedPoint2D@15a0d1, Value: [Vertex(-2, 1, 2), Vertex(-1, 1, 4), Vertex(-1, 0, 0)]
Key: com.catan.model.RoundedPoint2D@bbc42, Value: [Vertex(-2, 0, 5)]
Key: com.catan.model.RoundedPoint2D@ed452, Value: [Vertex(-2, 0, 3), Vertex(-2, -1, 5)]
Key: com.catan.model.RoundedPoint2D@f12d2, Value: [Vertex(-2, 1, 4), Vertex(-2, 0, 0)]
Key: com.catan.model.RoundedPoint2D@1fc3c1, Value: [Vertex(1, 2, 5), Vertex(0, 2, 1)]
Key: com.catan.model.RoundedPoint2D@1f0841, Value: [Vertex(0, -1, 3), Vertex(0, -2, 1), Vertex(1, -2, 5)]
Key: com.catan.model.RoundedPoint2D@1f46c1, Value: [Vertex(0, -1, 0), Vertex(0, 0, 2)]
Key: com.catan.model.RoundedPoint2D@25d4c0, Value: [Vertex(1, -1, 0)]
Key: com.catan.model.RoundedPoint2D@259640, Value: [Vertex(1, -2, 1), Vertex(1, -1, 3)]
Key: com.catan.model.RoundedPoint2D@2651c0, Value: [Vertex(1, 2, 1)]
Key: com.catan.model.RoundedPoint2D@1b9271, Value: [Vertex(0, -2, 3)]
Key: com.catan.model.RoundedPoint2D@1bd0f1, Value: [Vertex(0, -1, 4), Vertex(0, -2, 0)]
Key: com.catan.model.RoundedPoint2D@1c8c71, Value: [Vertex(0, 2, 0)]
Key: com.catan.model.RoundedPoint2D@1c4df1, Value: [Vertex(0, 1, 5), Vertex(0, 2, 3), Vertex(-1, 1, 1)]
Key: com.catan.model.RoundedPoint2D@122ae2, Value: [Vertex(-2, 0, 2), Vertex(-2, -1, 0)]
Key: com.catan.model.RoundedPoint2D@12a7e2, Value: [Vertex(-1, 2, 5)]
Key: com.catan.model.RoundedPoint2D@231a51, Value: [Vertex(1, 2, 0)]
Key: com.catan.model.RoundedPoint2D@222051, Value: [Vertex(1, -2, 3)]
Key: com.catan.model.RoundedPoint2D@22dbd1, Value: [Vertex(1, 1, 5), Vertex(0, 1, 1), Vertex(1, 2, 3)]
Key: com.catan.model.RoundedPoint2D@225ed1, Value: [Vertex(0, -1, 2), Vertex(1, -2, 0), Vertex(1, -1, 4)]
Key: com.catan.model.RoundedPoint2D@11ec62, Value: [Vertex(-1, -2, 5), Vertex(-2, -1, 3)]
Key: com.catan.model.RoundedPoint2D@28ecd0, Value: [Vertex(1, -1, 2)]
Key: com.catan.model.RoundedPoint2D@1935e1, Value: [Vertex(0, 2, 5), Vertex(-1, 2, 1)]
Key: com.catan.model.RoundedPoint2D@2969d0, Value: [Vertex(1, 1, 1)]
Key: com.catan.model.RoundedPoint2D@18b8e1, Value: [Vertex(0, 0, 4), Vertex(-1, 0, 2)]
Key: com.catan.model.RoundedPoint2D@187a61, Value: [Vertex(-1, -2, 1), Vertex(0, -2, 5)]
Key: com.catan.model.RoundedPoint2D@15fe91, Value: [Vertex(-1, 2, 0)]
Key: com.catan.model.RoundedPoint2D@15c011, Value: [Vertex(-2, 1, 1), Vertex(-1, 2, 3), Vertex(-1, 1, 5)]
Key: com.catan.model.RoundedPoint2D@150491, Value: [Vertex(-1, -2, 3)]
Key: com.catan.model.RoundedPoint2D@154311, Value: [Vertex(-1, -2, 0), Vertex(-2, -1, 2)]
Key: com.catan.model.RoundedPoint2D@b9d02, Value: [Vertex(-2, 0, 4)]
Key: com.catan.model.RoundedPoint2D@eb512, Value: [Vertex(-2, -1, 4)]
Key: com.catan.model.RoundedPoint2D@f3212, Value: [Vertex(-2, 1, 5)]
Key: com.catan.model.RoundedPoint2D@1fa481, Value: [Vertex(0, 1, 0), Vertex(1, 2, 4), Vertex(0, 2, 2)]
Key: com.catan.model.RoundedPoint2D@1f6601, Value: [Vertex(0, 0, 1), Vertex(0, 1, 3)]
Key: com.catan.model.RoundedPoint2D@1ee901, Value: [Vertex(0, -2, 2), Vertex(1, -2, 4)]
Key: com.catan.model.RoundedPoint2D@257700, Value: [Vertex(1, -2, 2)]
Key: com.catan.model.RoundedPoint2D@25f400, Value: [Vertex(1, 1, 3)]
Key: com.catan.model.RoundedPoint2D@263280, Value: [Vertex(1, 1, 0), Vertex(1, 2, 2)]
Key: com.catan.model.RoundedPoint2D@1bf031, Value: [Vertex(0, -1, 5), Vertex(0, 0, 3)]
Key: com.catan.model.RoundedPoint2D@1c2eb1, Value: [Vertex(0, 0, 0), Vertex(0, 1, 4), Vertex(-1, 1, 2)]
Key: com.catan.model.RoundedPoint2D@124a22, Value: [Vertex(-2, 1, 3), Vertex(-2, 0, 1)]
Key: com.catan.model.RoundedPoint2D@1288a2, Value: [Vertex(-2, 1, 0), Vertex(-1, 2, 4)]
Key: com.catan.model.RoundedPoint2D@22bc91, Value: [Vertex(1, 1, 4), Vertex(0, 1, 2)]
Key: com.catan.model.RoundedPoint2D@227e11, Value: [Vertex(0, -1, 1), Vertex(1, -1, 5)]
Key: com.catan.model.RoundedPoint2D@11cd22, Value: [Vertex(-1, -2, 4)]
Key: com.catan.model.RoundedPoint2D@1916a1, Value: [Vertex(0, 2, 4), Vertex(-1, 2, 2), Vertex(-1, 1, 0)]
Key: com.catan.model.RoundedPoint2D@290c10, Value: [Vertex(1, -1, 1)]
Key: com.catan.model.RoundedPoint2D@294a90, Value: [Vertex(1, 1, 2)]
Key: com.catan.model.RoundedPoint2D@18d821, Value: [Vertex(0, 0, 5), Vertex(-1, 1, 3), Vertex(-1, 0, 1)]
Key: com.catan.model.RoundedPoint2D@185b21, Value: [Vertex(-1, -2, 2), Vertex(0, -2, 4)]
Key: com.catan.model.RoundedPoint2D@156251, Value: [Vertex(-2, -1, 1), Vertex(-1, 0, 3)]
Key: com.catan.model.RoundedPoint2D@15a0d1, Value: [Vertex(-2, 1, 2), Vertex(-1, 1, 4), Vertex(-1, 0, 0)]
Key: com.catan.model.RoundedPoint2D@bbc42, Value: [Vertex(-2, 0, 5)]
Key: com.catan.model.RoundedPoint2D@ed452, Value: [Vertex(-2, 0, 3), Vertex(-2, -1, 5)]
Key: com.catan.model.RoundedPoint2D@f12d2, Value: [Vertex(-2, 1, 4), Vertex(-2, 0, 0)]
Key: com.catan.model.RoundedPoint2D@1fc3c1, Value: [Vertex(1, 2, 5), Vertex(0, 2, 1)]
Key: com.catan.model.RoundedPoint2D@1f0841, Value: [Vertex(0, -1, 3), Vertex(0, -2, 1), Vertex(1, -2, 5)]
Key: com.catan.model.RoundedPoint2D@1f46c1, Value: [Vertex(0, -1, 0), Vertex(0, 0, 2)]
Key: com.catan.model.RoundedPoint2D@25d4c0, Value: [Vertex(1, -1, 0)]
Key: com.catan.model.RoundedPoint2D@259640, Value: [Vertex(1, -2, 1), Vertex(1, -1, 3)]
Key: com.catan.model.RoundedPoint2D@2651c0, Value: [Vertex(1, 2, 1)]
Key: com.catan.model.RoundedPoint2D@1b9271, Value: [Vertex(0, -2, 3)]
Key: com.catan.model.RoundedPoint2D@1bd0f1, Value: [Vertex(0, -1, 4), Vertex(0, -2, 0)]
Key: com.catan.model.RoundedPoint2D@1c8c71, Value: [Vertex(0, 2, 0)]
Key: com.catan.model.RoundedPoint2D@1c4df1, Value: [Vertex(0, 1, 5), Vertex(0, 2, 3), Vertex(-1, 1, 1)]
Key: com.catan.model.RoundedPoint2D@122ae2, Value: [Vertex(-2, 0, 2), Vertex(-2, -1, 0), Vertex(-1, 0, 4)]
Key: com.catan.model.RoundedPoint2D@12a7e2, Value: [Vertex(-1, 2, 5)]
Key: com.catan.model.RoundedPoint2D@231a51, Value: [Vertex(1, 2, 0)]
Key: com.catan.model.RoundedPoint2D@222051, Value: [Vertex(1, -2, 3)]
Key: com.catan.model.RoundedPoint2D@22dbd1, Value: [Vertex(1, 1, 5), Vertex(0, 1, 1), Vertex(1, 2, 3)]
Key: com.catan.model.RoundedPoint2D@225ed1, Value: [Vertex(0, -1, 2), Vertex(1, -2, 0), Vertex(1, -1, 4)]
Key: com.catan.model.RoundedPoint2D@11ec62, Value: [Vertex(-1, -2, 5), Vertex(-2, -1, 3)]
Key: com.catan.model.RoundedPoint2D@28ecd0, Value: [Vertex(1, -1, 2)]
Key: com.catan.model.RoundedPoint2D@1935e1, Value: [Vertex(0, 2, 5), Vertex(-1, 2, 1)]
Key: com.catan.model.RoundedPoint2D@2969d0, Value: [Vertex(1, 1, 1)]
Key: com.catan.model.RoundedPoint2D@18b8e1, Value: [Vertex(0, 0, 4), Vertex(-1, 0, 2)]
Key: com.catan.model.RoundedPoint2D@187a61, Value: [Vertex(-1, -2, 1), Vertex(0, -2, 5)]
Key: com.catan.model.RoundedPoint2D@15fe91, Value: [Vertex(-1, 2, 0)]
Key: com.catan.model.RoundedPoint2D@15c011, Value: [Vertex(-2, 1, 1), Vertex(-1, 2, 3), Vertex(-1, 1, 5)]
Key: com.catan.model.RoundedPoint2D@150491, Value: [Vertex(-1, -2, 3)]
Key: com.catan.model.RoundedPoint2D@154311, Value: [Vertex(-1, -2, 0), Vertex(-2, -1, 2)]
Key: com.catan.model.RoundedPoint2D@b9d02, Value: [Vertex(-2, 0, 4)]
Key: com.catan.model.RoundedPoint2D@eb512, Value: [Vertex(-2, -1, 4)]
Key: com.catan.model.RoundedPoint2D@f3212, Value: [Vertex(-2, 1, 5)]
Key: com.catan.model.RoundedPoint2D@1fa481, Value: [Vertex(0, 1, 0), Vertex(1, 2, 4), Vertex(0, 2, 2)]
Key: com.catan.model.RoundedPoint2D@1f6601, Value: [Vertex(0, 0, 1), Vertex(0, 1, 3)]
Key: com.catan.model.RoundedPoint2D@1ee901, Value: [Vertex(0, -2, 2), Vertex(1, -2, 4)]
Key: com.catan.model.RoundedPoint2D@257700, Value: [Vertex(1, -2, 2)]
Key: com.catan.model.RoundedPoint2D@25f400, Value: [Vertex(1, 1, 3)]
Key: com.catan.model.RoundedPoint2D@263280, Value: [Vertex(1, 1, 0), Vertex(1, 2, 2)]
Key: com.catan.model.RoundedPoint2D@1bf031, Value: [Vertex(0, -1, 5), Vertex(0, 0, 3)]
Key: com.catan.model.RoundedPoint2D@1c2eb1, Value: [Vertex(0, 0, 0), Vertex(0, 1, 4), Vertex(-1, 1, 2)]
Key: com.catan.model.RoundedPoint2D@124a22, Value: [Vertex(-2, 1, 3), Vertex(-2, 0, 1), Vertex(-1, 0, 5)]
Key: com.catan.model.RoundedPoint2D@1288a2, Value: [Vertex(-2, 1, 0), Vertex(-1, 2, 4)]
Key: com.catan.model.RoundedPoint2D@22bc91, Value: [Vertex(1, 1, 4), Vertex(0, 1, 2)]
Key: com.catan.model.RoundedPoint2D@227e11, Value: [Vertex(0, -1, 1), Vertex(1, -1, 5)]
Key: com.catan.model.RoundedPoint2D@11cd22, Value: [Vertex(-1, -2, 4)]
Key: com.catan.model.RoundedPoint2D@1916a1, Value: [Vertex(0, 2, 4), Vertex(-1, 2, 2), Vertex(-1, 1, 0)]
Key: com.catan.model.RoundedPoint2D@290c10, Value: [Vertex(1, -1, 1)]
Key: com.catan.model.RoundedPoint2D@294a90, Value: [Vertex(1, 1, 2)]
Key: com.catan.model.RoundedPoint2D@18d821, Value: [Vertex(0, 0, 5), Vertex(-1, 1, 3), Vertex(-1, 0, 1)]
Key: com.catan.model.RoundedPoint2D@185b21, Value: [Vertex(-1, -2, 2), Vertex(0, -2, 4)]
Key: com.catan.model.RoundedPoint2D@156251, Value: [Vertex(-2, -1, 1), Vertex(-1, 0, 3)]
Key: com.catan.model.RoundedPoint2D@15a0d1, Value: [Vertex(-2, 1, 2), Vertex(-1, 1, 4), Vertex(-1, 0, 0)]
Key: com.catan.model.RoundedPoint2D@bbc42, Value: [Vertex(-2, 0, 5)]
Key: com.catan.model.RoundedPoint2D@ed452, Value: [Vertex(-2, 0, 3), Vertex(-2, -1, 5)]
Key: com.catan.model.RoundedPoint2D@f12d2, Value: [Vertex(-2, 1, 4), Vertex(-2, 0, 0)]
Key: com.catan.model.RoundedPoint2D@1fc3c1, Value: [Vertex(1, 2, 5), Vertex(0, 2, 1)]
Key: com.catan.model.RoundedPoint2D@1f0841, Value: [Vertex(0, -1, 3), Vertex(0, -2, 1), Vertex(1, -2, 5)]
Key: com.catan.model.RoundedPoint2D@1f46c1, Value: [Vertex(0, -1, 0), Vertex(0, 0, 2)]
Key: com.catan.model.RoundedPoint2D@25d4c0, Value: [Vertex(1, -1, 0)]
Key: com.catan.model.RoundedPoint2D@259640, Value: [Vertex(1, -2, 1), Vertex(1, -1, 3)]
Key: com.catan.model.RoundedPoint2D@2651c0, Value: [Vertex(1, 2, 1)]
Key: com.catan.model.RoundedPoint2D@1b9271, Value: [Vertex(0, -2, 3)]
Key: com.catan.model.RoundedPoint2D@1bd0f1, Value: [Vertex(0, -1, 4), Vertex(0, -2, 0)]
Key: com.catan.model.RoundedPoint2D@1c8c71, Value: [Vertex(0, 2, 0)]
Key: com.catan.model.RoundedPoint2D@1c4df1, Value: [Vertex(0, 1, 5), Vertex(0, 2, 3), Vertex(-1, 1, 1)]
Key: com.catan.model.RoundedPoint2D@122ae2, Value: [Vertex(-2, 0, 2), Vertex(-2, -1, 0), Vertex(-1, 0, 4)]
Key: com.catan.model.RoundedPoint2D@12a7e2, Value: [Vertex(-1, 2, 5)]
Key: com.catan.model.RoundedPoint2D@231a51, Value: [Vertex(1, 2, 0)]
Key: com.catan.model.RoundedPoint2D@222051, Value: [Vertex(1, -2, 3)]
Key: com.catan.model.RoundedPoint2D@22dbd1, Value: [Vertex(1, 1, 5), Vertex(0, 1, 1), Vertex(1, 2, 3)]
Key: com.catan.model.RoundedPoint2D@225ed1, Value: [Vertex(0, -1, 2), Vertex(1, -2, 0), Vertex(1, -1, 4)]
Key: com.catan.model.RoundedPoint2D@11ec62, Value: [Vertex(-1, -2, 5), Vertex(-2, -1, 3)]
Key: com.catan.model.RoundedPoint2D@28ecd0, Value: [Vertex(1, -1, 2)]
Key: com.catan.model.RoundedPoint2D@1935e1, Value: [Vertex(0, 2, 5), Vertex(-1, 2, 1)]
Key: com.catan.model.RoundedPoint2D@2969d0, Value: [Vertex(1, 1, 1)]
Key: com.catan.model.RoundedPoint2D@18b8e1, Value: [Vertex(0, 0, 4), Vertex(-1, 0, 2)]
Key: com.catan.model.RoundedPoint2D@187a61, Value: [Vertex(-1, -2, 1), Vertex(0, -2, 5)]
Key: com.catan.model.RoundedPoint2D@15fe91, Value: [Vertex(-1, 2, 0)]
Key: com.catan.model.RoundedPoint2D@15c011, Value: [Vertex(-2, 1, 1), Vertex(-1, 2, 3), Vertex(-1, 1, 5)]
Key: com.catan.model.RoundedPoint2D@150491, Value: [Vertex(-1, -2, 3)]
Key: com.catan.model.RoundedPoint2D@154311, Value: [Vertex(-1, -2, 0), Vertex(-2, -1, 2)]
Key: com.catan.model.RoundedPoint2D@b9d02, Value: [Vertex(-2, 0, 4)]
Key: com.catan.model.RoundedPoint2D@eb512, Value: [Vertex(-2, -1, 4)]
Key: com.catan.model.RoundedPoint2D@f3212, Value: [Vertex(-2, 1, 5)]
Key: com.catan.model.RoundedPoint2D@1fa481, Value: [Vertex(0, 1, 0), Vertex(1, 2, 4), Vertex(0, 2, 2)]
Key: com.catan.model.RoundedPoint2D@1f6601, Value: [Vertex(0, 0, 1), Vertex(0, 1, 3)]
Key: com.catan.model.RoundedPoint2D@1ee901, Value: [Vertex(0, -2, 2), Vertex(1, -2, 4)]
Key: com.catan.model.RoundedPoint2D@257700, Value: [Vertex(1, -2, 2)]
Key: com.catan.model.RoundedPoint2D@25f400, Value: [Vertex(1, 1, 3)]
Key: com.catan.model.RoundedPoint2D@263280, Value: [Vertex(1, 1, 0), Vertex(1, 2, 2)]
Key: com.catan.model.RoundedPoint2D@1bf031, Value: [Vertex(0, -1, 5), Vertex(0, 0, 3)]
Key: com.catan.model.RoundedPoint2D@1c2eb1, Value: [Vertex(0, 0, 0), Vertex(0, 1, 4), Vertex(-1, 1, 2)]
Key: com.catan.model.RoundedPoint2D@124a22, Value: [Vertex(-2, 1, 3), Vertex(-2, 0, 1), Vertex(-1, 0, 5)]
Key: com.catan.model.RoundedPoint2D@1288a2, Value: [Vertex(-2, 1, 0), Vertex(-1, 2, 4)]
Key: com.catan.model.RoundedPoint2D@22bc91, Value: [Vertex(1, 1, 4), Vertex(0, 1, 2)]
Key: com.catan.model.RoundedPoint2D@227e11, Value: [Vertex(0, -1, 1), Vertex(1, -1, 5)]
Key: com.catan.model.RoundedPoint2D@11cd22, Value: [Vertex(-1, -2, 4)]
Key: com.catan.model.RoundedPoint2D@1916a1, Value: [Vertex(0, 2, 4), Vertex(-1, 2, 2), Vertex(-1, 1, 0)]
Key: com.catan.model.RoundedPoint2D@290c10, Value: [Vertex(1, -1, 1)]
Key: com.catan.model.RoundedPoint2D@294a90, Value: [Vertex(1, 1, 2), Vertex(2, 0, 0)]
Key: com.catan.model.RoundedPoint2D@18d821, Value: [Vertex(0, 0, 5), Vertex(-1, 1, 3), Vertex(-1, 0, 1)]
Key: com.catan.model.RoundedPoint2D@185b21, Value: [Vertex(-1, -2, 2), Vertex(0, -2, 4)]
Key: com.catan.model.RoundedPoint2D@156251, Value: [Vertex(-2, -1, 1), Vertex(-1, 0, 3)]
Key: com.catan.model.RoundedPoint2D@15a0d1, Value: [Vertex(-2, 1, 2), Vertex(-1, 1, 4), Vertex(-1, 0, 0)]
Key: com.catan.model.RoundedPoint2D@bbc42, Value: [Vertex(-2, 0, 5)]
Key: com.catan.model.RoundedPoint2D@ed452, Value: [Vertex(-2, 0, 3), Vertex(-2, -1, 5)]
Key: com.catan.model.RoundedPoint2D@f12d2, Value: [Vertex(-2, 1, 4), Vertex(-2, 0, 0)]
Key: com.catan.model.RoundedPoint2D@1fc3c1, Value: [Vertex(1, 2, 5), Vertex(0, 2, 1)]
Key: com.catan.model.RoundedPoint2D@1f0841, Value: [Vertex(0, -1, 3), Vertex(0, -2, 1), Vertex(1, -2, 5)]
Key: com.catan.model.RoundedPoint2D@1f46c1, Value: [Vertex(0, -1, 0), Vertex(0, 0, 2)]
Key: com.catan.model.RoundedPoint2D@25d4c0, Value: [Vertex(1, -1, 0)]
Key: com.catan.model.RoundedPoint2D@259640, Value: [Vertex(1, -2, 1), Vertex(1, -1, 3)]
Key: com.catan.model.RoundedPoint2D@2651c0, Value: [Vertex(1, 2, 1)]
Key: com.catan.model.RoundedPoint2D@1b9271, Value: [Vertex(0, -2, 3)]
Key: com.catan.model.RoundedPoint2D@1bd0f1, Value: [Vertex(0, -1, 4), Vertex(0, -2, 0)]
Key: com.catan.model.RoundedPoint2D@1c8c71, Value: [Vertex(0, 2, 0)]
Key: com.catan.model.RoundedPoint2D@1c4df1, Value: [Vertex(0, 1, 5), Vertex(0, 2, 3), Vertex(-1, 1, 1)]
Key: com.catan.model.RoundedPoint2D@122ae2, Value: [Vertex(-2, 0, 2), Vertex(-2, -1, 0), Vertex(-1, 0, 4)]
Key: com.catan.model.RoundedPoint2D@12a7e2, Value: [Vertex(-1, 2, 5)]
Key: com.catan.model.RoundedPoint2D@231a51, Value: [Vertex(1, 2, 0)]
Key: com.catan.model.RoundedPoint2D@222051, Value: [Vertex(1, -2, 3)]
Key: com.catan.model.RoundedPoint2D@22dbd1, Value: [Vertex(1, 1, 5), Vertex(0, 1, 1), Vertex(1, 2, 3)]
Key: com.catan.model.RoundedPoint2D@225ed1, Value: [Vertex(0, -1, 2), Vertex(1, -2, 0), Vertex(1, -1, 4)]
Key: com.catan.model.RoundedPoint2D@11ec62, Value: [Vertex(-1, -2, 5), Vertex(-2, -1, 3)]
Key: com.catan.model.RoundedPoint2D@28ecd0, Value: [Vertex(1, -1, 2)]
Key: com.catan.model.RoundedPoint2D@1935e1, Value: [Vertex(0, 2, 5), Vertex(-1, 2, 1)]
Key: com.catan.model.RoundedPoint2D@2969d0, Value: [Vertex(1, 1, 1)]
Key: com.catan.model.RoundedPoint2D@18b8e1, Value: [Vertex(0, 0, 4), Vertex(-1, 0, 2)]
Key: com.catan.model.RoundedPoint2D@187a61, Value: [Vertex(-1, -2, 1), Vertex(0, -2, 5)]
Key: com.catan.model.RoundedPoint2D@15fe91, Value: [Vertex(-1, 2, 0)]
Key: com.catan.model.RoundedPoint2D@15c011, Value: [Vertex(-2, 1, 1), Vertex(-1, 2, 3), Vertex(-1, 1, 5)]
Key: com.catan.model.RoundedPoint2D@150491, Value: [Vertex(-1, -2, 3)]
Key: com.catan.model.RoundedPoint2D@154311, Value: [Vertex(-1, -2, 0), Vertex(-2, -1, 2)]
Key: com.catan.model.RoundedPoint2D@b9d02, Value: [Vertex(-2, 0, 4)]
Key: com.catan.model.RoundedPoint2D@eb512, Value: [Vertex(-2, -1, 4)]
Key: com.catan.model.RoundedPoint2D@f3212, Value: [Vertex(-2, 1, 5)]
Key: com.catan.model.RoundedPoint2D@1fa481, Value: [Vertex(0, 1, 0), Vertex(1, 2, 4), Vertex(0, 2, 2)]
Key: com.catan.model.RoundedPoint2D@1f6601, Value: [Vertex(0, 0, 1), Vertex(0, 1, 3)]
Key: com.catan.model.RoundedPoint2D@1ee901, Value: [Vertex(0, -2, 2), Vertex(1, -2, 4)]
Key: com.catan.model.RoundedPoint2D@257700, Value: [Vertex(1, -2, 2)]
Key: com.catan.model.RoundedPoint2D@25f400, Value: [Vertex(1, 1, 3)]
Key: com.catan.model.RoundedPoint2D@263280, Value: [Vertex(1, 1, 0), Vertex(1, 2, 2)]
Key: com.catan.model.RoundedPoint2D@1bf031, Value: [Vertex(0, -1, 5), Vertex(0, 0, 3)]
Key: com.catan.model.RoundedPoint2D@1c2eb1, Value: [Vertex(0, 0, 0), Vertex(0, 1, 4), Vertex(-1, 1, 2)]
Key: com.catan.model.RoundedPoint2D@124a22, Value: [Vertex(-2, 1, 3), Vertex(-2, 0, 1), Vertex(-1, 0, 5)]
Key: com.catan.model.RoundedPoint2D@1288a2, Value: [Vertex(-2, 1, 0), Vertex(-1, 2, 4)]
Key: com.catan.model.RoundedPoint2D@22bc91, Value: [Vertex(1, 1, 4), Vertex(0, 1, 2)]
Key: com.catan.model.RoundedPoint2D@227e11, Value: [Vertex(0, -1, 1), Vertex(1, -1, 5)]
Key: com.catan.model.RoundedPoint2D@11cd22, Value: [Vertex(-1, -2, 4)]
Key: com.catan.model.RoundedPoint2D@1916a1, Value: [Vertex(0, 2, 4), Vertex(-1, 2, 2), Vertex(-1, 1, 0)]
Key: com.catan.model.RoundedPoint2D@290c10, Value: [Vertex(1, -1, 1)]
Key: com.catan.model.RoundedPoint2D@294a90, Value: [Vertex(1, 1, 2), Vertex(2, 0, 0)]
Key: com.catan.model.RoundedPoint2D@18d821, Value: [Vertex(0, 0, 5), Vertex(-1, 1, 3), Vertex(-1, 0, 1)]
Key: com.catan.model.RoundedPoint2D@185b21, Value: [Vertex(-1, -2, 2), Vertex(0, -2, 4)]
Key: com.catan.model.RoundedPoint2D@156251, Value: [Vertex(-2, -1, 1), Vertex(-1, 0, 3)]
Key: com.catan.model.RoundedPoint2D@15a0d1, Value: [Vertex(-2, 1, 2), Vertex(-1, 1, 4), Vertex(-1, 0, 0)]
Key: com.catan.model.RoundedPoint2D@bbc42, Value: [Vertex(-2, 0, 5)]
Key: com.catan.model.RoundedPoint2D@2c81e0, Value: [Vertex(2, 0, 1)]
Key: com.catan.model.RoundedPoint2D@ed452, Value: [Vertex(-2, 0, 3), Vertex(-2, -1, 5)]
Key: com.catan.model.RoundedPoint2D@f12d2, Value: [Vertex(-2, 1, 4), Vertex(-2, 0, 0)]
Key: com.catan.model.RoundedPoint2D@1fc3c1, Value: [Vertex(1, 2, 5), Vertex(0, 2, 1)]
Key: com.catan.model.RoundedPoint2D@1f0841, Value: [Vertex(0, -1, 3), Vertex(0, -2, 1), Vertex(1, -2, 5)]
Key: com.catan.model.RoundedPoint2D@1f46c1, Value: [Vertex(0, -1, 0), Vertex(0, 0, 2)]
Key: com.catan.model.RoundedPoint2D@25d4c0, Value: [Vertex(1, -1, 0)]
Key: com.catan.model.RoundedPoint2D@259640, Value: [Vertex(1, -2, 1), Vertex(1, -1, 3)]
Key: com.catan.model.RoundedPoint2D@2651c0, Value: [Vertex(1, 2, 1)]
Key: com.catan.model.RoundedPoint2D@1b9271, Value: [Vertex(0, -2, 3)]
Key: com.catan.model.RoundedPoint2D@1bd0f1, Value: [Vertex(0, -1, 4), Vertex(0, -2, 0)]
Key: com.catan.model.RoundedPoint2D@1c8c71, Value: [Vertex(0, 2, 0)]
Key: com.catan.model.RoundedPoint2D@1c4df1, Value: [Vertex(0, 1, 5), Vertex(0, 2, 3), Vertex(-1, 1, 1)]
Key: com.catan.model.RoundedPoint2D@122ae2, Value: [Vertex(-2, 0, 2), Vertex(-2, -1, 0), Vertex(-1, 0, 4)]
Key: com.catan.model.RoundedPoint2D@12a7e2, Value: [Vertex(-1, 2, 5)]
Key: com.catan.model.RoundedPoint2D@231a51, Value: [Vertex(1, 2, 0)]
Key: com.catan.model.RoundedPoint2D@222051, Value: [Vertex(1, -2, 3)]
Key: com.catan.model.RoundedPoint2D@22dbd1, Value: [Vertex(1, 1, 5), Vertex(0, 1, 1), Vertex(1, 2, 3)]
Key: com.catan.model.RoundedPoint2D@225ed1, Value: [Vertex(0, -1, 2), Vertex(1, -2, 0), Vertex(1, -1, 4)]
Key: com.catan.model.RoundedPoint2D@11ec62, Value: [Vertex(-1, -2, 5), Vertex(-2, -1, 3)]
Key: com.catan.model.RoundedPoint2D@28ecd0, Value: [Vertex(1, -1, 2)]
Key: com.catan.model.RoundedPoint2D@1935e1, Value: [Vertex(0, 2, 5), Vertex(-1, 2, 1)]
Key: com.catan.model.RoundedPoint2D@2969d0, Value: [Vertex(1, 1, 1)]
Key: com.catan.model.RoundedPoint2D@18b8e1, Value: [Vertex(0, 0, 4), Vertex(-1, 0, 2)]
Key: com.catan.model.RoundedPoint2D@187a61, Value: [Vertex(-1, -2, 1), Vertex(0, -2, 5)]
Key: com.catan.model.RoundedPoint2D@15fe91, Value: [Vertex(-1, 2, 0)]
Key: com.catan.model.RoundedPoint2D@15c011, Value: [Vertex(-2, 1, 1), Vertex(-1, 2, 3), Vertex(-1, 1, 5)]
Key: com.catan.model.RoundedPoint2D@150491, Value: [Vertex(-1, -2, 3)]
Key: com.catan.model.RoundedPoint2D@154311, Value: [Vertex(-1, -2, 0), Vertex(-2, -1, 2)]
Key: com.catan.model.RoundedPoint2D@b9d02, Value: [Vertex(-2, 0, 4)]
Key: com.catan.model.RoundedPoint2D@2c62a0, Value: [Vertex(2, 0, 2)]
Key: com.catan.model.RoundedPoint2D@eb512, Value: [Vertex(-2, -1, 4)]
Key: com.catan.model.RoundedPoint2D@f3212, Value: [Vertex(-2, 1, 5)]
Key: com.catan.model.RoundedPoint2D@1fa481, Value: [Vertex(0, 1, 0), Vertex(1, 2, 4), Vertex(0, 2, 2)]
Key: com.catan.model.RoundedPoint2D@1f6601, Value: [Vertex(0, 0, 1), Vertex(0, 1, 3)]
Key: com.catan.model.RoundedPoint2D@1ee901, Value: [Vertex(0, -2, 2), Vertex(1, -2, 4)]
Key: com.catan.model.RoundedPoint2D@257700, Value: [Vertex(1, -2, 2)]
Key: com.catan.model.RoundedPoint2D@25f400, Value: [Vertex(1, 1, 3)]
Key: com.catan.model.RoundedPoint2D@263280, Value: [Vertex(1, 1, 0), Vertex(1, 2, 2)]
Key: com.catan.model.RoundedPoint2D@1bf031, Value: [Vertex(0, -1, 5), Vertex(0, 0, 3)]
Key: com.catan.model.RoundedPoint2D@1c2eb1, Value: [Vertex(0, 0, 0), Vertex(0, 1, 4), Vertex(-1, 1, 2)]
Key: com.catan.model.RoundedPoint2D@124a22, Value: [Vertex(-2, 1, 3), Vertex(-2, 0, 1), Vertex(-1, 0, 5)]
Key: com.catan.model.RoundedPoint2D@1288a2, Value: [Vertex(-2, 1, 0), Vertex(-1, 2, 4)]
Key: com.catan.model.RoundedPoint2D@22bc91, Value: [Vertex(1, 1, 4), Vertex(0, 1, 2)]
Key: com.catan.model.RoundedPoint2D@227e11, Value: [Vertex(0, -1, 1), Vertex(1, -1, 5)]
Key: com.catan.model.RoundedPoint2D@11cd22, Value: [Vertex(-1, -2, 4)]
Key: com.catan.model.RoundedPoint2D@1916a1, Value: [Vertex(0, 2, 4), Vertex(-1, 2, 2), Vertex(-1, 1, 0)]
Key: com.catan.model.RoundedPoint2D@290c10, Value: [Vertex(1, -1, 1)]
Key: com.catan.model.RoundedPoint2D@294a90, Value: [Vertex(1, 1, 2), Vertex(2, 0, 0)]
Key: com.catan.model.RoundedPoint2D@18d821, Value: [Vertex(0, 0, 5), Vertex(-1, 1, 3), Vertex(-1, 0, 1)]
Key: com.catan.model.RoundedPoint2D@185b21, Value: [Vertex(-1, -2, 2), Vertex(0, -2, 4)]
Key: com.catan.model.RoundedPoint2D@156251, Value: [Vertex(-2, -1, 1), Vertex(-1, 0, 3)]
Key: com.catan.model.RoundedPoint2D@15a0d1, Value: [Vertex(-2, 1, 2), Vertex(-1, 1, 4), Vertex(-1, 0, 0)]
Key: com.catan.model.RoundedPoint2D@bbc42, Value: [Vertex(-2, 0, 5)]
Key: com.catan.model.RoundedPoint2D@2c81e0, Value: [Vertex(2, 0, 1)]
Key: com.catan.model.RoundedPoint2D@ed452, Value: [Vertex(-2, 0, 3), Vertex(-2, -1, 5)]
Key: com.catan.model.RoundedPoint2D@f12d2, Value: [Vertex(-2, 1, 4), Vertex(-2, 0, 0)]
Key: com.catan.model.RoundedPoint2D@1fc3c1, Value: [Vertex(1, 2, 5), Vertex(0, 2, 1)]
Key: com.catan.model.RoundedPoint2D@1f0841, Value: [Vertex(0, -1, 3), Vertex(0, -2, 1), Vertex(1, -2, 5)]
Key: com.catan.model.RoundedPoint2D@1f46c1, Value: [Vertex(0, -1, 0), Vertex(0, 0, 2)]
Key: com.catan.model.RoundedPoint2D@25d4c0, Value: [Vertex(1, -1, 0)]
Key: com.catan.model.RoundedPoint2D@259640, Value: [Vertex(1, -2, 1), Vertex(1, -1, 3)]
Key: com.catan.model.RoundedPoint2D@2651c0, Value: [Vertex(1, 2, 1)]
Key: com.catan.model.RoundedPoint2D@1b9271, Value: [Vertex(0, -2, 3)]
Key: com.catan.model.RoundedPoint2D@1bd0f1, Value: [Vertex(0, -1, 4), Vertex(0, -2, 0)]
Key: com.catan.model.RoundedPoint2D@1c8c71, Value: [Vertex(0, 2, 0)]
Key: com.catan.model.RoundedPoint2D@1c4df1, Value: [Vertex(0, 1, 5), Vertex(0, 2, 3), Vertex(-1, 1, 1)]
Key: com.catan.model.RoundedPoint2D@122ae2, Value: [Vertex(-2, 0, 2), Vertex(-2, -1, 0), Vertex(-1, 0, 4)]
Key: com.catan.model.RoundedPoint2D@12a7e2, Value: [Vertex(-1, 2, 5)]
Key: com.catan.model.RoundedPoint2D@231a51, Value: [Vertex(1, 2, 0)]
Key: com.catan.model.RoundedPoint2D@222051, Value: [Vertex(1, -2, 3)]
Key: com.catan.model.RoundedPoint2D@22dbd1, Value: [Vertex(1, 1, 5), Vertex(0, 1, 1), Vertex(1, 2, 3)]
Key: com.catan.model.RoundedPoint2D@225ed1, Value: [Vertex(0, -1, 2), Vertex(1, -2, 0), Vertex(1, -1, 4)]
Key: com.catan.model.RoundedPoint2D@11ec62, Value: [Vertex(-1, -2, 5), Vertex(-2, -1, 3)]
Key: com.catan.model.RoundedPoint2D@28ecd0, Value: [Vertex(1, -1, 2)]
Key: com.catan.model.RoundedPoint2D@1935e1, Value: [Vertex(0, 2, 5), Vertex(-1, 2, 1)]
Key: com.catan.model.RoundedPoint2D@2969d0, Value: [Vertex(1, 1, 1)]
Key: com.catan.model.RoundedPoint2D@18b8e1, Value: [Vertex(0, 0, 4), Vertex(-1, 0, 2)]
Key: com.catan.model.RoundedPoint2D@187a61, Value: [Vertex(-1, -2, 1), Vertex(0, -2, 5)]
Key: com.catan.model.RoundedPoint2D@15fe91, Value: [Vertex(-1, 2, 0)]
Key: com.catan.model.RoundedPoint2D@15c011, Value: [Vertex(-2, 1, 1), Vertex(-1, 2, 3), Vertex(-1, 1, 5)]
Key: com.catan.model.RoundedPoint2D@150491, Value: [Vertex(-1, -2, 3)]
Key: com.catan.model.RoundedPoint2D@154311, Value: [Vertex(-1, -2, 0), Vertex(-2, -1, 2)]
Key: com.catan.model.RoundedPoint2D@b9d02, Value: [Vertex(-2, 0, 4)]
Key: com.catan.model.RoundedPoint2D@2c62a0, Value: [Vertex(2, 0, 2)]
Key: com.catan.model.RoundedPoint2D@eb512, Value: [Vertex(-2, -1, 4)]
Key: com.catan.model.RoundedPoint2D@f3212, Value: [Vertex(-2, 1, 5)]
Key: com.catan.model.RoundedPoint2D@1fa481, Value: [Vertex(0, 1, 0), Vertex(1, 2, 4), Vertex(0, 2, 2)]
Key: com.catan.model.RoundedPoint2D@1f6601, Value: [Vertex(0, 0, 1), Vertex(0, 1, 3)]
Key: com.catan.model.RoundedPoint2D@1ee901, Value: [Vertex(0, -2, 2), Vertex(1, -2, 4)]
Key: com.catan.model.RoundedPoint2D@257700, Value: [Vertex(1, -2, 2)]
Key: com.catan.model.RoundedPoint2D@25f400, Value: [Vertex(1, 1, 3)]
Key: com.catan.model.RoundedPoint2D@263280, Value: [Vertex(1, 1, 0), Vertex(1, 2, 2)]
Key: com.catan.model.RoundedPoint2D@1bf031, Value: [Vertex(0, -1, 5), Vertex(0, 0, 3)]
Key: com.catan.model.RoundedPoint2D@1c2eb1, Value: [Vertex(0, 0, 0), Vertex(0, 1, 4), Vertex(-1, 1, 2)]
Key: com.catan.model.RoundedPoint2D@124a22, Value: [Vertex(-2, 1, 3), Vertex(-2, 0, 1), Vertex(-1, 0, 5)]
Key: com.catan.model.RoundedPoint2D@1288a2, Value: [Vertex(-2, 1, 0), Vertex(-1, 2, 4)]
Key: com.catan.model.RoundedPoint2D@22bc91, Value: [Vertex(1, 1, 4), Vertex(0, 1, 2)]
Key: com.catan.model.RoundedPoint2D@227e11, Value: [Vertex(0, -1, 1), Vertex(1, -1, 5)]
Key: com.catan.model.RoundedPoint2D@11cd22, Value: [Vertex(-1, -2, 4)]
Key: com.catan.model.RoundedPoint2D@1916a1, Value: [Vertex(0, 2, 4), Vertex(-1, 2, 2), Vertex(-1, 1, 0)]
Key: com.catan.model.RoundedPoint2D@290c10, Value: [Vertex(1, -1, 1), Vertex(2, 0, 3)]
Key: com.catan.model.RoundedPoint2D@294a90, Value: [Vertex(1, 1, 2), Vertex(2, 0, 0)]
Key: com.catan.model.RoundedPoint2D@18d821, Value: [Vertex(0, 0, 5), Vertex(-1, 1, 3), Vertex(-1, 0, 1)]
Key: com.catan.model.RoundedPoint2D@185b21, Value: [Vertex(-1, -2, 2), Vertex(0, -2, 4)]
Key: com.catan.model.RoundedPoint2D@156251, Value: [Vertex(-2, -1, 1), Vertex(-1, 0, 3)]
Key: com.catan.model.RoundedPoint2D@15a0d1, Value: [Vertex(-2, 1, 2), Vertex(-1, 1, 4), Vertex(-1, 0, 0)]
Key: com.catan.model.RoundedPoint2D@bbc42, Value: [Vertex(-2, 0, 5)]
Key: com.catan.model.RoundedPoint2D@2c81e0, Value: [Vertex(2, 0, 1)]
Key: com.catan.model.RoundedPoint2D@ed452, Value: [Vertex(-2, 0, 3), Vertex(-2, -1, 5)]
Key: com.catan.model.RoundedPoint2D@f12d2, Value: [Vertex(-2, 1, 4), Vertex(-2, 0, 0)]
Key: com.catan.model.RoundedPoint2D@1fc3c1, Value: [Vertex(1, 2, 5), Vertex(0, 2, 1)]
Key: com.catan.model.RoundedPoint2D@1f0841, Value: [Vertex(0, -1, 3), Vertex(0, -2, 1), Vertex(1, -2, 5)]
Key: com.catan.model.RoundedPoint2D@1f46c1, Value: [Vertex(0, -1, 0), Vertex(0, 0, 2)]
Key: com.catan.model.RoundedPoint2D@25d4c0, Value: [Vertex(1, -1, 0)]
Key: com.catan.model.RoundedPoint2D@259640, Value: [Vertex(1, -2, 1), Vertex(1, -1, 3)]
Key: com.catan.model.RoundedPoint2D@2651c0, Value: [Vertex(1, 2, 1)]
Key: com.catan.model.RoundedPoint2D@1b9271, Value: [Vertex(0, -2, 3)]
Key: com.catan.model.RoundedPoint2D@1bd0f1, Value: [Vertex(0, -1, 4), Vertex(0, -2, 0)]
Key: com.catan.model.RoundedPoint2D@1c8c71, Value: [Vertex(0, 2, 0)]
Key: com.catan.model.RoundedPoint2D@1c4df1, Value: [Vertex(0, 1, 5), Vertex(0, 2, 3), Vertex(-1, 1, 1)]
Key: com.catan.model.RoundedPoint2D@122ae2, Value: [Vertex(-2, 0, 2), Vertex(-2, -1, 0), Vertex(-1, 0, 4)]
Key: com.catan.model.RoundedPoint2D@12a7e2, Value: [Vertex(-1, 2, 5)]
Key: com.catan.model.RoundedPoint2D@231a51, Value: [Vertex(1, 2, 0)]
Key: com.catan.model.RoundedPoint2D@222051, Value: [Vertex(1, -2, 3)]
Key: com.catan.model.RoundedPoint2D@22dbd1, Value: [Vertex(1, 1, 5), Vertex(0, 1, 1), Vertex(1, 2, 3)]
Key: com.catan.model.RoundedPoint2D@225ed1, Value: [Vertex(0, -1, 2), Vertex(1, -2, 0), Vertex(1, -1, 4)]
Key: com.catan.model.RoundedPoint2D@11ec62, Value: [Vertex(-1, -2, 5), Vertex(-2, -1, 3)]
Key: com.catan.model.RoundedPoint2D@28ecd0, Value: [Vertex(1, -1, 2)]
Key: com.catan.model.RoundedPoint2D@1935e1, Value: [Vertex(0, 2, 5), Vertex(-1, 2, 1)]
Key: com.catan.model.RoundedPoint2D@2969d0, Value: [Vertex(1, 1, 1)]
Key: com.catan.model.RoundedPoint2D@18b8e1, Value: [Vertex(0, 0, 4), Vertex(-1, 0, 2)]
Key: com.catan.model.RoundedPoint2D@187a61, Value: [Vertex(-1, -2, 1), Vertex(0, -2, 5)]
Key: com.catan.model.RoundedPoint2D@15fe91, Value: [Vertex(-1, 2, 0)]
Key: com.catan.model.RoundedPoint2D@15c011, Value: [Vertex(-2, 1, 1), Vertex(-1, 2, 3), Vertex(-1, 1, 5)]
Key: com.catan.model.RoundedPoint2D@150491, Value: [Vertex(-1, -2, 3)]
Key: com.catan.model.RoundedPoint2D@154311, Value: [Vertex(-1, -2, 0), Vertex(-2, -1, 2)]
Key: com.catan.model.RoundedPoint2D@b9d02, Value: [Vertex(-2, 0, 4)]
Key: com.catan.model.RoundedPoint2D@2c62a0, Value: [Vertex(2, 0, 2)]
Key: com.catan.model.RoundedPoint2D@eb512, Value: [Vertex(-2, -1, 4)]
Key: com.catan.model.RoundedPoint2D@f3212, Value: [Vertex(-2, 1, 5)]
Key: com.catan.model.RoundedPoint2D@1fa481, Value: [Vertex(0, 1, 0), Vertex(1, 2, 4), Vertex(0, 2, 2)]
Key: com.catan.model.RoundedPoint2D@1f6601, Value: [Vertex(0, 0, 1), Vertex(0, 1, 3)]
Key: com.catan.model.RoundedPoint2D@1ee901, Value: [Vertex(0, -2, 2), Vertex(1, -2, 4)]
Key: com.catan.model.RoundedPoint2D@257700, Value: [Vertex(1, -2, 2)]
Key: com.catan.model.RoundedPoint2D@25f400, Value: [Vertex(1, 1, 3)]
Key: com.catan.model.RoundedPoint2D@263280, Value: [Vertex(1, 1, 0), Vertex(1, 2, 2)]
Key: com.catan.model.RoundedPoint2D@1bf031, Value: [Vertex(0, -1, 5), Vertex(0, 0, 3)]
Key: com.catan.model.RoundedPoint2D@1c2eb1, Value: [Vertex(0, 0, 0), Vertex(0, 1, 4), Vertex(-1, 1, 2)]
Key: com.catan.model.RoundedPoint2D@124a22, Value: [Vertex(-2, 1, 3), Vertex(-2, 0, 1), Vertex(-1, 0, 5)]
Key: com.catan.model.RoundedPoint2D@1288a2, Value: [Vertex(-2, 1, 0), Vertex(-1, 2, 4)]
Key: com.catan.model.RoundedPoint2D@22bc91, Value: [Vertex(1, 1, 4), Vertex(0, 1, 2)]
Key: com.catan.model.RoundedPoint2D@227e11, Value: [Vertex(0, -1, 1), Vertex(1, -1, 5)]
Key: com.catan.model.RoundedPoint2D@11cd22, Value: [Vertex(-1, -2, 4)]
Key: com.catan.model.RoundedPoint2D@1916a1, Value: [Vertex(0, 2, 4), Vertex(-1, 2, 2), Vertex(-1, 1, 0)]
Key: com.catan.model.RoundedPoint2D@290c10, Value: [Vertex(1, -1, 1), Vertex(2, 0, 3)]
Key: com.catan.model.RoundedPoint2D@294a90, Value: [Vertex(1, 1, 2), Vertex(2, 0, 0)]
Key: com.catan.model.RoundedPoint2D@18d821, Value: [Vertex(0, 0, 5), Vertex(-1, 1, 3), Vertex(-1, 0, 1)]
Key: com.catan.model.RoundedPoint2D@185b21, Value: [Vertex(-1, -2, 2), Vertex(0, -2, 4)]
Key: com.catan.model.RoundedPoint2D@156251, Value: [Vertex(-2, -1, 1), Vertex(-1, 0, 3)]
Key: com.catan.model.RoundedPoint2D@15a0d1, Value: [Vertex(-2, 1, 2), Vertex(-1, 1, 4), Vertex(-1, 0, 0)]
Key: com.catan.model.RoundedPoint2D@bbc42, Value: [Vertex(-2, 0, 5)]
Key: com.catan.model.RoundedPoint2D@2c81e0, Value: [Vertex(2, 0, 1)]
Key: com.catan.model.RoundedPoint2D@ed452, Value: [Vertex(-2, 0, 3), Vertex(-2, -1, 5)]
Key: com.catan.model.RoundedPoint2D@f12d2, Value: [Vertex(-2, 1, 4), Vertex(-2, 0, 0)]
Key: com.catan.model.RoundedPoint2D@1fc3c1, Value: [Vertex(1, 2, 5), Vertex(0, 2, 1)]
Key: com.catan.model.RoundedPoint2D@1f0841, Value: [Vertex(0, -1, 3), Vertex(0, -2, 1), Vertex(1, -2, 5)]
Key: com.catan.model.RoundedPoint2D@1f46c1, Value: [Vertex(0, -1, 0), Vertex(0, 0, 2)]
Key: com.catan.model.RoundedPoint2D@25d4c0, Value: [Vertex(1, -1, 0), Vertex(2, 0, 4)]
Key: com.catan.model.RoundedPoint2D@259640, Value: [Vertex(1, -2, 1), Vertex(1, -1, 3)]
Key: com.catan.model.RoundedPoint2D@2651c0, Value: [Vertex(1, 2, 1)]
Key: com.catan.model.RoundedPoint2D@1b9271, Value: [Vertex(0, -2, 3)]
Key: com.catan.model.RoundedPoint2D@1bd0f1, Value: [Vertex(0, -1, 4), Vertex(0, -2, 0)]
Key: com.catan.model.RoundedPoint2D@1c8c71, Value: [Vertex(0, 2, 0)]
Key: com.catan.model.RoundedPoint2D@1c4df1, Value: [Vertex(0, 1, 5), Vertex(0, 2, 3), Vertex(-1, 1, 1)]
Key: com.catan.model.RoundedPoint2D@122ae2, Value: [Vertex(-2, 0, 2), Vertex(-2, -1, 0), Vertex(-1, 0, 4)]
Key: com.catan.model.RoundedPoint2D@12a7e2, Value: [Vertex(-1, 2, 5)]
Key: com.catan.model.RoundedPoint2D@231a51, Value: [Vertex(1, 2, 0)]
Key: com.catan.model.RoundedPoint2D@222051, Value: [Vertex(1, -2, 3)]
Key: com.catan.model.RoundedPoint2D@22dbd1, Value: [Vertex(1, 1, 5), Vertex(0, 1, 1), Vertex(1, 2, 3)]
Key: com.catan.model.RoundedPoint2D@225ed1, Value: [Vertex(0, -1, 2), Vertex(1, -2, 0), Vertex(1, -1, 4)]
Key: com.catan.model.RoundedPoint2D@11ec62, Value: [Vertex(-1, -2, 5), Vertex(-2, -1, 3)]
Key: com.catan.model.RoundedPoint2D@28ecd0, Value: [Vertex(1, -1, 2)]
Key: com.catan.model.RoundedPoint2D@1935e1, Value: [Vertex(0, 2, 5), Vertex(-1, 2, 1)]
Key: com.catan.model.RoundedPoint2D@2969d0, Value: [Vertex(1, 1, 1)]
Key: com.catan.model.RoundedPoint2D@18b8e1, Value: [Vertex(0, 0, 4), Vertex(-1, 0, 2)]
Key: com.catan.model.RoundedPoint2D@187a61, Value: [Vertex(-1, -2, 1), Vertex(0, -2, 5)]
Key: com.catan.model.RoundedPoint2D@15fe91, Value: [Vertex(-1, 2, 0)]
Key: com.catan.model.RoundedPoint2D@15c011, Value: [Vertex(-2, 1, 1), Vertex(-1, 2, 3), Vertex(-1, 1, 5)]
Key: com.catan.model.RoundedPoint2D@150491, Value: [Vertex(-1, -2, 3)]
Key: com.catan.model.RoundedPoint2D@154311, Value: [Vertex(-1, -2, 0), Vertex(-2, -1, 2)]
Key: com.catan.model.RoundedPoint2D@b9d02, Value: [Vertex(-2, 0, 4)]
Key: com.catan.model.RoundedPoint2D@2c62a0, Value: [Vertex(2, 0, 2)]
Key: com.catan.model.RoundedPoint2D@eb512, Value: [Vertex(-2, -1, 4)]
Key: com.catan.model.RoundedPoint2D@f3212, Value: [Vertex(-2, 1, 5)]
Key: com.catan.model.RoundedPoint2D@1fa481, Value: [Vertex(0, 1, 0), Vertex(1, 2, 4), Vertex(0, 2, 2)]
Key: com.catan.model.RoundedPoint2D@1f6601, Value: [Vertex(0, 0, 1), Vertex(0, 1, 3)]
Key: com.catan.model.RoundedPoint2D@1ee901, Value: [Vertex(0, -2, 2), Vertex(1, -2, 4)]
Key: com.catan.model.RoundedPoint2D@257700, Value: [Vertex(1, -2, 2)]
Key: com.catan.model.RoundedPoint2D@25f400, Value: [Vertex(1, 1, 3), Vertex(2, 0, 5)]
Key: com.catan.model.RoundedPoint2D@263280, Value: [Vertex(1, 1, 0), Vertex(1, 2, 2)]
Key: com.catan.model.RoundedPoint2D@1bf031, Value: [Vertex(0, -1, 5), Vertex(0, 0, 3)]
Key: com.catan.model.RoundedPoint2D@1c2eb1, Value: [Vertex(0, 0, 0), Vertex(0, 1, 4), Vertex(-1, 1, 2)]
Key: com.catan.model.RoundedPoint2D@124a22, Value: [Vertex(-2, 1, 3), Vertex(-2, 0, 1), Vertex(-1, 0, 5)]
Key: com.catan.model.RoundedPoint2D@1288a2, Value: [Vertex(-2, 1, 0), Vertex(-1, 2, 4)]
Key: com.catan.model.RoundedPoint2D@22bc91, Value: [Vertex(1, 1, 4), Vertex(0, 1, 2)]
Key: com.catan.model.RoundedPoint2D@227e11, Value: [Vertex(0, -1, 1), Vertex(1, -1, 5)]
Key: com.catan.model.RoundedPoint2D@11cd22, Value: [Vertex(-1, -2, 4)]
Key: com.catan.model.RoundedPoint2D@1916a1, Value: [Vertex(0, 2, 4), Vertex(-1, 2, 2), Vertex(-1, 1, 0)]
Key: com.catan.model.RoundedPoint2D@290c10, Value: [Vertex(1, -1, 1), Vertex(2, 0, 3)]
Key: com.catan.model.RoundedPoint2D@294a90, Value: [Vertex(1, 1, 2), Vertex(2, 0, 0)]
Key: com.catan.model.RoundedPoint2D@18d821, Value: [Vertex(0, 0, 5), Vertex(-1, 1, 3), Vertex(-1, 0, 1)]
Key: com.catan.model.RoundedPoint2D@185b21, Value: [Vertex(-1, -2, 2), Vertex(0, -2, 4)]
Key: com.catan.model.RoundedPoint2D@156251, Value: [Vertex(-2, -1, 1), Vertex(-1, 0, 3)]
Key: com.catan.model.RoundedPoint2D@15a0d1, Value: [Vertex(-2, 1, 2), Vertex(-1, 1, 4), Vertex(-1, 0, 0)]
Key: com.catan.model.RoundedPoint2D@bbc42, Value: [Vertex(-2, 0, 5)]
Key: com.catan.model.RoundedPoint2D@2c81e0, Value: [Vertex(2, 0, 1)]
Key: com.catan.model.RoundedPoint2D@ed452, Value: [Vertex(-2, 0, 3), Vertex(-2, -1, 5)]
Key: com.catan.model.RoundedPoint2D@f12d2, Value: [Vertex(-2, 1, 4), Vertex(-2, 0, 0)]
Key: com.catan.model.RoundedPoint2D@1fc3c1, Value: [Vertex(1, 2, 5), Vertex(0, 2, 1)]
Key: com.catan.model.RoundedPoint2D@1f0841, Value: [Vertex(0, -1, 3), Vertex(0, -2, 1), Vertex(1, -2, 5)]
Key: com.catan.model.RoundedPoint2D@1f46c1, Value: [Vertex(0, -1, 0), Vertex(0, 0, 2)]
Key: com.catan.model.RoundedPoint2D@25d4c0, Value: [Vertex(1, -1, 0), Vertex(2, 0, 4)]
Key: com.catan.model.RoundedPoint2D@259640, Value: [Vertex(1, -2, 1), Vertex(1, -1, 3)]
Key: com.catan.model.RoundedPoint2D@2651c0, Value: [Vertex(1, 2, 1)]
Key: com.catan.model.RoundedPoint2D@1b9271, Value: [Vertex(0, -2, 3)]
Key: com.catan.model.RoundedPoint2D@1bd0f1, Value: [Vertex(0, -1, 4), Vertex(0, -2, 0)]
Key: com.catan.model.RoundedPoint2D@1c8c71, Value: [Vertex(0, 2, 0)]
Key: com.catan.model.RoundedPoint2D@1c4df1, Value: [Vertex(0, 1, 5), Vertex(0, 2, 3), Vertex(-1, 1, 1)]
Key: com.catan.model.RoundedPoint2D@122ae2, Value: [Vertex(-2, 0, 2), Vertex(-2, -1, 0), Vertex(-1, 0, 4)]
Key: com.catan.model.RoundedPoint2D@12a7e2, Value: [Vertex(-1, 2, 5)]
Key: com.catan.model.RoundedPoint2D@231a51, Value: [Vertex(1, 2, 0)]
Key: com.catan.model.RoundedPoint2D@222051, Value: [Vertex(1, -2, 3)]
Key: com.catan.model.RoundedPoint2D@22dbd1, Value: [Vertex(1, 1, 5), Vertex(0, 1, 1), Vertex(1, 2, 3)]
Key: com.catan.model.RoundedPoint2D@225ed1, Value: [Vertex(0, -1, 2), Vertex(1, -2, 0), Vertex(1, -1, 4)]
Key: com.catan.model.RoundedPoint2D@11ec62, Value: [Vertex(-1, -2, 5), Vertex(-2, -1, 3)]
Key: com.catan.model.RoundedPoint2D@28ecd0, Value: [Vertex(1, -1, 2)]
Key: com.catan.model.RoundedPoint2D@1935e1, Value: [Vertex(0, 2, 5), Vertex(-1, 2, 1)]
Key: com.catan.model.RoundedPoint2D@2969d0, Value: [Vertex(1, 1, 1)]
Key: com.catan.model.RoundedPoint2D@18b8e1, Value: [Vertex(0, 0, 4), Vertex(-1, 0, 2)]
Key: com.catan.model.RoundedPoint2D@187a61, Value: [Vertex(-1, -2, 1), Vertex(0, -2, 5)]
Key: com.catan.model.RoundedPoint2D@15fe91, Value: [Vertex(-1, 2, 0)]
Key: com.catan.model.RoundedPoint2D@15c011, Value: [Vertex(-2, 1, 1), Vertex(-1, 2, 3), Vertex(-1, 1, 5)]
Key: com.catan.model.RoundedPoint2D@150491, Value: [Vertex(-1, -2, 3)]
Key: com.catan.model.RoundedPoint2D@154311, Value: [Vertex(-1, -2, 0), Vertex(-2, -1, 2)]
Key: com.catan.model.RoundedPoint2D@b9d02, Value: [Vertex(-2, 0, 4)]
Key: com.catan.model.RoundedPoint2D@2c62a0, Value: [Vertex(2, 0, 2)]
Key: com.catan.model.RoundedPoint2D@eb512, Value: [Vertex(-2, -1, 4)]
Key: com.catan.model.RoundedPoint2D@f3212, Value: [Vertex(-2, 1, 5)]
Key: com.catan.model.RoundedPoint2D@1fa481, Value: [Vertex(0, 1, 0), Vertex(1, 2, 4), Vertex(0, 2, 2)]
Key: com.catan.model.RoundedPoint2D@1f6601, Value: [Vertex(0, 0, 1), Vertex(0, 1, 3)]
Key: com.catan.model.RoundedPoint2D@1ee901, Value: [Vertex(0, -2, 2), Vertex(1, -2, 4)]
Key: com.catan.model.RoundedPoint2D@257700, Value: [Vertex(1, -2, 2)]
Key: com.catan.model.RoundedPoint2D@25f400, Value: [Vertex(1, 1, 3), Vertex(2, 0, 5)]
Key: com.catan.model.RoundedPoint2D@263280, Value: [Vertex(1, 1, 0), Vertex(1, 2, 2)]
Key: com.catan.model.RoundedPoint2D@1bf031, Value: [Vertex(0, -1, 5), Vertex(0, 0, 3)]
Key: com.catan.model.RoundedPoint2D@1c2eb1, Value: [Vertex(0, 0, 0), Vertex(0, 1, 4), Vertex(-1, 1, 2)]
Key: com.catan.model.RoundedPoint2D@124a22, Value: [Vertex(-2, 1, 3), Vertex(-2, 0, 1), Vertex(-1, 0, 5)]
Key: com.catan.model.RoundedPoint2D@1288a2, Value: [Vertex(-2, 1, 0), Vertex(-1, 2, 4)]
Key: com.catan.model.RoundedPoint2D@22bc91, Value: [Vertex(1, 1, 4), Vertex(0, 1, 2)]
Key: com.catan.model.RoundedPoint2D@227e11, Value: [Vertex(0, -1, 1), Vertex(1, -1, 5)]
Key: com.catan.model.RoundedPoint2D@11cd22, Value: [Vertex(-1, -2, 4)]
Key: com.catan.model.RoundedPoint2D@1916a1, Value: [Vertex(0, 2, 4), Vertex(-1, 2, 2), Vertex(-1, 1, 0)]
Key: com.catan.model.RoundedPoint2D@290c10, Value: [Vertex(1, -1, 1), Vertex(2, 0, 3)]
Key: com.catan.model.RoundedPoint2D@294a90, Value: [Vertex(1, 1, 2), Vertex(2, 0, 0)]
Key: com.catan.model.RoundedPoint2D@18d821, Value: [Vertex(0, 0, 5), Vertex(-1, 1, 3), Vertex(-1, 0, 1)]
Key: com.catan.model.RoundedPoint2D@185b21, Value: [Vertex(-1, -2, 2), Vertex(0, -2, 4)]
Key: com.catan.model.RoundedPoint2D@156251, Value: [Vertex(-2, -1, 1), Vertex(-1, 0, 3)]
Key: com.catan.model.RoundedPoint2D@15a0d1, Value: [Vertex(-2, 1, 2), Vertex(-1, 1, 4), Vertex(-1, 0, 0)]
Key: com.catan.model.RoundedPoint2D@bbc42, Value: [Vertex(-2, 0, 5)]
Key: com.catan.model.RoundedPoint2D@2c81e0, Value: [Vertex(2, 0, 1)]
Key: com.catan.model.RoundedPoint2D@ed452, Value: [Vertex(-2, 0, 3), Vertex(-2, -1, 5)]
Key: com.catan.model.RoundedPoint2D@f12d2, Value: [Vertex(-2, 1, 4), Vertex(-2, 0, 0)]
Key: com.catan.model.RoundedPoint2D@1fc3c1, Value: [Vertex(1, 2, 5), Vertex(0, 2, 1)]
Key: com.catan.model.RoundedPoint2D@1f0841, Value: [Vertex(0, -1, 3), Vertex(0, -2, 1), Vertex(1, -2, 5)]
Key: com.catan.model.RoundedPoint2D@1f46c1, Value: [Vertex(0, -1, 0), Vertex(0, 0, 2)]
Key: com.catan.model.RoundedPoint2D@25d4c0, Value: [Vertex(1, -1, 0), Vertex(2, 0, 4)]
Key: com.catan.model.RoundedPoint2D@259640, Value: [Vertex(1, -2, 1), Vertex(1, -1, 3)]
Key: com.catan.model.RoundedPoint2D@2651c0, Value: [Vertex(1, 2, 1)]
Key: com.catan.model.RoundedPoint2D@1b9271, Value: [Vertex(0, -2, 3)]
Key: com.catan.model.RoundedPoint2D@1bd0f1, Value: [Vertex(0, -1, 4), Vertex(0, -2, 0)]
Key: com.catan.model.RoundedPoint2D@1c8c71, Value: [Vertex(0, 2, 0)]
Key: com.catan.model.RoundedPoint2D@1c4df1, Value: [Vertex(0, 1, 5), Vertex(0, 2, 3), Vertex(-1, 1, 1)]
Key: com.catan.model.RoundedPoint2D@122ae2, Value: [Vertex(-2, 0, 2), Vertex(-2, -1, 0), Vertex(-1, 0, 4)]
Key: com.catan.model.RoundedPoint2D@12a7e2, Value: [Vertex(-1, 2, 5)]
Key: com.catan.model.RoundedPoint2D@231a51, Value: [Vertex(1, 2, 0)]
Key: com.catan.model.RoundedPoint2D@222051, Value: [Vertex(1, -2, 3)]
Key: com.catan.model.RoundedPoint2D@22dbd1, Value: [Vertex(1, 1, 5), Vertex(0, 1, 1), Vertex(1, 2, 3)]
Key: com.catan.model.RoundedPoint2D@225ed1, Value: [Vertex(0, -1, 2), Vertex(1, -2, 0), Vertex(1, -1, 4)]
Key: com.catan.model.RoundedPoint2D@11ec62, Value: [Vertex(-1, -2, 5), Vertex(-2, -1, 3)]
Key: com.catan.model.RoundedPoint2D@28ecd0, Value: [Vertex(1, -1, 2)]
Key: com.catan.model.RoundedPoint2D@1935e1, Value: [Vertex(0, 2, 5), Vertex(-1, 2, 1)]
Key: com.catan.model.RoundedPoint2D@2969d0, Value: [Vertex(1, 1, 1)]
Key: com.catan.model.RoundedPoint2D@18b8e1, Value: [Vertex(0, 0, 4), Vertex(-1, 0, 2), Vertex(-1, -1, 0)]
Key: com.catan.model.RoundedPoint2D@187a61, Value: [Vertex(-1, -2, 1), Vertex(0, -2, 5)]
Key: com.catan.model.RoundedPoint2D@15fe91, Value: [Vertex(-1, 2, 0)]
Key: com.catan.model.RoundedPoint2D@15c011, Value: [Vertex(-2, 1, 1), Vertex(-1, 2, 3), Vertex(-1, 1, 5)]
Key: com.catan.model.RoundedPoint2D@150491, Value: [Vertex(-1, -2, 3)]
Key: com.catan.model.RoundedPoint2D@154311, Value: [Vertex(-1, -2, 0), Vertex(-2, -1, 2)]
Key: com.catan.model.RoundedPoint2D@b9d02, Value: [Vertex(-2, 0, 4)]
Key: com.catan.model.RoundedPoint2D@2c62a0, Value: [Vertex(2, 0, 2)]
Key: com.catan.model.RoundedPoint2D@eb512, Value: [Vertex(-2, -1, 4)]
Key: com.catan.model.RoundedPoint2D@f3212, Value: [Vertex(-2, 1, 5)]
Key: com.catan.model.RoundedPoint2D@1fa481, Value: [Vertex(0, 1, 0), Vertex(1, 2, 4), Vertex(0, 2, 2)]
Key: com.catan.model.RoundedPoint2D@1f6601, Value: [Vertex(0, 0, 1), Vertex(0, 1, 3)]
Key: com.catan.model.RoundedPoint2D@1ee901, Value: [Vertex(0, -2, 2), Vertex(1, -2, 4)]
Key: com.catan.model.RoundedPoint2D@257700, Value: [Vertex(1, -2, 2)]
Key: com.catan.model.RoundedPoint2D@25f400, Value: [Vertex(1, 1, 3), Vertex(2, 0, 5)]
Key: com.catan.model.RoundedPoint2D@263280, Value: [Vertex(1, 1, 0), Vertex(1, 2, 2)]
Key: com.catan.model.RoundedPoint2D@1bf031, Value: [Vertex(0, -1, 5), Vertex(0, 0, 3), Vertex(-1, -1, 1)]
Key: com.catan.model.RoundedPoint2D@1c2eb1, Value: [Vertex(0, 0, 0), Vertex(0, 1, 4), Vertex(-1, 1, 2)]
Key: com.catan.model.RoundedPoint2D@124a22, Value: [Vertex(-2, 1, 3), Vertex(-2, 0, 1), Vertex(-1, 0, 5)]
Key: com.catan.model.RoundedPoint2D@1288a2, Value: [Vertex(-2, 1, 0), Vertex(-1, 2, 4)]
Key: com.catan.model.RoundedPoint2D@22bc91, Value: [Vertex(1, 1, 4), Vertex(0, 1, 2)]
Key: com.catan.model.RoundedPoint2D@227e11, Value: [Vertex(0, -1, 1), Vertex(1, -1, 5)]
Key: com.catan.model.RoundedPoint2D@11cd22, Value: [Vertex(-1, -2, 4)]
Key: com.catan.model.RoundedPoint2D@1916a1, Value: [Vertex(0, 2, 4), Vertex(-1, 2, 2), Vertex(-1, 1, 0)]
Key: com.catan.model.RoundedPoint2D@290c10, Value: [Vertex(1, -1, 1), Vertex(2, 0, 3)]
Key: com.catan.model.RoundedPoint2D@294a90, Value: [Vertex(1, 1, 2), Vertex(2, 0, 0)]
Key: com.catan.model.RoundedPoint2D@18d821, Value: [Vertex(0, 0, 5), Vertex(-1, 1, 3), Vertex(-1, 0, 1)]
Key: com.catan.model.RoundedPoint2D@185b21, Value: [Vertex(-1, -2, 2), Vertex(0, -2, 4)]
Key: com.catan.model.RoundedPoint2D@156251, Value: [Vertex(-2, -1, 1), Vertex(-1, 0, 3)]
Key: com.catan.model.RoundedPoint2D@15a0d1, Value: [Vertex(-2, 1, 2), Vertex(-1, 1, 4), Vertex(-1, 0, 0)]
Key: com.catan.model.RoundedPoint2D@bbc42, Value: [Vertex(-2, 0, 5)]
Key: com.catan.model.RoundedPoint2D@2c81e0, Value: [Vertex(2, 0, 1)]
Key: com.catan.model.RoundedPoint2D@ed452, Value: [Vertex(-2, 0, 3), Vertex(-2, -1, 5)]
Key: com.catan.model.RoundedPoint2D@f12d2, Value: [Vertex(-2, 1, 4), Vertex(-2, 0, 0)]
Key: com.catan.model.RoundedPoint2D@1fc3c1, Value: [Vertex(1, 2, 5), Vertex(0, 2, 1)]
Key: com.catan.model.RoundedPoint2D@1f0841, Value: [Vertex(0, -1, 3), Vertex(0, -2, 1), Vertex(1, -2, 5)]
Key: com.catan.model.RoundedPoint2D@1f46c1, Value: [Vertex(0, -1, 0), Vertex(0, 0, 2)]
Key: com.catan.model.RoundedPoint2D@25d4c0, Value: [Vertex(1, -1, 0), Vertex(2, 0, 4)]
Key: com.catan.model.RoundedPoint2D@259640, Value: [Vertex(1, -2, 1), Vertex(1, -1, 3)]
Key: com.catan.model.RoundedPoint2D@2651c0, Value: [Vertex(1, 2, 1)]
Key: com.catan.model.RoundedPoint2D@1b9271, Value: [Vertex(0, -2, 3)]
Key: com.catan.model.RoundedPoint2D@1bd0f1, Value: [Vertex(0, -1, 4), Vertex(0, -2, 0)]
Key: com.catan.model.RoundedPoint2D@1c8c71, Value: [Vertex(0, 2, 0)]
Key: com.catan.model.RoundedPoint2D@1c4df1, Value: [Vertex(0, 1, 5), Vertex(0, 2, 3), Vertex(-1, 1, 1)]
Key: com.catan.model.RoundedPoint2D@122ae2, Value: [Vertex(-2, 0, 2), Vertex(-2, -1, 0), Vertex(-1, 0, 4)]
Key: com.catan.model.RoundedPoint2D@12a7e2, Value: [Vertex(-1, 2, 5)]
Key: com.catan.model.RoundedPoint2D@231a51, Value: [Vertex(1, 2, 0)]
Key: com.catan.model.RoundedPoint2D@222051, Value: [Vertex(1, -2, 3)]
Key: com.catan.model.RoundedPoint2D@22dbd1, Value: [Vertex(1, 1, 5), Vertex(0, 1, 1), Vertex(1, 2, 3)]
Key: com.catan.model.RoundedPoint2D@225ed1, Value: [Vertex(0, -1, 2), Vertex(1, -2, 0), Vertex(1, -1, 4)]
Key: com.catan.model.RoundedPoint2D@11ec62, Value: [Vertex(-1, -2, 5), Vertex(-2, -1, 3)]
Key: com.catan.model.RoundedPoint2D@28ecd0, Value: [Vertex(1, -1, 2)]
Key: com.catan.model.RoundedPoint2D@1935e1, Value: [Vertex(0, 2, 5), Vertex(-1, 2, 1)]
Key: com.catan.model.RoundedPoint2D@2969d0, Value: [Vertex(1, 1, 1)]
Key: com.catan.model.RoundedPoint2D@18b8e1, Value: [Vertex(0, 0, 4), Vertex(-1, 0, 2), Vertex(-1, -1, 0)]
Key: com.catan.model.RoundedPoint2D@187a61, Value: [Vertex(-1, -2, 1), Vertex(0, -2, 5)]
Key: com.catan.model.RoundedPoint2D@15fe91, Value: [Vertex(-1, 2, 0)]
Key: com.catan.model.RoundedPoint2D@15c011, Value: [Vertex(-2, 1, 1), Vertex(-1, 2, 3), Vertex(-1, 1, 5)]
Key: com.catan.model.RoundedPoint2D@150491, Value: [Vertex(-1, -2, 3)]
Key: com.catan.model.RoundedPoint2D@154311, Value: [Vertex(-1, -2, 0), Vertex(-2, -1, 2)]
Key: com.catan.model.RoundedPoint2D@b9d02, Value: [Vertex(-2, 0, 4)]
Key: com.catan.model.RoundedPoint2D@2c62a0, Value: [Vertex(2, 0, 2)]
Key: com.catan.model.RoundedPoint2D@eb512, Value: [Vertex(-2, -1, 4)]
Key: com.catan.model.RoundedPoint2D@f3212, Value: [Vertex(-2, 1, 5)]
Key: com.catan.model.RoundedPoint2D@1fa481, Value: [Vertex(0, 1, 0), Vertex(1, 2, 4), Vertex(0, 2, 2)]
Key: com.catan.model.RoundedPoint2D@1f6601, Value: [Vertex(0, 0, 1), Vertex(0, 1, 3)]
Key: com.catan.model.RoundedPoint2D@1ee901, Value: [Vertex(0, -2, 2), Vertex(1, -2, 4)]
Key: com.catan.model.RoundedPoint2D@257700, Value: [Vertex(1, -2, 2)]
Key: com.catan.model.RoundedPoint2D@25f400, Value: [Vertex(1, 1, 3), Vertex(2, 0, 5)]
Key: com.catan.model.RoundedPoint2D@263280, Value: [Vertex(1, 1, 0), Vertex(1, 2, 2)]
Key: com.catan.model.RoundedPoint2D@1bf031, Value: [Vertex(0, -1, 5), Vertex(0, 0, 3), Vertex(-1, -1, 1)]
Key: com.catan.model.RoundedPoint2D@1c2eb1, Value: [Vertex(0, 0, 0), Vertex(0, 1, 4), Vertex(-1, 1, 2)]
Key: com.catan.model.RoundedPoint2D@124a22, Value: [Vertex(-2, 1, 3), Vertex(-2, 0, 1), Vertex(-1, 0, 5)]
Key: com.catan.model.RoundedPoint2D@1288a2, Value: [Vertex(-2, 1, 0), Vertex(-1, 2, 4)]
Key: com.catan.model.RoundedPoint2D@22bc91, Value: [Vertex(1, 1, 4), Vertex(0, 1, 2)]
Key: com.catan.model.RoundedPoint2D@227e11, Value: [Vertex(0, -1, 1), Vertex(1, -1, 5)]
Key: com.catan.model.RoundedPoint2D@11cd22, Value: [Vertex(-1, -2, 4)]
Key: com.catan.model.RoundedPoint2D@1916a1, Value: [Vertex(0, 2, 4), Vertex(-1, 2, 2), Vertex(-1, 1, 0)]
Key: com.catan.model.RoundedPoint2D@290c10, Value: [Vertex(1, -1, 1), Vertex(2, 0, 3)]
Key: com.catan.model.RoundedPoint2D@294a90, Value: [Vertex(1, 1, 2), Vertex(2, 0, 0)]
Key: com.catan.model.RoundedPoint2D@18d821, Value: [Vertex(0, 0, 5), Vertex(-1, 1, 3), Vertex(-1, 0, 1)]
Key: com.catan.model.RoundedPoint2D@185b21, Value: [Vertex(-1, -2, 2), Vertex(0, -2, 4)]
Key: com.catan.model.RoundedPoint2D@156251, Value: [Vertex(-2, -1, 1), Vertex(-1, 0, 3)]
Key: com.catan.model.RoundedPoint2D@15a0d1, Value: [Vertex(-2, 1, 2), Vertex(-1, 1, 4), Vertex(-1, 0, 0)]
Key: com.catan.model.RoundedPoint2D@bbc42, Value: [Vertex(-2, 0, 5)]
Key: com.catan.model.RoundedPoint2D@2c81e0, Value: [Vertex(2, 0, 1)]
Key: com.catan.model.RoundedPoint2D@ed452, Value: [Vertex(-2, 0, 3), Vertex(-2, -1, 5)]
Key: com.catan.model.RoundedPoint2D@f12d2, Value: [Vertex(-2, 1, 4), Vertex(-2, 0, 0)]
Key: com.catan.model.RoundedPoint2D@1fc3c1, Value: [Vertex(1, 2, 5), Vertex(0, 2, 1)]
Key: com.catan.model.RoundedPoint2D@1f0841, Value: [Vertex(0, -1, 3), Vertex(0, -2, 1), Vertex(1, -2, 5)]
Key: com.catan.model.RoundedPoint2D@1f46c1, Value: [Vertex(0, -1, 0), Vertex(0, 0, 2)]
Key: com.catan.model.RoundedPoint2D@25d4c0, Value: [Vertex(1, -1, 0), Vertex(2, 0, 4)]
Key: com.catan.model.RoundedPoint2D@259640, Value: [Vertex(1, -2, 1), Vertex(1, -1, 3)]
Key: com.catan.model.RoundedPoint2D@2651c0, Value: [Vertex(1, 2, 1)]
Key: com.catan.model.RoundedPoint2D@1b9271, Value: [Vertex(0, -2, 3)]
Key: com.catan.model.RoundedPoint2D@1bd0f1, Value: [Vertex(0, -1, 4), Vertex(0, -2, 0), Vertex(-1, -1, 2)]
Key: com.catan.model.RoundedPoint2D@1c8c71, Value: [Vertex(0, 2, 0)]
Key: com.catan.model.RoundedPoint2D@1c4df1, Value: [Vertex(0, 1, 5), Vertex(0, 2, 3), Vertex(-1, 1, 1)]
Key: com.catan.model.RoundedPoint2D@122ae2, Value: [Vertex(-2, 0, 2), Vertex(-2, -1, 0), Vertex(-1, 0, 4)]
Key: com.catan.model.RoundedPoint2D@12a7e2, Value: [Vertex(-1, 2, 5)]
Key: com.catan.model.RoundedPoint2D@231a51, Value: [Vertex(1, 2, 0)]
Key: com.catan.model.RoundedPoint2D@222051, Value: [Vertex(1, -2, 3)]
Key: com.catan.model.RoundedPoint2D@22dbd1, Value: [Vertex(1, 1, 5), Vertex(0, 1, 1), Vertex(1, 2, 3)]
Key: com.catan.model.RoundedPoint2D@225ed1, Value: [Vertex(0, -1, 2), Vertex(1, -2, 0), Vertex(1, -1, 4)]
Key: com.catan.model.RoundedPoint2D@11ec62, Value: [Vertex(-1, -2, 5), Vertex(-2, -1, 3)]
Key: com.catan.model.RoundedPoint2D@28ecd0, Value: [Vertex(1, -1, 2)]
Key: com.catan.model.RoundedPoint2D@1935e1, Value: [Vertex(0, 2, 5), Vertex(-1, 2, 1)]
Key: com.catan.model.RoundedPoint2D@2969d0, Value: [Vertex(1, 1, 1)]
Key: com.catan.model.RoundedPoint2D@18b8e1, Value: [Vertex(0, 0, 4), Vertex(-1, 0, 2), Vertex(-1, -1, 0)]
Key: com.catan.model.RoundedPoint2D@187a61, Value: [Vertex(-1, -2, 1), Vertex(0, -2, 5)]
Key: com.catan.model.RoundedPoint2D@15fe91, Value: [Vertex(-1, 2, 0)]
Key: com.catan.model.RoundedPoint2D@15c011, Value: [Vertex(-2, 1, 1), Vertex(-1, 2, 3), Vertex(-1, 1, 5)]
Key: com.catan.model.RoundedPoint2D@150491, Value: [Vertex(-1, -2, 3)]
Key: com.catan.model.RoundedPoint2D@154311, Value: [Vertex(-1, -2, 0), Vertex(-2, -1, 2)]
Key: com.catan.model.RoundedPoint2D@b9d02, Value: [Vertex(-2, 0, 4)]
Key: com.catan.model.RoundedPoint2D@2c62a0, Value: [Vertex(2, 0, 2)]
Key: com.catan.model.RoundedPoint2D@eb512, Value: [Vertex(-2, -1, 4)]
Key: com.catan.model.RoundedPoint2D@f3212, Value: [Vertex(-2, 1, 5)]
Key: com.catan.model.RoundedPoint2D@1fa481, Value: [Vertex(0, 1, 0), Vertex(1, 2, 4), Vertex(0, 2, 2)]
Key: com.catan.model.RoundedPoint2D@1f6601, Value: [Vertex(0, 0, 1), Vertex(0, 1, 3)]
Key: com.catan.model.RoundedPoint2D@1ee901, Value: [Vertex(0, -2, 2), Vertex(1, -2, 4)]
Key: com.catan.model.RoundedPoint2D@257700, Value: [Vertex(1, -2, 2)]
Key: com.catan.model.RoundedPoint2D@25f400, Value: [Vertex(1, 1, 3), Vertex(2, 0, 5)]
Key: com.catan.model.RoundedPoint2D@263280, Value: [Vertex(1, 1, 0), Vertex(1, 2, 2)]
Key: com.catan.model.RoundedPoint2D@1bf031, Value: [Vertex(0, -1, 5), Vertex(0, 0, 3), Vertex(-1, -1, 1)]
Key: com.catan.model.RoundedPoint2D@1c2eb1, Value: [Vertex(0, 0, 0), Vertex(0, 1, 4), Vertex(-1, 1, 2)]
Key: com.catan.model.RoundedPoint2D@124a22, Value: [Vertex(-2, 1, 3), Vertex(-2, 0, 1), Vertex(-1, 0, 5)]
Key: com.catan.model.RoundedPoint2D@1288a2, Value: [Vertex(-2, 1, 0), Vertex(-1, 2, 4)]
Key: com.catan.model.RoundedPoint2D@22bc91, Value: [Vertex(1, 1, 4), Vertex(0, 1, 2)]
Key: com.catan.model.RoundedPoint2D@227e11, Value: [Vertex(0, -1, 1), Vertex(1, -1, 5)]
Key: com.catan.model.RoundedPoint2D@11cd22, Value: [Vertex(-1, -2, 4)]
Key: com.catan.model.RoundedPoint2D@1916a1, Value: [Vertex(0, 2, 4), Vertex(-1, 2, 2), Vertex(-1, 1, 0)]
Key: com.catan.model.RoundedPoint2D@290c10, Value: [Vertex(1, -1, 1), Vertex(2, 0, 3)]
Key: com.catan.model.RoundedPoint2D@294a90, Value: [Vertex(1, 1, 2), Vertex(2, 0, 0)]
Key: com.catan.model.RoundedPoint2D@18d821, Value: [Vertex(0, 0, 5), Vertex(-1, 1, 3), Vertex(-1, 0, 1)]
Key: com.catan.model.RoundedPoint2D@185b21, Value: [Vertex(-1, -2, 2), Vertex(0, -2, 4)]
Key: com.catan.model.RoundedPoint2D@156251, Value: [Vertex(-2, -1, 1), Vertex(-1, 0, 3)]
Key: com.catan.model.RoundedPoint2D@15a0d1, Value: [Vertex(-2, 1, 2), Vertex(-1, 1, 4), Vertex(-1, 0, 0)]
Key: com.catan.model.RoundedPoint2D@bbc42, Value: [Vertex(-2, 0, 5)]
Key: com.catan.model.RoundedPoint2D@2c81e0, Value: [Vertex(2, 0, 1)]
Key: com.catan.model.RoundedPoint2D@ed452, Value: [Vertex(-2, 0, 3), Vertex(-2, -1, 5)]
Key: com.catan.model.RoundedPoint2D@f12d2, Value: [Vertex(-2, 1, 4), Vertex(-2, 0, 0)]
Key: com.catan.model.RoundedPoint2D@1fc3c1, Value: [Vertex(1, 2, 5), Vertex(0, 2, 1)]
Key: com.catan.model.RoundedPoint2D@1f0841, Value: [Vertex(0, -1, 3), Vertex(0, -2, 1), Vertex(1, -2, 5)]
Key: com.catan.model.RoundedPoint2D@1f46c1, Value: [Vertex(0, -1, 0), Vertex(0, 0, 2)]
Key: com.catan.model.RoundedPoint2D@25d4c0, Value: [Vertex(1, -1, 0), Vertex(2, 0, 4)]
Key: com.catan.model.RoundedPoint2D@259640, Value: [Vertex(1, -2, 1), Vertex(1, -1, 3)]
Key: com.catan.model.RoundedPoint2D@2651c0, Value: [Vertex(1, 2, 1)]
Key: com.catan.model.RoundedPoint2D@1b9271, Value: [Vertex(0, -2, 3)]
Key: com.catan.model.RoundedPoint2D@1bd0f1, Value: [Vertex(0, -1, 4), Vertex(0, -2, 0), Vertex(-1, -1, 2)]
Key: com.catan.model.RoundedPoint2D@1c8c71, Value: [Vertex(0, 2, 0)]
Key: com.catan.model.RoundedPoint2D@1c4df1, Value: [Vertex(0, 1, 5), Vertex(0, 2, 3), Vertex(-1, 1, 1)]
Key: com.catan.model.RoundedPoint2D@122ae2, Value: [Vertex(-2, 0, 2), Vertex(-2, -1, 0), Vertex(-1, 0, 4)]
Key: com.catan.model.RoundedPoint2D@12a7e2, Value: [Vertex(-1, 2, 5)]
Key: com.catan.model.RoundedPoint2D@231a51, Value: [Vertex(1, 2, 0)]
Key: com.catan.model.RoundedPoint2D@222051, Value: [Vertex(1, -2, 3)]
Key: com.catan.model.RoundedPoint2D@22dbd1, Value: [Vertex(1, 1, 5), Vertex(0, 1, 1), Vertex(1, 2, 3)]
Key: com.catan.model.RoundedPoint2D@225ed1, Value: [Vertex(0, -1, 2), Vertex(1, -2, 0), Vertex(1, -1, 4)]
Key: com.catan.model.RoundedPoint2D@11ec62, Value: [Vertex(-1, -2, 5), Vertex(-2, -1, 3)]
Key: com.catan.model.RoundedPoint2D@28ecd0, Value: [Vertex(1, -1, 2)]
Key: com.catan.model.RoundedPoint2D@1935e1, Value: [Vertex(0, 2, 5), Vertex(-1, 2, 1)]
Key: com.catan.model.RoundedPoint2D@2969d0, Value: [Vertex(1, 1, 1)]
Key: com.catan.model.RoundedPoint2D@18b8e1, Value: [Vertex(0, 0, 4), Vertex(-1, 0, 2), Vertex(-1, -1, 0)]
Key: com.catan.model.RoundedPoint2D@187a61, Value: [Vertex(-1, -2, 1), Vertex(0, -2, 5), Vertex(-1, -1, 3)]
Key: com.catan.model.RoundedPoint2D@15fe91, Value: [Vertex(-1, 2, 0)]
Key: com.catan.model.RoundedPoint2D@15c011, Value: [Vertex(-2, 1, 1), Vertex(-1, 2, 3), Vertex(-1, 1, 5)]
Key: com.catan.model.RoundedPoint2D@150491, Value: [Vertex(-1, -2, 3)]
Key: com.catan.model.RoundedPoint2D@154311, Value: [Vertex(-1, -2, 0), Vertex(-2, -1, 2), Vertex(-1, -1, 4)]
Key: com.catan.model.RoundedPoint2D@b9d02, Value: [Vertex(-2, 0, 4)]
Key: com.catan.model.RoundedPoint2D@2c62a0, Value: [Vertex(2, 0, 2)]
Key: com.catan.model.RoundedPoint2D@eb512, Value: [Vertex(-2, -1, 4)]
Key: com.catan.model.RoundedPoint2D@f3212, Value: [Vertex(-2, 1, 5)]
Key: com.catan.model.RoundedPoint2D@1fa481, Value: [Vertex(0, 1, 0), Vertex(1, 2, 4), Vertex(0, 2, 2)]
Key: com.catan.model.RoundedPoint2D@1f6601, Value: [Vertex(0, 0, 1), Vertex(0, 1, 3)]
Key: com.catan.model.RoundedPoint2D@1ee901, Value: [Vertex(0, -2, 2), Vertex(1, -2, 4)]
Key: com.catan.model.RoundedPoint2D@257700, Value: [Vertex(1, -2, 2)]
Key: com.catan.model.RoundedPoint2D@25f400, Value: [Vertex(1, 1, 3), Vertex(2, 0, 5)]
Key: com.catan.model.RoundedPoint2D@263280, Value: [Vertex(1, 1, 0), Vertex(1, 2, 2)]
Key: com.catan.model.RoundedPoint2D@1bf031, Value: [Vertex(0, -1, 5), Vertex(0, 0, 3), Vertex(-1, -1, 1)]
Key: com.catan.model.RoundedPoint2D@1c2eb1, Value: [Vertex(0, 0, 0), Vertex(0, 1, 4), Vertex(-1, 1, 2)]
Key: com.catan.model.RoundedPoint2D@124a22, Value: [Vertex(-2, 1, 3), Vertex(-2, 0, 1), Vertex(-1, 0, 5)]
Key: com.catan.model.RoundedPoint2D@1288a2, Value: [Vertex(-2, 1, 0), Vertex(-1, 2, 4)]
Key: com.catan.model.RoundedPoint2D@22bc91, Value: [Vertex(1, 1, 4), Vertex(0, 1, 2)]
Key: com.catan.model.RoundedPoint2D@227e11, Value: [Vertex(0, -1, 1), Vertex(1, -1, 5)]
Key: com.catan.model.RoundedPoint2D@11cd22, Value: [Vertex(-1, -2, 4)]
Key: com.catan.model.RoundedPoint2D@1916a1, Value: [Vertex(0, 2, 4), Vertex(-1, 2, 2), Vertex(-1, 1, 0)]
Key: com.catan.model.RoundedPoint2D@290c10, Value: [Vertex(1, -1, 1), Vertex(2, 0, 3)]
Key: com.catan.model.RoundedPoint2D@294a90, Value: [Vertex(1, 1, 2), Vertex(2, 0, 0)]
Key: com.catan.model.RoundedPoint2D@18d821, Value: [Vertex(0, 0, 5), Vertex(-1, 1, 3), Vertex(-1, 0, 1)]
Key: com.catan.model.RoundedPoint2D@185b21, Value: [Vertex(-1, -2, 2), Vertex(0, -2, 4)]
Key: com.catan.model.RoundedPoint2D@156251, Value: [Vertex(-2, -1, 1), Vertex(-1, 0, 3)]
Key: com.catan.model.RoundedPoint2D@15a0d1, Value: [Vertex(-2, 1, 2), Vertex(-1, 1, 4), Vertex(-1, 0, 0)]
Key: com.catan.model.RoundedPoint2D@bbc42, Value: [Vertex(-2, 0, 5)]
Key: com.catan.model.RoundedPoint2D@2c81e0, Value: [Vertex(2, 0, 1)]
Key: com.catan.model.RoundedPoint2D@ed452, Value: [Vertex(-2, 0, 3), Vertex(-2, -1, 5)]
Key: com.catan.model.RoundedPoint2D@f12d2, Value: [Vertex(-2, 1, 4), Vertex(-2, 0, 0)]
Key: com.catan.model.RoundedPoint2D@1fc3c1, Value: [Vertex(1, 2, 5), Vertex(0, 2, 1)]
Key: com.catan.model.RoundedPoint2D@1f0841, Value: [Vertex(0, -1, 3), Vertex(0, -2, 1), Vertex(1, -2, 5)]
Key: com.catan.model.RoundedPoint2D@1f46c1, Value: [Vertex(0, -1, 0), Vertex(0, 0, 2)]
Key: com.catan.model.RoundedPoint2D@25d4c0, Value: [Vertex(1, -1, 0), Vertex(2, 0, 4)]
Key: com.catan.model.RoundedPoint2D@259640, Value: [Vertex(1, -2, 1), Vertex(1, -1, 3)]
Key: com.catan.model.RoundedPoint2D@2651c0, Value: [Vertex(1, 2, 1)]
Key: com.catan.model.RoundedPoint2D@1b9271, Value: [Vertex(0, -2, 3)]
Key: com.catan.model.RoundedPoint2D@1bd0f1, Value: [Vertex(0, -1, 4), Vertex(0, -2, 0), Vertex(-1, -1, 2)]
Key: com.catan.model.RoundedPoint2D@1c8c71, Value: [Vertex(0, 2, 0)]
Key: com.catan.model.RoundedPoint2D@1c4df1, Value: [Vertex(0, 1, 5), Vertex(0, 2, 3), Vertex(-1, 1, 1)]
Key: com.catan.model.RoundedPoint2D@122ae2, Value: [Vertex(-2, 0, 2), Vertex(-2, -1, 0), Vertex(-1, 0, 4)]
Key: com.catan.model.RoundedPoint2D@12a7e2, Value: [Vertex(-1, 2, 5)]
Key: com.catan.model.RoundedPoint2D@231a51, Value: [Vertex(1, 2, 0)]
Key: com.catan.model.RoundedPoint2D@222051, Value: [Vertex(1, -2, 3)]
Key: com.catan.model.RoundedPoint2D@22dbd1, Value: [Vertex(1, 1, 5), Vertex(0, 1, 1), Vertex(1, 2, 3)]
Key: com.catan.model.RoundedPoint2D@225ed1, Value: [Vertex(0, -1, 2), Vertex(1, -2, 0), Vertex(1, -1, 4)]
Key: com.catan.model.RoundedPoint2D@11ec62, Value: [Vertex(-1, -2, 5), Vertex(-2, -1, 3)]
Key: com.catan.model.RoundedPoint2D@28ecd0, Value: [Vertex(1, -1, 2)]
Key: com.catan.model.RoundedPoint2D@1935e1, Value: [Vertex(0, 2, 5), Vertex(-1, 2, 1)]
Key: com.catan.model.RoundedPoint2D@2969d0, Value: [Vertex(1, 1, 1)]
Key: com.catan.model.RoundedPoint2D@18b8e1, Value: [Vertex(0, 0, 4), Vertex(-1, 0, 2), Vertex(-1, -1, 0)]
Key: com.catan.model.RoundedPoint2D@187a61, Value: [Vertex(-1, -2, 1), Vertex(0, -2, 5), Vertex(-1, -1, 3)]
Key: com.catan.model.RoundedPoint2D@15fe91, Value: [Vertex(-1, 2, 0)]
Key: com.catan.model.RoundedPoint2D@15c011, Value: [Vertex(-2, 1, 1), Vertex(-1, 2, 3), Vertex(-1, 1, 5)]
Key: com.catan.model.RoundedPoint2D@150491, Value: [Vertex(-1, -2, 3)]
Key: com.catan.model.RoundedPoint2D@154311, Value: [Vertex(-1, -2, 0), Vertex(-2, -1, 2), Vertex(-1, -1, 4)]
Key: com.catan.model.RoundedPoint2D@b9d02, Value: [Vertex(-2, 0, 4)]
Key: com.catan.model.RoundedPoint2D@2c62a0, Value: [Vertex(2, 0, 2)]
Key: com.catan.model.RoundedPoint2D@eb512, Value: [Vertex(-2, -1, 4)]
Key: com.catan.model.RoundedPoint2D@f3212, Value: [Vertex(-2, 1, 5)]
Key: com.catan.model.RoundedPoint2D@1fa481, Value: [Vertex(0, 1, 0), Vertex(1, 2, 4), Vertex(0, 2, 2)]
Key: com.catan.model.RoundedPoint2D@1f6601, Value: [Vertex(0, 0, 1), Vertex(0, 1, 3)]
Key: com.catan.model.RoundedPoint2D@1ee901, Value: [Vertex(0, -2, 2), Vertex(1, -2, 4)]
Key: com.catan.model.RoundedPoint2D@257700, Value: [Vertex(1, -2, 2)]
Key: com.catan.model.RoundedPoint2D@25f400, Value: [Vertex(1, 1, 3), Vertex(2, 0, 5)]
Key: com.catan.model.RoundedPoint2D@263280, Value: [Vertex(1, 1, 0), Vertex(1, 2, 2)]
Key: com.catan.model.RoundedPoint2D@1bf031, Value: [Vertex(0, -1, 5), Vertex(0, 0, 3), Vertex(-1, -1, 1)]
Key: com.catan.model.RoundedPoint2D@1c2eb1, Value: [Vertex(0, 0, 0), Vertex(0, 1, 4), Vertex(-1, 1, 2)]
Key: com.catan.model.RoundedPoint2D@124a22, Value: [Vertex(-2, 1, 3), Vertex(-2, 0, 1), Vertex(-1, 0, 5)]
Key: com.catan.model.RoundedPoint2D@1288a2, Value: [Vertex(-2, 1, 0), Vertex(-1, 2, 4)]
Key: com.catan.model.RoundedPoint2D@22bc91, Value: [Vertex(1, 1, 4), Vertex(0, 1, 2)]
Key: com.catan.model.RoundedPoint2D@227e11, Value: [Vertex(0, -1, 1), Vertex(1, -1, 5)]
Key: com.catan.model.RoundedPoint2D@11cd22, Value: [Vertex(-1, -2, 4)]
Key: com.catan.model.RoundedPoint2D@1916a1, Value: [Vertex(0, 2, 4), Vertex(-1, 2, 2), Vertex(-1, 1, 0)]
Key: com.catan.model.RoundedPoint2D@290c10, Value: [Vertex(1, -1, 1), Vertex(2, 0, 3)]
Key: com.catan.model.RoundedPoint2D@294a90, Value: [Vertex(1, 1, 2), Vertex(2, 0, 0)]
Key: com.catan.model.RoundedPoint2D@18d821, Value: [Vertex(0, 0, 5), Vertex(-1, 1, 3), Vertex(-1, 0, 1)]
Key: com.catan.model.RoundedPoint2D@185b21, Value: [Vertex(-1, -2, 2), Vertex(0, -2, 4)]
Key: com.catan.model.RoundedPoint2D@156251, Value: [Vertex(-2, -1, 1), Vertex(-1, 0, 3), Vertex(-1, -1, 5)]
Key: com.catan.model.RoundedPoint2D@15a0d1, Value: [Vertex(-2, 1, 2), Vertex(-1, 1, 4), Vertex(-1, 0, 0)]
Key: com.catan.model.RoundedPoint2D@bbc42, Value: [Vertex(-2, 0, 5)]
Key: com.catan.model.RoundedPoint2D@2c81e0, Value: [Vertex(2, 0, 1)]
Key: com.catan.model.RoundedPoint2D@ed452, Value: [Vertex(-2, 0, 3), Vertex(-2, -1, 5)]
Key: com.catan.model.RoundedPoint2D@f12d2, Value: [Vertex(-2, 1, 4), Vertex(-2, 0, 0)]
Key: com.catan.model.RoundedPoint2D@1fc3c1, Value: [Vertex(1, 2, 5), Vertex(0, 2, 1)]
Key: com.catan.model.RoundedPoint2D@1f0841, Value: [Vertex(0, -1, 3), Vertex(0, -2, 1), Vertex(1, -2, 5)]
Key: com.catan.model.RoundedPoint2D@1f46c1, Value: [Vertex(0, -1, 0), Vertex(0, 0, 2)]
Key: com.catan.model.RoundedPoint2D@25d4c0, Value: [Vertex(1, -1, 0), Vertex(2, 0, 4)]
Key: com.catan.model.RoundedPoint2D@259640, Value: [Vertex(1, -2, 1), Vertex(1, -1, 3)]
Key: com.catan.model.RoundedPoint2D@2651c0, Value: [Vertex(1, 2, 1)]
Key: com.catan.model.RoundedPoint2D@1b9271, Value: [Vertex(0, -2, 3)]
Key: com.catan.model.RoundedPoint2D@1bd0f1, Value: [Vertex(0, -1, 4), Vertex(0, -2, 0), Vertex(-1, -1, 2)]
Key: com.catan.model.RoundedPoint2D@1c8c71, Value: [Vertex(0, 2, 0)]
Key: com.catan.model.RoundedPoint2D@1c4df1, Value: [Vertex(0, 1, 5), Vertex(0, 2, 3), Vertex(-1, 1, 1)]
Key: com.catan.model.RoundedPoint2D@122ae2, Value: [Vertex(-2, 0, 2), Vertex(-2, -1, 0), Vertex(-1, 0, 4)]
Key: com.catan.model.RoundedPoint2D@12a7e2, Value: [Vertex(-1, 2, 5)]
Key: com.catan.model.RoundedPoint2D@231a51, Value: [Vertex(1, 2, 0)]
Key: com.catan.model.RoundedPoint2D@222051, Value: [Vertex(1, -2, 3)]
Key: com.catan.model.RoundedPoint2D@22dbd1, Value: [Vertex(1, 1, 5), Vertex(0, 1, 1), Vertex(1, 2, 3)]
Key: com.catan.model.RoundedPoint2D@225ed1, Value: [Vertex(0, -1, 2), Vertex(1, -2, 0), Vertex(1, -1, 4)]
Key: com.catan.model.RoundedPoint2D@11ec62, Value: [Vertex(-1, -2, 5), Vertex(-2, -1, 3)]
Key: com.catan.model.RoundedPoint2D@28ecd0, Value: [Vertex(1, -1, 2)]
Key: com.catan.model.RoundedPoint2D@1935e1, Value: [Vertex(0, 2, 5), Vertex(-1, 2, 1)]
Key: com.catan.model.RoundedPoint2D@2969d0, Value: [Vertex(1, 1, 1)]
Key: com.catan.model.RoundedPoint2D@18b8e1, Value: [Vertex(0, 0, 4), Vertex(-1, 0, 2), Vertex(-1, -1, 0)]
Key: com.catan.model.RoundedPoint2D@187a61, Value: [Vertex(-1, -2, 1), Vertex(0, -2, 5), Vertex(-1, -1, 3)]
Key: com.catan.model.RoundedPoint2D@15fe91, Value: [Vertex(-1, 2, 0)]
Key: com.catan.model.RoundedPoint2D@15c011, Value: [Vertex(-2, 1, 1), Vertex(-1, 2, 3), Vertex(-1, 1, 5)]
Key: com.catan.model.RoundedPoint2D@150491, Value: [Vertex(-1, -2, 3)]
Key: com.catan.model.RoundedPoint2D@154311, Value: [Vertex(-1, -2, 0), Vertex(-2, -1, 2), Vertex(-1, -1, 4)]
Key: com.catan.model.RoundedPoint2D@b9d02, Value: [Vertex(-2, 0, 4)]
Key: com.catan.model.RoundedPoint2D@2c62a0, Value: [Vertex(2, 0, 2)]
Key: com.catan.model.RoundedPoint2D@eb512, Value: [Vertex(-2, -1, 4)]
Key: com.catan.model.RoundedPoint2D@f3212, Value: [Vertex(-2, 1, 5)]
Key: com.catan.model.RoundedPoint2D@1fa481, Value: [Vertex(0, 1, 0), Vertex(1, 2, 4), Vertex(0, 2, 2)]
Key: com.catan.model.RoundedPoint2D@1f6601, Value: [Vertex(0, 0, 1), Vertex(0, 1, 3)]
Key: com.catan.model.RoundedPoint2D@1ee901, Value: [Vertex(0, -2, 2), Vertex(1, -2, 4)]
Key: com.catan.model.RoundedPoint2D@257700, Value: [Vertex(1, -2, 2)]
Key: com.catan.model.RoundedPoint2D@25f400, Value: [Vertex(1, 1, 3), Vertex(2, 0, 5)]
Key: com.catan.model.RoundedPoint2D@263280, Value: [Vertex(1, 1, 0), Vertex(1, 2, 2)]
Key: com.catan.model.RoundedPoint2D@1bf031, Value: [Vertex(0, -1, 5), Vertex(0, 0, 3), Vertex(-1, -1, 1)]
Key: com.catan.model.RoundedPoint2D@1c2eb1, Value: [Vertex(0, 0, 0), Vertex(0, 1, 4), Vertex(-1, 1, 2)]
Key: com.catan.model.RoundedPoint2D@124a22, Value: [Vertex(-2, 1, 3), Vertex(-2, 0, 1), Vertex(-1, 0, 5)]
Key: com.catan.model.RoundedPoint2D@1288a2, Value: [Vertex(-2, 1, 0), Vertex(-1, 2, 4)]
Key: com.catan.model.RoundedPoint2D@22bc91, Value: [Vertex(1, 1, 4), Vertex(0, 1, 2), Vertex(1, 0, 0)]
Key: com.catan.model.RoundedPoint2D@227e11, Value: [Vertex(0, -1, 1), Vertex(1, -1, 5)]
Key: com.catan.model.RoundedPoint2D@11cd22, Value: [Vertex(-1, -2, 4)]
Key: com.catan.model.RoundedPoint2D@1916a1, Value: [Vertex(0, 2, 4), Vertex(-1, 2, 2), Vertex(-1, 1, 0)]
Key: com.catan.model.RoundedPoint2D@290c10, Value: [Vertex(1, -1, 1), Vertex(2, 0, 3)]
Key: com.catan.model.RoundedPoint2D@294a90, Value: [Vertex(1, 1, 2), Vertex(2, 0, 0)]
Key: com.catan.model.RoundedPoint2D@18d821, Value: [Vertex(0, 0, 5), Vertex(-1, 1, 3), Vertex(-1, 0, 1)]
Key: com.catan.model.RoundedPoint2D@185b21, Value: [Vertex(-1, -2, 2), Vertex(0, -2, 4)]
Key: com.catan.model.RoundedPoint2D@156251, Value: [Vertex(-2, -1, 1), Vertex(-1, 0, 3), Vertex(-1, -1, 5)]
Key: com.catan.model.RoundedPoint2D@15a0d1, Value: [Vertex(-2, 1, 2), Vertex(-1, 1, 4), Vertex(-1, 0, 0)]
Key: com.catan.model.RoundedPoint2D@bbc42, Value: [Vertex(-2, 0, 5)]
Key: com.catan.model.RoundedPoint2D@2c81e0, Value: [Vertex(2, 0, 1)]
Key: com.catan.model.RoundedPoint2D@ed452, Value: [Vertex(-2, 0, 3), Vertex(-2, -1, 5)]
Key: com.catan.model.RoundedPoint2D@f12d2, Value: [Vertex(-2, 1, 4), Vertex(-2, 0, 0)]
Key: com.catan.model.RoundedPoint2D@1fc3c1, Value: [Vertex(1, 2, 5), Vertex(0, 2, 1)]
Key: com.catan.model.RoundedPoint2D@1f0841, Value: [Vertex(0, -1, 3), Vertex(0, -2, 1), Vertex(1, -2, 5)]
Key: com.catan.model.RoundedPoint2D@1f46c1, Value: [Vertex(0, -1, 0), Vertex(0, 0, 2)]
Key: com.catan.model.RoundedPoint2D@25d4c0, Value: [Vertex(1, -1, 0), Vertex(2, 0, 4)]
Key: com.catan.model.RoundedPoint2D@259640, Value: [Vertex(1, -2, 1), Vertex(1, -1, 3)]
Key: com.catan.model.RoundedPoint2D@2651c0, Value: [Vertex(1, 2, 1)]
Key: com.catan.model.RoundedPoint2D@1b9271, Value: [Vertex(0, -2, 3)]
Key: com.catan.model.RoundedPoint2D@1bd0f1, Value: [Vertex(0, -1, 4), Vertex(0, -2, 0), Vertex(-1, -1, 2)]
Key: com.catan.model.RoundedPoint2D@1c8c71, Value: [Vertex(0, 2, 0)]
Key: com.catan.model.RoundedPoint2D@1c4df1, Value: [Vertex(0, 1, 5), Vertex(0, 2, 3), Vertex(-1, 1, 1)]
Key: com.catan.model.RoundedPoint2D@122ae2, Value: [Vertex(-2, 0, 2), Vertex(-2, -1, 0), Vertex(-1, 0, 4)]
Key: com.catan.model.RoundedPoint2D@12a7e2, Value: [Vertex(-1, 2, 5)]
Key: com.catan.model.RoundedPoint2D@231a51, Value: [Vertex(1, 2, 0)]
Key: com.catan.model.RoundedPoint2D@222051, Value: [Vertex(1, -2, 3)]
Key: com.catan.model.RoundedPoint2D@22dbd1, Value: [Vertex(1, 1, 5), Vertex(0, 1, 1), Vertex(1, 2, 3)]
Key: com.catan.model.RoundedPoint2D@225ed1, Value: [Vertex(0, -1, 2), Vertex(1, -2, 0), Vertex(1, -1, 4)]
Key: com.catan.model.RoundedPoint2D@11ec62, Value: [Vertex(-1, -2, 5), Vertex(-2, -1, 3)]
Key: com.catan.model.RoundedPoint2D@28ecd0, Value: [Vertex(1, -1, 2)]
Key: com.catan.model.RoundedPoint2D@1935e1, Value: [Vertex(0, 2, 5), Vertex(-1, 2, 1)]
Key: com.catan.model.RoundedPoint2D@2969d0, Value: [Vertex(1, 1, 1)]
Key: com.catan.model.RoundedPoint2D@18b8e1, Value: [Vertex(0, 0, 4), Vertex(-1, 0, 2), Vertex(-1, -1, 0)]
Key: com.catan.model.RoundedPoint2D@187a61, Value: [Vertex(-1, -2, 1), Vertex(0, -2, 5), Vertex(-1, -1, 3)]
Key: com.catan.model.RoundedPoint2D@15fe91, Value: [Vertex(-1, 2, 0)]
Key: com.catan.model.RoundedPoint2D@15c011, Value: [Vertex(-2, 1, 1), Vertex(-1, 2, 3), Vertex(-1, 1, 5)]
Key: com.catan.model.RoundedPoint2D@150491, Value: [Vertex(-1, -2, 3)]
Key: com.catan.model.RoundedPoint2D@154311, Value: [Vertex(-1, -2, 0), Vertex(-2, -1, 2), Vertex(-1, -1, 4)]
Key: com.catan.model.RoundedPoint2D@b9d02, Value: [Vertex(-2, 0, 4)]
Key: com.catan.model.RoundedPoint2D@2c62a0, Value: [Vertex(2, 0, 2)]
Key: com.catan.model.RoundedPoint2D@eb512, Value: [Vertex(-2, -1, 4)]
Key: com.catan.model.RoundedPoint2D@f3212, Value: [Vertex(-2, 1, 5)]
Key: com.catan.model.RoundedPoint2D@1fa481, Value: [Vertex(0, 1, 0), Vertex(1, 2, 4), Vertex(0, 2, 2)]
Key: com.catan.model.RoundedPoint2D@1f6601, Value: [Vertex(0, 0, 1), Vertex(0, 1, 3)]
Key: com.catan.model.RoundedPoint2D@1ee901, Value: [Vertex(0, -2, 2), Vertex(1, -2, 4)]
Key: com.catan.model.RoundedPoint2D@257700, Value: [Vertex(1, -2, 2)]
Key: com.catan.model.RoundedPoint2D@25f400, Value: [Vertex(1, 1, 3), Vertex(2, 0, 5), Vertex(1, 0, 1)]
Key: com.catan.model.RoundedPoint2D@263280, Value: [Vertex(1, 1, 0), Vertex(1, 2, 2)]
Key: com.catan.model.RoundedPoint2D@1bf031, Value: [Vertex(0, -1, 5), Vertex(0, 0, 3), Vertex(-1, -1, 1)]
Key: com.catan.model.RoundedPoint2D@1c2eb1, Value: [Vertex(0, 0, 0), Vertex(0, 1, 4), Vertex(-1, 1, 2)]
Key: com.catan.model.RoundedPoint2D@124a22, Value: [Vertex(-2, 1, 3), Vertex(-2, 0, 1), Vertex(-1, 0, 5)]
Key: com.catan.model.RoundedPoint2D@1288a2, Value: [Vertex(-2, 1, 0), Vertex(-1, 2, 4)]
Key: com.catan.model.RoundedPoint2D@22bc91, Value: [Vertex(1, 1, 4), Vertex(0, 1, 2), Vertex(1, 0, 0)]
Key: com.catan.model.RoundedPoint2D@227e11, Value: [Vertex(0, -1, 1), Vertex(1, -1, 5)]
Key: com.catan.model.RoundedPoint2D@11cd22, Value: [Vertex(-1, -2, 4)]
Key: com.catan.model.RoundedPoint2D@1916a1, Value: [Vertex(0, 2, 4), Vertex(-1, 2, 2), Vertex(-1, 1, 0)]
Key: com.catan.model.RoundedPoint2D@290c10, Value: [Vertex(1, -1, 1), Vertex(2, 0, 3)]
Key: com.catan.model.RoundedPoint2D@294a90, Value: [Vertex(1, 1, 2), Vertex(2, 0, 0)]
Key: com.catan.model.RoundedPoint2D@18d821, Value: [Vertex(0, 0, 5), Vertex(-1, 1, 3), Vertex(-1, 0, 1)]
Key: com.catan.model.RoundedPoint2D@185b21, Value: [Vertex(-1, -2, 2), Vertex(0, -2, 4)]
Key: com.catan.model.RoundedPoint2D@156251, Value: [Vertex(-2, -1, 1), Vertex(-1, 0, 3), Vertex(-1, -1, 5)]
Key: com.catan.model.RoundedPoint2D@15a0d1, Value: [Vertex(-2, 1, 2), Vertex(-1, 1, 4), Vertex(-1, 0, 0)]
Key: com.catan.model.RoundedPoint2D@bbc42, Value: [Vertex(-2, 0, 5)]
Key: com.catan.model.RoundedPoint2D@2c81e0, Value: [Vertex(2, 0, 1)]
Key: com.catan.model.RoundedPoint2D@ed452, Value: [Vertex(-2, 0, 3), Vertex(-2, -1, 5)]
Key: com.catan.model.RoundedPoint2D@f12d2, Value: [Vertex(-2, 1, 4), Vertex(-2, 0, 0)]
Key: com.catan.model.RoundedPoint2D@1fc3c1, Value: [Vertex(1, 2, 5), Vertex(0, 2, 1)]
Key: com.catan.model.RoundedPoint2D@1f0841, Value: [Vertex(0, -1, 3), Vertex(0, -2, 1), Vertex(1, -2, 5)]
Key: com.catan.model.RoundedPoint2D@1f46c1, Value: [Vertex(0, -1, 0), Vertex(0, 0, 2)]
Key: com.catan.model.RoundedPoint2D@25d4c0, Value: [Vertex(1, -1, 0), Vertex(2, 0, 4)]
Key: com.catan.model.RoundedPoint2D@259640, Value: [Vertex(1, -2, 1), Vertex(1, -1, 3)]
Key: com.catan.model.RoundedPoint2D@2651c0, Value: [Vertex(1, 2, 1)]
Key: com.catan.model.RoundedPoint2D@1b9271, Value: [Vertex(0, -2, 3)]
Key: com.catan.model.RoundedPoint2D@1bd0f1, Value: [Vertex(0, -1, 4), Vertex(0, -2, 0), Vertex(-1, -1, 2)]
Key: com.catan.model.RoundedPoint2D@1c8c71, Value: [Vertex(0, 2, 0)]
Key: com.catan.model.RoundedPoint2D@1c4df1, Value: [Vertex(0, 1, 5), Vertex(0, 2, 3), Vertex(-1, 1, 1)]
Key: com.catan.model.RoundedPoint2D@122ae2, Value: [Vertex(-2, 0, 2), Vertex(-2, -1, 0), Vertex(-1, 0, 4)]
Key: com.catan.model.RoundedPoint2D@12a7e2, Value: [Vertex(-1, 2, 5)]
Key: com.catan.model.RoundedPoint2D@231a51, Value: [Vertex(1, 2, 0)]
Key: com.catan.model.RoundedPoint2D@222051, Value: [Vertex(1, -2, 3)]
Key: com.catan.model.RoundedPoint2D@22dbd1, Value: [Vertex(1, 1, 5), Vertex(0, 1, 1), Vertex(1, 2, 3)]
Key: com.catan.model.RoundedPoint2D@225ed1, Value: [Vertex(0, -1, 2), Vertex(1, -2, 0), Vertex(1, -1, 4)]
Key: com.catan.model.RoundedPoint2D@11ec62, Value: [Vertex(-1, -2, 5), Vertex(-2, -1, 3)]
Key: com.catan.model.RoundedPoint2D@28ecd0, Value: [Vertex(1, -1, 2)]
Key: com.catan.model.RoundedPoint2D@1935e1, Value: [Vertex(0, 2, 5), Vertex(-1, 2, 1)]
Key: com.catan.model.RoundedPoint2D@2969d0, Value: [Vertex(1, 1, 1)]
Key: com.catan.model.RoundedPoint2D@18b8e1, Value: [Vertex(0, 0, 4), Vertex(-1, 0, 2), Vertex(-1, -1, 0)]
Key: com.catan.model.RoundedPoint2D@187a61, Value: [Vertex(-1, -2, 1), Vertex(0, -2, 5), Vertex(-1, -1, 3)]
Key: com.catan.model.RoundedPoint2D@15fe91, Value: [Vertex(-1, 2, 0)]
Key: com.catan.model.RoundedPoint2D@15c011, Value: [Vertex(-2, 1, 1), Vertex(-1, 2, 3), Vertex(-1, 1, 5)]
Key: com.catan.model.RoundedPoint2D@150491, Value: [Vertex(-1, -2, 3)]
Key: com.catan.model.RoundedPoint2D@154311, Value: [Vertex(-1, -2, 0), Vertex(-2, -1, 2), Vertex(-1, -1, 4)]
Key: com.catan.model.RoundedPoint2D@b9d02, Value: [Vertex(-2, 0, 4)]
Key: com.catan.model.RoundedPoint2D@2c62a0, Value: [Vertex(2, 0, 2)]
Key: com.catan.model.RoundedPoint2D@eb512, Value: [Vertex(-2, -1, 4)]
Key: com.catan.model.RoundedPoint2D@f3212, Value: [Vertex(-2, 1, 5)]
Key: com.catan.model.RoundedPoint2D@1fa481, Value: [Vertex(0, 1, 0), Vertex(1, 2, 4), Vertex(0, 2, 2)]
Key: com.catan.model.RoundedPoint2D@1f6601, Value: [Vertex(0, 0, 1), Vertex(0, 1, 3)]
Key: com.catan.model.RoundedPoint2D@1ee901, Value: [Vertex(0, -2, 2), Vertex(1, -2, 4)]
Key: com.catan.model.RoundedPoint2D@257700, Value: [Vertex(1, -2, 2)]
Key: com.catan.model.RoundedPoint2D@25f400, Value: [Vertex(1, 1, 3), Vertex(2, 0, 5), Vertex(1, 0, 1)]
Key: com.catan.model.RoundedPoint2D@263280, Value: [Vertex(1, 1, 0), Vertex(1, 2, 2)]
Key: com.catan.model.RoundedPoint2D@1bf031, Value: [Vertex(0, -1, 5), Vertex(0, 0, 3), Vertex(-1, -1, 1)]
Key: com.catan.model.RoundedPoint2D@1c2eb1, Value: [Vertex(0, 0, 0), Vertex(0, 1, 4), Vertex(-1, 1, 2)]
Key: com.catan.model.RoundedPoint2D@124a22, Value: [Vertex(-2, 1, 3), Vertex(-2, 0, 1), Vertex(-1, 0, 5)]
Key: com.catan.model.RoundedPoint2D@1288a2, Value: [Vertex(-2, 1, 0), Vertex(-1, 2, 4)]
Key: com.catan.model.RoundedPoint2D@22bc91, Value: [Vertex(1, 1, 4), Vertex(0, 1, 2), Vertex(1, 0, 0)]
Key: com.catan.model.RoundedPoint2D@227e11, Value: [Vertex(0, -1, 1), Vertex(1, -1, 5)]
Key: com.catan.model.RoundedPoint2D@11cd22, Value: [Vertex(-1, -2, 4)]
Key: com.catan.model.RoundedPoint2D@1916a1, Value: [Vertex(0, 2, 4), Vertex(-1, 2, 2), Vertex(-1, 1, 0)]
Key: com.catan.model.RoundedPoint2D@290c10, Value: [Vertex(1, -1, 1), Vertex(2, 0, 3)]
Key: com.catan.model.RoundedPoint2D@294a90, Value: [Vertex(1, 1, 2), Vertex(2, 0, 0)]
Key: com.catan.model.RoundedPoint2D@18d821, Value: [Vertex(0, 0, 5), Vertex(-1, 1, 3), Vertex(-1, 0, 1)]
Key: com.catan.model.RoundedPoint2D@185b21, Value: [Vertex(-1, -2, 2), Vertex(0, -2, 4)]
Key: com.catan.model.RoundedPoint2D@156251, Value: [Vertex(-2, -1, 1), Vertex(-1, 0, 3), Vertex(-1, -1, 5)]
Key: com.catan.model.RoundedPoint2D@15a0d1, Value: [Vertex(-2, 1, 2), Vertex(-1, 1, 4), Vertex(-1, 0, 0)]
Key: com.catan.model.RoundedPoint2D@bbc42, Value: [Vertex(-2, 0, 5)]
Key: com.catan.model.RoundedPoint2D@2c81e0, Value: [Vertex(2, 0, 1)]
Key: com.catan.model.RoundedPoint2D@ed452, Value: [Vertex(-2, 0, 3), Vertex(-2, -1, 5)]
Key: com.catan.model.RoundedPoint2D@f12d2, Value: [Vertex(-2, 1, 4), Vertex(-2, 0, 0)]
Key: com.catan.model.RoundedPoint2D@1fc3c1, Value: [Vertex(1, 2, 5), Vertex(0, 2, 1)]
Key: com.catan.model.RoundedPoint2D@1f0841, Value: [Vertex(0, -1, 3), Vertex(0, -2, 1), Vertex(1, -2, 5)]
Key: com.catan.model.RoundedPoint2D@1f46c1, Value: [Vertex(0, -1, 0), Vertex(0, 0, 2)]
Key: com.catan.model.RoundedPoint2D@25d4c0, Value: [Vertex(1, -1, 0), Vertex(2, 0, 4), Vertex(1, 0, 2)]
Key: com.catan.model.RoundedPoint2D@259640, Value: [Vertex(1, -2, 1), Vertex(1, -1, 3)]
Key: com.catan.model.RoundedPoint2D@2651c0, Value: [Vertex(1, 2, 1)]
Key: com.catan.model.RoundedPoint2D@1b9271, Value: [Vertex(0, -2, 3)]
Key: com.catan.model.RoundedPoint2D@1bd0f1, Value: [Vertex(0, -1, 4), Vertex(0, -2, 0), Vertex(-1, -1, 2)]
Key: com.catan.model.RoundedPoint2D@1c8c71, Value: [Vertex(0, 2, 0)]
Key: com.catan.model.RoundedPoint2D@1c4df1, Value: [Vertex(0, 1, 5), Vertex(0, 2, 3), Vertex(-1, 1, 1)]
Key: com.catan.model.RoundedPoint2D@122ae2, Value: [Vertex(-2, 0, 2), Vertex(-2, -1, 0), Vertex(-1, 0, 4)]
Key: com.catan.model.RoundedPoint2D@12a7e2, Value: [Vertex(-1, 2, 5)]
Key: com.catan.model.RoundedPoint2D@231a51, Value: [Vertex(1, 2, 0)]
Key: com.catan.model.RoundedPoint2D@222051, Value: [Vertex(1, -2, 3)]
Key: com.catan.model.RoundedPoint2D@22dbd1, Value: [Vertex(1, 1, 5), Vertex(0, 1, 1), Vertex(1, 2, 3)]
Key: com.catan.model.RoundedPoint2D@225ed1, Value: [Vertex(0, -1, 2), Vertex(1, -2, 0), Vertex(1, -1, 4)]
Key: com.catan.model.RoundedPoint2D@11ec62, Value: [Vertex(-1, -2, 5), Vertex(-2, -1, 3)]
Key: com.catan.model.RoundedPoint2D@28ecd0, Value: [Vertex(1, -1, 2)]
Key: com.catan.model.RoundedPoint2D@1935e1, Value: [Vertex(0, 2, 5), Vertex(-1, 2, 1)]
Key: com.catan.model.RoundedPoint2D@2969d0, Value: [Vertex(1, 1, 1)]
Key: com.catan.model.RoundedPoint2D@18b8e1, Value: [Vertex(0, 0, 4), Vertex(-1, 0, 2), Vertex(-1, -1, 0)]
Key: com.catan.model.RoundedPoint2D@187a61, Value: [Vertex(-1, -2, 1), Vertex(0, -2, 5), Vertex(-1, -1, 3)]
Key: com.catan.model.RoundedPoint2D@15fe91, Value: [Vertex(-1, 2, 0)]
Key: com.catan.model.RoundedPoint2D@15c011, Value: [Vertex(-2, 1, 1), Vertex(-1, 2, 3), Vertex(-1, 1, 5)]
Key: com.catan.model.RoundedPoint2D@150491, Value: [Vertex(-1, -2, 3)]
Key: com.catan.model.RoundedPoint2D@154311, Value: [Vertex(-1, -2, 0), Vertex(-2, -1, 2), Vertex(-1, -1, 4)]
Key: com.catan.model.RoundedPoint2D@b9d02, Value: [Vertex(-2, 0, 4)]
Key: com.catan.model.RoundedPoint2D@2c62a0, Value: [Vertex(2, 0, 2)]
Key: com.catan.model.RoundedPoint2D@eb512, Value: [Vertex(-2, -1, 4)]
Key: com.catan.model.RoundedPoint2D@f3212, Value: [Vertex(-2, 1, 5)]
Key: com.catan.model.RoundedPoint2D@1fa481, Value: [Vertex(0, 1, 0), Vertex(1, 2, 4), Vertex(0, 2, 2)]
Key: com.catan.model.RoundedPoint2D@1f6601, Value: [Vertex(0, 0, 1), Vertex(0, 1, 3)]
Key: com.catan.model.RoundedPoint2D@1ee901, Value: [Vertex(0, -2, 2), Vertex(1, -2, 4)]
Key: com.catan.model.RoundedPoint2D@257700, Value: [Vertex(1, -2, 2)]
Key: com.catan.model.RoundedPoint2D@25f400, Value: [Vertex(1, 1, 3), Vertex(2, 0, 5), Vertex(1, 0, 1)]
Key: com.catan.model.RoundedPoint2D@263280, Value: [Vertex(1, 1, 0), Vertex(1, 2, 2)]
Key: com.catan.model.RoundedPoint2D@1bf031, Value: [Vertex(0, -1, 5), Vertex(0, 0, 3), Vertex(-1, -1, 1)]
Key: com.catan.model.RoundedPoint2D@1c2eb1, Value: [Vertex(0, 0, 0), Vertex(0, 1, 4), Vertex(-1, 1, 2)]
Key: com.catan.model.RoundedPoint2D@124a22, Value: [Vertex(-2, 1, 3), Vertex(-2, 0, 1), Vertex(-1, 0, 5)]
Key: com.catan.model.RoundedPoint2D@1288a2, Value: [Vertex(-2, 1, 0), Vertex(-1, 2, 4)]
Key: com.catan.model.RoundedPoint2D@22bc91, Value: [Vertex(1, 1, 4), Vertex(0, 1, 2), Vertex(1, 0, 0)]
Key: com.catan.model.RoundedPoint2D@227e11, Value: [Vertex(0, -1, 1), Vertex(1, -1, 5), Vertex(1, 0, 3)]
Key: com.catan.model.RoundedPoint2D@11cd22, Value: [Vertex(-1, -2, 4)]
Key: com.catan.model.RoundedPoint2D@1916a1, Value: [Vertex(0, 2, 4), Vertex(-1, 2, 2), Vertex(-1, 1, 0)]
Key: com.catan.model.RoundedPoint2D@290c10, Value: [Vertex(1, -1, 1), Vertex(2, 0, 3)]
Key: com.catan.model.RoundedPoint2D@294a90, Value: [Vertex(1, 1, 2), Vertex(2, 0, 0)]
Key: com.catan.model.RoundedPoint2D@18d821, Value: [Vertex(0, 0, 5), Vertex(-1, 1, 3), Vertex(-1, 0, 1)]
Key: com.catan.model.RoundedPoint2D@185b21, Value: [Vertex(-1, -2, 2), Vertex(0, -2, 4)]
Key: com.catan.model.RoundedPoint2D@156251, Value: [Vertex(-2, -1, 1), Vertex(-1, 0, 3), Vertex(-1, -1, 5)]
Key: com.catan.model.RoundedPoint2D@15a0d1, Value: [Vertex(-2, 1, 2), Vertex(-1, 1, 4), Vertex(-1, 0, 0)]
Key: com.catan.model.RoundedPoint2D@bbc42, Value: [Vertex(-2, 0, 5)]
Key: com.catan.model.RoundedPoint2D@2c81e0, Value: [Vertex(2, 0, 1)]
Key: com.catan.model.RoundedPoint2D@ed452, Value: [Vertex(-2, 0, 3), Vertex(-2, -1, 5)]
Key: com.catan.model.RoundedPoint2D@f12d2, Value: [Vertex(-2, 1, 4), Vertex(-2, 0, 0)]
Key: com.catan.model.RoundedPoint2D@1fc3c1, Value: [Vertex(1, 2, 5), Vertex(0, 2, 1)]
Key: com.catan.model.RoundedPoint2D@1f0841, Value: [Vertex(0, -1, 3), Vertex(0, -2, 1), Vertex(1, -2, 5)]
Key: com.catan.model.RoundedPoint2D@1f46c1, Value: [Vertex(0, -1, 0), Vertex(0, 0, 2)]
Key: com.catan.model.RoundedPoint2D@25d4c0, Value: [Vertex(1, -1, 0), Vertex(2, 0, 4), Vertex(1, 0, 2)]
Key: com.catan.model.RoundedPoint2D@259640, Value: [Vertex(1, -2, 1), Vertex(1, -1, 3)]
Key: com.catan.model.RoundedPoint2D@2651c0, Value: [Vertex(1, 2, 1)]
Key: com.catan.model.RoundedPoint2D@1b9271, Value: [Vertex(0, -2, 3)]
Key: com.catan.model.RoundedPoint2D@1bd0f1, Value: [Vertex(0, -1, 4), Vertex(0, -2, 0), Vertex(-1, -1, 2)]
Key: com.catan.model.RoundedPoint2D@1c8c71, Value: [Vertex(0, 2, 0)]
Key: com.catan.model.RoundedPoint2D@1c4df1, Value: [Vertex(0, 1, 5), Vertex(0, 2, 3), Vertex(-1, 1, 1)]
Key: com.catan.model.RoundedPoint2D@122ae2, Value: [Vertex(-2, 0, 2), Vertex(-2, -1, 0), Vertex(-1, 0, 4)]
Key: com.catan.model.RoundedPoint2D@12a7e2, Value: [Vertex(-1, 2, 5)]
Key: com.catan.model.RoundedPoint2D@231a51, Value: [Vertex(1, 2, 0)]
Key: com.catan.model.RoundedPoint2D@222051, Value: [Vertex(1, -2, 3)]
Key: com.catan.model.RoundedPoint2D@22dbd1, Value: [Vertex(1, 1, 5), Vertex(0, 1, 1), Vertex(1, 2, 3)]
Key: com.catan.model.RoundedPoint2D@225ed1, Value: [Vertex(0, -1, 2), Vertex(1, -2, 0), Vertex(1, -1, 4)]
Key: com.catan.model.RoundedPoint2D@11ec62, Value: [Vertex(-1, -2, 5), Vertex(-2, -1, 3)]
Key: com.catan.model.RoundedPoint2D@28ecd0, Value: [Vertex(1, -1, 2)]
Key: com.catan.model.RoundedPoint2D@1935e1, Value: [Vertex(0, 2, 5), Vertex(-1, 2, 1)]
Key: com.catan.model.RoundedPoint2D@2969d0, Value: [Vertex(1, 1, 1)]
Key: com.catan.model.RoundedPoint2D@18b8e1, Value: [Vertex(0, 0, 4), Vertex(-1, 0, 2), Vertex(-1, -1, 0)]
Key: com.catan.model.RoundedPoint2D@187a61, Value: [Vertex(-1, -2, 1), Vertex(0, -2, 5), Vertex(-1, -1, 3)]
Key: com.catan.model.RoundedPoint2D@15fe91, Value: [Vertex(-1, 2, 0)]
Key: com.catan.model.RoundedPoint2D@15c011, Value: [Vertex(-2, 1, 1), Vertex(-1, 2, 3), Vertex(-1, 1, 5)]
Key: com.catan.model.RoundedPoint2D@150491, Value: [Vertex(-1, -2, 3)]
Key: com.catan.model.RoundedPoint2D@154311, Value: [Vertex(-1, -2, 0), Vertex(-2, -1, 2), Vertex(-1, -1, 4)]
Key: com.catan.model.RoundedPoint2D@b9d02, Value: [Vertex(-2, 0, 4)]
Key: com.catan.model.RoundedPoint2D@2c62a0, Value: [Vertex(2, 0, 2)]
Key: com.catan.model.RoundedPoint2D@eb512, Value: [Vertex(-2, -1, 4)]
Key: com.catan.model.RoundedPoint2D@f3212, Value: [Vertex(-2, 1, 5)]
Key: com.catan.model.RoundedPoint2D@1fa481, Value: [Vertex(0, 1, 0), Vertex(1, 2, 4), Vertex(0, 2, 2)]
Key: com.catan.model.RoundedPoint2D@1f6601, Value: [Vertex(0, 0, 1), Vertex(0, 1, 3)]
Key: com.catan.model.RoundedPoint2D@1ee901, Value: [Vertex(0, -2, 2), Vertex(1, -2, 4)]
Key: com.catan.model.RoundedPoint2D@257700, Value: [Vertex(1, -2, 2)]
Key: com.catan.model.RoundedPoint2D@25f400, Value: [Vertex(1, 1, 3), Vertex(2, 0, 5), Vertex(1, 0, 1)]
Key: com.catan.model.RoundedPoint2D@263280, Value: [Vertex(1, 1, 0), Vertex(1, 2, 2)]
Key: com.catan.model.RoundedPoint2D@1bf031, Value: [Vertex(0, -1, 5), Vertex(0, 0, 3), Vertex(-1, -1, 1)]
Key: com.catan.model.RoundedPoint2D@1c2eb1, Value: [Vertex(0, 0, 0), Vertex(0, 1, 4), Vertex(-1, 1, 2)]
Key: com.catan.model.RoundedPoint2D@124a22, Value: [Vertex(-2, 1, 3), Vertex(-2, 0, 1), Vertex(-1, 0, 5)]
Key: com.catan.model.RoundedPoint2D@1288a2, Value: [Vertex(-2, 1, 0), Vertex(-1, 2, 4)]
Key: com.catan.model.RoundedPoint2D@22bc91, Value: [Vertex(1, 1, 4), Vertex(0, 1, 2), Vertex(1, 0, 0)]
Key: com.catan.model.RoundedPoint2D@227e11, Value: [Vertex(0, -1, 1), Vertex(1, -1, 5), Vertex(1, 0, 3)]
Key: com.catan.model.RoundedPoint2D@11cd22, Value: [Vertex(-1, -2, 4)]
Key: com.catan.model.RoundedPoint2D@1916a1, Value: [Vertex(0, 2, 4), Vertex(-1, 2, 2), Vertex(-1, 1, 0)]
Key: com.catan.model.RoundedPoint2D@290c10, Value: [Vertex(1, -1, 1), Vertex(2, 0, 3)]
Key: com.catan.model.RoundedPoint2D@294a90, Value: [Vertex(1, 1, 2), Vertex(2, 0, 0)]
Key: com.catan.model.RoundedPoint2D@18d821, Value: [Vertex(0, 0, 5), Vertex(-1, 1, 3), Vertex(-1, 0, 1)]
Key: com.catan.model.RoundedPoint2D@185b21, Value: [Vertex(-1, -2, 2), Vertex(0, -2, 4)]
Key: com.catan.model.RoundedPoint2D@156251, Value: [Vertex(-2, -1, 1), Vertex(-1, 0, 3), Vertex(-1, -1, 5)]
Key: com.catan.model.RoundedPoint2D@15a0d1, Value: [Vertex(-2, 1, 2), Vertex(-1, 1, 4), Vertex(-1, 0, 0)]
Key: com.catan.model.RoundedPoint2D@bbc42, Value: [Vertex(-2, 0, 5)]
Key: com.catan.model.RoundedPoint2D@2c81e0, Value: [Vertex(2, 0, 1)]
Key: com.catan.model.RoundedPoint2D@ed452, Value: [Vertex(-2, 0, 3), Vertex(-2, -1, 5)]
Key: com.catan.model.RoundedPoint2D@f12d2, Value: [Vertex(-2, 1, 4), Vertex(-2, 0, 0)]
Key: com.catan.model.RoundedPoint2D@1fc3c1, Value: [Vertex(1, 2, 5), Vertex(0, 2, 1)]
Key: com.catan.model.RoundedPoint2D@1f0841, Value: [Vertex(0, -1, 3), Vertex(0, -2, 1), Vertex(1, -2, 5)]
Key: com.catan.model.RoundedPoint2D@1f46c1, Value: [Vertex(0, -1, 0), Vertex(0, 0, 2), Vertex(1, 0, 4)]
Key: com.catan.model.RoundedPoint2D@25d4c0, Value: [Vertex(1, -1, 0), Vertex(2, 0, 4), Vertex(1, 0, 2)]
Key: com.catan.model.RoundedPoint2D@259640, Value: [Vertex(1, -2, 1), Vertex(1, -1, 3)]
Key: com.catan.model.RoundedPoint2D@2651c0, Value: [Vertex(1, 2, 1)]
Key: com.catan.model.RoundedPoint2D@1b9271, Value: [Vertex(0, -2, 3)]
Key: com.catan.model.RoundedPoint2D@1bd0f1, Value: [Vertex(0, -1, 4), Vertex(0, -2, 0), Vertex(-1, -1, 2)]
Key: com.catan.model.RoundedPoint2D@1c8c71, Value: [Vertex(0, 2, 0)]
Key: com.catan.model.RoundedPoint2D@1c4df1, Value: [Vertex(0, 1, 5), Vertex(0, 2, 3), Vertex(-1, 1, 1)]
Key: com.catan.model.RoundedPoint2D@122ae2, Value: [Vertex(-2, 0, 2), Vertex(-2, -1, 0), Vertex(-1, 0, 4)]
Key: com.catan.model.RoundedPoint2D@12a7e2, Value: [Vertex(-1, 2, 5)]
Key: com.catan.model.RoundedPoint2D@231a51, Value: [Vertex(1, 2, 0)]
Key: com.catan.model.RoundedPoint2D@222051, Value: [Vertex(1, -2, 3)]
Key: com.catan.model.RoundedPoint2D@22dbd1, Value: [Vertex(1, 1, 5), Vertex(0, 1, 1), Vertex(1, 2, 3)]
Key: com.catan.model.RoundedPoint2D@225ed1, Value: [Vertex(0, -1, 2), Vertex(1, -2, 0), Vertex(1, -1, 4)]
Key: com.catan.model.RoundedPoint2D@11ec62, Value: [Vertex(-1, -2, 5), Vertex(-2, -1, 3)]
Key: com.catan.model.RoundedPoint2D@28ecd0, Value: [Vertex(1, -1, 2)]
Key: com.catan.model.RoundedPoint2D@1935e1, Value: [Vertex(0, 2, 5), Vertex(-1, 2, 1)]
Key: com.catan.model.RoundedPoint2D@2969d0, Value: [Vertex(1, 1, 1)]
Key: com.catan.model.RoundedPoint2D@18b8e1, Value: [Vertex(0, 0, 4), Vertex(-1, 0, 2), Vertex(-1, -1, 0)]
Key: com.catan.model.RoundedPoint2D@187a61, Value: [Vertex(-1, -2, 1), Vertex(0, -2, 5), Vertex(-1, -1, 3)]
Key: com.catan.model.RoundedPoint2D@15fe91, Value: [Vertex(-1, 2, 0)]
Key: com.catan.model.RoundedPoint2D@15c011, Value: [Vertex(-2, 1, 1), Vertex(-1, 2, 3), Vertex(-1, 1, 5)]
Key: com.catan.model.RoundedPoint2D@150491, Value: [Vertex(-1, -2, 3)]
Key: com.catan.model.RoundedPoint2D@154311, Value: [Vertex(-1, -2, 0), Vertex(-2, -1, 2), Vertex(-1, -1, 4)]
Key: com.catan.model.RoundedPoint2D@b9d02, Value: [Vertex(-2, 0, 4)]
Key: com.catan.model.RoundedPoint2D@2c62a0, Value: [Vertex(2, 0, 2)]
Key: com.catan.model.RoundedPoint2D@eb512, Value: [Vertex(-2, -1, 4)]
Key: com.catan.model.RoundedPoint2D@f3212, Value: [Vertex(-2, 1, 5)]
Key: com.catan.model.RoundedPoint2D@1fa481, Value: [Vertex(0, 1, 0), Vertex(1, 2, 4), Vertex(0, 2, 2)]
Key: com.catan.model.RoundedPoint2D@1f6601, Value: [Vertex(0, 0, 1), Vertex(0, 1, 3), Vertex(1, 0, 5)]
Key: com.catan.model.RoundedPoint2D@1ee901, Value: [Vertex(0, -2, 2), Vertex(1, -2, 4)]
Key: com.catan.model.RoundedPoint2D@257700, Value: [Vertex(1, -2, 2)]
Key: com.catan.model.RoundedPoint2D@25f400, Value: [Vertex(1, 1, 3), Vertex(2, 0, 5), Vertex(1, 0, 1)]
Key: com.catan.model.RoundedPoint2D@263280, Value: [Vertex(1, 1, 0), Vertex(1, 2, 2)]
Key: com.catan.model.RoundedPoint2D@1bf031, Value: [Vertex(0, -1, 5), Vertex(0, 0, 3), Vertex(-1, -1, 1)]
Key: com.catan.model.RoundedPoint2D@1c2eb1, Value: [Vertex(0, 0, 0), Vertex(0, 1, 4), Vertex(-1, 1, 2)]
Key: com.catan.model.RoundedPoint2D@124a22, Value: [Vertex(-2, 1, 3), Vertex(-2, 0, 1), Vertex(-1, 0, 5)]
Key: com.catan.model.RoundedPoint2D@1288a2, Value: [Vertex(-2, 1, 0), Vertex(-1, 2, 4)]
Key: com.catan.model.RoundedPoint2D@22bc91, Value: [Vertex(1, 1, 4), Vertex(0, 1, 2), Vertex(1, 0, 0)]
Key: com.catan.model.RoundedPoint2D@227e11, Value: [Vertex(0, -1, 1), Vertex(1, -1, 5), Vertex(1, 0, 3)]
Key: com.catan.model.RoundedPoint2D@11cd22, Value: [Vertex(-1, -2, 4)]
Key: com.catan.model.RoundedPoint2D@1916a1, Value: [Vertex(0, 2, 4), Vertex(-1, 2, 2), Vertex(-1, 1, 0)]
Key: com.catan.model.RoundedPoint2D@290c10, Value: [Vertex(1, -1, 1), Vertex(2, 0, 3)]
Key: com.catan.model.RoundedPoint2D@294a90, Value: [Vertex(1, 1, 2), Vertex(2, 0, 0)]
Key: com.catan.model.RoundedPoint2D@18d821, Value: [Vertex(0, 0, 5), Vertex(-1, 1, 3), Vertex(-1, 0, 1)]
Key: com.catan.model.RoundedPoint2D@185b21, Value: [Vertex(-1, -2, 2), Vertex(0, -2, 4)]
Key: com.catan.model.RoundedPoint2D@156251, Value: [Vertex(-2, -1, 1), Vertex(-1, 0, 3), Vertex(-1, -1, 5)]
Key: com.catan.model.RoundedPoint2D@15a0d1, Value: [Vertex(-2, 1, 2), Vertex(-1, 1, 4), Vertex(-1, 0, 0)]
Key: com.catan.model.RoundedPoint2D@bbc42, Value: [Vertex(-2, 0, 5)]
Key: com.catan.model.RoundedPoint2D@2c81e0, Value: [Vertex(2, 0, 1)]
Key: com.catan.model.RoundedPoint2D@ed452, Value: [Vertex(-2, 0, 3), Vertex(-2, -1, 5)]
Key: com.catan.model.RoundedPoint2D@f12d2, Value: [Vertex(-2, 1, 4), Vertex(-2, 0, 0)]
Key: com.catan.model.RoundedPoint2D@1fc3c1, Value: [Vertex(1, 2, 5), Vertex(0, 2, 1)]
Key: com.catan.model.RoundedPoint2D@1f0841, Value: [Vertex(0, -1, 3), Vertex(0, -2, 1), Vertex(1, -2, 5)]
Key: com.catan.model.RoundedPoint2D@1f46c1, Value: [Vertex(0, -1, 0), Vertex(0, 0, 2), Vertex(1, 0, 4)]
Key: com.catan.model.RoundedPoint2D@25d4c0, Value: [Vertex(1, -1, 0), Vertex(2, 0, 4), Vertex(1, 0, 2)]
Key: com.catan.model.RoundedPoint2D@259640, Value: [Vertex(1, -2, 1), Vertex(1, -1, 3)]
Key: com.catan.model.RoundedPoint2D@2651c0, Value: [Vertex(1, 2, 1)]
Key: com.catan.model.RoundedPoint2D@1b9271, Value: [Vertex(0, -2, 3)]
Key: com.catan.model.RoundedPoint2D@1bd0f1, Value: [Vertex(0, -1, 4), Vertex(0, -2, 0), Vertex(-1, -1, 2)]
Key: com.catan.model.RoundedPoint2D@1c8c71, Value: [Vertex(0, 2, 0)]
Key: com.catan.model.RoundedPoint2D@1c4df1, Value: [Vertex(0, 1, 5), Vertex(0, 2, 3), Vertex(-1, 1, 1)]
Key: com.catan.model.RoundedPoint2D@122ae2, Value: [Vertex(-2, 0, 2), Vertex(-2, -1, 0), Vertex(-1, 0, 4)]
Key: com.catan.model.RoundedPoint2D@12a7e2, Value: [Vertex(-1, 2, 5)]
Key: com.catan.model.RoundedPoint2D@231a51, Value: [Vertex(1, 2, 0)]
Key: com.catan.model.RoundedPoint2D@222051, Value: [Vertex(1, -2, 3)]
Key: com.catan.model.RoundedPoint2D@22dbd1, Value: [Vertex(1, 1, 5), Vertex(0, 1, 1), Vertex(1, 2, 3)]
Key: com.catan.model.RoundedPoint2D@225ed1, Value: [Vertex(0, -1, 2), Vertex(1, -2, 0), Vertex(1, -1, 4)]
Key: com.catan.model.RoundedPoint2D@11ec62, Value: [Vertex(-1, -2, 5), Vertex(-2, -1, 3)]
Key: com.catan.model.RoundedPoint2D@28ecd0, Value: [Vertex(1, -1, 2)]
Key: com.catan.model.RoundedPoint2D@1935e1, Value: [Vertex(0, 2, 5), Vertex(-1, 2, 1)]
Key: com.catan.model.RoundedPoint2D@2969d0, Value: [Vertex(1, 1, 1)]
Key: com.catan.model.RoundedPoint2D@18b8e1, Value: [Vertex(0, 0, 4), Vertex(-1, 0, 2), Vertex(-1, -1, 0)]
Key: com.catan.model.RoundedPoint2D@187a61, Value: [Vertex(-1, -2, 1), Vertex(0, -2, 5), Vertex(-1, -1, 3)]
Berechnete einzigartige Vertices: 0
Berechnete einzigartige Edges: 72
✓ Authentisches CATAN-Board initialisiert: 54 Siedlungen, 72 Straßen
]]></system-out>
  </testcase>
  <testcase name="testResourceProduction" classname="com.catan.model.CatanGameTest" time="0.017">
    <system-out><![CDATA[Key: com.catan.model.RoundedPoint2D@154311, Value: [Vertex(-1, -2, 0)]
Key: com.catan.model.RoundedPoint2D@154311, Value: [Vertex(-1, -2, 0)]
Key: com.catan.model.RoundedPoint2D@187a61, Value: [Vertex(-1, -2, 1)]
Key: com.catan.model.RoundedPoint2D@154311, Value: [Vertex(-1, -2, 0)]
Key: com.catan.model.RoundedPoint2D@185b21, Value: [Vertex(-1, -2, 2)]
Key: com.catan.model.RoundedPoint2D@187a61, Value: [Vertex(-1, -2, 1)]
Key: com.catan.model.RoundedPoint2D@150491, Value: [Vertex(-1, -2, 3)]
Key: com.catan.model.RoundedPoint2D@154311, Value: [Vertex(-1, -2, 0)]
Key: com.catan.model.RoundedPoint2D@185b21, Value: [Vertex(-1, -2, 2)]
Key: com.catan.model.RoundedPoint2D@187a61, Value: [Vertex(-1, -2, 1)]
Key: com.catan.model.RoundedPoint2D@11cd22, Value: [Vertex(-1, -2, 4)]
Key: com.catan.model.RoundedPoint2D@150491, Value: [Vertex(-1, -2, 3)]
Key: com.catan.model.RoundedPoint2D@154311, Value: [Vertex(-1, -2, 0)]
Key: com.catan.model.RoundedPoint2D@185b21, Value: [Vertex(-1, -2, 2)]
Key: com.catan.model.RoundedPoint2D@187a61, Value: [Vertex(-1, -2, 1)]
Key: com.catan.model.RoundedPoint2D@11ec62, Value: [Vertex(-1, -2, 5)]
Key: com.catan.model.RoundedPoint2D@11cd22, Value: [Vertex(-1, -2, 4)]
Key: com.catan.model.RoundedPoint2D@150491, Value: [Vertex(-1, -2, 3)]
Key: com.catan.model.RoundedPoint2D@154311, Value: [Vertex(-1, -2, 0)]
Key: com.catan.model.RoundedPoint2D@185b21, Value: [Vertex(-1, -2, 2)]
Key: com.catan.model.RoundedPoint2D@187a61, Value: [Vertex(-1, -2, 1)]
Key: com.catan.model.RoundedPoint2D@11ec62, Value: [Vertex(-1, -2, 5)]
Key: com.catan.model.RoundedPoint2D@11cd22, Value: [Vertex(-1, -2, 4)]
Key: com.catan.model.RoundedPoint2D@150491, Value: [Vertex(-1, -2, 3)]
Key: com.catan.model.RoundedPoint2D@154311, Value: [Vertex(-1, -2, 0)]
Key: com.catan.model.RoundedPoint2D@185b21, Value: [Vertex(-1, -2, 2)]
Key: com.catan.model.RoundedPoint2D@187a61, Value: [Vertex(-1, -2, 1)]
Key: com.catan.model.RoundedPoint2D@1f46c1, Value: [Vertex(0, -1, 0)]
Key: com.catan.model.RoundedPoint2D@227e11, Value: [Vertex(0, -1, 1)]
Key: com.catan.model.RoundedPoint2D@11ec62, Value: [Vertex(-1, -2, 5)]
Key: com.catan.model.RoundedPoint2D@11cd22, Value: [Vertex(-1, -2, 4)]
Key: com.catan.model.RoundedPoint2D@150491, Value: [Vertex(-1, -2, 3)]
Key: com.catan.model.RoundedPoint2D@154311, Value: [Vertex(-1, -2, 0)]
Key: com.catan.model.RoundedPoint2D@185b21, Value: [Vertex(-1, -2, 2)]
Key: com.catan.model.RoundedPoint2D@187a61, Value: [Vertex(-1, -2, 1)]
Key: com.catan.model.RoundedPoint2D@1f46c1, Value: [Vertex(0, -1, 0)]
Key: com.catan.model.RoundedPoint2D@225ed1, Value: [Vertex(0, -1, 2)]
Key: com.catan.model.RoundedPoint2D@227e11, Value: [Vertex(0, -1, 1)]
Key: com.catan.model.RoundedPoint2D@11ec62, Value: [Vertex(-1, -2, 5)]
Key: com.catan.model.RoundedPoint2D@11cd22, Value: [Vertex(-1, -2, 4)]
Key: com.catan.model.RoundedPoint2D@150491, Value: [Vertex(-1, -2, 3)]
Key: com.catan.model.RoundedPoint2D@154311, Value: [Vertex(-1, -2, 0)]
Key: com.catan.model.RoundedPoint2D@185b21, Value: [Vertex(-1, -2, 2)]
Key: com.catan.model.RoundedPoint2D@187a61, Value: [Vertex(-1, -2, 1)]
Key: com.catan.model.RoundedPoint2D@1f46c1, Value: [Vertex(0, -1, 0)]
Key: com.catan.model.RoundedPoint2D@225ed1, Value: [Vertex(0, -1, 2)]
Key: com.catan.model.RoundedPoint2D@227e11, Value: [Vertex(0, -1, 1)]
Key: com.catan.model.RoundedPoint2D@11ec62, Value: [Vertex(-1, -2, 5)]
Key: com.catan.model.RoundedPoint2D@11cd22, Value: [Vertex(-1, -2, 4)]
Key: com.catan.model.RoundedPoint2D@150491, Value: [Vertex(-1, -2, 3)]
Key: com.catan.model.RoundedPoint2D@154311, Value: [Vertex(-1, -2, 0)]
Key: com.catan.model.RoundedPoint2D@185b21, Value: [Vertex(-1, -2, 2)]
Key: com.catan.model.RoundedPoint2D@187a61, Value: [Vertex(-1, -2, 1)]
Key: com.catan.model.RoundedPoint2D@1f0841, Value: [Vertex(0, -1, 3)]
Key: com.catan.model.RoundedPoint2D@1f46c1, Value: [Vertex(0, -1, 0)]
Key: com.catan.model.RoundedPoint2D@225ed1, Value: [Vertex(0, -1, 2)]
Key: com.catan.model.RoundedPoint2D@227e11, Value: [Vertex(0, -1, 1)]
Key: com.catan.model.RoundedPoint2D@11ec62, Value: [Vertex(-1, -2, 5)]
Key: com.catan.model.RoundedPoint2D@11cd22, Value: [Vertex(-1, -2, 4)]
Key: com.catan.model.RoundedPoint2D@150491, Value: [Vertex(-1, -2, 3)]
Key: com.catan.model.RoundedPoint2D@154311, Value: [Vertex(-1, -2, 0)]
Key: com.catan.model.RoundedPoint2D@185b21, Value: [Vertex(-1, -2, 2)]
Key: com.catan.model.RoundedPoint2D@187a61, Value: [Vertex(-1, -2, 1)]
Key: com.catan.model.RoundedPoint2D@1bd0f1, Value: [Vertex(0, -1, 4)]
Key: com.catan.model.RoundedPoint2D@1f0841, Value: [Vertex(0, -1, 3)]
Key: com.catan.model.RoundedPoint2D@1f46c1, Value: [Vertex(0, -1, 0)]
Key: com.catan.model.RoundedPoint2D@225ed1, Value: [Vertex(0, -1, 2)]
Key: com.catan.model.RoundedPoint2D@227e11, Value: [Vertex(0, -1, 1)]
Key: com.catan.model.RoundedPoint2D@11ec62, Value: [Vertex(-1, -2, 5)]
Key: com.catan.model.RoundedPoint2D@11cd22, Value: [Vertex(-1, -2, 4)]
Key: com.catan.model.RoundedPoint2D@150491, Value: [Vertex(-1, -2, 3)]
Key: com.catan.model.RoundedPoint2D@154311, Value: [Vertex(-1, -2, 0)]
Key: com.catan.model.RoundedPoint2D@185b21, Value: [Vertex(-1, -2, 2)]
Key: com.catan.model.RoundedPoint2D@187a61, Value: [Vertex(-1, -2, 1)]
Key: com.catan.model.RoundedPoint2D@1bf031, Value: [Vertex(0, -1, 5)]
Key: com.catan.model.RoundedPoint2D@1bd0f1, Value: [Vertex(0, -1, 4)]
Key: com.catan.model.RoundedPoint2D@1f0841, Value: [Vertex(0, -1, 3)]
Key: com.catan.model.RoundedPoint2D@1f46c1, Value: [Vertex(0, -1, 0)]
Key: com.catan.model.RoundedPoint2D@225ed1, Value: [Vertex(0, -1, 2)]
Key: com.catan.model.RoundedPoint2D@227e11, Value: [Vertex(0, -1, 1)]
Key: com.catan.model.RoundedPoint2D@11ec62, Value: [Vertex(-1, -2, 5)]
Key: com.catan.model.RoundedPoint2D@11cd22, Value: [Vertex(-1, -2, 4)]
Key: com.catan.model.RoundedPoint2D@150491, Value: [Vertex(-1, -2, 3)]
Key: com.catan.model.RoundedPoint2D@154311, Value: [Vertex(-1, -2, 0)]
Key: com.catan.model.RoundedPoint2D@185b21, Value: [Vertex(-1, -2, 2)]
Key: com.catan.model.RoundedPoint2D@187a61, Value: [Vertex(-1, -2, 1)]
Key: com.catan.model.RoundedPoint2D@1bf031, Value: [Vertex(0, -1, 5)]
Key: com.catan.model.RoundedPoint2D@1bd0f1, Value: [Vertex(0, -1, 4)]
Key: com.catan.model.RoundedPoint2D@1c2eb1, Value: [Vertex(0, 0, 0)]
Key: com.catan.model.RoundedPoint2D@1f0841, Value: [Vertex(0, -1, 3)]
Key: com.catan.model.RoundedPoint2D@1f46c1, Value: [Vertex(0, -1, 0)]
Key: com.catan.model.RoundedPoint2D@150491, Value: [Vertex(-1, -2, 3)]
Key: com.catan.model.RoundedPoint2D@154311, Value: [Vertex(-1, -2, 0)]
Key: com.catan.model.RoundedPoint2D@1bf031, Value: [Vertex(0, -1, 5)]
Key: com.catan.model.RoundedPoint2D@1bd0f1, Value: [Vertex(0, -1, 4)]
Key: com.catan.model.RoundedPoint2D@1c2eb1, Value: [Vertex(0, 0, 0)]
Key: com.catan.model.RoundedPoint2D@225ed1, Value: [Vertex(0, -1, 2)]
Key: com.catan.model.RoundedPoint2D@227e11, Value: [Vertex(0, -1, 1)]
Key: com.catan.model.RoundedPoint2D@11ec62, Value: [Vertex(-1, -2, 5)]
Key: com.catan.model.RoundedPoint2D@11cd22, Value: [Vertex(-1, -2, 4)]
Key: com.catan.model.RoundedPoint2D@185b21, Value: [Vertex(-1, -2, 2)]
Key: com.catan.model.RoundedPoint2D@187a61, Value: [Vertex(-1, -2, 1)]
Key: com.catan.model.RoundedPoint2D@1f6601, Value: [Vertex(0, 0, 1)]
Key: com.catan.model.RoundedPoint2D@1f0841, Value: [Vertex(0, -1, 3)]
Key: com.catan.model.RoundedPoint2D@1f46c1, Value: [Vertex(0, -1, 0)]
Key: com.catan.model.RoundedPoint2D@150491, Value: [Vertex(-1, -2, 3)]
Key: com.catan.model.RoundedPoint2D@154311, Value: [Vertex(-1, -2, 0)]
Key: com.catan.model.RoundedPoint2D@1bf031, Value: [Vertex(0, -1, 5)]
Key: com.catan.model.RoundedPoint2D@1bd0f1, Value: [Vertex(0, -1, 4)]
Key: com.catan.model.RoundedPoint2D@1c2eb1, Value: [Vertex(0, 0, 0)]
Key: com.catan.model.RoundedPoint2D@225ed1, Value: [Vertex(0, -1, 2)]
Key: com.catan.model.RoundedPoint2D@227e11, Value: [Vertex(0, -1, 1)]
Key: com.catan.model.RoundedPoint2D@11ec62, Value: [Vertex(-1, -2, 5)]
Key: com.catan.model.RoundedPoint2D@11cd22, Value: [Vertex(-1, -2, 4)]
Key: com.catan.model.RoundedPoint2D@185b21, Value: [Vertex(-1, -2, 2)]
Key: com.catan.model.RoundedPoint2D@187a61, Value: [Vertex(-1, -2, 1)]
Key: com.catan.model.RoundedPoint2D@1f6601, Value: [Vertex(0, 0, 1)]
Key: com.catan.model.RoundedPoint2D@1f0841, Value: [Vertex(0, -1, 3)]
Key: com.catan.model.RoundedPoint2D@1f46c1, Value: [Vertex(0, -1, 0), Vertex(0, 0, 2)]
Key: com.catan.model.RoundedPoint2D@150491, Value: [Vertex(-1, -2, 3)]
Key: com.catan.model.RoundedPoint2D@154311, Value: [Vertex(-1, -2, 0)]
Key: com.catan.model.RoundedPoint2D@1bf031, Value: [Vertex(0, -1, 5), Vertex(0, 0, 3)]
Key: com.catan.model.RoundedPoint2D@1bd0f1, Value: [Vertex(0, -1, 4)]
Key: com.catan.model.RoundedPoint2D@1c2eb1, Value: [Vertex(0, 0, 0)]
Key: com.catan.model.RoundedPoint2D@225ed1, Value: [Vertex(0, -1, 2)]
Key: com.catan.model.RoundedPoint2D@227e11, Value: [Vertex(0, -1, 1)]
Key: com.catan.model.RoundedPoint2D@11ec62, Value: [Vertex(-1, -2, 5)]
Key: com.catan.model.RoundedPoint2D@11cd22, Value: [Vertex(-1, -2, 4)]
Key: com.catan.model.RoundedPoint2D@185b21, Value: [Vertex(-1, -2, 2)]
Key: com.catan.model.RoundedPoint2D@187a61, Value: [Vertex(-1, -2, 1)]
Key: com.catan.model.RoundedPoint2D@1f6601, Value: [Vertex(0, 0, 1)]
Key: com.catan.model.RoundedPoint2D@1f0841, Value: [Vertex(0, -1, 3)]
Key: com.catan.model.RoundedPoint2D@1f46c1, Value: [Vertex(0, -1, 0), Vertex(0, 0, 2)]
Key: com.catan.model.RoundedPoint2D@150491, Value: [Vertex(-1, -2, 3)]
Key: com.catan.model.RoundedPoint2D@154311, Value: [Vertex(-1, -2, 0)]
Key: com.catan.model.RoundedPoint2D@1bf031, Value: [Vertex(0, -1, 5), Vertex(0, 0, 3)]
Key: com.catan.model.RoundedPoint2D@1bd0f1, Value: [Vertex(0, -1, 4)]
Key: com.catan.model.RoundedPoint2D@1c2eb1, Value: [Vertex(0, 0, 0)]
Key: com.catan.model.RoundedPoint2D@225ed1, Value: [Vertex(0, -1, 2)]
Key: com.catan.model.RoundedPoint2D@227e11, Value: [Vertex(0, -1, 1)]
Key: com.catan.model.RoundedPoint2D@11ec62, Value: [Vertex(-1, -2, 5)]
Key: com.catan.model.RoundedPoint2D@11cd22, Value: [Vertex(-1, -2, 4)]
Key: com.catan.model.RoundedPoint2D@18b8e1, Value: [Vertex(0, 0, 4)]
Key: com.catan.model.RoundedPoint2D@185b21, Value: [Vertex(-1, -2, 2)]
Key: com.catan.model.RoundedPoint2D@187a61, Value: [Vertex(-1, -2, 1)]
Key: com.catan.model.RoundedPoint2D@1f6601, Value: [Vertex(0, 0, 1)]
Key: com.catan.model.RoundedPoint2D@1f0841, Value: [Vertex(0, -1, 3)]
Key: com.catan.model.RoundedPoint2D@1f46c1, Value: [Vertex(0, -1, 0), Vertex(0, 0, 2)]
Key: com.catan.model.RoundedPoint2D@150491, Value: [Vertex(-1, -2, 3)]
Key: com.catan.model.RoundedPoint2D@154311, Value: [Vertex(-1, -2, 0)]
Key: com.catan.model.RoundedPoint2D@1bf031, Value: [Vertex(0, -1, 5), Vertex(0, 0, 3)]
Key: com.catan.model.RoundedPoint2D@1bd0f1, Value: [Vertex(0, -1, 4)]
Key: com.catan.model.RoundedPoint2D@1c2eb1, Value: [Vertex(0, 0, 0)]
Key: com.catan.model.RoundedPoint2D@225ed1, Value: [Vertex(0, -1, 2)]
Key: com.catan.model.RoundedPoint2D@227e11, Value: [Vertex(0, -1, 1)]
Key: com.catan.model.RoundedPoint2D@11ec62, Value: [Vertex(-1, -2, 5)]
Key: com.catan.model.RoundedPoint2D@11cd22, Value: [Vertex(-1, -2, 4)]
Key: com.catan.model.RoundedPoint2D@18d821, Value: [Vertex(0, 0, 5)]
Key: com.catan.model.RoundedPoint2D@18b8e1, Value: [Vertex(0, 0, 4)]
Key: com.catan.model.RoundedPoint2D@185b21, Value: [Vertex(-1, -2, 2)]
Key: com.catan.model.RoundedPoint2D@187a61, Value: [Vertex(-1, -2, 1)]
Key: com.catan.model.RoundedPoint2D@1f6601, Value: [Vertex(0, 0, 1)]
Key: com.catan.model.RoundedPoint2D@1f0841, Value: [Vertex(0, -1, 3)]
Key: com.catan.model.RoundedPoint2D@1f46c1, Value: [Vertex(0, -1, 0), Vertex(0, 0, 2)]
Key: com.catan.model.RoundedPoint2D@150491, Value: [Vertex(-1, -2, 3)]
Key: com.catan.model.RoundedPoint2D@154311, Value: [Vertex(-1, -2, 0)]
Key: com.catan.model.RoundedPoint2D@263280, Value: [Vertex(1, 1, 0)]
Key: com.catan.model.RoundedPoint2D@1bf031, Value: [Vertex(0, -1, 5), Vertex(0, 0, 3)]
Key: com.catan.model.RoundedPoint2D@1bd0f1, Value: [Vertex(0, -1, 4)]
Key: com.catan.model.RoundedPoint2D@1c2eb1, Value: [Vertex(0, 0, 0)]
Key: com.catan.model.RoundedPoint2D@225ed1, Value: [Vertex(0, -1, 2)]
Key: com.catan.model.RoundedPoint2D@227e11, Value: [Vertex(0, -1, 1)]
Key: com.catan.model.RoundedPoint2D@11ec62, Value: [Vertex(-1, -2, 5)]
Key: com.catan.model.RoundedPoint2D@11cd22, Value: [Vertex(-1, -2, 4)]
Key: com.catan.model.RoundedPoint2D@18d821, Value: [Vertex(0, 0, 5)]
Key: com.catan.model.RoundedPoint2D@18b8e1, Value: [Vertex(0, 0, 4)]
Key: com.catan.model.RoundedPoint2D@185b21, Value: [Vertex(-1, -2, 2)]
Key: com.catan.model.RoundedPoint2D@187a61, Value: [Vertex(-1, -2, 1)]
Key: com.catan.model.RoundedPoint2D@1f6601, Value: [Vertex(0, 0, 1)]
Key: com.catan.model.RoundedPoint2D@1f0841, Value: [Vertex(0, -1, 3)]
Key: com.catan.model.RoundedPoint2D@1f46c1, Value: [Vertex(0, -1, 0), Vertex(0, 0, 2)]
Key: com.catan.model.RoundedPoint2D@150491, Value: [Vertex(-1, -2, 3)]
Key: com.catan.model.RoundedPoint2D@154311, Value: [Vertex(-1, -2, 0)]
Key: com.catan.model.RoundedPoint2D@263280, Value: [Vertex(1, 1, 0)]
Key: com.catan.model.RoundedPoint2D@1bf031, Value: [Vertex(0, -1, 5), Vertex(0, 0, 3)]
Key: com.catan.model.RoundedPoint2D@1bd0f1, Value: [Vertex(0, -1, 4)]
Key: com.catan.model.RoundedPoint2D@1c2eb1, Value: [Vertex(0, 0, 0)]
Key: com.catan.model.RoundedPoint2D@225ed1, Value: [Vertex(0, -1, 2)]
Key: com.catan.model.RoundedPoint2D@227e11, Value: [Vertex(0, -1, 1)]
Key: com.catan.model.RoundedPoint2D@11ec62, Value: [Vertex(-1, -2, 5)]
Key: com.catan.model.RoundedPoint2D@11cd22, Value: [Vertex(-1, -2, 4)]
Key: com.catan.model.RoundedPoint2D@2969d0, Value: [Vertex(1, 1, 1)]
Key: com.catan.model.RoundedPoint2D@18d821, Value: [Vertex(0, 0, 5)]
Key: com.catan.model.RoundedPoint2D@18b8e1, Value: [Vertex(0, 0, 4)]
Key: com.catan.model.RoundedPoint2D@185b21, Value: [Vertex(-1, -2, 2)]
Key: com.catan.model.RoundedPoint2D@187a61, Value: [Vertex(-1, -2, 1)]
Key: com.catan.model.RoundedPoint2D@1f6601, Value: [Vertex(0, 0, 1)]
Key: com.catan.model.RoundedPoint2D@1f0841, Value: [Vertex(0, -1, 3)]
Key: com.catan.model.RoundedPoint2D@1f46c1, Value: [Vertex(0, -1, 0), Vertex(0, 0, 2)]
Key: com.catan.model.RoundedPoint2D@150491, Value: [Vertex(-1, -2, 3)]
Key: com.catan.model.RoundedPoint2D@154311, Value: [Vertex(-1, -2, 0)]
Key: com.catan.model.RoundedPoint2D@263280, Value: [Vertex(1, 1, 0)]
Key: com.catan.model.RoundedPoint2D@1bf031, Value: [Vertex(0, -1, 5), Vertex(0, 0, 3)]
Key: com.catan.model.RoundedPoint2D@1bd0f1, Value: [Vertex(0, -1, 4)]
Key: com.catan.model.RoundedPoint2D@1c2eb1, Value: [Vertex(0, 0, 0)]
Key: com.catan.model.RoundedPoint2D@225ed1, Value: [Vertex(0, -1, 2)]
Key: com.catan.model.RoundedPoint2D@227e11, Value: [Vertex(0, -1, 1)]
Key: com.catan.model.RoundedPoint2D@11ec62, Value: [Vertex(-1, -2, 5)]
Key: com.catan.model.RoundedPoint2D@11cd22, Value: [Vertex(-1, -2, 4)]
Key: com.catan.model.RoundedPoint2D@294a90, Value: [Vertex(1, 1, 2)]
Key: com.catan.model.RoundedPoint2D@2969d0, Value: [Vertex(1, 1, 1)]
Key: com.catan.model.RoundedPoint2D@18d821, Value: [Vertex(0, 0, 5)]
Key: com.catan.model.RoundedPoint2D@18b8e1, Value: [Vertex(0, 0, 4)]
Key: com.catan.model.RoundedPoint2D@185b21, Value: [Vertex(-1, -2, 2)]
Key: com.catan.model.RoundedPoint2D@187a61, Value: [Vertex(-1, -2, 1)]
Key: com.catan.model.RoundedPoint2D@1f6601, Value: [Vertex(0, 0, 1)]
Key: com.catan.model.RoundedPoint2D@1f0841, Value: [Vertex(0, -1, 3)]
Key: com.catan.model.RoundedPoint2D@1f46c1, Value: [Vertex(0, -1, 0), Vertex(0, 0, 2)]
Key: com.catan.model.RoundedPoint2D@150491, Value: [Vertex(-1, -2, 3)]
Key: com.catan.model.RoundedPoint2D@154311, Value: [Vertex(-1, -2, 0)]
Key: com.catan.model.RoundedPoint2D@25f400, Value: [Vertex(1, 1, 3)]
Key: com.catan.model.RoundedPoint2D@263280, Value: [Vertex(1, 1, 0)]
Key: com.catan.model.RoundedPoint2D@1bf031, Value: [Vertex(0, -1, 5), Vertex(0, 0, 3)]
Key: com.catan.model.RoundedPoint2D@1bd0f1, Value: [Vertex(0, -1, 4)]
Key: com.catan.model.RoundedPoint2D@1c2eb1, Value: [Vertex(0, 0, 0)]
Key: com.catan.model.RoundedPoint2D@225ed1, Value: [Vertex(0, -1, 2)]
Key: com.catan.model.RoundedPoint2D@227e11, Value: [Vertex(0, -1, 1)]
Key: com.catan.model.RoundedPoint2D@11ec62, Value: [Vertex(-1, -2, 5)]
Key: com.catan.model.RoundedPoint2D@11cd22, Value: [Vertex(-1, -2, 4)]
Key: com.catan.model.RoundedPoint2D@294a90, Value: [Vertex(1, 1, 2)]
Key: com.catan.model.RoundedPoint2D@2969d0, Value: [Vertex(1, 1, 1)]
Key: com.catan.model.RoundedPoint2D@18d821, Value: [Vertex(0, 0, 5)]
Key: com.catan.model.RoundedPoint2D@18b8e1, Value: [Vertex(0, 0, 4)]
Key: com.catan.model.RoundedPoint2D@185b21, Value: [Vertex(-1, -2, 2)]
Key: com.catan.model.RoundedPoint2D@187a61, Value: [Vertex(-1, -2, 1)]
Key: com.catan.model.RoundedPoint2D@1f6601, Value: [Vertex(0, 0, 1)]
Key: com.catan.model.RoundedPoint2D@1f0841, Value: [Vertex(0, -1, 3)]
Key: com.catan.model.RoundedPoint2D@1f46c1, Value: [Vertex(0, -1, 0), Vertex(0, 0, 2)]
Key: com.catan.model.RoundedPoint2D@150491, Value: [Vertex(-1, -2, 3)]
Key: com.catan.model.RoundedPoint2D@154311, Value: [Vertex(-1, -2, 0)]
Key: com.catan.model.RoundedPoint2D@25f400, Value: [Vertex(1, 1, 3)]
Key: com.catan.model.RoundedPoint2D@263280, Value: [Vertex(1, 1, 0)]
Key: com.catan.model.RoundedPoint2D@1bf031, Value: [Vertex(0, -1, 5), Vertex(0, 0, 3)]
Key: com.catan.model.RoundedPoint2D@1bd0f1, Value: [Vertex(0, -1, 4)]
Key: com.catan.model.RoundedPoint2D@1c2eb1, Value: [Vertex(0, 0, 0)]
Key: com.catan.model.RoundedPoint2D@22bc91, Value: [Vertex(1, 1, 4)]
Key: com.catan.model.RoundedPoint2D@225ed1, Value: [Vertex(0, -1, 2)]
Key: com.catan.model.RoundedPoint2D@227e11, Value: [Vertex(0, -1, 1)]
Key: com.catan.model.RoundedPoint2D@11ec62, Value: [Vertex(-1, -2, 5)]
Key: com.catan.model.RoundedPoint2D@11cd22, Value: [Vertex(-1, -2, 4)]
Key: com.catan.model.RoundedPoint2D@294a90, Value: [Vertex(1, 1, 2)]
Key: com.catan.model.RoundedPoint2D@2969d0, Value: [Vertex(1, 1, 1)]
Key: com.catan.model.RoundedPoint2D@18d821, Value: [Vertex(0, 0, 5)]
Key: com.catan.model.RoundedPoint2D@18b8e1, Value: [Vertex(0, 0, 4)]
Key: com.catan.model.RoundedPoint2D@185b21, Value: [Vertex(-1, -2, 2)]
Key: com.catan.model.RoundedPoint2D@187a61, Value: [Vertex(-1, -2, 1)]
Key: com.catan.model.RoundedPoint2D@1f6601, Value: [Vertex(0, 0, 1)]
Key: com.catan.model.RoundedPoint2D@1f0841, Value: [Vertex(0, -1, 3)]
Key: com.catan.model.RoundedPoint2D@1f46c1, Value: [Vertex(0, -1, 0), Vertex(0, 0, 2)]
Key: com.catan.model.RoundedPoint2D@150491, Value: [Vertex(-1, -2, 3)]
Key: com.catan.model.RoundedPoint2D@154311, Value: [Vertex(-1, -2, 0)]
Key: com.catan.model.RoundedPoint2D@25f400, Value: [Vertex(1, 1, 3)]
Key: com.catan.model.RoundedPoint2D@263280, Value: [Vertex(1, 1, 0)]
Key: com.catan.model.RoundedPoint2D@1bf031, Value: [Vertex(0, -1, 5), Vertex(0, 0, 3)]
Key: com.catan.model.RoundedPoint2D@1bd0f1, Value: [Vertex(0, -1, 4)]
Key: com.catan.model.RoundedPoint2D@1c2eb1, Value: [Vertex(0, 0, 0)]
Key: com.catan.model.RoundedPoint2D@22dbd1, Value: [Vertex(1, 1, 5)]
Key: com.catan.model.RoundedPoint2D@22bc91, Value: [Vertex(1, 1, 4)]
Key: com.catan.model.RoundedPoint2D@225ed1, Value: [Vertex(0, -1, 2)]
Key: com.catan.model.RoundedPoint2D@227e11, Value: [Vertex(0, -1, 1)]
Key: com.catan.model.RoundedPoint2D@11ec62, Value: [Vertex(-1, -2, 5)]
Key: com.catan.model.RoundedPoint2D@11cd22, Value: [Vertex(-1, -2, 4)]
Key: com.catan.model.RoundedPoint2D@294a90, Value: [Vertex(1, 1, 2)]
Key: com.catan.model.RoundedPoint2D@2969d0, Value: [Vertex(1, 1, 1)]
Key: com.catan.model.RoundedPoint2D@18d821, Value: [Vertex(0, 0, 5)]
Key: com.catan.model.RoundedPoint2D@18b8e1, Value: [Vertex(0, 0, 4)]
Key: com.catan.model.RoundedPoint2D@185b21, Value: [Vertex(-1, -2, 2)]
Key: com.catan.model.RoundedPoint2D@187a61, Value: [Vertex(-1, -2, 1)]
Key: com.catan.model.RoundedPoint2D@1f6601, Value: [Vertex(0, 0, 1)]
Key: com.catan.model.RoundedPoint2D@1f0841, Value: [Vertex(0, -1, 3)]
Key: com.catan.model.RoundedPoint2D@1f46c1, Value: [Vertex(0, -1, 0), Vertex(0, 0, 2)]
Key: com.catan.model.RoundedPoint2D@150491, Value: [Vertex(-1, -2, 3)]
Key: com.catan.model.RoundedPoint2D@154311, Value: [Vertex(-1, -2, 0)]
Key: com.catan.model.RoundedPoint2D@25f400, Value: [Vertex(1, 1, 3)]
Key: com.catan.model.RoundedPoint2D@263280, Value: [Vertex(1, 1, 0)]
Key: com.catan.model.RoundedPoint2D@1bf031, Value: [Vertex(0, -1, 5), Vertex(0, 0, 3)]
Key: com.catan.model.RoundedPoint2D@1bd0f1, Value: [Vertex(0, -1, 4), Vertex(0, -2, 0)]
Key: com.catan.model.RoundedPoint2D@1c2eb1, Value: [Vertex(0, 0, 0)]
Key: com.catan.model.RoundedPoint2D@22dbd1, Value: [Vertex(1, 1, 5)]
Key: com.catan.model.RoundedPoint2D@22bc91, Value: [Vertex(1, 1, 4)]
Key: com.catan.model.RoundedPoint2D@225ed1, Value: [Vertex(0, -1, 2)]
Key: com.catan.model.RoundedPoint2D@227e11, Value: [Vertex(0, -1, 1)]
Key: com.catan.model.RoundedPoint2D@11ec62, Value: [Vertex(-1, -2, 5)]
Key: com.catan.model.RoundedPoint2D@11cd22, Value: [Vertex(-1, -2, 4)]
Key: com.catan.model.RoundedPoint2D@294a90, Value: [Vertex(1, 1, 2)]
Key: com.catan.model.RoundedPoint2D@2969d0, Value: [Vertex(1, 1, 1)]
Key: com.catan.model.RoundedPoint2D@18d821, Value: [Vertex(0, 0, 5)]
Key: com.catan.model.RoundedPoint2D@18b8e1, Value: [Vertex(0, 0, 4)]
Key: com.catan.model.RoundedPoint2D@185b21, Value: [Vertex(-1, -2, 2)]
Key: com.catan.model.RoundedPoint2D@187a61, Value: [Vertex(-1, -2, 1)]
Key: com.catan.model.RoundedPoint2D@1f6601, Value: [Vertex(0, 0, 1)]
Key: com.catan.model.RoundedPoint2D@1f0841, Value: [Vertex(0, -1, 3)]
Key: com.catan.model.RoundedPoint2D@1f46c1, Value: [Vertex(0, -1, 0), Vertex(0, 0, 2)]
Key: com.catan.model.RoundedPoint2D@150491, Value: [Vertex(-1, -2, 3)]
Key: com.catan.model.RoundedPoint2D@154311, Value: [Vertex(-1, -2, 0)]
Key: com.catan.model.RoundedPoint2D@25f400, Value: [Vertex(1, 1, 3)]
Key: com.catan.model.RoundedPoint2D@263280, Value: [Vertex(1, 1, 0)]
Key: com.catan.model.RoundedPoint2D@1bf031, Value: [Vertex(0, -1, 5), Vertex(0, 0, 3)]
Key: com.catan.model.RoundedPoint2D@1bd0f1, Value: [Vertex(0, -1, 4), Vertex(0, -2, 0)]
Key: com.catan.model.RoundedPoint2D@1c2eb1, Value: [Vertex(0, 0, 0)]
Key: com.catan.model.RoundedPoint2D@22dbd1, Value: [Vertex(1, 1, 5)]
Key: com.catan.model.RoundedPoint2D@22bc91, Value: [Vertex(1, 1, 4)]
Key: com.catan.model.RoundedPoint2D@225ed1, Value: [Vertex(0, -1, 2)]
Key: com.catan.model.RoundedPoint2D@227e11, Value: [Vertex(0, -1, 1)]
Key: com.catan.model.RoundedPoint2D@11ec62, Value: [Vertex(-1, -2, 5)]
Key: com.catan.model.RoundedPoint2D@11cd22, Value: [Vertex(-1, -2, 4)]
Key: com.catan.model.RoundedPoint2D@294a90, Value: [Vertex(1, 1, 2)]
Key: com.catan.model.RoundedPoint2D@2969d0, Value: [Vertex(1, 1, 1)]
Key: com.catan.model.RoundedPoint2D@18d821, Value: [Vertex(0, 0, 5)]
Key: com.catan.model.RoundedPoint2D@18b8e1, Value: [Vertex(0, 0, 4)]
Key: com.catan.model.RoundedPoint2D@185b21, Value: [Vertex(-1, -2, 2)]
Key: com.catan.model.RoundedPoint2D@187a61, Value: [Vertex(-1, -2, 1)]
Key: com.catan.model.RoundedPoint2D@1f6601, Value: [Vertex(0, 0, 1)]
Key: com.catan.model.RoundedPoint2D@1f0841, Value: [Vertex(0, -1, 3), Vertex(0, -2, 1)]
Key: com.catan.model.RoundedPoint2D@1f46c1, Value: [Vertex(0, -1, 0), Vertex(0, 0, 2)]
Key: com.catan.model.RoundedPoint2D@150491, Value: [Vertex(-1, -2, 3)]
Key: com.catan.model.RoundedPoint2D@154311, Value: [Vertex(-1, -2, 0)]
Key: com.catan.model.RoundedPoint2D@25f400, Value: [Vertex(1, 1, 3)]
Key: com.catan.model.RoundedPoint2D@263280, Value: [Vertex(1, 1, 0)]
Key: com.catan.model.RoundedPoint2D@1bf031, Value: [Vertex(0, -1, 5), Vertex(0, 0, 3)]
Key: com.catan.model.RoundedPoint2D@1bd0f1, Value: [Vertex(0, -1, 4), Vertex(0, -2, 0)]
Key: com.catan.model.RoundedPoint2D@1c2eb1, Value: [Vertex(0, 0, 0)]
Key: com.catan.model.RoundedPoint2D@22dbd1, Value: [Vertex(1, 1, 5)]
Key: com.catan.model.RoundedPoint2D@22bc91, Value: [Vertex(1, 1, 4)]
Key: com.catan.model.RoundedPoint2D@225ed1, Value: [Vertex(0, -1, 2)]
Key: com.catan.model.RoundedPoint2D@227e11, Value: [Vertex(0, -1, 1)]
Key: com.catan.model.RoundedPoint2D@11ec62, Value: [Vertex(-1, -2, 5)]
Key: com.catan.model.RoundedPoint2D@11cd22, Value: [Vertex(-1, -2, 4)]
Key: com.catan.model.RoundedPoint2D@294a90, Value: [Vertex(1, 1, 2)]
Key: com.catan.model.RoundedPoint2D@2969d0, Value: [Vertex(1, 1, 1)]
Key: com.catan.model.RoundedPoint2D@18d821, Value: [Vertex(0, 0, 5)]
Key: com.catan.model.RoundedPoint2D@18b8e1, Value: [Vertex(0, 0, 4)]
Key: com.catan.model.RoundedPoint2D@185b21, Value: [Vertex(-1, -2, 2)]
Key: com.catan.model.RoundedPoint2D@187a61, Value: [Vertex(-1, -2, 1)]
Key: com.catan.model.RoundedPoint2D@1f6601, Value: [Vertex(0, 0, 1)]
Key: com.catan.model.RoundedPoint2D@1f0841, Value: [Vertex(0, -1, 3), Vertex(0, -2, 1)]
Key: com.catan.model.RoundedPoint2D@1f46c1, Value: [Vertex(0, -1, 0), Vertex(0, 0, 2)]
Key: com.catan.model.RoundedPoint2D@1ee901, Value: [Vertex(0, -2, 2)]
Key: com.catan.model.RoundedPoint2D@150491, Value: [Vertex(-1, -2, 3)]
Key: com.catan.model.RoundedPoint2D@154311, Value: [Vertex(-1, -2, 0)]
Key: com.catan.model.RoundedPoint2D@25f400, Value: [Vertex(1, 1, 3)]
Key: com.catan.model.RoundedPoint2D@263280, Value: [Vertex(1, 1, 0)]
Key: com.catan.model.RoundedPoint2D@1b9271, Value: [Vertex(0, -2, 3)]
Key: com.catan.model.RoundedPoint2D@1bf031, Value: [Vertex(0, -1, 5), Vertex(0, 0, 3)]
Key: com.catan.model.RoundedPoint2D@1bd0f1, Value: [Vertex(0, -1, 4), Vertex(0, -2, 0)]
Key: com.catan.model.RoundedPoint2D@1c2eb1, Value: [Vertex(0, 0, 0)]
Key: com.catan.model.RoundedPoint2D@22dbd1, Value: [Vertex(1, 1, 5)]
Key: com.catan.model.RoundedPoint2D@22bc91, Value: [Vertex(1, 1, 4)]
Key: com.catan.model.RoundedPoint2D@225ed1, Value: [Vertex(0, -1, 2)]
Key: com.catan.model.RoundedPoint2D@227e11, Value: [Vertex(0, -1, 1)]
Key: com.catan.model.RoundedPoint2D@11ec62, Value: [Vertex(-1, -2, 5)]
Key: com.catan.model.RoundedPoint2D@11cd22, Value: [Vertex(-1, -2, 4)]
Key: com.catan.model.RoundedPoint2D@294a90, Value: [Vertex(1, 1, 2)]
Key: com.catan.model.RoundedPoint2D@2969d0, Value: [Vertex(1, 1, 1)]
Key: com.catan.model.RoundedPoint2D@18d821, Value: [Vertex(0, 0, 5)]
Key: com.catan.model.RoundedPoint2D@18b8e1, Value: [Vertex(0, 0, 4)]
Key: com.catan.model.RoundedPoint2D@185b21, Value: [Vertex(-1, -2, 2)]
Key: com.catan.model.RoundedPoint2D@187a61, Value: [Vertex(-1, -2, 1)]
Key: com.catan.model.RoundedPoint2D@1f6601, Value: [Vertex(0, 0, 1)]
Key: com.catan.model.RoundedPoint2D@1f0841, Value: [Vertex(0, -1, 3), Vertex(0, -2, 1)]
Key: com.catan.model.RoundedPoint2D@1f46c1, Value: [Vertex(0, -1, 0), Vertex(0, 0, 2)]
Key: com.catan.model.RoundedPoint2D@1ee901, Value: [Vertex(0, -2, 2)]
Key: com.catan.model.RoundedPoint2D@150491, Value: [Vertex(-1, -2, 3)]
Key: com.catan.model.RoundedPoint2D@154311, Value: [Vertex(-1, -2, 0)]
Key: com.catan.model.RoundedPoint2D@25f400, Value: [Vertex(1, 1, 3)]
Key: com.catan.model.RoundedPoint2D@263280, Value: [Vertex(1, 1, 0)]
Key: com.catan.model.RoundedPoint2D@1b9271, Value: [Vertex(0, -2, 3)]
Key: com.catan.model.RoundedPoint2D@1bf031, Value: [Vertex(0, -1, 5), Vertex(0, 0, 3)]
Key: com.catan.model.RoundedPoint2D@1bd0f1, Value: [Vertex(0, -1, 4), Vertex(0, -2, 0)]
Key: com.catan.model.RoundedPoint2D@1c2eb1, Value: [Vertex(0, 0, 0)]
Key: com.catan.model.RoundedPoint2D@22dbd1, Value: [Vertex(1, 1, 5)]
Key: com.catan.model.RoundedPoint2D@22bc91, Value: [Vertex(1, 1, 4)]
Key: com.catan.model.RoundedPoint2D@225ed1, Value: [Vertex(0, -1, 2)]
Key: com.catan.model.RoundedPoint2D@227e11, Value: [Vertex(0, -1, 1)]
Key: com.catan.model.RoundedPoint2D@11ec62, Value: [Vertex(-1, -2, 5)]
Key: com.catan.model.RoundedPoint2D@11cd22, Value: [Vertex(-1, -2, 4)]
Key: com.catan.model.RoundedPoint2D@294a90, Value: [Vertex(1, 1, 2)]
Key: com.catan.model.RoundedPoint2D@2969d0, Value: [Vertex(1, 1, 1)]
Key: com.catan.model.RoundedPoint2D@18d821, Value: [Vertex(0, 0, 5)]
Key: com.catan.model.RoundedPoint2D@18b8e1, Value: [Vertex(0, 0, 4)]
Key: com.catan.model.RoundedPoint2D@185b21, Value: [Vertex(-1, -2, 2), Vertex(0, -2, 4)]
Key: com.catan.model.RoundedPoint2D@187a61, Value: [Vertex(-1, -2, 1)]
Key: com.catan.model.RoundedPoint2D@1f6601, Value: [Vertex(0, 0, 1)]
Key: com.catan.model.RoundedPoint2D@1f0841, Value: [Vertex(0, -1, 3), Vertex(0, -2, 1)]
Key: com.catan.model.RoundedPoint2D@1f46c1, Value: [Vertex(0, -1, 0), Vertex(0, 0, 2)]
Key: com.catan.model.RoundedPoint2D@1ee901, Value: [Vertex(0, -2, 2)]
Key: com.catan.model.RoundedPoint2D@150491, Value: [Vertex(-1, -2, 3)]
Key: com.catan.model.RoundedPoint2D@154311, Value: [Vertex(-1, -2, 0)]
Key: com.catan.model.RoundedPoint2D@25f400, Value: [Vertex(1, 1, 3)]
Key: com.catan.model.RoundedPoint2D@263280, Value: [Vertex(1, 1, 0)]
Key: com.catan.model.RoundedPoint2D@1b9271, Value: [Vertex(0, -2, 3)]
Key: com.catan.model.RoundedPoint2D@1bf031, Value: [Vertex(0, -1, 5), Vertex(0, 0, 3)]
Key: com.catan.model.RoundedPoint2D@1bd0f1, Value: [Vertex(0, -1, 4), Vertex(0, -2, 0)]
Key: com.catan.model.RoundedPoint2D@1c2eb1, Value: [Vertex(0, 0, 0)]
Key: com.catan.model.RoundedPoint2D@22dbd1, Value: [Vertex(1, 1, 5)]
Key: com.catan.model.RoundedPoint2D@22bc91, Value: [Vertex(1, 1, 4)]
Key: com.catan.model.RoundedPoint2D@225ed1, Value: [Vertex(0, -1, 2)]
Key: com.catan.model.RoundedPoint2D@227e11, Value: [Vertex(0, -1, 1)]
Key: com.catan.model.RoundedPoint2D@11ec62, Value: [Vertex(-1, -2, 5)]
Key: com.catan.model.RoundedPoint2D@11cd22, Value: [Vertex(-1, -2, 4)]
Key: com.catan.model.RoundedPoint2D@294a90, Value: [Vertex(1, 1, 2)]
Key: com.catan.model.RoundedPoint2D@2969d0, Value: [Vertex(1, 1, 1)]
Key: com.catan.model.RoundedPoint2D@18d821, Value: [Vertex(0, 0, 5)]
Key: com.catan.model.RoundedPoint2D@18b8e1, Value: [Vertex(0, 0, 4)]
Key: com.catan.model.RoundedPoint2D@185b21, Value: [Vertex(-1, -2, 2), Vertex(0, -2, 4)]
Key: com.catan.model.RoundedPoint2D@187a61, Value: [Vertex(-1, -2, 1), Vertex(0, -2, 5)]
Key: com.catan.model.RoundedPoint2D@1f6601, Value: [Vertex(0, 0, 1)]
Key: com.catan.model.RoundedPoint2D@1f0841, Value: [Vertex(0, -1, 3), Vertex(0, -2, 1)]
Key: com.catan.model.RoundedPoint2D@1f46c1, Value: [Vertex(0, -1, 0), Vertex(0, 0, 2)]
Key: com.catan.model.RoundedPoint2D@1ee901, Value: [Vertex(0, -2, 2)]
Key: com.catan.model.RoundedPoint2D@150491, Value: [Vertex(-1, -2, 3)]
Key: com.catan.model.RoundedPoint2D@154311, Value: [Vertex(-1, -2, 0)]
Key: com.catan.model.RoundedPoint2D@25f400, Value: [Vertex(1, 1, 3)]
Key: com.catan.model.RoundedPoint2D@263280, Value: [Vertex(1, 1, 0)]
Key: com.catan.model.RoundedPoint2D@1b9271, Value: [Vertex(0, -2, 3)]
Key: com.catan.model.RoundedPoint2D@1bf031, Value: [Vertex(0, -1, 5), Vertex(0, 0, 3)]
Key: com.catan.model.RoundedPoint2D@1bd0f1, Value: [Vertex(0, -1, 4), Vertex(0, -2, 0)]
Key: com.catan.model.RoundedPoint2D@1c2eb1, Value: [Vertex(0, 0, 0)]
Key: com.catan.model.RoundedPoint2D@22dbd1, Value: [Vertex(1, 1, 5)]
Key: com.catan.model.RoundedPoint2D@22bc91, Value: [Vertex(1, 1, 4)]
Key: com.catan.model.RoundedPoint2D@225ed1, Value: [Vertex(0, -1, 2)]
Key: com.catan.model.RoundedPoint2D@227e11, Value: [Vertex(0, -1, 1)]
Key: com.catan.model.RoundedPoint2D@11ec62, Value: [Vertex(-1, -2, 5)]
Key: com.catan.model.RoundedPoint2D@11cd22, Value: [Vertex(-1, -2, 4)]
Key: com.catan.model.RoundedPoint2D@294a90, Value: [Vertex(1, 1, 2)]
Key: com.catan.model.RoundedPoint2D@2969d0, Value: [Vertex(1, 1, 1)]
Key: com.catan.model.RoundedPoint2D@18d821, Value: [Vertex(0, 0, 5)]
Key: com.catan.model.RoundedPoint2D@18b8e1, Value: [Vertex(0, 0, 4)]
Key: com.catan.model.RoundedPoint2D@185b21, Value: [Vertex(-1, -2, 2), Vertex(0, -2, 4)]
Key: com.catan.model.RoundedPoint2D@187a61, Value: [Vertex(-1, -2, 1), Vertex(0, -2, 5)]
Key: com.catan.model.RoundedPoint2D@1fa481, Value: [Vertex(0, 1, 0)]
Key: com.catan.model.RoundedPoint2D@1f6601, Value: [Vertex(0, 0, 1)]
Key: com.catan.model.RoundedPoint2D@1f0841, Value: [Vertex(0, -1, 3), Vertex(0, -2, 1)]
Key: com.catan.model.RoundedPoint2D@1f46c1, Value: [Vertex(0, -1, 0), Vertex(0, 0, 2)]
Key: com.catan.model.RoundedPoint2D@1ee901, Value: [Vertex(0, -2, 2)]
Key: com.catan.model.RoundedPoint2D@150491, Value: [Vertex(-1, -2, 3)]
Key: com.catan.model.RoundedPoint2D@154311, Value: [Vertex(-1, -2, 0)]
Key: com.catan.model.RoundedPoint2D@1fa481, Value: [Vertex(0, 1, 0)]
Key: com.catan.model.RoundedPoint2D@1f6601, Value: [Vertex(0, 0, 1)]
Key: com.catan.model.RoundedPoint2D@1f0841, Value: [Vertex(0, -1, 3), Vertex(0, -2, 1)]
Key: com.catan.model.RoundedPoint2D@1f46c1, Value: [Vertex(0, -1, 0), Vertex(0, 0, 2)]
Key: com.catan.model.RoundedPoint2D@1ee901, Value: [Vertex(0, -2, 2)]
Key: com.catan.model.RoundedPoint2D@25f400, Value: [Vertex(1, 1, 3)]
Key: com.catan.model.RoundedPoint2D@263280, Value: [Vertex(1, 1, 0)]
Key: com.catan.model.RoundedPoint2D@1b9271, Value: [Vertex(0, -2, 3)]
Key: com.catan.model.RoundedPoint2D@1bf031, Value: [Vertex(0, -1, 5), Vertex(0, 0, 3)]
Key: com.catan.model.RoundedPoint2D@1bd0f1, Value: [Vertex(0, -1, 4), Vertex(0, -2, 0)]
Key: com.catan.model.RoundedPoint2D@1c2eb1, Value: [Vertex(0, 0, 0)]
Key: com.catan.model.RoundedPoint2D@22dbd1, Value: [Vertex(1, 1, 5), Vertex(0, 1, 1)]
Key: com.catan.model.RoundedPoint2D@22bc91, Value: [Vertex(1, 1, 4)]
Key: com.catan.model.RoundedPoint2D@225ed1, Value: [Vertex(0, -1, 2)]
Key: com.catan.model.RoundedPoint2D@227e11, Value: [Vertex(0, -1, 1)]
Key: com.catan.model.RoundedPoint2D@11ec62, Value: [Vertex(-1, -2, 5)]
Key: com.catan.model.RoundedPoint2D@11cd22, Value: [Vertex(-1, -2, 4)]
Key: com.catan.model.RoundedPoint2D@294a90, Value: [Vertex(1, 1, 2)]
Key: com.catan.model.RoundedPoint2D@2969d0, Value: [Vertex(1, 1, 1)]
Key: com.catan.model.RoundedPoint2D@18d821, Value: [Vertex(0, 0, 5)]
Key: com.catan.model.RoundedPoint2D@18b8e1, Value: [Vertex(0, 0, 4)]
Key: com.catan.model.RoundedPoint2D@185b21, Value: [Vertex(-1, -2, 2), Vertex(0, -2, 4)]
Key: com.catan.model.RoundedPoint2D@187a61, Value: [Vertex(-1, -2, 1), Vertex(0, -2, 5)]
Key: com.catan.model.RoundedPoint2D@150491, Value: [Vertex(-1, -2, 3)]
Key: com.catan.model.RoundedPoint2D@154311, Value: [Vertex(-1, -2, 0)]
Key: com.catan.model.RoundedPoint2D@1fa481, Value: [Vertex(0, 1, 0)]
Key: com.catan.model.RoundedPoint2D@1f6601, Value: [Vertex(0, 0, 1)]
Key: com.catan.model.RoundedPoint2D@1f0841, Value: [Vertex(0, -1, 3), Vertex(0, -2, 1)]
Key: com.catan.model.RoundedPoint2D@1f46c1, Value: [Vertex(0, -1, 0), Vertex(0, 0, 2)]
Key: com.catan.model.RoundedPoint2D@1ee901, Value: [Vertex(0, -2, 2)]
Key: com.catan.model.RoundedPoint2D@25f400, Value: [Vertex(1, 1, 3)]
Key: com.catan.model.RoundedPoint2D@263280, Value: [Vertex(1, 1, 0)]
Key: com.catan.model.RoundedPoint2D@1b9271, Value: [Vertex(0, -2, 3)]
Key: com.catan.model.RoundedPoint2D@1bf031, Value: [Vertex(0, -1, 5), Vertex(0, 0, 3)]
Key: com.catan.model.RoundedPoint2D@1bd0f1, Value: [Vertex(0, -1, 4), Vertex(0, -2, 0)]
Key: com.catan.model.RoundedPoint2D@1c2eb1, Value: [Vertex(0, 0, 0)]
Key: com.catan.model.RoundedPoint2D@22dbd1, Value: [Vertex(1, 1, 5), Vertex(0, 1, 1)]
Key: com.catan.model.RoundedPoint2D@22bc91, Value: [Vertex(1, 1, 4), Vertex(0, 1, 2)]
Key: com.catan.model.RoundedPoint2D@225ed1, Value: [Vertex(0, -1, 2)]
Key: com.catan.model.RoundedPoint2D@227e11, Value: [Vertex(0, -1, 1)]
Key: com.catan.model.RoundedPoint2D@11ec62, Value: [Vertex(-1, -2, 5)]
Key: com.catan.model.RoundedPoint2D@11cd22, Value: [Vertex(-1, -2, 4)]
Key: com.catan.model.RoundedPoint2D@294a90, Value: [Vertex(1, 1, 2)]
Key: com.catan.model.RoundedPoint2D@2969d0, Value: [Vertex(1, 1, 1)]
Key: com.catan.model.RoundedPoint2D@18d821, Value: [Vertex(0, 0, 5)]
Key: com.catan.model.RoundedPoint2D@18b8e1, Value: [Vertex(0, 0, 4)]
Key: com.catan.model.RoundedPoint2D@185b21, Value: [Vertex(-1, -2, 2), Vertex(0, -2, 4)]
Key: com.catan.model.RoundedPoint2D@187a61, Value: [Vertex(-1, -2, 1), Vertex(0, -2, 5)]
Key: com.catan.model.RoundedPoint2D@150491, Value: [Vertex(-1, -2, 3)]
Key: com.catan.model.RoundedPoint2D@154311, Value: [Vertex(-1, -2, 0)]
Key: com.catan.model.RoundedPoint2D@1fa481, Value: [Vertex(0, 1, 0)]
Key: com.catan.model.RoundedPoint2D@1f6601, Value: [Vertex(0, 0, 1), Vertex(0, 1, 3)]
Key: com.catan.model.RoundedPoint2D@1f0841, Value: [Vertex(0, -1, 3), Vertex(0, -2, 1)]
Key: com.catan.model.RoundedPoint2D@1f46c1, Value: [Vertex(0, -1, 0), Vertex(0, 0, 2)]
Key: com.catan.model.RoundedPoint2D@1ee901, Value: [Vertex(0, -2, 2)]
Key: com.catan.model.RoundedPoint2D@25f400, Value: [Vertex(1, 1, 3)]
Key: com.catan.model.RoundedPoint2D@263280, Value: [Vertex(1, 1, 0)]
Key: com.catan.model.RoundedPoint2D@1b9271, Value: [Vertex(0, -2, 3)]
Key: com.catan.model.RoundedPoint2D@1bf031, Value: [Vertex(0, -1, 5), Vertex(0, 0, 3)]
Key: com.catan.model.RoundedPoint2D@1bd0f1, Value: [Vertex(0, -1, 4), Vertex(0, -2, 0)]
Key: com.catan.model.RoundedPoint2D@1c2eb1, Value: [Vertex(0, 0, 0)]
Key: com.catan.model.RoundedPoint2D@22dbd1, Value: [Vertex(1, 1, 5), Vertex(0, 1, 1)]
Key: com.catan.model.RoundedPoint2D@22bc91, Value: [Vertex(1, 1, 4), Vertex(0, 1, 2)]
Key: com.catan.model.RoundedPoint2D@225ed1, Value: [Vertex(0, -1, 2)]
Key: com.catan.model.RoundedPoint2D@227e11, Value: [Vertex(0, -1, 1)]
Key: com.catan.model.RoundedPoint2D@11ec62, Value: [Vertex(-1, -2, 5)]
Key: com.catan.model.RoundedPoint2D@11cd22, Value: [Vertex(-1, -2, 4)]
Key: com.catan.model.RoundedPoint2D@294a90, Value: [Vertex(1, 1, 2)]
Key: com.catan.model.RoundedPoint2D@2969d0, Value: [Vertex(1, 1, 1)]
Key: com.catan.model.RoundedPoint2D@18d821, Value: [Vertex(0, 0, 5)]
Key: com.catan.model.RoundedPoint2D@18b8e1, Value: [Vertex(0, 0, 4)]
Key: com.catan.model.RoundedPoint2D@185b21, Value: [Vertex(-1, -2, 2), Vertex(0, -2, 4)]
Key: com.catan.model.RoundedPoint2D@187a61, Value: [Vertex(-1, -2, 1), Vertex(0, -2, 5)]
Key: com.catan.model.RoundedPoint2D@150491, Value: [Vertex(-1, -2, 3)]
Key: com.catan.model.RoundedPoint2D@154311, Value: [Vertex(-1, -2, 0)]
Key: com.catan.model.RoundedPoint2D@1fa481, Value: [Vertex(0, 1, 0)]
Key: com.catan.model.RoundedPoint2D@1f6601, Value: [Vertex(0, 0, 1), Vertex(0, 1, 3)]
Key: com.catan.model.RoundedPoint2D@1f0841, Value: [Vertex(0, -1, 3), Vertex(0, -2, 1)]
Key: com.catan.model.RoundedPoint2D@1f46c1, Value: [Vertex(0, -1, 0), Vertex(0, 0, 2)]
Key: com.catan.model.RoundedPoint2D@1ee901, Value: [Vertex(0, -2, 2)]
Key: com.catan.model.RoundedPoint2D@25f400, Value: [Vertex(1, 1, 3)]
Key: com.catan.model.RoundedPoint2D@263280, Value: [Vertex(1, 1, 0)]
Key: com.catan.model.RoundedPoint2D@1b9271, Value: [Vertex(0, -2, 3)]
Key: com.catan.model.RoundedPoint2D@1bf031, Value: [Vertex(0, -1, 5), Vertex(0, 0, 3)]
Key: com.catan.model.RoundedPoint2D@1bd0f1, Value: [Vertex(0, -1, 4), Vertex(0, -2, 0)]
Key: com.catan.model.RoundedPoint2D@1c2eb1, Value: [Vertex(0, 0, 0), Vertex(0, 1, 4)]
Key: com.catan.model.RoundedPoint2D@22dbd1, Value: [Vertex(1, 1, 5), Vertex(0, 1, 1)]
Key: com.catan.model.RoundedPoint2D@22bc91, Value: [Vertex(1, 1, 4), Vertex(0, 1, 2)]
Key: com.catan.model.RoundedPoint2D@225ed1, Value: [Vertex(0, -1, 2)]
Key: com.catan.model.RoundedPoint2D@227e11, Value: [Vertex(0, -1, 1)]
Key: com.catan.model.RoundedPoint2D@11ec62, Value: [Vertex(-1, -2, 5)]
Key: com.catan.model.RoundedPoint2D@11cd22, Value: [Vertex(-1, -2, 4)]
Key: com.catan.model.RoundedPoint2D@294a90, Value: [Vertex(1, 1, 2)]
Key: com.catan.model.RoundedPoint2D@2969d0, Value: [Vertex(1, 1, 1)]
Key: com.catan.model.RoundedPoint2D@18d821, Value: [Vertex(0, 0, 5)]
Key: com.catan.model.RoundedPoint2D@18b8e1, Value: [Vertex(0, 0, 4)]
Key: com.catan.model.RoundedPoint2D@185b21, Value: [Vertex(-1, -2, 2), Vertex(0, -2, 4)]
Key: com.catan.model.RoundedPoint2D@187a61, Value: [Vertex(-1, -2, 1), Vertex(0, -2, 5)]
Key: com.catan.model.RoundedPoint2D@150491, Value: [Vertex(-1, -2, 3)]
Key: com.catan.model.RoundedPoint2D@154311, Value: [Vertex(-1, -2, 0)]
Key: com.catan.model.RoundedPoint2D@1fa481, Value: [Vertex(0, 1, 0)]
Key: com.catan.model.RoundedPoint2D@1f6601, Value: [Vertex(0, 0, 1), Vertex(0, 1, 3)]
Key: com.catan.model.RoundedPoint2D@1f0841, Value: [Vertex(0, -1, 3), Vertex(0, -2, 1)]
Key: com.catan.model.RoundedPoint2D@1f46c1, Value: [Vertex(0, -1, 0), Vertex(0, 0, 2)]
Key: com.catan.model.RoundedPoint2D@1ee901, Value: [Vertex(0, -2, 2)]
Key: com.catan.model.RoundedPoint2D@25f400, Value: [Vertex(1, 1, 3)]
Key: com.catan.model.RoundedPoint2D@263280, Value: [Vertex(1, 1, 0)]
Key: com.catan.model.RoundedPoint2D@1b9271, Value: [Vertex(0, -2, 3)]
Key: com.catan.model.RoundedPoint2D@1bf031, Value: [Vertex(0, -1, 5), Vertex(0, 0, 3)]
Key: com.catan.model.RoundedPoint2D@1bd0f1, Value: [Vertex(0, -1, 4), Vertex(0, -2, 0)]
Key: com.catan.model.RoundedPoint2D@1c4df1, Value: [Vertex(0, 1, 5)]
Key: com.catan.model.RoundedPoint2D@1c2eb1, Value: [Vertex(0, 0, 0), Vertex(0, 1, 4)]
Key: com.catan.model.RoundedPoint2D@22dbd1, Value: [Vertex(1, 1, 5), Vertex(0, 1, 1)]
Key: com.catan.model.RoundedPoint2D@22bc91, Value: [Vertex(1, 1, 4), Vertex(0, 1, 2)]
Key: com.catan.model.RoundedPoint2D@225ed1, Value: [Vertex(0, -1, 2)]
Key: com.catan.model.RoundedPoint2D@227e11, Value: [Vertex(0, -1, 1)]
Key: com.catan.model.RoundedPoint2D@11ec62, Value: [Vertex(-1, -2, 5)]
Key: com.catan.model.RoundedPoint2D@11cd22, Value: [Vertex(-1, -2, 4)]
Key: com.catan.model.RoundedPoint2D@294a90, Value: [Vertex(1, 1, 2)]
Key: com.catan.model.RoundedPoint2D@2969d0, Value: [Vertex(1, 1, 1)]
Key: com.catan.model.RoundedPoint2D@18d821, Value: [Vertex(0, 0, 5)]
Key: com.catan.model.RoundedPoint2D@18b8e1, Value: [Vertex(0, 0, 4)]
Key: com.catan.model.RoundedPoint2D@185b21, Value: [Vertex(-1, -2, 2), Vertex(0, -2, 4)]
Key: com.catan.model.RoundedPoint2D@187a61, Value: [Vertex(-1, -2, 1), Vertex(0, -2, 5)]
Key: com.catan.model.RoundedPoint2D@150491, Value: [Vertex(-1, -2, 3)]
Key: com.catan.model.RoundedPoint2D@154311, Value: [Vertex(-1, -2, 0)]
Key: com.catan.model.RoundedPoint2D@1fa481, Value: [Vertex(0, 1, 0)]
Key: com.catan.model.RoundedPoint2D@1f6601, Value: [Vertex(0, 0, 1), Vertex(0, 1, 3)]
Key: com.catan.model.RoundedPoint2D@1f0841, Value: [Vertex(0, -1, 3), Vertex(0, -2, 1)]
Key: com.catan.model.RoundedPoint2D@1f46c1, Value: [Vertex(0, -1, 0), Vertex(0, 0, 2)]
Key: com.catan.model.RoundedPoint2D@1ee901, Value: [Vertex(0, -2, 2)]
Key: com.catan.model.RoundedPoint2D@25f400, Value: [Vertex(1, 1, 3)]
Key: com.catan.model.RoundedPoint2D@263280, Value: [Vertex(1, 1, 0)]
Key: com.catan.model.RoundedPoint2D@1b9271, Value: [Vertex(0, -2, 3)]
Key: com.catan.model.RoundedPoint2D@1bf031, Value: [Vertex(0, -1, 5), Vertex(0, 0, 3)]
Key: com.catan.model.RoundedPoint2D@1bd0f1, Value: [Vertex(0, -1, 4), Vertex(0, -2, 0)]
Key: com.catan.model.RoundedPoint2D@1c4df1, Value: [Vertex(0, 1, 5)]
Key: com.catan.model.RoundedPoint2D@1c2eb1, Value: [Vertex(0, 0, 0), Vertex(0, 1, 4)]
Key: com.catan.model.RoundedPoint2D@231a51, Value: [Vertex(1, 2, 0)]
Key: com.catan.model.RoundedPoint2D@22dbd1, Value: [Vertex(1, 1, 5), Vertex(0, 1, 1)]
Key: com.catan.model.RoundedPoint2D@22bc91, Value: [Vertex(1, 1, 4), Vertex(0, 1, 2)]
Key: com.catan.model.RoundedPoint2D@225ed1, Value: [Vertex(0, -1, 2)]
Key: com.catan.model.RoundedPoint2D@227e11, Value: [Vertex(0, -1, 1)]
Key: com.catan.model.RoundedPoint2D@11ec62, Value: [Vertex(-1, -2, 5)]
Key: com.catan.model.RoundedPoint2D@11cd22, Value: [Vertex(-1, -2, 4)]
Key: com.catan.model.RoundedPoint2D@294a90, Value: [Vertex(1, 1, 2)]
Key: com.catan.model.RoundedPoint2D@2969d0, Value: [Vertex(1, 1, 1)]
Key: com.catan.model.RoundedPoint2D@18d821, Value: [Vertex(0, 0, 5)]
Key: com.catan.model.RoundedPoint2D@18b8e1, Value: [Vertex(0, 0, 4)]
Key: com.catan.model.RoundedPoint2D@185b21, Value: [Vertex(-1, -2, 2), Vertex(0, -2, 4)]
Key: com.catan.model.RoundedPoint2D@187a61, Value: [Vertex(-1, -2, 1), Vertex(0, -2, 5)]
Key: com.catan.model.RoundedPoint2D@150491, Value: [Vertex(-1, -2, 3)]
Key: com.catan.model.RoundedPoint2D@154311, Value: [Vertex(-1, -2, 0)]
Key: com.catan.model.RoundedPoint2D@1fa481, Value: [Vertex(0, 1, 0)]
Key: com.catan.model.RoundedPoint2D@1f6601, Value: [Vertex(0, 0, 1), Vertex(0, 1, 3)]
Key: com.catan.model.RoundedPoint2D@1f0841, Value: [Vertex(0, -1, 3), Vertex(0, -2, 1)]
Key: com.catan.model.RoundedPoint2D@1f46c1, Value: [Vertex(0, -1, 0), Vertex(0, 0, 2)]
Key: com.catan.model.RoundedPoint2D@1ee901, Value: [Vertex(0, -2, 2)]
Key: com.catan.model.RoundedPoint2D@25f400, Value: [Vertex(1, 1, 3)]
Key: com.catan.model.RoundedPoint2D@2651c0, Value: [Vertex(1, 2, 1)]
Key: com.catan.model.RoundedPoint2D@263280, Value: [Vertex(1, 1, 0)]
Key: com.catan.model.RoundedPoint2D@1b9271, Value: [Vertex(0, -2, 3)]
Key: com.catan.model.RoundedPoint2D@1bf031, Value: [Vertex(0, -1, 5), Vertex(0, 0, 3)]
Key: com.catan.model.RoundedPoint2D@1bd0f1, Value: [Vertex(0, -1, 4), Vertex(0, -2, 0)]
Key: com.catan.model.RoundedPoint2D@1c4df1, Value: [Vertex(0, 1, 5)]
Key: com.catan.model.RoundedPoint2D@1c2eb1, Value: [Vertex(0, 0, 0), Vertex(0, 1, 4)]
Key: com.catan.model.RoundedPoint2D@231a51, Value: [Vertex(1, 2, 0)]
Key: com.catan.model.RoundedPoint2D@22dbd1, Value: [Vertex(1, 1, 5), Vertex(0, 1, 1)]
Key: com.catan.model.RoundedPoint2D@22bc91, Value: [Vertex(1, 1, 4), Vertex(0, 1, 2)]
Key: com.catan.model.RoundedPoint2D@225ed1, Value: [Vertex(0, -1, 2)]
Key: com.catan.model.RoundedPoint2D@227e11, Value: [Vertex(0, -1, 1)]
Key: com.catan.model.RoundedPoint2D@11ec62, Value: [Vertex(-1, -2, 5)]
Key: com.catan.model.RoundedPoint2D@11cd22, Value: [Vertex(-1, -2, 4)]
Key: com.catan.model.RoundedPoint2D@294a90, Value: [Vertex(1, 1, 2)]
Key: com.catan.model.RoundedPoint2D@2969d0, Value: [Vertex(1, 1, 1)]
Key: com.catan.model.RoundedPoint2D@18d821, Value: [Vertex(0, 0, 5)]
Key: com.catan.model.RoundedPoint2D@18b8e1, Value: [Vertex(0, 0, 4)]
Key: com.catan.model.RoundedPoint2D@185b21, Value: [Vertex(-1, -2, 2), Vertex(0, -2, 4)]
Key: com.catan.model.RoundedPoint2D@187a61, Value: [Vertex(-1, -2, 1), Vertex(0, -2, 5)]
Key: com.catan.model.RoundedPoint2D@150491, Value: [Vertex(-1, -2, 3)]
Key: com.catan.model.RoundedPoint2D@154311, Value: [Vertex(-1, -2, 0)]
Key: com.catan.model.RoundedPoint2D@1fa481, Value: [Vertex(0, 1, 0)]
Key: com.catan.model.RoundedPoint2D@1f6601, Value: [Vertex(0, 0, 1), Vertex(0, 1, 3)]
Key: com.catan.model.RoundedPoint2D@1f0841, Value: [Vertex(0, -1, 3), Vertex(0, -2, 1)]
Key: com.catan.model.RoundedPoint2D@1f46c1, Value: [Vertex(0, -1, 0), Vertex(0, 0, 2)]
Key: com.catan.model.RoundedPoint2D@1ee901, Value: [Vertex(0, -2, 2)]
Key: com.catan.model.RoundedPoint2D@25f400, Value: [Vertex(1, 1, 3)]
Key: com.catan.model.RoundedPoint2D@2651c0, Value: [Vertex(1, 2, 1)]
Key: com.catan.model.RoundedPoint2D@263280, Value: [Vertex(1, 1, 0), Vertex(1, 2, 2)]
Key: com.catan.model.RoundedPoint2D@1b9271, Value: [Vertex(0, -2, 3)]
Key: com.catan.model.RoundedPoint2D@1bf031, Value: [Vertex(0, -1, 5), Vertex(0, 0, 3)]
Key: com.catan.model.RoundedPoint2D@1bd0f1, Value: [Vertex(0, -1, 4), Vertex(0, -2, 0)]
Key: com.catan.model.RoundedPoint2D@1c4df1, Value: [Vertex(0, 1, 5)]
Key: com.catan.model.RoundedPoint2D@1c2eb1, Value: [Vertex(0, 0, 0), Vertex(0, 1, 4)]
Key: com.catan.model.RoundedPoint2D@231a51, Value: [Vertex(1, 2, 0)]
Key: com.catan.model.RoundedPoint2D@22dbd1, Value: [Vertex(1, 1, 5), Vertex(0, 1, 1)]
Key: com.catan.model.RoundedPoint2D@22bc91, Value: [Vertex(1, 1, 4), Vertex(0, 1, 2)]
Key: com.catan.model.RoundedPoint2D@225ed1, Value: [Vertex(0, -1, 2)]
Key: com.catan.model.RoundedPoint2D@227e11, Value: [Vertex(0, -1, 1)]
Key: com.catan.model.RoundedPoint2D@11ec62, Value: [Vertex(-1, -2, 5)]
Key: com.catan.model.RoundedPoint2D@11cd22, Value: [Vertex(-1, -2, 4)]
Key: com.catan.model.RoundedPoint2D@294a90, Value: [Vertex(1, 1, 2)]
Key: com.catan.model.RoundedPoint2D@2969d0, Value: [Vertex(1, 1, 1)]
Key: com.catan.model.RoundedPoint2D@18d821, Value: [Vertex(0, 0, 5)]
Key: com.catan.model.RoundedPoint2D@18b8e1, Value: [Vertex(0, 0, 4)]
Key: com.catan.model.RoundedPoint2D@185b21, Value: [Vertex(-1, -2, 2), Vertex(0, -2, 4)]
Key: com.catan.model.RoundedPoint2D@187a61, Value: [Vertex(-1, -2, 1), Vertex(0, -2, 5)]
Key: com.catan.model.RoundedPoint2D@150491, Value: [Vertex(-1, -2, 3)]
Key: com.catan.model.RoundedPoint2D@154311, Value: [Vertex(-1, -2, 0)]
Key: com.catan.model.RoundedPoint2D@1fa481, Value: [Vertex(0, 1, 0)]
Key: com.catan.model.RoundedPoint2D@1f6601, Value: [Vertex(0, 0, 1), Vertex(0, 1, 3)]
Key: com.catan.model.RoundedPoint2D@1f0841, Value: [Vertex(0, -1, 3), Vertex(0, -2, 1)]
Key: com.catan.model.RoundedPoint2D@1f46c1, Value: [Vertex(0, -1, 0), Vertex(0, 0, 2)]
Key: com.catan.model.RoundedPoint2D@1ee901, Value: [Vertex(0, -2, 2)]
Key: com.catan.model.RoundedPoint2D@25f400, Value: [Vertex(1, 1, 3)]
Key: com.catan.model.RoundedPoint2D@2651c0, Value: [Vertex(1, 2, 1)]
Key: com.catan.model.RoundedPoint2D@263280, Value: [Vertex(1, 1, 0), Vertex(1, 2, 2)]
Key: com.catan.model.RoundedPoint2D@1b9271, Value: [Vertex(0, -2, 3)]
Key: com.catan.model.RoundedPoint2D@1bf031, Value: [Vertex(0, -1, 5), Vertex(0, 0, 3)]
Key: com.catan.model.RoundedPoint2D@1bd0f1, Value: [Vertex(0, -1, 4), Vertex(0, -2, 0)]
Key: com.catan.model.RoundedPoint2D@1c4df1, Value: [Vertex(0, 1, 5)]
Key: com.catan.model.RoundedPoint2D@1c2eb1, Value: [Vertex(0, 0, 0), Vertex(0, 1, 4)]
Key: com.catan.model.RoundedPoint2D@231a51, Value: [Vertex(1, 2, 0)]
Key: com.catan.model.RoundedPoint2D@22dbd1, Value: [Vertex(1, 1, 5), Vertex(0, 1, 1), Vertex(1, 2, 3)]
Key: com.catan.model.RoundedPoint2D@22bc91, Value: [Vertex(1, 1, 4), Vertex(0, 1, 2)]
Key: com.catan.model.RoundedPoint2D@225ed1, Value: [Vertex(0, -1, 2)]
Key: com.catan.model.RoundedPoint2D@227e11, Value: [Vertex(0, -1, 1)]
Key: com.catan.model.RoundedPoint2D@11ec62, Value: [Vertex(-1, -2, 5)]
Key: com.catan.model.RoundedPoint2D@11cd22, Value: [Vertex(-1, -2, 4)]
Key: com.catan.model.RoundedPoint2D@294a90, Value: [Vertex(1, 1, 2)]
Key: com.catan.model.RoundedPoint2D@2969d0, Value: [Vertex(1, 1, 1)]
Key: com.catan.model.RoundedPoint2D@18d821, Value: [Vertex(0, 0, 5)]
Key: com.catan.model.RoundedPoint2D@18b8e1, Value: [Vertex(0, 0, 4)]
Key: com.catan.model.RoundedPoint2D@185b21, Value: [Vertex(-1, -2, 2), Vertex(0, -2, 4)]
Key: com.catan.model.RoundedPoint2D@187a61, Value: [Vertex(-1, -2, 1), Vertex(0, -2, 5)]
Key: com.catan.model.RoundedPoint2D@150491, Value: [Vertex(-1, -2, 3)]
Key: com.catan.model.RoundedPoint2D@154311, Value: [Vertex(-1, -2, 0)]
Key: com.catan.model.RoundedPoint2D@1fa481, Value: [Vertex(0, 1, 0), Vertex(1, 2, 4)]
Key: com.catan.model.RoundedPoint2D@1f6601, Value: [Vertex(0, 0, 1), Vertex(0, 1, 3)]
Key: com.catan.model.RoundedPoint2D@1f0841, Value: [Vertex(0, -1, 3), Vertex(0, -2, 1)]
Key: com.catan.model.RoundedPoint2D@1f46c1, Value: [Vertex(0, -1, 0), Vertex(0, 0, 2)]
Key: com.catan.model.RoundedPoint2D@1ee901, Value: [Vertex(0, -2, 2)]
Key: com.catan.model.RoundedPoint2D@25f400, Value: [Vertex(1, 1, 3)]
Key: com.catan.model.RoundedPoint2D@2651c0, Value: [Vertex(1, 2, 1)]
Key: com.catan.model.RoundedPoint2D@263280, Value: [Vertex(1, 1, 0), Vertex(1, 2, 2)]
Key: com.catan.model.RoundedPoint2D@1b9271, Value: [Vertex(0, -2, 3)]
Key: com.catan.model.RoundedPoint2D@1bf031, Value: [Vertex(0, -1, 5), Vertex(0, 0, 3)]
Key: com.catan.model.RoundedPoint2D@1bd0f1, Value: [Vertex(0, -1, 4), Vertex(0, -2, 0)]
Key: com.catan.model.RoundedPoint2D@1c4df1, Value: [Vertex(0, 1, 5)]
Key: com.catan.model.RoundedPoint2D@1c2eb1, Value: [Vertex(0, 0, 0), Vertex(0, 1, 4)]
Key: com.catan.model.RoundedPoint2D@231a51, Value: [Vertex(1, 2, 0)]
Key: com.catan.model.RoundedPoint2D@22dbd1, Value: [Vertex(1, 1, 5), Vertex(0, 1, 1), Vertex(1, 2, 3)]
Key: com.catan.model.RoundedPoint2D@22bc91, Value: [Vertex(1, 1, 4), Vertex(0, 1, 2)]
Key: com.catan.model.RoundedPoint2D@225ed1, Value: [Vertex(0, -1, 2)]
Key: com.catan.model.RoundedPoint2D@227e11, Value: [Vertex(0, -1, 1)]
Key: com.catan.model.RoundedPoint2D@11ec62, Value: [Vertex(-1, -2, 5)]
Key: com.catan.model.RoundedPoint2D@11cd22, Value: [Vertex(-1, -2, 4)]
Key: com.catan.model.RoundedPoint2D@294a90, Value: [Vertex(1, 1, 2)]
Key: com.catan.model.RoundedPoint2D@2969d0, Value: [Vertex(1, 1, 1)]
Key: com.catan.model.RoundedPoint2D@18d821, Value: [Vertex(0, 0, 5)]
Key: com.catan.model.RoundedPoint2D@18b8e1, Value: [Vertex(0, 0, 4)]
Key: com.catan.model.RoundedPoint2D@185b21, Value: [Vertex(-1, -2, 2), Vertex(0, -2, 4)]
Key: com.catan.model.RoundedPoint2D@187a61, Value: [Vertex(-1, -2, 1), Vertex(0, -2, 5)]
Key: com.catan.model.RoundedPoint2D@150491, Value: [Vertex(-1, -2, 3)]
Key: com.catan.model.RoundedPoint2D@154311, Value: [Vertex(-1, -2, 0)]
Key: com.catan.model.RoundedPoint2D@1fc3c1, Value: [Vertex(1, 2, 5)]
Key: com.catan.model.RoundedPoint2D@1fa481, Value: [Vertex(0, 1, 0), Vertex(1, 2, 4)]
Key: com.catan.model.RoundedPoint2D@1f6601, Value: [Vertex(0, 0, 1), Vertex(0, 1, 3)]
Key: com.catan.model.RoundedPoint2D@1f0841, Value: [Vertex(0, -1, 3), Vertex(0, -2, 1)]
Key: com.catan.model.RoundedPoint2D@1f46c1, Value: [Vertex(0, -1, 0), Vertex(0, 0, 2)]
Key: com.catan.model.RoundedPoint2D@1ee901, Value: [Vertex(0, -2, 2)]
Key: com.catan.model.RoundedPoint2D@25f400, Value: [Vertex(1, 1, 3)]
Key: com.catan.model.RoundedPoint2D@2651c0, Value: [Vertex(1, 2, 1)]
Key: com.catan.model.RoundedPoint2D@263280, Value: [Vertex(1, 1, 0), Vertex(1, 2, 2)]
Key: com.catan.model.RoundedPoint2D@1b9271, Value: [Vertex(0, -2, 3)]
Key: com.catan.model.RoundedPoint2D@1bf031, Value: [Vertex(0, -1, 5), Vertex(0, 0, 3)]
Key: com.catan.model.RoundedPoint2D@1bd0f1, Value: [Vertex(0, -1, 4), Vertex(0, -2, 0)]
Key: com.catan.model.RoundedPoint2D@1c4df1, Value: [Vertex(0, 1, 5)]
Key: com.catan.model.RoundedPoint2D@1c2eb1, Value: [Vertex(0, 0, 0), Vertex(0, 1, 4)]
Key: com.catan.model.RoundedPoint2D@231a51, Value: [Vertex(1, 2, 0)]
Key: com.catan.model.RoundedPoint2D@22dbd1, Value: [Vertex(1, 1, 5), Vertex(0, 1, 1), Vertex(1, 2, 3)]
Key: com.catan.model.RoundedPoint2D@22bc91, Value: [Vertex(1, 1, 4), Vertex(0, 1, 2)]
Key: com.catan.model.RoundedPoint2D@225ed1, Value: [Vertex(0, -1, 2)]
Key: com.catan.model.RoundedPoint2D@227e11, Value: [Vertex(0, -1, 1)]
Key: com.catan.model.RoundedPoint2D@11ec62, Value: [Vertex(-1, -2, 5)]
Key: com.catan.model.RoundedPoint2D@11cd22, Value: [Vertex(-1, -2, 4)]
Key: com.catan.model.RoundedPoint2D@294a90, Value: [Vertex(1, 1, 2)]
Key: com.catan.model.RoundedPoint2D@2969d0, Value: [Vertex(1, 1, 1)]
Key: com.catan.model.RoundedPoint2D@18d821, Value: [Vertex(0, 0, 5)]
Key: com.catan.model.RoundedPoint2D@18b8e1, Value: [Vertex(0, 0, 4)]
Key: com.catan.model.RoundedPoint2D@185b21, Value: [Vertex(-1, -2, 2), Vertex(0, -2, 4)]
Key: com.catan.model.RoundedPoint2D@187a61, Value: [Vertex(-1, -2, 1), Vertex(0, -2, 5)]
Key: com.catan.model.RoundedPoint2D@150491, Value: [Vertex(-1, -2, 3)]
Key: com.catan.model.RoundedPoint2D@154311, Value: [Vertex(-1, -2, 0)]
Key: com.catan.model.RoundedPoint2D@1fc3c1, Value: [Vertex(1, 2, 5)]
Key: com.catan.model.RoundedPoint2D@1fa481, Value: [Vertex(0, 1, 0), Vertex(1, 2, 4)]
Key: com.catan.model.RoundedPoint2D@1f6601, Value: [Vertex(0, 0, 1), Vertex(0, 1, 3)]
Key: com.catan.model.RoundedPoint2D@1f0841, Value: [Vertex(0, -1, 3), Vertex(0, -2, 1)]
Key: com.catan.model.RoundedPoint2D@1f46c1, Value: [Vertex(0, -1, 0), Vertex(0, 0, 2)]
Key: com.catan.model.RoundedPoint2D@1ee901, Value: [Vertex(0, -2, 2)]
Key: com.catan.model.RoundedPoint2D@25f400, Value: [Vertex(1, 1, 3)]
Key: com.catan.model.RoundedPoint2D@2651c0, Value: [Vertex(1, 2, 1)]
Key: com.catan.model.RoundedPoint2D@263280, Value: [Vertex(1, 1, 0), Vertex(1, 2, 2)]
Key: com.catan.model.RoundedPoint2D@1b9271, Value: [Vertex(0, -2, 3)]
Key: com.catan.model.RoundedPoint2D@1bf031, Value: [Vertex(0, -1, 5), Vertex(0, 0, 3)]
Key: com.catan.model.RoundedPoint2D@1bd0f1, Value: [Vertex(0, -1, 4), Vertex(0, -2, 0)]
Key: com.catan.model.RoundedPoint2D@1c8c71, Value: [Vertex(0, 2, 0)]
Key: com.catan.model.RoundedPoint2D@1c4df1, Value: [Vertex(0, 1, 5)]
Key: com.catan.model.RoundedPoint2D@1c2eb1, Value: [Vertex(0, 0, 0), Vertex(0, 1, 4)]
Key: com.catan.model.RoundedPoint2D@231a51, Value: [Vertex(1, 2, 0)]
Key: com.catan.model.RoundedPoint2D@22dbd1, Value: [Vertex(1, 1, 5), Vertex(0, 1, 1), Vertex(1, 2, 3)]
Key: com.catan.model.RoundedPoint2D@22bc91, Value: [Vertex(1, 1, 4), Vertex(0, 1, 2)]
Key: com.catan.model.RoundedPoint2D@225ed1, Value: [Vertex(0, -1, 2)]
Key: com.catan.model.RoundedPoint2D@227e11, Value: [Vertex(0, -1, 1)]
Key: com.catan.model.RoundedPoint2D@11ec62, Value: [Vertex(-1, -2, 5)]
Key: com.catan.model.RoundedPoint2D@11cd22, Value: [Vertex(-1, -2, 4)]
Key: com.catan.model.RoundedPoint2D@294a90, Value: [Vertex(1, 1, 2)]
Key: com.catan.model.RoundedPoint2D@2969d0, Value: [Vertex(1, 1, 1)]
Key: com.catan.model.RoundedPoint2D@18d821, Value: [Vertex(0, 0, 5)]
Key: com.catan.model.RoundedPoint2D@18b8e1, Value: [Vertex(0, 0, 4)]
Key: com.catan.model.RoundedPoint2D@185b21, Value: [Vertex(-1, -2, 2), Vertex(0, -2, 4)]
Key: com.catan.model.RoundedPoint2D@187a61, Value: [Vertex(-1, -2, 1), Vertex(0, -2, 5)]
Key: com.catan.model.RoundedPoint2D@150491, Value: [Vertex(-1, -2, 3)]
Key: com.catan.model.RoundedPoint2D@154311, Value: [Vertex(-1, -2, 0)]
Key: com.catan.model.RoundedPoint2D@1fc3c1, Value: [Vertex(1, 2, 5), Vertex(0, 2, 1)]
Key: com.catan.model.RoundedPoint2D@1fa481, Value: [Vertex(0, 1, 0), Vertex(1, 2, 4)]
Key: com.catan.model.RoundedPoint2D@1f6601, Value: [Vertex(0, 0, 1), Vertex(0, 1, 3)]
Key: com.catan.model.RoundedPoint2D@1f0841, Value: [Vertex(0, -1, 3), Vertex(0, -2, 1)]
Key: com.catan.model.RoundedPoint2D@1f46c1, Value: [Vertex(0, -1, 0), Vertex(0, 0, 2)]
Key: com.catan.model.RoundedPoint2D@1ee901, Value: [Vertex(0, -2, 2)]
Key: com.catan.model.RoundedPoint2D@25f400, Value: [Vertex(1, 1, 3)]
Key: com.catan.model.RoundedPoint2D@2651c0, Value: [Vertex(1, 2, 1)]
Key: com.catan.model.RoundedPoint2D@263280, Value: [Vertex(1, 1, 0), Vertex(1, 2, 2)]
Key: com.catan.model.RoundedPoint2D@1b9271, Value: [Vertex(0, -2, 3)]
Key: com.catan.model.RoundedPoint2D@1bf031, Value: [Vertex(0, -1, 5), Vertex(0, 0, 3)]
Key: com.catan.model.RoundedPoint2D@1bd0f1, Value: [Vertex(0, -1, 4), Vertex(0, -2, 0)]
Key: com.catan.model.RoundedPoint2D@1c8c71, Value: [Vertex(0, 2, 0)]
Key: com.catan.model.RoundedPoint2D@1c4df1, Value: [Vertex(0, 1, 5)]
Key: com.catan.model.RoundedPoint2D@1c2eb1, Value: [Vertex(0, 0, 0), Vertex(0, 1, 4)]
Key: com.catan.model.RoundedPoint2D@231a51, Value: [Vertex(1, 2, 0)]
Key: com.catan.model.RoundedPoint2D@22dbd1, Value: [Vertex(1, 1, 5), Vertex(0, 1, 1), Vertex(1, 2, 3)]
Key: com.catan.model.RoundedPoint2D@22bc91, Value: [Vertex(1, 1, 4), Vertex(0, 1, 2)]
Key: com.catan.model.RoundedPoint2D@225ed1, Value: [Vertex(0, -1, 2)]
Key: com.catan.model.RoundedPoint2D@227e11, Value: [Vertex(0, -1, 1)]
Key: com.catan.model.RoundedPoint2D@11ec62, Value: [Vertex(-1, -2, 5)]
Key: com.catan.model.RoundedPoint2D@11cd22, Value: [Vertex(-1, -2, 4)]
Key: com.catan.model.RoundedPoint2D@294a90, Value: [Vertex(1, 1, 2)]
Key: com.catan.model.RoundedPoint2D@2969d0, Value: [Vertex(1, 1, 1)]
Key: com.catan.model.RoundedPoint2D@18d821, Value: [Vertex(0, 0, 5)]
Key: com.catan.model.RoundedPoint2D@18b8e1, Value: [Vertex(0, 0, 4)]
Key: com.catan.model.RoundedPoint2D@185b21, Value: [Vertex(-1, -2, 2), Vertex(0, -2, 4)]
Key: com.catan.model.RoundedPoint2D@187a61, Value: [Vertex(-1, -2, 1), Vertex(0, -2, 5)]
Key: com.catan.model.RoundedPoint2D@150491, Value: [Vertex(-1, -2, 3)]
Key: com.catan.model.RoundedPoint2D@154311, Value: [Vertex(-1, -2, 0)]
Key: com.catan.model.RoundedPoint2D@1fc3c1, Value: [Vertex(1, 2, 5), Vertex(0, 2, 1)]
Key: com.catan.model.RoundedPoint2D@1fa481, Value: [Vertex(0, 1, 0), Vertex(1, 2, 4), Vertex(0, 2, 2)]
Key: com.catan.model.RoundedPoint2D@1f6601, Value: [Vertex(0, 0, 1), Vertex(0, 1, 3)]
Key: com.catan.model.RoundedPoint2D@1f0841, Value: [Vertex(0, -1, 3), Vertex(0, -2, 1)]
Key: com.catan.model.RoundedPoint2D@1f46c1, Value: [Vertex(0, -1, 0), Vertex(0, 0, 2)]
Key: com.catan.model.RoundedPoint2D@1ee901, Value: [Vertex(0, -2, 2)]
Key: com.catan.model.RoundedPoint2D@25f400, Value: [Vertex(1, 1, 3)]
Key: com.catan.model.RoundedPoint2D@2651c0, Value: [Vertex(1, 2, 1)]
Key: com.catan.model.RoundedPoint2D@263280, Value: [Vertex(1, 1, 0), Vertex(1, 2, 2)]
Key: com.catan.model.RoundedPoint2D@1b9271, Value: [Vertex(0, -2, 3)]
Key: com.catan.model.RoundedPoint2D@1bf031, Value: [Vertex(0, -1, 5), Vertex(0, 0, 3)]
Key: com.catan.model.RoundedPoint2D@1bd0f1, Value: [Vertex(0, -1, 4), Vertex(0, -2, 0)]
Key: com.catan.model.RoundedPoint2D@1c8c71, Value: [Vertex(0, 2, 0)]
Key: com.catan.model.RoundedPoint2D@1c4df1, Value: [Vertex(0, 1, 5)]
Key: com.catan.model.RoundedPoint2D@1c2eb1, Value: [Vertex(0, 0, 0), Vertex(0, 1, 4)]
Key: com.catan.model.RoundedPoint2D@231a51, Value: [Vertex(1, 2, 0)]
Key: com.catan.model.RoundedPoint2D@22dbd1, Value: [Vertex(1, 1, 5), Vertex(0, 1, 1), Vertex(1, 2, 3)]
Key: com.catan.model.RoundedPoint2D@22bc91, Value: [Vertex(1, 1, 4), Vertex(0, 1, 2)]
Key: com.catan.model.RoundedPoint2D@225ed1, Value: [Vertex(0, -1, 2)]
Key: com.catan.model.RoundedPoint2D@227e11, Value: [Vertex(0, -1, 1)]
Key: com.catan.model.RoundedPoint2D@11ec62, Value: [Vertex(-1, -2, 5)]
Key: com.catan.model.RoundedPoint2D@11cd22, Value: [Vertex(-1, -2, 4)]
Key: com.catan.model.RoundedPoint2D@294a90, Value: [Vertex(1, 1, 2)]
Key: com.catan.model.RoundedPoint2D@2969d0, Value: [Vertex(1, 1, 1)]
Key: com.catan.model.RoundedPoint2D@18d821, Value: [Vertex(0, 0, 5)]
Key: com.catan.model.RoundedPoint2D@18b8e1, Value: [Vertex(0, 0, 4)]
Key: com.catan.model.RoundedPoint2D@185b21, Value: [Vertex(-1, -2, 2), Vertex(0, -2, 4)]
Key: com.catan.model.RoundedPoint2D@187a61, Value: [Vertex(-1, -2, 1), Vertex(0, -2, 5)]
Key: com.catan.model.RoundedPoint2D@150491, Value: [Vertex(-1, -2, 3)]
Key: com.catan.model.RoundedPoint2D@154311, Value: [Vertex(-1, -2, 0)]
Key: com.catan.model.RoundedPoint2D@1fc3c1, Value: [Vertex(1, 2, 5), Vertex(0, 2, 1)]
Key: com.catan.model.RoundedPoint2D@1fa481, Value: [Vertex(0, 1, 0), Vertex(1, 2, 4), Vertex(0, 2, 2)]
Key: com.catan.model.RoundedPoint2D@1f6601, Value: [Vertex(0, 0, 1), Vertex(0, 1, 3)]
Key: com.catan.model.RoundedPoint2D@1f0841, Value: [Vertex(0, -1, 3), Vertex(0, -2, 1)]
Key: com.catan.model.RoundedPoint2D@1f46c1, Value: [Vertex(0, -1, 0), Vertex(0, 0, 2)]
Key: com.catan.model.RoundedPoint2D@1ee901, Value: [Vertex(0, -2, 2)]
Key: com.catan.model.RoundedPoint2D@25f400, Value: [Vertex(1, 1, 3)]
Key: com.catan.model.RoundedPoint2D@2651c0, Value: [Vertex(1, 2, 1)]
Key: com.catan.model.RoundedPoint2D@263280, Value: [Vertex(1, 1, 0), Vertex(1, 2, 2)]
Key: com.catan.model.RoundedPoint2D@1b9271, Value: [Vertex(0, -2, 3)]
Key: com.catan.model.RoundedPoint2D@1bf031, Value: [Vertex(0, -1, 5), Vertex(0, 0, 3)]
Key: com.catan.model.RoundedPoint2D@1bd0f1, Value: [Vertex(0, -1, 4), Vertex(0, -2, 0)]
Key: com.catan.model.RoundedPoint2D@1c8c71, Value: [Vertex(0, 2, 0)]
Key: com.catan.model.RoundedPoint2D@1c4df1, Value: [Vertex(0, 1, 5), Vertex(0, 2, 3)]
Key: com.catan.model.RoundedPoint2D@1c2eb1, Value: [Vertex(0, 0, 0), Vertex(0, 1, 4)]
Key: com.catan.model.RoundedPoint2D@231a51, Value: [Vertex(1, 2, 0)]
Key: com.catan.model.RoundedPoint2D@22dbd1, Value: [Vertex(1, 1, 5), Vertex(0, 1, 1), Vertex(1, 2, 3)]
Key: com.catan.model.RoundedPoint2D@22bc91, Value: [Vertex(1, 1, 4), Vertex(0, 1, 2)]
Key: com.catan.model.RoundedPoint2D@225ed1, Value: [Vertex(0, -1, 2)]
Key: com.catan.model.RoundedPoint2D@227e11, Value: [Vertex(0, -1, 1)]
Key: com.catan.model.RoundedPoint2D@11ec62, Value: [Vertex(-1, -2, 5)]
Key: com.catan.model.RoundedPoint2D@11cd22, Value: [Vertex(-1, -2, 4)]
Key: com.catan.model.RoundedPoint2D@294a90, Value: [Vertex(1, 1, 2)]
Key: com.catan.model.RoundedPoint2D@2969d0, Value: [Vertex(1, 1, 1)]
Key: com.catan.model.RoundedPoint2D@18d821, Value: [Vertex(0, 0, 5)]
Key: com.catan.model.RoundedPoint2D@18b8e1, Value: [Vertex(0, 0, 4)]
Key: com.catan.model.RoundedPoint2D@185b21, Value: [Vertex(-1, -2, 2), Vertex(0, -2, 4)]
Key: com.catan.model.RoundedPoint2D@187a61, Value: [Vertex(-1, -2, 1), Vertex(0, -2, 5)]
Key: com.catan.model.RoundedPoint2D@150491, Value: [Vertex(-1, -2, 3)]
Key: com.catan.model.RoundedPoint2D@154311, Value: [Vertex(-1, -2, 0)]
Key: com.catan.model.RoundedPoint2D@1fc3c1, Value: [Vertex(1, 2, 5), Vertex(0, 2, 1)]
Key: com.catan.model.RoundedPoint2D@1fa481, Value: [Vertex(0, 1, 0), Vertex(1, 2, 4), Vertex(0, 2, 2)]
Key: com.catan.model.RoundedPoint2D@1f6601, Value: [Vertex(0, 0, 1), Vertex(0, 1, 3)]
Key: com.catan.model.RoundedPoint2D@1f0841, Value: [Vertex(0, -1, 3), Vertex(0, -2, 1)]
Key: com.catan.model.RoundedPoint2D@1f46c1, Value: [Vertex(0, -1, 0), Vertex(0, 0, 2)]
Key: com.catan.model.RoundedPoint2D@1ee901, Value: [Vertex(0, -2, 2)]
Key: com.catan.model.RoundedPoint2D@25f400, Value: [Vertex(1, 1, 3)]
Key: com.catan.model.RoundedPoint2D@2651c0, Value: [Vertex(1, 2, 1)]
Key: com.catan.model.RoundedPoint2D@263280, Value: [Vertex(1, 1, 0), Vertex(1, 2, 2)]
Key: com.catan.model.RoundedPoint2D@1b9271, Value: [Vertex(0, -2, 3)]
Key: com.catan.model.RoundedPoint2D@1bf031, Value: [Vertex(0, -1, 5), Vertex(0, 0, 3)]
Key: com.catan.model.RoundedPoint2D@1bd0f1, Value: [Vertex(0, -1, 4), Vertex(0, -2, 0)]
Key: com.catan.model.RoundedPoint2D@1c8c71, Value: [Vertex(0, 2, 0)]
Key: com.catan.model.RoundedPoint2D@1c4df1, Value: [Vertex(0, 1, 5), Vertex(0, 2, 3)]
Key: com.catan.model.RoundedPoint2D@1c2eb1, Value: [Vertex(0, 0, 0), Vertex(0, 1, 4)]
Key: com.catan.model.RoundedPoint2D@231a51, Value: [Vertex(1, 2, 0)]
Key: com.catan.model.RoundedPoint2D@22dbd1, Value: [Vertex(1, 1, 5), Vertex(0, 1, 1), Vertex(1, 2, 3)]
Key: com.catan.model.RoundedPoint2D@22bc91, Value: [Vertex(1, 1, 4), Vertex(0, 1, 2)]
Key: com.catan.model.RoundedPoint2D@225ed1, Value: [Vertex(0, -1, 2)]
Key: com.catan.model.RoundedPoint2D@227e11, Value: [Vertex(0, -1, 1)]
Key: com.catan.model.RoundedPoint2D@11ec62, Value: [Vertex(-1, -2, 5)]
Key: com.catan.model.RoundedPoint2D@11cd22, Value: [Vertex(-1, -2, 4)]
Key: com.catan.model.RoundedPoint2D@1916a1, Value: [Vertex(0, 2, 4)]
Key: com.catan.model.RoundedPoint2D@294a90, Value: [Vertex(1, 1, 2)]
Key: com.catan.model.RoundedPoint2D@2969d0, Value: [Vertex(1, 1, 1)]
Key: com.catan.model.RoundedPoint2D@18d821, Value: [Vertex(0, 0, 5)]
Key: com.catan.model.RoundedPoint2D@18b8e1, Value: [Vertex(0, 0, 4)]
Key: com.catan.model.RoundedPoint2D@185b21, Value: [Vertex(-1, -2, 2), Vertex(0, -2, 4)]
Key: com.catan.model.RoundedPoint2D@187a61, Value: [Vertex(-1, -2, 1), Vertex(0, -2, 5)]
Key: com.catan.model.RoundedPoint2D@150491, Value: [Vertex(-1, -2, 3)]
Key: com.catan.model.RoundedPoint2D@154311, Value: [Vertex(-1, -2, 0)]
Key: com.catan.model.RoundedPoint2D@1fc3c1, Value: [Vertex(1, 2, 5), Vertex(0, 2, 1)]
Key: com.catan.model.RoundedPoint2D@1fa481, Value: [Vertex(0, 1, 0), Vertex(1, 2, 4), Vertex(0, 2, 2)]
Key: com.catan.model.RoundedPoint2D@1f6601, Value: [Vertex(0, 0, 1), Vertex(0, 1, 3)]
Key: com.catan.model.RoundedPoint2D@1f0841, Value: [Vertex(0, -1, 3), Vertex(0, -2, 1)]
Key: com.catan.model.RoundedPoint2D@1f46c1, Value: [Vertex(0, -1, 0), Vertex(0, 0, 2)]
Key: com.catan.model.RoundedPoint2D@1ee901, Value: [Vertex(0, -2, 2)]
Key: com.catan.model.RoundedPoint2D@25f400, Value: [Vertex(1, 1, 3)]
Key: com.catan.model.RoundedPoint2D@2651c0, Value: [Vertex(1, 2, 1)]
Key: com.catan.model.RoundedPoint2D@263280, Value: [Vertex(1, 1, 0), Vertex(1, 2, 2)]
Key: com.catan.model.RoundedPoint2D@1b9271, Value: [Vertex(0, -2, 3)]
Key: com.catan.model.RoundedPoint2D@1bf031, Value: [Vertex(0, -1, 5), Vertex(0, 0, 3)]
Key: com.catan.model.RoundedPoint2D@1bd0f1, Value: [Vertex(0, -1, 4), Vertex(0, -2, 0)]
Key: com.catan.model.RoundedPoint2D@1c8c71, Value: [Vertex(0, 2, 0)]
Key: com.catan.model.RoundedPoint2D@1c4df1, Value: [Vertex(0, 1, 5), Vertex(0, 2, 3)]
Key: com.catan.model.RoundedPoint2D@1c2eb1, Value: [Vertex(0, 0, 0), Vertex(0, 1, 4)]
Key: com.catan.model.RoundedPoint2D@231a51, Value: [Vertex(1, 2, 0)]
Key: com.catan.model.RoundedPoint2D@22dbd1, Value: [Vertex(1, 1, 5), Vertex(0, 1, 1), Vertex(1, 2, 3)]
Key: com.catan.model.RoundedPoint2D@22bc91, Value: [Vertex(1, 1, 4), Vertex(0, 1, 2)]
Key: com.catan.model.RoundedPoint2D@225ed1, Value: [Vertex(0, -1, 2)]
Key: com.catan.model.RoundedPoint2D@227e11, Value: [Vertex(0, -1, 1)]
Key: com.catan.model.RoundedPoint2D@11ec62, Value: [Vertex(-1, -2, 5)]
Key: com.catan.model.RoundedPoint2D@11cd22, Value: [Vertex(-1, -2, 4)]
Key: com.catan.model.RoundedPoint2D@1935e1, Value: [Vertex(0, 2, 5)]
Key: com.catan.model.RoundedPoint2D@1916a1, Value: [Vertex(0, 2, 4)]
Key: com.catan.model.RoundedPoint2D@294a90, Value: [Vertex(1, 1, 2)]
Key: com.catan.model.RoundedPoint2D@2969d0, Value: [Vertex(1, 1, 1)]
Key: com.catan.model.RoundedPoint2D@18d821, Value: [Vertex(0, 0, 5)]
Key: com.catan.model.RoundedPoint2D@18b8e1, Value: [Vertex(0, 0, 4)]
Key: com.catan.model.RoundedPoint2D@185b21, Value: [Vertex(-1, -2, 2), Vertex(0, -2, 4)]
Key: com.catan.model.RoundedPoint2D@187a61, Value: [Vertex(-1, -2, 1), Vertex(0, -2, 5)]
Key: com.catan.model.RoundedPoint2D@150491, Value: [Vertex(-1, -2, 3)]
Key: com.catan.model.RoundedPoint2D@154311, Value: [Vertex(-1, -2, 0)]
Key: com.catan.model.RoundedPoint2D@1fc3c1, Value: [Vertex(1, 2, 5), Vertex(0, 2, 1)]
Key: com.catan.model.RoundedPoint2D@1fa481, Value: [Vertex(0, 1, 0), Vertex(1, 2, 4), Vertex(0, 2, 2)]
Key: com.catan.model.RoundedPoint2D@1f6601, Value: [Vertex(0, 0, 1), Vertex(0, 1, 3)]
Key: com.catan.model.RoundedPoint2D@1f0841, Value: [Vertex(0, -1, 3), Vertex(0, -2, 1)]
Key: com.catan.model.RoundedPoint2D@1f46c1, Value: [Vertex(0, -1, 0), Vertex(0, 0, 2)]
Key: com.catan.model.RoundedPoint2D@1ee901, Value: [Vertex(0, -2, 2)]
Key: com.catan.model.RoundedPoint2D@25f400, Value: [Vertex(1, 1, 3)]
Key: com.catan.model.RoundedPoint2D@2651c0, Value: [Vertex(1, 2, 1)]
Key: com.catan.model.RoundedPoint2D@263280, Value: [Vertex(1, 1, 0), Vertex(1, 2, 2)]
Key: com.catan.model.RoundedPoint2D@1b9271, Value: [Vertex(0, -2, 3)]
Key: com.catan.model.RoundedPoint2D@1bf031, Value: [Vertex(0, -1, 5), Vertex(0, 0, 3)]
Key: com.catan.model.RoundedPoint2D@1bd0f1, Value: [Vertex(0, -1, 4), Vertex(0, -2, 0)]
Key: com.catan.model.RoundedPoint2D@1c8c71, Value: [Vertex(0, 2, 0)]
Key: com.catan.model.RoundedPoint2D@1c4df1, Value: [Vertex(0, 1, 5), Vertex(0, 2, 3)]
Key: com.catan.model.RoundedPoint2D@1c2eb1, Value: [Vertex(0, 0, 0), Vertex(0, 1, 4)]
Key: com.catan.model.RoundedPoint2D@1288a2, Value: [Vertex(-2, 1, 0)]
Key: com.catan.model.RoundedPoint2D@231a51, Value: [Vertex(1, 2, 0)]
Key: com.catan.model.RoundedPoint2D@22dbd1, Value: [Vertex(1, 1, 5), Vertex(0, 1, 1), Vertex(1, 2, 3)]
Key: com.catan.model.RoundedPoint2D@22bc91, Value: [Vertex(1, 1, 4), Vertex(0, 1, 2)]
Key: com.catan.model.RoundedPoint2D@225ed1, Value: [Vertex(0, -1, 2)]
Key: com.catan.model.RoundedPoint2D@227e11, Value: [Vertex(0, -1, 1)]
Key: com.catan.model.RoundedPoint2D@11ec62, Value: [Vertex(-1, -2, 5)]
Key: com.catan.model.RoundedPoint2D@11cd22, Value: [Vertex(-1, -2, 4)]
Key: com.catan.model.RoundedPoint2D@1935e1, Value: [Vertex(0, 2, 5)]
Key: com.catan.model.RoundedPoint2D@1916a1, Value: [Vertex(0, 2, 4)]
Key: com.catan.model.RoundedPoint2D@294a90, Value: [Vertex(1, 1, 2)]
Key: com.catan.model.RoundedPoint2D@2969d0, Value: [Vertex(1, 1, 1)]
Key: com.catan.model.RoundedPoint2D@18d821, Value: [Vertex(0, 0, 5)]
Key: com.catan.model.RoundedPoint2D@18b8e1, Value: [Vertex(0, 0, 4)]
Key: com.catan.model.RoundedPoint2D@185b21, Value: [Vertex(-1, -2, 2), Vertex(0, -2, 4)]
Key: com.catan.model.RoundedPoint2D@187a61, Value: [Vertex(-1, -2, 1), Vertex(0, -2, 5)]
Key: com.catan.model.RoundedPoint2D@15c011, Value: [Vertex(-2, 1, 1)]
Key: com.catan.model.RoundedPoint2D@150491, Value: [Vertex(-1, -2, 3)]
Key: com.catan.model.RoundedPoint2D@154311, Value: [Vertex(-1, -2, 0)]
Key: com.catan.model.RoundedPoint2D@1fc3c1, Value: [Vertex(1, 2, 5), Vertex(0, 2, 1)]
Key: com.catan.model.RoundedPoint2D@1fa481, Value: [Vertex(0, 1, 0), Vertex(1, 2, 4), Vertex(0, 2, 2)]
Key: com.catan.model.RoundedPoint2D@1f6601, Value: [Vertex(0, 0, 1), Vertex(0, 1, 3)]
Key: com.catan.model.RoundedPoint2D@1f0841, Value: [Vertex(0, -1, 3), Vertex(0, -2, 1)]
Key: com.catan.model.RoundedPoint2D@1f46c1, Value: [Vertex(0, -1, 0), Vertex(0, 0, 2)]
Key: com.catan.model.RoundedPoint2D@1ee901, Value: [Vertex(0, -2, 2)]
Key: com.catan.model.RoundedPoint2D@25f400, Value: [Vertex(1, 1, 3)]
Key: com.catan.model.RoundedPoint2D@2651c0, Value: [Vertex(1, 2, 1)]
Key: com.catan.model.RoundedPoint2D@263280, Value: [Vertex(1, 1, 0), Vertex(1, 2, 2)]
Key: com.catan.model.RoundedPoint2D@1b9271, Value: [Vertex(0, -2, 3)]
Key: com.catan.model.RoundedPoint2D@1bf031, Value: [Vertex(0, -1, 5), Vertex(0, 0, 3)]
Key: com.catan.model.RoundedPoint2D@1bd0f1, Value: [Vertex(0, -1, 4), Vertex(0, -2, 0)]
Key: com.catan.model.RoundedPoint2D@1c8c71, Value: [Vertex(0, 2, 0)]
Key: com.catan.model.RoundedPoint2D@1c4df1, Value: [Vertex(0, 1, 5), Vertex(0, 2, 3)]
Key: com.catan.model.RoundedPoint2D@1c2eb1, Value: [Vertex(0, 0, 0), Vertex(0, 1, 4)]
Key: com.catan.model.RoundedPoint2D@1288a2, Value: [Vertex(-2, 1, 0)]
Key: com.catan.model.RoundedPoint2D@231a51, Value: [Vertex(1, 2, 0)]
Key: com.catan.model.RoundedPoint2D@22dbd1, Value: [Vertex(1, 1, 5), Vertex(0, 1, 1), Vertex(1, 2, 3)]
Key: com.catan.model.RoundedPoint2D@22bc91, Value: [Vertex(1, 1, 4), Vertex(0, 1, 2)]
Key: com.catan.model.RoundedPoint2D@225ed1, Value: [Vertex(0, -1, 2)]
Key: com.catan.model.RoundedPoint2D@227e11, Value: [Vertex(0, -1, 1)]
Key: com.catan.model.RoundedPoint2D@11ec62, Value: [Vertex(-1, -2, 5)]
Key: com.catan.model.RoundedPoint2D@11cd22, Value: [Vertex(-1, -2, 4)]
Key: com.catan.model.RoundedPoint2D@1935e1, Value: [Vertex(0, 2, 5)]
Key: com.catan.model.RoundedPoint2D@1916a1, Value: [Vertex(0, 2, 4)]
Key: com.catan.model.RoundedPoint2D@294a90, Value: [Vertex(1, 1, 2)]
Key: com.catan.model.RoundedPoint2D@2969d0, Value: [Vertex(1, 1, 1)]
Key: com.catan.model.RoundedPoint2D@18d821, Value: [Vertex(0, 0, 5)]
Key: com.catan.model.RoundedPoint2D@18b8e1, Value: [Vertex(0, 0, 4)]
Key: com.catan.model.RoundedPoint2D@185b21, Value: [Vertex(-1, -2, 2), Vertex(0, -2, 4)]
Key: com.catan.model.RoundedPoint2D@187a61, Value: [Vertex(-1, -2, 1), Vertex(0, -2, 5)]
Key: com.catan.model.RoundedPoint2D@15a0d1, Value: [Vertex(-2, 1, 2)]
Key: com.catan.model.RoundedPoint2D@15c011, Value: [Vertex(-2, 1, 1)]
Key: com.catan.model.RoundedPoint2D@150491, Value: [Vertex(-1, -2, 3)]
Key: com.catan.model.RoundedPoint2D@154311, Value: [Vertex(-1, -2, 0)]
Key: com.catan.model.RoundedPoint2D@1fc3c1, Value: [Vertex(1, 2, 5), Vertex(0, 2, 1)]
Key: com.catan.model.RoundedPoint2D@1fa481, Value: [Vertex(0, 1, 0), Vertex(1, 2, 4), Vertex(0, 2, 2)]
Key: com.catan.model.RoundedPoint2D@1f6601, Value: [Vertex(0, 0, 1), Vertex(0, 1, 3)]
Key: com.catan.model.RoundedPoint2D@1f0841, Value: [Vertex(0, -1, 3), Vertex(0, -2, 1)]
Key: com.catan.model.RoundedPoint2D@1f46c1, Value: [Vertex(0, -1, 0), Vertex(0, 0, 2)]
Key: com.catan.model.RoundedPoint2D@1ee901, Value: [Vertex(0, -2, 2)]
Key: com.catan.model.RoundedPoint2D@25f400, Value: [Vertex(1, 1, 3)]
Key: com.catan.model.RoundedPoint2D@2651c0, Value: [Vertex(1, 2, 1)]
Key: com.catan.model.RoundedPoint2D@263280, Value: [Vertex(1, 1, 0), Vertex(1, 2, 2)]
Key: com.catan.model.RoundedPoint2D@1b9271, Value: [Vertex(0, -2, 3)]
Key: com.catan.model.RoundedPoint2D@1bf031, Value: [Vertex(0, -1, 5), Vertex(0, 0, 3)]
Key: com.catan.model.RoundedPoint2D@1bd0f1, Value: [Vertex(0, -1, 4), Vertex(0, -2, 0)]
Key: com.catan.model.RoundedPoint2D@1c8c71, Value: [Vertex(0, 2, 0)]
Key: com.catan.model.RoundedPoint2D@1c4df1, Value: [Vertex(0, 1, 5), Vertex(0, 2, 3)]
Key: com.catan.model.RoundedPoint2D@1c2eb1, Value: [Vertex(0, 0, 0), Vertex(0, 1, 4)]
Key: com.catan.model.RoundedPoint2D@1288a2, Value: [Vertex(-2, 1, 0)]
Key: com.catan.model.RoundedPoint2D@231a51, Value: [Vertex(1, 2, 0)]
Key: com.catan.model.RoundedPoint2D@22dbd1, Value: [Vertex(1, 1, 5), Vertex(0, 1, 1), Vertex(1, 2, 3)]
Key: com.catan.model.RoundedPoint2D@22bc91, Value: [Vertex(1, 1, 4), Vertex(0, 1, 2)]
Key: com.catan.model.RoundedPoint2D@225ed1, Value: [Vertex(0, -1, 2)]
Key: com.catan.model.RoundedPoint2D@227e11, Value: [Vertex(0, -1, 1)]
Key: com.catan.model.RoundedPoint2D@11ec62, Value: [Vertex(-1, -2, 5)]
Key: com.catan.model.RoundedPoint2D@11cd22, Value: [Vertex(-1, -2, 4)]
Key: com.catan.model.RoundedPoint2D@1935e1, Value: [Vertex(0, 2, 5)]
Key: com.catan.model.RoundedPoint2D@1916a1, Value: [Vertex(0, 2, 4)]
Key: com.catan.model.RoundedPoint2D@294a90, Value: [Vertex(1, 1, 2)]
Key: com.catan.model.RoundedPoint2D@2969d0, Value: [Vertex(1, 1, 1)]
Key: com.catan.model.RoundedPoint2D@18d821, Value: [Vertex(0, 0, 5)]
Key: com.catan.model.RoundedPoint2D@18b8e1, Value: [Vertex(0, 0, 4)]
Key: com.catan.model.RoundedPoint2D@185b21, Value: [Vertex(-1, -2, 2), Vertex(0, -2, 4)]
Key: com.catan.model.RoundedPoint2D@187a61, Value: [Vertex(-1, -2, 1), Vertex(0, -2, 5)]
Key: com.catan.model.RoundedPoint2D@15a0d1, Value: [Vertex(-2, 1, 2)]
Key: com.catan.model.RoundedPoint2D@15c011, Value: [Vertex(-2, 1, 1)]
Key: com.catan.model.RoundedPoint2D@150491, Value: [Vertex(-1, -2, 3)]
Key: com.catan.model.RoundedPoint2D@154311, Value: [Vertex(-1, -2, 0)]
Key: com.catan.model.RoundedPoint2D@1fc3c1, Value: [Vertex(1, 2, 5), Vertex(0, 2, 1)]
Key: com.catan.model.RoundedPoint2D@1fa481, Value: [Vertex(0, 1, 0), Vertex(1, 2, 4), Vertex(0, 2, 2)]
Key: com.catan.model.RoundedPoint2D@1f6601, Value: [Vertex(0, 0, 1), Vertex(0, 1, 3)]
Key: com.catan.model.RoundedPoint2D@1f0841, Value: [Vertex(0, -1, 3), Vertex(0, -2, 1)]
Key: com.catan.model.RoundedPoint2D@1f46c1, Value: [Vertex(0, -1, 0), Vertex(0, 0, 2)]
Key: com.catan.model.RoundedPoint2D@1ee901, Value: [Vertex(0, -2, 2)]
Key: com.catan.model.RoundedPoint2D@25f400, Value: [Vertex(1, 1, 3)]
Key: com.catan.model.RoundedPoint2D@2651c0, Value: [Vertex(1, 2, 1)]
Key: com.catan.model.RoundedPoint2D@263280, Value: [Vertex(1, 1, 0), Vertex(1, 2, 2)]
Key: com.catan.model.RoundedPoint2D@1b9271, Value: [Vertex(0, -2, 3)]
Key: com.catan.model.RoundedPoint2D@1bf031, Value: [Vertex(0, -1, 5), Vertex(0, 0, 3)]
Key: com.catan.model.RoundedPoint2D@1bd0f1, Value: [Vertex(0, -1, 4), Vertex(0, -2, 0)]
Key: com.catan.model.RoundedPoint2D@1c8c71, Value: [Vertex(0, 2, 0)]
Key: com.catan.model.RoundedPoint2D@1c4df1, Value: [Vertex(0, 1, 5), Vertex(0, 2, 3)]
Key: com.catan.model.RoundedPoint2D@1c2eb1, Value: [Vertex(0, 0, 0), Vertex(0, 1, 4)]
Key: com.catan.model.RoundedPoint2D@124a22, Value: [Vertex(-2, 1, 3)]
Key: com.catan.model.RoundedPoint2D@1288a2, Value: [Vertex(-2, 1, 0)]
Key: com.catan.model.RoundedPoint2D@231a51, Value: [Vertex(1, 2, 0)]
Key: com.catan.model.RoundedPoint2D@22dbd1, Value: [Vertex(1, 1, 5), Vertex(0, 1, 1), Vertex(1, 2, 3)]
Key: com.catan.model.RoundedPoint2D@22bc91, Value: [Vertex(1, 1, 4), Vertex(0, 1, 2)]
Key: com.catan.model.RoundedPoint2D@225ed1, Value: [Vertex(0, -1, 2)]
Key: com.catan.model.RoundedPoint2D@227e11, Value: [Vertex(0, -1, 1)]
Key: com.catan.model.RoundedPoint2D@11ec62, Value: [Vertex(-1, -2, 5)]
Key: com.catan.model.RoundedPoint2D@11cd22, Value: [Vertex(-1, -2, 4)]
Key: com.catan.model.RoundedPoint2D@1935e1, Value: [Vertex(0, 2, 5)]
Key: com.catan.model.RoundedPoint2D@1916a1, Value: [Vertex(0, 2, 4)]
Key: com.catan.model.RoundedPoint2D@294a90, Value: [Vertex(1, 1, 2)]
Key: com.catan.model.RoundedPoint2D@2969d0, Value: [Vertex(1, 1, 1)]
Key: com.catan.model.RoundedPoint2D@18d821, Value: [Vertex(0, 0, 5)]
Key: com.catan.model.RoundedPoint2D@18b8e1, Value: [Vertex(0, 0, 4)]
Key: com.catan.model.RoundedPoint2D@185b21, Value: [Vertex(-1, -2, 2), Vertex(0, -2, 4)]
Key: com.catan.model.RoundedPoint2D@187a61, Value: [Vertex(-1, -2, 1), Vertex(0, -2, 5)]
Key: com.catan.model.RoundedPoint2D@15a0d1, Value: [Vertex(-2, 1, 2)]
Key: com.catan.model.RoundedPoint2D@15c011, Value: [Vertex(-2, 1, 1)]
Key: com.catan.model.RoundedPoint2D@150491, Value: [Vertex(-1, -2, 3)]
Key: com.catan.model.RoundedPoint2D@154311, Value: [Vertex(-1, -2, 0)]
Key: com.catan.model.RoundedPoint2D@f12d2, Value: [Vertex(-2, 1, 4)]
Key: com.catan.model.RoundedPoint2D@1fc3c1, Value: [Vertex(1, 2, 5), Vertex(0, 2, 1)]
Key: com.catan.model.RoundedPoint2D@1fa481, Value: [Vertex(0, 1, 0), Vertex(1, 2, 4), Vertex(0, 2, 2)]
Key: com.catan.model.RoundedPoint2D@1f6601, Value: [Vertex(0, 0, 1), Vertex(0, 1, 3)]
Key: com.catan.model.RoundedPoint2D@1f0841, Value: [Vertex(0, -1, 3), Vertex(0, -2, 1)]
Key: com.catan.model.RoundedPoint2D@1f46c1, Value: [Vertex(0, -1, 0), Vertex(0, 0, 2)]
Key: com.catan.model.RoundedPoint2D@1ee901, Value: [Vertex(0, -2, 2)]
Key: com.catan.model.RoundedPoint2D@25f400, Value: [Vertex(1, 1, 3)]
Key: com.catan.model.RoundedPoint2D@2651c0, Value: [Vertex(1, 2, 1)]
Key: com.catan.model.RoundedPoint2D@263280, Value: [Vertex(1, 1, 0), Vertex(1, 2, 2)]
Key: com.catan.model.RoundedPoint2D@1b9271, Value: [Vertex(0, -2, 3)]
Key: com.catan.model.RoundedPoint2D@1bf031, Value: [Vertex(0, -1, 5), Vertex(0, 0, 3)]
Key: com.catan.model.RoundedPoint2D@1bd0f1, Value: [Vertex(0, -1, 4), Vertex(0, -2, 0)]
Key: com.catan.model.RoundedPoint2D@1c8c71, Value: [Vertex(0, 2, 0)]
Key: com.catan.model.RoundedPoint2D@1c4df1, Value: [Vertex(0, 1, 5), Vertex(0, 2, 3)]
Key: com.catan.model.RoundedPoint2D@1c2eb1, Value: [Vertex(0, 0, 0), Vertex(0, 1, 4)]
Key: com.catan.model.RoundedPoint2D@124a22, Value: [Vertex(-2, 1, 3)]
Key: com.catan.model.RoundedPoint2D@1288a2, Value: [Vertex(-2, 1, 0)]
Key: com.catan.model.RoundedPoint2D@231a51, Value: [Vertex(1, 2, 0)]
Key: com.catan.model.RoundedPoint2D@22dbd1, Value: [Vertex(1, 1, 5), Vertex(0, 1, 1), Vertex(1, 2, 3)]
Key: com.catan.model.RoundedPoint2D@22bc91, Value: [Vertex(1, 1, 4), Vertex(0, 1, 2)]
Key: com.catan.model.RoundedPoint2D@225ed1, Value: [Vertex(0, -1, 2)]
Key: com.catan.model.RoundedPoint2D@227e11, Value: [Vertex(0, -1, 1)]
Key: com.catan.model.RoundedPoint2D@11ec62, Value: [Vertex(-1, -2, 5)]
Key: com.catan.model.RoundedPoint2D@11cd22, Value: [Vertex(-1, -2, 4)]
Key: com.catan.model.RoundedPoint2D@1935e1, Value: [Vertex(0, 2, 5)]
Key: com.catan.model.RoundedPoint2D@1916a1, Value: [Vertex(0, 2, 4)]
Key: com.catan.model.RoundedPoint2D@294a90, Value: [Vertex(1, 1, 2)]
Key: com.catan.model.RoundedPoint2D@2969d0, Value: [Vertex(1, 1, 1)]
Key: com.catan.model.RoundedPoint2D@18d821, Value: [Vertex(0, 0, 5)]
Key: com.catan.model.RoundedPoint2D@18b8e1, Value: [Vertex(0, 0, 4)]
Key: com.catan.model.RoundedPoint2D@185b21, Value: [Vertex(-1, -2, 2), Vertex(0, -2, 4)]
Key: com.catan.model.RoundedPoint2D@187a61, Value: [Vertex(-1, -2, 1), Vertex(0, -2, 5)]
Key: com.catan.model.RoundedPoint2D@15a0d1, Value: [Vertex(-2, 1, 2)]
Key: com.catan.model.RoundedPoint2D@15c011, Value: [Vertex(-2, 1, 1)]
Key: com.catan.model.RoundedPoint2D@150491, Value: [Vertex(-1, -2, 3)]
Key: com.catan.model.RoundedPoint2D@154311, Value: [Vertex(-1, -2, 0)]
Key: com.catan.model.RoundedPoint2D@f3212, Value: [Vertex(-2, 1, 5)]
Key: com.catan.model.RoundedPoint2D@f12d2, Value: [Vertex(-2, 1, 4)]
Key: com.catan.model.RoundedPoint2D@1fc3c1, Value: [Vertex(1, 2, 5), Vertex(0, 2, 1)]
Key: com.catan.model.RoundedPoint2D@1fa481, Value: [Vertex(0, 1, 0), Vertex(1, 2, 4), Vertex(0, 2, 2)]
Key: com.catan.model.RoundedPoint2D@1f6601, Value: [Vertex(0, 0, 1), Vertex(0, 1, 3)]
Key: com.catan.model.RoundedPoint2D@1f0841, Value: [Vertex(0, -1, 3), Vertex(0, -2, 1)]
Key: com.catan.model.RoundedPoint2D@1f46c1, Value: [Vertex(0, -1, 0), Vertex(0, 0, 2)]
Key: com.catan.model.RoundedPoint2D@1ee901, Value: [Vertex(0, -2, 2)]
Key: com.catan.model.RoundedPoint2D@25f400, Value: [Vertex(1, 1, 3)]
Key: com.catan.model.RoundedPoint2D@2651c0, Value: [Vertex(1, 2, 1)]
Key: com.catan.model.RoundedPoint2D@263280, Value: [Vertex(1, 1, 0), Vertex(1, 2, 2)]
Key: com.catan.model.RoundedPoint2D@1b9271, Value: [Vertex(0, -2, 3)]
Key: com.catan.model.RoundedPoint2D@1bf031, Value: [Vertex(0, -1, 5), Vertex(0, 0, 3)]
Key: com.catan.model.RoundedPoint2D@1bd0f1, Value: [Vertex(0, -1, 4), Vertex(0, -2, 0)]
Key: com.catan.model.RoundedPoint2D@1c8c71, Value: [Vertex(0, 2, 0)]
Key: com.catan.model.RoundedPoint2D@1c4df1, Value: [Vertex(0, 1, 5), Vertex(0, 2, 3)]
Key: com.catan.model.RoundedPoint2D@1c2eb1, Value: [Vertex(0, 0, 0), Vertex(0, 1, 4)]
Key: com.catan.model.RoundedPoint2D@124a22, Value: [Vertex(-2, 1, 3)]
Key: com.catan.model.RoundedPoint2D@1288a2, Value: [Vertex(-2, 1, 0)]
Key: com.catan.model.RoundedPoint2D@231a51, Value: [Vertex(1, 2, 0)]
Key: com.catan.model.RoundedPoint2D@22dbd1, Value: [Vertex(1, 1, 5), Vertex(0, 1, 1), Vertex(1, 2, 3)]
Key: com.catan.model.RoundedPoint2D@22bc91, Value: [Vertex(1, 1, 4), Vertex(0, 1, 2)]
Key: com.catan.model.RoundedPoint2D@225ed1, Value: [Vertex(0, -1, 2)]
Key: com.catan.model.RoundedPoint2D@227e11, Value: [Vertex(0, -1, 1)]
Key: com.catan.model.RoundedPoint2D@11ec62, Value: [Vertex(-1, -2, 5)]
Key: com.catan.model.RoundedPoint2D@11cd22, Value: [Vertex(-1, -2, 4)]
Key: com.catan.model.RoundedPoint2D@1935e1, Value: [Vertex(0, 2, 5)]
Key: com.catan.model.RoundedPoint2D@1916a1, Value: [Vertex(0, 2, 4)]
Key: com.catan.model.RoundedPoint2D@294a90, Value: [Vertex(1, 1, 2)]
Key: com.catan.model.RoundedPoint2D@2969d0, Value: [Vertex(1, 1, 1)]
Key: com.catan.model.RoundedPoint2D@18d821, Value: [Vertex(0, 0, 5)]
Key: com.catan.model.RoundedPoint2D@18b8e1, Value: [Vertex(0, 0, 4)]
Key: com.catan.model.RoundedPoint2D@185b21, Value: [Vertex(-1, -2, 2), Vertex(0, -2, 4)]
Key: com.catan.model.RoundedPoint2D@187a61, Value: [Vertex(-1, -2, 1), Vertex(0, -2, 5)]
Key: com.catan.model.RoundedPoint2D@15fe91, Value: [Vertex(-1, 2, 0)]
Key: com.catan.model.RoundedPoint2D@15a0d1, Value: [Vertex(-2, 1, 2)]
Key: com.catan.model.RoundedPoint2D@15c011, Value: [Vertex(-2, 1, 1)]
Key: com.catan.model.RoundedPoint2D@150491, Value: [Vertex(-1, -2, 3)]
Key: com.catan.model.RoundedPoint2D@154311, Value: [Vertex(-1, -2, 0)]
Key: com.catan.model.RoundedPoint2D@f3212, Value: [Vertex(-2, 1, 5)]
Key: com.catan.model.RoundedPoint2D@f12d2, Value: [Vertex(-2, 1, 4)]
Key: com.catan.model.RoundedPoint2D@1fc3c1, Value: [Vertex(1, 2, 5), Vertex(0, 2, 1)]
Key: com.catan.model.RoundedPoint2D@1fa481, Value: [Vertex(0, 1, 0), Vertex(1, 2, 4), Vertex(0, 2, 2)]
Key: com.catan.model.RoundedPoint2D@1f6601, Value: [Vertex(0, 0, 1), Vertex(0, 1, 3)]
Key: com.catan.model.RoundedPoint2D@1f0841, Value: [Vertex(0, -1, 3), Vertex(0, -2, 1)]
Key: com.catan.model.RoundedPoint2D@1f46c1, Value: [Vertex(0, -1, 0), Vertex(0, 0, 2)]
Key: com.catan.model.RoundedPoint2D@1ee901, Value: [Vertex(0, -2, 2)]
Key: com.catan.model.RoundedPoint2D@25f400, Value: [Vertex(1, 1, 3)]
Key: com.catan.model.RoundedPoint2D@2651c0, Value: [Vertex(1, 2, 1)]
Key: com.catan.model.RoundedPoint2D@263280, Value: [Vertex(1, 1, 0), Vertex(1, 2, 2)]
Key: com.catan.model.RoundedPoint2D@1b9271, Value: [Vertex(0, -2, 3)]
Key: com.catan.model.RoundedPoint2D@1bf031, Value: [Vertex(0, -1, 5), Vertex(0, 0, 3)]
Key: com.catan.model.RoundedPoint2D@1bd0f1, Value: [Vertex(0, -1, 4), Vertex(0, -2, 0)]
Key: com.catan.model.RoundedPoint2D@1c8c71, Value: [Vertex(0, 2, 0)]
Key: com.catan.model.RoundedPoint2D@1c4df1, Value: [Vertex(0, 1, 5), Vertex(0, 2, 3)]
Key: com.catan.model.RoundedPoint2D@1c2eb1, Value: [Vertex(0, 0, 0), Vertex(0, 1, 4)]
Key: com.catan.model.RoundedPoint2D@124a22, Value: [Vertex(-2, 1, 3)]
Key: com.catan.model.RoundedPoint2D@1288a2, Value: [Vertex(-2, 1, 0)]
Key: com.catan.model.RoundedPoint2D@231a51, Value: [Vertex(1, 2, 0)]
Key: com.catan.model.RoundedPoint2D@22dbd1, Value: [Vertex(1, 1, 5), Vertex(0, 1, 1), Vertex(1, 2, 3)]
Key: com.catan.model.RoundedPoint2D@22bc91, Value: [Vertex(1, 1, 4), Vertex(0, 1, 2)]
Key: com.catan.model.RoundedPoint2D@225ed1, Value: [Vertex(0, -1, 2)]
Key: com.catan.model.RoundedPoint2D@227e11, Value: [Vertex(0, -1, 1)]
Key: com.catan.model.RoundedPoint2D@11ec62, Value: [Vertex(-1, -2, 5)]
Key: com.catan.model.RoundedPoint2D@11cd22, Value: [Vertex(-1, -2, 4)]
Key: com.catan.model.RoundedPoint2D@1935e1, Value: [Vertex(0, 2, 5)]
Key: com.catan.model.RoundedPoint2D@1916a1, Value: [Vertex(0, 2, 4)]
Key: com.catan.model.RoundedPoint2D@294a90, Value: [Vertex(1, 1, 2)]
Key: com.catan.model.RoundedPoint2D@2969d0, Value: [Vertex(1, 1, 1)]
Key: com.catan.model.RoundedPoint2D@18d821, Value: [Vertex(0, 0, 5)]
Key: com.catan.model.RoundedPoint2D@18b8e1, Value: [Vertex(0, 0, 4)]
Key: com.catan.model.RoundedPoint2D@185b21, Value: [Vertex(-1, -2, 2), Vertex(0, -2, 4)]
Key: com.catan.model.RoundedPoint2D@187a61, Value: [Vertex(-1, -2, 1), Vertex(0, -2, 5)]
Key: com.catan.model.RoundedPoint2D@15fe91, Value: [Vertex(-1, 2, 0)]
Key: com.catan.model.RoundedPoint2D@15a0d1, Value: [Vertex(-2, 1, 2)]
Key: com.catan.model.RoundedPoint2D@15c011, Value: [Vertex(-2, 1, 1)]
Key: com.catan.model.RoundedPoint2D@150491, Value: [Vertex(-1, -2, 3)]
Key: com.catan.model.RoundedPoint2D@154311, Value: [Vertex(-1, -2, 0)]
Key: com.catan.model.RoundedPoint2D@f3212, Value: [Vertex(-2, 1, 5)]
Key: com.catan.model.RoundedPoint2D@f12d2, Value: [Vertex(-2, 1, 4)]
Key: com.catan.model.RoundedPoint2D@1fc3c1, Value: [Vertex(1, 2, 5), Vertex(0, 2, 1)]
Key: com.catan.model.RoundedPoint2D@1fa481, Value: [Vertex(0, 1, 0), Vertex(1, 2, 4), Vertex(0, 2, 2)]
Key: com.catan.model.RoundedPoint2D@1f6601, Value: [Vertex(0, 0, 1), Vertex(0, 1, 3)]
Key: com.catan.model.RoundedPoint2D@1f0841, Value: [Vertex(0, -1, 3), Vertex(0, -2, 1)]
Key: com.catan.model.RoundedPoint2D@1f46c1, Value: [Vertex(0, -1, 0), Vertex(0, 0, 2)]
Key: com.catan.model.RoundedPoint2D@1ee901, Value: [Vertex(0, -2, 2)]
Key: com.catan.model.RoundedPoint2D@25f400, Value: [Vertex(1, 1, 3)]
Key: com.catan.model.RoundedPoint2D@2651c0, Value: [Vertex(1, 2, 1)]
Key: com.catan.model.RoundedPoint2D@263280, Value: [Vertex(1, 1, 0), Vertex(1, 2, 2)]
Key: com.catan.model.RoundedPoint2D@1b9271, Value: [Vertex(0, -2, 3)]
Key: com.catan.model.RoundedPoint2D@1bf031, Value: [Vertex(0, -1, 5), Vertex(0, 0, 3)]
Key: com.catan.model.RoundedPoint2D@1bd0f1, Value: [Vertex(0, -1, 4), Vertex(0, -2, 0)]
Key: com.catan.model.RoundedPoint2D@1c8c71, Value: [Vertex(0, 2, 0)]
Key: com.catan.model.RoundedPoint2D@1c4df1, Value: [Vertex(0, 1, 5), Vertex(0, 2, 3)]
Key: com.catan.model.RoundedPoint2D@1c2eb1, Value: [Vertex(0, 0, 0), Vertex(0, 1, 4)]
Key: com.catan.model.RoundedPoint2D@124a22, Value: [Vertex(-2, 1, 3)]
Key: com.catan.model.RoundedPoint2D@1288a2, Value: [Vertex(-2, 1, 0)]
Key: com.catan.model.RoundedPoint2D@231a51, Value: [Vertex(1, 2, 0)]
Key: com.catan.model.RoundedPoint2D@22dbd1, Value: [Vertex(1, 1, 5), Vertex(0, 1, 1), Vertex(1, 2, 3)]
Key: com.catan.model.RoundedPoint2D@22bc91, Value: [Vertex(1, 1, 4), Vertex(0, 1, 2)]
Key: com.catan.model.RoundedPoint2D@225ed1, Value: [Vertex(0, -1, 2)]
Key: com.catan.model.RoundedPoint2D@227e11, Value: [Vertex(0, -1, 1)]
Key: com.catan.model.RoundedPoint2D@11ec62, Value: [Vertex(-1, -2, 5)]
Key: com.catan.model.RoundedPoint2D@11cd22, Value: [Vertex(-1, -2, 4)]
Key: com.catan.model.RoundedPoint2D@1935e1, Value: [Vertex(0, 2, 5), Vertex(-1, 2, 1)]
Key: com.catan.model.RoundedPoint2D@1916a1, Value: [Vertex(0, 2, 4)]
Key: com.catan.model.RoundedPoint2D@294a90, Value: [Vertex(1, 1, 2)]
Key: com.catan.model.RoundedPoint2D@2969d0, Value: [Vertex(1, 1, 1)]
Key: com.catan.model.RoundedPoint2D@18d821, Value: [Vertex(0, 0, 5)]
Key: com.catan.model.RoundedPoint2D@18b8e1, Value: [Vertex(0, 0, 4)]
Key: com.catan.model.RoundedPoint2D@185b21, Value: [Vertex(-1, -2, 2), Vertex(0, -2, 4)]
Key: com.catan.model.RoundedPoint2D@187a61, Value: [Vertex(-1, -2, 1), Vertex(0, -2, 5)]
Key: com.catan.model.RoundedPoint2D@15fe91, Value: [Vertex(-1, 2, 0)]
Key: com.catan.model.RoundedPoint2D@15a0d1, Value: [Vertex(-2, 1, 2)]
Key: com.catan.model.RoundedPoint2D@15c011, Value: [Vertex(-2, 1, 1)]
Key: com.catan.model.RoundedPoint2D@150491, Value: [Vertex(-1, -2, 3)]
Key: com.catan.model.RoundedPoint2D@154311, Value: [Vertex(-1, -2, 0)]
Key: com.catan.model.RoundedPoint2D@f3212, Value: [Vertex(-2, 1, 5)]
Key: com.catan.model.RoundedPoint2D@f12d2, Value: [Vertex(-2, 1, 4)]
Key: com.catan.model.RoundedPoint2D@1fc3c1, Value: [Vertex(1, 2, 5), Vertex(0, 2, 1)]
Key: com.catan.model.RoundedPoint2D@1fa481, Value: [Vertex(0, 1, 0), Vertex(1, 2, 4), Vertex(0, 2, 2)]
Key: com.catan.model.RoundedPoint2D@1f6601, Value: [Vertex(0, 0, 1), Vertex(0, 1, 3)]
Key: com.catan.model.RoundedPoint2D@1f0841, Value: [Vertex(0, -1, 3), Vertex(0, -2, 1)]
Key: com.catan.model.RoundedPoint2D@1f46c1, Value: [Vertex(0, -1, 0), Vertex(0, 0, 2)]
Key: com.catan.model.RoundedPoint2D@1ee901, Value: [Vertex(0, -2, 2)]
Key: com.catan.model.RoundedPoint2D@25f400, Value: [Vertex(1, 1, 3)]
Key: com.catan.model.RoundedPoint2D@2651c0, Value: [Vertex(1, 2, 1)]
Key: com.catan.model.RoundedPoint2D@263280, Value: [Vertex(1, 1, 0), Vertex(1, 2, 2)]
Key: com.catan.model.RoundedPoint2D@1b9271, Value: [Vertex(0, -2, 3)]
Key: com.catan.model.RoundedPoint2D@1bf031, Value: [Vertex(0, -1, 5), Vertex(0, 0, 3)]
Key: com.catan.model.RoundedPoint2D@1bd0f1, Value: [Vertex(0, -1, 4), Vertex(0, -2, 0)]
Key: com.catan.model.RoundedPoint2D@1c8c71, Value: [Vertex(0, 2, 0)]
Key: com.catan.model.RoundedPoint2D@1c4df1, Value: [Vertex(0, 1, 5), Vertex(0, 2, 3)]
Key: com.catan.model.RoundedPoint2D@1c2eb1, Value: [Vertex(0, 0, 0), Vertex(0, 1, 4)]
Key: com.catan.model.RoundedPoint2D@124a22, Value: [Vertex(-2, 1, 3)]
Key: com.catan.model.RoundedPoint2D@1288a2, Value: [Vertex(-2, 1, 0)]
Key: com.catan.model.RoundedPoint2D@231a51, Value: [Vertex(1, 2, 0)]
Key: com.catan.model.RoundedPoint2D@22dbd1, Value: [Vertex(1, 1, 5), Vertex(0, 1, 1), Vertex(1, 2, 3)]
Key: com.catan.model.RoundedPoint2D@22bc91, Value: [Vertex(1, 1, 4), Vertex(0, 1, 2)]
Key: com.catan.model.RoundedPoint2D@225ed1, Value: [Vertex(0, -1, 2)]
Key: com.catan.model.RoundedPoint2D@227e11, Value: [Vertex(0, -1, 1)]
Key: com.catan.model.RoundedPoint2D@11ec62, Value: [Vertex(-1, -2, 5)]
Key: com.catan.model.RoundedPoint2D@11cd22, Value: [Vertex(-1, -2, 4)]
Key: com.catan.model.RoundedPoint2D@1935e1, Value: [Vertex(0, 2, 5), Vertex(-1, 2, 1)]
Key: com.catan.model.RoundedPoint2D@1916a1, Value: [Vertex(0, 2, 4), Vertex(-1, 2, 2)]
Key: com.catan.model.RoundedPoint2D@294a90, Value: [Vertex(1, 1, 2)]
Key: com.catan.model.RoundedPoint2D@2969d0, Value: [Vertex(1, 1, 1)]
Key: com.catan.model.RoundedPoint2D@18d821, Value: [Vertex(0, 0, 5)]
Key: com.catan.model.RoundedPoint2D@18b8e1, Value: [Vertex(0, 0, 4)]
Key: com.catan.model.RoundedPoint2D@185b21, Value: [Vertex(-1, -2, 2), Vertex(0, -2, 4)]
Key: com.catan.model.RoundedPoint2D@187a61, Value: [Vertex(-1, -2, 1), Vertex(0, -2, 5)]
Key: com.catan.model.RoundedPoint2D@15fe91, Value: [Vertex(-1, 2, 0)]
Key: com.catan.model.RoundedPoint2D@15a0d1, Value: [Vertex(-2, 1, 2)]
Key: com.catan.model.RoundedPoint2D@15c011, Value: [Vertex(-2, 1, 1), Vertex(-1, 2, 3)]
Key: com.catan.model.RoundedPoint2D@150491, Value: [Vertex(-1, -2, 3)]
Key: com.catan.model.RoundedPoint2D@154311, Value: [Vertex(-1, -2, 0)]
Key: com.catan.model.RoundedPoint2D@f3212, Value: [Vertex(-2, 1, 5)]
Key: com.catan.model.RoundedPoint2D@f12d2, Value: [Vertex(-2, 1, 4)]
Key: com.catan.model.RoundedPoint2D@1fc3c1, Value: [Vertex(1, 2, 5), Vertex(0, 2, 1)]
Key: com.catan.model.RoundedPoint2D@1fa481, Value: [Vertex(0, 1, 0), Vertex(1, 2, 4), Vertex(0, 2, 2)]
Key: com.catan.model.RoundedPoint2D@1f6601, Value: [Vertex(0, 0, 1), Vertex(0, 1, 3)]
Key: com.catan.model.RoundedPoint2D@1f0841, Value: [Vertex(0, -1, 3), Vertex(0, -2, 1)]
Key: com.catan.model.RoundedPoint2D@1f46c1, Value: [Vertex(0, -1, 0), Vertex(0, 0, 2)]
Key: com.catan.model.RoundedPoint2D@1ee901, Value: [Vertex(0, -2, 2)]
Key: com.catan.model.RoundedPoint2D@25f400, Value: [Vertex(1, 1, 3)]
Key: com.catan.model.RoundedPoint2D@2651c0, Value: [Vertex(1, 2, 1)]
Key: com.catan.model.RoundedPoint2D@263280, Value: [Vertex(1, 1, 0), Vertex(1, 2, 2)]
Key: com.catan.model.RoundedPoint2D@1b9271, Value: [Vertex(0, -2, 3)]
Key: com.catan.model.RoundedPoint2D@1bf031, Value: [Vertex(0, -1, 5), Vertex(0, 0, 3)]
Key: com.catan.model.RoundedPoint2D@1bd0f1, Value: [Vertex(0, -1, 4), Vertex(0, -2, 0)]
Key: com.catan.model.RoundedPoint2D@1c8c71, Value: [Vertex(0, 2, 0)]
Key: com.catan.model.RoundedPoint2D@1c4df1, Value: [Vertex(0, 1, 5), Vertex(0, 2, 3)]
Key: com.catan.model.RoundedPoint2D@1c2eb1, Value: [Vertex(0, 0, 0), Vertex(0, 1, 4)]
Key: com.catan.model.RoundedPoint2D@124a22, Value: [Vertex(-2, 1, 3)]
Key: com.catan.model.RoundedPoint2D@1288a2, Value: [Vertex(-2, 1, 0)]
Key: com.catan.model.RoundedPoint2D@231a51, Value: [Vertex(1, 2, 0)]
Key: com.catan.model.RoundedPoint2D@22dbd1, Value: [Vertex(1, 1, 5), Vertex(0, 1, 1), Vertex(1, 2, 3)]
Key: com.catan.model.RoundedPoint2D@22bc91, Value: [Vertex(1, 1, 4), Vertex(0, 1, 2)]
Key: com.catan.model.RoundedPoint2D@225ed1, Value: [Vertex(0, -1, 2)]
Key: com.catan.model.RoundedPoint2D@227e11, Value: [Vertex(0, -1, 1)]
Key: com.catan.model.RoundedPoint2D@11ec62, Value: [Vertex(-1, -2, 5)]
Key: com.catan.model.RoundedPoint2D@11cd22, Value: [Vertex(-1, -2, 4)]
Key: com.catan.model.RoundedPoint2D@1935e1, Value: [Vertex(0, 2, 5), Vertex(-1, 2, 1)]
Key: com.catan.model.RoundedPoint2D@1916a1, Value: [Vertex(0, 2, 4), Vertex(-1, 2, 2)]
Key: com.catan.model.RoundedPoint2D@294a90, Value: [Vertex(1, 1, 2)]
Key: com.catan.model.RoundedPoint2D@2969d0, Value: [Vertex(1, 1, 1)]
Key: com.catan.model.RoundedPoint2D@18d821, Value: [Vertex(0, 0, 5)]
Key: com.catan.model.RoundedPoint2D@18b8e1, Value: [Vertex(0, 0, 4)]
Key: com.catan.model.RoundedPoint2D@185b21, Value: [Vertex(-1, -2, 2), Vertex(0, -2, 4)]
Key: com.catan.model.RoundedPoint2D@187a61, Value: [Vertex(-1, -2, 1), Vertex(0, -2, 5)]
Key: com.catan.model.RoundedPoint2D@15fe91, Value: [Vertex(-1, 2, 0)]
Key: com.catan.model.RoundedPoint2D@15a0d1, Value: [Vertex(-2, 1, 2)]
Key: com.catan.model.RoundedPoint2D@15c011, Value: [Vertex(-2, 1, 1), Vertex(-1, 2, 3)]
Key: com.catan.model.RoundedPoint2D@150491, Value: [Vertex(-1, -2, 3)]
Key: com.catan.model.RoundedPoint2D@154311, Value: [Vertex(-1, -2, 0)]
Key: com.catan.model.RoundedPoint2D@f3212, Value: [Vertex(-2, 1, 5)]
Key: com.catan.model.RoundedPoint2D@f12d2, Value: [Vertex(-2, 1, 4)]
Key: com.catan.model.RoundedPoint2D@1fc3c1, Value: [Vertex(1, 2, 5), Vertex(0, 2, 1)]
Key: com.catan.model.RoundedPoint2D@1fa481, Value: [Vertex(0, 1, 0), Vertex(1, 2, 4), Vertex(0, 2, 2)]
Key: com.catan.model.RoundedPoint2D@1f6601, Value: [Vertex(0, 0, 1), Vertex(0, 1, 3)]
Key: com.catan.model.RoundedPoint2D@1f0841, Value: [Vertex(0, -1, 3), Vertex(0, -2, 1)]
Key: com.catan.model.RoundedPoint2D@1f46c1, Value: [Vertex(0, -1, 0), Vertex(0, 0, 2)]
Key: com.catan.model.RoundedPoint2D@1ee901, Value: [Vertex(0, -2, 2)]
Key: com.catan.model.RoundedPoint2D@25f400, Value: [Vertex(1, 1, 3)]
Key: com.catan.model.RoundedPoint2D@2651c0, Value: [Vertex(1, 2, 1)]
Key: com.catan.model.RoundedPoint2D@263280, Value: [Vertex(1, 1, 0), Vertex(1, 2, 2)]
Key: com.catan.model.RoundedPoint2D@1b9271, Value: [Vertex(0, -2, 3)]
Key: com.catan.model.RoundedPoint2D@1bf031, Value: [Vertex(0, -1, 5), Vertex(0, 0, 3)]
Key: com.catan.model.RoundedPoint2D@1bd0f1, Value: [Vertex(0, -1, 4), Vertex(0, -2, 0)]
Key: com.catan.model.RoundedPoint2D@1c8c71, Value: [Vertex(0, 2, 0)]
Key: com.catan.model.RoundedPoint2D@1c4df1, Value: [Vertex(0, 1, 5), Vertex(0, 2, 3)]
Key: com.catan.model.RoundedPoint2D@1c2eb1, Value: [Vertex(0, 0, 0), Vertex(0, 1, 4)]
Key: com.catan.model.RoundedPoint2D@124a22, Value: [Vertex(-2, 1, 3)]
Key: com.catan.model.RoundedPoint2D@1288a2, Value: [Vertex(-2, 1, 0), Vertex(-1, 2, 4)]
Key: com.catan.model.RoundedPoint2D@231a51, Value: [Vertex(1, 2, 0)]
Key: com.catan.model.RoundedPoint2D@22dbd1, Value: [Vertex(1, 1, 5), Vertex(0, 1, 1), Vertex(1, 2, 3)]
Key: com.catan.model.RoundedPoint2D@22bc91, Value: [Vertex(1, 1, 4), Vertex(0, 1, 2)]
Key: com.catan.model.RoundedPoint2D@225ed1, Value: [Vertex(0, -1, 2)]
Key: com.catan.model.RoundedPoint2D@227e11, Value: [Vertex(0, -1, 1)]
Key: com.catan.model.RoundedPoint2D@11ec62, Value: [Vertex(-1, -2, 5)]
Key: com.catan.model.RoundedPoint2D@11cd22, Value: [Vertex(-1, -2, 4)]
Key: com.catan.model.RoundedPoint2D@1935e1, Value: [Vertex(0, 2, 5), Vertex(-1, 2, 1)]
Key: com.catan.model.RoundedPoint2D@1916a1, Value: [Vertex(0, 2, 4), Vertex(-1, 2, 2)]
Key: com.catan.model.RoundedPoint2D@294a90, Value: [Vertex(1, 1, 2)]
Key: com.catan.model.RoundedPoint2D@2969d0, Value: [Vertex(1, 1, 1)]
Key: com.catan.model.RoundedPoint2D@18d821, Value: [Vertex(0, 0, 5)]
Key: com.catan.model.RoundedPoint2D@18b8e1, Value: [Vertex(0, 0, 4)]
Key: com.catan.model.RoundedPoint2D@185b21, Value: [Vertex(-1, -2, 2), Vertex(0, -2, 4)]
Key: com.catan.model.RoundedPoint2D@187a61, Value: [Vertex(-1, -2, 1), Vertex(0, -2, 5)]
Key: com.catan.model.RoundedPoint2D@15fe91, Value: [Vertex(-1, 2, 0)]
Key: com.catan.model.RoundedPoint2D@15a0d1, Value: [Vertex(-2, 1, 2)]
Key: com.catan.model.RoundedPoint2D@15c011, Value: [Vertex(-2, 1, 1), Vertex(-1, 2, 3)]
Key: com.catan.model.RoundedPoint2D@150491, Value: [Vertex(-1, -2, 3)]
Key: com.catan.model.RoundedPoint2D@154311, Value: [Vertex(-1, -2, 0)]
Key: com.catan.model.RoundedPoint2D@f3212, Value: [Vertex(-2, 1, 5)]
Key: com.catan.model.RoundedPoint2D@f12d2, Value: [Vertex(-2, 1, 4)]
Key: com.catan.model.RoundedPoint2D@1fc3c1, Value: [Vertex(1, 2, 5), Vertex(0, 2, 1)]
Key: com.catan.model.RoundedPoint2D@1fa481, Value: [Vertex(0, 1, 0), Vertex(1, 2, 4), Vertex(0, 2, 2)]
Key: com.catan.model.RoundedPoint2D@1f6601, Value: [Vertex(0, 0, 1), Vertex(0, 1, 3)]
Key: com.catan.model.RoundedPoint2D@1f0841, Value: [Vertex(0, -1, 3), Vertex(0, -2, 1)]
Key: com.catan.model.RoundedPoint2D@1f46c1, Value: [Vertex(0, -1, 0), Vertex(0, 0, 2)]
Key: com.catan.model.RoundedPoint2D@1ee901, Value: [Vertex(0, -2, 2)]
Key: com.catan.model.RoundedPoint2D@25f400, Value: [Vertex(1, 1, 3)]
Key: com.catan.model.RoundedPoint2D@2651c0, Value: [Vertex(1, 2, 1)]
Key: com.catan.model.RoundedPoint2D@263280, Value: [Vertex(1, 1, 0), Vertex(1, 2, 2)]
Key: com.catan.model.RoundedPoint2D@1b9271, Value: [Vertex(0, -2, 3)]
Key: com.catan.model.RoundedPoint2D@1bf031, Value: [Vertex(0, -1, 5), Vertex(0, 0, 3)]
Key: com.catan.model.RoundedPoint2D@1bd0f1, Value: [Vertex(0, -1, 4), Vertex(0, -2, 0)]
Key: com.catan.model.RoundedPoint2D@1c8c71, Value: [Vertex(0, 2, 0)]
Key: com.catan.model.RoundedPoint2D@1c4df1, Value: [Vertex(0, 1, 5), Vertex(0, 2, 3)]
Key: com.catan.model.RoundedPoint2D@1c2eb1, Value: [Vertex(0, 0, 0), Vertex(0, 1, 4)]
Key: com.catan.model.RoundedPoint2D@12a7e2, Value: [Vertex(-1, 2, 5)]
Key: com.catan.model.RoundedPoint2D@124a22, Value: [Vertex(-2, 1, 3)]
Key: com.catan.model.RoundedPoint2D@1288a2, Value: [Vertex(-2, 1, 0), Vertex(-1, 2, 4)]
Key: com.catan.model.RoundedPoint2D@231a51, Value: [Vertex(1, 2, 0)]
Key: com.catan.model.RoundedPoint2D@22dbd1, Value: [Vertex(1, 1, 5), Vertex(0, 1, 1), Vertex(1, 2, 3)]
Key: com.catan.model.RoundedPoint2D@22bc91, Value: [Vertex(1, 1, 4), Vertex(0, 1, 2)]
Key: com.catan.model.RoundedPoint2D@225ed1, Value: [Vertex(0, -1, 2)]
Key: com.catan.model.RoundedPoint2D@227e11, Value: [Vertex(0, -1, 1)]
Key: com.catan.model.RoundedPoint2D@11ec62, Value: [Vertex(-1, -2, 5)]
Key: com.catan.model.RoundedPoint2D@11cd22, Value: [Vertex(-1, -2, 4)]
Key: com.catan.model.RoundedPoint2D@1935e1, Value: [Vertex(0, 2, 5), Vertex(-1, 2, 1)]
Key: com.catan.model.RoundedPoint2D@1916a1, Value: [Vertex(0, 2, 4), Vertex(-1, 2, 2)]
Key: com.catan.model.RoundedPoint2D@294a90, Value: [Vertex(1, 1, 2)]
Key: com.catan.model.RoundedPoint2D@2969d0, Value: [Vertex(1, 1, 1)]
Key: com.catan.model.RoundedPoint2D@18d821, Value: [Vertex(0, 0, 5)]
Key: com.catan.model.RoundedPoint2D@18b8e1, Value: [Vertex(0, 0, 4)]
Key: com.catan.model.RoundedPoint2D@185b21, Value: [Vertex(-1, -2, 2), Vertex(0, -2, 4)]
Key: com.catan.model.RoundedPoint2D@187a61, Value: [Vertex(-1, -2, 1), Vertex(0, -2, 5)]
Key: com.catan.model.RoundedPoint2D@15fe91, Value: [Vertex(-1, 2, 0)]
Key: com.catan.model.RoundedPoint2D@15a0d1, Value: [Vertex(-2, 1, 2)]
Key: com.catan.model.RoundedPoint2D@15c011, Value: [Vertex(-2, 1, 1), Vertex(-1, 2, 3)]
Key: com.catan.model.RoundedPoint2D@150491, Value: [Vertex(-1, -2, 3)]
Key: com.catan.model.RoundedPoint2D@154311, Value: [Vertex(-1, -2, 0)]
Key: com.catan.model.RoundedPoint2D@f3212, Value: [Vertex(-2, 1, 5)]
Key: com.catan.model.RoundedPoint2D@f12d2, Value: [Vertex(-2, 1, 4)]
Key: com.catan.model.RoundedPoint2D@1fc3c1, Value: [Vertex(1, 2, 5), Vertex(0, 2, 1)]
Key: com.catan.model.RoundedPoint2D@1fa481, Value: [Vertex(0, 1, 0), Vertex(1, 2, 4), Vertex(0, 2, 2)]
Key: com.catan.model.RoundedPoint2D@1f6601, Value: [Vertex(0, 0, 1), Vertex(0, 1, 3)]
Key: com.catan.model.RoundedPoint2D@1f0841, Value: [Vertex(0, -1, 3), Vertex(0, -2, 1)]
Key: com.catan.model.RoundedPoint2D@1f46c1, Value: [Vertex(0, -1, 0), Vertex(0, 0, 2)]
Key: com.catan.model.RoundedPoint2D@1ee901, Value: [Vertex(0, -2, 2)]
Key: com.catan.model.RoundedPoint2D@25f400, Value: [Vertex(1, 1, 3)]
Key: com.catan.model.RoundedPoint2D@2651c0, Value: [Vertex(1, 2, 1)]
Key: com.catan.model.RoundedPoint2D@263280, Value: [Vertex(1, 1, 0), Vertex(1, 2, 2)]
Key: com.catan.model.RoundedPoint2D@1b9271, Value: [Vertex(0, -2, 3)]
Key: com.catan.model.RoundedPoint2D@1bf031, Value: [Vertex(0, -1, 5), Vertex(0, 0, 3)]
Key: com.catan.model.RoundedPoint2D@1bd0f1, Value: [Vertex(0, -1, 4), Vertex(0, -2, 0)]
Key: com.catan.model.RoundedPoint2D@1c8c71, Value: [Vertex(0, 2, 0)]
Key: com.catan.model.RoundedPoint2D@1c4df1, Value: [Vertex(0, 1, 5), Vertex(0, 2, 3)]
Key: com.catan.model.RoundedPoint2D@1c2eb1, Value: [Vertex(0, 0, 0), Vertex(0, 1, 4)]
Key: com.catan.model.RoundedPoint2D@12a7e2, Value: [Vertex(-1, 2, 5)]
Key: com.catan.model.RoundedPoint2D@124a22, Value: [Vertex(-2, 1, 3)]
Key: com.catan.model.RoundedPoint2D@1288a2, Value: [Vertex(-2, 1, 0), Vertex(-1, 2, 4)]
Key: com.catan.model.RoundedPoint2D@231a51, Value: [Vertex(1, 2, 0)]
Key: com.catan.model.RoundedPoint2D@22dbd1, Value: [Vertex(1, 1, 5), Vertex(0, 1, 1), Vertex(1, 2, 3)]
Key: com.catan.model.RoundedPoint2D@22bc91, Value: [Vertex(1, 1, 4), Vertex(0, 1, 2)]
Key: com.catan.model.RoundedPoint2D@225ed1, Value: [Vertex(0, -1, 2), Vertex(1, -2, 0)]
Key: com.catan.model.RoundedPoint2D@227e11, Value: [Vertex(0, -1, 1)]
Key: com.catan.model.RoundedPoint2D@11ec62, Value: [Vertex(-1, -2, 5)]
Key: com.catan.model.RoundedPoint2D@11cd22, Value: [Vertex(-1, -2, 4)]
Key: com.catan.model.RoundedPoint2D@1935e1, Value: [Vertex(0, 2, 5), Vertex(-1, 2, 1)]
Key: com.catan.model.RoundedPoint2D@1916a1, Value: [Vertex(0, 2, 4), Vertex(-1, 2, 2)]
Key: com.catan.model.RoundedPoint2D@294a90, Value: [Vertex(1, 1, 2)]
Key: com.catan.model.RoundedPoint2D@2969d0, Value: [Vertex(1, 1, 1)]
Key: com.catan.model.RoundedPoint2D@18d821, Value: [Vertex(0, 0, 5)]
Key: com.catan.model.RoundedPoint2D@18b8e1, Value: [Vertex(0, 0, 4)]
Key: com.catan.model.RoundedPoint2D@185b21, Value: [Vertex(-1, -2, 2), Vertex(0, -2, 4)]
Key: com.catan.model.RoundedPoint2D@187a61, Value: [Vertex(-1, -2, 1), Vertex(0, -2, 5)]
Key: com.catan.model.RoundedPoint2D@15fe91, Value: [Vertex(-1, 2, 0)]
Key: com.catan.model.RoundedPoint2D@15a0d1, Value: [Vertex(-2, 1, 2)]
Key: com.catan.model.RoundedPoint2D@15c011, Value: [Vertex(-2, 1, 1), Vertex(-1, 2, 3)]
Key: com.catan.model.RoundedPoint2D@150491, Value: [Vertex(-1, -2, 3)]
Key: com.catan.model.RoundedPoint2D@154311, Value: [Vertex(-1, -2, 0)]
Key: com.catan.model.RoundedPoint2D@f3212, Value: [Vertex(-2, 1, 5)]
Key: com.catan.model.RoundedPoint2D@f12d2, Value: [Vertex(-2, 1, 4)]
Key: com.catan.model.RoundedPoint2D@1fc3c1, Value: [Vertex(1, 2, 5), Vertex(0, 2, 1)]
Key: com.catan.model.RoundedPoint2D@1fa481, Value: [Vertex(0, 1, 0), Vertex(1, 2, 4), Vertex(0, 2, 2)]
Key: com.catan.model.RoundedPoint2D@1f6601, Value: [Vertex(0, 0, 1), Vertex(0, 1, 3)]
Key: com.catan.model.RoundedPoint2D@1f0841, Value: [Vertex(0, -1, 3), Vertex(0, -2, 1)]
Key: com.catan.model.RoundedPoint2D@1f46c1, Value: [Vertex(0, -1, 0), Vertex(0, 0, 2)]
Key: com.catan.model.RoundedPoint2D@1ee901, Value: [Vertex(0, -2, 2)]
Key: com.catan.model.RoundedPoint2D@259640, Value: [Vertex(1, -2, 1)]
Key: com.catan.model.RoundedPoint2D@25f400, Value: [Vertex(1, 1, 3)]
Key: com.catan.model.RoundedPoint2D@2651c0, Value: [Vertex(1, 2, 1)]
Key: com.catan.model.RoundedPoint2D@263280, Value: [Vertex(1, 1, 0), Vertex(1, 2, 2)]
Key: com.catan.model.RoundedPoint2D@1b9271, Value: [Vertex(0, -2, 3)]
Key: com.catan.model.RoundedPoint2D@1bf031, Value: [Vertex(0, -1, 5), Vertex(0, 0, 3)]
Key: com.catan.model.RoundedPoint2D@1bd0f1, Value: [Vertex(0, -1, 4), Vertex(0, -2, 0)]
Key: com.catan.model.RoundedPoint2D@1c8c71, Value: [Vertex(0, 2, 0)]
Key: com.catan.model.RoundedPoint2D@1c4df1, Value: [Vertex(0, 1, 5), Vertex(0, 2, 3)]
Key: com.catan.model.RoundedPoint2D@1c2eb1, Value: [Vertex(0, 0, 0), Vertex(0, 1, 4)]
Key: com.catan.model.RoundedPoint2D@12a7e2, Value: [Vertex(-1, 2, 5)]
Key: com.catan.model.RoundedPoint2D@124a22, Value: [Vertex(-2, 1, 3)]
Key: com.catan.model.RoundedPoint2D@1288a2, Value: [Vertex(-2, 1, 0), Vertex(-1, 2, 4)]
Key: com.catan.model.RoundedPoint2D@231a51, Value: [Vertex(1, 2, 0)]
Key: com.catan.model.RoundedPoint2D@22dbd1, Value: [Vertex(1, 1, 5), Vertex(0, 1, 1), Vertex(1, 2, 3)]
Key: com.catan.model.RoundedPoint2D@22bc91, Value: [Vertex(1, 1, 4), Vertex(0, 1, 2)]
Key: com.catan.model.RoundedPoint2D@225ed1, Value: [Vertex(0, -1, 2), Vertex(1, -2, 0)]
Key: com.catan.model.RoundedPoint2D@227e11, Value: [Vertex(0, -1, 1)]
Key: com.catan.model.RoundedPoint2D@11ec62, Value: [Vertex(-1, -2, 5)]
Key: com.catan.model.RoundedPoint2D@11cd22, Value: [Vertex(-1, -2, 4)]
Key: com.catan.model.RoundedPoint2D@1935e1, Value: [Vertex(0, 2, 5), Vertex(-1, 2, 1)]
Key: com.catan.model.RoundedPoint2D@1916a1, Value: [Vertex(0, 2, 4), Vertex(-1, 2, 2)]
Key: com.catan.model.RoundedPoint2D@294a90, Value: [Vertex(1, 1, 2)]
Key: com.catan.model.RoundedPoint2D@2969d0, Value: [Vertex(1, 1, 1)]
Key: com.catan.model.RoundedPoint2D@18d821, Value: [Vertex(0, 0, 5)]
Key: com.catan.model.RoundedPoint2D@18b8e1, Value: [Vertex(0, 0, 4)]
Key: com.catan.model.RoundedPoint2D@185b21, Value: [Vertex(-1, -2, 2), Vertex(0, -2, 4)]
Key: com.catan.model.RoundedPoint2D@187a61, Value: [Vertex(-1, -2, 1), Vertex(0, -2, 5)]
Key: com.catan.model.RoundedPoint2D@15fe91, Value: [Vertex(-1, 2, 0)]
Key: com.catan.model.RoundedPoint2D@15a0d1, Value: [Vertex(-2, 1, 2)]
Key: com.catan.model.RoundedPoint2D@15c011, Value: [Vertex(-2, 1, 1), Vertex(-1, 2, 3)]
Key: com.catan.model.RoundedPoint2D@150491, Value: [Vertex(-1, -2, 3)]
Key: com.catan.model.RoundedPoint2D@154311, Value: [Vertex(-1, -2, 0)]
Key: com.catan.model.RoundedPoint2D@f3212, Value: [Vertex(-2, 1, 5)]
Key: com.catan.model.RoundedPoint2D@f12d2, Value: [Vertex(-2, 1, 4)]
Key: com.catan.model.RoundedPoint2D@1fc3c1, Value: [Vertex(1, 2, 5), Vertex(0, 2, 1)]
Key: com.catan.model.RoundedPoint2D@1fa481, Value: [Vertex(0, 1, 0), Vertex(1, 2, 4), Vertex(0, 2, 2)]
Key: com.catan.model.RoundedPoint2D@1f6601, Value: [Vertex(0, 0, 1), Vertex(0, 1, 3)]
Key: com.catan.model.RoundedPoint2D@1f0841, Value: [Vertex(0, -1, 3), Vertex(0, -2, 1)]
Key: com.catan.model.RoundedPoint2D@1f46c1, Value: [Vertex(0, -1, 0), Vertex(0, 0, 2)]
Key: com.catan.model.RoundedPoint2D@1ee901, Value: [Vertex(0, -2, 2)]
Key: com.catan.model.RoundedPoint2D@257700, Value: [Vertex(1, -2, 2)]
Key: com.catan.model.RoundedPoint2D@259640, Value: [Vertex(1, -2, 1)]
Key: com.catan.model.RoundedPoint2D@25f400, Value: [Vertex(1, 1, 3)]
Key: com.catan.model.RoundedPoint2D@2651c0, Value: [Vertex(1, 2, 1)]
Key: com.catan.model.RoundedPoint2D@263280, Value: [Vertex(1, 1, 0), Vertex(1, 2, 2)]
Key: com.catan.model.RoundedPoint2D@1b9271, Value: [Vertex(0, -2, 3)]
Key: com.catan.model.RoundedPoint2D@1bf031, Value: [Vertex(0, -1, 5), Vertex(0, 0, 3)]
Key: com.catan.model.RoundedPoint2D@1bd0f1, Value: [Vertex(0, -1, 4), Vertex(0, -2, 0)]
Key: com.catan.model.RoundedPoint2D@1c8c71, Value: [Vertex(0, 2, 0)]
Key: com.catan.model.RoundedPoint2D@1c4df1, Value: [Vertex(0, 1, 5), Vertex(0, 2, 3)]
Key: com.catan.model.RoundedPoint2D@1c2eb1, Value: [Vertex(0, 0, 0), Vertex(0, 1, 4)]
Key: com.catan.model.RoundedPoint2D@12a7e2, Value: [Vertex(-1, 2, 5)]
Key: com.catan.model.RoundedPoint2D@124a22, Value: [Vertex(-2, 1, 3)]
Key: com.catan.model.RoundedPoint2D@1288a2, Value: [Vertex(-2, 1, 0), Vertex(-1, 2, 4)]
Key: com.catan.model.RoundedPoint2D@231a51, Value: [Vertex(1, 2, 0)]
Key: com.catan.model.RoundedPoint2D@22dbd1, Value: [Vertex(1, 1, 5), Vertex(0, 1, 1), Vertex(1, 2, 3)]
Key: com.catan.model.RoundedPoint2D@22bc91, Value: [Vertex(1, 1, 4), Vertex(0, 1, 2)]
Key: com.catan.model.RoundedPoint2D@225ed1, Value: [Vertex(0, -1, 2), Vertex(1, -2, 0)]
Key: com.catan.model.RoundedPoint2D@227e11, Value: [Vertex(0, -1, 1)]
Key: com.catan.model.RoundedPoint2D@11ec62, Value: [Vertex(-1, -2, 5)]
Key: com.catan.model.RoundedPoint2D@11cd22, Value: [Vertex(-1, -2, 4)]
Key: com.catan.model.RoundedPoint2D@1935e1, Value: [Vertex(0, 2, 5), Vertex(-1, 2, 1)]
Key: com.catan.model.RoundedPoint2D@1916a1, Value: [Vertex(0, 2, 4), Vertex(-1, 2, 2)]
Key: com.catan.model.RoundedPoint2D@294a90, Value: [Vertex(1, 1, 2)]
Key: com.catan.model.RoundedPoint2D@2969d0, Value: [Vertex(1, 1, 1)]
Key: com.catan.model.RoundedPoint2D@18d821, Value: [Vertex(0, 0, 5)]
Key: com.catan.model.RoundedPoint2D@18b8e1, Value: [Vertex(0, 0, 4)]
Key: com.catan.model.RoundedPoint2D@185b21, Value: [Vertex(-1, -2, 2), Vertex(0, -2, 4)]
Key: com.catan.model.RoundedPoint2D@187a61, Value: [Vertex(-1, -2, 1), Vertex(0, -2, 5)]
Key: com.catan.model.RoundedPoint2D@15fe91, Value: [Vertex(-1, 2, 0)]
Key: com.catan.model.RoundedPoint2D@15a0d1, Value: [Vertex(-2, 1, 2)]
Key: com.catan.model.RoundedPoint2D@15c011, Value: [Vertex(-2, 1, 1), Vertex(-1, 2, 3)]
Key: com.catan.model.RoundedPoint2D@150491, Value: [Vertex(-1, -2, 3)]
Key: com.catan.model.RoundedPoint2D@154311, Value: [Vertex(-1, -2, 0)]
Key: com.catan.model.RoundedPoint2D@f3212, Value: [Vertex(-2, 1, 5)]
Key: com.catan.model.RoundedPoint2D@f12d2, Value: [Vertex(-2, 1, 4)]
Key: com.catan.model.RoundedPoint2D@1fc3c1, Value: [Vertex(1, 2, 5), Vertex(0, 2, 1)]
Key: com.catan.model.RoundedPoint2D@1fa481, Value: [Vertex(0, 1, 0), Vertex(1, 2, 4), Vertex(0, 2, 2)]
Key: com.catan.model.RoundedPoint2D@1f6601, Value: [Vertex(0, 0, 1), Vertex(0, 1, 3)]
Key: com.catan.model.RoundedPoint2D@1f0841, Value: [Vertex(0, -1, 3), Vertex(0, -2, 1)]
Key: com.catan.model.RoundedPoint2D@1f46c1, Value: [Vertex(0, -1, 0), Vertex(0, 0, 2)]
Key: com.catan.model.RoundedPoint2D@1ee901, Value: [Vertex(0, -2, 2)]
Key: com.catan.model.RoundedPoint2D@257700, Value: [Vertex(1, -2, 2)]
Key: com.catan.model.RoundedPoint2D@259640, Value: [Vertex(1, -2, 1)]
Key: com.catan.model.RoundedPoint2D@25f400, Value: [Vertex(1, 1, 3)]
Key: com.catan.model.RoundedPoint2D@2651c0, Value: [Vertex(1, 2, 1)]
Key: com.catan.model.RoundedPoint2D@263280, Value: [Vertex(1, 1, 0), Vertex(1, 2, 2)]
Key: com.catan.model.RoundedPoint2D@1b9271, Value: [Vertex(0, -2, 3)]
Key: com.catan.model.RoundedPoint2D@1bf031, Value: [Vertex(0, -1, 5), Vertex(0, 0, 3)]
Key: com.catan.model.RoundedPoint2D@1bd0f1, Value: [Vertex(0, -1, 4), Vertex(0, -2, 0)]
Key: com.catan.model.RoundedPoint2D@1c8c71, Value: [Vertex(0, 2, 0)]
Key: com.catan.model.RoundedPoint2D@1c4df1, Value: [Vertex(0, 1, 5), Vertex(0, 2, 3)]
Key: com.catan.model.RoundedPoint2D@1c2eb1, Value: [Vertex(0, 0, 0), Vertex(0, 1, 4)]
Key: com.catan.model.RoundedPoint2D@12a7e2, Value: [Vertex(-1, 2, 5)]
Key: com.catan.model.RoundedPoint2D@124a22, Value: [Vertex(-2, 1, 3)]
Key: com.catan.model.RoundedPoint2D@1288a2, Value: [Vertex(-2, 1, 0), Vertex(-1, 2, 4)]
Key: com.catan.model.RoundedPoint2D@231a51, Value: [Vertex(1, 2, 0)]
Key: com.catan.model.RoundedPoint2D@222051, Value: [Vertex(1, -2, 3)]
Key: com.catan.model.RoundedPoint2D@22dbd1, Value: [Vertex(1, 1, 5), Vertex(0, 1, 1), Vertex(1, 2, 3)]
Key: com.catan.model.RoundedPoint2D@22bc91, Value: [Vertex(1, 1, 4), Vertex(0, 1, 2)]
Key: com.catan.model.RoundedPoint2D@225ed1, Value: [Vertex(0, -1, 2), Vertex(1, -2, 0)]
Key: com.catan.model.RoundedPoint2D@227e11, Value: [Vertex(0, -1, 1)]
Key: com.catan.model.RoundedPoint2D@11ec62, Value: [Vertex(-1, -2, 5)]
Key: com.catan.model.RoundedPoint2D@11cd22, Value: [Vertex(-1, -2, 4)]
Key: com.catan.model.RoundedPoint2D@1935e1, Value: [Vertex(0, 2, 5), Vertex(-1, 2, 1)]
Key: com.catan.model.RoundedPoint2D@1916a1, Value: [Vertex(0, 2, 4), Vertex(-1, 2, 2)]
Key: com.catan.model.RoundedPoint2D@294a90, Value: [Vertex(1, 1, 2)]
Key: com.catan.model.RoundedPoint2D@2969d0, Value: [Vertex(1, 1, 1)]
Key: com.catan.model.RoundedPoint2D@18d821, Value: [Vertex(0, 0, 5)]
Key: com.catan.model.RoundedPoint2D@18b8e1, Value: [Vertex(0, 0, 4)]
Key: com.catan.model.RoundedPoint2D@185b21, Value: [Vertex(-1, -2, 2), Vertex(0, -2, 4)]
Key: com.catan.model.RoundedPoint2D@187a61, Value: [Vertex(-1, -2, 1), Vertex(0, -2, 5)]
Key: com.catan.model.RoundedPoint2D@15fe91, Value: [Vertex(-1, 2, 0)]
Key: com.catan.model.RoundedPoint2D@15a0d1, Value: [Vertex(-2, 1, 2)]
Key: com.catan.model.RoundedPoint2D@15c011, Value: [Vertex(-2, 1, 1), Vertex(-1, 2, 3)]
Key: com.catan.model.RoundedPoint2D@150491, Value: [Vertex(-1, -2, 3)]
Key: com.catan.model.RoundedPoint2D@154311, Value: [Vertex(-1, -2, 0)]
Key: com.catan.model.RoundedPoint2D@f3212, Value: [Vertex(-2, 1, 5)]
Key: com.catan.model.RoundedPoint2D@f12d2, Value: [Vertex(-2, 1, 4)]
Key: com.catan.model.RoundedPoint2D@1fc3c1, Value: [Vertex(1, 2, 5), Vertex(0, 2, 1)]
Key: com.catan.model.RoundedPoint2D@1fa481, Value: [Vertex(0, 1, 0), Vertex(1, 2, 4), Vertex(0, 2, 2)]
Key: com.catan.model.RoundedPoint2D@1f6601, Value: [Vertex(0, 0, 1), Vertex(0, 1, 3)]
Key: com.catan.model.RoundedPoint2D@1f0841, Value: [Vertex(0, -1, 3), Vertex(0, -2, 1)]
Key: com.catan.model.RoundedPoint2D@1f46c1, Value: [Vertex(0, -1, 0), Vertex(0, 0, 2)]
Key: com.catan.model.RoundedPoint2D@1ee901, Value: [Vertex(0, -2, 2), Vertex(1, -2, 4)]
Key: com.catan.model.RoundedPoint2D@257700, Value: [Vertex(1, -2, 2)]
Key: com.catan.model.RoundedPoint2D@259640, Value: [Vertex(1, -2, 1)]
Key: com.catan.model.RoundedPoint2D@25f400, Value: [Vertex(1, 1, 3)]
Key: com.catan.model.RoundedPoint2D@2651c0, Value: [Vertex(1, 2, 1)]
Key: com.catan.model.RoundedPoint2D@263280, Value: [Vertex(1, 1, 0), Vertex(1, 2, 2)]
Key: com.catan.model.RoundedPoint2D@1b9271, Value: [Vertex(0, -2, 3)]
Key: com.catan.model.RoundedPoint2D@1bf031, Value: [Vertex(0, -1, 5), Vertex(0, 0, 3)]
Key: com.catan.model.RoundedPoint2D@1bd0f1, Value: [Vertex(0, -1, 4), Vertex(0, -2, 0)]
Key: com.catan.model.RoundedPoint2D@1c8c71, Value: [Vertex(0, 2, 0)]
Key: com.catan.model.RoundedPoint2D@1c4df1, Value: [Vertex(0, 1, 5), Vertex(0, 2, 3)]
Key: com.catan.model.RoundedPoint2D@1c2eb1, Value: [Vertex(0, 0, 0), Vertex(0, 1, 4)]
Key: com.catan.model.RoundedPoint2D@12a7e2, Value: [Vertex(-1, 2, 5)]
Key: com.catan.model.RoundedPoint2D@124a22, Value: [Vertex(-2, 1, 3)]
Key: com.catan.model.RoundedPoint2D@1288a2, Value: [Vertex(-2, 1, 0), Vertex(-1, 2, 4)]
Key: com.catan.model.RoundedPoint2D@231a51, Value: [Vertex(1, 2, 0)]
Key: com.catan.model.RoundedPoint2D@222051, Value: [Vertex(1, -2, 3)]
Key: com.catan.model.RoundedPoint2D@22dbd1, Value: [Vertex(1, 1, 5), Vertex(0, 1, 1), Vertex(1, 2, 3)]
Key: com.catan.model.RoundedPoint2D@22bc91, Value: [Vertex(1, 1, 4), Vertex(0, 1, 2)]
Key: com.catan.model.RoundedPoint2D@225ed1, Value: [Vertex(0, -1, 2), Vertex(1, -2, 0)]
Key: com.catan.model.RoundedPoint2D@227e11, Value: [Vertex(0, -1, 1)]
Key: com.catan.model.RoundedPoint2D@11ec62, Value: [Vertex(-1, -2, 5)]
Key: com.catan.model.RoundedPoint2D@11cd22, Value: [Vertex(-1, -2, 4)]
Key: com.catan.model.RoundedPoint2D@1935e1, Value: [Vertex(0, 2, 5), Vertex(-1, 2, 1)]
Key: com.catan.model.RoundedPoint2D@1916a1, Value: [Vertex(0, 2, 4), Vertex(-1, 2, 2)]
Key: com.catan.model.RoundedPoint2D@294a90, Value: [Vertex(1, 1, 2)]
Key: com.catan.model.RoundedPoint2D@2969d0, Value: [Vertex(1, 1, 1)]
Key: com.catan.model.RoundedPoint2D@18d821, Value: [Vertex(0, 0, 5)]
Key: com.catan.model.RoundedPoint2D@18b8e1, Value: [Vertex(0, 0, 4)]
Key: com.catan.model.RoundedPoint2D@185b21, Value: [Vertex(-1, -2, 2), Vertex(0, -2, 4)]
Key: com.catan.model.RoundedPoint2D@187a61, Value: [Vertex(-1, -2, 1), Vertex(0, -2, 5)]
Key: com.catan.model.RoundedPoint2D@15fe91, Value: [Vertex(-1, 2, 0)]
Key: com.catan.model.RoundedPoint2D@15a0d1, Value: [Vertex(-2, 1, 2)]
Key: com.catan.model.RoundedPoint2D@15c011, Value: [Vertex(-2, 1, 1), Vertex(-1, 2, 3)]
Key: com.catan.model.RoundedPoint2D@150491, Value: [Vertex(-1, -2, 3)]
Key: com.catan.model.RoundedPoint2D@154311, Value: [Vertex(-1, -2, 0)]
Key: com.catan.model.RoundedPoint2D@f3212, Value: [Vertex(-2, 1, 5)]
Key: com.catan.model.RoundedPoint2D@f12d2, Value: [Vertex(-2, 1, 4)]
Key: com.catan.model.RoundedPoint2D@1fc3c1, Value: [Vertex(1, 2, 5), Vertex(0, 2, 1)]
Key: com.catan.model.RoundedPoint2D@1fa481, Value: [Vertex(0, 1, 0), Vertex(1, 2, 4), Vertex(0, 2, 2)]
Key: com.catan.model.RoundedPoint2D@1f6601, Value: [Vertex(0, 0, 1), Vertex(0, 1, 3)]
Key: com.catan.model.RoundedPoint2D@1f0841, Value: [Vertex(0, -1, 3), Vertex(0, -2, 1), Vertex(1, -2, 5)]
Key: com.catan.model.RoundedPoint2D@1f46c1, Value: [Vertex(0, -1, 0), Vertex(0, 0, 2)]
Key: com.catan.model.RoundedPoint2D@1ee901, Value: [Vertex(0, -2, 2), Vertex(1, -2, 4)]
Key: com.catan.model.RoundedPoint2D@257700, Value: [Vertex(1, -2, 2)]
Key: com.catan.model.RoundedPoint2D@259640, Value: [Vertex(1, -2, 1)]
Key: com.catan.model.RoundedPoint2D@25f400, Value: [Vertex(1, 1, 3)]
Key: com.catan.model.RoundedPoint2D@2651c0, Value: [Vertex(1, 2, 1)]
Key: com.catan.model.RoundedPoint2D@263280, Value: [Vertex(1, 1, 0), Vertex(1, 2, 2)]
Key: com.catan.model.RoundedPoint2D@1b9271, Value: [Vertex(0, -2, 3)]
Key: com.catan.model.RoundedPoint2D@1bf031, Value: [Vertex(0, -1, 5), Vertex(0, 0, 3)]
Key: com.catan.model.RoundedPoint2D@1bd0f1, Value: [Vertex(0, -1, 4), Vertex(0, -2, 0)]
Key: com.catan.model.RoundedPoint2D@1c8c71, Value: [Vertex(0, 2, 0)]
Key: com.catan.model.RoundedPoint2D@1c4df1, Value: [Vertex(0, 1, 5), Vertex(0, 2, 3)]
Key: com.catan.model.RoundedPoint2D@1c2eb1, Value: [Vertex(0, 0, 0), Vertex(0, 1, 4)]
Key: com.catan.model.RoundedPoint2D@12a7e2, Value: [Vertex(-1, 2, 5)]
Key: com.catan.model.RoundedPoint2D@124a22, Value: [Vertex(-2, 1, 3)]
Key: com.catan.model.RoundedPoint2D@1288a2, Value: [Vertex(-2, 1, 0), Vertex(-1, 2, 4)]
Key: com.catan.model.RoundedPoint2D@231a51, Value: [Vertex(1, 2, 0)]
Key: com.catan.model.RoundedPoint2D@222051, Value: [Vertex(1, -2, 3)]
Key: com.catan.model.RoundedPoint2D@22dbd1, Value: [Vertex(1, 1, 5), Vertex(0, 1, 1), Vertex(1, 2, 3)]
Key: com.catan.model.RoundedPoint2D@22bc91, Value: [Vertex(1, 1, 4), Vertex(0, 1, 2)]
Key: com.catan.model.RoundedPoint2D@225ed1, Value: [Vertex(0, -1, 2), Vertex(1, -2, 0)]
Key: com.catan.model.RoundedPoint2D@227e11, Value: [Vertex(0, -1, 1)]
Key: com.catan.model.RoundedPoint2D@11ec62, Value: [Vertex(-1, -2, 5)]
Key: com.catan.model.RoundedPoint2D@11cd22, Value: [Vertex(-1, -2, 4)]
Key: com.catan.model.RoundedPoint2D@1935e1, Value: [Vertex(0, 2, 5), Vertex(-1, 2, 1)]
Key: com.catan.model.RoundedPoint2D@1916a1, Value: [Vertex(0, 2, 4), Vertex(-1, 2, 2)]
Key: com.catan.model.RoundedPoint2D@294a90, Value: [Vertex(1, 1, 2)]
Key: com.catan.model.RoundedPoint2D@2969d0, Value: [Vertex(1, 1, 1)]
Key: com.catan.model.RoundedPoint2D@18d821, Value: [Vertex(0, 0, 5)]
Key: com.catan.model.RoundedPoint2D@18b8e1, Value: [Vertex(0, 0, 4)]
Key: com.catan.model.RoundedPoint2D@185b21, Value: [Vertex(-1, -2, 2), Vertex(0, -2, 4)]
Key: com.catan.model.RoundedPoint2D@187a61, Value: [Vertex(-1, -2, 1), Vertex(0, -2, 5)]
Key: com.catan.model.RoundedPoint2D@15fe91, Value: [Vertex(-1, 2, 0)]
Key: com.catan.model.RoundedPoint2D@15a0d1, Value: [Vertex(-2, 1, 2)]
Key: com.catan.model.RoundedPoint2D@15c011, Value: [Vertex(-2, 1, 1), Vertex(-1, 2, 3)]
Key: com.catan.model.RoundedPoint2D@150491, Value: [Vertex(-1, -2, 3)]
Key: com.catan.model.RoundedPoint2D@154311, Value: [Vertex(-1, -2, 0)]
Key: com.catan.model.RoundedPoint2D@f3212, Value: [Vertex(-2, 1, 5)]
Key: com.catan.model.RoundedPoint2D@f12d2, Value: [Vertex(-2, 1, 4), Vertex(-2, 0, 0)]
Key: com.catan.model.RoundedPoint2D@1fc3c1, Value: [Vertex(1, 2, 5), Vertex(0, 2, 1)]
Key: com.catan.model.RoundedPoint2D@1fa481, Value: [Vertex(0, 1, 0), Vertex(1, 2, 4), Vertex(0, 2, 2)]
Key: com.catan.model.RoundedPoint2D@1f6601, Value: [Vertex(0, 0, 1), Vertex(0, 1, 3)]
Key: com.catan.model.RoundedPoint2D@1f0841, Value: [Vertex(0, -1, 3), Vertex(0, -2, 1), Vertex(1, -2, 5)]
Key: com.catan.model.RoundedPoint2D@1f46c1, Value: [Vertex(0, -1, 0), Vertex(0, 0, 2)]
Key: com.catan.model.RoundedPoint2D@1ee901, Value: [Vertex(0, -2, 2), Vertex(1, -2, 4)]
Key: com.catan.model.RoundedPoint2D@257700, Value: [Vertex(1, -2, 2)]
Key: com.catan.model.RoundedPoint2D@259640, Value: [Vertex(1, -2, 1)]
Key: com.catan.model.RoundedPoint2D@25f400, Value: [Vertex(1, 1, 3)]
Key: com.catan.model.RoundedPoint2D@2651c0, Value: [Vertex(1, 2, 1)]
Key: com.catan.model.RoundedPoint2D@263280, Value: [Vertex(1, 1, 0), Vertex(1, 2, 2)]
Key: com.catan.model.RoundedPoint2D@1b9271, Value: [Vertex(0, -2, 3)]
Key: com.catan.model.RoundedPoint2D@1bf031, Value: [Vertex(0, -1, 5), Vertex(0, 0, 3)]
Key: com.catan.model.RoundedPoint2D@1bd0f1, Value: [Vertex(0, -1, 4), Vertex(0, -2, 0)]
Key: com.catan.model.RoundedPoint2D@1c8c71, Value: [Vertex(0, 2, 0)]
Key: com.catan.model.RoundedPoint2D@1c4df1, Value: [Vertex(0, 1, 5), Vertex(0, 2, 3)]
Key: com.catan.model.RoundedPoint2D@1c2eb1, Value: [Vertex(0, 0, 0), Vertex(0, 1, 4)]
Key: com.catan.model.RoundedPoint2D@12a7e2, Value: [Vertex(-1, 2, 5)]
Key: com.catan.model.RoundedPoint2D@124a22, Value: [Vertex(-2, 1, 3)]
Key: com.catan.model.RoundedPoint2D@1288a2, Value: [Vertex(-2, 1, 0), Vertex(-1, 2, 4)]
Key: com.catan.model.RoundedPoint2D@231a51, Value: [Vertex(1, 2, 0)]
Key: com.catan.model.RoundedPoint2D@222051, Value: [Vertex(1, -2, 3)]
Key: com.catan.model.RoundedPoint2D@22dbd1, Value: [Vertex(1, 1, 5), Vertex(0, 1, 1), Vertex(1, 2, 3)]
Key: com.catan.model.RoundedPoint2D@22bc91, Value: [Vertex(1, 1, 4), Vertex(0, 1, 2)]
Key: com.catan.model.RoundedPoint2D@225ed1, Value: [Vertex(0, -1, 2), Vertex(1, -2, 0)]
Key: com.catan.model.RoundedPoint2D@227e11, Value: [Vertex(0, -1, 1)]
Key: com.catan.model.RoundedPoint2D@11ec62, Value: [Vertex(-1, -2, 5)]
Key: com.catan.model.RoundedPoint2D@11cd22, Value: [Vertex(-1, -2, 4)]
Key: com.catan.model.RoundedPoint2D@1935e1, Value: [Vertex(0, 2, 5), Vertex(-1, 2, 1)]
Key: com.catan.model.RoundedPoint2D@1916a1, Value: [Vertex(0, 2, 4), Vertex(-1, 2, 2)]
Key: com.catan.model.RoundedPoint2D@294a90, Value: [Vertex(1, 1, 2)]
Key: com.catan.model.RoundedPoint2D@2969d0, Value: [Vertex(1, 1, 1)]
Key: com.catan.model.RoundedPoint2D@18d821, Value: [Vertex(0, 0, 5)]
Key: com.catan.model.RoundedPoint2D@18b8e1, Value: [Vertex(0, 0, 4)]
Key: com.catan.model.RoundedPoint2D@185b21, Value: [Vertex(-1, -2, 2), Vertex(0, -2, 4)]
Key: com.catan.model.RoundedPoint2D@187a61, Value: [Vertex(-1, -2, 1), Vertex(0, -2, 5)]
Key: com.catan.model.RoundedPoint2D@15fe91, Value: [Vertex(-1, 2, 0)]
Key: com.catan.model.RoundedPoint2D@15a0d1, Value: [Vertex(-2, 1, 2)]
Key: com.catan.model.RoundedPoint2D@15c011, Value: [Vertex(-2, 1, 1), Vertex(-1, 2, 3)]
Key: com.catan.model.RoundedPoint2D@150491, Value: [Vertex(-1, -2, 3)]
Key: com.catan.model.RoundedPoint2D@154311, Value: [Vertex(-1, -2, 0)]
Key: com.catan.model.RoundedPoint2D@f3212, Value: [Vertex(-2, 1, 5)]
Key: com.catan.model.RoundedPoint2D@f12d2, Value: [Vertex(-2, 1, 4), Vertex(-2, 0, 0)]
Key: com.catan.model.RoundedPoint2D@1fc3c1, Value: [Vertex(1, 2, 5), Vertex(0, 2, 1)]
Key: com.catan.model.RoundedPoint2D@1fa481, Value: [Vertex(0, 1, 0), Vertex(1, 2, 4), Vertex(0, 2, 2)]
Key: com.catan.model.RoundedPoint2D@1f6601, Value: [Vertex(0, 0, 1), Vertex(0, 1, 3)]
Key: com.catan.model.RoundedPoint2D@1f0841, Value: [Vertex(0, -1, 3), Vertex(0, -2, 1), Vertex(1, -2, 5)]
Key: com.catan.model.RoundedPoint2D@1f46c1, Value: [Vertex(0, -1, 0), Vertex(0, 0, 2)]
Key: com.catan.model.RoundedPoint2D@1ee901, Value: [Vertex(0, -2, 2), Vertex(1, -2, 4)]
Key: com.catan.model.RoundedPoint2D@257700, Value: [Vertex(1, -2, 2)]
Key: com.catan.model.RoundedPoint2D@259640, Value: [Vertex(1, -2, 1)]
Key: com.catan.model.RoundedPoint2D@25f400, Value: [Vertex(1, 1, 3)]
Key: com.catan.model.RoundedPoint2D@2651c0, Value: [Vertex(1, 2, 1)]
Key: com.catan.model.RoundedPoint2D@263280, Value: [Vertex(1, 1, 0), Vertex(1, 2, 2)]
Key: com.catan.model.RoundedPoint2D@1b9271, Value: [Vertex(0, -2, 3)]
Key: com.catan.model.RoundedPoint2D@1bf031, Value: [Vertex(0, -1, 5), Vertex(0, 0, 3)]
Key: com.catan.model.RoundedPoint2D@1bd0f1, Value: [Vertex(0, -1, 4), Vertex(0, -2, 0)]
Key: com.catan.model.RoundedPoint2D@1c8c71, Value: [Vertex(0, 2, 0)]
Key: com.catan.model.RoundedPoint2D@1c4df1, Value: [Vertex(0, 1, 5), Vertex(0, 2, 3)]
Key: com.catan.model.RoundedPoint2D@1c2eb1, Value: [Vertex(0, 0, 0), Vertex(0, 1, 4)]
Key: com.catan.model.RoundedPoint2D@12a7e2, Value: [Vertex(-1, 2, 5)]
Key: com.catan.model.RoundedPoint2D@124a22, Value: [Vertex(-2, 1, 3), Vertex(-2, 0, 1)]
Key: com.catan.model.RoundedPoint2D@1288a2, Value: [Vertex(-2, 1, 0), Vertex(-1, 2, 4)]
Key: com.catan.model.RoundedPoint2D@231a51, Value: [Vertex(1, 2, 0)]
Key: com.catan.model.RoundedPoint2D@222051, Value: [Vertex(1, -2, 3)]
Key: com.catan.model.RoundedPoint2D@22dbd1, Value: [Vertex(1, 1, 5), Vertex(0, 1, 1), Vertex(1, 2, 3)]
Key: com.catan.model.RoundedPoint2D@22bc91, Value: [Vertex(1, 1, 4), Vertex(0, 1, 2)]
Key: com.catan.model.RoundedPoint2D@225ed1, Value: [Vertex(0, -1, 2), Vertex(1, -2, 0)]
Key: com.catan.model.RoundedPoint2D@227e11, Value: [Vertex(0, -1, 1)]
Key: com.catan.model.RoundedPoint2D@11ec62, Value: [Vertex(-1, -2, 5)]
Key: com.catan.model.RoundedPoint2D@11cd22, Value: [Vertex(-1, -2, 4)]
Key: com.catan.model.RoundedPoint2D@1935e1, Value: [Vertex(0, 2, 5), Vertex(-1, 2, 1)]
Key: com.catan.model.RoundedPoint2D@1916a1, Value: [Vertex(0, 2, 4), Vertex(-1, 2, 2)]
Key: com.catan.model.RoundedPoint2D@294a90, Value: [Vertex(1, 1, 2)]
Key: com.catan.model.RoundedPoint2D@2969d0, Value: [Vertex(1, 1, 1)]
Key: com.catan.model.RoundedPoint2D@18d821, Value: [Vertex(0, 0, 5)]
Key: com.catan.model.RoundedPoint2D@18b8e1, Value: [Vertex(0, 0, 4)]
Key: com.catan.model.RoundedPoint2D@185b21, Value: [Vertex(-1, -2, 2), Vertex(0, -2, 4)]
Key: com.catan.model.RoundedPoint2D@187a61, Value: [Vertex(-1, -2, 1), Vertex(0, -2, 5)]
Key: com.catan.model.RoundedPoint2D@15fe91, Value: [Vertex(-1, 2, 0)]
Key: com.catan.model.RoundedPoint2D@15a0d1, Value: [Vertex(-2, 1, 2)]
Key: com.catan.model.RoundedPoint2D@15c011, Value: [Vertex(-2, 1, 1), Vertex(-1, 2, 3)]
Key: com.catan.model.RoundedPoint2D@150491, Value: [Vertex(-1, -2, 3)]
Key: com.catan.model.RoundedPoint2D@154311, Value: [Vertex(-1, -2, 0)]
Key: com.catan.model.RoundedPoint2D@f3212, Value: [Vertex(-2, 1, 5)]
Key: com.catan.model.RoundedPoint2D@f12d2, Value: [Vertex(-2, 1, 4), Vertex(-2, 0, 0)]
Key: com.catan.model.RoundedPoint2D@1fc3c1, Value: [Vertex(1, 2, 5), Vertex(0, 2, 1)]
Key: com.catan.model.RoundedPoint2D@1fa481, Value: [Vertex(0, 1, 0), Vertex(1, 2, 4), Vertex(0, 2, 2)]
Key: com.catan.model.RoundedPoint2D@1f6601, Value: [Vertex(0, 0, 1), Vertex(0, 1, 3)]
Key: com.catan.model.RoundedPoint2D@1f0841, Value: [Vertex(0, -1, 3), Vertex(0, -2, 1), Vertex(1, -2, 5)]
Key: com.catan.model.RoundedPoint2D@1f46c1, Value: [Vertex(0, -1, 0), Vertex(0, 0, 2)]
Key: com.catan.model.RoundedPoint2D@1ee901, Value: [Vertex(0, -2, 2), Vertex(1, -2, 4)]
Key: com.catan.model.RoundedPoint2D@257700, Value: [Vertex(1, -2, 2)]
Key: com.catan.model.RoundedPoint2D@259640, Value: [Vertex(1, -2, 1)]
Key: com.catan.model.RoundedPoint2D@25f400, Value: [Vertex(1, 1, 3)]
Key: com.catan.model.RoundedPoint2D@2651c0, Value: [Vertex(1, 2, 1)]
Key: com.catan.model.RoundedPoint2D@263280, Value: [Vertex(1, 1, 0), Vertex(1, 2, 2)]
Key: com.catan.model.RoundedPoint2D@1b9271, Value: [Vertex(0, -2, 3)]
Key: com.catan.model.RoundedPoint2D@1bf031, Value: [Vertex(0, -1, 5), Vertex(0, 0, 3)]
Key: com.catan.model.RoundedPoint2D@1bd0f1, Value: [Vertex(0, -1, 4), Vertex(0, -2, 0)]
Key: com.catan.model.RoundedPoint2D@1c8c71, Value: [Vertex(0, 2, 0)]
Key: com.catan.model.RoundedPoint2D@1c4df1, Value: [Vertex(0, 1, 5), Vertex(0, 2, 3)]
Key: com.catan.model.RoundedPoint2D@1c2eb1, Value: [Vertex(0, 0, 0), Vertex(0, 1, 4)]
Key: com.catan.model.RoundedPoint2D@122ae2, Value: [Vertex(-2, 0, 2)]
Key: com.catan.model.RoundedPoint2D@12a7e2, Value: [Vertex(-1, 2, 5)]
Key: com.catan.model.RoundedPoint2D@124a22, Value: [Vertex(-2, 1, 3), Vertex(-2, 0, 1)]
Key: com.catan.model.RoundedPoint2D@1288a2, Value: [Vertex(-2, 1, 0), Vertex(-1, 2, 4)]
Key: com.catan.model.RoundedPoint2D@231a51, Value: [Vertex(1, 2, 0)]
Key: com.catan.model.RoundedPoint2D@222051, Value: [Vertex(1, -2, 3)]
Key: com.catan.model.RoundedPoint2D@22dbd1, Value: [Vertex(1, 1, 5), Vertex(0, 1, 1), Vertex(1, 2, 3)]
Key: com.catan.model.RoundedPoint2D@22bc91, Value: [Vertex(1, 1, 4), Vertex(0, 1, 2)]
Key: com.catan.model.RoundedPoint2D@225ed1, Value: [Vertex(0, -1, 2), Vertex(1, -2, 0)]
Key: com.catan.model.RoundedPoint2D@227e11, Value: [Vertex(0, -1, 1)]
Key: com.catan.model.RoundedPoint2D@11ec62, Value: [Vertex(-1, -2, 5)]
Key: com.catan.model.RoundedPoint2D@11cd22, Value: [Vertex(-1, -2, 4)]
Key: com.catan.model.RoundedPoint2D@1935e1, Value: [Vertex(0, 2, 5), Vertex(-1, 2, 1)]
Key: com.catan.model.RoundedPoint2D@1916a1, Value: [Vertex(0, 2, 4), Vertex(-1, 2, 2)]
Key: com.catan.model.RoundedPoint2D@294a90, Value: [Vertex(1, 1, 2)]
Key: com.catan.model.RoundedPoint2D@2969d0, Value: [Vertex(1, 1, 1)]
Key: com.catan.model.RoundedPoint2D@18d821, Value: [Vertex(0, 0, 5)]
Key: com.catan.model.RoundedPoint2D@18b8e1, Value: [Vertex(0, 0, 4)]
Key: com.catan.model.RoundedPoint2D@185b21, Value: [Vertex(-1, -2, 2), Vertex(0, -2, 4)]
Key: com.catan.model.RoundedPoint2D@187a61, Value: [Vertex(-1, -2, 1), Vertex(0, -2, 5)]
Key: com.catan.model.RoundedPoint2D@15fe91, Value: [Vertex(-1, 2, 0)]
Key: com.catan.model.RoundedPoint2D@15a0d1, Value: [Vertex(-2, 1, 2)]
Key: com.catan.model.RoundedPoint2D@15c011, Value: [Vertex(-2, 1, 1), Vertex(-1, 2, 3)]
Key: com.catan.model.RoundedPoint2D@150491, Value: [Vertex(-1, -2, 3)]
Key: com.catan.model.RoundedPoint2D@154311, Value: [Vertex(-1, -2, 0)]
Key: com.catan.model.RoundedPoint2D@ed452, Value: [Vertex(-2, 0, 3)]
Key: com.catan.model.RoundedPoint2D@f3212, Value: [Vertex(-2, 1, 5)]
Key: com.catan.model.RoundedPoint2D@f12d2, Value: [Vertex(-2, 1, 4), Vertex(-2, 0, 0)]
Key: com.catan.model.RoundedPoint2D@1fc3c1, Value: [Vertex(1, 2, 5), Vertex(0, 2, 1)]
Key: com.catan.model.RoundedPoint2D@1fa481, Value: [Vertex(0, 1, 0), Vertex(1, 2, 4), Vertex(0, 2, 2)]
Key: com.catan.model.RoundedPoint2D@1f6601, Value: [Vertex(0, 0, 1), Vertex(0, 1, 3)]
Key: com.catan.model.RoundedPoint2D@1f0841, Value: [Vertex(0, -1, 3), Vertex(0, -2, 1), Vertex(1, -2, 5)]
Key: com.catan.model.RoundedPoint2D@1f46c1, Value: [Vertex(0, -1, 0), Vertex(0, 0, 2)]
Key: com.catan.model.RoundedPoint2D@1ee901, Value: [Vertex(0, -2, 2), Vertex(1, -2, 4)]
Key: com.catan.model.RoundedPoint2D@257700, Value: [Vertex(1, -2, 2)]
Key: com.catan.model.RoundedPoint2D@259640, Value: [Vertex(1, -2, 1)]
Key: com.catan.model.RoundedPoint2D@25f400, Value: [Vertex(1, 1, 3)]
Key: com.catan.model.RoundedPoint2D@2651c0, Value: [Vertex(1, 2, 1)]
Key: com.catan.model.RoundedPoint2D@263280, Value: [Vertex(1, 1, 0), Vertex(1, 2, 2)]
Key: com.catan.model.RoundedPoint2D@1b9271, Value: [Vertex(0, -2, 3)]
Key: com.catan.model.RoundedPoint2D@1bf031, Value: [Vertex(0, -1, 5), Vertex(0, 0, 3)]
Key: com.catan.model.RoundedPoint2D@1bd0f1, Value: [Vertex(0, -1, 4), Vertex(0, -2, 0)]
Key: com.catan.model.RoundedPoint2D@1c8c71, Value: [Vertex(0, 2, 0)]
Key: com.catan.model.RoundedPoint2D@1c4df1, Value: [Vertex(0, 1, 5), Vertex(0, 2, 3)]
Key: com.catan.model.RoundedPoint2D@1c2eb1, Value: [Vertex(0, 0, 0), Vertex(0, 1, 4)]
Key: com.catan.model.RoundedPoint2D@122ae2, Value: [Vertex(-2, 0, 2)]
Key: com.catan.model.RoundedPoint2D@12a7e2, Value: [Vertex(-1, 2, 5)]
Key: com.catan.model.RoundedPoint2D@124a22, Value: [Vertex(-2, 1, 3), Vertex(-2, 0, 1)]
Key: com.catan.model.RoundedPoint2D@1288a2, Value: [Vertex(-2, 1, 0), Vertex(-1, 2, 4)]
Key: com.catan.model.RoundedPoint2D@231a51, Value: [Vertex(1, 2, 0)]
Key: com.catan.model.RoundedPoint2D@222051, Value: [Vertex(1, -2, 3)]
Key: com.catan.model.RoundedPoint2D@22dbd1, Value: [Vertex(1, 1, 5), Vertex(0, 1, 1), Vertex(1, 2, 3)]
Key: com.catan.model.RoundedPoint2D@22bc91, Value: [Vertex(1, 1, 4), Vertex(0, 1, 2)]
Key: com.catan.model.RoundedPoint2D@225ed1, Value: [Vertex(0, -1, 2), Vertex(1, -2, 0)]
Key: com.catan.model.RoundedPoint2D@227e11, Value: [Vertex(0, -1, 1)]
Key: com.catan.model.RoundedPoint2D@11ec62, Value: [Vertex(-1, -2, 5)]
Key: com.catan.model.RoundedPoint2D@11cd22, Value: [Vertex(-1, -2, 4)]
Key: com.catan.model.RoundedPoint2D@1935e1, Value: [Vertex(0, 2, 5), Vertex(-1, 2, 1)]
Key: com.catan.model.RoundedPoint2D@1916a1, Value: [Vertex(0, 2, 4), Vertex(-1, 2, 2)]
Key: com.catan.model.RoundedPoint2D@294a90, Value: [Vertex(1, 1, 2)]
Key: com.catan.model.RoundedPoint2D@2969d0, Value: [Vertex(1, 1, 1)]
Key: com.catan.model.RoundedPoint2D@18d821, Value: [Vertex(0, 0, 5)]
Key: com.catan.model.RoundedPoint2D@18b8e1, Value: [Vertex(0, 0, 4)]
Key: com.catan.model.RoundedPoint2D@185b21, Value: [Vertex(-1, -2, 2), Vertex(0, -2, 4)]
Key: com.catan.model.RoundedPoint2D@187a61, Value: [Vertex(-1, -2, 1), Vertex(0, -2, 5)]
Key: com.catan.model.RoundedPoint2D@15fe91, Value: [Vertex(-1, 2, 0)]
Key: com.catan.model.RoundedPoint2D@15a0d1, Value: [Vertex(-2, 1, 2)]
Key: com.catan.model.RoundedPoint2D@15c011, Value: [Vertex(-2, 1, 1), Vertex(-1, 2, 3)]
Key: com.catan.model.RoundedPoint2D@150491, Value: [Vertex(-1, -2, 3)]
Key: com.catan.model.RoundedPoint2D@154311, Value: [Vertex(-1, -2, 0)]
Key: com.catan.model.RoundedPoint2D@b9d02, Value: [Vertex(-2, 0, 4)]
Key: com.catan.model.RoundedPoint2D@ed452, Value: [Vertex(-2, 0, 3)]
Key: com.catan.model.RoundedPoint2D@f3212, Value: [Vertex(-2, 1, 5)]
Key: com.catan.model.RoundedPoint2D@f12d2, Value: [Vertex(-2, 1, 4), Vertex(-2, 0, 0)]
Key: com.catan.model.RoundedPoint2D@1fc3c1, Value: [Vertex(1, 2, 5), Vertex(0, 2, 1)]
Key: com.catan.model.RoundedPoint2D@1fa481, Value: [Vertex(0, 1, 0), Vertex(1, 2, 4), Vertex(0, 2, 2)]
Key: com.catan.model.RoundedPoint2D@1f6601, Value: [Vertex(0, 0, 1), Vertex(0, 1, 3)]
Key: com.catan.model.RoundedPoint2D@1f0841, Value: [Vertex(0, -1, 3), Vertex(0, -2, 1), Vertex(1, -2, 5)]
Key: com.catan.model.RoundedPoint2D@1f46c1, Value: [Vertex(0, -1, 0), Vertex(0, 0, 2)]
Key: com.catan.model.RoundedPoint2D@1ee901, Value: [Vertex(0, -2, 2), Vertex(1, -2, 4)]
Key: com.catan.model.RoundedPoint2D@257700, Value: [Vertex(1, -2, 2)]
Key: com.catan.model.RoundedPoint2D@259640, Value: [Vertex(1, -2, 1)]
Key: com.catan.model.RoundedPoint2D@25f400, Value: [Vertex(1, 1, 3)]
Key: com.catan.model.RoundedPoint2D@2651c0, Value: [Vertex(1, 2, 1)]
Key: com.catan.model.RoundedPoint2D@263280, Value: [Vertex(1, 1, 0), Vertex(1, 2, 2)]
Key: com.catan.model.RoundedPoint2D@1b9271, Value: [Vertex(0, -2, 3)]
Key: com.catan.model.RoundedPoint2D@1bf031, Value: [Vertex(0, -1, 5), Vertex(0, 0, 3)]
Key: com.catan.model.RoundedPoint2D@1bd0f1, Value: [Vertex(0, -1, 4), Vertex(0, -2, 0)]
Key: com.catan.model.RoundedPoint2D@1c8c71, Value: [Vertex(0, 2, 0)]
Key: com.catan.model.RoundedPoint2D@1c4df1, Value: [Vertex(0, 1, 5), Vertex(0, 2, 3)]
Key: com.catan.model.RoundedPoint2D@1c2eb1, Value: [Vertex(0, 0, 0), Vertex(0, 1, 4)]
Key: com.catan.model.RoundedPoint2D@122ae2, Value: [Vertex(-2, 0, 2)]
Key: com.catan.model.RoundedPoint2D@12a7e2, Value: [Vertex(-1, 2, 5)]
Key: com.catan.model.RoundedPoint2D@124a22, Value: [Vertex(-2, 1, 3), Vertex(-2, 0, 1)]
Key: com.catan.model.RoundedPoint2D@1288a2, Value: [Vertex(-2, 1, 0), Vertex(-1, 2, 4)]
Key: com.catan.model.RoundedPoint2D@231a51, Value: [Vertex(1, 2, 0)]
Key: com.catan.model.RoundedPoint2D@222051, Value: [Vertex(1, -2, 3)]
Key: com.catan.model.RoundedPoint2D@22dbd1, Value: [Vertex(1, 1, 5), Vertex(0, 1, 1), Vertex(1, 2, 3)]
Key: com.catan.model.RoundedPoint2D@22bc91, Value: [Vertex(1, 1, 4), Vertex(0, 1, 2)]
Key: com.catan.model.RoundedPoint2D@225ed1, Value: [Vertex(0, -1, 2), Vertex(1, -2, 0)]
Key: com.catan.model.RoundedPoint2D@227e11, Value: [Vertex(0, -1, 1)]
Key: com.catan.model.RoundedPoint2D@11ec62, Value: [Vertex(-1, -2, 5)]
Key: com.catan.model.RoundedPoint2D@11cd22, Value: [Vertex(-1, -2, 4)]
Key: com.catan.model.RoundedPoint2D@1935e1, Value: [Vertex(0, 2, 5), Vertex(-1, 2, 1)]
Key: com.catan.model.RoundedPoint2D@1916a1, Value: [Vertex(0, 2, 4), Vertex(-1, 2, 2)]
Key: com.catan.model.RoundedPoint2D@294a90, Value: [Vertex(1, 1, 2)]
Key: com.catan.model.RoundedPoint2D@2969d0, Value: [Vertex(1, 1, 1)]
Key: com.catan.model.RoundedPoint2D@18d821, Value: [Vertex(0, 0, 5)]
Key: com.catan.model.RoundedPoint2D@18b8e1, Value: [Vertex(0, 0, 4)]
Key: com.catan.model.RoundedPoint2D@185b21, Value: [Vertex(-1, -2, 2), Vertex(0, -2, 4)]
Key: com.catan.model.RoundedPoint2D@187a61, Value: [Vertex(-1, -2, 1), Vertex(0, -2, 5)]
Key: com.catan.model.RoundedPoint2D@15fe91, Value: [Vertex(-1, 2, 0)]
Key: com.catan.model.RoundedPoint2D@15a0d1, Value: [Vertex(-2, 1, 2)]
Key: com.catan.model.RoundedPoint2D@15c011, Value: [Vertex(-2, 1, 1), Vertex(-1, 2, 3)]
Key: com.catan.model.RoundedPoint2D@150491, Value: [Vertex(-1, -2, 3)]
Key: com.catan.model.RoundedPoint2D@154311, Value: [Vertex(-1, -2, 0)]
Key: com.catan.model.RoundedPoint2D@bbc42, Value: [Vertex(-2, 0, 5)]
Key: com.catan.model.RoundedPoint2D@b9d02, Value: [Vertex(-2, 0, 4)]
Key: com.catan.model.RoundedPoint2D@ed452, Value: [Vertex(-2, 0, 3)]
Key: com.catan.model.RoundedPoint2D@f3212, Value: [Vertex(-2, 1, 5)]
Key: com.catan.model.RoundedPoint2D@f12d2, Value: [Vertex(-2, 1, 4), Vertex(-2, 0, 0)]
Key: com.catan.model.RoundedPoint2D@1fc3c1, Value: [Vertex(1, 2, 5), Vertex(0, 2, 1)]
Key: com.catan.model.RoundedPoint2D@1fa481, Value: [Vertex(0, 1, 0), Vertex(1, 2, 4), Vertex(0, 2, 2)]
Key: com.catan.model.RoundedPoint2D@1f6601, Value: [Vertex(0, 0, 1), Vertex(0, 1, 3)]
Key: com.catan.model.RoundedPoint2D@1f0841, Value: [Vertex(0, -1, 3), Vertex(0, -2, 1), Vertex(1, -2, 5)]
Key: com.catan.model.RoundedPoint2D@1f46c1, Value: [Vertex(0, -1, 0), Vertex(0, 0, 2)]
Key: com.catan.model.RoundedPoint2D@1ee901, Value: [Vertex(0, -2, 2), Vertex(1, -2, 4)]
Key: com.catan.model.RoundedPoint2D@257700, Value: [Vertex(1, -2, 2)]
Key: com.catan.model.RoundedPoint2D@259640, Value: [Vertex(1, -2, 1)]
Key: com.catan.model.RoundedPoint2D@25f400, Value: [Vertex(1, 1, 3)]
Key: com.catan.model.RoundedPoint2D@2651c0, Value: [Vertex(1, 2, 1)]
Key: com.catan.model.RoundedPoint2D@263280, Value: [Vertex(1, 1, 0), Vertex(1, 2, 2)]
Key: com.catan.model.RoundedPoint2D@1b9271, Value: [Vertex(0, -2, 3)]
Key: com.catan.model.RoundedPoint2D@1bf031, Value: [Vertex(0, -1, 5), Vertex(0, 0, 3)]
Key: com.catan.model.RoundedPoint2D@1bd0f1, Value: [Vertex(0, -1, 4), Vertex(0, -2, 0)]
Key: com.catan.model.RoundedPoint2D@1c8c71, Value: [Vertex(0, 2, 0)]
Key: com.catan.model.RoundedPoint2D@1c4df1, Value: [Vertex(0, 1, 5), Vertex(0, 2, 3)]
Key: com.catan.model.RoundedPoint2D@1c2eb1, Value: [Vertex(0, 0, 0), Vertex(0, 1, 4)]
Key: com.catan.model.RoundedPoint2D@122ae2, Value: [Vertex(-2, 0, 2)]
Key: com.catan.model.RoundedPoint2D@12a7e2, Value: [Vertex(-1, 2, 5)]
Key: com.catan.model.RoundedPoint2D@124a22, Value: [Vertex(-2, 1, 3), Vertex(-2, 0, 1)]
Key: com.catan.model.RoundedPoint2D@1288a2, Value: [Vertex(-2, 1, 0), Vertex(-1, 2, 4)]
Key: com.catan.model.RoundedPoint2D@231a51, Value: [Vertex(1, 2, 0)]
Key: com.catan.model.RoundedPoint2D@222051, Value: [Vertex(1, -2, 3)]
Key: com.catan.model.RoundedPoint2D@22dbd1, Value: [Vertex(1, 1, 5), Vertex(0, 1, 1), Vertex(1, 2, 3)]
Key: com.catan.model.RoundedPoint2D@22bc91, Value: [Vertex(1, 1, 4), Vertex(0, 1, 2)]
Key: com.catan.model.RoundedPoint2D@225ed1, Value: [Vertex(0, -1, 2), Vertex(1, -2, 0)]
Key: com.catan.model.RoundedPoint2D@227e11, Value: [Vertex(0, -1, 1)]
Key: com.catan.model.RoundedPoint2D@11ec62, Value: [Vertex(-1, -2, 5)]
Key: com.catan.model.RoundedPoint2D@11cd22, Value: [Vertex(-1, -2, 4)]
Key: com.catan.model.RoundedPoint2D@1935e1, Value: [Vertex(0, 2, 5), Vertex(-1, 2, 1)]
Key: com.catan.model.RoundedPoint2D@1916a1, Value: [Vertex(0, 2, 4), Vertex(-1, 2, 2)]
Key: com.catan.model.RoundedPoint2D@294a90, Value: [Vertex(1, 1, 2)]
Key: com.catan.model.RoundedPoint2D@2969d0, Value: [Vertex(1, 1, 1)]
Key: com.catan.model.RoundedPoint2D@18d821, Value: [Vertex(0, 0, 5)]
Key: com.catan.model.RoundedPoint2D@18b8e1, Value: [Vertex(0, 0, 4)]
Key: com.catan.model.RoundedPoint2D@185b21, Value: [Vertex(-1, -2, 2), Vertex(0, -2, 4)]
Key: com.catan.model.RoundedPoint2D@187a61, Value: [Vertex(-1, -2, 1), Vertex(0, -2, 5)]
Key: com.catan.model.RoundedPoint2D@15fe91, Value: [Vertex(-1, 2, 0)]
Key: com.catan.model.RoundedPoint2D@15a0d1, Value: [Vertex(-2, 1, 2)]
Key: com.catan.model.RoundedPoint2D@15c011, Value: [Vertex(-2, 1, 1), Vertex(-1, 2, 3)]
Key: com.catan.model.RoundedPoint2D@150491, Value: [Vertex(-1, -2, 3)]
Key: com.catan.model.RoundedPoint2D@154311, Value: [Vertex(-1, -2, 0)]
Key: com.catan.model.RoundedPoint2D@bbc42, Value: [Vertex(-2, 0, 5)]
Key: com.catan.model.RoundedPoint2D@b9d02, Value: [Vertex(-2, 0, 4)]
Key: com.catan.model.RoundedPoint2D@ed452, Value: [Vertex(-2, 0, 3)]
Key: com.catan.model.RoundedPoint2D@f3212, Value: [Vertex(-2, 1, 5)]
Key: com.catan.model.RoundedPoint2D@f12d2, Value: [Vertex(-2, 1, 4), Vertex(-2, 0, 0)]
Key: com.catan.model.RoundedPoint2D@1fc3c1, Value: [Vertex(1, 2, 5), Vertex(0, 2, 1)]
Key: com.catan.model.RoundedPoint2D@1fa481, Value: [Vertex(0, 1, 0), Vertex(1, 2, 4), Vertex(0, 2, 2)]
Key: com.catan.model.RoundedPoint2D@1f6601, Value: [Vertex(0, 0, 1), Vertex(0, 1, 3)]
Key: com.catan.model.RoundedPoint2D@1f0841, Value: [Vertex(0, -1, 3), Vertex(0, -2, 1), Vertex(1, -2, 5)]
Key: com.catan.model.RoundedPoint2D@1f46c1, Value: [Vertex(0, -1, 0), Vertex(0, 0, 2)]
Key: com.catan.model.RoundedPoint2D@1ee901, Value: [Vertex(0, -2, 2), Vertex(1, -2, 4)]
Key: com.catan.model.RoundedPoint2D@257700, Value: [Vertex(1, -2, 2)]
Key: com.catan.model.RoundedPoint2D@259640, Value: [Vertex(1, -2, 1)]
Key: com.catan.model.RoundedPoint2D@25f400, Value: [Vertex(1, 1, 3)]
Key: com.catan.model.RoundedPoint2D@2651c0, Value: [Vertex(1, 2, 1)]
Key: com.catan.model.RoundedPoint2D@263280, Value: [Vertex(1, 1, 0), Vertex(1, 2, 2)]
Key: com.catan.model.RoundedPoint2D@1b9271, Value: [Vertex(0, -2, 3)]
Key: com.catan.model.RoundedPoint2D@1bf031, Value: [Vertex(0, -1, 5), Vertex(0, 0, 3)]
Key: com.catan.model.RoundedPoint2D@1bd0f1, Value: [Vertex(0, -1, 4), Vertex(0, -2, 0)]
Key: com.catan.model.RoundedPoint2D@1c8c71, Value: [Vertex(0, 2, 0)]
Key: com.catan.model.RoundedPoint2D@1c4df1, Value: [Vertex(0, 1, 5), Vertex(0, 2, 3)]
Key: com.catan.model.RoundedPoint2D@1c2eb1, Value: [Vertex(0, 0, 0), Vertex(0, 1, 4)]
Key: com.catan.model.RoundedPoint2D@122ae2, Value: [Vertex(-2, 0, 2)]
Key: com.catan.model.RoundedPoint2D@12a7e2, Value: [Vertex(-1, 2, 5)]
Key: com.catan.model.RoundedPoint2D@124a22, Value: [Vertex(-2, 1, 3), Vertex(-2, 0, 1)]
Key: com.catan.model.RoundedPoint2D@1288a2, Value: [Vertex(-2, 1, 0), Vertex(-1, 2, 4)]
Key: com.catan.model.RoundedPoint2D@231a51, Value: [Vertex(1, 2, 0)]
Key: com.catan.model.RoundedPoint2D@222051, Value: [Vertex(1, -2, 3)]
Key: com.catan.model.RoundedPoint2D@22dbd1, Value: [Vertex(1, 1, 5), Vertex(0, 1, 1), Vertex(1, 2, 3)]
Key: com.catan.model.RoundedPoint2D@22bc91, Value: [Vertex(1, 1, 4), Vertex(0, 1, 2)]
Key: com.catan.model.RoundedPoint2D@225ed1, Value: [Vertex(0, -1, 2), Vertex(1, -2, 0)]
Key: com.catan.model.RoundedPoint2D@227e11, Value: [Vertex(0, -1, 1)]
Key: com.catan.model.RoundedPoint2D@11ec62, Value: [Vertex(-1, -2, 5)]
Key: com.catan.model.RoundedPoint2D@11cd22, Value: [Vertex(-1, -2, 4)]
Key: com.catan.model.RoundedPoint2D@1935e1, Value: [Vertex(0, 2, 5), Vertex(-1, 2, 1)]
Key: com.catan.model.RoundedPoint2D@1916a1, Value: [Vertex(0, 2, 4), Vertex(-1, 2, 2), Vertex(-1, 1, 0)]
Key: com.catan.model.RoundedPoint2D@294a90, Value: [Vertex(1, 1, 2)]
Key: com.catan.model.RoundedPoint2D@2969d0, Value: [Vertex(1, 1, 1)]
Key: com.catan.model.RoundedPoint2D@18d821, Value: [Vertex(0, 0, 5)]
Key: com.catan.model.RoundedPoint2D@18b8e1, Value: [Vertex(0, 0, 4)]
Key: com.catan.model.RoundedPoint2D@185b21, Value: [Vertex(-1, -2, 2), Vertex(0, -2, 4)]
Key: com.catan.model.RoundedPoint2D@187a61, Value: [Vertex(-1, -2, 1), Vertex(0, -2, 5)]
Key: com.catan.model.RoundedPoint2D@15fe91, Value: [Vertex(-1, 2, 0)]
Key: com.catan.model.RoundedPoint2D@15a0d1, Value: [Vertex(-2, 1, 2)]
Key: com.catan.model.RoundedPoint2D@15c011, Value: [Vertex(-2, 1, 1), Vertex(-1, 2, 3)]
Key: com.catan.model.RoundedPoint2D@150491, Value: [Vertex(-1, -2, 3)]
Key: com.catan.model.RoundedPoint2D@154311, Value: [Vertex(-1, -2, 0)]
Key: com.catan.model.RoundedPoint2D@bbc42, Value: [Vertex(-2, 0, 5)]
Key: com.catan.model.RoundedPoint2D@b9d02, Value: [Vertex(-2, 0, 4)]
Key: com.catan.model.RoundedPoint2D@ed452, Value: [Vertex(-2, 0, 3)]
Key: com.catan.model.RoundedPoint2D@f3212, Value: [Vertex(-2, 1, 5)]
Key: com.catan.model.RoundedPoint2D@f12d2, Value: [Vertex(-2, 1, 4), Vertex(-2, 0, 0)]
Key: com.catan.model.RoundedPoint2D@1fc3c1, Value: [Vertex(1, 2, 5), Vertex(0, 2, 1)]
Key: com.catan.model.RoundedPoint2D@1fa481, Value: [Vertex(0, 1, 0), Vertex(1, 2, 4), Vertex(0, 2, 2)]
Key: com.catan.model.RoundedPoint2D@1f6601, Value: [Vertex(0, 0, 1), Vertex(0, 1, 3)]
Key: com.catan.model.RoundedPoint2D@1f0841, Value: [Vertex(0, -1, 3), Vertex(0, -2, 1), Vertex(1, -2, 5)]
Key: com.catan.model.RoundedPoint2D@1f46c1, Value: [Vertex(0, -1, 0), Vertex(0, 0, 2)]
Key: com.catan.model.RoundedPoint2D@1ee901, Value: [Vertex(0, -2, 2), Vertex(1, -2, 4)]
Key: com.catan.model.RoundedPoint2D@257700, Value: [Vertex(1, -2, 2)]
Key: com.catan.model.RoundedPoint2D@259640, Value: [Vertex(1, -2, 1)]
Key: com.catan.model.RoundedPoint2D@25f400, Value: [Vertex(1, 1, 3)]
Key: com.catan.model.RoundedPoint2D@2651c0, Value: [Vertex(1, 2, 1)]
Key: com.catan.model.RoundedPoint2D@263280, Value: [Vertex(1, 1, 0), Vertex(1, 2, 2)]
Key: com.catan.model.RoundedPoint2D@1b9271, Value: [Vertex(0, -2, 3)]
Key: com.catan.model.RoundedPoint2D@1bf031, Value: [Vertex(0, -1, 5), Vertex(0, 0, 3)]
Key: com.catan.model.RoundedPoint2D@1bd0f1, Value: [Vertex(0, -1, 4), Vertex(0, -2, 0)]
Key: com.catan.model.RoundedPoint2D@1c8c71, Value: [Vertex(0, 2, 0)]
Key: com.catan.model.RoundedPoint2D@1c4df1, Value: [Vertex(0, 1, 5), Vertex(0, 2, 3), Vertex(-1, 1, 1)]
Key: com.catan.model.RoundedPoint2D@1c2eb1, Value: [Vertex(0, 0, 0), Vertex(0, 1, 4)]
Key: com.catan.model.RoundedPoint2D@122ae2, Value: [Vertex(-2, 0, 2)]
Key: com.catan.model.RoundedPoint2D@12a7e2, Value: [Vertex(-1, 2, 5)]
Key: com.catan.model.RoundedPoint2D@124a22, Value: [Vertex(-2, 1, 3), Vertex(-2, 0, 1)]
Key: com.catan.model.RoundedPoint2D@1288a2, Value: [Vertex(-2, 1, 0), Vertex(-1, 2, 4)]
Key: com.catan.model.RoundedPoint2D@231a51, Value: [Vertex(1, 2, 0)]
Key: com.catan.model.RoundedPoint2D@222051, Value: [Vertex(1, -2, 3)]
Key: com.catan.model.RoundedPoint2D@22dbd1, Value: [Vertex(1, 1, 5), Vertex(0, 1, 1), Vertex(1, 2, 3)]
Key: com.catan.model.RoundedPoint2D@22bc91, Value: [Vertex(1, 1, 4), Vertex(0, 1, 2)]
Key: com.catan.model.RoundedPoint2D@225ed1, Value: [Vertex(0, -1, 2), Vertex(1, -2, 0)]
Key: com.catan.model.RoundedPoint2D@227e11, Value: [Vertex(0, -1, 1)]
Key: com.catan.model.RoundedPoint2D@11ec62, Value: [Vertex(-1, -2, 5)]
Key: com.catan.model.RoundedPoint2D@11cd22, Value: [Vertex(-1, -2, 4)]
Key: com.catan.model.RoundedPoint2D@1935e1, Value: [Vertex(0, 2, 5), Vertex(-1, 2, 1)]
Key: com.catan.model.RoundedPoint2D@1916a1, Value: [Vertex(0, 2, 4), Vertex(-1, 2, 2), Vertex(-1, 1, 0)]
Key: com.catan.model.RoundedPoint2D@294a90, Value: [Vertex(1, 1, 2)]
Key: com.catan.model.RoundedPoint2D@2969d0, Value: [Vertex(1, 1, 1)]
Key: com.catan.model.RoundedPoint2D@18d821, Value: [Vertex(0, 0, 5)]
Key: com.catan.model.RoundedPoint2D@18b8e1, Value: [Vertex(0, 0, 4)]
Key: com.catan.model.RoundedPoint2D@185b21, Value: [Vertex(-1, -2, 2), Vertex(0, -2, 4)]
Key: com.catan.model.RoundedPoint2D@187a61, Value: [Vertex(-1, -2, 1), Vertex(0, -2, 5)]
Key: com.catan.model.RoundedPoint2D@15fe91, Value: [Vertex(-1, 2, 0)]
Key: com.catan.model.RoundedPoint2D@15a0d1, Value: [Vertex(-2, 1, 2)]
Key: com.catan.model.RoundedPoint2D@15c011, Value: [Vertex(-2, 1, 1), Vertex(-1, 2, 3)]
Key: com.catan.model.RoundedPoint2D@150491, Value: [Vertex(-1, -2, 3)]
Key: com.catan.model.RoundedPoint2D@154311, Value: [Vertex(-1, -2, 0)]
Key: com.catan.model.RoundedPoint2D@bbc42, Value: [Vertex(-2, 0, 5)]
Key: com.catan.model.RoundedPoint2D@b9d02, Value: [Vertex(-2, 0, 4)]
Key: com.catan.model.RoundedPoint2D@ed452, Value: [Vertex(-2, 0, 3)]
Key: com.catan.model.RoundedPoint2D@f3212, Value: [Vertex(-2, 1, 5)]
Key: com.catan.model.RoundedPoint2D@f12d2, Value: [Vertex(-2, 1, 4), Vertex(-2, 0, 0)]
Key: com.catan.model.RoundedPoint2D@1fc3c1, Value: [Vertex(1, 2, 5), Vertex(0, 2, 1)]
Key: com.catan.model.RoundedPoint2D@1fa481, Value: [Vertex(0, 1, 0), Vertex(1, 2, 4), Vertex(0, 2, 2)]
Key: com.catan.model.RoundedPoint2D@1f6601, Value: [Vertex(0, 0, 1), Vertex(0, 1, 3)]
Key: com.catan.model.RoundedPoint2D@1f0841, Value: [Vertex(0, -1, 3), Vertex(0, -2, 1), Vertex(1, -2, 5)]
Key: com.catan.model.RoundedPoint2D@1f46c1, Value: [Vertex(0, -1, 0), Vertex(0, 0, 2)]
Key: com.catan.model.RoundedPoint2D@1ee901, Value: [Vertex(0, -2, 2), Vertex(1, -2, 4)]
Key: com.catan.model.RoundedPoint2D@257700, Value: [Vertex(1, -2, 2)]
Key: com.catan.model.RoundedPoint2D@259640, Value: [Vertex(1, -2, 1)]
Key: com.catan.model.RoundedPoint2D@25f400, Value: [Vertex(1, 1, 3)]
Key: com.catan.model.RoundedPoint2D@2651c0, Value: [Vertex(1, 2, 1)]
Key: com.catan.model.RoundedPoint2D@263280, Value: [Vertex(1, 1, 0), Vertex(1, 2, 2)]
Key: com.catan.model.RoundedPoint2D@1b9271, Value: [Vertex(0, -2, 3)]
Key: com.catan.model.RoundedPoint2D@1bf031, Value: [Vertex(0, -1, 5), Vertex(0, 0, 3)]
Key: com.catan.model.RoundedPoint2D@1bd0f1, Value: [Vertex(0, -1, 4), Vertex(0, -2, 0)]
Key: com.catan.model.RoundedPoint2D@1c8c71, Value: [Vertex(0, 2, 0)]
Key: com.catan.model.RoundedPoint2D@1c4df1, Value: [Vertex(0, 1, 5), Vertex(0, 2, 3), Vertex(-1, 1, 1)]
Key: com.catan.model.RoundedPoint2D@1c2eb1, Value: [Vertex(0, 0, 0), Vertex(0, 1, 4), Vertex(-1, 1, 2)]
Key: com.catan.model.RoundedPoint2D@122ae2, Value: [Vertex(-2, 0, 2)]
Key: com.catan.model.RoundedPoint2D@12a7e2, Value: [Vertex(-1, 2, 5)]
Key: com.catan.model.RoundedPoint2D@124a22, Value: [Vertex(-2, 1, 3), Vertex(-2, 0, 1)]
Key: com.catan.model.RoundedPoint2D@1288a2, Value: [Vertex(-2, 1, 0), Vertex(-1, 2, 4)]
Key: com.catan.model.RoundedPoint2D@231a51, Value: [Vertex(1, 2, 0)]
Key: com.catan.model.RoundedPoint2D@222051, Value: [Vertex(1, -2, 3)]
Key: com.catan.model.RoundedPoint2D@22dbd1, Value: [Vertex(1, 1, 5), Vertex(0, 1, 1), Vertex(1, 2, 3)]
Key: com.catan.model.RoundedPoint2D@22bc91, Value: [Vertex(1, 1, 4), Vertex(0, 1, 2)]
Key: com.catan.model.RoundedPoint2D@225ed1, Value: [Vertex(0, -1, 2), Vertex(1, -2, 0)]
Key: com.catan.model.RoundedPoint2D@227e11, Value: [Vertex(0, -1, 1)]
Key: com.catan.model.RoundedPoint2D@11ec62, Value: [Vertex(-1, -2, 5)]
Key: com.catan.model.RoundedPoint2D@11cd22, Value: [Vertex(-1, -2, 4)]
Key: com.catan.model.RoundedPoint2D@1935e1, Value: [Vertex(0, 2, 5), Vertex(-1, 2, 1)]
Key: com.catan.model.RoundedPoint2D@1916a1, Value: [Vertex(0, 2, 4), Vertex(-1, 2, 2), Vertex(-1, 1, 0)]
Key: com.catan.model.RoundedPoint2D@294a90, Value: [Vertex(1, 1, 2)]
Key: com.catan.model.RoundedPoint2D@2969d0, Value: [Vertex(1, 1, 1)]
Key: com.catan.model.RoundedPoint2D@18d821, Value: [Vertex(0, 0, 5)]
Key: com.catan.model.RoundedPoint2D@18b8e1, Value: [Vertex(0, 0, 4)]
Key: com.catan.model.RoundedPoint2D@185b21, Value: [Vertex(-1, -2, 2), Vertex(0, -2, 4)]
Key: com.catan.model.RoundedPoint2D@187a61, Value: [Vertex(-1, -2, 1), Vertex(0, -2, 5)]
Key: com.catan.model.RoundedPoint2D@15fe91, Value: [Vertex(-1, 2, 0)]
Key: com.catan.model.RoundedPoint2D@15a0d1, Value: [Vertex(-2, 1, 2)]
Key: com.catan.model.RoundedPoint2D@15c011, Value: [Vertex(-2, 1, 1), Vertex(-1, 2, 3)]
Key: com.catan.model.RoundedPoint2D@150491, Value: [Vertex(-1, -2, 3)]
Key: com.catan.model.RoundedPoint2D@154311, Value: [Vertex(-1, -2, 0)]
Key: com.catan.model.RoundedPoint2D@bbc42, Value: [Vertex(-2, 0, 5)]
Key: com.catan.model.RoundedPoint2D@b9d02, Value: [Vertex(-2, 0, 4)]
Key: com.catan.model.RoundedPoint2D@ed452, Value: [Vertex(-2, 0, 3)]
Key: com.catan.model.RoundedPoint2D@f3212, Value: [Vertex(-2, 1, 5)]
Key: com.catan.model.RoundedPoint2D@f12d2, Value: [Vertex(-2, 1, 4), Vertex(-2, 0, 0)]
Key: com.catan.model.RoundedPoint2D@1fc3c1, Value: [Vertex(1, 2, 5), Vertex(0, 2, 1)]
Key: com.catan.model.RoundedPoint2D@1fa481, Value: [Vertex(0, 1, 0), Vertex(1, 2, 4), Vertex(0, 2, 2)]
Key: com.catan.model.RoundedPoint2D@1f6601, Value: [Vertex(0, 0, 1), Vertex(0, 1, 3)]
Key: com.catan.model.RoundedPoint2D@1f0841, Value: [Vertex(0, -1, 3), Vertex(0, -2, 1), Vertex(1, -2, 5)]
Key: com.catan.model.RoundedPoint2D@1f46c1, Value: [Vertex(0, -1, 0), Vertex(0, 0, 2)]
Key: com.catan.model.RoundedPoint2D@1ee901, Value: [Vertex(0, -2, 2), Vertex(1, -2, 4)]
Key: com.catan.model.RoundedPoint2D@257700, Value: [Vertex(1, -2, 2)]
Key: com.catan.model.RoundedPoint2D@259640, Value: [Vertex(1, -2, 1)]
Key: com.catan.model.RoundedPoint2D@25f400, Value: [Vertex(1, 1, 3)]
Key: com.catan.model.RoundedPoint2D@2651c0, Value: [Vertex(1, 2, 1)]
Key: com.catan.model.RoundedPoint2D@263280, Value: [Vertex(1, 1, 0), Vertex(1, 2, 2)]
Key: com.catan.model.RoundedPoint2D@1b9271, Value: [Vertex(0, -2, 3)]
Key: com.catan.model.RoundedPoint2D@1bf031, Value: [Vertex(0, -1, 5), Vertex(0, 0, 3)]
Key: com.catan.model.RoundedPoint2D@1bd0f1, Value: [Vertex(0, -1, 4), Vertex(0, -2, 0)]
Key: com.catan.model.RoundedPoint2D@1c8c71, Value: [Vertex(0, 2, 0)]
Key: com.catan.model.RoundedPoint2D@1c4df1, Value: [Vertex(0, 1, 5), Vertex(0, 2, 3), Vertex(-1, 1, 1)]
Key: com.catan.model.RoundedPoint2D@1c2eb1, Value: [Vertex(0, 0, 0), Vertex(0, 1, 4), Vertex(-1, 1, 2)]
Key: com.catan.model.RoundedPoint2D@122ae2, Value: [Vertex(-2, 0, 2)]
Key: com.catan.model.RoundedPoint2D@12a7e2, Value: [Vertex(-1, 2, 5)]
Key: com.catan.model.RoundedPoint2D@124a22, Value: [Vertex(-2, 1, 3), Vertex(-2, 0, 1)]
Key: com.catan.model.RoundedPoint2D@1288a2, Value: [Vertex(-2, 1, 0), Vertex(-1, 2, 4)]
Key: com.catan.model.RoundedPoint2D@231a51, Value: [Vertex(1, 2, 0)]
Key: com.catan.model.RoundedPoint2D@222051, Value: [Vertex(1, -2, 3)]
Key: com.catan.model.RoundedPoint2D@22dbd1, Value: [Vertex(1, 1, 5), Vertex(0, 1, 1), Vertex(1, 2, 3)]
Key: com.catan.model.RoundedPoint2D@22bc91, Value: [Vertex(1, 1, 4), Vertex(0, 1, 2)]
Key: com.catan.model.RoundedPoint2D@225ed1, Value: [Vertex(0, -1, 2), Vertex(1, -2, 0)]
Key: com.catan.model.RoundedPoint2D@227e11, Value: [Vertex(0, -1, 1)]
Key: com.catan.model.RoundedPoint2D@11ec62, Value: [Vertex(-1, -2, 5)]
Key: com.catan.model.RoundedPoint2D@11cd22, Value: [Vertex(-1, -2, 4)]
Key: com.catan.model.RoundedPoint2D@1935e1, Value: [Vertex(0, 2, 5), Vertex(-1, 2, 1)]
Key: com.catan.model.RoundedPoint2D@1916a1, Value: [Vertex(0, 2, 4), Vertex(-1, 2, 2), Vertex(-1, 1, 0)]
Key: com.catan.model.RoundedPoint2D@294a90, Value: [Vertex(1, 1, 2)]
Key: com.catan.model.RoundedPoint2D@2969d0, Value: [Vertex(1, 1, 1)]
Key: com.catan.model.RoundedPoint2D@18d821, Value: [Vertex(0, 0, 5), Vertex(-1, 1, 3)]
Key: com.catan.model.RoundedPoint2D@18b8e1, Value: [Vertex(0, 0, 4)]
Key: com.catan.model.RoundedPoint2D@185b21, Value: [Vertex(-1, -2, 2), Vertex(0, -2, 4)]
Key: com.catan.model.RoundedPoint2D@187a61, Value: [Vertex(-1, -2, 1), Vertex(0, -2, 5)]
Key: com.catan.model.RoundedPoint2D@15fe91, Value: [Vertex(-1, 2, 0)]
Key: com.catan.model.RoundedPoint2D@15a0d1, Value: [Vertex(-2, 1, 2), Vertex(-1, 1, 4)]
Key: com.catan.model.RoundedPoint2D@15c011, Value: [Vertex(-2, 1, 1), Vertex(-1, 2, 3)]
Key: com.catan.model.RoundedPoint2D@150491, Value: [Vertex(-1, -2, 3)]
Key: com.catan.model.RoundedPoint2D@154311, Value: [Vertex(-1, -2, 0)]
Key: com.catan.model.RoundedPoint2D@bbc42, Value: [Vertex(-2, 0, 5)]
Key: com.catan.model.RoundedPoint2D@b9d02, Value: [Vertex(-2, 0, 4)]
Key: com.catan.model.RoundedPoint2D@ed452, Value: [Vertex(-2, 0, 3)]
Key: com.catan.model.RoundedPoint2D@f3212, Value: [Vertex(-2, 1, 5)]
Key: com.catan.model.RoundedPoint2D@f12d2, Value: [Vertex(-2, 1, 4), Vertex(-2, 0, 0)]
Key: com.catan.model.RoundedPoint2D@1fc3c1, Value: [Vertex(1, 2, 5), Vertex(0, 2, 1)]
Key: com.catan.model.RoundedPoint2D@1fa481, Value: [Vertex(0, 1, 0), Vertex(1, 2, 4), Vertex(0, 2, 2)]
Key: com.catan.model.RoundedPoint2D@1f6601, Value: [Vertex(0, 0, 1), Vertex(0, 1, 3)]
Key: com.catan.model.RoundedPoint2D@1f0841, Value: [Vertex(0, -1, 3), Vertex(0, -2, 1), Vertex(1, -2, 5)]
Key: com.catan.model.RoundedPoint2D@1f46c1, Value: [Vertex(0, -1, 0), Vertex(0, 0, 2)]
Key: com.catan.model.RoundedPoint2D@1ee901, Value: [Vertex(0, -2, 2), Vertex(1, -2, 4)]
Key: com.catan.model.RoundedPoint2D@257700, Value: [Vertex(1, -2, 2)]
Key: com.catan.model.RoundedPoint2D@259640, Value: [Vertex(1, -2, 1)]
Key: com.catan.model.RoundedPoint2D@25f400, Value: [Vertex(1, 1, 3)]
Key: com.catan.model.RoundedPoint2D@2651c0, Value: [Vertex(1, 2, 1)]
Key: com.catan.model.RoundedPoint2D@263280, Value: [Vertex(1, 1, 0), Vertex(1, 2, 2)]
Key: com.catan.model.RoundedPoint2D@1b9271, Value: [Vertex(0, -2, 3)]
Key: com.catan.model.RoundedPoint2D@1bf031, Value: [Vertex(0, -1, 5), Vertex(0, 0, 3)]
Key: com.catan.model.RoundedPoint2D@1bd0f1, Value: [Vertex(0, -1, 4), Vertex(0, -2, 0)]
Key: com.catan.model.RoundedPoint2D@1c8c71, Value: [Vertex(0, 2, 0)]
Key: com.catan.model.RoundedPoint2D@1c4df1, Value: [Vertex(0, 1, 5), Vertex(0, 2, 3), Vertex(-1, 1, 1)]
Key: com.catan.model.RoundedPoint2D@1c2eb1, Value: [Vertex(0, 0, 0), Vertex(0, 1, 4), Vertex(-1, 1, 2)]
Key: com.catan.model.RoundedPoint2D@122ae2, Value: [Vertex(-2, 0, 2)]
Key: com.catan.model.RoundedPoint2D@12a7e2, Value: [Vertex(-1, 2, 5)]
Key: com.catan.model.RoundedPoint2D@124a22, Value: [Vertex(-2, 1, 3), Vertex(-2, 0, 1)]
Key: com.catan.model.RoundedPoint2D@1288a2, Value: [Vertex(-2, 1, 0), Vertex(-1, 2, 4)]
Key: com.catan.model.RoundedPoint2D@231a51, Value: [Vertex(1, 2, 0)]
Key: com.catan.model.RoundedPoint2D@222051, Value: [Vertex(1, -2, 3)]
Key: com.catan.model.RoundedPoint2D@22dbd1, Value: [Vertex(1, 1, 5), Vertex(0, 1, 1), Vertex(1, 2, 3)]
Key: com.catan.model.RoundedPoint2D@22bc91, Value: [Vertex(1, 1, 4), Vertex(0, 1, 2)]
Key: com.catan.model.RoundedPoint2D@225ed1, Value: [Vertex(0, -1, 2), Vertex(1, -2, 0)]
Key: com.catan.model.RoundedPoint2D@227e11, Value: [Vertex(0, -1, 1)]
Key: com.catan.model.RoundedPoint2D@11ec62, Value: [Vertex(-1, -2, 5)]
Key: com.catan.model.RoundedPoint2D@11cd22, Value: [Vertex(-1, -2, 4)]
Key: com.catan.model.RoundedPoint2D@1935e1, Value: [Vertex(0, 2, 5), Vertex(-1, 2, 1)]
Key: com.catan.model.RoundedPoint2D@1916a1, Value: [Vertex(0, 2, 4), Vertex(-1, 2, 2), Vertex(-1, 1, 0)]
Key: com.catan.model.RoundedPoint2D@294a90, Value: [Vertex(1, 1, 2)]
Key: com.catan.model.RoundedPoint2D@2969d0, Value: [Vertex(1, 1, 1)]
Key: com.catan.model.RoundedPoint2D@18d821, Value: [Vertex(0, 0, 5), Vertex(-1, 1, 3)]
Key: com.catan.model.RoundedPoint2D@18b8e1, Value: [Vertex(0, 0, 4)]
Key: com.catan.model.RoundedPoint2D@185b21, Value: [Vertex(-1, -2, 2), Vertex(0, -2, 4)]
Key: com.catan.model.RoundedPoint2D@187a61, Value: [Vertex(-1, -2, 1), Vertex(0, -2, 5)]
Key: com.catan.model.RoundedPoint2D@15fe91, Value: [Vertex(-1, 2, 0)]
Key: com.catan.model.RoundedPoint2D@15a0d1, Value: [Vertex(-2, 1, 2), Vertex(-1, 1, 4)]
Key: com.catan.model.RoundedPoint2D@15c011, Value: [Vertex(-2, 1, 1), Vertex(-1, 2, 3), Vertex(-1, 1, 5)]
Key: com.catan.model.RoundedPoint2D@150491, Value: [Vertex(-1, -2, 3)]
Key: com.catan.model.RoundedPoint2D@154311, Value: [Vertex(-1, -2, 0)]
Key: com.catan.model.RoundedPoint2D@bbc42, Value: [Vertex(-2, 0, 5)]
Key: com.catan.model.RoundedPoint2D@b9d02, Value: [Vertex(-2, 0, 4)]
Key: com.catan.model.RoundedPoint2D@ed452, Value: [Vertex(-2, 0, 3)]
Key: com.catan.model.RoundedPoint2D@f3212, Value: [Vertex(-2, 1, 5)]
Key: com.catan.model.RoundedPoint2D@f12d2, Value: [Vertex(-2, 1, 4), Vertex(-2, 0, 0)]
Key: com.catan.model.RoundedPoint2D@1fc3c1, Value: [Vertex(1, 2, 5), Vertex(0, 2, 1)]
Key: com.catan.model.RoundedPoint2D@1fa481, Value: [Vertex(0, 1, 0), Vertex(1, 2, 4), Vertex(0, 2, 2)]
Key: com.catan.model.RoundedPoint2D@1f6601, Value: [Vertex(0, 0, 1), Vertex(0, 1, 3)]
Key: com.catan.model.RoundedPoint2D@1f0841, Value: [Vertex(0, -1, 3), Vertex(0, -2, 1), Vertex(1, -2, 5)]
Key: com.catan.model.RoundedPoint2D@1f46c1, Value: [Vertex(0, -1, 0), Vertex(0, 0, 2)]
Key: com.catan.model.RoundedPoint2D@1ee901, Value: [Vertex(0, -2, 2), Vertex(1, -2, 4)]
Key: com.catan.model.RoundedPoint2D@257700, Value: [Vertex(1, -2, 2)]
Key: com.catan.model.RoundedPoint2D@259640, Value: [Vertex(1, -2, 1)]
Key: com.catan.model.RoundedPoint2D@25f400, Value: [Vertex(1, 1, 3)]
Key: com.catan.model.RoundedPoint2D@2651c0, Value: [Vertex(1, 2, 1)]
Key: com.catan.model.RoundedPoint2D@263280, Value: [Vertex(1, 1, 0), Vertex(1, 2, 2)]
Key: com.catan.model.RoundedPoint2D@1b9271, Value: [Vertex(0, -2, 3)]
Key: com.catan.model.RoundedPoint2D@1bf031, Value: [Vertex(0, -1, 5), Vertex(0, 0, 3)]
Key: com.catan.model.RoundedPoint2D@1bd0f1, Value: [Vertex(0, -1, 4), Vertex(0, -2, 0)]
Key: com.catan.model.RoundedPoint2D@1c8c71, Value: [Vertex(0, 2, 0)]
Key: com.catan.model.RoundedPoint2D@1c4df1, Value: [Vertex(0, 1, 5), Vertex(0, 2, 3), Vertex(-1, 1, 1)]
Key: com.catan.model.RoundedPoint2D@1c2eb1, Value: [Vertex(0, 0, 0), Vertex(0, 1, 4), Vertex(-1, 1, 2)]
Key: com.catan.model.RoundedPoint2D@122ae2, Value: [Vertex(-2, 0, 2)]
Key: com.catan.model.RoundedPoint2D@12a7e2, Value: [Vertex(-1, 2, 5)]
Key: com.catan.model.RoundedPoint2D@124a22, Value: [Vertex(-2, 1, 3), Vertex(-2, 0, 1)]
Key: com.catan.model.RoundedPoint2D@1288a2, Value: [Vertex(-2, 1, 0), Vertex(-1, 2, 4)]
Key: com.catan.model.RoundedPoint2D@231a51, Value: [Vertex(1, 2, 0)]
Key: com.catan.model.RoundedPoint2D@222051, Value: [Vertex(1, -2, 3)]
Key: com.catan.model.RoundedPoint2D@22dbd1, Value: [Vertex(1, 1, 5), Vertex(0, 1, 1), Vertex(1, 2, 3)]
Key: com.catan.model.RoundedPoint2D@22bc91, Value: [Vertex(1, 1, 4), Vertex(0, 1, 2)]
Key: com.catan.model.RoundedPoint2D@225ed1, Value: [Vertex(0, -1, 2), Vertex(1, -2, 0)]
Key: com.catan.model.RoundedPoint2D@227e11, Value: [Vertex(0, -1, 1)]
Key: com.catan.model.RoundedPoint2D@11ec62, Value: [Vertex(-1, -2, 5)]
Key: com.catan.model.RoundedPoint2D@11cd22, Value: [Vertex(-1, -2, 4)]
Key: com.catan.model.RoundedPoint2D@1935e1, Value: [Vertex(0, 2, 5), Vertex(-1, 2, 1)]
Key: com.catan.model.RoundedPoint2D@1916a1, Value: [Vertex(0, 2, 4), Vertex(-1, 2, 2), Vertex(-1, 1, 0)]
Key: com.catan.model.RoundedPoint2D@294a90, Value: [Vertex(1, 1, 2)]
Key: com.catan.model.RoundedPoint2D@2969d0, Value: [Vertex(1, 1, 1)]
Key: com.catan.model.RoundedPoint2D@18d821, Value: [Vertex(0, 0, 5), Vertex(-1, 1, 3)]
Key: com.catan.model.RoundedPoint2D@18b8e1, Value: [Vertex(0, 0, 4)]
Key: com.catan.model.RoundedPoint2D@185b21, Value: [Vertex(-1, -2, 2), Vertex(0, -2, 4)]
Key: com.catan.model.RoundedPoint2D@187a61, Value: [Vertex(-1, -2, 1), Vertex(0, -2, 5)]
Key: com.catan.model.RoundedPoint2D@15fe91, Value: [Vertex(-1, 2, 0)]
Key: com.catan.model.RoundedPoint2D@15a0d1, Value: [Vertex(-2, 1, 2), Vertex(-1, 1, 4)]
Key: com.catan.model.RoundedPoint2D@15c011, Value: [Vertex(-2, 1, 1), Vertex(-1, 2, 3), Vertex(-1, 1, 5)]
Key: com.catan.model.RoundedPoint2D@150491, Value: [Vertex(-1, -2, 3)]
Key: com.catan.model.RoundedPoint2D@154311, Value: [Vertex(-1, -2, 0)]
Key: com.catan.model.RoundedPoint2D@bbc42, Value: [Vertex(-2, 0, 5)]
Key: com.catan.model.RoundedPoint2D@b9d02, Value: [Vertex(-2, 0, 4)]
Key: com.catan.model.RoundedPoint2D@ed452, Value: [Vertex(-2, 0, 3)]
Key: com.catan.model.RoundedPoint2D@f3212, Value: [Vertex(-2, 1, 5)]
Key: com.catan.model.RoundedPoint2D@f12d2, Value: [Vertex(-2, 1, 4), Vertex(-2, 0, 0)]
Key: com.catan.model.RoundedPoint2D@1fc3c1, Value: [Vertex(1, 2, 5), Vertex(0, 2, 1)]
Key: com.catan.model.RoundedPoint2D@1fa481, Value: [Vertex(0, 1, 0), Vertex(1, 2, 4), Vertex(0, 2, 2)]
Key: com.catan.model.RoundedPoint2D@1f6601, Value: [Vertex(0, 0, 1), Vertex(0, 1, 3)]
Key: com.catan.model.RoundedPoint2D@1f0841, Value: [Vertex(0, -1, 3), Vertex(0, -2, 1), Vertex(1, -2, 5)]
Key: com.catan.model.RoundedPoint2D@1f46c1, Value: [Vertex(0, -1, 0), Vertex(0, 0, 2)]
Key: com.catan.model.RoundedPoint2D@1ee901, Value: [Vertex(0, -2, 2), Vertex(1, -2, 4)]
Key: com.catan.model.RoundedPoint2D@257700, Value: [Vertex(1, -2, 2)]
Key: com.catan.model.RoundedPoint2D@259640, Value: [Vertex(1, -2, 1)]
Key: com.catan.model.RoundedPoint2D@25f400, Value: [Vertex(1, 1, 3)]
Key: com.catan.model.RoundedPoint2D@2651c0, Value: [Vertex(1, 2, 1)]
Key: com.catan.model.RoundedPoint2D@263280, Value: [Vertex(1, 1, 0), Vertex(1, 2, 2)]
Key: com.catan.model.RoundedPoint2D@1b9271, Value: [Vertex(0, -2, 3)]
Key: com.catan.model.RoundedPoint2D@1bf031, Value: [Vertex(0, -1, 5), Vertex(0, 0, 3)]
Key: com.catan.model.RoundedPoint2D@1bd0f1, Value: [Vertex(0, -1, 4), Vertex(0, -2, 0)]
Key: com.catan.model.RoundedPoint2D@1c8c71, Value: [Vertex(0, 2, 0)]
Key: com.catan.model.RoundedPoint2D@1c4df1, Value: [Vertex(0, 1, 5), Vertex(0, 2, 3), Vertex(-1, 1, 1)]
Key: com.catan.model.RoundedPoint2D@1c2eb1, Value: [Vertex(0, 0, 0), Vertex(0, 1, 4), Vertex(-1, 1, 2)]
Key: com.catan.model.RoundedPoint2D@122ae2, Value: [Vertex(-2, 0, 2), Vertex(-2, -1, 0)]
Key: com.catan.model.RoundedPoint2D@12a7e2, Value: [Vertex(-1, 2, 5)]
Key: com.catan.model.RoundedPoint2D@124a22, Value: [Vertex(-2, 1, 3), Vertex(-2, 0, 1)]
Key: com.catan.model.RoundedPoint2D@1288a2, Value: [Vertex(-2, 1, 0), Vertex(-1, 2, 4)]
Key: com.catan.model.RoundedPoint2D@231a51, Value: [Vertex(1, 2, 0)]
Key: com.catan.model.RoundedPoint2D@222051, Value: [Vertex(1, -2, 3)]
Key: com.catan.model.RoundedPoint2D@22dbd1, Value: [Vertex(1, 1, 5), Vertex(0, 1, 1), Vertex(1, 2, 3)]
Key: com.catan.model.RoundedPoint2D@22bc91, Value: [Vertex(1, 1, 4), Vertex(0, 1, 2)]
Key: com.catan.model.RoundedPoint2D@225ed1, Value: [Vertex(0, -1, 2), Vertex(1, -2, 0)]
Key: com.catan.model.RoundedPoint2D@227e11, Value: [Vertex(0, -1, 1)]
Key: com.catan.model.RoundedPoint2D@11ec62, Value: [Vertex(-1, -2, 5)]
Key: com.catan.model.RoundedPoint2D@11cd22, Value: [Vertex(-1, -2, 4)]
Key: com.catan.model.RoundedPoint2D@1935e1, Value: [Vertex(0, 2, 5), Vertex(-1, 2, 1)]
Key: com.catan.model.RoundedPoint2D@1916a1, Value: [Vertex(0, 2, 4), Vertex(-1, 2, 2), Vertex(-1, 1, 0)]
Key: com.catan.model.RoundedPoint2D@294a90, Value: [Vertex(1, 1, 2)]
Key: com.catan.model.RoundedPoint2D@2969d0, Value: [Vertex(1, 1, 1)]
Key: com.catan.model.RoundedPoint2D@18d821, Value: [Vertex(0, 0, 5), Vertex(-1, 1, 3)]
Key: com.catan.model.RoundedPoint2D@18b8e1, Value: [Vertex(0, 0, 4)]
Key: com.catan.model.RoundedPoint2D@185b21, Value: [Vertex(-1, -2, 2), Vertex(0, -2, 4)]
Key: com.catan.model.RoundedPoint2D@187a61, Value: [Vertex(-1, -2, 1), Vertex(0, -2, 5)]
Key: com.catan.model.RoundedPoint2D@156251, Value: [Vertex(-2, -1, 1)]
Key: com.catan.model.RoundedPoint2D@15fe91, Value: [Vertex(-1, 2, 0)]
Key: com.catan.model.RoundedPoint2D@15a0d1, Value: [Vertex(-2, 1, 2), Vertex(-1, 1, 4)]
Key: com.catan.model.RoundedPoint2D@15c011, Value: [Vertex(-2, 1, 1), Vertex(-1, 2, 3), Vertex(-1, 1, 5)]
Key: com.catan.model.RoundedPoint2D@150491, Value: [Vertex(-1, -2, 3)]
Key: com.catan.model.RoundedPoint2D@154311, Value: [Vertex(-1, -2, 0)]
Key: com.catan.model.RoundedPoint2D@bbc42, Value: [Vertex(-2, 0, 5)]
Key: com.catan.model.RoundedPoint2D@b9d02, Value: [Vertex(-2, 0, 4)]
Key: com.catan.model.RoundedPoint2D@ed452, Value: [Vertex(-2, 0, 3)]
Key: com.catan.model.RoundedPoint2D@f3212, Value: [Vertex(-2, 1, 5)]
Key: com.catan.model.RoundedPoint2D@f12d2, Value: [Vertex(-2, 1, 4), Vertex(-2, 0, 0)]
Key: com.catan.model.RoundedPoint2D@1fc3c1, Value: [Vertex(1, 2, 5), Vertex(0, 2, 1)]
Key: com.catan.model.RoundedPoint2D@1fa481, Value: [Vertex(0, 1, 0), Vertex(1, 2, 4), Vertex(0, 2, 2)]
Key: com.catan.model.RoundedPoint2D@1f6601, Value: [Vertex(0, 0, 1), Vertex(0, 1, 3)]
Key: com.catan.model.RoundedPoint2D@1f0841, Value: [Vertex(0, -1, 3), Vertex(0, -2, 1), Vertex(1, -2, 5)]
Key: com.catan.model.RoundedPoint2D@1f46c1, Value: [Vertex(0, -1, 0), Vertex(0, 0, 2)]
Key: com.catan.model.RoundedPoint2D@1ee901, Value: [Vertex(0, -2, 2), Vertex(1, -2, 4)]
Key: com.catan.model.RoundedPoint2D@257700, Value: [Vertex(1, -2, 2)]
Key: com.catan.model.RoundedPoint2D@259640, Value: [Vertex(1, -2, 1)]
Key: com.catan.model.RoundedPoint2D@25f400, Value: [Vertex(1, 1, 3)]
Key: com.catan.model.RoundedPoint2D@2651c0, Value: [Vertex(1, 2, 1)]
Key: com.catan.model.RoundedPoint2D@263280, Value: [Vertex(1, 1, 0), Vertex(1, 2, 2)]
Key: com.catan.model.RoundedPoint2D@1b9271, Value: [Vertex(0, -2, 3)]
Key: com.catan.model.RoundedPoint2D@1bf031, Value: [Vertex(0, -1, 5), Vertex(0, 0, 3)]
Key: com.catan.model.RoundedPoint2D@1bd0f1, Value: [Vertex(0, -1, 4), Vertex(0, -2, 0)]
Key: com.catan.model.RoundedPoint2D@1c8c71, Value: [Vertex(0, 2, 0)]
Key: com.catan.model.RoundedPoint2D@1c4df1, Value: [Vertex(0, 1, 5), Vertex(0, 2, 3), Vertex(-1, 1, 1)]
Key: com.catan.model.RoundedPoint2D@1c2eb1, Value: [Vertex(0, 0, 0), Vertex(0, 1, 4), Vertex(-1, 1, 2)]
Key: com.catan.model.RoundedPoint2D@122ae2, Value: [Vertex(-2, 0, 2), Vertex(-2, -1, 0)]
Key: com.catan.model.RoundedPoint2D@12a7e2, Value: [Vertex(-1, 2, 5)]
Key: com.catan.model.RoundedPoint2D@124a22, Value: [Vertex(-2, 1, 3), Vertex(-2, 0, 1)]
Key: com.catan.model.RoundedPoint2D@1288a2, Value: [Vertex(-2, 1, 0), Vertex(-1, 2, 4)]
Key: com.catan.model.RoundedPoint2D@231a51, Value: [Vertex(1, 2, 0)]
Key: com.catan.model.RoundedPoint2D@222051, Value: [Vertex(1, -2, 3)]
Key: com.catan.model.RoundedPoint2D@22dbd1, Value: [Vertex(1, 1, 5), Vertex(0, 1, 1), Vertex(1, 2, 3)]
Key: com.catan.model.RoundedPoint2D@22bc91, Value: [Vertex(1, 1, 4), Vertex(0, 1, 2)]
Key: com.catan.model.RoundedPoint2D@225ed1, Value: [Vertex(0, -1, 2), Vertex(1, -2, 0)]
Key: com.catan.model.RoundedPoint2D@227e11, Value: [Vertex(0, -1, 1)]
Key: com.catan.model.RoundedPoint2D@11ec62, Value: [Vertex(-1, -2, 5)]
Key: com.catan.model.RoundedPoint2D@11cd22, Value: [Vertex(-1, -2, 4)]
Key: com.catan.model.RoundedPoint2D@1935e1, Value: [Vertex(0, 2, 5), Vertex(-1, 2, 1)]
Key: com.catan.model.RoundedPoint2D@1916a1, Value: [Vertex(0, 2, 4), Vertex(-1, 2, 2), Vertex(-1, 1, 0)]
Key: com.catan.model.RoundedPoint2D@294a90, Value: [Vertex(1, 1, 2)]
Key: com.catan.model.RoundedPoint2D@2969d0, Value: [Vertex(1, 1, 1)]
Key: com.catan.model.RoundedPoint2D@18d821, Value: [Vertex(0, 0, 5), Vertex(-1, 1, 3)]
Key: com.catan.model.RoundedPoint2D@18b8e1, Value: [Vertex(0, 0, 4)]
Key: com.catan.model.RoundedPoint2D@185b21, Value: [Vertex(-1, -2, 2), Vertex(0, -2, 4)]
Key: com.catan.model.RoundedPoint2D@187a61, Value: [Vertex(-1, -2, 1), Vertex(0, -2, 5)]
Key: com.catan.model.RoundedPoint2D@156251, Value: [Vertex(-2, -1, 1)]
Key: com.catan.model.RoundedPoint2D@15fe91, Value: [Vertex(-1, 2, 0)]
Key: com.catan.model.RoundedPoint2D@15a0d1, Value: [Vertex(-2, 1, 2), Vertex(-1, 1, 4)]
Key: com.catan.model.RoundedPoint2D@15c011, Value: [Vertex(-2, 1, 1), Vertex(-1, 2, 3), Vertex(-1, 1, 5)]
Key: com.catan.model.RoundedPoint2D@150491, Value: [Vertex(-1, -2, 3)]
Key: com.catan.model.RoundedPoint2D@154311, Value: [Vertex(-1, -2, 0), Vertex(-2, -1, 2)]
Key: com.catan.model.RoundedPoint2D@bbc42, Value: [Vertex(-2, 0, 5)]
Key: com.catan.model.RoundedPoint2D@b9d02, Value: [Vertex(-2, 0, 4)]
Key: com.catan.model.RoundedPoint2D@ed452, Value: [Vertex(-2, 0, 3)]
Key: com.catan.model.RoundedPoint2D@f3212, Value: [Vertex(-2, 1, 5)]
Key: com.catan.model.RoundedPoint2D@f12d2, Value: [Vertex(-2, 1, 4), Vertex(-2, 0, 0)]
Key: com.catan.model.RoundedPoint2D@1fc3c1, Value: [Vertex(1, 2, 5), Vertex(0, 2, 1)]
Key: com.catan.model.RoundedPoint2D@1fa481, Value: [Vertex(0, 1, 0), Vertex(1, 2, 4), Vertex(0, 2, 2)]
Key: com.catan.model.RoundedPoint2D@1f6601, Value: [Vertex(0, 0, 1), Vertex(0, 1, 3)]
Key: com.catan.model.RoundedPoint2D@1f0841, Value: [Vertex(0, -1, 3), Vertex(0, -2, 1), Vertex(1, -2, 5)]
Key: com.catan.model.RoundedPoint2D@1f46c1, Value: [Vertex(0, -1, 0), Vertex(0, 0, 2)]
Key: com.catan.model.RoundedPoint2D@1ee901, Value: [Vertex(0, -2, 2), Vertex(1, -2, 4)]
Key: com.catan.model.RoundedPoint2D@257700, Value: [Vertex(1, -2, 2)]
Key: com.catan.model.RoundedPoint2D@259640, Value: [Vertex(1, -2, 1)]
Key: com.catan.model.RoundedPoint2D@25f400, Value: [Vertex(1, 1, 3)]
Key: com.catan.model.RoundedPoint2D@2651c0, Value: [Vertex(1, 2, 1)]
Key: com.catan.model.RoundedPoint2D@263280, Value: [Vertex(1, 1, 0), Vertex(1, 2, 2)]
Key: com.catan.model.RoundedPoint2D@1b9271, Value: [Vertex(0, -2, 3)]
Key: com.catan.model.RoundedPoint2D@1bf031, Value: [Vertex(0, -1, 5), Vertex(0, 0, 3)]
Key: com.catan.model.RoundedPoint2D@1bd0f1, Value: [Vertex(0, -1, 4), Vertex(0, -2, 0)]
Key: com.catan.model.RoundedPoint2D@1c8c71, Value: [Vertex(0, 2, 0)]
Key: com.catan.model.RoundedPoint2D@1c4df1, Value: [Vertex(0, 1, 5), Vertex(0, 2, 3), Vertex(-1, 1, 1)]
Key: com.catan.model.RoundedPoint2D@1c2eb1, Value: [Vertex(0, 0, 0), Vertex(0, 1, 4), Vertex(-1, 1, 2)]
Key: com.catan.model.RoundedPoint2D@122ae2, Value: [Vertex(-2, 0, 2), Vertex(-2, -1, 0)]
Key: com.catan.model.RoundedPoint2D@12a7e2, Value: [Vertex(-1, 2, 5)]
Key: com.catan.model.RoundedPoint2D@124a22, Value: [Vertex(-2, 1, 3), Vertex(-2, 0, 1)]
Key: com.catan.model.RoundedPoint2D@1288a2, Value: [Vertex(-2, 1, 0), Vertex(-1, 2, 4)]
Key: com.catan.model.RoundedPoint2D@231a51, Value: [Vertex(1, 2, 0)]
Key: com.catan.model.RoundedPoint2D@222051, Value: [Vertex(1, -2, 3)]
Key: com.catan.model.RoundedPoint2D@22dbd1, Value: [Vertex(1, 1, 5), Vertex(0, 1, 1), Vertex(1, 2, 3)]
Key: com.catan.model.RoundedPoint2D@22bc91, Value: [Vertex(1, 1, 4), Vertex(0, 1, 2)]
Key: com.catan.model.RoundedPoint2D@225ed1, Value: [Vertex(0, -1, 2), Vertex(1, -2, 0)]
Key: com.catan.model.RoundedPoint2D@227e11, Value: [Vertex(0, -1, 1)]
Key: com.catan.model.RoundedPoint2D@11ec62, Value: [Vertex(-1, -2, 5)]
Key: com.catan.model.RoundedPoint2D@11cd22, Value: [Vertex(-1, -2, 4)]
Key: com.catan.model.RoundedPoint2D@1935e1, Value: [Vertex(0, 2, 5), Vertex(-1, 2, 1)]
Key: com.catan.model.RoundedPoint2D@1916a1, Value: [Vertex(0, 2, 4), Vertex(-1, 2, 2), Vertex(-1, 1, 0)]
Key: com.catan.model.RoundedPoint2D@294a90, Value: [Vertex(1, 1, 2)]
Key: com.catan.model.RoundedPoint2D@2969d0, Value: [Vertex(1, 1, 1)]
Key: com.catan.model.RoundedPoint2D@18d821, Value: [Vertex(0, 0, 5), Vertex(-1, 1, 3)]
Key: com.catan.model.RoundedPoint2D@18b8e1, Value: [Vertex(0, 0, 4)]
Key: com.catan.model.RoundedPoint2D@185b21, Value: [Vertex(-1, -2, 2), Vertex(0, -2, 4)]
Key: com.catan.model.RoundedPoint2D@187a61, Value: [Vertex(-1, -2, 1), Vertex(0, -2, 5)]
Key: com.catan.model.RoundedPoint2D@156251, Value: [Vertex(-2, -1, 1)]
Key: com.catan.model.RoundedPoint2D@15fe91, Value: [Vertex(-1, 2, 0)]
Key: com.catan.model.RoundedPoint2D@15a0d1, Value: [Vertex(-2, 1, 2), Vertex(-1, 1, 4)]
Key: com.catan.model.RoundedPoint2D@15c011, Value: [Vertex(-2, 1, 1), Vertex(-1, 2, 3), Vertex(-1, 1, 5)]
Key: com.catan.model.RoundedPoint2D@150491, Value: [Vertex(-1, -2, 3)]
Key: com.catan.model.RoundedPoint2D@154311, Value: [Vertex(-1, -2, 0), Vertex(-2, -1, 2)]
Key: com.catan.model.RoundedPoint2D@bbc42, Value: [Vertex(-2, 0, 5)]
Key: com.catan.model.RoundedPoint2D@b9d02, Value: [Vertex(-2, 0, 4)]
Key: com.catan.model.RoundedPoint2D@ed452, Value: [Vertex(-2, 0, 3)]
Key: com.catan.model.RoundedPoint2D@f3212, Value: [Vertex(-2, 1, 5)]
Key: com.catan.model.RoundedPoint2D@f12d2, Value: [Vertex(-2, 1, 4), Vertex(-2, 0, 0)]
Key: com.catan.model.RoundedPoint2D@1fc3c1, Value: [Vertex(1, 2, 5), Vertex(0, 2, 1)]
Key: com.catan.model.RoundedPoint2D@1fa481, Value: [Vertex(0, 1, 0), Vertex(1, 2, 4), Vertex(0, 2, 2)]
Key: com.catan.model.RoundedPoint2D@1f6601, Value: [Vertex(0, 0, 1), Vertex(0, 1, 3)]
Key: com.catan.model.RoundedPoint2D@1f0841, Value: [Vertex(0, -1, 3), Vertex(0, -2, 1), Vertex(1, -2, 5)]
Key: com.catan.model.RoundedPoint2D@1f46c1, Value: [Vertex(0, -1, 0), Vertex(0, 0, 2)]
Key: com.catan.model.RoundedPoint2D@1ee901, Value: [Vertex(0, -2, 2), Vertex(1, -2, 4)]
Key: com.catan.model.RoundedPoint2D@257700, Value: [Vertex(1, -2, 2)]
Key: com.catan.model.RoundedPoint2D@259640, Value: [Vertex(1, -2, 1)]
Key: com.catan.model.RoundedPoint2D@25f400, Value: [Vertex(1, 1, 3)]
Key: com.catan.model.RoundedPoint2D@2651c0, Value: [Vertex(1, 2, 1)]
Key: com.catan.model.RoundedPoint2D@263280, Value: [Vertex(1, 1, 0), Vertex(1, 2, 2)]
Key: com.catan.model.RoundedPoint2D@1b9271, Value: [Vertex(0, -2, 3)]
Key: com.catan.model.RoundedPoint2D@1bf031, Value: [Vertex(0, -1, 5), Vertex(0, 0, 3)]
Key: com.catan.model.RoundedPoint2D@1bd0f1, Value: [Vertex(0, -1, 4), Vertex(0, -2, 0)]
Key: com.catan.model.RoundedPoint2D@1c8c71, Value: [Vertex(0, 2, 0)]
Key: com.catan.model.RoundedPoint2D@1c4df1, Value: [Vertex(0, 1, 5), Vertex(0, 2, 3), Vertex(-1, 1, 1)]
Key: com.catan.model.RoundedPoint2D@1c2eb1, Value: [Vertex(0, 0, 0), Vertex(0, 1, 4), Vertex(-1, 1, 2)]
Key: com.catan.model.RoundedPoint2D@122ae2, Value: [Vertex(-2, 0, 2), Vertex(-2, -1, 0)]
Key: com.catan.model.RoundedPoint2D@12a7e2, Value: [Vertex(-1, 2, 5)]
Key: com.catan.model.RoundedPoint2D@124a22, Value: [Vertex(-2, 1, 3), Vertex(-2, 0, 1)]
Key: com.catan.model.RoundedPoint2D@1288a2, Value: [Vertex(-2, 1, 0), Vertex(-1, 2, 4)]
Key: com.catan.model.RoundedPoint2D@231a51, Value: [Vertex(1, 2, 0)]
Key: com.catan.model.RoundedPoint2D@222051, Value: [Vertex(1, -2, 3)]
Key: com.catan.model.RoundedPoint2D@22dbd1, Value: [Vertex(1, 1, 5), Vertex(0, 1, 1), Vertex(1, 2, 3)]
Key: com.catan.model.RoundedPoint2D@22bc91, Value: [Vertex(1, 1, 4), Vertex(0, 1, 2)]
Key: com.catan.model.RoundedPoint2D@225ed1, Value: [Vertex(0, -1, 2), Vertex(1, -2, 0)]
Key: com.catan.model.RoundedPoint2D@227e11, Value: [Vertex(0, -1, 1)]
Key: com.catan.model.RoundedPoint2D@11ec62, Value: [Vertex(-1, -2, 5), Vertex(-2, -1, 3)]
Key: com.catan.model.RoundedPoint2D@11cd22, Value: [Vertex(-1, -2, 4)]
Key: com.catan.model.RoundedPoint2D@1935e1, Value: [Vertex(0, 2, 5), Vertex(-1, 2, 1)]
Key: com.catan.model.RoundedPoint2D@1916a1, Value: [Vertex(0, 2, 4), Vertex(-1, 2, 2), Vertex(-1, 1, 0)]
Key: com.catan.model.RoundedPoint2D@294a90, Value: [Vertex(1, 1, 2)]
Key: com.catan.model.RoundedPoint2D@2969d0, Value: [Vertex(1, 1, 1)]
Key: com.catan.model.RoundedPoint2D@18d821, Value: [Vertex(0, 0, 5), Vertex(-1, 1, 3)]
Key: com.catan.model.RoundedPoint2D@18b8e1, Value: [Vertex(0, 0, 4)]
Key: com.catan.model.RoundedPoint2D@185b21, Value: [Vertex(-1, -2, 2), Vertex(0, -2, 4)]
Key: com.catan.model.RoundedPoint2D@187a61, Value: [Vertex(-1, -2, 1), Vertex(0, -2, 5)]
Key: com.catan.model.RoundedPoint2D@156251, Value: [Vertex(-2, -1, 1)]
Key: com.catan.model.RoundedPoint2D@15fe91, Value: [Vertex(-1, 2, 0)]
Key: com.catan.model.RoundedPoint2D@15a0d1, Value: [Vertex(-2, 1, 2), Vertex(-1, 1, 4)]
Key: com.catan.model.RoundedPoint2D@15c011, Value: [Vertex(-2, 1, 1), Vertex(-1, 2, 3), Vertex(-1, 1, 5)]
Key: com.catan.model.RoundedPoint2D@150491, Value: [Vertex(-1, -2, 3)]
Key: com.catan.model.RoundedPoint2D@154311, Value: [Vertex(-1, -2, 0), Vertex(-2, -1, 2)]
Key: com.catan.model.RoundedPoint2D@bbc42, Value: [Vertex(-2, 0, 5)]
Key: com.catan.model.RoundedPoint2D@b9d02, Value: [Vertex(-2, 0, 4)]
Key: com.catan.model.RoundedPoint2D@eb512, Value: [Vertex(-2, -1, 4)]
Key: com.catan.model.RoundedPoint2D@ed452, Value: [Vertex(-2, 0, 3)]
Key: com.catan.model.RoundedPoint2D@f3212, Value: [Vertex(-2, 1, 5)]
Key: com.catan.model.RoundedPoint2D@f12d2, Value: [Vertex(-2, 1, 4), Vertex(-2, 0, 0)]
Key: com.catan.model.RoundedPoint2D@1fc3c1, Value: [Vertex(1, 2, 5), Vertex(0, 2, 1)]
Key: com.catan.model.RoundedPoint2D@1fa481, Value: [Vertex(0, 1, 0), Vertex(1, 2, 4), Vertex(0, 2, 2)]
Key: com.catan.model.RoundedPoint2D@1f6601, Value: [Vertex(0, 0, 1), Vertex(0, 1, 3)]
Key: com.catan.model.RoundedPoint2D@1f0841, Value: [Vertex(0, -1, 3), Vertex(0, -2, 1), Vertex(1, -2, 5)]
Key: com.catan.model.RoundedPoint2D@1f46c1, Value: [Vertex(0, -1, 0), Vertex(0, 0, 2)]
Key: com.catan.model.RoundedPoint2D@1ee901, Value: [Vertex(0, -2, 2), Vertex(1, -2, 4)]
Key: com.catan.model.RoundedPoint2D@257700, Value: [Vertex(1, -2, 2)]
Key: com.catan.model.RoundedPoint2D@259640, Value: [Vertex(1, -2, 1)]
Key: com.catan.model.RoundedPoint2D@25f400, Value: [Vertex(1, 1, 3)]
Key: com.catan.model.RoundedPoint2D@2651c0, Value: [Vertex(1, 2, 1)]
Key: com.catan.model.RoundedPoint2D@263280, Value: [Vertex(1, 1, 0), Vertex(1, 2, 2)]
Key: com.catan.model.RoundedPoint2D@1b9271, Value: [Vertex(0, -2, 3)]
Key: com.catan.model.RoundedPoint2D@1bf031, Value: [Vertex(0, -1, 5), Vertex(0, 0, 3)]
Key: com.catan.model.RoundedPoint2D@1bd0f1, Value: [Vertex(0, -1, 4), Vertex(0, -2, 0)]
Key: com.catan.model.RoundedPoint2D@1c8c71, Value: [Vertex(0, 2, 0)]
Key: com.catan.model.RoundedPoint2D@1c4df1, Value: [Vertex(0, 1, 5), Vertex(0, 2, 3), Vertex(-1, 1, 1)]
Key: com.catan.model.RoundedPoint2D@1c2eb1, Value: [Vertex(0, 0, 0), Vertex(0, 1, 4), Vertex(-1, 1, 2)]
Key: com.catan.model.RoundedPoint2D@122ae2, Value: [Vertex(-2, 0, 2), Vertex(-2, -1, 0)]
Key: com.catan.model.RoundedPoint2D@12a7e2, Value: [Vertex(-1, 2, 5)]
Key: com.catan.model.RoundedPoint2D@124a22, Value: [Vertex(-2, 1, 3), Vertex(-2, 0, 1)]
Key: com.catan.model.RoundedPoint2D@1288a2, Value: [Vertex(-2, 1, 0), Vertex(-1, 2, 4)]
Key: com.catan.model.RoundedPoint2D@231a51, Value: [Vertex(1, 2, 0)]
Key: com.catan.model.RoundedPoint2D@222051, Value: [Vertex(1, -2, 3)]
Key: com.catan.model.RoundedPoint2D@22dbd1, Value: [Vertex(1, 1, 5), Vertex(0, 1, 1), Vertex(1, 2, 3)]
Key: com.catan.model.RoundedPoint2D@22bc91, Value: [Vertex(1, 1, 4), Vertex(0, 1, 2)]
Key: com.catan.model.RoundedPoint2D@225ed1, Value: [Vertex(0, -1, 2), Vertex(1, -2, 0)]
Key: com.catan.model.RoundedPoint2D@227e11, Value: [Vertex(0, -1, 1)]
Key: com.catan.model.RoundedPoint2D@11ec62, Value: [Vertex(-1, -2, 5), Vertex(-2, -1, 3)]
Key: com.catan.model.RoundedPoint2D@11cd22, Value: [Vertex(-1, -2, 4)]
Key: com.catan.model.RoundedPoint2D@1935e1, Value: [Vertex(0, 2, 5), Vertex(-1, 2, 1)]
Key: com.catan.model.RoundedPoint2D@1916a1, Value: [Vertex(0, 2, 4), Vertex(-1, 2, 2), Vertex(-1, 1, 0)]
Key: com.catan.model.RoundedPoint2D@294a90, Value: [Vertex(1, 1, 2)]
Key: com.catan.model.RoundedPoint2D@2969d0, Value: [Vertex(1, 1, 1)]
Key: com.catan.model.RoundedPoint2D@18d821, Value: [Vertex(0, 0, 5), Vertex(-1, 1, 3)]
Key: com.catan.model.RoundedPoint2D@18b8e1, Value: [Vertex(0, 0, 4)]
Key: com.catan.model.RoundedPoint2D@185b21, Value: [Vertex(-1, -2, 2), Vertex(0, -2, 4)]
Key: com.catan.model.RoundedPoint2D@187a61, Value: [Vertex(-1, -2, 1), Vertex(0, -2, 5)]
Key: com.catan.model.RoundedPoint2D@15fe91, Value: [Vertex(-1, 2, 0)]
Key: com.catan.model.RoundedPoint2D@15c011, Value: [Vertex(-2, 1, 1), Vertex(-1, 2, 3), Vertex(-1, 1, 5)]
Key: com.catan.model.RoundedPoint2D@150491, Value: [Vertex(-1, -2, 3)]
Key: com.catan.model.RoundedPoint2D@154311, Value: [Vertex(-1, -2, 0), Vertex(-2, -1, 2)]
Key: com.catan.model.RoundedPoint2D@b9d02, Value: [Vertex(-2, 0, 4)]
Key: com.catan.model.RoundedPoint2D@eb512, Value: [Vertex(-2, -1, 4)]
Key: com.catan.model.RoundedPoint2D@f3212, Value: [Vertex(-2, 1, 5)]
Key: com.catan.model.RoundedPoint2D@1fa481, Value: [Vertex(0, 1, 0), Vertex(1, 2, 4), Vertex(0, 2, 2)]
Key: com.catan.model.RoundedPoint2D@1f6601, Value: [Vertex(0, 0, 1), Vertex(0, 1, 3)]
Key: com.catan.model.RoundedPoint2D@1ee901, Value: [Vertex(0, -2, 2), Vertex(1, -2, 4)]
Key: com.catan.model.RoundedPoint2D@257700, Value: [Vertex(1, -2, 2)]
Key: com.catan.model.RoundedPoint2D@25f400, Value: [Vertex(1, 1, 3)]
Key: com.catan.model.RoundedPoint2D@263280, Value: [Vertex(1, 1, 0), Vertex(1, 2, 2)]
Key: com.catan.model.RoundedPoint2D@1bf031, Value: [Vertex(0, -1, 5), Vertex(0, 0, 3)]
Key: com.catan.model.RoundedPoint2D@1c2eb1, Value: [Vertex(0, 0, 0), Vertex(0, 1, 4), Vertex(-1, 1, 2)]
Key: com.catan.model.RoundedPoint2D@124a22, Value: [Vertex(-2, 1, 3), Vertex(-2, 0, 1)]
Key: com.catan.model.RoundedPoint2D@1288a2, Value: [Vertex(-2, 1, 0), Vertex(-1, 2, 4)]
Key: com.catan.model.RoundedPoint2D@22bc91, Value: [Vertex(1, 1, 4), Vertex(0, 1, 2)]
Key: com.catan.model.RoundedPoint2D@227e11, Value: [Vertex(0, -1, 1)]
Key: com.catan.model.RoundedPoint2D@11cd22, Value: [Vertex(-1, -2, 4)]
Key: com.catan.model.RoundedPoint2D@1916a1, Value: [Vertex(0, 2, 4), Vertex(-1, 2, 2), Vertex(-1, 1, 0)]
Key: com.catan.model.RoundedPoint2D@294a90, Value: [Vertex(1, 1, 2)]
Key: com.catan.model.RoundedPoint2D@18d821, Value: [Vertex(0, 0, 5), Vertex(-1, 1, 3)]
Key: com.catan.model.RoundedPoint2D@185b21, Value: [Vertex(-1, -2, 2), Vertex(0, -2, 4)]
Key: com.catan.model.RoundedPoint2D@156251, Value: [Vertex(-2, -1, 1)]
Key: com.catan.model.RoundedPoint2D@15a0d1, Value: [Vertex(-2, 1, 2), Vertex(-1, 1, 4)]
Key: com.catan.model.RoundedPoint2D@bbc42, Value: [Vertex(-2, 0, 5)]
Key: com.catan.model.RoundedPoint2D@ed452, Value: [Vertex(-2, 0, 3), Vertex(-2, -1, 5)]
Key: com.catan.model.RoundedPoint2D@f12d2, Value: [Vertex(-2, 1, 4), Vertex(-2, 0, 0)]
Key: com.catan.model.RoundedPoint2D@1fc3c1, Value: [Vertex(1, 2, 5), Vertex(0, 2, 1)]
Key: com.catan.model.RoundedPoint2D@1f0841, Value: [Vertex(0, -1, 3), Vertex(0, -2, 1), Vertex(1, -2, 5)]
Key: com.catan.model.RoundedPoint2D@1f46c1, Value: [Vertex(0, -1, 0), Vertex(0, 0, 2)]
Key: com.catan.model.RoundedPoint2D@259640, Value: [Vertex(1, -2, 1)]
Key: com.catan.model.RoundedPoint2D@2651c0, Value: [Vertex(1, 2, 1)]
Key: com.catan.model.RoundedPoint2D@1b9271, Value: [Vertex(0, -2, 3)]
Key: com.catan.model.RoundedPoint2D@1bd0f1, Value: [Vertex(0, -1, 4), Vertex(0, -2, 0)]
Key: com.catan.model.RoundedPoint2D@1c8c71, Value: [Vertex(0, 2, 0)]
Key: com.catan.model.RoundedPoint2D@1c4df1, Value: [Vertex(0, 1, 5), Vertex(0, 2, 3), Vertex(-1, 1, 1)]
Key: com.catan.model.RoundedPoint2D@122ae2, Value: [Vertex(-2, 0, 2), Vertex(-2, -1, 0)]
Key: com.catan.model.RoundedPoint2D@12a7e2, Value: [Vertex(-1, 2, 5)]
Key: com.catan.model.RoundedPoint2D@231a51, Value: [Vertex(1, 2, 0)]
Key: com.catan.model.RoundedPoint2D@222051, Value: [Vertex(1, -2, 3)]
Key: com.catan.model.RoundedPoint2D@22dbd1, Value: [Vertex(1, 1, 5), Vertex(0, 1, 1), Vertex(1, 2, 3)]
Key: com.catan.model.RoundedPoint2D@225ed1, Value: [Vertex(0, -1, 2), Vertex(1, -2, 0)]
Key: com.catan.model.RoundedPoint2D@11ec62, Value: [Vertex(-1, -2, 5), Vertex(-2, -1, 3)]
Key: com.catan.model.RoundedPoint2D@1935e1, Value: [Vertex(0, 2, 5), Vertex(-1, 2, 1)]
Key: com.catan.model.RoundedPoint2D@2969d0, Value: [Vertex(1, 1, 1)]
Key: com.catan.model.RoundedPoint2D@18b8e1, Value: [Vertex(0, 0, 4)]
Key: com.catan.model.RoundedPoint2D@187a61, Value: [Vertex(-1, -2, 1), Vertex(0, -2, 5)]
Key: com.catan.model.RoundedPoint2D@15fe91, Value: [Vertex(-1, 2, 0)]
Key: com.catan.model.RoundedPoint2D@15c011, Value: [Vertex(-2, 1, 1), Vertex(-1, 2, 3), Vertex(-1, 1, 5)]
Key: com.catan.model.RoundedPoint2D@150491, Value: [Vertex(-1, -2, 3)]
Key: com.catan.model.RoundedPoint2D@154311, Value: [Vertex(-1, -2, 0), Vertex(-2, -1, 2)]
Key: com.catan.model.RoundedPoint2D@b9d02, Value: [Vertex(-2, 0, 4)]
Key: com.catan.model.RoundedPoint2D@eb512, Value: [Vertex(-2, -1, 4)]
Key: com.catan.model.RoundedPoint2D@f3212, Value: [Vertex(-2, 1, 5)]
Key: com.catan.model.RoundedPoint2D@1fa481, Value: [Vertex(0, 1, 0), Vertex(1, 2, 4), Vertex(0, 2, 2)]
Key: com.catan.model.RoundedPoint2D@1f6601, Value: [Vertex(0, 0, 1), Vertex(0, 1, 3)]
Key: com.catan.model.RoundedPoint2D@1ee901, Value: [Vertex(0, -2, 2), Vertex(1, -2, 4)]
Key: com.catan.model.RoundedPoint2D@257700, Value: [Vertex(1, -2, 2)]
Key: com.catan.model.RoundedPoint2D@25f400, Value: [Vertex(1, 1, 3)]
Key: com.catan.model.RoundedPoint2D@263280, Value: [Vertex(1, 1, 0), Vertex(1, 2, 2)]
Key: com.catan.model.RoundedPoint2D@1bf031, Value: [Vertex(0, -1, 5), Vertex(0, 0, 3)]
Key: com.catan.model.RoundedPoint2D@1c2eb1, Value: [Vertex(0, 0, 0), Vertex(0, 1, 4), Vertex(-1, 1, 2)]
Key: com.catan.model.RoundedPoint2D@124a22, Value: [Vertex(-2, 1, 3), Vertex(-2, 0, 1)]
Key: com.catan.model.RoundedPoint2D@1288a2, Value: [Vertex(-2, 1, 0), Vertex(-1, 2, 4)]
Key: com.catan.model.RoundedPoint2D@22bc91, Value: [Vertex(1, 1, 4), Vertex(0, 1, 2)]
Key: com.catan.model.RoundedPoint2D@227e11, Value: [Vertex(0, -1, 1)]
Key: com.catan.model.RoundedPoint2D@11cd22, Value: [Vertex(-1, -2, 4)]
Key: com.catan.model.RoundedPoint2D@1916a1, Value: [Vertex(0, 2, 4), Vertex(-1, 2, 2), Vertex(-1, 1, 0)]
Key: com.catan.model.RoundedPoint2D@294a90, Value: [Vertex(1, 1, 2)]
Key: com.catan.model.RoundedPoint2D@18d821, Value: [Vertex(0, 0, 5), Vertex(-1, 1, 3)]
Key: com.catan.model.RoundedPoint2D@185b21, Value: [Vertex(-1, -2, 2), Vertex(0, -2, 4)]
Key: com.catan.model.RoundedPoint2D@156251, Value: [Vertex(-2, -1, 1)]
Key: com.catan.model.RoundedPoint2D@15a0d1, Value: [Vertex(-2, 1, 2), Vertex(-1, 1, 4)]
Key: com.catan.model.RoundedPoint2D@bbc42, Value: [Vertex(-2, 0, 5)]
Key: com.catan.model.RoundedPoint2D@ed452, Value: [Vertex(-2, 0, 3), Vertex(-2, -1, 5)]
Key: com.catan.model.RoundedPoint2D@f12d2, Value: [Vertex(-2, 1, 4), Vertex(-2, 0, 0)]
Key: com.catan.model.RoundedPoint2D@1fc3c1, Value: [Vertex(1, 2, 5), Vertex(0, 2, 1)]
Key: com.catan.model.RoundedPoint2D@1f0841, Value: [Vertex(0, -1, 3), Vertex(0, -2, 1), Vertex(1, -2, 5)]
Key: com.catan.model.RoundedPoint2D@1f46c1, Value: [Vertex(0, -1, 0), Vertex(0, 0, 2)]
Key: com.catan.model.RoundedPoint2D@25d4c0, Value: [Vertex(1, -1, 0)]
Key: com.catan.model.RoundedPoint2D@259640, Value: [Vertex(1, -2, 1)]
Key: com.catan.model.RoundedPoint2D@2651c0, Value: [Vertex(1, 2, 1)]
Key: com.catan.model.RoundedPoint2D@1b9271, Value: [Vertex(0, -2, 3)]
Key: com.catan.model.RoundedPoint2D@1bd0f1, Value: [Vertex(0, -1, 4), Vertex(0, -2, 0)]
Key: com.catan.model.RoundedPoint2D@1c8c71, Value: [Vertex(0, 2, 0)]
Key: com.catan.model.RoundedPoint2D@1c4df1, Value: [Vertex(0, 1, 5), Vertex(0, 2, 3), Vertex(-1, 1, 1)]
Key: com.catan.model.RoundedPoint2D@122ae2, Value: [Vertex(-2, 0, 2), Vertex(-2, -1, 0)]
Key: com.catan.model.RoundedPoint2D@12a7e2, Value: [Vertex(-1, 2, 5)]
Key: com.catan.model.RoundedPoint2D@231a51, Value: [Vertex(1, 2, 0)]
Key: com.catan.model.RoundedPoint2D@222051, Value: [Vertex(1, -2, 3)]
Key: com.catan.model.RoundedPoint2D@22dbd1, Value: [Vertex(1, 1, 5), Vertex(0, 1, 1), Vertex(1, 2, 3)]
Key: com.catan.model.RoundedPoint2D@225ed1, Value: [Vertex(0, -1, 2), Vertex(1, -2, 0)]
Key: com.catan.model.RoundedPoint2D@11ec62, Value: [Vertex(-1, -2, 5), Vertex(-2, -1, 3)]
Key: com.catan.model.RoundedPoint2D@1935e1, Value: [Vertex(0, 2, 5), Vertex(-1, 2, 1)]
Key: com.catan.model.RoundedPoint2D@2969d0, Value: [Vertex(1, 1, 1)]
Key: com.catan.model.RoundedPoint2D@18b8e1, Value: [Vertex(0, 0, 4)]
Key: com.catan.model.RoundedPoint2D@187a61, Value: [Vertex(-1, -2, 1), Vertex(0, -2, 5)]
Key: com.catan.model.RoundedPoint2D@15fe91, Value: [Vertex(-1, 2, 0)]
Key: com.catan.model.RoundedPoint2D@15c011, Value: [Vertex(-2, 1, 1), Vertex(-1, 2, 3), Vertex(-1, 1, 5)]
Key: com.catan.model.RoundedPoint2D@150491, Value: [Vertex(-1, -2, 3)]
Key: com.catan.model.RoundedPoint2D@154311, Value: [Vertex(-1, -2, 0), Vertex(-2, -1, 2)]
Key: com.catan.model.RoundedPoint2D@b9d02, Value: [Vertex(-2, 0, 4)]
Key: com.catan.model.RoundedPoint2D@eb512, Value: [Vertex(-2, -1, 4)]
Key: com.catan.model.RoundedPoint2D@f3212, Value: [Vertex(-2, 1, 5)]
Key: com.catan.model.RoundedPoint2D@1fa481, Value: [Vertex(0, 1, 0), Vertex(1, 2, 4), Vertex(0, 2, 2)]
Key: com.catan.model.RoundedPoint2D@1f6601, Value: [Vertex(0, 0, 1), Vertex(0, 1, 3)]
Key: com.catan.model.RoundedPoint2D@1ee901, Value: [Vertex(0, -2, 2), Vertex(1, -2, 4)]
Key: com.catan.model.RoundedPoint2D@257700, Value: [Vertex(1, -2, 2)]
Key: com.catan.model.RoundedPoint2D@25f400, Value: [Vertex(1, 1, 3)]
Key: com.catan.model.RoundedPoint2D@263280, Value: [Vertex(1, 1, 0), Vertex(1, 2, 2)]
Key: com.catan.model.RoundedPoint2D@1bf031, Value: [Vertex(0, -1, 5), Vertex(0, 0, 3)]
Key: com.catan.model.RoundedPoint2D@1c2eb1, Value: [Vertex(0, 0, 0), Vertex(0, 1, 4), Vertex(-1, 1, 2)]
Key: com.catan.model.RoundedPoint2D@124a22, Value: [Vertex(-2, 1, 3), Vertex(-2, 0, 1)]
Key: com.catan.model.RoundedPoint2D@1288a2, Value: [Vertex(-2, 1, 0), Vertex(-1, 2, 4)]
Key: com.catan.model.RoundedPoint2D@22bc91, Value: [Vertex(1, 1, 4), Vertex(0, 1, 2)]
Key: com.catan.model.RoundedPoint2D@227e11, Value: [Vertex(0, -1, 1)]
Key: com.catan.model.RoundedPoint2D@11cd22, Value: [Vertex(-1, -2, 4)]
Key: com.catan.model.RoundedPoint2D@1916a1, Value: [Vertex(0, 2, 4), Vertex(-1, 2, 2), Vertex(-1, 1, 0)]
Key: com.catan.model.RoundedPoint2D@290c10, Value: [Vertex(1, -1, 1)]
Key: com.catan.model.RoundedPoint2D@294a90, Value: [Vertex(1, 1, 2)]
Key: com.catan.model.RoundedPoint2D@18d821, Value: [Vertex(0, 0, 5), Vertex(-1, 1, 3)]
Key: com.catan.model.RoundedPoint2D@185b21, Value: [Vertex(-1, -2, 2), Vertex(0, -2, 4)]
Key: com.catan.model.RoundedPoint2D@156251, Value: [Vertex(-2, -1, 1)]
Key: com.catan.model.RoundedPoint2D@15a0d1, Value: [Vertex(-2, 1, 2), Vertex(-1, 1, 4)]
Key: com.catan.model.RoundedPoint2D@bbc42, Value: [Vertex(-2, 0, 5)]
Key: com.catan.model.RoundedPoint2D@ed452, Value: [Vertex(-2, 0, 3), Vertex(-2, -1, 5)]
Key: com.catan.model.RoundedPoint2D@f12d2, Value: [Vertex(-2, 1, 4), Vertex(-2, 0, 0)]
Key: com.catan.model.RoundedPoint2D@1fc3c1, Value: [Vertex(1, 2, 5), Vertex(0, 2, 1)]
Key: com.catan.model.RoundedPoint2D@1f0841, Value: [Vertex(0, -1, 3), Vertex(0, -2, 1), Vertex(1, -2, 5)]
Key: com.catan.model.RoundedPoint2D@1f46c1, Value: [Vertex(0, -1, 0), Vertex(0, 0, 2)]
Key: com.catan.model.RoundedPoint2D@25d4c0, Value: [Vertex(1, -1, 0)]
Key: com.catan.model.RoundedPoint2D@259640, Value: [Vertex(1, -2, 1)]
Key: com.catan.model.RoundedPoint2D@2651c0, Value: [Vertex(1, 2, 1)]
Key: com.catan.model.RoundedPoint2D@1b9271, Value: [Vertex(0, -2, 3)]
Key: com.catan.model.RoundedPoint2D@1bd0f1, Value: [Vertex(0, -1, 4), Vertex(0, -2, 0)]
Key: com.catan.model.RoundedPoint2D@1c8c71, Value: [Vertex(0, 2, 0)]
Key: com.catan.model.RoundedPoint2D@1c4df1, Value: [Vertex(0, 1, 5), Vertex(0, 2, 3), Vertex(-1, 1, 1)]
Key: com.catan.model.RoundedPoint2D@122ae2, Value: [Vertex(-2, 0, 2), Vertex(-2, -1, 0)]
Key: com.catan.model.RoundedPoint2D@12a7e2, Value: [Vertex(-1, 2, 5)]
Key: com.catan.model.RoundedPoint2D@231a51, Value: [Vertex(1, 2, 0)]
Key: com.catan.model.RoundedPoint2D@222051, Value: [Vertex(1, -2, 3)]
Key: com.catan.model.RoundedPoint2D@22dbd1, Value: [Vertex(1, 1, 5), Vertex(0, 1, 1), Vertex(1, 2, 3)]
Key: com.catan.model.RoundedPoint2D@225ed1, Value: [Vertex(0, -1, 2), Vertex(1, -2, 0)]
Key: com.catan.model.RoundedPoint2D@11ec62, Value: [Vertex(-1, -2, 5), Vertex(-2, -1, 3)]
Key: com.catan.model.RoundedPoint2D@1935e1, Value: [Vertex(0, 2, 5), Vertex(-1, 2, 1)]
Key: com.catan.model.RoundedPoint2D@2969d0, Value: [Vertex(1, 1, 1)]
Key: com.catan.model.RoundedPoint2D@18b8e1, Value: [Vertex(0, 0, 4)]
Key: com.catan.model.RoundedPoint2D@187a61, Value: [Vertex(-1, -2, 1), Vertex(0, -2, 5)]
Key: com.catan.model.RoundedPoint2D@15fe91, Value: [Vertex(-1, 2, 0)]
Key: com.catan.model.RoundedPoint2D@15c011, Value: [Vertex(-2, 1, 1), Vertex(-1, 2, 3), Vertex(-1, 1, 5)]
Key: com.catan.model.RoundedPoint2D@150491, Value: [Vertex(-1, -2, 3)]
Key: com.catan.model.RoundedPoint2D@154311, Value: [Vertex(-1, -2, 0), Vertex(-2, -1, 2)]
Key: com.catan.model.RoundedPoint2D@b9d02, Value: [Vertex(-2, 0, 4)]
Key: com.catan.model.RoundedPoint2D@eb512, Value: [Vertex(-2, -1, 4)]
Key: com.catan.model.RoundedPoint2D@f3212, Value: [Vertex(-2, 1, 5)]
Key: com.catan.model.RoundedPoint2D@1fa481, Value: [Vertex(0, 1, 0), Vertex(1, 2, 4), Vertex(0, 2, 2)]
Key: com.catan.model.RoundedPoint2D@1f6601, Value: [Vertex(0, 0, 1), Vertex(0, 1, 3)]
Key: com.catan.model.RoundedPoint2D@1ee901, Value: [Vertex(0, -2, 2), Vertex(1, -2, 4)]
Key: com.catan.model.RoundedPoint2D@257700, Value: [Vertex(1, -2, 2)]
Key: com.catan.model.RoundedPoint2D@25f400, Value: [Vertex(1, 1, 3)]
Key: com.catan.model.RoundedPoint2D@263280, Value: [Vertex(1, 1, 0), Vertex(1, 2, 2)]
Key: com.catan.model.RoundedPoint2D@1bf031, Value: [Vertex(0, -1, 5), Vertex(0, 0, 3)]
Key: com.catan.model.RoundedPoint2D@1c2eb1, Value: [Vertex(0, 0, 0), Vertex(0, 1, 4), Vertex(-1, 1, 2)]
Key: com.catan.model.RoundedPoint2D@124a22, Value: [Vertex(-2, 1, 3), Vertex(-2, 0, 1)]
Key: com.catan.model.RoundedPoint2D@1288a2, Value: [Vertex(-2, 1, 0), Vertex(-1, 2, 4)]
Key: com.catan.model.RoundedPoint2D@22bc91, Value: [Vertex(1, 1, 4), Vertex(0, 1, 2)]
Key: com.catan.model.RoundedPoint2D@227e11, Value: [Vertex(0, -1, 1)]
Key: com.catan.model.RoundedPoint2D@11cd22, Value: [Vertex(-1, -2, 4)]
Key: com.catan.model.RoundedPoint2D@1916a1, Value: [Vertex(0, 2, 4), Vertex(-1, 2, 2), Vertex(-1, 1, 0)]
Key: com.catan.model.RoundedPoint2D@290c10, Value: [Vertex(1, -1, 1)]
Key: com.catan.model.RoundedPoint2D@294a90, Value: [Vertex(1, 1, 2)]
Key: com.catan.model.RoundedPoint2D@18d821, Value: [Vertex(0, 0, 5), Vertex(-1, 1, 3)]
Key: com.catan.model.RoundedPoint2D@185b21, Value: [Vertex(-1, -2, 2), Vertex(0, -2, 4)]
Key: com.catan.model.RoundedPoint2D@156251, Value: [Vertex(-2, -1, 1)]
Key: com.catan.model.RoundedPoint2D@15a0d1, Value: [Vertex(-2, 1, 2), Vertex(-1, 1, 4)]
Key: com.catan.model.RoundedPoint2D@bbc42, Value: [Vertex(-2, 0, 5)]
Key: com.catan.model.RoundedPoint2D@ed452, Value: [Vertex(-2, 0, 3), Vertex(-2, -1, 5)]
Key: com.catan.model.RoundedPoint2D@f12d2, Value: [Vertex(-2, 1, 4), Vertex(-2, 0, 0)]
Key: com.catan.model.RoundedPoint2D@1fc3c1, Value: [Vertex(1, 2, 5), Vertex(0, 2, 1)]
Key: com.catan.model.RoundedPoint2D@1f0841, Value: [Vertex(0, -1, 3), Vertex(0, -2, 1), Vertex(1, -2, 5)]
Key: com.catan.model.RoundedPoint2D@1f46c1, Value: [Vertex(0, -1, 0), Vertex(0, 0, 2)]
Key: com.catan.model.RoundedPoint2D@25d4c0, Value: [Vertex(1, -1, 0)]
Key: com.catan.model.RoundedPoint2D@259640, Value: [Vertex(1, -2, 1)]
Key: com.catan.model.RoundedPoint2D@2651c0, Value: [Vertex(1, 2, 1)]
Key: com.catan.model.RoundedPoint2D@1b9271, Value: [Vertex(0, -2, 3)]
Key: com.catan.model.RoundedPoint2D@1bd0f1, Value: [Vertex(0, -1, 4), Vertex(0, -2, 0)]
Key: com.catan.model.RoundedPoint2D@1c8c71, Value: [Vertex(0, 2, 0)]
Key: com.catan.model.RoundedPoint2D@1c4df1, Value: [Vertex(0, 1, 5), Vertex(0, 2, 3), Vertex(-1, 1, 1)]
Key: com.catan.model.RoundedPoint2D@122ae2, Value: [Vertex(-2, 0, 2), Vertex(-2, -1, 0)]
Key: com.catan.model.RoundedPoint2D@12a7e2, Value: [Vertex(-1, 2, 5)]
Key: com.catan.model.RoundedPoint2D@231a51, Value: [Vertex(1, 2, 0)]
Key: com.catan.model.RoundedPoint2D@222051, Value: [Vertex(1, -2, 3)]
Key: com.catan.model.RoundedPoint2D@22dbd1, Value: [Vertex(1, 1, 5), Vertex(0, 1, 1), Vertex(1, 2, 3)]
Key: com.catan.model.RoundedPoint2D@225ed1, Value: [Vertex(0, -1, 2), Vertex(1, -2, 0)]
Key: com.catan.model.RoundedPoint2D@11ec62, Value: [Vertex(-1, -2, 5), Vertex(-2, -1, 3)]
Key: com.catan.model.RoundedPoint2D@28ecd0, Value: [Vertex(1, -1, 2)]
Key: com.catan.model.RoundedPoint2D@1935e1, Value: [Vertex(0, 2, 5), Vertex(-1, 2, 1)]
Key: com.catan.model.RoundedPoint2D@2969d0, Value: [Vertex(1, 1, 1)]
Key: com.catan.model.RoundedPoint2D@18b8e1, Value: [Vertex(0, 0, 4)]
Key: com.catan.model.RoundedPoint2D@187a61, Value: [Vertex(-1, -2, 1), Vertex(0, -2, 5)]
Key: com.catan.model.RoundedPoint2D@15fe91, Value: [Vertex(-1, 2, 0)]
Key: com.catan.model.RoundedPoint2D@15c011, Value: [Vertex(-2, 1, 1), Vertex(-1, 2, 3), Vertex(-1, 1, 5)]
Key: com.catan.model.RoundedPoint2D@150491, Value: [Vertex(-1, -2, 3)]
Key: com.catan.model.RoundedPoint2D@154311, Value: [Vertex(-1, -2, 0), Vertex(-2, -1, 2)]
Key: com.catan.model.RoundedPoint2D@b9d02, Value: [Vertex(-2, 0, 4)]
Key: com.catan.model.RoundedPoint2D@eb512, Value: [Vertex(-2, -1, 4)]
Key: com.catan.model.RoundedPoint2D@f3212, Value: [Vertex(-2, 1, 5)]
Key: com.catan.model.RoundedPoint2D@1fa481, Value: [Vertex(0, 1, 0), Vertex(1, 2, 4), Vertex(0, 2, 2)]
Key: com.catan.model.RoundedPoint2D@1f6601, Value: [Vertex(0, 0, 1), Vertex(0, 1, 3)]
Key: com.catan.model.RoundedPoint2D@1ee901, Value: [Vertex(0, -2, 2), Vertex(1, -2, 4)]
Key: com.catan.model.RoundedPoint2D@257700, Value: [Vertex(1, -2, 2)]
Key: com.catan.model.RoundedPoint2D@25f400, Value: [Vertex(1, 1, 3)]
Key: com.catan.model.RoundedPoint2D@263280, Value: [Vertex(1, 1, 0), Vertex(1, 2, 2)]
Key: com.catan.model.RoundedPoint2D@1bf031, Value: [Vertex(0, -1, 5), Vertex(0, 0, 3)]
Key: com.catan.model.RoundedPoint2D@1c2eb1, Value: [Vertex(0, 0, 0), Vertex(0, 1, 4), Vertex(-1, 1, 2)]
Key: com.catan.model.RoundedPoint2D@124a22, Value: [Vertex(-2, 1, 3), Vertex(-2, 0, 1)]
Key: com.catan.model.RoundedPoint2D@1288a2, Value: [Vertex(-2, 1, 0), Vertex(-1, 2, 4)]
Key: com.catan.model.RoundedPoint2D@22bc91, Value: [Vertex(1, 1, 4), Vertex(0, 1, 2)]
Key: com.catan.model.RoundedPoint2D@227e11, Value: [Vertex(0, -1, 1)]
Key: com.catan.model.RoundedPoint2D@11cd22, Value: [Vertex(-1, -2, 4)]
Key: com.catan.model.RoundedPoint2D@1916a1, Value: [Vertex(0, 2, 4), Vertex(-1, 2, 2), Vertex(-1, 1, 0)]
Key: com.catan.model.RoundedPoint2D@290c10, Value: [Vertex(1, -1, 1)]
Key: com.catan.model.RoundedPoint2D@294a90, Value: [Vertex(1, 1, 2)]
Key: com.catan.model.RoundedPoint2D@18d821, Value: [Vertex(0, 0, 5), Vertex(-1, 1, 3)]
Key: com.catan.model.RoundedPoint2D@185b21, Value: [Vertex(-1, -2, 2), Vertex(0, -2, 4)]
Key: com.catan.model.RoundedPoint2D@156251, Value: [Vertex(-2, -1, 1)]
Key: com.catan.model.RoundedPoint2D@15a0d1, Value: [Vertex(-2, 1, 2), Vertex(-1, 1, 4)]
Key: com.catan.model.RoundedPoint2D@bbc42, Value: [Vertex(-2, 0, 5)]
Key: com.catan.model.RoundedPoint2D@ed452, Value: [Vertex(-2, 0, 3), Vertex(-2, -1, 5)]
Key: com.catan.model.RoundedPoint2D@f12d2, Value: [Vertex(-2, 1, 4), Vertex(-2, 0, 0)]
Key: com.catan.model.RoundedPoint2D@1fc3c1, Value: [Vertex(1, 2, 5), Vertex(0, 2, 1)]
Key: com.catan.model.RoundedPoint2D@1f0841, Value: [Vertex(0, -1, 3), Vertex(0, -2, 1), Vertex(1, -2, 5)]
Key: com.catan.model.RoundedPoint2D@1f46c1, Value: [Vertex(0, -1, 0), Vertex(0, 0, 2)]
Key: com.catan.model.RoundedPoint2D@25d4c0, Value: [Vertex(1, -1, 0)]
Key: com.catan.model.RoundedPoint2D@259640, Value: [Vertex(1, -2, 1), Vertex(1, -1, 3)]
Key: com.catan.model.RoundedPoint2D@2651c0, Value: [Vertex(1, 2, 1)]
Key: com.catan.model.RoundedPoint2D@1b9271, Value: [Vertex(0, -2, 3)]
Key: com.catan.model.RoundedPoint2D@1bd0f1, Value: [Vertex(0, -1, 4), Vertex(0, -2, 0)]
Key: com.catan.model.RoundedPoint2D@1c8c71, Value: [Vertex(0, 2, 0)]
Key: com.catan.model.RoundedPoint2D@1c4df1, Value: [Vertex(0, 1, 5), Vertex(0, 2, 3), Vertex(-1, 1, 1)]
Key: com.catan.model.RoundedPoint2D@122ae2, Value: [Vertex(-2, 0, 2), Vertex(-2, -1, 0)]
Key: com.catan.model.RoundedPoint2D@12a7e2, Value: [Vertex(-1, 2, 5)]
Key: com.catan.model.RoundedPoint2D@231a51, Value: [Vertex(1, 2, 0)]
Key: com.catan.model.RoundedPoint2D@222051, Value: [Vertex(1, -2, 3)]
Key: com.catan.model.RoundedPoint2D@22dbd1, Value: [Vertex(1, 1, 5), Vertex(0, 1, 1), Vertex(1, 2, 3)]
Key: com.catan.model.RoundedPoint2D@225ed1, Value: [Vertex(0, -1, 2), Vertex(1, -2, 0)]
Key: com.catan.model.RoundedPoint2D@11ec62, Value: [Vertex(-1, -2, 5), Vertex(-2, -1, 3)]
Key: com.catan.model.RoundedPoint2D@28ecd0, Value: [Vertex(1, -1, 2)]
Key: com.catan.model.RoundedPoint2D@1935e1, Value: [Vertex(0, 2, 5), Vertex(-1, 2, 1)]
Key: com.catan.model.RoundedPoint2D@2969d0, Value: [Vertex(1, 1, 1)]
Key: com.catan.model.RoundedPoint2D@18b8e1, Value: [Vertex(0, 0, 4)]
Key: com.catan.model.RoundedPoint2D@187a61, Value: [Vertex(-1, -2, 1), Vertex(0, -2, 5)]
Key: com.catan.model.RoundedPoint2D@15fe91, Value: [Vertex(-1, 2, 0)]
Key: com.catan.model.RoundedPoint2D@15c011, Value: [Vertex(-2, 1, 1), Vertex(-1, 2, 3), Vertex(-1, 1, 5)]
Key: com.catan.model.RoundedPoint2D@150491, Value: [Vertex(-1, -2, 3)]
Key: com.catan.model.RoundedPoint2D@154311, Value: [Vertex(-1, -2, 0), Vertex(-2, -1, 2)]
Key: com.catan.model.RoundedPoint2D@b9d02, Value: [Vertex(-2, 0, 4)]
Key: com.catan.model.RoundedPoint2D@eb512, Value: [Vertex(-2, -1, 4)]
Key: com.catan.model.RoundedPoint2D@f3212, Value: [Vertex(-2, 1, 5)]
Key: com.catan.model.RoundedPoint2D@1fa481, Value: [Vertex(0, 1, 0), Vertex(1, 2, 4), Vertex(0, 2, 2)]
Key: com.catan.model.RoundedPoint2D@1f6601, Value: [Vertex(0, 0, 1), Vertex(0, 1, 3)]
Key: com.catan.model.RoundedPoint2D@1ee901, Value: [Vertex(0, -2, 2), Vertex(1, -2, 4)]
Key: com.catan.model.RoundedPoint2D@257700, Value: [Vertex(1, -2, 2)]
Key: com.catan.model.RoundedPoint2D@25f400, Value: [Vertex(1, 1, 3)]
Key: com.catan.model.RoundedPoint2D@263280, Value: [Vertex(1, 1, 0), Vertex(1, 2, 2)]
Key: com.catan.model.RoundedPoint2D@1bf031, Value: [Vertex(0, -1, 5), Vertex(0, 0, 3)]
Key: com.catan.model.RoundedPoint2D@1c2eb1, Value: [Vertex(0, 0, 0), Vertex(0, 1, 4), Vertex(-1, 1, 2)]
Key: com.catan.model.RoundedPoint2D@124a22, Value: [Vertex(-2, 1, 3), Vertex(-2, 0, 1)]
Key: com.catan.model.RoundedPoint2D@1288a2, Value: [Vertex(-2, 1, 0), Vertex(-1, 2, 4)]
Key: com.catan.model.RoundedPoint2D@22bc91, Value: [Vertex(1, 1, 4), Vertex(0, 1, 2)]
Key: com.catan.model.RoundedPoint2D@227e11, Value: [Vertex(0, -1, 1)]
Key: com.catan.model.RoundedPoint2D@11cd22, Value: [Vertex(-1, -2, 4)]
Key: com.catan.model.RoundedPoint2D@1916a1, Value: [Vertex(0, 2, 4), Vertex(-1, 2, 2), Vertex(-1, 1, 0)]
Key: com.catan.model.RoundedPoint2D@290c10, Value: [Vertex(1, -1, 1)]
Key: com.catan.model.RoundedPoint2D@294a90, Value: [Vertex(1, 1, 2)]
Key: com.catan.model.RoundedPoint2D@18d821, Value: [Vertex(0, 0, 5), Vertex(-1, 1, 3)]
Key: com.catan.model.RoundedPoint2D@185b21, Value: [Vertex(-1, -2, 2), Vertex(0, -2, 4)]
Key: com.catan.model.RoundedPoint2D@156251, Value: [Vertex(-2, -1, 1)]
Key: com.catan.model.RoundedPoint2D@15a0d1, Value: [Vertex(-2, 1, 2), Vertex(-1, 1, 4)]
Key: com.catan.model.RoundedPoint2D@bbc42, Value: [Vertex(-2, 0, 5)]
Key: com.catan.model.RoundedPoint2D@ed452, Value: [Vertex(-2, 0, 3), Vertex(-2, -1, 5)]
Key: com.catan.model.RoundedPoint2D@f12d2, Value: [Vertex(-2, 1, 4), Vertex(-2, 0, 0)]
Key: com.catan.model.RoundedPoint2D@1fc3c1, Value: [Vertex(1, 2, 5), Vertex(0, 2, 1)]
Key: com.catan.model.RoundedPoint2D@1f0841, Value: [Vertex(0, -1, 3), Vertex(0, -2, 1), Vertex(1, -2, 5)]
Key: com.catan.model.RoundedPoint2D@1f46c1, Value: [Vertex(0, -1, 0), Vertex(0, 0, 2)]
Key: com.catan.model.RoundedPoint2D@25d4c0, Value: [Vertex(1, -1, 0)]
Key: com.catan.model.RoundedPoint2D@259640, Value: [Vertex(1, -2, 1), Vertex(1, -1, 3)]
Key: com.catan.model.RoundedPoint2D@2651c0, Value: [Vertex(1, 2, 1)]
Key: com.catan.model.RoundedPoint2D@1b9271, Value: [Vertex(0, -2, 3)]
Key: com.catan.model.RoundedPoint2D@1bd0f1, Value: [Vertex(0, -1, 4), Vertex(0, -2, 0)]
Key: com.catan.model.RoundedPoint2D@1c8c71, Value: [Vertex(0, 2, 0)]
Key: com.catan.model.RoundedPoint2D@1c4df1, Value: [Vertex(0, 1, 5), Vertex(0, 2, 3), Vertex(-1, 1, 1)]
Key: com.catan.model.RoundedPoint2D@122ae2, Value: [Vertex(-2, 0, 2), Vertex(-2, -1, 0)]
Key: com.catan.model.RoundedPoint2D@12a7e2, Value: [Vertex(-1, 2, 5)]
Key: com.catan.model.RoundedPoint2D@231a51, Value: [Vertex(1, 2, 0)]
Key: com.catan.model.RoundedPoint2D@222051, Value: [Vertex(1, -2, 3)]
Key: com.catan.model.RoundedPoint2D@22dbd1, Value: [Vertex(1, 1, 5), Vertex(0, 1, 1), Vertex(1, 2, 3)]
Key: com.catan.model.RoundedPoint2D@225ed1, Value: [Vertex(0, -1, 2), Vertex(1, -2, 0), Vertex(1, -1, 4)]
Key: com.catan.model.RoundedPoint2D@11ec62, Value: [Vertex(-1, -2, 5), Vertex(-2, -1, 3)]
Key: com.catan.model.RoundedPoint2D@28ecd0, Value: [Vertex(1, -1, 2)]
Key: com.catan.model.RoundedPoint2D@1935e1, Value: [Vertex(0, 2, 5), Vertex(-1, 2, 1)]
Key: com.catan.model.RoundedPoint2D@2969d0, Value: [Vertex(1, 1, 1)]
Key: com.catan.model.RoundedPoint2D@18b8e1, Value: [Vertex(0, 0, 4)]
Key: com.catan.model.RoundedPoint2D@187a61, Value: [Vertex(-1, -2, 1), Vertex(0, -2, 5)]
Key: com.catan.model.RoundedPoint2D@15fe91, Value: [Vertex(-1, 2, 0)]
Key: com.catan.model.RoundedPoint2D@15c011, Value: [Vertex(-2, 1, 1), Vertex(-1, 2, 3), Vertex(-1, 1, 5)]
Key: com.catan.model.RoundedPoint2D@150491, Value: [Vertex(-1, -2, 3)]
Key: com.catan.model.RoundedPoint2D@154311, Value: [Vertex(-1, -2, 0), Vertex(-2, -1, 2)]
Key: com.catan.model.RoundedPoint2D@b9d02, Value: [Vertex(-2, 0, 4)]
Key: com.catan.model.RoundedPoint2D@eb512, Value: [Vertex(-2, -1, 4)]
Key: com.catan.model.RoundedPoint2D@f3212, Value: [Vertex(-2, 1, 5)]
Key: com.catan.model.RoundedPoint2D@1fa481, Value: [Vertex(0, 1, 0), Vertex(1, 2, 4), Vertex(0, 2, 2)]
Key: com.catan.model.RoundedPoint2D@1f6601, Value: [Vertex(0, 0, 1), Vertex(0, 1, 3)]
Key: com.catan.model.RoundedPoint2D@1ee901, Value: [Vertex(0, -2, 2), Vertex(1, -2, 4)]
Key: com.catan.model.RoundedPoint2D@257700, Value: [Vertex(1, -2, 2)]
Key: com.catan.model.RoundedPoint2D@25f400, Value: [Vertex(1, 1, 3)]
Key: com.catan.model.RoundedPoint2D@263280, Value: [Vertex(1, 1, 0), Vertex(1, 2, 2)]
Key: com.catan.model.RoundedPoint2D@1bf031, Value: [Vertex(0, -1, 5), Vertex(0, 0, 3)]
Key: com.catan.model.RoundedPoint2D@1c2eb1, Value: [Vertex(0, 0, 0), Vertex(0, 1, 4), Vertex(-1, 1, 2)]
Key: com.catan.model.RoundedPoint2D@124a22, Value: [Vertex(-2, 1, 3), Vertex(-2, 0, 1)]
Key: com.catan.model.RoundedPoint2D@1288a2, Value: [Vertex(-2, 1, 0), Vertex(-1, 2, 4)]
Key: com.catan.model.RoundedPoint2D@22bc91, Value: [Vertex(1, 1, 4), Vertex(0, 1, 2)]
Key: com.catan.model.RoundedPoint2D@227e11, Value: [Vertex(0, -1, 1), Vertex(1, -1, 5)]
Key: com.catan.model.RoundedPoint2D@11cd22, Value: [Vertex(-1, -2, 4)]
Key: com.catan.model.RoundedPoint2D@1916a1, Value: [Vertex(0, 2, 4), Vertex(-1, 2, 2), Vertex(-1, 1, 0)]
Key: com.catan.model.RoundedPoint2D@290c10, Value: [Vertex(1, -1, 1)]
Key: com.catan.model.RoundedPoint2D@294a90, Value: [Vertex(1, 1, 2)]
Key: com.catan.model.RoundedPoint2D@18d821, Value: [Vertex(0, 0, 5), Vertex(-1, 1, 3)]
Key: com.catan.model.RoundedPoint2D@185b21, Value: [Vertex(-1, -2, 2), Vertex(0, -2, 4)]
Key: com.catan.model.RoundedPoint2D@156251, Value: [Vertex(-2, -1, 1)]
Key: com.catan.model.RoundedPoint2D@15a0d1, Value: [Vertex(-2, 1, 2), Vertex(-1, 1, 4)]
Key: com.catan.model.RoundedPoint2D@bbc42, Value: [Vertex(-2, 0, 5)]
Key: com.catan.model.RoundedPoint2D@ed452, Value: [Vertex(-2, 0, 3), Vertex(-2, -1, 5)]
Key: com.catan.model.RoundedPoint2D@f12d2, Value: [Vertex(-2, 1, 4), Vertex(-2, 0, 0)]
Key: com.catan.model.RoundedPoint2D@1fc3c1, Value: [Vertex(1, 2, 5), Vertex(0, 2, 1)]
Key: com.catan.model.RoundedPoint2D@1f0841, Value: [Vertex(0, -1, 3), Vertex(0, -2, 1), Vertex(1, -2, 5)]
Key: com.catan.model.RoundedPoint2D@1f46c1, Value: [Vertex(0, -1, 0), Vertex(0, 0, 2)]
Key: com.catan.model.RoundedPoint2D@25d4c0, Value: [Vertex(1, -1, 0)]
Key: com.catan.model.RoundedPoint2D@259640, Value: [Vertex(1, -2, 1), Vertex(1, -1, 3)]
Key: com.catan.model.RoundedPoint2D@2651c0, Value: [Vertex(1, 2, 1)]
Key: com.catan.model.RoundedPoint2D@1b9271, Value: [Vertex(0, -2, 3)]
Key: com.catan.model.RoundedPoint2D@1bd0f1, Value: [Vertex(0, -1, 4), Vertex(0, -2, 0)]
Key: com.catan.model.RoundedPoint2D@1c8c71, Value: [Vertex(0, 2, 0)]
Key: com.catan.model.RoundedPoint2D@1c4df1, Value: [Vertex(0, 1, 5), Vertex(0, 2, 3), Vertex(-1, 1, 1)]
Key: com.catan.model.RoundedPoint2D@122ae2, Value: [Vertex(-2, 0, 2), Vertex(-2, -1, 0)]
Key: com.catan.model.RoundedPoint2D@12a7e2, Value: [Vertex(-1, 2, 5)]
Key: com.catan.model.RoundedPoint2D@231a51, Value: [Vertex(1, 2, 0)]
Key: com.catan.model.RoundedPoint2D@222051, Value: [Vertex(1, -2, 3)]
Key: com.catan.model.RoundedPoint2D@22dbd1, Value: [Vertex(1, 1, 5), Vertex(0, 1, 1), Vertex(1, 2, 3)]
Key: com.catan.model.RoundedPoint2D@225ed1, Value: [Vertex(0, -1, 2), Vertex(1, -2, 0), Vertex(1, -1, 4)]
Key: com.catan.model.RoundedPoint2D@11ec62, Value: [Vertex(-1, -2, 5), Vertex(-2, -1, 3)]
Key: com.catan.model.RoundedPoint2D@28ecd0, Value: [Vertex(1, -1, 2)]
Key: com.catan.model.RoundedPoint2D@1935e1, Value: [Vertex(0, 2, 5), Vertex(-1, 2, 1)]
Key: com.catan.model.RoundedPoint2D@2969d0, Value: [Vertex(1, 1, 1)]
Key: com.catan.model.RoundedPoint2D@18b8e1, Value: [Vertex(0, 0, 4)]
Key: com.catan.model.RoundedPoint2D@187a61, Value: [Vertex(-1, -2, 1), Vertex(0, -2, 5)]
Key: com.catan.model.RoundedPoint2D@15fe91, Value: [Vertex(-1, 2, 0)]
Key: com.catan.model.RoundedPoint2D@15c011, Value: [Vertex(-2, 1, 1), Vertex(-1, 2, 3), Vertex(-1, 1, 5)]
Key: com.catan.model.RoundedPoint2D@150491, Value: [Vertex(-1, -2, 3)]
Key: com.catan.model.RoundedPoint2D@154311, Value: [Vertex(-1, -2, 0), Vertex(-2, -1, 2)]
Key: com.catan.model.RoundedPoint2D@b9d02, Value: [Vertex(-2, 0, 4)]
Key: com.catan.model.RoundedPoint2D@eb512, Value: [Vertex(-2, -1, 4)]
Key: com.catan.model.RoundedPoint2D@f3212, Value: [Vertex(-2, 1, 5)]
Key: com.catan.model.RoundedPoint2D@1fa481, Value: [Vertex(0, 1, 0), Vertex(1, 2, 4), Vertex(0, 2, 2)]
Key: com.catan.model.RoundedPoint2D@1f6601, Value: [Vertex(0, 0, 1), Vertex(0, 1, 3)]
Key: com.catan.model.RoundedPoint2D@1ee901, Value: [Vertex(0, -2, 2), Vertex(1, -2, 4)]
Key: com.catan.model.RoundedPoint2D@257700, Value: [Vertex(1, -2, 2)]
Key: com.catan.model.RoundedPoint2D@25f400, Value: [Vertex(1, 1, 3)]
Key: com.catan.model.RoundedPoint2D@263280, Value: [Vertex(1, 1, 0), Vertex(1, 2, 2)]
Key: com.catan.model.RoundedPoint2D@1bf031, Value: [Vertex(0, -1, 5), Vertex(0, 0, 3)]
Key: com.catan.model.RoundedPoint2D@1c2eb1, Value: [Vertex(0, 0, 0), Vertex(0, 1, 4), Vertex(-1, 1, 2)]
Key: com.catan.model.RoundedPoint2D@124a22, Value: [Vertex(-2, 1, 3), Vertex(-2, 0, 1)]
Key: com.catan.model.RoundedPoint2D@1288a2, Value: [Vertex(-2, 1, 0), Vertex(-1, 2, 4)]
Key: com.catan.model.RoundedPoint2D@22bc91, Value: [Vertex(1, 1, 4), Vertex(0, 1, 2)]
Key: com.catan.model.RoundedPoint2D@227e11, Value: [Vertex(0, -1, 1), Vertex(1, -1, 5)]
Key: com.catan.model.RoundedPoint2D@11cd22, Value: [Vertex(-1, -2, 4)]
Key: com.catan.model.RoundedPoint2D@1916a1, Value: [Vertex(0, 2, 4), Vertex(-1, 2, 2), Vertex(-1, 1, 0)]
Key: com.catan.model.RoundedPoint2D@290c10, Value: [Vertex(1, -1, 1)]
Key: com.catan.model.RoundedPoint2D@294a90, Value: [Vertex(1, 1, 2)]
Key: com.catan.model.RoundedPoint2D@18d821, Value: [Vertex(0, 0, 5), Vertex(-1, 1, 3)]
Key: com.catan.model.RoundedPoint2D@185b21, Value: [Vertex(-1, -2, 2), Vertex(0, -2, 4)]
Key: com.catan.model.RoundedPoint2D@156251, Value: [Vertex(-2, -1, 1)]
Key: com.catan.model.RoundedPoint2D@15a0d1, Value: [Vertex(-2, 1, 2), Vertex(-1, 1, 4), Vertex(-1, 0, 0)]
Key: com.catan.model.RoundedPoint2D@bbc42, Value: [Vertex(-2, 0, 5)]
Key: com.catan.model.RoundedPoint2D@ed452, Value: [Vertex(-2, 0, 3), Vertex(-2, -1, 5)]
Key: com.catan.model.RoundedPoint2D@f12d2, Value: [Vertex(-2, 1, 4), Vertex(-2, 0, 0)]
Key: com.catan.model.RoundedPoint2D@1fc3c1, Value: [Vertex(1, 2, 5), Vertex(0, 2, 1)]
Key: com.catan.model.RoundedPoint2D@1f0841, Value: [Vertex(0, -1, 3), Vertex(0, -2, 1), Vertex(1, -2, 5)]
Key: com.catan.model.RoundedPoint2D@1f46c1, Value: [Vertex(0, -1, 0), Vertex(0, 0, 2)]
Key: com.catan.model.RoundedPoint2D@25d4c0, Value: [Vertex(1, -1, 0)]
Key: com.catan.model.RoundedPoint2D@259640, Value: [Vertex(1, -2, 1), Vertex(1, -1, 3)]
Key: com.catan.model.RoundedPoint2D@2651c0, Value: [Vertex(1, 2, 1)]
Key: com.catan.model.RoundedPoint2D@1b9271, Value: [Vertex(0, -2, 3)]
Key: com.catan.model.RoundedPoint2D@1bd0f1, Value: [Vertex(0, -1, 4), Vertex(0, -2, 0)]
Key: com.catan.model.RoundedPoint2D@1c8c71, Value: [Vertex(0, 2, 0)]
Key: com.catan.model.RoundedPoint2D@1c4df1, Value: [Vertex(0, 1, 5), Vertex(0, 2, 3), Vertex(-1, 1, 1)]
Key: com.catan.model.RoundedPoint2D@122ae2, Value: [Vertex(-2, 0, 2), Vertex(-2, -1, 0)]
Key: com.catan.model.RoundedPoint2D@12a7e2, Value: [Vertex(-1, 2, 5)]
Key: com.catan.model.RoundedPoint2D@231a51, Value: [Vertex(1, 2, 0)]
Key: com.catan.model.RoundedPoint2D@222051, Value: [Vertex(1, -2, 3)]
Key: com.catan.model.RoundedPoint2D@22dbd1, Value: [Vertex(1, 1, 5), Vertex(0, 1, 1), Vertex(1, 2, 3)]
Key: com.catan.model.RoundedPoint2D@225ed1, Value: [Vertex(0, -1, 2), Vertex(1, -2, 0), Vertex(1, -1, 4)]
Key: com.catan.model.RoundedPoint2D@11ec62, Value: [Vertex(-1, -2, 5), Vertex(-2, -1, 3)]
Key: com.catan.model.RoundedPoint2D@28ecd0, Value: [Vertex(1, -1, 2)]
Key: com.catan.model.RoundedPoint2D@1935e1, Value: [Vertex(0, 2, 5), Vertex(-1, 2, 1)]
Key: com.catan.model.RoundedPoint2D@2969d0, Value: [Vertex(1, 1, 1)]
Key: com.catan.model.RoundedPoint2D@18b8e1, Value: [Vertex(0, 0, 4)]
Key: com.catan.model.RoundedPoint2D@187a61, Value: [Vertex(-1, -2, 1), Vertex(0, -2, 5)]
Key: com.catan.model.RoundedPoint2D@15fe91, Value: [Vertex(-1, 2, 0)]
Key: com.catan.model.RoundedPoint2D@15c011, Value: [Vertex(-2, 1, 1), Vertex(-1, 2, 3), Vertex(-1, 1, 5)]
Key: com.catan.model.RoundedPoint2D@150491, Value: [Vertex(-1, -2, 3)]
Key: com.catan.model.RoundedPoint2D@154311, Value: [Vertex(-1, -2, 0), Vertex(-2, -1, 2)]
Key: com.catan.model.RoundedPoint2D@b9d02, Value: [Vertex(-2, 0, 4)]
Key: com.catan.model.RoundedPoint2D@eb512, Value: [Vertex(-2, -1, 4)]
Key: com.catan.model.RoundedPoint2D@f3212, Value: [Vertex(-2, 1, 5)]
Key: com.catan.model.RoundedPoint2D@1fa481, Value: [Vertex(0, 1, 0), Vertex(1, 2, 4), Vertex(0, 2, 2)]
Key: com.catan.model.RoundedPoint2D@1f6601, Value: [Vertex(0, 0, 1), Vertex(0, 1, 3)]
Key: com.catan.model.RoundedPoint2D@1ee901, Value: [Vertex(0, -2, 2), Vertex(1, -2, 4)]
Key: com.catan.model.RoundedPoint2D@257700, Value: [Vertex(1, -2, 2)]
Key: com.catan.model.RoundedPoint2D@25f400, Value: [Vertex(1, 1, 3)]
Key: com.catan.model.RoundedPoint2D@263280, Value: [Vertex(1, 1, 0), Vertex(1, 2, 2)]
Key: com.catan.model.RoundedPoint2D@1bf031, Value: [Vertex(0, -1, 5), Vertex(0, 0, 3)]
Key: com.catan.model.RoundedPoint2D@1c2eb1, Value: [Vertex(0, 0, 0), Vertex(0, 1, 4), Vertex(-1, 1, 2)]
Key: com.catan.model.RoundedPoint2D@124a22, Value: [Vertex(-2, 1, 3), Vertex(-2, 0, 1)]
Key: com.catan.model.RoundedPoint2D@1288a2, Value: [Vertex(-2, 1, 0), Vertex(-1, 2, 4)]
Key: com.catan.model.RoundedPoint2D@22bc91, Value: [Vertex(1, 1, 4), Vertex(0, 1, 2)]
Key: com.catan.model.RoundedPoint2D@227e11, Value: [Vertex(0, -1, 1), Vertex(1, -1, 5)]
Key: com.catan.model.RoundedPoint2D@11cd22, Value: [Vertex(-1, -2, 4)]
Key: com.catan.model.RoundedPoint2D@1916a1, Value: [Vertex(0, 2, 4), Vertex(-1, 2, 2), Vertex(-1, 1, 0)]
Key: com.catan.model.RoundedPoint2D@290c10, Value: [Vertex(1, -1, 1)]
Key: com.catan.model.RoundedPoint2D@294a90, Value: [Vertex(1, 1, 2)]
Key: com.catan.model.RoundedPoint2D@18d821, Value: [Vertex(0, 0, 5), Vertex(-1, 1, 3), Vertex(-1, 0, 1)]
Key: com.catan.model.RoundedPoint2D@185b21, Value: [Vertex(-1, -2, 2), Vertex(0, -2, 4)]
Key: com.catan.model.RoundedPoint2D@156251, Value: [Vertex(-2, -1, 1)]
Key: com.catan.model.RoundedPoint2D@15a0d1, Value: [Vertex(-2, 1, 2), Vertex(-1, 1, 4), Vertex(-1, 0, 0)]
Key: com.catan.model.RoundedPoint2D@bbc42, Value: [Vertex(-2, 0, 5)]
Key: com.catan.model.RoundedPoint2D@ed452, Value: [Vertex(-2, 0, 3), Vertex(-2, -1, 5)]
Key: com.catan.model.RoundedPoint2D@f12d2, Value: [Vertex(-2, 1, 4), Vertex(-2, 0, 0)]
Key: com.catan.model.RoundedPoint2D@1fc3c1, Value: [Vertex(1, 2, 5), Vertex(0, 2, 1)]
Key: com.catan.model.RoundedPoint2D@1f0841, Value: [Vertex(0, -1, 3), Vertex(0, -2, 1), Vertex(1, -2, 5)]
Key: com.catan.model.RoundedPoint2D@1f46c1, Value: [Vertex(0, -1, 0), Vertex(0, 0, 2)]
Key: com.catan.model.RoundedPoint2D@25d4c0, Value: [Vertex(1, -1, 0)]
Key: com.catan.model.RoundedPoint2D@259640, Value: [Vertex(1, -2, 1), Vertex(1, -1, 3)]
Key: com.catan.model.RoundedPoint2D@2651c0, Value: [Vertex(1, 2, 1)]
Key: com.catan.model.RoundedPoint2D@1b9271, Value: [Vertex(0, -2, 3)]
Key: com.catan.model.RoundedPoint2D@1bd0f1, Value: [Vertex(0, -1, 4), Vertex(0, -2, 0)]
Key: com.catan.model.RoundedPoint2D@1c8c71, Value: [Vertex(0, 2, 0)]
Key: com.catan.model.RoundedPoint2D@1c4df1, Value: [Vertex(0, 1, 5), Vertex(0, 2, 3), Vertex(-1, 1, 1)]
Key: com.catan.model.RoundedPoint2D@122ae2, Value: [Vertex(-2, 0, 2), Vertex(-2, -1, 0)]
Key: com.catan.model.RoundedPoint2D@12a7e2, Value: [Vertex(-1, 2, 5)]
Key: com.catan.model.RoundedPoint2D@231a51, Value: [Vertex(1, 2, 0)]
Key: com.catan.model.RoundedPoint2D@222051, Value: [Vertex(1, -2, 3)]
Key: com.catan.model.RoundedPoint2D@22dbd1, Value: [Vertex(1, 1, 5), Vertex(0, 1, 1), Vertex(1, 2, 3)]
Key: com.catan.model.RoundedPoint2D@225ed1, Value: [Vertex(0, -1, 2), Vertex(1, -2, 0), Vertex(1, -1, 4)]
Key: com.catan.model.RoundedPoint2D@11ec62, Value: [Vertex(-1, -2, 5), Vertex(-2, -1, 3)]
Key: com.catan.model.RoundedPoint2D@28ecd0, Value: [Vertex(1, -1, 2)]
Key: com.catan.model.RoundedPoint2D@1935e1, Value: [Vertex(0, 2, 5), Vertex(-1, 2, 1)]
Key: com.catan.model.RoundedPoint2D@2969d0, Value: [Vertex(1, 1, 1)]
Key: com.catan.model.RoundedPoint2D@18b8e1, Value: [Vertex(0, 0, 4)]
Key: com.catan.model.RoundedPoint2D@187a61, Value: [Vertex(-1, -2, 1), Vertex(0, -2, 5)]
Key: com.catan.model.RoundedPoint2D@15fe91, Value: [Vertex(-1, 2, 0)]
Key: com.catan.model.RoundedPoint2D@15c011, Value: [Vertex(-2, 1, 1), Vertex(-1, 2, 3), Vertex(-1, 1, 5)]
Key: com.catan.model.RoundedPoint2D@150491, Value: [Vertex(-1, -2, 3)]
Key: com.catan.model.RoundedPoint2D@154311, Value: [Vertex(-1, -2, 0), Vertex(-2, -1, 2)]
Key: com.catan.model.RoundedPoint2D@b9d02, Value: [Vertex(-2, 0, 4)]
Key: com.catan.model.RoundedPoint2D@eb512, Value: [Vertex(-2, -1, 4)]
Key: com.catan.model.RoundedPoint2D@f3212, Value: [Vertex(-2, 1, 5)]
Key: com.catan.model.RoundedPoint2D@1fa481, Value: [Vertex(0, 1, 0), Vertex(1, 2, 4), Vertex(0, 2, 2)]
Key: com.catan.model.RoundedPoint2D@1f6601, Value: [Vertex(0, 0, 1), Vertex(0, 1, 3)]
Key: com.catan.model.RoundedPoint2D@1ee901, Value: [Vertex(0, -2, 2), Vertex(1, -2, 4)]
Key: com.catan.model.RoundedPoint2D@257700, Value: [Vertex(1, -2, 2)]
Key: com.catan.model.RoundedPoint2D@25f400, Value: [Vertex(1, 1, 3)]
Key: com.catan.model.RoundedPoint2D@263280, Value: [Vertex(1, 1, 0), Vertex(1, 2, 2)]
Key: com.catan.model.RoundedPoint2D@1bf031, Value: [Vertex(0, -1, 5), Vertex(0, 0, 3)]
Key: com.catan.model.RoundedPoint2D@1c2eb1, Value: [Vertex(0, 0, 0), Vertex(0, 1, 4), Vertex(-1, 1, 2)]
Key: com.catan.model.RoundedPoint2D@124a22, Value: [Vertex(-2, 1, 3), Vertex(-2, 0, 1)]
Key: com.catan.model.RoundedPoint2D@1288a2, Value: [Vertex(-2, 1, 0), Vertex(-1, 2, 4)]
Key: com.catan.model.RoundedPoint2D@22bc91, Value: [Vertex(1, 1, 4), Vertex(0, 1, 2)]
Key: com.catan.model.RoundedPoint2D@227e11, Value: [Vertex(0, -1, 1), Vertex(1, -1, 5)]
Key: com.catan.model.RoundedPoint2D@11cd22, Value: [Vertex(-1, -2, 4)]
Key: com.catan.model.RoundedPoint2D@1916a1, Value: [Vertex(0, 2, 4), Vertex(-1, 2, 2), Vertex(-1, 1, 0)]
Key: com.catan.model.RoundedPoint2D@290c10, Value: [Vertex(1, -1, 1)]
Key: com.catan.model.RoundedPoint2D@294a90, Value: [Vertex(1, 1, 2)]
Key: com.catan.model.RoundedPoint2D@18d821, Value: [Vertex(0, 0, 5), Vertex(-1, 1, 3), Vertex(-1, 0, 1)]
Key: com.catan.model.RoundedPoint2D@185b21, Value: [Vertex(-1, -2, 2), Vertex(0, -2, 4)]
Key: com.catan.model.RoundedPoint2D@156251, Value: [Vertex(-2, -1, 1)]
Key: com.catan.model.RoundedPoint2D@15a0d1, Value: [Vertex(-2, 1, 2), Vertex(-1, 1, 4), Vertex(-1, 0, 0)]
Key: com.catan.model.RoundedPoint2D@bbc42, Value: [Vertex(-2, 0, 5)]
Key: com.catan.model.RoundedPoint2D@ed452, Value: [Vertex(-2, 0, 3), Vertex(-2, -1, 5)]
Key: com.catan.model.RoundedPoint2D@f12d2, Value: [Vertex(-2, 1, 4), Vertex(-2, 0, 0)]
Key: com.catan.model.RoundedPoint2D@1fc3c1, Value: [Vertex(1, 2, 5), Vertex(0, 2, 1)]
Key: com.catan.model.RoundedPoint2D@1f0841, Value: [Vertex(0, -1, 3), Vertex(0, -2, 1), Vertex(1, -2, 5)]
Key: com.catan.model.RoundedPoint2D@1f46c1, Value: [Vertex(0, -1, 0), Vertex(0, 0, 2)]
Key: com.catan.model.RoundedPoint2D@25d4c0, Value: [Vertex(1, -1, 0)]
Key: com.catan.model.RoundedPoint2D@259640, Value: [Vertex(1, -2, 1), Vertex(1, -1, 3)]
Key: com.catan.model.RoundedPoint2D@2651c0, Value: [Vertex(1, 2, 1)]
Key: com.catan.model.RoundedPoint2D@1b9271, Value: [Vertex(0, -2, 3)]
Key: com.catan.model.RoundedPoint2D@1bd0f1, Value: [Vertex(0, -1, 4), Vertex(0, -2, 0)]
Key: com.catan.model.RoundedPoint2D@1c8c71, Value: [Vertex(0, 2, 0)]
Key: com.catan.model.RoundedPoint2D@1c4df1, Value: [Vertex(0, 1, 5), Vertex(0, 2, 3), Vertex(-1, 1, 1)]
Key: com.catan.model.RoundedPoint2D@122ae2, Value: [Vertex(-2, 0, 2), Vertex(-2, -1, 0)]
Key: com.catan.model.RoundedPoint2D@12a7e2, Value: [Vertex(-1, 2, 5)]
Key: com.catan.model.RoundedPoint2D@231a51, Value: [Vertex(1, 2, 0)]
Key: com.catan.model.RoundedPoint2D@222051, Value: [Vertex(1, -2, 3)]
Key: com.catan.model.RoundedPoint2D@22dbd1, Value: [Vertex(1, 1, 5), Vertex(0, 1, 1), Vertex(1, 2, 3)]
Key: com.catan.model.RoundedPoint2D@225ed1, Value: [Vertex(0, -1, 2), Vertex(1, -2, 0), Vertex(1, -1, 4)]
Key: com.catan.model.RoundedPoint2D@11ec62, Value: [Vertex(-1, -2, 5), Vertex(-2, -1, 3)]
Key: com.catan.model.RoundedPoint2D@28ecd0, Value: [Vertex(1, -1, 2)]
Key: com.catan.model.RoundedPoint2D@1935e1, Value: [Vertex(0, 2, 5), Vertex(-1, 2, 1)]
Key: com.catan.model.RoundedPoint2D@2969d0, Value: [Vertex(1, 1, 1)]
Key: com.catan.model.RoundedPoint2D@18b8e1, Value: [Vertex(0, 0, 4), Vertex(-1, 0, 2)]
Key: com.catan.model.RoundedPoint2D@187a61, Value: [Vertex(-1, -2, 1), Vertex(0, -2, 5)]
Key: com.catan.model.RoundedPoint2D@15fe91, Value: [Vertex(-1, 2, 0)]
Key: com.catan.model.RoundedPoint2D@15c011, Value: [Vertex(-2, 1, 1), Vertex(-1, 2, 3), Vertex(-1, 1, 5)]
Key: com.catan.model.RoundedPoint2D@150491, Value: [Vertex(-1, -2, 3)]
Key: com.catan.model.RoundedPoint2D@154311, Value: [Vertex(-1, -2, 0), Vertex(-2, -1, 2)]
Key: com.catan.model.RoundedPoint2D@b9d02, Value: [Vertex(-2, 0, 4)]
Key: com.catan.model.RoundedPoint2D@eb512, Value: [Vertex(-2, -1, 4)]
Key: com.catan.model.RoundedPoint2D@f3212, Value: [Vertex(-2, 1, 5)]
Key: com.catan.model.RoundedPoint2D@1fa481, Value: [Vertex(0, 1, 0), Vertex(1, 2, 4), Vertex(0, 2, 2)]
Key: com.catan.model.RoundedPoint2D@1f6601, Value: [Vertex(0, 0, 1), Vertex(0, 1, 3)]
Key: com.catan.model.RoundedPoint2D@1ee901, Value: [Vertex(0, -2, 2), Vertex(1, -2, 4)]
Key: com.catan.model.RoundedPoint2D@257700, Value: [Vertex(1, -2, 2)]
Key: com.catan.model.RoundedPoint2D@25f400, Value: [Vertex(1, 1, 3)]
Key: com.catan.model.RoundedPoint2D@263280, Value: [Vertex(1, 1, 0), Vertex(1, 2, 2)]
Key: com.catan.model.RoundedPoint2D@1bf031, Value: [Vertex(0, -1, 5), Vertex(0, 0, 3)]
Key: com.catan.model.RoundedPoint2D@1c2eb1, Value: [Vertex(0, 0, 0), Vertex(0, 1, 4), Vertex(-1, 1, 2)]
Key: com.catan.model.RoundedPoint2D@124a22, Value: [Vertex(-2, 1, 3), Vertex(-2, 0, 1)]
Key: com.catan.model.RoundedPoint2D@1288a2, Value: [Vertex(-2, 1, 0), Vertex(-1, 2, 4)]
Key: com.catan.model.RoundedPoint2D@22bc91, Value: [Vertex(1, 1, 4), Vertex(0, 1, 2)]
Key: com.catan.model.RoundedPoint2D@227e11, Value: [Vertex(0, -1, 1), Vertex(1, -1, 5)]
Key: com.catan.model.RoundedPoint2D@11cd22, Value: [Vertex(-1, -2, 4)]
Key: com.catan.model.RoundedPoint2D@1916a1, Value: [Vertex(0, 2, 4), Vertex(-1, 2, 2), Vertex(-1, 1, 0)]
Key: com.catan.model.RoundedPoint2D@290c10, Value: [Vertex(1, -1, 1)]
Key: com.catan.model.RoundedPoint2D@294a90, Value: [Vertex(1, 1, 2)]
Key: com.catan.model.RoundedPoint2D@18d821, Value: [Vertex(0, 0, 5), Vertex(-1, 1, 3), Vertex(-1, 0, 1)]
Key: com.catan.model.RoundedPoint2D@185b21, Value: [Vertex(-1, -2, 2), Vertex(0, -2, 4)]
Key: com.catan.model.RoundedPoint2D@156251, Value: [Vertex(-2, -1, 1), Vertex(-1, 0, 3)]
Key: com.catan.model.RoundedPoint2D@15a0d1, Value: [Vertex(-2, 1, 2), Vertex(-1, 1, 4), Vertex(-1, 0, 0)]
Key: com.catan.model.RoundedPoint2D@bbc42, Value: [Vertex(-2, 0, 5)]
Key: com.catan.model.RoundedPoint2D@ed452, Value: [Vertex(-2, 0, 3), Vertex(-2, -1, 5)]
Key: com.catan.model.RoundedPoint2D@f12d2, Value: [Vertex(-2, 1, 4), Vertex(-2, 0, 0)]
Key: com.catan.model.RoundedPoint2D@1fc3c1, Value: [Vertex(1, 2, 5), Vertex(0, 2, 1)]
Key: com.catan.model.RoundedPoint2D@1f0841, Value: [Vertex(0, -1, 3), Vertex(0, -2, 1), Vertex(1, -2, 5)]
Key: com.catan.model.RoundedPoint2D@1f46c1, Value: [Vertex(0, -1, 0), Vertex(0, 0, 2)]
Key: com.catan.model.RoundedPoint2D@25d4c0, Value: [Vertex(1, -1, 0)]
Key: com.catan.model.RoundedPoint2D@259640, Value: [Vertex(1, -2, 1), Vertex(1, -1, 3)]
Key: com.catan.model.RoundedPoint2D@2651c0, Value: [Vertex(1, 2, 1)]
Key: com.catan.model.RoundedPoint2D@1b9271, Value: [Vertex(0, -2, 3)]
Key: com.catan.model.RoundedPoint2D@1bd0f1, Value: [Vertex(0, -1, 4), Vertex(0, -2, 0)]
Key: com.catan.model.RoundedPoint2D@1c8c71, Value: [Vertex(0, 2, 0)]
Key: com.catan.model.RoundedPoint2D@1c4df1, Value: [Vertex(0, 1, 5), Vertex(0, 2, 3), Vertex(-1, 1, 1)]
Key: com.catan.model.RoundedPoint2D@122ae2, Value: [Vertex(-2, 0, 2), Vertex(-2, -1, 0)]
Key: com.catan.model.RoundedPoint2D@12a7e2, Value: [Vertex(-1, 2, 5)]
Key: com.catan.model.RoundedPoint2D@231a51, Value: [Vertex(1, 2, 0)]
Key: com.catan.model.RoundedPoint2D@222051, Value: [Vertex(1, -2, 3)]
Key: com.catan.model.RoundedPoint2D@22dbd1, Value: [Vertex(1, 1, 5), Vertex(0, 1, 1), Vertex(1, 2, 3)]
Key: com.catan.model.RoundedPoint2D@225ed1, Value: [Vertex(0, -1, 2), Vertex(1, -2, 0), Vertex(1, -1, 4)]
Key: com.catan.model.RoundedPoint2D@11ec62, Value: [Vertex(-1, -2, 5), Vertex(-2, -1, 3)]
Key: com.catan.model.RoundedPoint2D@28ecd0, Value: [Vertex(1, -1, 2)]
Key: com.catan.model.RoundedPoint2D@1935e1, Value: [Vertex(0, 2, 5), Vertex(-1, 2, 1)]
Key: com.catan.model.RoundedPoint2D@2969d0, Value: [Vertex(1, 1, 1)]
Key: com.catan.model.RoundedPoint2D@18b8e1, Value: [Vertex(0, 0, 4), Vertex(-1, 0, 2)]
Key: com.catan.model.RoundedPoint2D@187a61, Value: [Vertex(-1, -2, 1), Vertex(0, -2, 5)]
Key: com.catan.model.RoundedPoint2D@15fe91, Value: [Vertex(-1, 2, 0)]
Key: com.catan.model.RoundedPoint2D@15c011, Value: [Vertex(-2, 1, 1), Vertex(-1, 2, 3), Vertex(-1, 1, 5)]
Key: com.catan.model.RoundedPoint2D@150491, Value: [Vertex(-1, -2, 3)]
Key: com.catan.model.RoundedPoint2D@154311, Value: [Vertex(-1, -2, 0), Vertex(-2, -1, 2)]
Key: com.catan.model.RoundedPoint2D@b9d02, Value: [Vertex(-2, 0, 4)]
Key: com.catan.model.RoundedPoint2D@eb512, Value: [Vertex(-2, -1, 4)]
Key: com.catan.model.RoundedPoint2D@f3212, Value: [Vertex(-2, 1, 5)]
Key: com.catan.model.RoundedPoint2D@1fa481, Value: [Vertex(0, 1, 0), Vertex(1, 2, 4), Vertex(0, 2, 2)]
Key: com.catan.model.RoundedPoint2D@1f6601, Value: [Vertex(0, 0, 1), Vertex(0, 1, 3)]
Key: com.catan.model.RoundedPoint2D@1ee901, Value: [Vertex(0, -2, 2), Vertex(1, -2, 4)]
Key: com.catan.model.RoundedPoint2D@257700, Value: [Vertex(1, -2, 2)]
Key: com.catan.model.RoundedPoint2D@25f400, Value: [Vertex(1, 1, 3)]
Key: com.catan.model.RoundedPoint2D@263280, Value: [Vertex(1, 1, 0), Vertex(1, 2, 2)]
Key: com.catan.model.RoundedPoint2D@1bf031, Value: [Vertex(0, -1, 5), Vertex(0, 0, 3)]
Key: com.catan.model.RoundedPoint2D@1c2eb1, Value: [Vertex(0, 0, 0), Vertex(0, 1, 4), Vertex(-1, 1, 2)]
Key: com.catan.model.RoundedPoint2D@124a22, Value: [Vertex(-2, 1, 3), Vertex(-2, 0, 1)]
Key: com.catan.model.RoundedPoint2D@1288a2, Value: [Vertex(-2, 1, 0), Vertex(-1, 2, 4)]
Key: com.catan.model.RoundedPoint2D@22bc91, Value: [Vertex(1, 1, 4), Vertex(0, 1, 2)]
Key: com.catan.model.RoundedPoint2D@227e11, Value: [Vertex(0, -1, 1), Vertex(1, -1, 5)]
Key: com.catan.model.RoundedPoint2D@11cd22, Value: [Vertex(-1, -2, 4)]
Key: com.catan.model.RoundedPoint2D@1916a1, Value: [Vertex(0, 2, 4), Vertex(-1, 2, 2), Vertex(-1, 1, 0)]
Key: com.catan.model.RoundedPoint2D@290c10, Value: [Vertex(1, -1, 1)]
Key: com.catan.model.RoundedPoint2D@294a90, Value: [Vertex(1, 1, 2)]
Key: com.catan.model.RoundedPoint2D@18d821, Value: [Vertex(0, 0, 5), Vertex(-1, 1, 3), Vertex(-1, 0, 1)]
Key: com.catan.model.RoundedPoint2D@185b21, Value: [Vertex(-1, -2, 2), Vertex(0, -2, 4)]
Key: com.catan.model.RoundedPoint2D@156251, Value: [Vertex(-2, -1, 1), Vertex(-1, 0, 3)]
Key: com.catan.model.RoundedPoint2D@15a0d1, Value: [Vertex(-2, 1, 2), Vertex(-1, 1, 4), Vertex(-1, 0, 0)]
Key: com.catan.model.RoundedPoint2D@bbc42, Value: [Vertex(-2, 0, 5)]
Key: com.catan.model.RoundedPoint2D@ed452, Value: [Vertex(-2, 0, 3), Vertex(-2, -1, 5)]
Key: com.catan.model.RoundedPoint2D@f12d2, Value: [Vertex(-2, 1, 4), Vertex(-2, 0, 0)]
Key: com.catan.model.RoundedPoint2D@1fc3c1, Value: [Vertex(1, 2, 5), Vertex(0, 2, 1)]
Key: com.catan.model.RoundedPoint2D@1f0841, Value: [Vertex(0, -1, 3), Vertex(0, -2, 1), Vertex(1, -2, 5)]
Key: com.catan.model.RoundedPoint2D@1f46c1, Value: [Vertex(0, -1, 0), Vertex(0, 0, 2)]
Key: com.catan.model.RoundedPoint2D@25d4c0, Value: [Vertex(1, -1, 0)]
Key: com.catan.model.RoundedPoint2D@259640, Value: [Vertex(1, -2, 1), Vertex(1, -1, 3)]
Key: com.catan.model.RoundedPoint2D@2651c0, Value: [Vertex(1, 2, 1)]
Key: com.catan.model.RoundedPoint2D@1b9271, Value: [Vertex(0, -2, 3)]
Key: com.catan.model.RoundedPoint2D@1bd0f1, Value: [Vertex(0, -1, 4), Vertex(0, -2, 0)]
Key: com.catan.model.RoundedPoint2D@1c8c71, Value: [Vertex(0, 2, 0)]
Key: com.catan.model.RoundedPoint2D@1c4df1, Value: [Vertex(0, 1, 5), Vertex(0, 2, 3), Vertex(-1, 1, 1)]
Key: com.catan.model.RoundedPoint2D@122ae2, Value: [Vertex(-2, 0, 2), Vertex(-2, -1, 0), Vertex(-1, 0, 4)]
Key: com.catan.model.RoundedPoint2D@12a7e2, Value: [Vertex(-1, 2, 5)]
Key: com.catan.model.RoundedPoint2D@231a51, Value: [Vertex(1, 2, 0)]
Key: com.catan.model.RoundedPoint2D@222051, Value: [Vertex(1, -2, 3)]
Key: com.catan.model.RoundedPoint2D@22dbd1, Value: [Vertex(1, 1, 5), Vertex(0, 1, 1), Vertex(1, 2, 3)]
Key: com.catan.model.RoundedPoint2D@225ed1, Value: [Vertex(0, -1, 2), Vertex(1, -2, 0), Vertex(1, -1, 4)]
Key: com.catan.model.RoundedPoint2D@11ec62, Value: [Vertex(-1, -2, 5), Vertex(-2, -1, 3)]
Key: com.catan.model.RoundedPoint2D@28ecd0, Value: [Vertex(1, -1, 2)]
Key: com.catan.model.RoundedPoint2D@1935e1, Value: [Vertex(0, 2, 5), Vertex(-1, 2, 1)]
Key: com.catan.model.RoundedPoint2D@2969d0, Value: [Vertex(1, 1, 1)]
Key: com.catan.model.RoundedPoint2D@18b8e1, Value: [Vertex(0, 0, 4), Vertex(-1, 0, 2)]
Key: com.catan.model.RoundedPoint2D@187a61, Value: [Vertex(-1, -2, 1), Vertex(0, -2, 5)]
Key: com.catan.model.RoundedPoint2D@15fe91, Value: [Vertex(-1, 2, 0)]
Key: com.catan.model.RoundedPoint2D@15c011, Value: [Vertex(-2, 1, 1), Vertex(-1, 2, 3), Vertex(-1, 1, 5)]
Key: com.catan.model.RoundedPoint2D@150491, Value: [Vertex(-1, -2, 3)]
Key: com.catan.model.RoundedPoint2D@154311, Value: [Vertex(-1, -2, 0), Vertex(-2, -1, 2)]
Key: com.catan.model.RoundedPoint2D@b9d02, Value: [Vertex(-2, 0, 4)]
Key: com.catan.model.RoundedPoint2D@eb512, Value: [Vertex(-2, -1, 4)]
Key: com.catan.model.RoundedPoint2D@f3212, Value: [Vertex(-2, 1, 5)]
Key: com.catan.model.RoundedPoint2D@1fa481, Value: [Vertex(0, 1, 0), Vertex(1, 2, 4), Vertex(0, 2, 2)]
Key: com.catan.model.RoundedPoint2D@1f6601, Value: [Vertex(0, 0, 1), Vertex(0, 1, 3)]
Key: com.catan.model.RoundedPoint2D@1ee901, Value: [Vertex(0, -2, 2), Vertex(1, -2, 4)]
Key: com.catan.model.RoundedPoint2D@257700, Value: [Vertex(1, -2, 2)]
Key: com.catan.model.RoundedPoint2D@25f400, Value: [Vertex(1, 1, 3)]
Key: com.catan.model.RoundedPoint2D@263280, Value: [Vertex(1, 1, 0), Vertex(1, 2, 2)]
Key: com.catan.model.RoundedPoint2D@1bf031, Value: [Vertex(0, -1, 5), Vertex(0, 0, 3)]
Key: com.catan.model.RoundedPoint2D@1c2eb1, Value: [Vertex(0, 0, 0), Vertex(0, 1, 4), Vertex(-1, 1, 2)]
Key: com.catan.model.RoundedPoint2D@124a22, Value: [Vertex(-2, 1, 3), Vertex(-2, 0, 1), Vertex(-1, 0, 5)]
Key: com.catan.model.RoundedPoint2D@1288a2, Value: [Vertex(-2, 1, 0), Vertex(-1, 2, 4)]
Key: com.catan.model.RoundedPoint2D@22bc91, Value: [Vertex(1, 1, 4), Vertex(0, 1, 2)]
Key: com.catan.model.RoundedPoint2D@227e11, Value: [Vertex(0, -1, 1), Vertex(1, -1, 5)]
Key: com.catan.model.RoundedPoint2D@11cd22, Value: [Vertex(-1, -2, 4)]
Key: com.catan.model.RoundedPoint2D@1916a1, Value: [Vertex(0, 2, 4), Vertex(-1, 2, 2), Vertex(-1, 1, 0)]
Key: com.catan.model.RoundedPoint2D@290c10, Value: [Vertex(1, -1, 1)]
Key: com.catan.model.RoundedPoint2D@294a90, Value: [Vertex(1, 1, 2)]
Key: com.catan.model.RoundedPoint2D@18d821, Value: [Vertex(0, 0, 5), Vertex(-1, 1, 3), Vertex(-1, 0, 1)]
Key: com.catan.model.RoundedPoint2D@185b21, Value: [Vertex(-1, -2, 2), Vertex(0, -2, 4)]
Key: com.catan.model.RoundedPoint2D@156251, Value: [Vertex(-2, -1, 1), Vertex(-1, 0, 3)]
Key: com.catan.model.RoundedPoint2D@15a0d1, Value: [Vertex(-2, 1, 2), Vertex(-1, 1, 4), Vertex(-1, 0, 0)]
Key: com.catan.model.RoundedPoint2D@bbc42, Value: [Vertex(-2, 0, 5)]
Key: com.catan.model.RoundedPoint2D@ed452, Value: [Vertex(-2, 0, 3), Vertex(-2, -1, 5)]
Key: com.catan.model.RoundedPoint2D@f12d2, Value: [Vertex(-2, 1, 4), Vertex(-2, 0, 0)]
Key: com.catan.model.RoundedPoint2D@1fc3c1, Value: [Vertex(1, 2, 5), Vertex(0, 2, 1)]
Key: com.catan.model.RoundedPoint2D@1f0841, Value: [Vertex(0, -1, 3), Vertex(0, -2, 1), Vertex(1, -2, 5)]
Key: com.catan.model.RoundedPoint2D@1f46c1, Value: [Vertex(0, -1, 0), Vertex(0, 0, 2)]
Key: com.catan.model.RoundedPoint2D@25d4c0, Value: [Vertex(1, -1, 0)]
Key: com.catan.model.RoundedPoint2D@259640, Value: [Vertex(1, -2, 1), Vertex(1, -1, 3)]
Key: com.catan.model.RoundedPoint2D@2651c0, Value: [Vertex(1, 2, 1)]
Key: com.catan.model.RoundedPoint2D@1b9271, Value: [Vertex(0, -2, 3)]
Key: com.catan.model.RoundedPoint2D@1bd0f1, Value: [Vertex(0, -1, 4), Vertex(0, -2, 0)]
Key: com.catan.model.RoundedPoint2D@1c8c71, Value: [Vertex(0, 2, 0)]
Key: com.catan.model.RoundedPoint2D@1c4df1, Value: [Vertex(0, 1, 5), Vertex(0, 2, 3), Vertex(-1, 1, 1)]
Key: com.catan.model.RoundedPoint2D@122ae2, Value: [Vertex(-2, 0, 2), Vertex(-2, -1, 0), Vertex(-1, 0, 4)]
Key: com.catan.model.RoundedPoint2D@12a7e2, Value: [Vertex(-1, 2, 5)]
Key: com.catan.model.RoundedPoint2D@231a51, Value: [Vertex(1, 2, 0)]
Key: com.catan.model.RoundedPoint2D@222051, Value: [Vertex(1, -2, 3)]
Key: com.catan.model.RoundedPoint2D@22dbd1, Value: [Vertex(1, 1, 5), Vertex(0, 1, 1), Vertex(1, 2, 3)]
Key: com.catan.model.RoundedPoint2D@225ed1, Value: [Vertex(0, -1, 2), Vertex(1, -2, 0), Vertex(1, -1, 4)]
Key: com.catan.model.RoundedPoint2D@11ec62, Value: [Vertex(-1, -2, 5), Vertex(-2, -1, 3)]
Key: com.catan.model.RoundedPoint2D@28ecd0, Value: [Vertex(1, -1, 2)]
Key: com.catan.model.RoundedPoint2D@1935e1, Value: [Vertex(0, 2, 5), Vertex(-1, 2, 1)]
Key: com.catan.model.RoundedPoint2D@2969d0, Value: [Vertex(1, 1, 1)]
Key: com.catan.model.RoundedPoint2D@18b8e1, Value: [Vertex(0, 0, 4), Vertex(-1, 0, 2)]
Key: com.catan.model.RoundedPoint2D@187a61, Value: [Vertex(-1, -2, 1), Vertex(0, -2, 5)]
Key: com.catan.model.RoundedPoint2D@15fe91, Value: [Vertex(-1, 2, 0)]
Key: com.catan.model.RoundedPoint2D@15c011, Value: [Vertex(-2, 1, 1), Vertex(-1, 2, 3), Vertex(-1, 1, 5)]
Key: com.catan.model.RoundedPoint2D@150491, Value: [Vertex(-1, -2, 3)]
Key: com.catan.model.RoundedPoint2D@154311, Value: [Vertex(-1, -2, 0), Vertex(-2, -1, 2)]
Key: com.catan.model.RoundedPoint2D@b9d02, Value: [Vertex(-2, 0, 4)]
Key: com.catan.model.RoundedPoint2D@eb512, Value: [Vertex(-2, -1, 4)]
Key: com.catan.model.RoundedPoint2D@f3212, Value: [Vertex(-2, 1, 5)]
Key: com.catan.model.RoundedPoint2D@1fa481, Value: [Vertex(0, 1, 0), Vertex(1, 2, 4), Vertex(0, 2, 2)]
Key: com.catan.model.RoundedPoint2D@1f6601, Value: [Vertex(0, 0, 1), Vertex(0, 1, 3)]
Key: com.catan.model.RoundedPoint2D@1ee901, Value: [Vertex(0, -2, 2), Vertex(1, -2, 4)]
Key: com.catan.model.RoundedPoint2D@257700, Value: [Vertex(1, -2, 2)]
Key: com.catan.model.RoundedPoint2D@25f400, Value: [Vertex(1, 1, 3)]
Key: com.catan.model.RoundedPoint2D@263280, Value: [Vertex(1, 1, 0), Vertex(1, 2, 2)]
Key: com.catan.model.RoundedPoint2D@1bf031, Value: [Vertex(0, -1, 5), Vertex(0, 0, 3)]
Key: com.catan.model.RoundedPoint2D@1c2eb1, Value: [Vertex(0, 0, 0), Vertex(0, 1, 4), Vertex(-1, 1, 2)]
Key: com.catan.model.RoundedPoint2D@124a22, Value: [Vertex(-2, 1, 3), Vertex(-2, 0, 1), Vertex(-1, 0, 5)]
Key: com.catan.model.RoundedPoint2D@1288a2, Value: [Vertex(-2, 1, 0), Vertex(-1, 2, 4)]
Key: com.catan.model.RoundedPoint2D@22bc91, Value: [Vertex(1, 1, 4), Vertex(0, 1, 2)]
Key: com.catan.model.RoundedPoint2D@227e11, Value: [Vertex(0, -1, 1), Vertex(1, -1, 5)]
Key: com.catan.model.RoundedPoint2D@11cd22, Value: [Vertex(-1, -2, 4)]
Key: com.catan.model.RoundedPoint2D@1916a1, Value: [Vertex(0, 2, 4), Vertex(-1, 2, 2), Vertex(-1, 1, 0)]
Key: com.catan.model.RoundedPoint2D@290c10, Value: [Vertex(1, -1, 1)]
Key: com.catan.model.RoundedPoint2D@294a90, Value: [Vertex(1, 1, 2), Vertex(2, 0, 0)]
Key: com.catan.model.RoundedPoint2D@18d821, Value: [Vertex(0, 0, 5), Vertex(-1, 1, 3), Vertex(-1, 0, 1)]
Key: com.catan.model.RoundedPoint2D@185b21, Value: [Vertex(-1, -2, 2), Vertex(0, -2, 4)]
Key: com.catan.model.RoundedPoint2D@156251, Value: [Vertex(-2, -1, 1), Vertex(-1, 0, 3)]
Key: com.catan.model.RoundedPoint2D@15a0d1, Value: [Vertex(-2, 1, 2), Vertex(-1, 1, 4), Vertex(-1, 0, 0)]
Key: com.catan.model.RoundedPoint2D@bbc42, Value: [Vertex(-2, 0, 5)]
Key: com.catan.model.RoundedPoint2D@ed452, Value: [Vertex(-2, 0, 3), Vertex(-2, -1, 5)]
Key: com.catan.model.RoundedPoint2D@f12d2, Value: [Vertex(-2, 1, 4), Vertex(-2, 0, 0)]
Key: com.catan.model.RoundedPoint2D@1fc3c1, Value: [Vertex(1, 2, 5), Vertex(0, 2, 1)]
Key: com.catan.model.RoundedPoint2D@1f0841, Value: [Vertex(0, -1, 3), Vertex(0, -2, 1), Vertex(1, -2, 5)]
Key: com.catan.model.RoundedPoint2D@1f46c1, Value: [Vertex(0, -1, 0), Vertex(0, 0, 2)]
Key: com.catan.model.RoundedPoint2D@25d4c0, Value: [Vertex(1, -1, 0)]
Key: com.catan.model.RoundedPoint2D@259640, Value: [Vertex(1, -2, 1), Vertex(1, -1, 3)]
Key: com.catan.model.RoundedPoint2D@2651c0, Value: [Vertex(1, 2, 1)]
Key: com.catan.model.RoundedPoint2D@1b9271, Value: [Vertex(0, -2, 3)]
Key: com.catan.model.RoundedPoint2D@1bd0f1, Value: [Vertex(0, -1, 4), Vertex(0, -2, 0)]
Key: com.catan.model.RoundedPoint2D@1c8c71, Value: [Vertex(0, 2, 0)]
Key: com.catan.model.RoundedPoint2D@1c4df1, Value: [Vertex(0, 1, 5), Vertex(0, 2, 3), Vertex(-1, 1, 1)]
Key: com.catan.model.RoundedPoint2D@122ae2, Value: [Vertex(-2, 0, 2), Vertex(-2, -1, 0), Vertex(-1, 0, 4)]
Key: com.catan.model.RoundedPoint2D@12a7e2, Value: [Vertex(-1, 2, 5)]
Key: com.catan.model.RoundedPoint2D@231a51, Value: [Vertex(1, 2, 0)]
Key: com.catan.model.RoundedPoint2D@222051, Value: [Vertex(1, -2, 3)]
Key: com.catan.model.RoundedPoint2D@22dbd1, Value: [Vertex(1, 1, 5), Vertex(0, 1, 1), Vertex(1, 2, 3)]
Key: com.catan.model.RoundedPoint2D@225ed1, Value: [Vertex(0, -1, 2), Vertex(1, -2, 0), Vertex(1, -1, 4)]
Key: com.catan.model.RoundedPoint2D@11ec62, Value: [Vertex(-1, -2, 5), Vertex(-2, -1, 3)]
Key: com.catan.model.RoundedPoint2D@28ecd0, Value: [Vertex(1, -1, 2)]
Key: com.catan.model.RoundedPoint2D@1935e1, Value: [Vertex(0, 2, 5), Vertex(-1, 2, 1)]
Key: com.catan.model.RoundedPoint2D@2969d0, Value: [Vertex(1, 1, 1)]
Key: com.catan.model.RoundedPoint2D@18b8e1, Value: [Vertex(0, 0, 4), Vertex(-1, 0, 2)]
Key: com.catan.model.RoundedPoint2D@187a61, Value: [Vertex(-1, -2, 1), Vertex(0, -2, 5)]
Key: com.catan.model.RoundedPoint2D@15fe91, Value: [Vertex(-1, 2, 0)]
Key: com.catan.model.RoundedPoint2D@15c011, Value: [Vertex(-2, 1, 1), Vertex(-1, 2, 3), Vertex(-1, 1, 5)]
Key: com.catan.model.RoundedPoint2D@150491, Value: [Vertex(-1, -2, 3)]
Key: com.catan.model.RoundedPoint2D@154311, Value: [Vertex(-1, -2, 0), Vertex(-2, -1, 2)]
Key: com.catan.model.RoundedPoint2D@b9d02, Value: [Vertex(-2, 0, 4)]
Key: com.catan.model.RoundedPoint2D@eb512, Value: [Vertex(-2, -1, 4)]
Key: com.catan.model.RoundedPoint2D@f3212, Value: [Vertex(-2, 1, 5)]
Key: com.catan.model.RoundedPoint2D@1fa481, Value: [Vertex(0, 1, 0), Vertex(1, 2, 4), Vertex(0, 2, 2)]
Key: com.catan.model.RoundedPoint2D@1f6601, Value: [Vertex(0, 0, 1), Vertex(0, 1, 3)]
Key: com.catan.model.RoundedPoint2D@1ee901, Value: [Vertex(0, -2, 2), Vertex(1, -2, 4)]
Key: com.catan.model.RoundedPoint2D@257700, Value: [Vertex(1, -2, 2)]
Key: com.catan.model.RoundedPoint2D@25f400, Value: [Vertex(1, 1, 3)]
Key: com.catan.model.RoundedPoint2D@263280, Value: [Vertex(1, 1, 0), Vertex(1, 2, 2)]
Key: com.catan.model.RoundedPoint2D@1bf031, Value: [Vertex(0, -1, 5), Vertex(0, 0, 3)]
Key: com.catan.model.RoundedPoint2D@1c2eb1, Value: [Vertex(0, 0, 0), Vertex(0, 1, 4), Vertex(-1, 1, 2)]
Key: com.catan.model.RoundedPoint2D@124a22, Value: [Vertex(-2, 1, 3), Vertex(-2, 0, 1), Vertex(-1, 0, 5)]
Key: com.catan.model.RoundedPoint2D@1288a2, Value: [Vertex(-2, 1, 0), Vertex(-1, 2, 4)]
Key: com.catan.model.RoundedPoint2D@22bc91, Value: [Vertex(1, 1, 4), Vertex(0, 1, 2)]
Key: com.catan.model.RoundedPoint2D@227e11, Value: [Vertex(0, -1, 1), Vertex(1, -1, 5)]
Key: com.catan.model.RoundedPoint2D@11cd22, Value: [Vertex(-1, -2, 4)]
Key: com.catan.model.RoundedPoint2D@1916a1, Value: [Vertex(0, 2, 4), Vertex(-1, 2, 2), Vertex(-1, 1, 0)]
Key: com.catan.model.RoundedPoint2D@290c10, Value: [Vertex(1, -1, 1)]
Key: com.catan.model.RoundedPoint2D@294a90, Value: [Vertex(1, 1, 2), Vertex(2, 0, 0)]
Key: com.catan.model.RoundedPoint2D@18d821, Value: [Vertex(0, 0, 5), Vertex(-1, 1, 3), Vertex(-1, 0, 1)]
Key: com.catan.model.RoundedPoint2D@185b21, Value: [Vertex(-1, -2, 2), Vertex(0, -2, 4)]
Key: com.catan.model.RoundedPoint2D@156251, Value: [Vertex(-2, -1, 1), Vertex(-1, 0, 3)]
Key: com.catan.model.RoundedPoint2D@15a0d1, Value: [Vertex(-2, 1, 2), Vertex(-1, 1, 4), Vertex(-1, 0, 0)]
Key: com.catan.model.RoundedPoint2D@bbc42, Value: [Vertex(-2, 0, 5)]
Key: com.catan.model.RoundedPoint2D@2c81e0, Value: [Vertex(2, 0, 1)]
Key: com.catan.model.RoundedPoint2D@ed452, Value: [Vertex(-2, 0, 3), Vertex(-2, -1, 5)]
Key: com.catan.model.RoundedPoint2D@f12d2, Value: [Vertex(-2, 1, 4), Vertex(-2, 0, 0)]
Key: com.catan.model.RoundedPoint2D@1fc3c1, Value: [Vertex(1, 2, 5), Vertex(0, 2, 1)]
Key: com.catan.model.RoundedPoint2D@1f0841, Value: [Vertex(0, -1, 3), Vertex(0, -2, 1), Vertex(1, -2, 5)]
Key: com.catan.model.RoundedPoint2D@1f46c1, Value: [Vertex(0, -1, 0), Vertex(0, 0, 2)]
Key: com.catan.model.RoundedPoint2D@25d4c0, Value: [Vertex(1, -1, 0)]
Key: com.catan.model.RoundedPoint2D@259640, Value: [Vertex(1, -2, 1), Vertex(1, -1, 3)]
Key: com.catan.model.RoundedPoint2D@2651c0, Value: [Vertex(1, 2, 1)]
Key: com.catan.model.RoundedPoint2D@1b9271, Value: [Vertex(0, -2, 3)]
Key: com.catan.model.RoundedPoint2D@1bd0f1, Value: [Vertex(0, -1, 4), Vertex(0, -2, 0)]
Key: com.catan.model.RoundedPoint2D@1c8c71, Value: [Vertex(0, 2, 0)]
Key: com.catan.model.RoundedPoint2D@1c4df1, Value: [Vertex(0, 1, 5), Vertex(0, 2, 3), Vertex(-1, 1, 1)]
Key: com.catan.model.RoundedPoint2D@122ae2, Value: [Vertex(-2, 0, 2), Vertex(-2, -1, 0), Vertex(-1, 0, 4)]
Key: com.catan.model.RoundedPoint2D@12a7e2, Value: [Vertex(-1, 2, 5)]
Key: com.catan.model.RoundedPoint2D@231a51, Value: [Vertex(1, 2, 0)]
Key: com.catan.model.RoundedPoint2D@222051, Value: [Vertex(1, -2, 3)]
Key: com.catan.model.RoundedPoint2D@22dbd1, Value: [Vertex(1, 1, 5), Vertex(0, 1, 1), Vertex(1, 2, 3)]
Key: com.catan.model.RoundedPoint2D@225ed1, Value: [Vertex(0, -1, 2), Vertex(1, -2, 0), Vertex(1, -1, 4)]
Key: com.catan.model.RoundedPoint2D@11ec62, Value: [Vertex(-1, -2, 5), Vertex(-2, -1, 3)]
Key: com.catan.model.RoundedPoint2D@28ecd0, Value: [Vertex(1, -1, 2)]
Key: com.catan.model.RoundedPoint2D@1935e1, Value: [Vertex(0, 2, 5), Vertex(-1, 2, 1)]
Key: com.catan.model.RoundedPoint2D@2969d0, Value: [Vertex(1, 1, 1)]
Key: com.catan.model.RoundedPoint2D@18b8e1, Value: [Vertex(0, 0, 4), Vertex(-1, 0, 2)]
Key: com.catan.model.RoundedPoint2D@187a61, Value: [Vertex(-1, -2, 1), Vertex(0, -2, 5)]
Key: com.catan.model.RoundedPoint2D@15fe91, Value: [Vertex(-1, 2, 0)]
Key: com.catan.model.RoundedPoint2D@15c011, Value: [Vertex(-2, 1, 1), Vertex(-1, 2, 3), Vertex(-1, 1, 5)]
Key: com.catan.model.RoundedPoint2D@150491, Value: [Vertex(-1, -2, 3)]
Key: com.catan.model.RoundedPoint2D@154311, Value: [Vertex(-1, -2, 0), Vertex(-2, -1, 2)]
Key: com.catan.model.RoundedPoint2D@b9d02, Value: [Vertex(-2, 0, 4)]
Key: com.catan.model.RoundedPoint2D@2c62a0, Value: [Vertex(2, 0, 2)]
Key: com.catan.model.RoundedPoint2D@eb512, Value: [Vertex(-2, -1, 4)]
Key: com.catan.model.RoundedPoint2D@f3212, Value: [Vertex(-2, 1, 5)]
Key: com.catan.model.RoundedPoint2D@1fa481, Value: [Vertex(0, 1, 0), Vertex(1, 2, 4), Vertex(0, 2, 2)]
Key: com.catan.model.RoundedPoint2D@1f6601, Value: [Vertex(0, 0, 1), Vertex(0, 1, 3)]
Key: com.catan.model.RoundedPoint2D@1ee901, Value: [Vertex(0, -2, 2), Vertex(1, -2, 4)]
Key: com.catan.model.RoundedPoint2D@257700, Value: [Vertex(1, -2, 2)]
Key: com.catan.model.RoundedPoint2D@25f400, Value: [Vertex(1, 1, 3)]
Key: com.catan.model.RoundedPoint2D@263280, Value: [Vertex(1, 1, 0), Vertex(1, 2, 2)]
Key: com.catan.model.RoundedPoint2D@1bf031, Value: [Vertex(0, -1, 5), Vertex(0, 0, 3)]
Key: com.catan.model.RoundedPoint2D@1c2eb1, Value: [Vertex(0, 0, 0), Vertex(0, 1, 4), Vertex(-1, 1, 2)]
Key: com.catan.model.RoundedPoint2D@124a22, Value: [Vertex(-2, 1, 3), Vertex(-2, 0, 1), Vertex(-1, 0, 5)]
Key: com.catan.model.RoundedPoint2D@1288a2, Value: [Vertex(-2, 1, 0), Vertex(-1, 2, 4)]
Key: com.catan.model.RoundedPoint2D@22bc91, Value: [Vertex(1, 1, 4), Vertex(0, 1, 2)]
Key: com.catan.model.RoundedPoint2D@227e11, Value: [Vertex(0, -1, 1), Vertex(1, -1, 5)]
Key: com.catan.model.RoundedPoint2D@11cd22, Value: [Vertex(-1, -2, 4)]
Key: com.catan.model.RoundedPoint2D@1916a1, Value: [Vertex(0, 2, 4), Vertex(-1, 2, 2), Vertex(-1, 1, 0)]
Key: com.catan.model.RoundedPoint2D@290c10, Value: [Vertex(1, -1, 1)]
Key: com.catan.model.RoundedPoint2D@294a90, Value: [Vertex(1, 1, 2), Vertex(2, 0, 0)]
Key: com.catan.model.RoundedPoint2D@18d821, Value: [Vertex(0, 0, 5), Vertex(-1, 1, 3), Vertex(-1, 0, 1)]
Key: com.catan.model.RoundedPoint2D@185b21, Value: [Vertex(-1, -2, 2), Vertex(0, -2, 4)]
Key: com.catan.model.RoundedPoint2D@156251, Value: [Vertex(-2, -1, 1), Vertex(-1, 0, 3)]
Key: com.catan.model.RoundedPoint2D@15a0d1, Value: [Vertex(-2, 1, 2), Vertex(-1, 1, 4), Vertex(-1, 0, 0)]
Key: com.catan.model.RoundedPoint2D@bbc42, Value: [Vertex(-2, 0, 5)]
Key: com.catan.model.RoundedPoint2D@2c81e0, Value: [Vertex(2, 0, 1)]
Key: com.catan.model.RoundedPoint2D@ed452, Value: [Vertex(-2, 0, 3), Vertex(-2, -1, 5)]
Key: com.catan.model.RoundedPoint2D@f12d2, Value: [Vertex(-2, 1, 4), Vertex(-2, 0, 0)]
Key: com.catan.model.RoundedPoint2D@1fc3c1, Value: [Vertex(1, 2, 5), Vertex(0, 2, 1)]
Key: com.catan.model.RoundedPoint2D@1f0841, Value: [Vertex(0, -1, 3), Vertex(0, -2, 1), Vertex(1, -2, 5)]
Key: com.catan.model.RoundedPoint2D@1f46c1, Value: [Vertex(0, -1, 0), Vertex(0, 0, 2)]
Key: com.catan.model.RoundedPoint2D@25d4c0, Value: [Vertex(1, -1, 0)]
Key: com.catan.model.RoundedPoint2D@259640, Value: [Vertex(1, -2, 1), Vertex(1, -1, 3)]
Key: com.catan.model.RoundedPoint2D@2651c0, Value: [Vertex(1, 2, 1)]
Key: com.catan.model.RoundedPoint2D@1b9271, Value: [Vertex(0, -2, 3)]
Key: com.catan.model.RoundedPoint2D@1bd0f1, Value: [Vertex(0, -1, 4), Vertex(0, -2, 0)]
Key: com.catan.model.RoundedPoint2D@1c8c71, Value: [Vertex(0, 2, 0)]
Key: com.catan.model.RoundedPoint2D@1c4df1, Value: [Vertex(0, 1, 5), Vertex(0, 2, 3), Vertex(-1, 1, 1)]
Key: com.catan.model.RoundedPoint2D@122ae2, Value: [Vertex(-2, 0, 2), Vertex(-2, -1, 0), Vertex(-1, 0, 4)]
Key: com.catan.model.RoundedPoint2D@12a7e2, Value: [Vertex(-1, 2, 5)]
Key: com.catan.model.RoundedPoint2D@231a51, Value: [Vertex(1, 2, 0)]
Key: com.catan.model.RoundedPoint2D@222051, Value: [Vertex(1, -2, 3)]
Key: com.catan.model.RoundedPoint2D@22dbd1, Value: [Vertex(1, 1, 5), Vertex(0, 1, 1), Vertex(1, 2, 3)]
Key: com.catan.model.RoundedPoint2D@225ed1, Value: [Vertex(0, -1, 2), Vertex(1, -2, 0), Vertex(1, -1, 4)]
Key: com.catan.model.RoundedPoint2D@11ec62, Value: [Vertex(-1, -2, 5), Vertex(-2, -1, 3)]
Key: com.catan.model.RoundedPoint2D@28ecd0, Value: [Vertex(1, -1, 2)]
Key: com.catan.model.RoundedPoint2D@1935e1, Value: [Vertex(0, 2, 5), Vertex(-1, 2, 1)]
Key: com.catan.model.RoundedPoint2D@2969d0, Value: [Vertex(1, 1, 1)]
Key: com.catan.model.RoundedPoint2D@18b8e1, Value: [Vertex(0, 0, 4), Vertex(-1, 0, 2)]
Key: com.catan.model.RoundedPoint2D@187a61, Value: [Vertex(-1, -2, 1), Vertex(0, -2, 5)]
Key: com.catan.model.RoundedPoint2D@15fe91, Value: [Vertex(-1, 2, 0)]
Key: com.catan.model.RoundedPoint2D@15c011, Value: [Vertex(-2, 1, 1), Vertex(-1, 2, 3), Vertex(-1, 1, 5)]
Key: com.catan.model.RoundedPoint2D@150491, Value: [Vertex(-1, -2, 3)]
Key: com.catan.model.RoundedPoint2D@154311, Value: [Vertex(-1, -2, 0), Vertex(-2, -1, 2)]
Key: com.catan.model.RoundedPoint2D@b9d02, Value: [Vertex(-2, 0, 4)]
Key: com.catan.model.RoundedPoint2D@2c62a0, Value: [Vertex(2, 0, 2)]
Key: com.catan.model.RoundedPoint2D@eb512, Value: [Vertex(-2, -1, 4)]
Key: com.catan.model.RoundedPoint2D@f3212, Value: [Vertex(-2, 1, 5)]
Key: com.catan.model.RoundedPoint2D@1fa481, Value: [Vertex(0, 1, 0), Vertex(1, 2, 4), Vertex(0, 2, 2)]
Key: com.catan.model.RoundedPoint2D@1f6601, Value: [Vertex(0, 0, 1), Vertex(0, 1, 3)]
Key: com.catan.model.RoundedPoint2D@1ee901, Value: [Vertex(0, -2, 2), Vertex(1, -2, 4)]
Key: com.catan.model.RoundedPoint2D@257700, Value: [Vertex(1, -2, 2)]
Key: com.catan.model.RoundedPoint2D@25f400, Value: [Vertex(1, 1, 3)]
Key: com.catan.model.RoundedPoint2D@263280, Value: [Vertex(1, 1, 0), Vertex(1, 2, 2)]
Key: com.catan.model.RoundedPoint2D@1bf031, Value: [Vertex(0, -1, 5), Vertex(0, 0, 3)]
Key: com.catan.model.RoundedPoint2D@1c2eb1, Value: [Vertex(0, 0, 0), Vertex(0, 1, 4), Vertex(-1, 1, 2)]
Key: com.catan.model.RoundedPoint2D@124a22, Value: [Vertex(-2, 1, 3), Vertex(-2, 0, 1), Vertex(-1, 0, 5)]
Key: com.catan.model.RoundedPoint2D@1288a2, Value: [Vertex(-2, 1, 0), Vertex(-1, 2, 4)]
Key: com.catan.model.RoundedPoint2D@22bc91, Value: [Vertex(1, 1, 4), Vertex(0, 1, 2)]
Key: com.catan.model.RoundedPoint2D@227e11, Value: [Vertex(0, -1, 1), Vertex(1, -1, 5)]
Key: com.catan.model.RoundedPoint2D@11cd22, Value: [Vertex(-1, -2, 4)]
Key: com.catan.model.RoundedPoint2D@1916a1, Value: [Vertex(0, 2, 4), Vertex(-1, 2, 2), Vertex(-1, 1, 0)]
Key: com.catan.model.RoundedPoint2D@290c10, Value: [Vertex(1, -1, 1), Vertex(2, 0, 3)]
Key: com.catan.model.RoundedPoint2D@294a90, Value: [Vertex(1, 1, 2), Vertex(2, 0, 0)]
Key: com.catan.model.RoundedPoint2D@18d821, Value: [Vertex(0, 0, 5), Vertex(-1, 1, 3), Vertex(-1, 0, 1)]
Key: com.catan.model.RoundedPoint2D@185b21, Value: [Vertex(-1, -2, 2), Vertex(0, -2, 4)]
Key: com.catan.model.RoundedPoint2D@156251, Value: [Vertex(-2, -1, 1), Vertex(-1, 0, 3)]
Key: com.catan.model.RoundedPoint2D@15a0d1, Value: [Vertex(-2, 1, 2), Vertex(-1, 1, 4), Vertex(-1, 0, 0)]
Key: com.catan.model.RoundedPoint2D@bbc42, Value: [Vertex(-2, 0, 5)]
Key: com.catan.model.RoundedPoint2D@2c81e0, Value: [Vertex(2, 0, 1)]
Key: com.catan.model.RoundedPoint2D@ed452, Value: [Vertex(-2, 0, 3), Vertex(-2, -1, 5)]
Key: com.catan.model.RoundedPoint2D@f12d2, Value: [Vertex(-2, 1, 4), Vertex(-2, 0, 0)]
Key: com.catan.model.RoundedPoint2D@1fc3c1, Value: [Vertex(1, 2, 5), Vertex(0, 2, 1)]
Key: com.catan.model.RoundedPoint2D@1f0841, Value: [Vertex(0, -1, 3), Vertex(0, -2, 1), Vertex(1, -2, 5)]
Key: com.catan.model.RoundedPoint2D@1f46c1, Value: [Vertex(0, -1, 0), Vertex(0, 0, 2)]
Key: com.catan.model.RoundedPoint2D@25d4c0, Value: [Vertex(1, -1, 0)]
Key: com.catan.model.RoundedPoint2D@259640, Value: [Vertex(1, -2, 1), Vertex(1, -1, 3)]
Key: com.catan.model.RoundedPoint2D@2651c0, Value: [Vertex(1, 2, 1)]
Key: com.catan.model.RoundedPoint2D@1b9271, Value: [Vertex(0, -2, 3)]
Key: com.catan.model.RoundedPoint2D@1bd0f1, Value: [Vertex(0, -1, 4), Vertex(0, -2, 0)]
Key: com.catan.model.RoundedPoint2D@1c8c71, Value: [Vertex(0, 2, 0)]
Key: com.catan.model.RoundedPoint2D@1c4df1, Value: [Vertex(0, 1, 5), Vertex(0, 2, 3), Vertex(-1, 1, 1)]
Key: com.catan.model.RoundedPoint2D@122ae2, Value: [Vertex(-2, 0, 2), Vertex(-2, -1, 0), Vertex(-1, 0, 4)]
Key: com.catan.model.RoundedPoint2D@12a7e2, Value: [Vertex(-1, 2, 5)]
Key: com.catan.model.RoundedPoint2D@231a51, Value: [Vertex(1, 2, 0)]
Key: com.catan.model.RoundedPoint2D@222051, Value: [Vertex(1, -2, 3)]
Key: com.catan.model.RoundedPoint2D@22dbd1, Value: [Vertex(1, 1, 5), Vertex(0, 1, 1), Vertex(1, 2, 3)]
Key: com.catan.model.RoundedPoint2D@225ed1, Value: [Vertex(0, -1, 2), Vertex(1, -2, 0), Vertex(1, -1, 4)]
Key: com.catan.model.RoundedPoint2D@11ec62, Value: [Vertex(-1, -2, 5), Vertex(-2, -1, 3)]
Key: com.catan.model.RoundedPoint2D@28ecd0, Value: [Vertex(1, -1, 2)]
Key: com.catan.model.RoundedPoint2D@1935e1, Value: [Vertex(0, 2, 5), Vertex(-1, 2, 1)]
Key: com.catan.model.RoundedPoint2D@2969d0, Value: [Vertex(1, 1, 1)]
Key: com.catan.model.RoundedPoint2D@18b8e1, Value: [Vertex(0, 0, 4), Vertex(-1, 0, 2)]
Key: com.catan.model.RoundedPoint2D@187a61, Value: [Vertex(-1, -2, 1), Vertex(0, -2, 5)]
Key: com.catan.model.RoundedPoint2D@15fe91, Value: [Vertex(-1, 2, 0)]
Key: com.catan.model.RoundedPoint2D@15c011, Value: [Vertex(-2, 1, 1), Vertex(-1, 2, 3), Vertex(-1, 1, 5)]
Key: com.catan.model.RoundedPoint2D@150491, Value: [Vertex(-1, -2, 3)]
Key: com.catan.model.RoundedPoint2D@154311, Value: [Vertex(-1, -2, 0), Vertex(-2, -1, 2)]
Key: com.catan.model.RoundedPoint2D@b9d02, Value: [Vertex(-2, 0, 4)]
Key: com.catan.model.RoundedPoint2D@2c62a0, Value: [Vertex(2, 0, 2)]
Key: com.catan.model.RoundedPoint2D@eb512, Value: [Vertex(-2, -1, 4)]
Key: com.catan.model.RoundedPoint2D@f3212, Value: [Vertex(-2, 1, 5)]
Key: com.catan.model.RoundedPoint2D@1fa481, Value: [Vertex(0, 1, 0), Vertex(1, 2, 4), Vertex(0, 2, 2)]
Key: com.catan.model.RoundedPoint2D@1f6601, Value: [Vertex(0, 0, 1), Vertex(0, 1, 3)]
Key: com.catan.model.RoundedPoint2D@1ee901, Value: [Vertex(0, -2, 2), Vertex(1, -2, 4)]
Key: com.catan.model.RoundedPoint2D@257700, Value: [Vertex(1, -2, 2)]
Key: com.catan.model.RoundedPoint2D@25f400, Value: [Vertex(1, 1, 3)]
Key: com.catan.model.RoundedPoint2D@263280, Value: [Vertex(1, 1, 0), Vertex(1, 2, 2)]
Key: com.catan.model.RoundedPoint2D@1bf031, Value: [Vertex(0, -1, 5), Vertex(0, 0, 3)]
Key: com.catan.model.RoundedPoint2D@1c2eb1, Value: [Vertex(0, 0, 0), Vertex(0, 1, 4), Vertex(-1, 1, 2)]
Key: com.catan.model.RoundedPoint2D@124a22, Value: [Vertex(-2, 1, 3), Vertex(-2, 0, 1), Vertex(-1, 0, 5)]
Key: com.catan.model.RoundedPoint2D@1288a2, Value: [Vertex(-2, 1, 0), Vertex(-1, 2, 4)]
Key: com.catan.model.RoundedPoint2D@22bc91, Value: [Vertex(1, 1, 4), Vertex(0, 1, 2)]
Key: com.catan.model.RoundedPoint2D@227e11, Value: [Vertex(0, -1, 1), Vertex(1, -1, 5)]
Key: com.catan.model.RoundedPoint2D@11cd22, Value: [Vertex(-1, -2, 4)]
Key: com.catan.model.RoundedPoint2D@1916a1, Value: [Vertex(0, 2, 4), Vertex(-1, 2, 2), Vertex(-1, 1, 0)]
Key: com.catan.model.RoundedPoint2D@290c10, Value: [Vertex(1, -1, 1), Vertex(2, 0, 3)]
Key: com.catan.model.RoundedPoint2D@294a90, Value: [Vertex(1, 1, 2), Vertex(2, 0, 0)]
Key: com.catan.model.RoundedPoint2D@18d821, Value: [Vertex(0, 0, 5), Vertex(-1, 1, 3), Vertex(-1, 0, 1)]
Key: com.catan.model.RoundedPoint2D@185b21, Value: [Vertex(-1, -2, 2), Vertex(0, -2, 4)]
Key: com.catan.model.RoundedPoint2D@156251, Value: [Vertex(-2, -1, 1), Vertex(-1, 0, 3)]
Key: com.catan.model.RoundedPoint2D@15a0d1, Value: [Vertex(-2, 1, 2), Vertex(-1, 1, 4), Vertex(-1, 0, 0)]
Key: com.catan.model.RoundedPoint2D@bbc42, Value: [Vertex(-2, 0, 5)]
Key: com.catan.model.RoundedPoint2D@2c81e0, Value: [Vertex(2, 0, 1)]
Key: com.catan.model.RoundedPoint2D@ed452, Value: [Vertex(-2, 0, 3), Vertex(-2, -1, 5)]
Key: com.catan.model.RoundedPoint2D@f12d2, Value: [Vertex(-2, 1, 4), Vertex(-2, 0, 0)]
Key: com.catan.model.RoundedPoint2D@1fc3c1, Value: [Vertex(1, 2, 5), Vertex(0, 2, 1)]
Key: com.catan.model.RoundedPoint2D@1f0841, Value: [Vertex(0, -1, 3), Vertex(0, -2, 1), Vertex(1, -2, 5)]
Key: com.catan.model.RoundedPoint2D@1f46c1, Value: [Vertex(0, -1, 0), Vertex(0, 0, 2)]
Key: com.catan.model.RoundedPoint2D@25d4c0, Value: [Vertex(1, -1, 0), Vertex(2, 0, 4)]
Key: com.catan.model.RoundedPoint2D@259640, Value: [Vertex(1, -2, 1), Vertex(1, -1, 3)]
Key: com.catan.model.RoundedPoint2D@2651c0, Value: [Vertex(1, 2, 1)]
Key: com.catan.model.RoundedPoint2D@1b9271, Value: [Vertex(0, -2, 3)]
Key: com.catan.model.RoundedPoint2D@1bd0f1, Value: [Vertex(0, -1, 4), Vertex(0, -2, 0)]
Key: com.catan.model.RoundedPoint2D@1c8c71, Value: [Vertex(0, 2, 0)]
Key: com.catan.model.RoundedPoint2D@1c4df1, Value: [Vertex(0, 1, 5), Vertex(0, 2, 3), Vertex(-1, 1, 1)]
Key: com.catan.model.RoundedPoint2D@122ae2, Value: [Vertex(-2, 0, 2), Vertex(-2, -1, 0), Vertex(-1, 0, 4)]
Key: com.catan.model.RoundedPoint2D@12a7e2, Value: [Vertex(-1, 2, 5)]
Key: com.catan.model.RoundedPoint2D@231a51, Value: [Vertex(1, 2, 0)]
Key: com.catan.model.RoundedPoint2D@222051, Value: [Vertex(1, -2, 3)]
Key: com.catan.model.RoundedPoint2D@22dbd1, Value: [Vertex(1, 1, 5), Vertex(0, 1, 1), Vertex(1, 2, 3)]
Key: com.catan.model.RoundedPoint2D@225ed1, Value: [Vertex(0, -1, 2), Vertex(1, -2, 0), Vertex(1, -1, 4)]
Key: com.catan.model.RoundedPoint2D@11ec62, Value: [Vertex(-1, -2, 5), Vertex(-2, -1, 3)]
Key: com.catan.model.RoundedPoint2D@28ecd0, Value: [Vertex(1, -1, 2)]
Key: com.catan.model.RoundedPoint2D@1935e1, Value: [Vertex(0, 2, 5), Vertex(-1, 2, 1)]
Key: com.catan.model.RoundedPoint2D@2969d0, Value: [Vertex(1, 1, 1)]
Key: com.catan.model.RoundedPoint2D@18b8e1, Value: [Vertex(0, 0, 4), Vertex(-1, 0, 2)]
Key: com.catan.model.RoundedPoint2D@187a61, Value: [Vertex(-1, -2, 1), Vertex(0, -2, 5)]
Key: com.catan.model.RoundedPoint2D@15fe91, Value: [Vertex(-1, 2, 0)]
Key: com.catan.model.RoundedPoint2D@15c011, Value: [Vertex(-2, 1, 1), Vertex(-1, 2, 3), Vertex(-1, 1, 5)]
Key: com.catan.model.RoundedPoint2D@150491, Value: [Vertex(-1, -2, 3)]
Key: com.catan.model.RoundedPoint2D@154311, Value: [Vertex(-1, -2, 0), Vertex(-2, -1, 2)]
Key: com.catan.model.RoundedPoint2D@b9d02, Value: [Vertex(-2, 0, 4)]
Key: com.catan.model.RoundedPoint2D@2c62a0, Value: [Vertex(2, 0, 2)]
Key: com.catan.model.RoundedPoint2D@eb512, Value: [Vertex(-2, -1, 4)]
Key: com.catan.model.RoundedPoint2D@f3212, Value: [Vertex(-2, 1, 5)]
Key: com.catan.model.RoundedPoint2D@1fa481, Value: [Vertex(0, 1, 0), Vertex(1, 2, 4), Vertex(0, 2, 2)]
Key: com.catan.model.RoundedPoint2D@1f6601, Value: [Vertex(0, 0, 1), Vertex(0, 1, 3)]
Key: com.catan.model.RoundedPoint2D@1ee901, Value: [Vertex(0, -2, 2), Vertex(1, -2, 4)]
Key: com.catan.model.RoundedPoint2D@257700, Value: [Vertex(1, -2, 2)]
Key: com.catan.model.RoundedPoint2D@25f400, Value: [Vertex(1, 1, 3), Vertex(2, 0, 5)]
Key: com.catan.model.RoundedPoint2D@263280, Value: [Vertex(1, 1, 0), Vertex(1, 2, 2)]
Key: com.catan.model.RoundedPoint2D@1bf031, Value: [Vertex(0, -1, 5), Vertex(0, 0, 3)]
Key: com.catan.model.RoundedPoint2D@1c2eb1, Value: [Vertex(0, 0, 0), Vertex(0, 1, 4), Vertex(-1, 1, 2)]
Key: com.catan.model.RoundedPoint2D@124a22, Value: [Vertex(-2, 1, 3), Vertex(-2, 0, 1), Vertex(-1, 0, 5)]
Key: com.catan.model.RoundedPoint2D@1288a2, Value: [Vertex(-2, 1, 0), Vertex(-1, 2, 4)]
Key: com.catan.model.RoundedPoint2D@22bc91, Value: [Vertex(1, 1, 4), Vertex(0, 1, 2)]
Key: com.catan.model.RoundedPoint2D@227e11, Value: [Vertex(0, -1, 1), Vertex(1, -1, 5)]
Key: com.catan.model.RoundedPoint2D@11cd22, Value: [Vertex(-1, -2, 4)]
Key: com.catan.model.RoundedPoint2D@1916a1, Value: [Vertex(0, 2, 4), Vertex(-1, 2, 2), Vertex(-1, 1, 0)]
Key: com.catan.model.RoundedPoint2D@290c10, Value: [Vertex(1, -1, 1), Vertex(2, 0, 3)]
Key: com.catan.model.RoundedPoint2D@294a90, Value: [Vertex(1, 1, 2), Vertex(2, 0, 0)]
Key: com.catan.model.RoundedPoint2D@18d821, Value: [Vertex(0, 0, 5), Vertex(-1, 1, 3), Vertex(-1, 0, 1)]
Key: com.catan.model.RoundedPoint2D@185b21, Value: [Vertex(-1, -2, 2), Vertex(0, -2, 4)]
Key: com.catan.model.RoundedPoint2D@156251, Value: [Vertex(-2, -1, 1), Vertex(-1, 0, 3)]
Key: com.catan.model.RoundedPoint2D@15a0d1, Value: [Vertex(-2, 1, 2), Vertex(-1, 1, 4), Vertex(-1, 0, 0)]
Key: com.catan.model.RoundedPoint2D@bbc42, Value: [Vertex(-2, 0, 5)]
Key: com.catan.model.RoundedPoint2D@2c81e0, Value: [Vertex(2, 0, 1)]
Key: com.catan.model.RoundedPoint2D@ed452, Value: [Vertex(-2, 0, 3), Vertex(-2, -1, 5)]
Key: com.catan.model.RoundedPoint2D@f12d2, Value: [Vertex(-2, 1, 4), Vertex(-2, 0, 0)]
Key: com.catan.model.RoundedPoint2D@1fc3c1, Value: [Vertex(1, 2, 5), Vertex(0, 2, 1)]
Key: com.catan.model.RoundedPoint2D@1f0841, Value: [Vertex(0, -1, 3), Vertex(0, -2, 1), Vertex(1, -2, 5)]
Key: com.catan.model.RoundedPoint2D@1f46c1, Value: [Vertex(0, -1, 0), Vertex(0, 0, 2)]
Key: com.catan.model.RoundedPoint2D@25d4c0, Value: [Vertex(1, -1, 0), Vertex(2, 0, 4)]
Key: com.catan.model.RoundedPoint2D@259640, Value: [Vertex(1, -2, 1), Vertex(1, -1, 3)]
Key: com.catan.model.RoundedPoint2D@2651c0, Value: [Vertex(1, 2, 1)]
Key: com.catan.model.RoundedPoint2D@1b9271, Value: [Vertex(0, -2, 3)]
Key: com.catan.model.RoundedPoint2D@1bd0f1, Value: [Vertex(0, -1, 4), Vertex(0, -2, 0)]
Key: com.catan.model.RoundedPoint2D@1c8c71, Value: [Vertex(0, 2, 0)]
Key: com.catan.model.RoundedPoint2D@1c4df1, Value: [Vertex(0, 1, 5), Vertex(0, 2, 3), Vertex(-1, 1, 1)]
Key: com.catan.model.RoundedPoint2D@122ae2, Value: [Vertex(-2, 0, 2), Vertex(-2, -1, 0), Vertex(-1, 0, 4)]
Key: com.catan.model.RoundedPoint2D@12a7e2, Value: [Vertex(-1, 2, 5)]
Key: com.catan.model.RoundedPoint2D@231a51, Value: [Vertex(1, 2, 0)]
Key: com.catan.model.RoundedPoint2D@222051, Value: [Vertex(1, -2, 3)]
Key: com.catan.model.RoundedPoint2D@22dbd1, Value: [Vertex(1, 1, 5), Vertex(0, 1, 1), Vertex(1, 2, 3)]
Key: com.catan.model.RoundedPoint2D@225ed1, Value: [Vertex(0, -1, 2), Vertex(1, -2, 0), Vertex(1, -1, 4)]
Key: com.catan.model.RoundedPoint2D@11ec62, Value: [Vertex(-1, -2, 5), Vertex(-2, -1, 3)]
Key: com.catan.model.RoundedPoint2D@28ecd0, Value: [Vertex(1, -1, 2)]
Key: com.catan.model.RoundedPoint2D@1935e1, Value: [Vertex(0, 2, 5), Vertex(-1, 2, 1)]
Key: com.catan.model.RoundedPoint2D@2969d0, Value: [Vertex(1, 1, 1)]
Key: com.catan.model.RoundedPoint2D@18b8e1, Value: [Vertex(0, 0, 4), Vertex(-1, 0, 2)]
Key: com.catan.model.RoundedPoint2D@187a61, Value: [Vertex(-1, -2, 1), Vertex(0, -2, 5)]
Key: com.catan.model.RoundedPoint2D@15fe91, Value: [Vertex(-1, 2, 0)]
Key: com.catan.model.RoundedPoint2D@15c011, Value: [Vertex(-2, 1, 1), Vertex(-1, 2, 3), Vertex(-1, 1, 5)]
Key: com.catan.model.RoundedPoint2D@150491, Value: [Vertex(-1, -2, 3)]
Key: com.catan.model.RoundedPoint2D@154311, Value: [Vertex(-1, -2, 0), Vertex(-2, -1, 2)]
Key: com.catan.model.RoundedPoint2D@b9d02, Value: [Vertex(-2, 0, 4)]
Key: com.catan.model.RoundedPoint2D@2c62a0, Value: [Vertex(2, 0, 2)]
Key: com.catan.model.RoundedPoint2D@eb512, Value: [Vertex(-2, -1, 4)]
Key: com.catan.model.RoundedPoint2D@f3212, Value: [Vertex(-2, 1, 5)]
Key: com.catan.model.RoundedPoint2D@1fa481, Value: [Vertex(0, 1, 0), Vertex(1, 2, 4), Vertex(0, 2, 2)]
Key: com.catan.model.RoundedPoint2D@1f6601, Value: [Vertex(0, 0, 1), Vertex(0, 1, 3)]
Key: com.catan.model.RoundedPoint2D@1ee901, Value: [Vertex(0, -2, 2), Vertex(1, -2, 4)]
Key: com.catan.model.RoundedPoint2D@257700, Value: [Vertex(1, -2, 2)]
Key: com.catan.model.RoundedPoint2D@25f400, Value: [Vertex(1, 1, 3), Vertex(2, 0, 5)]
Key: com.catan.model.RoundedPoint2D@263280, Value: [Vertex(1, 1, 0), Vertex(1, 2, 2)]
Key: com.catan.model.RoundedPoint2D@1bf031, Value: [Vertex(0, -1, 5), Vertex(0, 0, 3)]
Key: com.catan.model.RoundedPoint2D@1c2eb1, Value: [Vertex(0, 0, 0), Vertex(0, 1, 4), Vertex(-1, 1, 2)]
Key: com.catan.model.RoundedPoint2D@124a22, Value: [Vertex(-2, 1, 3), Vertex(-2, 0, 1), Vertex(-1, 0, 5)]
Key: com.catan.model.RoundedPoint2D@1288a2, Value: [Vertex(-2, 1, 0), Vertex(-1, 2, 4)]
Key: com.catan.model.RoundedPoint2D@22bc91, Value: [Vertex(1, 1, 4), Vertex(0, 1, 2)]
Key: com.catan.model.RoundedPoint2D@227e11, Value: [Vertex(0, -1, 1), Vertex(1, -1, 5)]
Key: com.catan.model.RoundedPoint2D@11cd22, Value: [Vertex(-1, -2, 4)]
Key: com.catan.model.RoundedPoint2D@1916a1, Value: [Vertex(0, 2, 4), Vertex(-1, 2, 2), Vertex(-1, 1, 0)]
Key: com.catan.model.RoundedPoint2D@290c10, Value: [Vertex(1, -1, 1), Vertex(2, 0, 3)]
Key: com.catan.model.RoundedPoint2D@294a90, Value: [Vertex(1, 1, 2), Vertex(2, 0, 0)]
Key: com.catan.model.RoundedPoint2D@18d821, Value: [Vertex(0, 0, 5), Vertex(-1, 1, 3), Vertex(-1, 0, 1)]
Key: com.catan.model.RoundedPoint2D@185b21, Value: [Vertex(-1, -2, 2), Vertex(0, -2, 4)]
Key: com.catan.model.RoundedPoint2D@156251, Value: [Vertex(-2, -1, 1), Vertex(-1, 0, 3)]
Key: com.catan.model.RoundedPoint2D@15a0d1, Value: [Vertex(-2, 1, 2), Vertex(-1, 1, 4), Vertex(-1, 0, 0)]
Key: com.catan.model.RoundedPoint2D@bbc42, Value: [Vertex(-2, 0, 5)]
Key: com.catan.model.RoundedPoint2D@2c81e0, Value: [Vertex(2, 0, 1)]
Key: com.catan.model.RoundedPoint2D@ed452, Value: [Vertex(-2, 0, 3), Vertex(-2, -1, 5)]
Key: com.catan.model.RoundedPoint2D@f12d2, Value: [Vertex(-2, 1, 4), Vertex(-2, 0, 0)]
Key: com.catan.model.RoundedPoint2D@1fc3c1, Value: [Vertex(1, 2, 5), Vertex(0, 2, 1)]
Key: com.catan.model.RoundedPoint2D@1f0841, Value: [Vertex(0, -1, 3), Vertex(0, -2, 1), Vertex(1, -2, 5)]
Key: com.catan.model.RoundedPoint2D@1f46c1, Value: [Vertex(0, -1, 0), Vertex(0, 0, 2)]
Key: com.catan.model.RoundedPoint2D@25d4c0, Value: [Vertex(1, -1, 0), Vertex(2, 0, 4)]
Key: com.catan.model.RoundedPoint2D@259640, Value: [Vertex(1, -2, 1), Vertex(1, -1, 3)]
Key: com.catan.model.RoundedPoint2D@2651c0, Value: [Vertex(1, 2, 1)]
Key: com.catan.model.RoundedPoint2D@1b9271, Value: [Vertex(0, -2, 3)]
Key: com.catan.model.RoundedPoint2D@1bd0f1, Value: [Vertex(0, -1, 4), Vertex(0, -2, 0)]
Key: com.catan.model.RoundedPoint2D@1c8c71, Value: [Vertex(0, 2, 0)]
Key: com.catan.model.RoundedPoint2D@1c4df1, Value: [Vertex(0, 1, 5), Vertex(0, 2, 3), Vertex(-1, 1, 1)]
Key: com.catan.model.RoundedPoint2D@122ae2, Value: [Vertex(-2, 0, 2), Vertex(-2, -1, 0), Vertex(-1, 0, 4)]
Key: com.catan.model.RoundedPoint2D@12a7e2, Value: [Vertex(-1, 2, 5)]
Key: com.catan.model.RoundedPoint2D@231a51, Value: [Vertex(1, 2, 0)]
Key: com.catan.model.RoundedPoint2D@222051, Value: [Vertex(1, -2, 3)]
Key: com.catan.model.RoundedPoint2D@22dbd1, Value: [Vertex(1, 1, 5), Vertex(0, 1, 1), Vertex(1, 2, 3)]
Key: com.catan.model.RoundedPoint2D@225ed1, Value: [Vertex(0, -1, 2), Vertex(1, -2, 0), Vertex(1, -1, 4)]
Key: com.catan.model.RoundedPoint2D@11ec62, Value: [Vertex(-1, -2, 5), Vertex(-2, -1, 3)]
Key: com.catan.model.RoundedPoint2D@28ecd0, Value: [Vertex(1, -1, 2)]
Key: com.catan.model.RoundedPoint2D@1935e1, Value: [Vertex(0, 2, 5), Vertex(-1, 2, 1)]
Key: com.catan.model.RoundedPoint2D@2969d0, Value: [Vertex(1, 1, 1)]
Key: com.catan.model.RoundedPoint2D@18b8e1, Value: [Vertex(0, 0, 4), Vertex(-1, 0, 2), Vertex(-1, -1, 0)]
Key: com.catan.model.RoundedPoint2D@187a61, Value: [Vertex(-1, -2, 1), Vertex(0, -2, 5)]
Key: com.catan.model.RoundedPoint2D@15fe91, Value: [Vertex(-1, 2, 0)]
Key: com.catan.model.RoundedPoint2D@15c011, Value: [Vertex(-2, 1, 1), Vertex(-1, 2, 3), Vertex(-1, 1, 5)]
Key: com.catan.model.RoundedPoint2D@150491, Value: [Vertex(-1, -2, 3)]
Key: com.catan.model.RoundedPoint2D@154311, Value: [Vertex(-1, -2, 0), Vertex(-2, -1, 2)]
Key: com.catan.model.RoundedPoint2D@b9d02, Value: [Vertex(-2, 0, 4)]
Key: com.catan.model.RoundedPoint2D@2c62a0, Value: [Vertex(2, 0, 2)]
Key: com.catan.model.RoundedPoint2D@eb512, Value: [Vertex(-2, -1, 4)]
Key: com.catan.model.RoundedPoint2D@f3212, Value: [Vertex(-2, 1, 5)]
Key: com.catan.model.RoundedPoint2D@1fa481, Value: [Vertex(0, 1, 0), Vertex(1, 2, 4), Vertex(0, 2, 2)]
Key: com.catan.model.RoundedPoint2D@1f6601, Value: [Vertex(0, 0, 1), Vertex(0, 1, 3)]
Key: com.catan.model.RoundedPoint2D@1ee901, Value: [Vertex(0, -2, 2), Vertex(1, -2, 4)]
Key: com.catan.model.RoundedPoint2D@257700, Value: [Vertex(1, -2, 2)]
Key: com.catan.model.RoundedPoint2D@25f400, Value: [Vertex(1, 1, 3), Vertex(2, 0, 5)]
Key: com.catan.model.RoundedPoint2D@263280, Value: [Vertex(1, 1, 0), Vertex(1, 2, 2)]
Key: com.catan.model.RoundedPoint2D@1bf031, Value: [Vertex(0, -1, 5), Vertex(0, 0, 3), Vertex(-1, -1, 1)]
Key: com.catan.model.RoundedPoint2D@1c2eb1, Value: [Vertex(0, 0, 0), Vertex(0, 1, 4), Vertex(-1, 1, 2)]
Key: com.catan.model.RoundedPoint2D@124a22, Value: [Vertex(-2, 1, 3), Vertex(-2, 0, 1), Vertex(-1, 0, 5)]
Key: com.catan.model.RoundedPoint2D@1288a2, Value: [Vertex(-2, 1, 0), Vertex(-1, 2, 4)]
Key: com.catan.model.RoundedPoint2D@22bc91, Value: [Vertex(1, 1, 4), Vertex(0, 1, 2)]
Key: com.catan.model.RoundedPoint2D@227e11, Value: [Vertex(0, -1, 1), Vertex(1, -1, 5)]
Key: com.catan.model.RoundedPoint2D@11cd22, Value: [Vertex(-1, -2, 4)]
Key: com.catan.model.RoundedPoint2D@1916a1, Value: [Vertex(0, 2, 4), Vertex(-1, 2, 2), Vertex(-1, 1, 0)]
Key: com.catan.model.RoundedPoint2D@290c10, Value: [Vertex(1, -1, 1), Vertex(2, 0, 3)]
Key: com.catan.model.RoundedPoint2D@294a90, Value: [Vertex(1, 1, 2), Vertex(2, 0, 0)]
Key: com.catan.model.RoundedPoint2D@18d821, Value: [Vertex(0, 0, 5), Vertex(-1, 1, 3), Vertex(-1, 0, 1)]
Key: com.catan.model.RoundedPoint2D@185b21, Value: [Vertex(-1, -2, 2), Vertex(0, -2, 4)]
Key: com.catan.model.RoundedPoint2D@156251, Value: [Vertex(-2, -1, 1), Vertex(-1, 0, 3)]
Key: com.catan.model.RoundedPoint2D@15a0d1, Value: [Vertex(-2, 1, 2), Vertex(-1, 1, 4), Vertex(-1, 0, 0)]
Key: com.catan.model.RoundedPoint2D@bbc42, Value: [Vertex(-2, 0, 5)]
Key: com.catan.model.RoundedPoint2D@2c81e0, Value: [Vertex(2, 0, 1)]
Key: com.catan.model.RoundedPoint2D@ed452, Value: [Vertex(-2, 0, 3), Vertex(-2, -1, 5)]
Key: com.catan.model.RoundedPoint2D@f12d2, Value: [Vertex(-2, 1, 4), Vertex(-2, 0, 0)]
Key: com.catan.model.RoundedPoint2D@1fc3c1, Value: [Vertex(1, 2, 5), Vertex(0, 2, 1)]
Key: com.catan.model.RoundedPoint2D@1f0841, Value: [Vertex(0, -1, 3), Vertex(0, -2, 1), Vertex(1, -2, 5)]
Key: com.catan.model.RoundedPoint2D@1f46c1, Value: [Vertex(0, -1, 0), Vertex(0, 0, 2)]
Key: com.catan.model.RoundedPoint2D@25d4c0, Value: [Vertex(1, -1, 0), Vertex(2, 0, 4)]
Key: com.catan.model.RoundedPoint2D@259640, Value: [Vertex(1, -2, 1), Vertex(1, -1, 3)]
Key: com.catan.model.RoundedPoint2D@2651c0, Value: [Vertex(1, 2, 1)]
Key: com.catan.model.RoundedPoint2D@1b9271, Value: [Vertex(0, -2, 3)]
Key: com.catan.model.RoundedPoint2D@1bd0f1, Value: [Vertex(0, -1, 4), Vertex(0, -2, 0)]
Key: com.catan.model.RoundedPoint2D@1c8c71, Value: [Vertex(0, 2, 0)]
Key: com.catan.model.RoundedPoint2D@1c4df1, Value: [Vertex(0, 1, 5), Vertex(0, 2, 3), Vertex(-1, 1, 1)]
Key: com.catan.model.RoundedPoint2D@122ae2, Value: [Vertex(-2, 0, 2), Vertex(-2, -1, 0), Vertex(-1, 0, 4)]
Key: com.catan.model.RoundedPoint2D@12a7e2, Value: [Vertex(-1, 2, 5)]
Key: com.catan.model.RoundedPoint2D@231a51, Value: [Vertex(1, 2, 0)]
Key: com.catan.model.RoundedPoint2D@222051, Value: [Vertex(1, -2, 3)]
Key: com.catan.model.RoundedPoint2D@22dbd1, Value: [Vertex(1, 1, 5), Vertex(0, 1, 1), Vertex(1, 2, 3)]
Key: com.catan.model.RoundedPoint2D@225ed1, Value: [Vertex(0, -1, 2), Vertex(1, -2, 0), Vertex(1, -1, 4)]
Key: com.catan.model.RoundedPoint2D@11ec62, Value: [Vertex(-1, -2, 5), Vertex(-2, -1, 3)]
Key: com.catan.model.RoundedPoint2D@28ecd0, Value: [Vertex(1, -1, 2)]
Key: com.catan.model.RoundedPoint2D@1935e1, Value: [Vertex(0, 2, 5), Vertex(-1, 2, 1)]
Key: com.catan.model.RoundedPoint2D@2969d0, Value: [Vertex(1, 1, 1)]
Key: com.catan.model.RoundedPoint2D@18b8e1, Value: [Vertex(0, 0, 4), Vertex(-1, 0, 2), Vertex(-1, -1, 0)]
Key: com.catan.model.RoundedPoint2D@187a61, Value: [Vertex(-1, -2, 1), Vertex(0, -2, 5)]
Key: com.catan.model.RoundedPoint2D@15fe91, Value: [Vertex(-1, 2, 0)]
Key: com.catan.model.RoundedPoint2D@15c011, Value: [Vertex(-2, 1, 1), Vertex(-1, 2, 3), Vertex(-1, 1, 5)]
Key: com.catan.model.RoundedPoint2D@150491, Value: [Vertex(-1, -2, 3)]
Key: com.catan.model.RoundedPoint2D@154311, Value: [Vertex(-1, -2, 0), Vertex(-2, -1, 2)]
Key: com.catan.model.RoundedPoint2D@b9d02, Value: [Vertex(-2, 0, 4)]
Key: com.catan.model.RoundedPoint2D@2c62a0, Value: [Vertex(2, 0, 2)]
Key: com.catan.model.RoundedPoint2D@eb512, Value: [Vertex(-2, -1, 4)]
Key: com.catan.model.RoundedPoint2D@f3212, Value: [Vertex(-2, 1, 5)]
Key: com.catan.model.RoundedPoint2D@1fa481, Value: [Vertex(0, 1, 0), Vertex(1, 2, 4), Vertex(0, 2, 2)]
Key: com.catan.model.RoundedPoint2D@1f6601, Value: [Vertex(0, 0, 1), Vertex(0, 1, 3)]
Key: com.catan.model.RoundedPoint2D@1ee901, Value: [Vertex(0, -2, 2), Vertex(1, -2, 4)]
Key: com.catan.model.RoundedPoint2D@257700, Value: [Vertex(1, -2, 2)]
Key: com.catan.model.RoundedPoint2D@25f400, Value: [Vertex(1, 1, 3), Vertex(2, 0, 5)]
Key: com.catan.model.RoundedPoint2D@263280, Value: [Vertex(1, 1, 0), Vertex(1, 2, 2)]
Key: com.catan.model.RoundedPoint2D@1bf031, Value: [Vertex(0, -1, 5), Vertex(0, 0, 3), Vertex(-1, -1, 1)]
Key: com.catan.model.RoundedPoint2D@1c2eb1, Value: [Vertex(0, 0, 0), Vertex(0, 1, 4), Vertex(-1, 1, 2)]
Key: com.catan.model.RoundedPoint2D@124a22, Value: [Vertex(-2, 1, 3), Vertex(-2, 0, 1), Vertex(-1, 0, 5)]
Key: com.catan.model.RoundedPoint2D@1288a2, Value: [Vertex(-2, 1, 0), Vertex(-1, 2, 4)]
Key: com.catan.model.RoundedPoint2D@22bc91, Value: [Vertex(1, 1, 4), Vertex(0, 1, 2)]
Key: com.catan.model.RoundedPoint2D@227e11, Value: [Vertex(0, -1, 1), Vertex(1, -1, 5)]
Key: com.catan.model.RoundedPoint2D@11cd22, Value: [Vertex(-1, -2, 4)]
Key: com.catan.model.RoundedPoint2D@1916a1, Value: [Vertex(0, 2, 4), Vertex(-1, 2, 2), Vertex(-1, 1, 0)]
Key: com.catan.model.RoundedPoint2D@290c10, Value: [Vertex(1, -1, 1), Vertex(2, 0, 3)]
Key: com.catan.model.RoundedPoint2D@294a90, Value: [Vertex(1, 1, 2), Vertex(2, 0, 0)]
Key: com.catan.model.RoundedPoint2D@18d821, Value: [Vertex(0, 0, 5), Vertex(-1, 1, 3), Vertex(-1, 0, 1)]
Key: com.catan.model.RoundedPoint2D@185b21, Value: [Vertex(-1, -2, 2), Vertex(0, -2, 4)]
Key: com.catan.model.RoundedPoint2D@156251, Value: [Vertex(-2, -1, 1), Vertex(-1, 0, 3)]
Key: com.catan.model.RoundedPoint2D@15a0d1, Value: [Vertex(-2, 1, 2), Vertex(-1, 1, 4), Vertex(-1, 0, 0)]
Key: com.catan.model.RoundedPoint2D@bbc42, Value: [Vertex(-2, 0, 5)]
Key: com.catan.model.RoundedPoint2D@2c81e0, Value: [Vertex(2, 0, 1)]
Key: com.catan.model.RoundedPoint2D@ed452, Value: [Vertex(-2, 0, 3), Vertex(-2, -1, 5)]
Key: com.catan.model.RoundedPoint2D@f12d2, Value: [Vertex(-2, 1, 4), Vertex(-2, 0, 0)]
Key: com.catan.model.RoundedPoint2D@1fc3c1, Value: [Vertex(1, 2, 5), Vertex(0, 2, 1)]
Key: com.catan.model.RoundedPoint2D@1f0841, Value: [Vertex(0, -1, 3), Vertex(0, -2, 1), Vertex(1, -2, 5)]
Key: com.catan.model.RoundedPoint2D@1f46c1, Value: [Vertex(0, -1, 0), Vertex(0, 0, 2)]
Key: com.catan.model.RoundedPoint2D@25d4c0, Value: [Vertex(1, -1, 0), Vertex(2, 0, 4)]
Key: com.catan.model.RoundedPoint2D@259640, Value: [Vertex(1, -2, 1), Vertex(1, -1, 3)]
Key: com.catan.model.RoundedPoint2D@2651c0, Value: [Vertex(1, 2, 1)]
Key: com.catan.model.RoundedPoint2D@1b9271, Value: [Vertex(0, -2, 3)]
Key: com.catan.model.RoundedPoint2D@1bd0f1, Value: [Vertex(0, -1, 4), Vertex(0, -2, 0), Vertex(-1, -1, 2)]
Key: com.catan.model.RoundedPoint2D@1c8c71, Value: [Vertex(0, 2, 0)]
Key: com.catan.model.RoundedPoint2D@1c4df1, Value: [Vertex(0, 1, 5), Vertex(0, 2, 3), Vertex(-1, 1, 1)]
Key: com.catan.model.RoundedPoint2D@122ae2, Value: [Vertex(-2, 0, 2), Vertex(-2, -1, 0), Vertex(-1, 0, 4)]
Key: com.catan.model.RoundedPoint2D@12a7e2, Value: [Vertex(-1, 2, 5)]
Key: com.catan.model.RoundedPoint2D@231a51, Value: [Vertex(1, 2, 0)]
Key: com.catan.model.RoundedPoint2D@222051, Value: [Vertex(1, -2, 3)]
Key: com.catan.model.RoundedPoint2D@22dbd1, Value: [Vertex(1, 1, 5), Vertex(0, 1, 1), Vertex(1, 2, 3)]
Key: com.catan.model.RoundedPoint2D@225ed1, Value: [Vertex(0, -1, 2), Vertex(1, -2, 0), Vertex(1, -1, 4)]
Key: com.catan.model.RoundedPoint2D@11ec62, Value: [Vertex(-1, -2, 5), Vertex(-2, -1, 3)]
Key: com.catan.model.RoundedPoint2D@28ecd0, Value: [Vertex(1, -1, 2)]
Key: com.catan.model.RoundedPoint2D@1935e1, Value: [Vertex(0, 2, 5), Vertex(-1, 2, 1)]
Key: com.catan.model.RoundedPoint2D@2969d0, Value: [Vertex(1, 1, 1)]
Key: com.catan.model.RoundedPoint2D@18b8e1, Value: [Vertex(0, 0, 4), Vertex(-1, 0, 2), Vertex(-1, -1, 0)]
Key: com.catan.model.RoundedPoint2D@187a61, Value: [Vertex(-1, -2, 1), Vertex(0, -2, 5)]
Key: com.catan.model.RoundedPoint2D@15fe91, Value: [Vertex(-1, 2, 0)]
Key: com.catan.model.RoundedPoint2D@15c011, Value: [Vertex(-2, 1, 1), Vertex(-1, 2, 3), Vertex(-1, 1, 5)]
Key: com.catan.model.RoundedPoint2D@150491, Value: [Vertex(-1, -2, 3)]
Key: com.catan.model.RoundedPoint2D@154311, Value: [Vertex(-1, -2, 0), Vertex(-2, -1, 2)]
Key: com.catan.model.RoundedPoint2D@b9d02, Value: [Vertex(-2, 0, 4)]
Key: com.catan.model.RoundedPoint2D@2c62a0, Value: [Vertex(2, 0, 2)]
Key: com.catan.model.RoundedPoint2D@eb512, Value: [Vertex(-2, -1, 4)]
Key: com.catan.model.RoundedPoint2D@f3212, Value: [Vertex(-2, 1, 5)]
Key: com.catan.model.RoundedPoint2D@1fa481, Value: [Vertex(0, 1, 0), Vertex(1, 2, 4), Vertex(0, 2, 2)]
Key: com.catan.model.RoundedPoint2D@1f6601, Value: [Vertex(0, 0, 1), Vertex(0, 1, 3)]
Key: com.catan.model.RoundedPoint2D@1ee901, Value: [Vertex(0, -2, 2), Vertex(1, -2, 4)]
Key: com.catan.model.RoundedPoint2D@257700, Value: [Vertex(1, -2, 2)]
Key: com.catan.model.RoundedPoint2D@25f400, Value: [Vertex(1, 1, 3), Vertex(2, 0, 5)]
Key: com.catan.model.RoundedPoint2D@263280, Value: [Vertex(1, 1, 0), Vertex(1, 2, 2)]
Key: com.catan.model.RoundedPoint2D@1bf031, Value: [Vertex(0, -1, 5), Vertex(0, 0, 3), Vertex(-1, -1, 1)]
Key: com.catan.model.RoundedPoint2D@1c2eb1, Value: [Vertex(0, 0, 0), Vertex(0, 1, 4), Vertex(-1, 1, 2)]
Key: com.catan.model.RoundedPoint2D@124a22, Value: [Vertex(-2, 1, 3), Vertex(-2, 0, 1), Vertex(-1, 0, 5)]
Key: com.catan.model.RoundedPoint2D@1288a2, Value: [Vertex(-2, 1, 0), Vertex(-1, 2, 4)]
Key: com.catan.model.RoundedPoint2D@22bc91, Value: [Vertex(1, 1, 4), Vertex(0, 1, 2)]
Key: com.catan.model.RoundedPoint2D@227e11, Value: [Vertex(0, -1, 1), Vertex(1, -1, 5)]
Key: com.catan.model.RoundedPoint2D@11cd22, Value: [Vertex(-1, -2, 4)]
Key: com.catan.model.RoundedPoint2D@1916a1, Value: [Vertex(0, 2, 4), Vertex(-1, 2, 2), Vertex(-1, 1, 0)]
Key: com.catan.model.RoundedPoint2D@290c10, Value: [Vertex(1, -1, 1), Vertex(2, 0, 3)]
Key: com.catan.model.RoundedPoint2D@294a90, Value: [Vertex(1, 1, 2), Vertex(2, 0, 0)]
Key: com.catan.model.RoundedPoint2D@18d821, Value: [Vertex(0, 0, 5), Vertex(-1, 1, 3), Vertex(-1, 0, 1)]
Key: com.catan.model.RoundedPoint2D@185b21, Value: [Vertex(-1, -2, 2), Vertex(0, -2, 4)]
Key: com.catan.model.RoundedPoint2D@156251, Value: [Vertex(-2, -1, 1), Vertex(-1, 0, 3)]
Key: com.catan.model.RoundedPoint2D@15a0d1, Value: [Vertex(-2, 1, 2), Vertex(-1, 1, 4), Vertex(-1, 0, 0)]
Key: com.catan.model.RoundedPoint2D@bbc42, Value: [Vertex(-2, 0, 5)]
Key: com.catan.model.RoundedPoint2D@2c81e0, Value: [Vertex(2, 0, 1)]
Key: com.catan.model.RoundedPoint2D@ed452, Value: [Vertex(-2, 0, 3), Vertex(-2, -1, 5)]
Key: com.catan.model.RoundedPoint2D@f12d2, Value: [Vertex(-2, 1, 4), Vertex(-2, 0, 0)]
Key: com.catan.model.RoundedPoint2D@1fc3c1, Value: [Vertex(1, 2, 5), Vertex(0, 2, 1)]
Key: com.catan.model.RoundedPoint2D@1f0841, Value: [Vertex(0, -1, 3), Vertex(0, -2, 1), Vertex(1, -2, 5)]
Key: com.catan.model.RoundedPoint2D@1f46c1, Value: [Vertex(0, -1, 0), Vertex(0, 0, 2)]
Key: com.catan.model.RoundedPoint2D@25d4c0, Value: [Vertex(1, -1, 0), Vertex(2, 0, 4)]
Key: com.catan.model.RoundedPoint2D@259640, Value: [Vertex(1, -2, 1), Vertex(1, -1, 3)]
Key: com.catan.model.RoundedPoint2D@2651c0, Value: [Vertex(1, 2, 1)]
Key: com.catan.model.RoundedPoint2D@1b9271, Value: [Vertex(0, -2, 3)]
Key: com.catan.model.RoundedPoint2D@1bd0f1, Value: [Vertex(0, -1, 4), Vertex(0, -2, 0), Vertex(-1, -1, 2)]
Key: com.catan.model.RoundedPoint2D@1c8c71, Value: [Vertex(0, 2, 0)]
Key: com.catan.model.RoundedPoint2D@1c4df1, Value: [Vertex(0, 1, 5), Vertex(0, 2, 3), Vertex(-1, 1, 1)]
Key: com.catan.model.RoundedPoint2D@122ae2, Value: [Vertex(-2, 0, 2), Vertex(-2, -1, 0), Vertex(-1, 0, 4)]
Key: com.catan.model.RoundedPoint2D@12a7e2, Value: [Vertex(-1, 2, 5)]
Key: com.catan.model.RoundedPoint2D@231a51, Value: [Vertex(1, 2, 0)]
Key: com.catan.model.RoundedPoint2D@222051, Value: [Vertex(1, -2, 3)]
Key: com.catan.model.RoundedPoint2D@22dbd1, Value: [Vertex(1, 1, 5), Vertex(0, 1, 1), Vertex(1, 2, 3)]
Key: com.catan.model.RoundedPoint2D@225ed1, Value: [Vertex(0, -1, 2), Vertex(1, -2, 0), Vertex(1, -1, 4)]
Key: com.catan.model.RoundedPoint2D@11ec62, Value: [Vertex(-1, -2, 5), Vertex(-2, -1, 3)]
Key: com.catan.model.RoundedPoint2D@28ecd0, Value: [Vertex(1, -1, 2)]
Key: com.catan.model.RoundedPoint2D@1935e1, Value: [Vertex(0, 2, 5), Vertex(-1, 2, 1)]
Key: com.catan.model.RoundedPoint2D@2969d0, Value: [Vertex(1, 1, 1)]
Key: com.catan.model.RoundedPoint2D@18b8e1, Value: [Vertex(0, 0, 4), Vertex(-1, 0, 2), Vertex(-1, -1, 0)]
Key: com.catan.model.RoundedPoint2D@187a61, Value: [Vertex(-1, -2, 1), Vertex(0, -2, 5), Vertex(-1, -1, 3)]
Key: com.catan.model.RoundedPoint2D@15fe91, Value: [Vertex(-1, 2, 0)]
Key: com.catan.model.RoundedPoint2D@15c011, Value: [Vertex(-2, 1, 1), Vertex(-1, 2, 3), Vertex(-1, 1, 5)]
Key: com.catan.model.RoundedPoint2D@150491, Value: [Vertex(-1, -2, 3)]
Key: com.catan.model.RoundedPoint2D@154311, Value: [Vertex(-1, -2, 0), Vertex(-2, -1, 2), Vertex(-1, -1, 4)]
Key: com.catan.model.RoundedPoint2D@b9d02, Value: [Vertex(-2, 0, 4)]
Key: com.catan.model.RoundedPoint2D@2c62a0, Value: [Vertex(2, 0, 2)]
Key: com.catan.model.RoundedPoint2D@eb512, Value: [Vertex(-2, -1, 4)]
Key: com.catan.model.RoundedPoint2D@f3212, Value: [Vertex(-2, 1, 5)]
Key: com.catan.model.RoundedPoint2D@1fa481, Value: [Vertex(0, 1, 0), Vertex(1, 2, 4), Vertex(0, 2, 2)]
Key: com.catan.model.RoundedPoint2D@1f6601, Value: [Vertex(0, 0, 1), Vertex(0, 1, 3)]
Key: com.catan.model.RoundedPoint2D@1ee901, Value: [Vertex(0, -2, 2), Vertex(1, -2, 4)]
Key: com.catan.model.RoundedPoint2D@257700, Value: [Vertex(1, -2, 2)]
Key: com.catan.model.RoundedPoint2D@25f400, Value: [Vertex(1, 1, 3), Vertex(2, 0, 5)]
Key: com.catan.model.RoundedPoint2D@263280, Value: [Vertex(1, 1, 0), Vertex(1, 2, 2)]
Key: com.catan.model.RoundedPoint2D@1bf031, Value: [Vertex(0, -1, 5), Vertex(0, 0, 3), Vertex(-1, -1, 1)]
Key: com.catan.model.RoundedPoint2D@1c2eb1, Value: [Vertex(0, 0, 0), Vertex(0, 1, 4), Vertex(-1, 1, 2)]
Key: com.catan.model.RoundedPoint2D@124a22, Value: [Vertex(-2, 1, 3), Vertex(-2, 0, 1), Vertex(-1, 0, 5)]
Key: com.catan.model.RoundedPoint2D@1288a2, Value: [Vertex(-2, 1, 0), Vertex(-1, 2, 4)]
Key: com.catan.model.RoundedPoint2D@22bc91, Value: [Vertex(1, 1, 4), Vertex(0, 1, 2)]
Key: com.catan.model.RoundedPoint2D@227e11, Value: [Vertex(0, -1, 1), Vertex(1, -1, 5)]
Key: com.catan.model.RoundedPoint2D@11cd22, Value: [Vertex(-1, -2, 4)]
Key: com.catan.model.RoundedPoint2D@1916a1, Value: [Vertex(0, 2, 4), Vertex(-1, 2, 2), Vertex(-1, 1, 0)]
Key: com.catan.model.RoundedPoint2D@290c10, Value: [Vertex(1, -1, 1), Vertex(2, 0, 3)]
Key: com.catan.model.RoundedPoint2D@294a90, Value: [Vertex(1, 1, 2), Vertex(2, 0, 0)]
Key: com.catan.model.RoundedPoint2D@18d821, Value: [Vertex(0, 0, 5), Vertex(-1, 1, 3), Vertex(-1, 0, 1)]
Key: com.catan.model.RoundedPoint2D@185b21, Value: [Vertex(-1, -2, 2), Vertex(0, -2, 4)]
Key: com.catan.model.RoundedPoint2D@156251, Value: [Vertex(-2, -1, 1), Vertex(-1, 0, 3)]
Key: com.catan.model.RoundedPoint2D@15a0d1, Value: [Vertex(-2, 1, 2), Vertex(-1, 1, 4), Vertex(-1, 0, 0)]
Key: com.catan.model.RoundedPoint2D@bbc42, Value: [Vertex(-2, 0, 5)]
Key: com.catan.model.RoundedPoint2D@2c81e0, Value: [Vertex(2, 0, 1)]
Key: com.catan.model.RoundedPoint2D@ed452, Value: [Vertex(-2, 0, 3), Vertex(-2, -1, 5)]
Key: com.catan.model.RoundedPoint2D@f12d2, Value: [Vertex(-2, 1, 4), Vertex(-2, 0, 0)]
Key: com.catan.model.RoundedPoint2D@1fc3c1, Value: [Vertex(1, 2, 5), Vertex(0, 2, 1)]
Key: com.catan.model.RoundedPoint2D@1f0841, Value: [Vertex(0, -1, 3), Vertex(0, -2, 1), Vertex(1, -2, 5)]
Key: com.catan.model.RoundedPoint2D@1f46c1, Value: [Vertex(0, -1, 0), Vertex(0, 0, 2)]
Key: com.catan.model.RoundedPoint2D@25d4c0, Value: [Vertex(1, -1, 0), Vertex(2, 0, 4)]
Key: com.catan.model.RoundedPoint2D@259640, Value: [Vertex(1, -2, 1), Vertex(1, -1, 3)]
Key: com.catan.model.RoundedPoint2D@2651c0, Value: [Vertex(1, 2, 1)]
Key: com.catan.model.RoundedPoint2D@1b9271, Value: [Vertex(0, -2, 3)]
Key: com.catan.model.RoundedPoint2D@1bd0f1, Value: [Vertex(0, -1, 4), Vertex(0, -2, 0), Vertex(-1, -1, 2)]
Key: com.catan.model.RoundedPoint2D@1c8c71, Value: [Vertex(0, 2, 0)]
Key: com.catan.model.RoundedPoint2D@1c4df1, Value: [Vertex(0, 1, 5), Vertex(0, 2, 3), Vertex(-1, 1, 1)]
Key: com.catan.model.RoundedPoint2D@122ae2, Value: [Vertex(-2, 0, 2), Vertex(-2, -1, 0), Vertex(-1, 0, 4)]
Key: com.catan.model.RoundedPoint2D@12a7e2, Value: [Vertex(-1, 2, 5)]
Key: com.catan.model.RoundedPoint2D@231a51, Value: [Vertex(1, 2, 0)]
Key: com.catan.model.RoundedPoint2D@222051, Value: [Vertex(1, -2, 3)]
Key: com.catan.model.RoundedPoint2D@22dbd1, Value: [Vertex(1, 1, 5), Vertex(0, 1, 1), Vertex(1, 2, 3)]
Key: com.catan.model.RoundedPoint2D@225ed1, Value: [Vertex(0, -1, 2), Vertex(1, -2, 0), Vertex(1, -1, 4)]
Key: com.catan.model.RoundedPoint2D@11ec62, Value: [Vertex(-1, -2, 5), Vertex(-2, -1, 3)]
Key: com.catan.model.RoundedPoint2D@28ecd0, Value: [Vertex(1, -1, 2)]
Key: com.catan.model.RoundedPoint2D@1935e1, Value: [Vertex(0, 2, 5), Vertex(-1, 2, 1)]
Key: com.catan.model.RoundedPoint2D@2969d0, Value: [Vertex(1, 1, 1)]
Key: com.catan.model.RoundedPoint2D@18b8e1, Value: [Vertex(0, 0, 4), Vertex(-1, 0, 2), Vertex(-1, -1, 0)]
Key: com.catan.model.RoundedPoint2D@187a61, Value: [Vertex(-1, -2, 1), Vertex(0, -2, 5), Vertex(-1, -1, 3)]
Key: com.catan.model.RoundedPoint2D@15fe91, Value: [Vertex(-1, 2, 0)]
Key: com.catan.model.RoundedPoint2D@15c011, Value: [Vertex(-2, 1, 1), Vertex(-1, 2, 3), Vertex(-1, 1, 5)]
Key: com.catan.model.RoundedPoint2D@150491, Value: [Vertex(-1, -2, 3)]
Key: com.catan.model.RoundedPoint2D@154311, Value: [Vertex(-1, -2, 0), Vertex(-2, -1, 2), Vertex(-1, -1, 4)]
Key: com.catan.model.RoundedPoint2D@b9d02, Value: [Vertex(-2, 0, 4)]
Key: com.catan.model.RoundedPoint2D@2c62a0, Value: [Vertex(2, 0, 2)]
Key: com.catan.model.RoundedPoint2D@eb512, Value: [Vertex(-2, -1, 4)]
Key: com.catan.model.RoundedPoint2D@f3212, Value: [Vertex(-2, 1, 5)]
Key: com.catan.model.RoundedPoint2D@1fa481, Value: [Vertex(0, 1, 0), Vertex(1, 2, 4), Vertex(0, 2, 2)]
Key: com.catan.model.RoundedPoint2D@1f6601, Value: [Vertex(0, 0, 1), Vertex(0, 1, 3)]
Key: com.catan.model.RoundedPoint2D@1ee901, Value: [Vertex(0, -2, 2), Vertex(1, -2, 4)]
Key: com.catan.model.RoundedPoint2D@257700, Value: [Vertex(1, -2, 2)]
Key: com.catan.model.RoundedPoint2D@25f400, Value: [Vertex(1, 1, 3), Vertex(2, 0, 5)]
Key: com.catan.model.RoundedPoint2D@263280, Value: [Vertex(1, 1, 0), Vertex(1, 2, 2)]
Key: com.catan.model.RoundedPoint2D@1bf031, Value: [Vertex(0, -1, 5), Vertex(0, 0, 3), Vertex(-1, -1, 1)]
Key: com.catan.model.RoundedPoint2D@1c2eb1, Value: [Vertex(0, 0, 0), Vertex(0, 1, 4), Vertex(-1, 1, 2)]
Key: com.catan.model.RoundedPoint2D@124a22, Value: [Vertex(-2, 1, 3), Vertex(-2, 0, 1), Vertex(-1, 0, 5)]
Key: com.catan.model.RoundedPoint2D@1288a2, Value: [Vertex(-2, 1, 0), Vertex(-1, 2, 4)]
Key: com.catan.model.RoundedPoint2D@22bc91, Value: [Vertex(1, 1, 4), Vertex(0, 1, 2)]
Key: com.catan.model.RoundedPoint2D@227e11, Value: [Vertex(0, -1, 1), Vertex(1, -1, 5)]
Key: com.catan.model.RoundedPoint2D@11cd22, Value: [Vertex(-1, -2, 4)]
Key: com.catan.model.RoundedPoint2D@1916a1, Value: [Vertex(0, 2, 4), Vertex(-1, 2, 2), Vertex(-1, 1, 0)]
Key: com.catan.model.RoundedPoint2D@290c10, Value: [Vertex(1, -1, 1), Vertex(2, 0, 3)]
Key: com.catan.model.RoundedPoint2D@294a90, Value: [Vertex(1, 1, 2), Vertex(2, 0, 0)]
Key: com.catan.model.RoundedPoint2D@18d821, Value: [Vertex(0, 0, 5), Vertex(-1, 1, 3), Vertex(-1, 0, 1)]
Key: com.catan.model.RoundedPoint2D@185b21, Value: [Vertex(-1, -2, 2), Vertex(0, -2, 4)]
Key: com.catan.model.RoundedPoint2D@156251, Value: [Vertex(-2, -1, 1), Vertex(-1, 0, 3), Vertex(-1, -1, 5)]
Key: com.catan.model.RoundedPoint2D@15a0d1, Value: [Vertex(-2, 1, 2), Vertex(-1, 1, 4), Vertex(-1, 0, 0)]
Key: com.catan.model.RoundedPoint2D@bbc42, Value: [Vertex(-2, 0, 5)]
Key: com.catan.model.RoundedPoint2D@2c81e0, Value: [Vertex(2, 0, 1)]
Key: com.catan.model.RoundedPoint2D@ed452, Value: [Vertex(-2, 0, 3), Vertex(-2, -1, 5)]
Key: com.catan.model.RoundedPoint2D@f12d2, Value: [Vertex(-2, 1, 4), Vertex(-2, 0, 0)]
Key: com.catan.model.RoundedPoint2D@1fc3c1, Value: [Vertex(1, 2, 5), Vertex(0, 2, 1)]
Key: com.catan.model.RoundedPoint2D@1f0841, Value: [Vertex(0, -1, 3), Vertex(0, -2, 1), Vertex(1, -2, 5)]
Key: com.catan.model.RoundedPoint2D@1f46c1, Value: [Vertex(0, -1, 0), Vertex(0, 0, 2)]
Key: com.catan.model.RoundedPoint2D@25d4c0, Value: [Vertex(1, -1, 0), Vertex(2, 0, 4)]
Key: com.catan.model.RoundedPoint2D@259640, Value: [Vertex(1, -2, 1), Vertex(1, -1, 3)]
Key: com.catan.model.RoundedPoint2D@2651c0, Value: [Vertex(1, 2, 1)]
Key: com.catan.model.RoundedPoint2D@1b9271, Value: [Vertex(0, -2, 3)]
Key: com.catan.model.RoundedPoint2D@1bd0f1, Value: [Vertex(0, -1, 4), Vertex(0, -2, 0), Vertex(-1, -1, 2)]
Key: com.catan.model.RoundedPoint2D@1c8c71, Value: [Vertex(0, 2, 0)]
Key: com.catan.model.RoundedPoint2D@1c4df1, Value: [Vertex(0, 1, 5), Vertex(0, 2, 3), Vertex(-1, 1, 1)]
Key: com.catan.model.RoundedPoint2D@122ae2, Value: [Vertex(-2, 0, 2), Vertex(-2, -1, 0), Vertex(-1, 0, 4)]
Key: com.catan.model.RoundedPoint2D@12a7e2, Value: [Vertex(-1, 2, 5)]
Key: com.catan.model.RoundedPoint2D@231a51, Value: [Vertex(1, 2, 0)]
Key: com.catan.model.RoundedPoint2D@222051, Value: [Vertex(1, -2, 3)]
Key: com.catan.model.RoundedPoint2D@22dbd1, Value: [Vertex(1, 1, 5), Vertex(0, 1, 1), Vertex(1, 2, 3)]
Key: com.catan.model.RoundedPoint2D@225ed1, Value: [Vertex(0, -1, 2), Vertex(1, -2, 0), Vertex(1, -1, 4)]
Key: com.catan.model.RoundedPoint2D@11ec62, Value: [Vertex(-1, -2, 5), Vertex(-2, -1, 3)]
Key: com.catan.model.RoundedPoint2D@28ecd0, Value: [Vertex(1, -1, 2)]
Key: com.catan.model.RoundedPoint2D@1935e1, Value: [Vertex(0, 2, 5), Vertex(-1, 2, 1)]
Key: com.catan.model.RoundedPoint2D@2969d0, Value: [Vertex(1, 1, 1)]
Key: com.catan.model.RoundedPoint2D@18b8e1, Value: [Vertex(0, 0, 4), Vertex(-1, 0, 2), Vertex(-1, -1, 0)]
Key: com.catan.model.RoundedPoint2D@187a61, Value: [Vertex(-1, -2, 1), Vertex(0, -2, 5), Vertex(-1, -1, 3)]
Key: com.catan.model.RoundedPoint2D@15fe91, Value: [Vertex(-1, 2, 0)]
Key: com.catan.model.RoundedPoint2D@15c011, Value: [Vertex(-2, 1, 1), Vertex(-1, 2, 3), Vertex(-1, 1, 5)]
Key: com.catan.model.RoundedPoint2D@150491, Value: [Vertex(-1, -2, 3)]
Key: com.catan.model.RoundedPoint2D@154311, Value: [Vertex(-1, -2, 0), Vertex(-2, -1, 2), Vertex(-1, -1, 4)]
Key: com.catan.model.RoundedPoint2D@b9d02, Value: [Vertex(-2, 0, 4)]
Key: com.catan.model.RoundedPoint2D@2c62a0, Value: [Vertex(2, 0, 2)]
Key: com.catan.model.RoundedPoint2D@eb512, Value: [Vertex(-2, -1, 4)]
Key: com.catan.model.RoundedPoint2D@f3212, Value: [Vertex(-2, 1, 5)]
Key: com.catan.model.RoundedPoint2D@1fa481, Value: [Vertex(0, 1, 0), Vertex(1, 2, 4), Vertex(0, 2, 2)]
Key: com.catan.model.RoundedPoint2D@1f6601, Value: [Vertex(0, 0, 1), Vertex(0, 1, 3)]
Key: com.catan.model.RoundedPoint2D@1ee901, Value: [Vertex(0, -2, 2), Vertex(1, -2, 4)]
Key: com.catan.model.RoundedPoint2D@257700, Value: [Vertex(1, -2, 2)]
Key: com.catan.model.RoundedPoint2D@25f400, Value: [Vertex(1, 1, 3), Vertex(2, 0, 5)]
Key: com.catan.model.RoundedPoint2D@263280, Value: [Vertex(1, 1, 0), Vertex(1, 2, 2)]
Key: com.catan.model.RoundedPoint2D@1bf031, Value: [Vertex(0, -1, 5), Vertex(0, 0, 3), Vertex(-1, -1, 1)]
Key: com.catan.model.RoundedPoint2D@1c2eb1, Value: [Vertex(0, 0, 0), Vertex(0, 1, 4), Vertex(-1, 1, 2)]
Key: com.catan.model.RoundedPoint2D@124a22, Value: [Vertex(-2, 1, 3), Vertex(-2, 0, 1), Vertex(-1, 0, 5)]
Key: com.catan.model.RoundedPoint2D@1288a2, Value: [Vertex(-2, 1, 0), Vertex(-1, 2, 4)]
Key: com.catan.model.RoundedPoint2D@22bc91, Value: [Vertex(1, 1, 4), Vertex(0, 1, 2), Vertex(1, 0, 0)]
Key: com.catan.model.RoundedPoint2D@227e11, Value: [Vertex(0, -1, 1), Vertex(1, -1, 5)]
Key: com.catan.model.RoundedPoint2D@11cd22, Value: [Vertex(-1, -2, 4)]
Key: com.catan.model.RoundedPoint2D@1916a1, Value: [Vertex(0, 2, 4), Vertex(-1, 2, 2), Vertex(-1, 1, 0)]
Key: com.catan.model.RoundedPoint2D@290c10, Value: [Vertex(1, -1, 1), Vertex(2, 0, 3)]
Key: com.catan.model.RoundedPoint2D@294a90, Value: [Vertex(1, 1, 2), Vertex(2, 0, 0)]
Key: com.catan.model.RoundedPoint2D@18d821, Value: [Vertex(0, 0, 5), Vertex(-1, 1, 3), Vertex(-1, 0, 1)]
Key: com.catan.model.RoundedPoint2D@185b21, Value: [Vertex(-1, -2, 2), Vertex(0, -2, 4)]
Key: com.catan.model.RoundedPoint2D@156251, Value: [Vertex(-2, -1, 1), Vertex(-1, 0, 3), Vertex(-1, -1, 5)]
Key: com.catan.model.RoundedPoint2D@15a0d1, Value: [Vertex(-2, 1, 2), Vertex(-1, 1, 4), Vertex(-1, 0, 0)]
Key: com.catan.model.RoundedPoint2D@bbc42, Value: [Vertex(-2, 0, 5)]
Key: com.catan.model.RoundedPoint2D@2c81e0, Value: [Vertex(2, 0, 1)]
Key: com.catan.model.RoundedPoint2D@ed452, Value: [Vertex(-2, 0, 3), Vertex(-2, -1, 5)]
Key: com.catan.model.RoundedPoint2D@f12d2, Value: [Vertex(-2, 1, 4), Vertex(-2, 0, 0)]
Key: com.catan.model.RoundedPoint2D@1fc3c1, Value: [Vertex(1, 2, 5), Vertex(0, 2, 1)]
Key: com.catan.model.RoundedPoint2D@1f0841, Value: [Vertex(0, -1, 3), Vertex(0, -2, 1), Vertex(1, -2, 5)]
Key: com.catan.model.RoundedPoint2D@1f46c1, Value: [Vertex(0, -1, 0), Vertex(0, 0, 2)]
Key: com.catan.model.RoundedPoint2D@25d4c0, Value: [Vertex(1, -1, 0), Vertex(2, 0, 4)]
Key: com.catan.model.RoundedPoint2D@259640, Value: [Vertex(1, -2, 1), Vertex(1, -1, 3)]
Key: com.catan.model.RoundedPoint2D@2651c0, Value: [Vertex(1, 2, 1)]
Key: com.catan.model.RoundedPoint2D@1b9271, Value: [Vertex(0, -2, 3)]
Key: com.catan.model.RoundedPoint2D@1bd0f1, Value: [Vertex(0, -1, 4), Vertex(0, -2, 0), Vertex(-1, -1, 2)]
Key: com.catan.model.RoundedPoint2D@1c8c71, Value: [Vertex(0, 2, 0)]
Key: com.catan.model.RoundedPoint2D@1c4df1, Value: [Vertex(0, 1, 5), Vertex(0, 2, 3), Vertex(-1, 1, 1)]
Key: com.catan.model.RoundedPoint2D@122ae2, Value: [Vertex(-2, 0, 2), Vertex(-2, -1, 0), Vertex(-1, 0, 4)]
Key: com.catan.model.RoundedPoint2D@12a7e2, Value: [Vertex(-1, 2, 5)]
Key: com.catan.model.RoundedPoint2D@231a51, Value: [Vertex(1, 2, 0)]
Key: com.catan.model.RoundedPoint2D@222051, Value: [Vertex(1, -2, 3)]
Key: com.catan.model.RoundedPoint2D@22dbd1, Value: [Vertex(1, 1, 5), Vertex(0, 1, 1), Vertex(1, 2, 3)]
Key: com.catan.model.RoundedPoint2D@225ed1, Value: [Vertex(0, -1, 2), Vertex(1, -2, 0), Vertex(1, -1, 4)]
Key: com.catan.model.RoundedPoint2D@11ec62, Value: [Vertex(-1, -2, 5), Vertex(-2, -1, 3)]
Key: com.catan.model.RoundedPoint2D@28ecd0, Value: [Vertex(1, -1, 2)]
Key: com.catan.model.RoundedPoint2D@1935e1, Value: [Vertex(0, 2, 5), Vertex(-1, 2, 1)]
Key: com.catan.model.RoundedPoint2D@2969d0, Value: [Vertex(1, 1, 1)]
Key: com.catan.model.RoundedPoint2D@18b8e1, Value: [Vertex(0, 0, 4), Vertex(-1, 0, 2), Vertex(-1, -1, 0)]
Key: com.catan.model.RoundedPoint2D@187a61, Value: [Vertex(-1, -2, 1), Vertex(0, -2, 5), Vertex(-1, -1, 3)]
Key: com.catan.model.RoundedPoint2D@15fe91, Value: [Vertex(-1, 2, 0)]
Key: com.catan.model.RoundedPoint2D@15c011, Value: [Vertex(-2, 1, 1), Vertex(-1, 2, 3), Vertex(-1, 1, 5)]
Key: com.catan.model.RoundedPoint2D@150491, Value: [Vertex(-1, -2, 3)]
Key: com.catan.model.RoundedPoint2D@154311, Value: [Vertex(-1, -2, 0), Vertex(-2, -1, 2), Vertex(-1, -1, 4)]
Key: com.catan.model.RoundedPoint2D@b9d02, Value: [Vertex(-2, 0, 4)]
Key: com.catan.model.RoundedPoint2D@2c62a0, Value: [Vertex(2, 0, 2)]
Key: com.catan.model.RoundedPoint2D@eb512, Value: [Vertex(-2, -1, 4)]
Key: com.catan.model.RoundedPoint2D@f3212, Value: [Vertex(-2, 1, 5)]
Key: com.catan.model.RoundedPoint2D@1fa481, Value: [Vertex(0, 1, 0), Vertex(1, 2, 4), Vertex(0, 2, 2)]
Key: com.catan.model.RoundedPoint2D@1f6601, Value: [Vertex(0, 0, 1), Vertex(0, 1, 3)]
Key: com.catan.model.RoundedPoint2D@1ee901, Value: [Vertex(0, -2, 2), Vertex(1, -2, 4)]
Key: com.catan.model.RoundedPoint2D@257700, Value: [Vertex(1, -2, 2)]
Key: com.catan.model.RoundedPoint2D@25f400, Value: [Vertex(1, 1, 3), Vertex(2, 0, 5), Vertex(1, 0, 1)]
Key: com.catan.model.RoundedPoint2D@263280, Value: [Vertex(1, 1, 0), Vertex(1, 2, 2)]
Key: com.catan.model.RoundedPoint2D@1bf031, Value: [Vertex(0, -1, 5), Vertex(0, 0, 3), Vertex(-1, -1, 1)]
Key: com.catan.model.RoundedPoint2D@1c2eb1, Value: [Vertex(0, 0, 0), Vertex(0, 1, 4), Vertex(-1, 1, 2)]
Key: com.catan.model.RoundedPoint2D@124a22, Value: [Vertex(-2, 1, 3), Vertex(-2, 0, 1), Vertex(-1, 0, 5)]
Key: com.catan.model.RoundedPoint2D@1288a2, Value: [Vertex(-2, 1, 0), Vertex(-1, 2, 4)]
Key: com.catan.model.RoundedPoint2D@22bc91, Value: [Vertex(1, 1, 4), Vertex(0, 1, 2), Vertex(1, 0, 0)]
Key: com.catan.model.RoundedPoint2D@227e11, Value: [Vertex(0, -1, 1), Vertex(1, -1, 5)]
Key: com.catan.model.RoundedPoint2D@11cd22, Value: [Vertex(-1, -2, 4)]
Key: com.catan.model.RoundedPoint2D@1916a1, Value: [Vertex(0, 2, 4), Vertex(-1, 2, 2), Vertex(-1, 1, 0)]
Key: com.catan.model.RoundedPoint2D@290c10, Value: [Vertex(1, -1, 1), Vertex(2, 0, 3)]
Key: com.catan.model.RoundedPoint2D@294a90, Value: [Vertex(1, 1, 2), Vertex(2, 0, 0)]
Key: com.catan.model.RoundedPoint2D@18d821, Value: [Vertex(0, 0, 5), Vertex(-1, 1, 3), Vertex(-1, 0, 1)]
Key: com.catan.model.RoundedPoint2D@185b21, Value: [Vertex(-1, -2, 2), Vertex(0, -2, 4)]
Key: com.catan.model.RoundedPoint2D@156251, Value: [Vertex(-2, -1, 1), Vertex(-1, 0, 3), Vertex(-1, -1, 5)]
Key: com.catan.model.RoundedPoint2D@15a0d1, Value: [Vertex(-2, 1, 2), Vertex(-1, 1, 4), Vertex(-1, 0, 0)]
Key: com.catan.model.RoundedPoint2D@bbc42, Value: [Vertex(-2, 0, 5)]
Key: com.catan.model.RoundedPoint2D@2c81e0, Value: [Vertex(2, 0, 1)]
Key: com.catan.model.RoundedPoint2D@ed452, Value: [Vertex(-2, 0, 3), Vertex(-2, -1, 5)]
Key: com.catan.model.RoundedPoint2D@f12d2, Value: [Vertex(-2, 1, 4), Vertex(-2, 0, 0)]
Key: com.catan.model.RoundedPoint2D@1fc3c1, Value: [Vertex(1, 2, 5), Vertex(0, 2, 1)]
Key: com.catan.model.RoundedPoint2D@1f0841, Value: [Vertex(0, -1, 3), Vertex(0, -2, 1), Vertex(1, -2, 5)]
Key: com.catan.model.RoundedPoint2D@1f46c1, Value: [Vertex(0, -1, 0), Vertex(0, 0, 2)]
Key: com.catan.model.RoundedPoint2D@25d4c0, Value: [Vertex(1, -1, 0), Vertex(2, 0, 4)]
Key: com.catan.model.RoundedPoint2D@259640, Value: [Vertex(1, -2, 1), Vertex(1, -1, 3)]
Key: com.catan.model.RoundedPoint2D@2651c0, Value: [Vertex(1, 2, 1)]
Key: com.catan.model.RoundedPoint2D@1b9271, Value: [Vertex(0, -2, 3)]
Key: com.catan.model.RoundedPoint2D@1bd0f1, Value: [Vertex(0, -1, 4), Vertex(0, -2, 0), Vertex(-1, -1, 2)]
Key: com.catan.model.RoundedPoint2D@1c8c71, Value: [Vertex(0, 2, 0)]
Key: com.catan.model.RoundedPoint2D@1c4df1, Value: [Vertex(0, 1, 5), Vertex(0, 2, 3), Vertex(-1, 1, 1)]
Key: com.catan.model.RoundedPoint2D@122ae2, Value: [Vertex(-2, 0, 2), Vertex(-2, -1, 0), Vertex(-1, 0, 4)]
Key: com.catan.model.RoundedPoint2D@12a7e2, Value: [Vertex(-1, 2, 5)]
Key: com.catan.model.RoundedPoint2D@231a51, Value: [Vertex(1, 2, 0)]
Key: com.catan.model.RoundedPoint2D@222051, Value: [Vertex(1, -2, 3)]
Key: com.catan.model.RoundedPoint2D@22dbd1, Value: [Vertex(1, 1, 5), Vertex(0, 1, 1), Vertex(1, 2, 3)]
Key: com.catan.model.RoundedPoint2D@225ed1, Value: [Vertex(0, -1, 2), Vertex(1, -2, 0), Vertex(1, -1, 4)]
Key: com.catan.model.RoundedPoint2D@11ec62, Value: [Vertex(-1, -2, 5), Vertex(-2, -1, 3)]
Key: com.catan.model.RoundedPoint2D@28ecd0, Value: [Vertex(1, -1, 2)]
Key: com.catan.model.RoundedPoint2D@1935e1, Value: [Vertex(0, 2, 5), Vertex(-1, 2, 1)]
Key: com.catan.model.RoundedPoint2D@2969d0, Value: [Vertex(1, 1, 1)]
Key: com.catan.model.RoundedPoint2D@18b8e1, Value: [Vertex(0, 0, 4), Vertex(-1, 0, 2), Vertex(-1, -1, 0)]
Key: com.catan.model.RoundedPoint2D@187a61, Value: [Vertex(-1, -2, 1), Vertex(0, -2, 5), Vertex(-1, -1, 3)]
Key: com.catan.model.RoundedPoint2D@15fe91, Value: [Vertex(-1, 2, 0)]
Key: com.catan.model.RoundedPoint2D@15c011, Value: [Vertex(-2, 1, 1), Vertex(-1, 2, 3), Vertex(-1, 1, 5)]
Key: com.catan.model.RoundedPoint2D@150491, Value: [Vertex(-1, -2, 3)]
Key: com.catan.model.RoundedPoint2D@154311, Value: [Vertex(-1, -2, 0), Vertex(-2, -1, 2), Vertex(-1, -1, 4)]
Key: com.catan.model.RoundedPoint2D@b9d02, Value: [Vertex(-2, 0, 4)]
Key: com.catan.model.RoundedPoint2D@2c62a0, Value: [Vertex(2, 0, 2)]
Key: com.catan.model.RoundedPoint2D@eb512, Value: [Vertex(-2, -1, 4)]
Key: com.catan.model.RoundedPoint2D@f3212, Value: [Vertex(-2, 1, 5)]
Key: com.catan.model.RoundedPoint2D@1fa481, Value: [Vertex(0, 1, 0), Vertex(1, 2, 4), Vertex(0, 2, 2)]
Key: com.catan.model.RoundedPoint2D@1f6601, Value: [Vertex(0, 0, 1), Vertex(0, 1, 3)]
Key: com.catan.model.RoundedPoint2D@1ee901, Value: [Vertex(0, -2, 2), Vertex(1, -2, 4)]
Key: com.catan.model.RoundedPoint2D@257700, Value: [Vertex(1, -2, 2)]
Key: com.catan.model.RoundedPoint2D@25f400, Value: [Vertex(1, 1, 3), Vertex(2, 0, 5), Vertex(1, 0, 1)]
Key: com.catan.model.RoundedPoint2D@263280, Value: [Vertex(1, 1, 0), Vertex(1, 2, 2)]
Key: com.catan.model.RoundedPoint2D@1bf031, Value: [Vertex(0, -1, 5), Vertex(0, 0, 3), Vertex(-1, -1, 1)]
Key: com.catan.model.RoundedPoint2D@1c2eb1, Value: [Vertex(0, 0, 0), Vertex(0, 1, 4), Vertex(-1, 1, 2)]
Key: com.catan.model.RoundedPoint2D@124a22, Value: [Vertex(-2, 1, 3), Vertex(-2, 0, 1), Vertex(-1, 0, 5)]
Key: com.catan.model.RoundedPoint2D@1288a2, Value: [Vertex(-2, 1, 0), Vertex(-1, 2, 4)]
Key: com.catan.model.RoundedPoint2D@22bc91, Value: [Vertex(1, 1, 4), Vertex(0, 1, 2), Vertex(1, 0, 0)]
Key: com.catan.model.RoundedPoint2D@227e11, Value: [Vertex(0, -1, 1), Vertex(1, -1, 5)]
Key: com.catan.model.RoundedPoint2D@11cd22, Value: [Vertex(-1, -2, 4)]
Key: com.catan.model.RoundedPoint2D@1916a1, Value: [Vertex(0, 2, 4), Vertex(-1, 2, 2), Vertex(-1, 1, 0)]
Key: com.catan.model.RoundedPoint2D@290c10, Value: [Vertex(1, -1, 1), Vertex(2, 0, 3)]
Key: com.catan.model.RoundedPoint2D@294a90, Value: [Vertex(1, 1, 2), Vertex(2, 0, 0)]
Key: com.catan.model.RoundedPoint2D@18d821, Value: [Vertex(0, 0, 5), Vertex(-1, 1, 3), Vertex(-1, 0, 1)]
Key: com.catan.model.RoundedPoint2D@185b21, Value: [Vertex(-1, -2, 2), Vertex(0, -2, 4)]
Key: com.catan.model.RoundedPoint2D@156251, Value: [Vertex(-2, -1, 1), Vertex(-1, 0, 3), Vertex(-1, -1, 5)]
Key: com.catan.model.RoundedPoint2D@15a0d1, Value: [Vertex(-2, 1, 2), Vertex(-1, 1, 4), Vertex(-1, 0, 0)]
Key: com.catan.model.RoundedPoint2D@bbc42, Value: [Vertex(-2, 0, 5)]
Key: com.catan.model.RoundedPoint2D@2c81e0, Value: [Vertex(2, 0, 1)]
Key: com.catan.model.RoundedPoint2D@ed452, Value: [Vertex(-2, 0, 3), Vertex(-2, -1, 5)]
Key: com.catan.model.RoundedPoint2D@f12d2, Value: [Vertex(-2, 1, 4), Vertex(-2, 0, 0)]
Key: com.catan.model.RoundedPoint2D@1fc3c1, Value: [Vertex(1, 2, 5), Vertex(0, 2, 1)]
Key: com.catan.model.RoundedPoint2D@1f0841, Value: [Vertex(0, -1, 3), Vertex(0, -2, 1), Vertex(1, -2, 5)]
Key: com.catan.model.RoundedPoint2D@1f46c1, Value: [Vertex(0, -1, 0), Vertex(0, 0, 2)]
Key: com.catan.model.RoundedPoint2D@25d4c0, Value: [Vertex(1, -1, 0), Vertex(2, 0, 4), Vertex(1, 0, 2)]
Key: com.catan.model.RoundedPoint2D@259640, Value: [Vertex(1, -2, 1), Vertex(1, -1, 3)]
Key: com.catan.model.RoundedPoint2D@2651c0, Value: [Vertex(1, 2, 1)]
Key: com.catan.model.RoundedPoint2D@1b9271, Value: [Vertex(0, -2, 3)]
Key: com.catan.model.RoundedPoint2D@1bd0f1, Value: [Vertex(0, -1, 4), Vertex(0, -2, 0), Vertex(-1, -1, 2)]
Key: com.catan.model.RoundedPoint2D@1c8c71, Value: [Vertex(0, 2, 0)]
Key: com.catan.model.RoundedPoint2D@1c4df1, Value: [Vertex(0, 1, 5), Vertex(0, 2, 3), Vertex(-1, 1, 1)]
Key: com.catan.model.RoundedPoint2D@122ae2, Value: [Vertex(-2, 0, 2), Vertex(-2, -1, 0), Vertex(-1, 0, 4)]
Key: com.catan.model.RoundedPoint2D@12a7e2, Value: [Vertex(-1, 2, 5)]
Key: com.catan.model.RoundedPoint2D@231a51, Value: [Vertex(1, 2, 0)]
Key: com.catan.model.RoundedPoint2D@222051, Value: [Vertex(1, -2, 3)]
Key: com.catan.model.RoundedPoint2D@22dbd1, Value: [Vertex(1, 1, 5), Vertex(0, 1, 1), Vertex(1, 2, 3)]
Key: com.catan.model.RoundedPoint2D@225ed1, Value: [Vertex(0, -1, 2), Vertex(1, -2, 0), Vertex(1, -1, 4)]
Key: com.catan.model.RoundedPoint2D@11ec62, Value: [Vertex(-1, -2, 5), Vertex(-2, -1, 3)]
Key: com.catan.model.RoundedPoint2D@28ecd0, Value: [Vertex(1, -1, 2)]
Key: com.catan.model.RoundedPoint2D@1935e1, Value: [Vertex(0, 2, 5), Vertex(-1, 2, 1)]
Key: com.catan.model.RoundedPoint2D@2969d0, Value: [Vertex(1, 1, 1)]
Key: com.catan.model.RoundedPoint2D@18b8e1, Value: [Vertex(0, 0, 4), Vertex(-1, 0, 2), Vertex(-1, -1, 0)]
Key: com.catan.model.RoundedPoint2D@187a61, Value: [Vertex(-1, -2, 1), Vertex(0, -2, 5), Vertex(-1, -1, 3)]
Key: com.catan.model.RoundedPoint2D@15fe91, Value: [Vertex(-1, 2, 0)]
Key: com.catan.model.RoundedPoint2D@15c011, Value: [Vertex(-2, 1, 1), Vertex(-1, 2, 3), Vertex(-1, 1, 5)]
Key: com.catan.model.RoundedPoint2D@150491, Value: [Vertex(-1, -2, 3)]
Key: com.catan.model.RoundedPoint2D@154311, Value: [Vertex(-1, -2, 0), Vertex(-2, -1, 2), Vertex(-1, -1, 4)]
Key: com.catan.model.RoundedPoint2D@b9d02, Value: [Vertex(-2, 0, 4)]
Key: com.catan.model.RoundedPoint2D@2c62a0, Value: [Vertex(2, 0, 2)]
Key: com.catan.model.RoundedPoint2D@eb512, Value: [Vertex(-2, -1, 4)]
Key: com.catan.model.RoundedPoint2D@f3212, Value: [Vertex(-2, 1, 5)]
Key: com.catan.model.RoundedPoint2D@1fa481, Value: [Vertex(0, 1, 0), Vertex(1, 2, 4), Vertex(0, 2, 2)]
Key: com.catan.model.RoundedPoint2D@1f6601, Value: [Vertex(0, 0, 1), Vertex(0, 1, 3)]
Key: com.catan.model.RoundedPoint2D@1ee901, Value: [Vertex(0, -2, 2), Vertex(1, -2, 4)]
Key: com.catan.model.RoundedPoint2D@257700, Value: [Vertex(1, -2, 2)]
Key: com.catan.model.RoundedPoint2D@25f400, Value: [Vertex(1, 1, 3), Vertex(2, 0, 5), Vertex(1, 0, 1)]
Key: com.catan.model.RoundedPoint2D@263280, Value: [Vertex(1, 1, 0), Vertex(1, 2, 2)]
Key: com.catan.model.RoundedPoint2D@1bf031, Value: [Vertex(0, -1, 5), Vertex(0, 0, 3), Vertex(-1, -1, 1)]
Key: com.catan.model.RoundedPoint2D@1c2eb1, Value: [Vertex(0, 0, 0), Vertex(0, 1, 4), Vertex(-1, 1, 2)]
Key: com.catan.model.RoundedPoint2D@124a22, Value: [Vertex(-2, 1, 3), Vertex(-2, 0, 1), Vertex(-1, 0, 5)]
Key: com.catan.model.RoundedPoint2D@1288a2, Value: [Vertex(-2, 1, 0), Vertex(-1, 2, 4)]
Key: com.catan.model.RoundedPoint2D@22bc91, Value: [Vertex(1, 1, 4), Vertex(0, 1, 2), Vertex(1, 0, 0)]
Key: com.catan.model.RoundedPoint2D@227e11, Value: [Vertex(0, -1, 1), Vertex(1, -1, 5), Vertex(1, 0, 3)]
Key: com.catan.model.RoundedPoint2D@11cd22, Value: [Vertex(-1, -2, 4)]
Key: com.catan.model.RoundedPoint2D@1916a1, Value: [Vertex(0, 2, 4), Vertex(-1, 2, 2), Vertex(-1, 1, 0)]
Key: com.catan.model.RoundedPoint2D@290c10, Value: [Vertex(1, -1, 1), Vertex(2, 0, 3)]
Key: com.catan.model.RoundedPoint2D@294a90, Value: [Vertex(1, 1, 2), Vertex(2, 0, 0)]
Key: com.catan.model.RoundedPoint2D@18d821, Value: [Vertex(0, 0, 5), Vertex(-1, 1, 3), Vertex(-1, 0, 1)]
Key: com.catan.model.RoundedPoint2D@185b21, Value: [Vertex(-1, -2, 2), Vertex(0, -2, 4)]
Key: com.catan.model.RoundedPoint2D@156251, Value: [Vertex(-2, -1, 1), Vertex(-1, 0, 3), Vertex(-1, -1, 5)]
Key: com.catan.model.RoundedPoint2D@15a0d1, Value: [Vertex(-2, 1, 2), Vertex(-1, 1, 4), Vertex(-1, 0, 0)]
Key: com.catan.model.RoundedPoint2D@bbc42, Value: [Vertex(-2, 0, 5)]
Key: com.catan.model.RoundedPoint2D@2c81e0, Value: [Vertex(2, 0, 1)]
Key: com.catan.model.RoundedPoint2D@ed452, Value: [Vertex(-2, 0, 3), Vertex(-2, -1, 5)]
Key: com.catan.model.RoundedPoint2D@f12d2, Value: [Vertex(-2, 1, 4), Vertex(-2, 0, 0)]
Key: com.catan.model.RoundedPoint2D@1fc3c1, Value: [Vertex(1, 2, 5), Vertex(0, 2, 1)]
Key: com.catan.model.RoundedPoint2D@1f0841, Value: [Vertex(0, -1, 3), Vertex(0, -2, 1), Vertex(1, -2, 5)]
Key: com.catan.model.RoundedPoint2D@1f46c1, Value: [Vertex(0, -1, 0), Vertex(0, 0, 2)]
Key: com.catan.model.RoundedPoint2D@25d4c0, Value: [Vertex(1, -1, 0), Vertex(2, 0, 4), Vertex(1, 0, 2)]
Key: com.catan.model.RoundedPoint2D@259640, Value: [Vertex(1, -2, 1), Vertex(1, -1, 3)]
Key: com.catan.model.RoundedPoint2D@2651c0, Value: [Vertex(1, 2, 1)]
Key: com.catan.model.RoundedPoint2D@1b9271, Value: [Vertex(0, -2, 3)]
Key: com.catan.model.RoundedPoint2D@1bd0f1, Value: [Vertex(0, -1, 4), Vertex(0, -2, 0), Vertex(-1, -1, 2)]
Key: com.catan.model.RoundedPoint2D@1c8c71, Value: [Vertex(0, 2, 0)]
Key: com.catan.model.RoundedPoint2D@1c4df1, Value: [Vertex(0, 1, 5), Vertex(0, 2, 3), Vertex(-1, 1, 1)]
Key: com.catan.model.RoundedPoint2D@122ae2, Value: [Vertex(-2, 0, 2), Vertex(-2, -1, 0), Vertex(-1, 0, 4)]
Key: com.catan.model.RoundedPoint2D@12a7e2, Value: [Vertex(-1, 2, 5)]
Key: com.catan.model.RoundedPoint2D@231a51, Value: [Vertex(1, 2, 0)]
Key: com.catan.model.RoundedPoint2D@222051, Value: [Vertex(1, -2, 3)]
Key: com.catan.model.RoundedPoint2D@22dbd1, Value: [Vertex(1, 1, 5), Vertex(0, 1, 1), Vertex(1, 2, 3)]
Key: com.catan.model.RoundedPoint2D@225ed1, Value: [Vertex(0, -1, 2), Vertex(1, -2, 0), Vertex(1, -1, 4)]
Key: com.catan.model.RoundedPoint2D@11ec62, Value: [Vertex(-1, -2, 5), Vertex(-2, -1, 3)]
Key: com.catan.model.RoundedPoint2D@28ecd0, Value: [Vertex(1, -1, 2)]
Key: com.catan.model.RoundedPoint2D@1935e1, Value: [Vertex(0, 2, 5), Vertex(-1, 2, 1)]
Key: com.catan.model.RoundedPoint2D@2969d0, Value: [Vertex(1, 1, 1)]
Key: com.catan.model.RoundedPoint2D@18b8e1, Value: [Vertex(0, 0, 4), Vertex(-1, 0, 2), Vertex(-1, -1, 0)]
Key: com.catan.model.RoundedPoint2D@187a61, Value: [Vertex(-1, -2, 1), Vertex(0, -2, 5), Vertex(-1, -1, 3)]
Key: com.catan.model.RoundedPoint2D@15fe91, Value: [Vertex(-1, 2, 0)]
Key: com.catan.model.RoundedPoint2D@15c011, Value: [Vertex(-2, 1, 1), Vertex(-1, 2, 3), Vertex(-1, 1, 5)]
Key: com.catan.model.RoundedPoint2D@150491, Value: [Vertex(-1, -2, 3)]
Key: com.catan.model.RoundedPoint2D@154311, Value: [Vertex(-1, -2, 0), Vertex(-2, -1, 2), Vertex(-1, -1, 4)]
Key: com.catan.model.RoundedPoint2D@b9d02, Value: [Vertex(-2, 0, 4)]
Key: com.catan.model.RoundedPoint2D@2c62a0, Value: [Vertex(2, 0, 2)]
Key: com.catan.model.RoundedPoint2D@eb512, Value: [Vertex(-2, -1, 4)]
Key: com.catan.model.RoundedPoint2D@f3212, Value: [Vertex(-2, 1, 5)]
Key: com.catan.model.RoundedPoint2D@1fa481, Value: [Vertex(0, 1, 0), Vertex(1, 2, 4), Vertex(0, 2, 2)]
Key: com.catan.model.RoundedPoint2D@1f6601, Value: [Vertex(0, 0, 1), Vertex(0, 1, 3)]
Key: com.catan.model.RoundedPoint2D@1ee901, Value: [Vertex(0, -2, 2), Vertex(1, -2, 4)]
Key: com.catan.model.RoundedPoint2D@257700, Value: [Vertex(1, -2, 2)]
Key: com.catan.model.RoundedPoint2D@25f400, Value: [Vertex(1, 1, 3), Vertex(2, 0, 5), Vertex(1, 0, 1)]
Key: com.catan.model.RoundedPoint2D@263280, Value: [Vertex(1, 1, 0), Vertex(1, 2, 2)]
Key: com.catan.model.RoundedPoint2D@1bf031, Value: [Vertex(0, -1, 5), Vertex(0, 0, 3), Vertex(-1, -1, 1)]
Key: com.catan.model.RoundedPoint2D@1c2eb1, Value: [Vertex(0, 0, 0), Vertex(0, 1, 4), Vertex(-1, 1, 2)]
Key: com.catan.model.RoundedPoint2D@124a22, Value: [Vertex(-2, 1, 3), Vertex(-2, 0, 1), Vertex(-1, 0, 5)]
Key: com.catan.model.RoundedPoint2D@1288a2, Value: [Vertex(-2, 1, 0), Vertex(-1, 2, 4)]
Key: com.catan.model.RoundedPoint2D@22bc91, Value: [Vertex(1, 1, 4), Vertex(0, 1, 2), Vertex(1, 0, 0)]
Key: com.catan.model.RoundedPoint2D@227e11, Value: [Vertex(0, -1, 1), Vertex(1, -1, 5), Vertex(1, 0, 3)]
Key: com.catan.model.RoundedPoint2D@11cd22, Value: [Vertex(-1, -2, 4)]
Key: com.catan.model.RoundedPoint2D@1916a1, Value: [Vertex(0, 2, 4), Vertex(-1, 2, 2), Vertex(-1, 1, 0)]
Key: com.catan.model.RoundedPoint2D@290c10, Value: [Vertex(1, -1, 1), Vertex(2, 0, 3)]
Key: com.catan.model.RoundedPoint2D@294a90, Value: [Vertex(1, 1, 2), Vertex(2, 0, 0)]
Key: com.catan.model.RoundedPoint2D@18d821, Value: [Vertex(0, 0, 5), Vertex(-1, 1, 3), Vertex(-1, 0, 1)]
Key: com.catan.model.RoundedPoint2D@185b21, Value: [Vertex(-1, -2, 2), Vertex(0, -2, 4)]
Key: com.catan.model.RoundedPoint2D@156251, Value: [Vertex(-2, -1, 1), Vertex(-1, 0, 3), Vertex(-1, -1, 5)]
Key: com.catan.model.RoundedPoint2D@15a0d1, Value: [Vertex(-2, 1, 2), Vertex(-1, 1, 4), Vertex(-1, 0, 0)]
Key: com.catan.model.RoundedPoint2D@bbc42, Value: [Vertex(-2, 0, 5)]
Key: com.catan.model.RoundedPoint2D@2c81e0, Value: [Vertex(2, 0, 1)]
Key: com.catan.model.RoundedPoint2D@ed452, Value: [Vertex(-2, 0, 3), Vertex(-2, -1, 5)]
Key: com.catan.model.RoundedPoint2D@f12d2, Value: [Vertex(-2, 1, 4), Vertex(-2, 0, 0)]
Key: com.catan.model.RoundedPoint2D@1fc3c1, Value: [Vertex(1, 2, 5), Vertex(0, 2, 1)]
Key: com.catan.model.RoundedPoint2D@1f0841, Value: [Vertex(0, -1, 3), Vertex(0, -2, 1), Vertex(1, -2, 5)]
Key: com.catan.model.RoundedPoint2D@1f46c1, Value: [Vertex(0, -1, 0), Vertex(0, 0, 2), Vertex(1, 0, 4)]
Key: com.catan.model.RoundedPoint2D@25d4c0, Value: [Vertex(1, -1, 0), Vertex(2, 0, 4), Vertex(1, 0, 2)]
Key: com.catan.model.RoundedPoint2D@259640, Value: [Vertex(1, -2, 1), Vertex(1, -1, 3)]
Key: com.catan.model.RoundedPoint2D@2651c0, Value: [Vertex(1, 2, 1)]
Key: com.catan.model.RoundedPoint2D@1b9271, Value: [Vertex(0, -2, 3)]
Key: com.catan.model.RoundedPoint2D@1bd0f1, Value: [Vertex(0, -1, 4), Vertex(0, -2, 0), Vertex(-1, -1, 2)]
Key: com.catan.model.RoundedPoint2D@1c8c71, Value: [Vertex(0, 2, 0)]
Key: com.catan.model.RoundedPoint2D@1c4df1, Value: [Vertex(0, 1, 5), Vertex(0, 2, 3), Vertex(-1, 1, 1)]
Key: com.catan.model.RoundedPoint2D@122ae2, Value: [Vertex(-2, 0, 2), Vertex(-2, -1, 0), Vertex(-1, 0, 4)]
Key: com.catan.model.RoundedPoint2D@12a7e2, Value: [Vertex(-1, 2, 5)]
Key: com.catan.model.RoundedPoint2D@231a51, Value: [Vertex(1, 2, 0)]
Key: com.catan.model.RoundedPoint2D@222051, Value: [Vertex(1, -2, 3)]
Key: com.catan.model.RoundedPoint2D@22dbd1, Value: [Vertex(1, 1, 5), Vertex(0, 1, 1), Vertex(1, 2, 3)]
Key: com.catan.model.RoundedPoint2D@225ed1, Value: [Vertex(0, -1, 2), Vertex(1, -2, 0), Vertex(1, -1, 4)]
Key: com.catan.model.RoundedPoint2D@11ec62, Value: [Vertex(-1, -2, 5), Vertex(-2, -1, 3)]
Key: com.catan.model.RoundedPoint2D@28ecd0, Value: [Vertex(1, -1, 2)]
Key: com.catan.model.RoundedPoint2D@1935e1, Value: [Vertex(0, 2, 5), Vertex(-1, 2, 1)]
Key: com.catan.model.RoundedPoint2D@2969d0, Value: [Vertex(1, 1, 1)]
Key: com.catan.model.RoundedPoint2D@18b8e1, Value: [Vertex(0, 0, 4), Vertex(-1, 0, 2), Vertex(-1, -1, 0)]
Key: com.catan.model.RoundedPoint2D@187a61, Value: [Vertex(-1, -2, 1), Vertex(0, -2, 5), Vertex(-1, -1, 3)]
Key: com.catan.model.RoundedPoint2D@15fe91, Value: [Vertex(-1, 2, 0)]
Key: com.catan.model.RoundedPoint2D@15c011, Value: [Vertex(-2, 1, 1), Vertex(-1, 2, 3), Vertex(-1, 1, 5)]
Key: com.catan.model.RoundedPoint2D@150491, Value: [Vertex(-1, -2, 3)]
Key: com.catan.model.RoundedPoint2D@154311, Value: [Vertex(-1, -2, 0), Vertex(-2, -1, 2), Vertex(-1, -1, 4)]
Key: com.catan.model.RoundedPoint2D@b9d02, Value: [Vertex(-2, 0, 4)]
Key: com.catan.model.RoundedPoint2D@2c62a0, Value: [Vertex(2, 0, 2)]
Key: com.catan.model.RoundedPoint2D@eb512, Value: [Vertex(-2, -1, 4)]
Key: com.catan.model.RoundedPoint2D@f3212, Value: [Vertex(-2, 1, 5)]
Key: com.catan.model.RoundedPoint2D@1fa481, Value: [Vertex(0, 1, 0), Vertex(1, 2, 4), Vertex(0, 2, 2)]
Key: com.catan.model.RoundedPoint2D@1f6601, Value: [Vertex(0, 0, 1), Vertex(0, 1, 3), Vertex(1, 0, 5)]
Key: com.catan.model.RoundedPoint2D@1ee901, Value: [Vertex(0, -2, 2), Vertex(1, -2, 4)]
Key: com.catan.model.RoundedPoint2D@257700, Value: [Vertex(1, -2, 2)]
Key: com.catan.model.RoundedPoint2D@25f400, Value: [Vertex(1, 1, 3), Vertex(2, 0, 5), Vertex(1, 0, 1)]
Key: com.catan.model.RoundedPoint2D@263280, Value: [Vertex(1, 1, 0), Vertex(1, 2, 2)]
Key: com.catan.model.RoundedPoint2D@1bf031, Value: [Vertex(0, -1, 5), Vertex(0, 0, 3), Vertex(-1, -1, 1)]
Key: com.catan.model.RoundedPoint2D@1c2eb1, Value: [Vertex(0, 0, 0), Vertex(0, 1, 4), Vertex(-1, 1, 2)]
Key: com.catan.model.RoundedPoint2D@124a22, Value: [Vertex(-2, 1, 3), Vertex(-2, 0, 1), Vertex(-1, 0, 5)]
Key: com.catan.model.RoundedPoint2D@1288a2, Value: [Vertex(-2, 1, 0), Vertex(-1, 2, 4)]
Key: com.catan.model.RoundedPoint2D@22bc91, Value: [Vertex(1, 1, 4), Vertex(0, 1, 2), Vertex(1, 0, 0)]
Key: com.catan.model.RoundedPoint2D@227e11, Value: [Vertex(0, -1, 1), Vertex(1, -1, 5), Vertex(1, 0, 3)]
Key: com.catan.model.RoundedPoint2D@11cd22, Value: [Vertex(-1, -2, 4)]
Key: com.catan.model.RoundedPoint2D@1916a1, Value: [Vertex(0, 2, 4), Vertex(-1, 2, 2), Vertex(-1, 1, 0)]
Key: com.catan.model.RoundedPoint2D@290c10, Value: [Vertex(1, -1, 1), Vertex(2, 0, 3)]
Key: com.catan.model.RoundedPoint2D@294a90, Value: [Vertex(1, 1, 2), Vertex(2, 0, 0)]
Key: com.catan.model.RoundedPoint2D@18d821, Value: [Vertex(0, 0, 5), Vertex(-1, 1, 3), Vertex(-1, 0, 1)]
Key: com.catan.model.RoundedPoint2D@185b21, Value: [Vertex(-1, -2, 2), Vertex(0, -2, 4)]
Key: com.catan.model.RoundedPoint2D@156251, Value: [Vertex(-2, -1, 1), Vertex(-1, 0, 3), Vertex(-1, -1, 5)]
Key: com.catan.model.RoundedPoint2D@15a0d1, Value: [Vertex(-2, 1, 2), Vertex(-1, 1, 4), Vertex(-1, 0, 0)]
Key: com.catan.model.RoundedPoint2D@bbc42, Value: [Vertex(-2, 0, 5)]
Key: com.catan.model.RoundedPoint2D@2c81e0, Value: [Vertex(2, 0, 1)]
Key: com.catan.model.RoundedPoint2D@ed452, Value: [Vertex(-2, 0, 3), Vertex(-2, -1, 5)]
Key: com.catan.model.RoundedPoint2D@f12d2, Value: [Vertex(-2, 1, 4), Vertex(-2, 0, 0)]
Key: com.catan.model.RoundedPoint2D@1fc3c1, Value: [Vertex(1, 2, 5), Vertex(0, 2, 1)]
Key: com.catan.model.RoundedPoint2D@1f0841, Value: [Vertex(0, -1, 3), Vertex(0, -2, 1), Vertex(1, -2, 5)]
Key: com.catan.model.RoundedPoint2D@1f46c1, Value: [Vertex(0, -1, 0), Vertex(0, 0, 2), Vertex(1, 0, 4)]
Key: com.catan.model.RoundedPoint2D@25d4c0, Value: [Vertex(1, -1, 0), Vertex(2, 0, 4), Vertex(1, 0, 2)]
Key: com.catan.model.RoundedPoint2D@259640, Value: [Vertex(1, -2, 1), Vertex(1, -1, 3)]
Key: com.catan.model.RoundedPoint2D@2651c0, Value: [Vertex(1, 2, 1)]
Key: com.catan.model.RoundedPoint2D@1b9271, Value: [Vertex(0, -2, 3)]
Key: com.catan.model.RoundedPoint2D@1bd0f1, Value: [Vertex(0, -1, 4), Vertex(0, -2, 0), Vertex(-1, -1, 2)]
Key: com.catan.model.RoundedPoint2D@1c8c71, Value: [Vertex(0, 2, 0)]
Key: com.catan.model.RoundedPoint2D@1c4df1, Value: [Vertex(0, 1, 5), Vertex(0, 2, 3), Vertex(-1, 1, 1)]
Key: com.catan.model.RoundedPoint2D@122ae2, Value: [Vertex(-2, 0, 2), Vertex(-2, -1, 0), Vertex(-1, 0, 4)]
Key: com.catan.model.RoundedPoint2D@12a7e2, Value: [Vertex(-1, 2, 5)]
Key: com.catan.model.RoundedPoint2D@231a51, Value: [Vertex(1, 2, 0)]
Key: com.catan.model.RoundedPoint2D@222051, Value: [Vertex(1, -2, 3)]
Key: com.catan.model.RoundedPoint2D@22dbd1, Value: [Vertex(1, 1, 5), Vertex(0, 1, 1), Vertex(1, 2, 3)]
Key: com.catan.model.RoundedPoint2D@225ed1, Value: [Vertex(0, -1, 2), Vertex(1, -2, 0), Vertex(1, -1, 4)]
Key: com.catan.model.RoundedPoint2D@11ec62, Value: [Vertex(-1, -2, 5), Vertex(-2, -1, 3)]
Key: com.catan.model.RoundedPoint2D@28ecd0, Value: [Vertex(1, -1, 2)]
Key: com.catan.model.RoundedPoint2D@1935e1, Value: [Vertex(0, 2, 5), Vertex(-1, 2, 1)]
Key: com.catan.model.RoundedPoint2D@2969d0, Value: [Vertex(1, 1, 1)]
Key: com.catan.model.RoundedPoint2D@18b8e1, Value: [Vertex(0, 0, 4), Vertex(-1, 0, 2), Vertex(-1, -1, 0)]
Key: com.catan.model.RoundedPoint2D@187a61, Value: [Vertex(-1, -2, 1), Vertex(0, -2, 5), Vertex(-1, -1, 3)]
Berechnete einzigartige Vertices: 0
Berechnete einzigartige Edges: 72
✓ Authentisches CATAN-Board initialisiert: 54 Siedlungen, 72 Straßen
]]></system-out>
  </testcase>
  <testcase name="testBuildingCosts" classname="com.catan.model.CatanGameTest" time="0.409">
    <system-out><![CDATA[Key: com.catan.model.RoundedPoint2D@154311, Value: [Vertex(-1, -2, 0)]
Key: com.catan.model.RoundedPoint2D@154311, Value: [Vertex(-1, -2, 0)]
Key: com.catan.model.RoundedPoint2D@187a61, Value: [Vertex(-1, -2, 1)]
Key: com.catan.model.RoundedPoint2D@154311, Value: [Vertex(-1, -2, 0)]
Key: com.catan.model.RoundedPoint2D@185b21, Value: [Vertex(-1, -2, 2)]
Key: com.catan.model.RoundedPoint2D@187a61, Value: [Vertex(-1, -2, 1)]
Key: com.catan.model.RoundedPoint2D@150491, Value: [Vertex(-1, -2, 3)]
Key: com.catan.model.RoundedPoint2D@154311, Value: [Vertex(-1, -2, 0)]
Key: com.catan.model.RoundedPoint2D@185b21, Value: [Vertex(-1, -2, 2)]
Key: com.catan.model.RoundedPoint2D@187a61, Value: [Vertex(-1, -2, 1)]
Key: com.catan.model.RoundedPoint2D@11cd22, Value: [Vertex(-1, -2, 4)]
Key: com.catan.model.RoundedPoint2D@150491, Value: [Vertex(-1, -2, 3)]
Key: com.catan.model.RoundedPoint2D@154311, Value: [Vertex(-1, -2, 0)]
Key: com.catan.model.RoundedPoint2D@185b21, Value: [Vertex(-1, -2, 2)]
Key: com.catan.model.RoundedPoint2D@187a61, Value: [Vertex(-1, -2, 1)]
Key: com.catan.model.RoundedPoint2D@11ec62, Value: [Vertex(-1, -2, 5)]
Key: com.catan.model.RoundedPoint2D@11cd22, Value: [Vertex(-1, -2, 4)]
Key: com.catan.model.RoundedPoint2D@150491, Value: [Vertex(-1, -2, 3)]
Key: com.catan.model.RoundedPoint2D@154311, Value: [Vertex(-1, -2, 0)]
Key: com.catan.model.RoundedPoint2D@185b21, Value: [Vertex(-1, -2, 2)]
Key: com.catan.model.RoundedPoint2D@187a61, Value: [Vertex(-1, -2, 1)]
Key: com.catan.model.RoundedPoint2D@11ec62, Value: [Vertex(-1, -2, 5)]
Key: com.catan.model.RoundedPoint2D@11cd22, Value: [Vertex(-1, -2, 4)]
Key: com.catan.model.RoundedPoint2D@150491, Value: [Vertex(-1, -2, 3)]
Key: com.catan.model.RoundedPoint2D@154311, Value: [Vertex(-1, -2, 0)]
Key: com.catan.model.RoundedPoint2D@185b21, Value: [Vertex(-1, -2, 2)]
Key: com.catan.model.RoundedPoint2D@187a61, Value: [Vertex(-1, -2, 1)]
Key: com.catan.model.RoundedPoint2D@1f46c1, Value: [Vertex(0, -1, 0)]
Key: com.catan.model.RoundedPoint2D@227e11, Value: [Vertex(0, -1, 1)]
Key: com.catan.model.RoundedPoint2D@11ec62, Value: [Vertex(-1, -2, 5)]
Key: com.catan.model.RoundedPoint2D@11cd22, Value: [Vertex(-1, -2, 4)]
Key: com.catan.model.RoundedPoint2D@150491, Value: [Vertex(-1, -2, 3)]
Key: com.catan.model.RoundedPoint2D@154311, Value: [Vertex(-1, -2, 0)]
Key: com.catan.model.RoundedPoint2D@185b21, Value: [Vertex(-1, -2, 2)]
Key: com.catan.model.RoundedPoint2D@187a61, Value: [Vertex(-1, -2, 1)]
Key: com.catan.model.RoundedPoint2D@1f46c1, Value: [Vertex(0, -1, 0)]
Key: com.catan.model.RoundedPoint2D@225ed1, Value: [Vertex(0, -1, 2)]
Key: com.catan.model.RoundedPoint2D@227e11, Value: [Vertex(0, -1, 1)]
Key: com.catan.model.RoundedPoint2D@11ec62, Value: [Vertex(-1, -2, 5)]
Key: com.catan.model.RoundedPoint2D@11cd22, Value: [Vertex(-1, -2, 4)]
Key: com.catan.model.RoundedPoint2D@150491, Value: [Vertex(-1, -2, 3)]
Key: com.catan.model.RoundedPoint2D@154311, Value: [Vertex(-1, -2, 0)]
Key: com.catan.model.RoundedPoint2D@185b21, Value: [Vertex(-1, -2, 2)]
Key: com.catan.model.RoundedPoint2D@187a61, Value: [Vertex(-1, -2, 1)]
Key: com.catan.model.RoundedPoint2D@1f46c1, Value: [Vertex(0, -1, 0)]
Key: com.catan.model.RoundedPoint2D@225ed1, Value: [Vertex(0, -1, 2)]
Key: com.catan.model.RoundedPoint2D@227e11, Value: [Vertex(0, -1, 1)]
Key: com.catan.model.RoundedPoint2D@11ec62, Value: [Vertex(-1, -2, 5)]
Key: com.catan.model.RoundedPoint2D@11cd22, Value: [Vertex(-1, -2, 4)]
Key: com.catan.model.RoundedPoint2D@150491, Value: [Vertex(-1, -2, 3)]
Key: com.catan.model.RoundedPoint2D@154311, Value: [Vertex(-1, -2, 0)]
Key: com.catan.model.RoundedPoint2D@185b21, Value: [Vertex(-1, -2, 2)]
Key: com.catan.model.RoundedPoint2D@187a61, Value: [Vertex(-1, -2, 1)]
Key: com.catan.model.RoundedPoint2D@1f0841, Value: [Vertex(0, -1, 3)]
Key: com.catan.model.RoundedPoint2D@1f46c1, Value: [Vertex(0, -1, 0)]
Key: com.catan.model.RoundedPoint2D@225ed1, Value: [Vertex(0, -1, 2)]
Key: com.catan.model.RoundedPoint2D@227e11, Value: [Vertex(0, -1, 1)]
Key: com.catan.model.RoundedPoint2D@11ec62, Value: [Vertex(-1, -2, 5)]
Key: com.catan.model.RoundedPoint2D@11cd22, Value: [Vertex(-1, -2, 4)]
Key: com.catan.model.RoundedPoint2D@150491, Value: [Vertex(-1, -2, 3)]
Key: com.catan.model.RoundedPoint2D@154311, Value: [Vertex(-1, -2, 0)]
Key: com.catan.model.RoundedPoint2D@185b21, Value: [Vertex(-1, -2, 2)]
Key: com.catan.model.RoundedPoint2D@187a61, Value: [Vertex(-1, -2, 1)]
Key: com.catan.model.RoundedPoint2D@1bd0f1, Value: [Vertex(0, -1, 4)]
Key: com.catan.model.RoundedPoint2D@1f0841, Value: [Vertex(0, -1, 3)]
Key: com.catan.model.RoundedPoint2D@1f46c1, Value: [Vertex(0, -1, 0)]
Key: com.catan.model.RoundedPoint2D@225ed1, Value: [Vertex(0, -1, 2)]
Key: com.catan.model.RoundedPoint2D@227e11, Value: [Vertex(0, -1, 1)]
Key: com.catan.model.RoundedPoint2D@11ec62, Value: [Vertex(-1, -2, 5)]
Key: com.catan.model.RoundedPoint2D@11cd22, Value: [Vertex(-1, -2, 4)]
Key: com.catan.model.RoundedPoint2D@150491, Value: [Vertex(-1, -2, 3)]
Key: com.catan.model.RoundedPoint2D@154311, Value: [Vertex(-1, -2, 0)]
Key: com.catan.model.RoundedPoint2D@185b21, Value: [Vertex(-1, -2, 2)]
Key: com.catan.model.RoundedPoint2D@187a61, Value: [Vertex(-1, -2, 1)]
Key: com.catan.model.RoundedPoint2D@1bf031, Value: [Vertex(0, -1, 5)]
Key: com.catan.model.RoundedPoint2D@1bd0f1, Value: [Vertex(0, -1, 4)]
Key: com.catan.model.RoundedPoint2D@1f0841, Value: [Vertex(0, -1, 3)]
Key: com.catan.model.RoundedPoint2D@1f46c1, Value: [Vertex(0, -1, 0)]
Key: com.catan.model.RoundedPoint2D@225ed1, Value: [Vertex(0, -1, 2)]
Key: com.catan.model.RoundedPoint2D@227e11, Value: [Vertex(0, -1, 1)]
Key: com.catan.model.RoundedPoint2D@11ec62, Value: [Vertex(-1, -2, 5)]
Key: com.catan.model.RoundedPoint2D@11cd22, Value: [Vertex(-1, -2, 4)]
Key: com.catan.model.RoundedPoint2D@150491, Value: [Vertex(-1, -2, 3)]
Key: com.catan.model.RoundedPoint2D@154311, Value: [Vertex(-1, -2, 0)]
Key: com.catan.model.RoundedPoint2D@185b21, Value: [Vertex(-1, -2, 2)]
Key: com.catan.model.RoundedPoint2D@187a61, Value: [Vertex(-1, -2, 1)]
Key: com.catan.model.RoundedPoint2D@1bf031, Value: [Vertex(0, -1, 5)]
Key: com.catan.model.RoundedPoint2D@1bd0f1, Value: [Vertex(0, -1, 4)]
Key: com.catan.model.RoundedPoint2D@1c2eb1, Value: [Vertex(0, 0, 0)]
Key: com.catan.model.RoundedPoint2D@1f0841, Value: [Vertex(0, -1, 3)]
Key: com.catan.model.RoundedPoint2D@1f46c1, Value: [Vertex(0, -1, 0)]
Key: com.catan.model.RoundedPoint2D@150491, Value: [Vertex(-1, -2, 3)]
Key: com.catan.model.RoundedPoint2D@154311, Value: [Vertex(-1, -2, 0)]
Key: com.catan.model.RoundedPoint2D@1bf031, Value: [Vertex(0, -1, 5)]
Key: com.catan.model.RoundedPoint2D@1bd0f1, Value: [Vertex(0, -1, 4)]
Key: com.catan.model.RoundedPoint2D@1c2eb1, Value: [Vertex(0, 0, 0)]
Key: com.catan.model.RoundedPoint2D@225ed1, Value: [Vertex(0, -1, 2)]
Key: com.catan.model.RoundedPoint2D@227e11, Value: [Vertex(0, -1, 1)]
Key: com.catan.model.RoundedPoint2D@11ec62, Value: [Vertex(-1, -2, 5)]
Key: com.catan.model.RoundedPoint2D@11cd22, Value: [Vertex(-1, -2, 4)]
Key: com.catan.model.RoundedPoint2D@185b21, Value: [Vertex(-1, -2, 2)]
Key: com.catan.model.RoundedPoint2D@187a61, Value: [Vertex(-1, -2, 1)]
Key: com.catan.model.RoundedPoint2D@1f6601, Value: [Vertex(0, 0, 1)]
Key: com.catan.model.RoundedPoint2D@1f0841, Value: [Vertex(0, -1, 3)]
Key: com.catan.model.RoundedPoint2D@1f46c1, Value: [Vertex(0, -1, 0)]
Key: com.catan.model.RoundedPoint2D@150491, Value: [Vertex(-1, -2, 3)]
Key: com.catan.model.RoundedPoint2D@154311, Value: [Vertex(-1, -2, 0)]
Key: com.catan.model.RoundedPoint2D@1bf031, Value: [Vertex(0, -1, 5)]
Key: com.catan.model.RoundedPoint2D@1bd0f1, Value: [Vertex(0, -1, 4)]
Key: com.catan.model.RoundedPoint2D@1c2eb1, Value: [Vertex(0, 0, 0)]
Key: com.catan.model.RoundedPoint2D@225ed1, Value: [Vertex(0, -1, 2)]
Key: com.catan.model.RoundedPoint2D@227e11, Value: [Vertex(0, -1, 1)]
Key: com.catan.model.RoundedPoint2D@11ec62, Value: [Vertex(-1, -2, 5)]
Key: com.catan.model.RoundedPoint2D@11cd22, Value: [Vertex(-1, -2, 4)]
Key: com.catan.model.RoundedPoint2D@185b21, Value: [Vertex(-1, -2, 2)]
Key: com.catan.model.RoundedPoint2D@187a61, Value: [Vertex(-1, -2, 1)]
Key: com.catan.model.RoundedPoint2D@1f6601, Value: [Vertex(0, 0, 1)]
Key: com.catan.model.RoundedPoint2D@1f0841, Value: [Vertex(0, -1, 3)]
Key: com.catan.model.RoundedPoint2D@1f46c1, Value: [Vertex(0, -1, 0), Vertex(0, 0, 2)]
Key: com.catan.model.RoundedPoint2D@150491, Value: [Vertex(-1, -2, 3)]
Key: com.catan.model.RoundedPoint2D@154311, Value: [Vertex(-1, -2, 0)]
Key: com.catan.model.RoundedPoint2D@1bf031, Value: [Vertex(0, -1, 5), Vertex(0, 0, 3)]
Key: com.catan.model.RoundedPoint2D@1bd0f1, Value: [Vertex(0, -1, 4)]
Key: com.catan.model.RoundedPoint2D@1c2eb1, Value: [Vertex(0, 0, 0)]
Key: com.catan.model.RoundedPoint2D@225ed1, Value: [Vertex(0, -1, 2)]
Key: com.catan.model.RoundedPoint2D@227e11, Value: [Vertex(0, -1, 1)]
Key: com.catan.model.RoundedPoint2D@11ec62, Value: [Vertex(-1, -2, 5)]
Key: com.catan.model.RoundedPoint2D@11cd22, Value: [Vertex(-1, -2, 4)]
Key: com.catan.model.RoundedPoint2D@185b21, Value: [Vertex(-1, -2, 2)]
Key: com.catan.model.RoundedPoint2D@187a61, Value: [Vertex(-1, -2, 1)]
Key: com.catan.model.RoundedPoint2D@1f6601, Value: [Vertex(0, 0, 1)]
Key: com.catan.model.RoundedPoint2D@1f0841, Value: [Vertex(0, -1, 3)]
Key: com.catan.model.RoundedPoint2D@1f46c1, Value: [Vertex(0, -1, 0), Vertex(0, 0, 2)]
Key: com.catan.model.RoundedPoint2D@150491, Value: [Vertex(-1, -2, 3)]
Key: com.catan.model.RoundedPoint2D@154311, Value: [Vertex(-1, -2, 0)]
Key: com.catan.model.RoundedPoint2D@1bf031, Value: [Vertex(0, -1, 5), Vertex(0, 0, 3)]
Key: com.catan.model.RoundedPoint2D@1bd0f1, Value: [Vertex(0, -1, 4)]
Key: com.catan.model.RoundedPoint2D@1c2eb1, Value: [Vertex(0, 0, 0)]
Key: com.catan.model.RoundedPoint2D@225ed1, Value: [Vertex(0, -1, 2)]
Key: com.catan.model.RoundedPoint2D@227e11, Value: [Vertex(0, -1, 1)]
Key: com.catan.model.RoundedPoint2D@11ec62, Value: [Vertex(-1, -2, 5)]
Key: com.catan.model.RoundedPoint2D@11cd22, Value: [Vertex(-1, -2, 4)]
Key: com.catan.model.RoundedPoint2D@18b8e1, Value: [Vertex(0, 0, 4)]
Key: com.catan.model.RoundedPoint2D@185b21, Value: [Vertex(-1, -2, 2)]
Key: com.catan.model.RoundedPoint2D@187a61, Value: [Vertex(-1, -2, 1)]
Key: com.catan.model.RoundedPoint2D@1f6601, Value: [Vertex(0, 0, 1)]
Key: com.catan.model.RoundedPoint2D@1f0841, Value: [Vertex(0, -1, 3)]
Key: com.catan.model.RoundedPoint2D@1f46c1, Value: [Vertex(0, -1, 0), Vertex(0, 0, 2)]
Key: com.catan.model.RoundedPoint2D@150491, Value: [Vertex(-1, -2, 3)]
Key: com.catan.model.RoundedPoint2D@154311, Value: [Vertex(-1, -2, 0)]
Key: com.catan.model.RoundedPoint2D@1bf031, Value: [Vertex(0, -1, 5), Vertex(0, 0, 3)]
Key: com.catan.model.RoundedPoint2D@1bd0f1, Value: [Vertex(0, -1, 4)]
Key: com.catan.model.RoundedPoint2D@1c2eb1, Value: [Vertex(0, 0, 0)]
Key: com.catan.model.RoundedPoint2D@225ed1, Value: [Vertex(0, -1, 2)]
Key: com.catan.model.RoundedPoint2D@227e11, Value: [Vertex(0, -1, 1)]
Key: com.catan.model.RoundedPoint2D@11ec62, Value: [Vertex(-1, -2, 5)]
Key: com.catan.model.RoundedPoint2D@11cd22, Value: [Vertex(-1, -2, 4)]
Key: com.catan.model.RoundedPoint2D@18d821, Value: [Vertex(0, 0, 5)]
Key: com.catan.model.RoundedPoint2D@18b8e1, Value: [Vertex(0, 0, 4)]
Key: com.catan.model.RoundedPoint2D@185b21, Value: [Vertex(-1, -2, 2)]
Key: com.catan.model.RoundedPoint2D@187a61, Value: [Vertex(-1, -2, 1)]
Key: com.catan.model.RoundedPoint2D@1f6601, Value: [Vertex(0, 0, 1)]
Key: com.catan.model.RoundedPoint2D@1f0841, Value: [Vertex(0, -1, 3)]
Key: com.catan.model.RoundedPoint2D@1f46c1, Value: [Vertex(0, -1, 0), Vertex(0, 0, 2)]
Key: com.catan.model.RoundedPoint2D@150491, Value: [Vertex(-1, -2, 3)]
Key: com.catan.model.RoundedPoint2D@154311, Value: [Vertex(-1, -2, 0)]
Key: com.catan.model.RoundedPoint2D@263280, Value: [Vertex(1, 1, 0)]
Key: com.catan.model.RoundedPoint2D@1bf031, Value: [Vertex(0, -1, 5), Vertex(0, 0, 3)]
Key: com.catan.model.RoundedPoint2D@1bd0f1, Value: [Vertex(0, -1, 4)]
Key: com.catan.model.RoundedPoint2D@1c2eb1, Value: [Vertex(0, 0, 0)]
Key: com.catan.model.RoundedPoint2D@225ed1, Value: [Vertex(0, -1, 2)]
Key: com.catan.model.RoundedPoint2D@227e11, Value: [Vertex(0, -1, 1)]
Key: com.catan.model.RoundedPoint2D@11ec62, Value: [Vertex(-1, -2, 5)]
Key: com.catan.model.RoundedPoint2D@11cd22, Value: [Vertex(-1, -2, 4)]
Key: com.catan.model.RoundedPoint2D@18d821, Value: [Vertex(0, 0, 5)]
Key: com.catan.model.RoundedPoint2D@18b8e1, Value: [Vertex(0, 0, 4)]
Key: com.catan.model.RoundedPoint2D@185b21, Value: [Vertex(-1, -2, 2)]
Key: com.catan.model.RoundedPoint2D@187a61, Value: [Vertex(-1, -2, 1)]
Key: com.catan.model.RoundedPoint2D@1f6601, Value: [Vertex(0, 0, 1)]
Key: com.catan.model.RoundedPoint2D@1f0841, Value: [Vertex(0, -1, 3)]
Key: com.catan.model.RoundedPoint2D@1f46c1, Value: [Vertex(0, -1, 0), Vertex(0, 0, 2)]
Key: com.catan.model.RoundedPoint2D@150491, Value: [Vertex(-1, -2, 3)]
Key: com.catan.model.RoundedPoint2D@154311, Value: [Vertex(-1, -2, 0)]
Key: com.catan.model.RoundedPoint2D@263280, Value: [Vertex(1, 1, 0)]
Key: com.catan.model.RoundedPoint2D@1bf031, Value: [Vertex(0, -1, 5), Vertex(0, 0, 3)]
Key: com.catan.model.RoundedPoint2D@1bd0f1, Value: [Vertex(0, -1, 4)]
Key: com.catan.model.RoundedPoint2D@1c2eb1, Value: [Vertex(0, 0, 0)]
Key: com.catan.model.RoundedPoint2D@225ed1, Value: [Vertex(0, -1, 2)]
Key: com.catan.model.RoundedPoint2D@227e11, Value: [Vertex(0, -1, 1)]
Key: com.catan.model.RoundedPoint2D@11ec62, Value: [Vertex(-1, -2, 5)]
Key: com.catan.model.RoundedPoint2D@11cd22, Value: [Vertex(-1, -2, 4)]
Key: com.catan.model.RoundedPoint2D@2969d0, Value: [Vertex(1, 1, 1)]
Key: com.catan.model.RoundedPoint2D@18d821, Value: [Vertex(0, 0, 5)]
Key: com.catan.model.RoundedPoint2D@18b8e1, Value: [Vertex(0, 0, 4)]
Key: com.catan.model.RoundedPoint2D@185b21, Value: [Vertex(-1, -2, 2)]
Key: com.catan.model.RoundedPoint2D@187a61, Value: [Vertex(-1, -2, 1)]
Key: com.catan.model.RoundedPoint2D@1f6601, Value: [Vertex(0, 0, 1)]
Key: com.catan.model.RoundedPoint2D@1f0841, Value: [Vertex(0, -1, 3)]
Key: com.catan.model.RoundedPoint2D@1f46c1, Value: [Vertex(0, -1, 0), Vertex(0, 0, 2)]
Key: com.catan.model.RoundedPoint2D@150491, Value: [Vertex(-1, -2, 3)]
Key: com.catan.model.RoundedPoint2D@154311, Value: [Vertex(-1, -2, 0)]
Key: com.catan.model.RoundedPoint2D@263280, Value: [Vertex(1, 1, 0)]
Key: com.catan.model.RoundedPoint2D@1bf031, Value: [Vertex(0, -1, 5), Vertex(0, 0, 3)]
Key: com.catan.model.RoundedPoint2D@1bd0f1, Value: [Vertex(0, -1, 4)]
Key: com.catan.model.RoundedPoint2D@1c2eb1, Value: [Vertex(0, 0, 0)]
Key: com.catan.model.RoundedPoint2D@225ed1, Value: [Vertex(0, -1, 2)]
Key: com.catan.model.RoundedPoint2D@227e11, Value: [Vertex(0, -1, 1)]
Key: com.catan.model.RoundedPoint2D@11ec62, Value: [Vertex(-1, -2, 5)]
Key: com.catan.model.RoundedPoint2D@11cd22, Value: [Vertex(-1, -2, 4)]
Key: com.catan.model.RoundedPoint2D@294a90, Value: [Vertex(1, 1, 2)]
Key: com.catan.model.RoundedPoint2D@2969d0, Value: [Vertex(1, 1, 1)]
Key: com.catan.model.RoundedPoint2D@18d821, Value: [Vertex(0, 0, 5)]
Key: com.catan.model.RoundedPoint2D@18b8e1, Value: [Vertex(0, 0, 4)]
Key: com.catan.model.RoundedPoint2D@185b21, Value: [Vertex(-1, -2, 2)]
Key: com.catan.model.RoundedPoint2D@187a61, Value: [Vertex(-1, -2, 1)]
Key: com.catan.model.RoundedPoint2D@1f6601, Value: [Vertex(0, 0, 1)]
Key: com.catan.model.RoundedPoint2D@1f0841, Value: [Vertex(0, -1, 3)]
Key: com.catan.model.RoundedPoint2D@1f46c1, Value: [Vertex(0, -1, 0), Vertex(0, 0, 2)]
Key: com.catan.model.RoundedPoint2D@150491, Value: [Vertex(-1, -2, 3)]
Key: com.catan.model.RoundedPoint2D@154311, Value: [Vertex(-1, -2, 0)]
Key: com.catan.model.RoundedPoint2D@25f400, Value: [Vertex(1, 1, 3)]
Key: com.catan.model.RoundedPoint2D@263280, Value: [Vertex(1, 1, 0)]
Key: com.catan.model.RoundedPoint2D@1bf031, Value: [Vertex(0, -1, 5), Vertex(0, 0, 3)]
Key: com.catan.model.RoundedPoint2D@1bd0f1, Value: [Vertex(0, -1, 4)]
Key: com.catan.model.RoundedPoint2D@1c2eb1, Value: [Vertex(0, 0, 0)]
Key: com.catan.model.RoundedPoint2D@225ed1, Value: [Vertex(0, -1, 2)]
Key: com.catan.model.RoundedPoint2D@227e11, Value: [Vertex(0, -1, 1)]
Key: com.catan.model.RoundedPoint2D@11ec62, Value: [Vertex(-1, -2, 5)]
Key: com.catan.model.RoundedPoint2D@11cd22, Value: [Vertex(-1, -2, 4)]
Key: com.catan.model.RoundedPoint2D@294a90, Value: [Vertex(1, 1, 2)]
Key: com.catan.model.RoundedPoint2D@2969d0, Value: [Vertex(1, 1, 1)]
Key: com.catan.model.RoundedPoint2D@18d821, Value: [Vertex(0, 0, 5)]
Key: com.catan.model.RoundedPoint2D@18b8e1, Value: [Vertex(0, 0, 4)]
Key: com.catan.model.RoundedPoint2D@185b21, Value: [Vertex(-1, -2, 2)]
Key: com.catan.model.RoundedPoint2D@187a61, Value: [Vertex(-1, -2, 1)]
Key: com.catan.model.RoundedPoint2D@1f6601, Value: [Vertex(0, 0, 1)]
Key: com.catan.model.RoundedPoint2D@1f0841, Value: [Vertex(0, -1, 3)]
Key: com.catan.model.RoundedPoint2D@1f46c1, Value: [Vertex(0, -1, 0), Vertex(0, 0, 2)]
Key: com.catan.model.RoundedPoint2D@150491, Value: [Vertex(-1, -2, 3)]
Key: com.catan.model.RoundedPoint2D@154311, Value: [Vertex(-1, -2, 0)]
Key: com.catan.model.RoundedPoint2D@25f400, Value: [Vertex(1, 1, 3)]
Key: com.catan.model.RoundedPoint2D@263280, Value: [Vertex(1, 1, 0)]
Key: com.catan.model.RoundedPoint2D@1bf031, Value: [Vertex(0, -1, 5), Vertex(0, 0, 3)]
Key: com.catan.model.RoundedPoint2D@1bd0f1, Value: [Vertex(0, -1, 4)]
Key: com.catan.model.RoundedPoint2D@1c2eb1, Value: [Vertex(0, 0, 0)]
Key: com.catan.model.RoundedPoint2D@22bc91, Value: [Vertex(1, 1, 4)]
Key: com.catan.model.RoundedPoint2D@225ed1, Value: [Vertex(0, -1, 2)]
Key: com.catan.model.RoundedPoint2D@227e11, Value: [Vertex(0, -1, 1)]
Key: com.catan.model.RoundedPoint2D@11ec62, Value: [Vertex(-1, -2, 5)]
Key: com.catan.model.RoundedPoint2D@11cd22, Value: [Vertex(-1, -2, 4)]
Key: com.catan.model.RoundedPoint2D@294a90, Value: [Vertex(1, 1, 2)]
Key: com.catan.model.RoundedPoint2D@2969d0, Value: [Vertex(1, 1, 1)]
Key: com.catan.model.RoundedPoint2D@18d821, Value: [Vertex(0, 0, 5)]
Key: com.catan.model.RoundedPoint2D@18b8e1, Value: [Vertex(0, 0, 4)]
Key: com.catan.model.RoundedPoint2D@185b21, Value: [Vertex(-1, -2, 2)]
Key: com.catan.model.RoundedPoint2D@187a61, Value: [Vertex(-1, -2, 1)]
Key: com.catan.model.RoundedPoint2D@1f6601, Value: [Vertex(0, 0, 1)]
Key: com.catan.model.RoundedPoint2D@1f0841, Value: [Vertex(0, -1, 3)]
Key: com.catan.model.RoundedPoint2D@1f46c1, Value: [Vertex(0, -1, 0), Vertex(0, 0, 2)]
Key: com.catan.model.RoundedPoint2D@150491, Value: [Vertex(-1, -2, 3)]
Key: com.catan.model.RoundedPoint2D@154311, Value: [Vertex(-1, -2, 0)]
Key: com.catan.model.RoundedPoint2D@25f400, Value: [Vertex(1, 1, 3)]
Key: com.catan.model.RoundedPoint2D@263280, Value: [Vertex(1, 1, 0)]
Key: com.catan.model.RoundedPoint2D@1bf031, Value: [Vertex(0, -1, 5), Vertex(0, 0, 3)]
Key: com.catan.model.RoundedPoint2D@1bd0f1, Value: [Vertex(0, -1, 4)]
Key: com.catan.model.RoundedPoint2D@1c2eb1, Value: [Vertex(0, 0, 0)]
Key: com.catan.model.RoundedPoint2D@22dbd1, Value: [Vertex(1, 1, 5)]
Key: com.catan.model.RoundedPoint2D@22bc91, Value: [Vertex(1, 1, 4)]
Key: com.catan.model.RoundedPoint2D@225ed1, Value: [Vertex(0, -1, 2)]
Key: com.catan.model.RoundedPoint2D@227e11, Value: [Vertex(0, -1, 1)]
Key: com.catan.model.RoundedPoint2D@11ec62, Value: [Vertex(-1, -2, 5)]
Key: com.catan.model.RoundedPoint2D@11cd22, Value: [Vertex(-1, -2, 4)]
Key: com.catan.model.RoundedPoint2D@294a90, Value: [Vertex(1, 1, 2)]
Key: com.catan.model.RoundedPoint2D@2969d0, Value: [Vertex(1, 1, 1)]
Key: com.catan.model.RoundedPoint2D@18d821, Value: [Vertex(0, 0, 5)]
Key: com.catan.model.RoundedPoint2D@18b8e1, Value: [Vertex(0, 0, 4)]
Key: com.catan.model.RoundedPoint2D@185b21, Value: [Vertex(-1, -2, 2)]
Key: com.catan.model.RoundedPoint2D@187a61, Value: [Vertex(-1, -2, 1)]
Key: com.catan.model.RoundedPoint2D@1f6601, Value: [Vertex(0, 0, 1)]
Key: com.catan.model.RoundedPoint2D@1f0841, Value: [Vertex(0, -1, 3)]
Key: com.catan.model.RoundedPoint2D@1f46c1, Value: [Vertex(0, -1, 0), Vertex(0, 0, 2)]
Key: com.catan.model.RoundedPoint2D@150491, Value: [Vertex(-1, -2, 3)]
Key: com.catan.model.RoundedPoint2D@154311, Value: [Vertex(-1, -2, 0)]
Key: com.catan.model.RoundedPoint2D@25f400, Value: [Vertex(1, 1, 3)]
Key: com.catan.model.RoundedPoint2D@263280, Value: [Vertex(1, 1, 0)]
Key: com.catan.model.RoundedPoint2D@1bf031, Value: [Vertex(0, -1, 5), Vertex(0, 0, 3)]
Key: com.catan.model.RoundedPoint2D@1bd0f1, Value: [Vertex(0, -1, 4), Vertex(0, -2, 0)]
Key: com.catan.model.RoundedPoint2D@1c2eb1, Value: [Vertex(0, 0, 0)]
Key: com.catan.model.RoundedPoint2D@22dbd1, Value: [Vertex(1, 1, 5)]
Key: com.catan.model.RoundedPoint2D@22bc91, Value: [Vertex(1, 1, 4)]
Key: com.catan.model.RoundedPoint2D@225ed1, Value: [Vertex(0, -1, 2)]
Key: com.catan.model.RoundedPoint2D@227e11, Value: [Vertex(0, -1, 1)]
Key: com.catan.model.RoundedPoint2D@11ec62, Value: [Vertex(-1, -2, 5)]
Key: com.catan.model.RoundedPoint2D@11cd22, Value: [Vertex(-1, -2, 4)]
Key: com.catan.model.RoundedPoint2D@294a90, Value: [Vertex(1, 1, 2)]
Key: com.catan.model.RoundedPoint2D@2969d0, Value: [Vertex(1, 1, 1)]
Key: com.catan.model.RoundedPoint2D@18d821, Value: [Vertex(0, 0, 5)]
Key: com.catan.model.RoundedPoint2D@18b8e1, Value: [Vertex(0, 0, 4)]
Key: com.catan.model.RoundedPoint2D@185b21, Value: [Vertex(-1, -2, 2)]
Key: com.catan.model.RoundedPoint2D@187a61, Value: [Vertex(-1, -2, 1)]
Key: com.catan.model.RoundedPoint2D@1f6601, Value: [Vertex(0, 0, 1)]
Key: com.catan.model.RoundedPoint2D@1f0841, Value: [Vertex(0, -1, 3)]
Key: com.catan.model.RoundedPoint2D@1f46c1, Value: [Vertex(0, -1, 0), Vertex(0, 0, 2)]
Key: com.catan.model.RoundedPoint2D@150491, Value: [Vertex(-1, -2, 3)]
Key: com.catan.model.RoundedPoint2D@154311, Value: [Vertex(-1, -2, 0)]
Key: com.catan.model.RoundedPoint2D@25f400, Value: [Vertex(1, 1, 3)]
Key: com.catan.model.RoundedPoint2D@263280, Value: [Vertex(1, 1, 0)]
Key: com.catan.model.RoundedPoint2D@1bf031, Value: [Vertex(0, -1, 5), Vertex(0, 0, 3)]
Key: com.catan.model.RoundedPoint2D@1bd0f1, Value: [Vertex(0, -1, 4), Vertex(0, -2, 0)]
Key: com.catan.model.RoundedPoint2D@1c2eb1, Value: [Vertex(0, 0, 0)]
Key: com.catan.model.RoundedPoint2D@22dbd1, Value: [Vertex(1, 1, 5)]
Key: com.catan.model.RoundedPoint2D@22bc91, Value: [Vertex(1, 1, 4)]
Key: com.catan.model.RoundedPoint2D@225ed1, Value: [Vertex(0, -1, 2)]
Key: com.catan.model.RoundedPoint2D@227e11, Value: [Vertex(0, -1, 1)]
Key: com.catan.model.RoundedPoint2D@11ec62, Value: [Vertex(-1, -2, 5)]
Key: com.catan.model.RoundedPoint2D@11cd22, Value: [Vertex(-1, -2, 4)]
Key: com.catan.model.RoundedPoint2D@294a90, Value: [Vertex(1, 1, 2)]
Key: com.catan.model.RoundedPoint2D@2969d0, Value: [Vertex(1, 1, 1)]
Key: com.catan.model.RoundedPoint2D@18d821, Value: [Vertex(0, 0, 5)]
Key: com.catan.model.RoundedPoint2D@18b8e1, Value: [Vertex(0, 0, 4)]
Key: com.catan.model.RoundedPoint2D@185b21, Value: [Vertex(-1, -2, 2)]
Key: com.catan.model.RoundedPoint2D@187a61, Value: [Vertex(-1, -2, 1)]
Key: com.catan.model.RoundedPoint2D@1f6601, Value: [Vertex(0, 0, 1)]
Key: com.catan.model.RoundedPoint2D@1f0841, Value: [Vertex(0, -1, 3), Vertex(0, -2, 1)]
Key: com.catan.model.RoundedPoint2D@1f46c1, Value: [Vertex(0, -1, 0), Vertex(0, 0, 2)]
Key: com.catan.model.RoundedPoint2D@150491, Value: [Vertex(-1, -2, 3)]
Key: com.catan.model.RoundedPoint2D@154311, Value: [Vertex(-1, -2, 0)]
Key: com.catan.model.RoundedPoint2D@25f400, Value: [Vertex(1, 1, 3)]
Key: com.catan.model.RoundedPoint2D@263280, Value: [Vertex(1, 1, 0)]
Key: com.catan.model.RoundedPoint2D@1bf031, Value: [Vertex(0, -1, 5), Vertex(0, 0, 3)]
Key: com.catan.model.RoundedPoint2D@1bd0f1, Value: [Vertex(0, -1, 4), Vertex(0, -2, 0)]
Key: com.catan.model.RoundedPoint2D@1c2eb1, Value: [Vertex(0, 0, 0)]
Key: com.catan.model.RoundedPoint2D@22dbd1, Value: [Vertex(1, 1, 5)]
Key: com.catan.model.RoundedPoint2D@22bc91, Value: [Vertex(1, 1, 4)]
Key: com.catan.model.RoundedPoint2D@225ed1, Value: [Vertex(0, -1, 2)]
Key: com.catan.model.RoundedPoint2D@227e11, Value: [Vertex(0, -1, 1)]
Key: com.catan.model.RoundedPoint2D@11ec62, Value: [Vertex(-1, -2, 5)]
Key: com.catan.model.RoundedPoint2D@11cd22, Value: [Vertex(-1, -2, 4)]
Key: com.catan.model.RoundedPoint2D@294a90, Value: [Vertex(1, 1, 2)]
Key: com.catan.model.RoundedPoint2D@2969d0, Value: [Vertex(1, 1, 1)]
Key: com.catan.model.RoundedPoint2D@18d821, Value: [Vertex(0, 0, 5)]
Key: com.catan.model.RoundedPoint2D@18b8e1, Value: [Vertex(0, 0, 4)]
Key: com.catan.model.RoundedPoint2D@185b21, Value: [Vertex(-1, -2, 2)]
Key: com.catan.model.RoundedPoint2D@187a61, Value: [Vertex(-1, -2, 1)]
Key: com.catan.model.RoundedPoint2D@1f6601, Value: [Vertex(0, 0, 1)]
Key: com.catan.model.RoundedPoint2D@1f0841, Value: [Vertex(0, -1, 3), Vertex(0, -2, 1)]
Key: com.catan.model.RoundedPoint2D@1f46c1, Value: [Vertex(0, -1, 0), Vertex(0, 0, 2)]
Key: com.catan.model.RoundedPoint2D@1ee901, Value: [Vertex(0, -2, 2)]
Key: com.catan.model.RoundedPoint2D@150491, Value: [Vertex(-1, -2, 3)]
Key: com.catan.model.RoundedPoint2D@154311, Value: [Vertex(-1, -2, 0)]
Key: com.catan.model.RoundedPoint2D@25f400, Value: [Vertex(1, 1, 3)]
Key: com.catan.model.RoundedPoint2D@263280, Value: [Vertex(1, 1, 0)]
Key: com.catan.model.RoundedPoint2D@1b9271, Value: [Vertex(0, -2, 3)]
Key: com.catan.model.RoundedPoint2D@1bf031, Value: [Vertex(0, -1, 5), Vertex(0, 0, 3)]
Key: com.catan.model.RoundedPoint2D@1bd0f1, Value: [Vertex(0, -1, 4), Vertex(0, -2, 0)]
Key: com.catan.model.RoundedPoint2D@1c2eb1, Value: [Vertex(0, 0, 0)]
Key: com.catan.model.RoundedPoint2D@22dbd1, Value: [Vertex(1, 1, 5)]
Key: com.catan.model.RoundedPoint2D@22bc91, Value: [Vertex(1, 1, 4)]
Key: com.catan.model.RoundedPoint2D@225ed1, Value: [Vertex(0, -1, 2)]
Key: com.catan.model.RoundedPoint2D@227e11, Value: [Vertex(0, -1, 1)]
Key: com.catan.model.RoundedPoint2D@11ec62, Value: [Vertex(-1, -2, 5)]
Key: com.catan.model.RoundedPoint2D@11cd22, Value: [Vertex(-1, -2, 4)]
Key: com.catan.model.RoundedPoint2D@294a90, Value: [Vertex(1, 1, 2)]
Key: com.catan.model.RoundedPoint2D@2969d0, Value: [Vertex(1, 1, 1)]
Key: com.catan.model.RoundedPoint2D@18d821, Value: [Vertex(0, 0, 5)]
Key: com.catan.model.RoundedPoint2D@18b8e1, Value: [Vertex(0, 0, 4)]
Key: com.catan.model.RoundedPoint2D@185b21, Value: [Vertex(-1, -2, 2)]
Key: com.catan.model.RoundedPoint2D@187a61, Value: [Vertex(-1, -2, 1)]
Key: com.catan.model.RoundedPoint2D@1f6601, Value: [Vertex(0, 0, 1)]
Key: com.catan.model.RoundedPoint2D@1f0841, Value: [Vertex(0, -1, 3), Vertex(0, -2, 1)]
Key: com.catan.model.RoundedPoint2D@1f46c1, Value: [Vertex(0, -1, 0), Vertex(0, 0, 2)]
Key: com.catan.model.RoundedPoint2D@1ee901, Value: [Vertex(0, -2, 2)]
Key: com.catan.model.RoundedPoint2D@150491, Value: [Vertex(-1, -2, 3)]
Key: com.catan.model.RoundedPoint2D@154311, Value: [Vertex(-1, -2, 0)]
Key: com.catan.model.RoundedPoint2D@25f400, Value: [Vertex(1, 1, 3)]
Key: com.catan.model.RoundedPoint2D@263280, Value: [Vertex(1, 1, 0)]
Key: com.catan.model.RoundedPoint2D@1b9271, Value: [Vertex(0, -2, 3)]
Key: com.catan.model.RoundedPoint2D@1bf031, Value: [Vertex(0, -1, 5), Vertex(0, 0, 3)]
Key: com.catan.model.RoundedPoint2D@1bd0f1, Value: [Vertex(0, -1, 4), Vertex(0, -2, 0)]
Key: com.catan.model.RoundedPoint2D@1c2eb1, Value: [Vertex(0, 0, 0)]
Key: com.catan.model.RoundedPoint2D@22dbd1, Value: [Vertex(1, 1, 5)]
Key: com.catan.model.RoundedPoint2D@22bc91, Value: [Vertex(1, 1, 4)]
Key: com.catan.model.RoundedPoint2D@225ed1, Value: [Vertex(0, -1, 2)]
Key: com.catan.model.RoundedPoint2D@227e11, Value: [Vertex(0, -1, 1)]
Key: com.catan.model.RoundedPoint2D@11ec62, Value: [Vertex(-1, -2, 5)]
Key: com.catan.model.RoundedPoint2D@11cd22, Value: [Vertex(-1, -2, 4)]
Key: com.catan.model.RoundedPoint2D@294a90, Value: [Vertex(1, 1, 2)]
Key: com.catan.model.RoundedPoint2D@2969d0, Value: [Vertex(1, 1, 1)]
Key: com.catan.model.RoundedPoint2D@18d821, Value: [Vertex(0, 0, 5)]
Key: com.catan.model.RoundedPoint2D@18b8e1, Value: [Vertex(0, 0, 4)]
Key: com.catan.model.RoundedPoint2D@185b21, Value: [Vertex(-1, -2, 2), Vertex(0, -2, 4)]
Key: com.catan.model.RoundedPoint2D@187a61, Value: [Vertex(-1, -2, 1)]
Key: com.catan.model.RoundedPoint2D@1f6601, Value: [Vertex(0, 0, 1)]
Key: com.catan.model.RoundedPoint2D@1f0841, Value: [Vertex(0, -1, 3), Vertex(0, -2, 1)]
Key: com.catan.model.RoundedPoint2D@1f46c1, Value: [Vertex(0, -1, 0), Vertex(0, 0, 2)]
Key: com.catan.model.RoundedPoint2D@1ee901, Value: [Vertex(0, -2, 2)]
Key: com.catan.model.RoundedPoint2D@150491, Value: [Vertex(-1, -2, 3)]
Key: com.catan.model.RoundedPoint2D@154311, Value: [Vertex(-1, -2, 0)]
Key: com.catan.model.RoundedPoint2D@25f400, Value: [Vertex(1, 1, 3)]
Key: com.catan.model.RoundedPoint2D@263280, Value: [Vertex(1, 1, 0)]
Key: com.catan.model.RoundedPoint2D@1b9271, Value: [Vertex(0, -2, 3)]
Key: com.catan.model.RoundedPoint2D@1bf031, Value: [Vertex(0, -1, 5), Vertex(0, 0, 3)]
Key: com.catan.model.RoundedPoint2D@1bd0f1, Value: [Vertex(0, -1, 4), Vertex(0, -2, 0)]
Key: com.catan.model.RoundedPoint2D@1c2eb1, Value: [Vertex(0, 0, 0)]
Key: com.catan.model.RoundedPoint2D@22dbd1, Value: [Vertex(1, 1, 5)]
Key: com.catan.model.RoundedPoint2D@22bc91, Value: [Vertex(1, 1, 4)]
Key: com.catan.model.RoundedPoint2D@225ed1, Value: [Vertex(0, -1, 2)]
Key: com.catan.model.RoundedPoint2D@227e11, Value: [Vertex(0, -1, 1)]
Key: com.catan.model.RoundedPoint2D@11ec62, Value: [Vertex(-1, -2, 5)]
Key: com.catan.model.RoundedPoint2D@11cd22, Value: [Vertex(-1, -2, 4)]
Key: com.catan.model.RoundedPoint2D@294a90, Value: [Vertex(1, 1, 2)]
Key: com.catan.model.RoundedPoint2D@2969d0, Value: [Vertex(1, 1, 1)]
Key: com.catan.model.RoundedPoint2D@18d821, Value: [Vertex(0, 0, 5)]
Key: com.catan.model.RoundedPoint2D@18b8e1, Value: [Vertex(0, 0, 4)]
Key: com.catan.model.RoundedPoint2D@185b21, Value: [Vertex(-1, -2, 2), Vertex(0, -2, 4)]
Key: com.catan.model.RoundedPoint2D@187a61, Value: [Vertex(-1, -2, 1), Vertex(0, -2, 5)]
Key: com.catan.model.RoundedPoint2D@1f6601, Value: [Vertex(0, 0, 1)]
Key: com.catan.model.RoundedPoint2D@1f0841, Value: [Vertex(0, -1, 3), Vertex(0, -2, 1)]
Key: com.catan.model.RoundedPoint2D@1f46c1, Value: [Vertex(0, -1, 0), Vertex(0, 0, 2)]
Key: com.catan.model.RoundedPoint2D@1ee901, Value: [Vertex(0, -2, 2)]
Key: com.catan.model.RoundedPoint2D@150491, Value: [Vertex(-1, -2, 3)]
Key: com.catan.model.RoundedPoint2D@154311, Value: [Vertex(-1, -2, 0)]
Key: com.catan.model.RoundedPoint2D@25f400, Value: [Vertex(1, 1, 3)]
Key: com.catan.model.RoundedPoint2D@263280, Value: [Vertex(1, 1, 0)]
Key: com.catan.model.RoundedPoint2D@1b9271, Value: [Vertex(0, -2, 3)]
Key: com.catan.model.RoundedPoint2D@1bf031, Value: [Vertex(0, -1, 5), Vertex(0, 0, 3)]
Key: com.catan.model.RoundedPoint2D@1bd0f1, Value: [Vertex(0, -1, 4), Vertex(0, -2, 0)]
Key: com.catan.model.RoundedPoint2D@1c2eb1, Value: [Vertex(0, 0, 0)]
Key: com.catan.model.RoundedPoint2D@22dbd1, Value: [Vertex(1, 1, 5)]
Key: com.catan.model.RoundedPoint2D@22bc91, Value: [Vertex(1, 1, 4)]
Key: com.catan.model.RoundedPoint2D@225ed1, Value: [Vertex(0, -1, 2)]
Key: com.catan.model.RoundedPoint2D@227e11, Value: [Vertex(0, -1, 1)]
Key: com.catan.model.RoundedPoint2D@11ec62, Value: [Vertex(-1, -2, 5)]
Key: com.catan.model.RoundedPoint2D@11cd22, Value: [Vertex(-1, -2, 4)]
Key: com.catan.model.RoundedPoint2D@294a90, Value: [Vertex(1, 1, 2)]
Key: com.catan.model.RoundedPoint2D@2969d0, Value: [Vertex(1, 1, 1)]
Key: com.catan.model.RoundedPoint2D@18d821, Value: [Vertex(0, 0, 5)]
Key: com.catan.model.RoundedPoint2D@18b8e1, Value: [Vertex(0, 0, 4)]
Key: com.catan.model.RoundedPoint2D@185b21, Value: [Vertex(-1, -2, 2), Vertex(0, -2, 4)]
Key: com.catan.model.RoundedPoint2D@187a61, Value: [Vertex(-1, -2, 1), Vertex(0, -2, 5)]
Key: com.catan.model.RoundedPoint2D@1fa481, Value: [Vertex(0, 1, 0)]
Key: com.catan.model.RoundedPoint2D@1f6601, Value: [Vertex(0, 0, 1)]
Key: com.catan.model.RoundedPoint2D@1f0841, Value: [Vertex(0, -1, 3), Vertex(0, -2, 1)]
Key: com.catan.model.RoundedPoint2D@1f46c1, Value: [Vertex(0, -1, 0), Vertex(0, 0, 2)]
Key: com.catan.model.RoundedPoint2D@1ee901, Value: [Vertex(0, -2, 2)]
Key: com.catan.model.RoundedPoint2D@150491, Value: [Vertex(-1, -2, 3)]
Key: com.catan.model.RoundedPoint2D@154311, Value: [Vertex(-1, -2, 0)]
Key: com.catan.model.RoundedPoint2D@1fa481, Value: [Vertex(0, 1, 0)]
Key: com.catan.model.RoundedPoint2D@1f6601, Value: [Vertex(0, 0, 1)]
Key: com.catan.model.RoundedPoint2D@1f0841, Value: [Vertex(0, -1, 3), Vertex(0, -2, 1)]
Key: com.catan.model.RoundedPoint2D@1f46c1, Value: [Vertex(0, -1, 0), Vertex(0, 0, 2)]
Key: com.catan.model.RoundedPoint2D@1ee901, Value: [Vertex(0, -2, 2)]
Key: com.catan.model.RoundedPoint2D@25f400, Value: [Vertex(1, 1, 3)]
Key: com.catan.model.RoundedPoint2D@263280, Value: [Vertex(1, 1, 0)]
Key: com.catan.model.RoundedPoint2D@1b9271, Value: [Vertex(0, -2, 3)]
Key: com.catan.model.RoundedPoint2D@1bf031, Value: [Vertex(0, -1, 5), Vertex(0, 0, 3)]
Key: com.catan.model.RoundedPoint2D@1bd0f1, Value: [Vertex(0, -1, 4), Vertex(0, -2, 0)]
Key: com.catan.model.RoundedPoint2D@1c2eb1, Value: [Vertex(0, 0, 0)]
Key: com.catan.model.RoundedPoint2D@22dbd1, Value: [Vertex(1, 1, 5), Vertex(0, 1, 1)]
Key: com.catan.model.RoundedPoint2D@22bc91, Value: [Vertex(1, 1, 4)]
Key: com.catan.model.RoundedPoint2D@225ed1, Value: [Vertex(0, -1, 2)]
Key: com.catan.model.RoundedPoint2D@227e11, Value: [Vertex(0, -1, 1)]
Key: com.catan.model.RoundedPoint2D@11ec62, Value: [Vertex(-1, -2, 5)]
Key: com.catan.model.RoundedPoint2D@11cd22, Value: [Vertex(-1, -2, 4)]
Key: com.catan.model.RoundedPoint2D@294a90, Value: [Vertex(1, 1, 2)]
Key: com.catan.model.RoundedPoint2D@2969d0, Value: [Vertex(1, 1, 1)]
Key: com.catan.model.RoundedPoint2D@18d821, Value: [Vertex(0, 0, 5)]
Key: com.catan.model.RoundedPoint2D@18b8e1, Value: [Vertex(0, 0, 4)]
Key: com.catan.model.RoundedPoint2D@185b21, Value: [Vertex(-1, -2, 2), Vertex(0, -2, 4)]
Key: com.catan.model.RoundedPoint2D@187a61, Value: [Vertex(-1, -2, 1), Vertex(0, -2, 5)]
Key: com.catan.model.RoundedPoint2D@150491, Value: [Vertex(-1, -2, 3)]
Key: com.catan.model.RoundedPoint2D@154311, Value: [Vertex(-1, -2, 0)]
Key: com.catan.model.RoundedPoint2D@1fa481, Value: [Vertex(0, 1, 0)]
Key: com.catan.model.RoundedPoint2D@1f6601, Value: [Vertex(0, 0, 1)]
Key: com.catan.model.RoundedPoint2D@1f0841, Value: [Vertex(0, -1, 3), Vertex(0, -2, 1)]
Key: com.catan.model.RoundedPoint2D@1f46c1, Value: [Vertex(0, -1, 0), Vertex(0, 0, 2)]
Key: com.catan.model.RoundedPoint2D@1ee901, Value: [Vertex(0, -2, 2)]
Key: com.catan.model.RoundedPoint2D@25f400, Value: [Vertex(1, 1, 3)]
Key: com.catan.model.RoundedPoint2D@263280, Value: [Vertex(1, 1, 0)]
Key: com.catan.model.RoundedPoint2D@1b9271, Value: [Vertex(0, -2, 3)]
Key: com.catan.model.RoundedPoint2D@1bf031, Value: [Vertex(0, -1, 5), Vertex(0, 0, 3)]
Key: com.catan.model.RoundedPoint2D@1bd0f1, Value: [Vertex(0, -1, 4), Vertex(0, -2, 0)]
Key: com.catan.model.RoundedPoint2D@1c2eb1, Value: [Vertex(0, 0, 0)]
Key: com.catan.model.RoundedPoint2D@22dbd1, Value: [Vertex(1, 1, 5), Vertex(0, 1, 1)]
Key: com.catan.model.RoundedPoint2D@22bc91, Value: [Vertex(1, 1, 4), Vertex(0, 1, 2)]
Key: com.catan.model.RoundedPoint2D@225ed1, Value: [Vertex(0, -1, 2)]
Key: com.catan.model.RoundedPoint2D@227e11, Value: [Vertex(0, -1, 1)]
Key: com.catan.model.RoundedPoint2D@11ec62, Value: [Vertex(-1, -2, 5)]
Key: com.catan.model.RoundedPoint2D@11cd22, Value: [Vertex(-1, -2, 4)]
Key: com.catan.model.RoundedPoint2D@294a90, Value: [Vertex(1, 1, 2)]
Key: com.catan.model.RoundedPoint2D@2969d0, Value: [Vertex(1, 1, 1)]
Key: com.catan.model.RoundedPoint2D@18d821, Value: [Vertex(0, 0, 5)]
Key: com.catan.model.RoundedPoint2D@18b8e1, Value: [Vertex(0, 0, 4)]
Key: com.catan.model.RoundedPoint2D@185b21, Value: [Vertex(-1, -2, 2), Vertex(0, -2, 4)]
Key: com.catan.model.RoundedPoint2D@187a61, Value: [Vertex(-1, -2, 1), Vertex(0, -2, 5)]
Key: com.catan.model.RoundedPoint2D@150491, Value: [Vertex(-1, -2, 3)]
Key: com.catan.model.RoundedPoint2D@154311, Value: [Vertex(-1, -2, 0)]
Key: com.catan.model.RoundedPoint2D@1fa481, Value: [Vertex(0, 1, 0)]
Key: com.catan.model.RoundedPoint2D@1f6601, Value: [Vertex(0, 0, 1), Vertex(0, 1, 3)]
Key: com.catan.model.RoundedPoint2D@1f0841, Value: [Vertex(0, -1, 3), Vertex(0, -2, 1)]
Key: com.catan.model.RoundedPoint2D@1f46c1, Value: [Vertex(0, -1, 0), Vertex(0, 0, 2)]
Key: com.catan.model.RoundedPoint2D@1ee901, Value: [Vertex(0, -2, 2)]
Key: com.catan.model.RoundedPoint2D@25f400, Value: [Vertex(1, 1, 3)]
Key: com.catan.model.RoundedPoint2D@263280, Value: [Vertex(1, 1, 0)]
Key: com.catan.model.RoundedPoint2D@1b9271, Value: [Vertex(0, -2, 3)]
Key: com.catan.model.RoundedPoint2D@1bf031, Value: [Vertex(0, -1, 5), Vertex(0, 0, 3)]
Key: com.catan.model.RoundedPoint2D@1bd0f1, Value: [Vertex(0, -1, 4), Vertex(0, -2, 0)]
Key: com.catan.model.RoundedPoint2D@1c2eb1, Value: [Vertex(0, 0, 0)]
Key: com.catan.model.RoundedPoint2D@22dbd1, Value: [Vertex(1, 1, 5), Vertex(0, 1, 1)]
Key: com.catan.model.RoundedPoint2D@22bc91, Value: [Vertex(1, 1, 4), Vertex(0, 1, 2)]
Key: com.catan.model.RoundedPoint2D@225ed1, Value: [Vertex(0, -1, 2)]
Key: com.catan.model.RoundedPoint2D@227e11, Value: [Vertex(0, -1, 1)]
Key: com.catan.model.RoundedPoint2D@11ec62, Value: [Vertex(-1, -2, 5)]
Key: com.catan.model.RoundedPoint2D@11cd22, Value: [Vertex(-1, -2, 4)]
Key: com.catan.model.RoundedPoint2D@294a90, Value: [Vertex(1, 1, 2)]
Key: com.catan.model.RoundedPoint2D@2969d0, Value: [Vertex(1, 1, 1)]
Key: com.catan.model.RoundedPoint2D@18d821, Value: [Vertex(0, 0, 5)]
Key: com.catan.model.RoundedPoint2D@18b8e1, Value: [Vertex(0, 0, 4)]
Key: com.catan.model.RoundedPoint2D@185b21, Value: [Vertex(-1, -2, 2), Vertex(0, -2, 4)]
Key: com.catan.model.RoundedPoint2D@187a61, Value: [Vertex(-1, -2, 1), Vertex(0, -2, 5)]
Key: com.catan.model.RoundedPoint2D@150491, Value: [Vertex(-1, -2, 3)]
Key: com.catan.model.RoundedPoint2D@154311, Value: [Vertex(-1, -2, 0)]
Key: com.catan.model.RoundedPoint2D@1fa481, Value: [Vertex(0, 1, 0)]
Key: com.catan.model.RoundedPoint2D@1f6601, Value: [Vertex(0, 0, 1), Vertex(0, 1, 3)]
Key: com.catan.model.RoundedPoint2D@1f0841, Value: [Vertex(0, -1, 3), Vertex(0, -2, 1)]
Key: com.catan.model.RoundedPoint2D@1f46c1, Value: [Vertex(0, -1, 0), Vertex(0, 0, 2)]
Key: com.catan.model.RoundedPoint2D@1ee901, Value: [Vertex(0, -2, 2)]
Key: com.catan.model.RoundedPoint2D@25f400, Value: [Vertex(1, 1, 3)]
Key: com.catan.model.RoundedPoint2D@263280, Value: [Vertex(1, 1, 0)]
Key: com.catan.model.RoundedPoint2D@1b9271, Value: [Vertex(0, -2, 3)]
Key: com.catan.model.RoundedPoint2D@1bf031, Value: [Vertex(0, -1, 5), Vertex(0, 0, 3)]
Key: com.catan.model.RoundedPoint2D@1bd0f1, Value: [Vertex(0, -1, 4), Vertex(0, -2, 0)]
Key: com.catan.model.RoundedPoint2D@1c2eb1, Value: [Vertex(0, 0, 0), Vertex(0, 1, 4)]
Key: com.catan.model.RoundedPoint2D@22dbd1, Value: [Vertex(1, 1, 5), Vertex(0, 1, 1)]
Key: com.catan.model.RoundedPoint2D@22bc91, Value: [Vertex(1, 1, 4), Vertex(0, 1, 2)]
Key: com.catan.model.RoundedPoint2D@225ed1, Value: [Vertex(0, -1, 2)]
Key: com.catan.model.RoundedPoint2D@227e11, Value: [Vertex(0, -1, 1)]
Key: com.catan.model.RoundedPoint2D@11ec62, Value: [Vertex(-1, -2, 5)]
Key: com.catan.model.RoundedPoint2D@11cd22, Value: [Vertex(-1, -2, 4)]
Key: com.catan.model.RoundedPoint2D@294a90, Value: [Vertex(1, 1, 2)]
Key: com.catan.model.RoundedPoint2D@2969d0, Value: [Vertex(1, 1, 1)]
Key: com.catan.model.RoundedPoint2D@18d821, Value: [Vertex(0, 0, 5)]
Key: com.catan.model.RoundedPoint2D@18b8e1, Value: [Vertex(0, 0, 4)]
Key: com.catan.model.RoundedPoint2D@185b21, Value: [Vertex(-1, -2, 2), Vertex(0, -2, 4)]
Key: com.catan.model.RoundedPoint2D@187a61, Value: [Vertex(-1, -2, 1), Vertex(0, -2, 5)]
Key: com.catan.model.RoundedPoint2D@150491, Value: [Vertex(-1, -2, 3)]
Key: com.catan.model.RoundedPoint2D@154311, Value: [Vertex(-1, -2, 0)]
Key: com.catan.model.RoundedPoint2D@1fa481, Value: [Vertex(0, 1, 0)]
Key: com.catan.model.RoundedPoint2D@1f6601, Value: [Vertex(0, 0, 1), Vertex(0, 1, 3)]
Key: com.catan.model.RoundedPoint2D@1f0841, Value: [Vertex(0, -1, 3), Vertex(0, -2, 1)]
Key: com.catan.model.RoundedPoint2D@1f46c1, Value: [Vertex(0, -1, 0), Vertex(0, 0, 2)]
Key: com.catan.model.RoundedPoint2D@1ee901, Value: [Vertex(0, -2, 2)]
Key: com.catan.model.RoundedPoint2D@25f400, Value: [Vertex(1, 1, 3)]
Key: com.catan.model.RoundedPoint2D@263280, Value: [Vertex(1, 1, 0)]
Key: com.catan.model.RoundedPoint2D@1b9271, Value: [Vertex(0, -2, 3)]
Key: com.catan.model.RoundedPoint2D@1bf031, Value: [Vertex(0, -1, 5), Vertex(0, 0, 3)]
Key: com.catan.model.RoundedPoint2D@1bd0f1, Value: [Vertex(0, -1, 4), Vertex(0, -2, 0)]
Key: com.catan.model.RoundedPoint2D@1c4df1, Value: [Vertex(0, 1, 5)]
Key: com.catan.model.RoundedPoint2D@1c2eb1, Value: [Vertex(0, 0, 0), Vertex(0, 1, 4)]
Key: com.catan.model.RoundedPoint2D@22dbd1, Value: [Vertex(1, 1, 5), Vertex(0, 1, 1)]
Key: com.catan.model.RoundedPoint2D@22bc91, Value: [Vertex(1, 1, 4), Vertex(0, 1, 2)]
Key: com.catan.model.RoundedPoint2D@225ed1, Value: [Vertex(0, -1, 2)]
Key: com.catan.model.RoundedPoint2D@227e11, Value: [Vertex(0, -1, 1)]
Key: com.catan.model.RoundedPoint2D@11ec62, Value: [Vertex(-1, -2, 5)]
Key: com.catan.model.RoundedPoint2D@11cd22, Value: [Vertex(-1, -2, 4)]
Key: com.catan.model.RoundedPoint2D@294a90, Value: [Vertex(1, 1, 2)]
Key: com.catan.model.RoundedPoint2D@2969d0, Value: [Vertex(1, 1, 1)]
Key: com.catan.model.RoundedPoint2D@18d821, Value: [Vertex(0, 0, 5)]
Key: com.catan.model.RoundedPoint2D@18b8e1, Value: [Vertex(0, 0, 4)]
Key: com.catan.model.RoundedPoint2D@185b21, Value: [Vertex(-1, -2, 2), Vertex(0, -2, 4)]
Key: com.catan.model.RoundedPoint2D@187a61, Value: [Vertex(-1, -2, 1), Vertex(0, -2, 5)]
Key: com.catan.model.RoundedPoint2D@150491, Value: [Vertex(-1, -2, 3)]
Key: com.catan.model.RoundedPoint2D@154311, Value: [Vertex(-1, -2, 0)]
Key: com.catan.model.RoundedPoint2D@1fa481, Value: [Vertex(0, 1, 0)]
Key: com.catan.model.RoundedPoint2D@1f6601, Value: [Vertex(0, 0, 1), Vertex(0, 1, 3)]
Key: com.catan.model.RoundedPoint2D@1f0841, Value: [Vertex(0, -1, 3), Vertex(0, -2, 1)]
Key: com.catan.model.RoundedPoint2D@1f46c1, Value: [Vertex(0, -1, 0), Vertex(0, 0, 2)]
Key: com.catan.model.RoundedPoint2D@1ee901, Value: [Vertex(0, -2, 2)]
Key: com.catan.model.RoundedPoint2D@25f400, Value: [Vertex(1, 1, 3)]
Key: com.catan.model.RoundedPoint2D@263280, Value: [Vertex(1, 1, 0)]
Key: com.catan.model.RoundedPoint2D@1b9271, Value: [Vertex(0, -2, 3)]
Key: com.catan.model.RoundedPoint2D@1bf031, Value: [Vertex(0, -1, 5), Vertex(0, 0, 3)]
Key: com.catan.model.RoundedPoint2D@1bd0f1, Value: [Vertex(0, -1, 4), Vertex(0, -2, 0)]
Key: com.catan.model.RoundedPoint2D@1c4df1, Value: [Vertex(0, 1, 5)]
Key: com.catan.model.RoundedPoint2D@1c2eb1, Value: [Vertex(0, 0, 0), Vertex(0, 1, 4)]
Key: com.catan.model.RoundedPoint2D@231a51, Value: [Vertex(1, 2, 0)]
Key: com.catan.model.RoundedPoint2D@22dbd1, Value: [Vertex(1, 1, 5), Vertex(0, 1, 1)]
Key: com.catan.model.RoundedPoint2D@22bc91, Value: [Vertex(1, 1, 4), Vertex(0, 1, 2)]
Key: com.catan.model.RoundedPoint2D@225ed1, Value: [Vertex(0, -1, 2)]
Key: com.catan.model.RoundedPoint2D@227e11, Value: [Vertex(0, -1, 1)]
Key: com.catan.model.RoundedPoint2D@11ec62, Value: [Vertex(-1, -2, 5)]
Key: com.catan.model.RoundedPoint2D@11cd22, Value: [Vertex(-1, -2, 4)]
Key: com.catan.model.RoundedPoint2D@294a90, Value: [Vertex(1, 1, 2)]
Key: com.catan.model.RoundedPoint2D@2969d0, Value: [Vertex(1, 1, 1)]
Key: com.catan.model.RoundedPoint2D@18d821, Value: [Vertex(0, 0, 5)]
Key: com.catan.model.RoundedPoint2D@18b8e1, Value: [Vertex(0, 0, 4)]
Key: com.catan.model.RoundedPoint2D@185b21, Value: [Vertex(-1, -2, 2), Vertex(0, -2, 4)]
Key: com.catan.model.RoundedPoint2D@187a61, Value: [Vertex(-1, -2, 1), Vertex(0, -2, 5)]
Key: com.catan.model.RoundedPoint2D@150491, Value: [Vertex(-1, -2, 3)]
Key: com.catan.model.RoundedPoint2D@154311, Value: [Vertex(-1, -2, 0)]
Key: com.catan.model.RoundedPoint2D@1fa481, Value: [Vertex(0, 1, 0)]
Key: com.catan.model.RoundedPoint2D@1f6601, Value: [Vertex(0, 0, 1), Vertex(0, 1, 3)]
Key: com.catan.model.RoundedPoint2D@1f0841, Value: [Vertex(0, -1, 3), Vertex(0, -2, 1)]
Key: com.catan.model.RoundedPoint2D@1f46c1, Value: [Vertex(0, -1, 0), Vertex(0, 0, 2)]
Key: com.catan.model.RoundedPoint2D@1ee901, Value: [Vertex(0, -2, 2)]
Key: com.catan.model.RoundedPoint2D@25f400, Value: [Vertex(1, 1, 3)]
Key: com.catan.model.RoundedPoint2D@2651c0, Value: [Vertex(1, 2, 1)]
Key: com.catan.model.RoundedPoint2D@263280, Value: [Vertex(1, 1, 0)]
Key: com.catan.model.RoundedPoint2D@1b9271, Value: [Vertex(0, -2, 3)]
Key: com.catan.model.RoundedPoint2D@1bf031, Value: [Vertex(0, -1, 5), Vertex(0, 0, 3)]
Key: com.catan.model.RoundedPoint2D@1bd0f1, Value: [Vertex(0, -1, 4), Vertex(0, -2, 0)]
Key: com.catan.model.RoundedPoint2D@1c4df1, Value: [Vertex(0, 1, 5)]
Key: com.catan.model.RoundedPoint2D@1c2eb1, Value: [Vertex(0, 0, 0), Vertex(0, 1, 4)]
Key: com.catan.model.RoundedPoint2D@231a51, Value: [Vertex(1, 2, 0)]
Key: com.catan.model.RoundedPoint2D@22dbd1, Value: [Vertex(1, 1, 5), Vertex(0, 1, 1)]
Key: com.catan.model.RoundedPoint2D@22bc91, Value: [Vertex(1, 1, 4), Vertex(0, 1, 2)]
Key: com.catan.model.RoundedPoint2D@225ed1, Value: [Vertex(0, -1, 2)]
Key: com.catan.model.RoundedPoint2D@227e11, Value: [Vertex(0, -1, 1)]
Key: com.catan.model.RoundedPoint2D@11ec62, Value: [Vertex(-1, -2, 5)]
Key: com.catan.model.RoundedPoint2D@11cd22, Value: [Vertex(-1, -2, 4)]
Key: com.catan.model.RoundedPoint2D@294a90, Value: [Vertex(1, 1, 2)]
Key: com.catan.model.RoundedPoint2D@2969d0, Value: [Vertex(1, 1, 1)]
Key: com.catan.model.RoundedPoint2D@18d821, Value: [Vertex(0, 0, 5)]
Key: com.catan.model.RoundedPoint2D@18b8e1, Value: [Vertex(0, 0, 4)]
Key: com.catan.model.RoundedPoint2D@185b21, Value: [Vertex(-1, -2, 2), Vertex(0, -2, 4)]
Key: com.catan.model.RoundedPoint2D@187a61, Value: [Vertex(-1, -2, 1), Vertex(0, -2, 5)]
Key: com.catan.model.RoundedPoint2D@150491, Value: [Vertex(-1, -2, 3)]
Key: com.catan.model.RoundedPoint2D@154311, Value: [Vertex(-1, -2, 0)]
Key: com.catan.model.RoundedPoint2D@1fa481, Value: [Vertex(0, 1, 0)]
Key: com.catan.model.RoundedPoint2D@1f6601, Value: [Vertex(0, 0, 1), Vertex(0, 1, 3)]
Key: com.catan.model.RoundedPoint2D@1f0841, Value: [Vertex(0, -1, 3), Vertex(0, -2, 1)]
Key: com.catan.model.RoundedPoint2D@1f46c1, Value: [Vertex(0, -1, 0), Vertex(0, 0, 2)]
Key: com.catan.model.RoundedPoint2D@1ee901, Value: [Vertex(0, -2, 2)]
Key: com.catan.model.RoundedPoint2D@25f400, Value: [Vertex(1, 1, 3)]
Key: com.catan.model.RoundedPoint2D@2651c0, Value: [Vertex(1, 2, 1)]
Key: com.catan.model.RoundedPoint2D@263280, Value: [Vertex(1, 1, 0), Vertex(1, 2, 2)]
Key: com.catan.model.RoundedPoint2D@1b9271, Value: [Vertex(0, -2, 3)]
Key: com.catan.model.RoundedPoint2D@1bf031, Value: [Vertex(0, -1, 5), Vertex(0, 0, 3)]
Key: com.catan.model.RoundedPoint2D@1bd0f1, Value: [Vertex(0, -1, 4), Vertex(0, -2, 0)]
Key: com.catan.model.RoundedPoint2D@1c4df1, Value: [Vertex(0, 1, 5)]
Key: com.catan.model.RoundedPoint2D@1c2eb1, Value: [Vertex(0, 0, 0), Vertex(0, 1, 4)]
Key: com.catan.model.RoundedPoint2D@231a51, Value: [Vertex(1, 2, 0)]
Key: com.catan.model.RoundedPoint2D@22dbd1, Value: [Vertex(1, 1, 5), Vertex(0, 1, 1)]
Key: com.catan.model.RoundedPoint2D@22bc91, Value: [Vertex(1, 1, 4), Vertex(0, 1, 2)]
Key: com.catan.model.RoundedPoint2D@225ed1, Value: [Vertex(0, -1, 2)]
Key: com.catan.model.RoundedPoint2D@227e11, Value: [Vertex(0, -1, 1)]
Key: com.catan.model.RoundedPoint2D@11ec62, Value: [Vertex(-1, -2, 5)]
Key: com.catan.model.RoundedPoint2D@11cd22, Value: [Vertex(-1, -2, 4)]
Key: com.catan.model.RoundedPoint2D@294a90, Value: [Vertex(1, 1, 2)]
Key: com.catan.model.RoundedPoint2D@2969d0, Value: [Vertex(1, 1, 1)]
Key: com.catan.model.RoundedPoint2D@18d821, Value: [Vertex(0, 0, 5)]
Key: com.catan.model.RoundedPoint2D@18b8e1, Value: [Vertex(0, 0, 4)]
Key: com.catan.model.RoundedPoint2D@185b21, Value: [Vertex(-1, -2, 2), Vertex(0, -2, 4)]
Key: com.catan.model.RoundedPoint2D@187a61, Value: [Vertex(-1, -2, 1), Vertex(0, -2, 5)]
Key: com.catan.model.RoundedPoint2D@150491, Value: [Vertex(-1, -2, 3)]
Key: com.catan.model.RoundedPoint2D@154311, Value: [Vertex(-1, -2, 0)]
Key: com.catan.model.RoundedPoint2D@1fa481, Value: [Vertex(0, 1, 0)]
Key: com.catan.model.RoundedPoint2D@1f6601, Value: [Vertex(0, 0, 1), Vertex(0, 1, 3)]
Key: com.catan.model.RoundedPoint2D@1f0841, Value: [Vertex(0, -1, 3), Vertex(0, -2, 1)]
Key: com.catan.model.RoundedPoint2D@1f46c1, Value: [Vertex(0, -1, 0), Vertex(0, 0, 2)]
Key: com.catan.model.RoundedPoint2D@1ee901, Value: [Vertex(0, -2, 2)]
Key: com.catan.model.RoundedPoint2D@25f400, Value: [Vertex(1, 1, 3)]
Key: com.catan.model.RoundedPoint2D@2651c0, Value: [Vertex(1, 2, 1)]
Key: com.catan.model.RoundedPoint2D@263280, Value: [Vertex(1, 1, 0), Vertex(1, 2, 2)]
Key: com.catan.model.RoundedPoint2D@1b9271, Value: [Vertex(0, -2, 3)]
Key: com.catan.model.RoundedPoint2D@1bf031, Value: [Vertex(0, -1, 5), Vertex(0, 0, 3)]
Key: com.catan.model.RoundedPoint2D@1bd0f1, Value: [Vertex(0, -1, 4), Vertex(0, -2, 0)]
Key: com.catan.model.RoundedPoint2D@1c4df1, Value: [Vertex(0, 1, 5)]
Key: com.catan.model.RoundedPoint2D@1c2eb1, Value: [Vertex(0, 0, 0), Vertex(0, 1, 4)]
Key: com.catan.model.RoundedPoint2D@231a51, Value: [Vertex(1, 2, 0)]
Key: com.catan.model.RoundedPoint2D@22dbd1, Value: [Vertex(1, 1, 5), Vertex(0, 1, 1), Vertex(1, 2, 3)]
Key: com.catan.model.RoundedPoint2D@22bc91, Value: [Vertex(1, 1, 4), Vertex(0, 1, 2)]
Key: com.catan.model.RoundedPoint2D@225ed1, Value: [Vertex(0, -1, 2)]
Key: com.catan.model.RoundedPoint2D@227e11, Value: [Vertex(0, -1, 1)]
Key: com.catan.model.RoundedPoint2D@11ec62, Value: [Vertex(-1, -2, 5)]
Key: com.catan.model.RoundedPoint2D@11cd22, Value: [Vertex(-1, -2, 4)]
Key: com.catan.model.RoundedPoint2D@294a90, Value: [Vertex(1, 1, 2)]
Key: com.catan.model.RoundedPoint2D@2969d0, Value: [Vertex(1, 1, 1)]
Key: com.catan.model.RoundedPoint2D@18d821, Value: [Vertex(0, 0, 5)]
Key: com.catan.model.RoundedPoint2D@18b8e1, Value: [Vertex(0, 0, 4)]
Key: com.catan.model.RoundedPoint2D@185b21, Value: [Vertex(-1, -2, 2), Vertex(0, -2, 4)]
Key: com.catan.model.RoundedPoint2D@187a61, Value: [Vertex(-1, -2, 1), Vertex(0, -2, 5)]
Key: com.catan.model.RoundedPoint2D@150491, Value: [Vertex(-1, -2, 3)]
Key: com.catan.model.RoundedPoint2D@154311, Value: [Vertex(-1, -2, 0)]
Key: com.catan.model.RoundedPoint2D@1fa481, Value: [Vertex(0, 1, 0), Vertex(1, 2, 4)]
Key: com.catan.model.RoundedPoint2D@1f6601, Value: [Vertex(0, 0, 1), Vertex(0, 1, 3)]
Key: com.catan.model.RoundedPoint2D@1f0841, Value: [Vertex(0, -1, 3), Vertex(0, -2, 1)]
Key: com.catan.model.RoundedPoint2D@1f46c1, Value: [Vertex(0, -1, 0), Vertex(0, 0, 2)]
Key: com.catan.model.RoundedPoint2D@1ee901, Value: [Vertex(0, -2, 2)]
Key: com.catan.model.RoundedPoint2D@25f400, Value: [Vertex(1, 1, 3)]
Key: com.catan.model.RoundedPoint2D@2651c0, Value: [Vertex(1, 2, 1)]
Key: com.catan.model.RoundedPoint2D@263280, Value: [Vertex(1, 1, 0), Vertex(1, 2, 2)]
Key: com.catan.model.RoundedPoint2D@1b9271, Value: [Vertex(0, -2, 3)]
Key: com.catan.model.RoundedPoint2D@1bf031, Value: [Vertex(0, -1, 5), Vertex(0, 0, 3)]
Key: com.catan.model.RoundedPoint2D@1bd0f1, Value: [Vertex(0, -1, 4), Vertex(0, -2, 0)]
Key: com.catan.model.RoundedPoint2D@1c4df1, Value: [Vertex(0, 1, 5)]
Key: com.catan.model.RoundedPoint2D@1c2eb1, Value: [Vertex(0, 0, 0), Vertex(0, 1, 4)]
Key: com.catan.model.RoundedPoint2D@231a51, Value: [Vertex(1, 2, 0)]
Key: com.catan.model.RoundedPoint2D@22dbd1, Value: [Vertex(1, 1, 5), Vertex(0, 1, 1), Vertex(1, 2, 3)]
Key: com.catan.model.RoundedPoint2D@22bc91, Value: [Vertex(1, 1, 4), Vertex(0, 1, 2)]
Key: com.catan.model.RoundedPoint2D@225ed1, Value: [Vertex(0, -1, 2)]
Key: com.catan.model.RoundedPoint2D@227e11, Value: [Vertex(0, -1, 1)]
Key: com.catan.model.RoundedPoint2D@11ec62, Value: [Vertex(-1, -2, 5)]
Key: com.catan.model.RoundedPoint2D@11cd22, Value: [Vertex(-1, -2, 4)]
Key: com.catan.model.RoundedPoint2D@294a90, Value: [Vertex(1, 1, 2)]
Key: com.catan.model.RoundedPoint2D@2969d0, Value: [Vertex(1, 1, 1)]
Key: com.catan.model.RoundedPoint2D@18d821, Value: [Vertex(0, 0, 5)]
Key: com.catan.model.RoundedPoint2D@18b8e1, Value: [Vertex(0, 0, 4)]
Key: com.catan.model.RoundedPoint2D@185b21, Value: [Vertex(-1, -2, 2), Vertex(0, -2, 4)]
Key: com.catan.model.RoundedPoint2D@187a61, Value: [Vertex(-1, -2, 1), Vertex(0, -2, 5)]
Key: com.catan.model.RoundedPoint2D@150491, Value: [Vertex(-1, -2, 3)]
Key: com.catan.model.RoundedPoint2D@154311, Value: [Vertex(-1, -2, 0)]
Key: com.catan.model.RoundedPoint2D@1fc3c1, Value: [Vertex(1, 2, 5)]
Key: com.catan.model.RoundedPoint2D@1fa481, Value: [Vertex(0, 1, 0), Vertex(1, 2, 4)]
Key: com.catan.model.RoundedPoint2D@1f6601, Value: [Vertex(0, 0, 1), Vertex(0, 1, 3)]
Key: com.catan.model.RoundedPoint2D@1f0841, Value: [Vertex(0, -1, 3), Vertex(0, -2, 1)]
Key: com.catan.model.RoundedPoint2D@1f46c1, Value: [Vertex(0, -1, 0), Vertex(0, 0, 2)]
Key: com.catan.model.RoundedPoint2D@1ee901, Value: [Vertex(0, -2, 2)]
Key: com.catan.model.RoundedPoint2D@25f400, Value: [Vertex(1, 1, 3)]
Key: com.catan.model.RoundedPoint2D@2651c0, Value: [Vertex(1, 2, 1)]
Key: com.catan.model.RoundedPoint2D@263280, Value: [Vertex(1, 1, 0), Vertex(1, 2, 2)]
Key: com.catan.model.RoundedPoint2D@1b9271, Value: [Vertex(0, -2, 3)]
Key: com.catan.model.RoundedPoint2D@1bf031, Value: [Vertex(0, -1, 5), Vertex(0, 0, 3)]
Key: com.catan.model.RoundedPoint2D@1bd0f1, Value: [Vertex(0, -1, 4), Vertex(0, -2, 0)]
Key: com.catan.model.RoundedPoint2D@1c4df1, Value: [Vertex(0, 1, 5)]
Key: com.catan.model.RoundedPoint2D@1c2eb1, Value: [Vertex(0, 0, 0), Vertex(0, 1, 4)]
Key: com.catan.model.RoundedPoint2D@231a51, Value: [Vertex(1, 2, 0)]
Key: com.catan.model.RoundedPoint2D@22dbd1, Value: [Vertex(1, 1, 5), Vertex(0, 1, 1), Vertex(1, 2, 3)]
Key: com.catan.model.RoundedPoint2D@22bc91, Value: [Vertex(1, 1, 4), Vertex(0, 1, 2)]
Key: com.catan.model.RoundedPoint2D@225ed1, Value: [Vertex(0, -1, 2)]
Key: com.catan.model.RoundedPoint2D@227e11, Value: [Vertex(0, -1, 1)]
Key: com.catan.model.RoundedPoint2D@11ec62, Value: [Vertex(-1, -2, 5)]
Key: com.catan.model.RoundedPoint2D@11cd22, Value: [Vertex(-1, -2, 4)]
Key: com.catan.model.RoundedPoint2D@294a90, Value: [Vertex(1, 1, 2)]
Key: com.catan.model.RoundedPoint2D@2969d0, Value: [Vertex(1, 1, 1)]
Key: com.catan.model.RoundedPoint2D@18d821, Value: [Vertex(0, 0, 5)]
Key: com.catan.model.RoundedPoint2D@18b8e1, Value: [Vertex(0, 0, 4)]
Key: com.catan.model.RoundedPoint2D@185b21, Value: [Vertex(-1, -2, 2), Vertex(0, -2, 4)]
Key: com.catan.model.RoundedPoint2D@187a61, Value: [Vertex(-1, -2, 1), Vertex(0, -2, 5)]
Key: com.catan.model.RoundedPoint2D@150491, Value: [Vertex(-1, -2, 3)]
Key: com.catan.model.RoundedPoint2D@154311, Value: [Vertex(-1, -2, 0)]
Key: com.catan.model.RoundedPoint2D@1fc3c1, Value: [Vertex(1, 2, 5)]
Key: com.catan.model.RoundedPoint2D@1fa481, Value: [Vertex(0, 1, 0), Vertex(1, 2, 4)]
Key: com.catan.model.RoundedPoint2D@1f6601, Value: [Vertex(0, 0, 1), Vertex(0, 1, 3)]
Key: com.catan.model.RoundedPoint2D@1f0841, Value: [Vertex(0, -1, 3), Vertex(0, -2, 1)]
Key: com.catan.model.RoundedPoint2D@1f46c1, Value: [Vertex(0, -1, 0), Vertex(0, 0, 2)]
Key: com.catan.model.RoundedPoint2D@1ee901, Value: [Vertex(0, -2, 2)]
Key: com.catan.model.RoundedPoint2D@25f400, Value: [Vertex(1, 1, 3)]
Key: com.catan.model.RoundedPoint2D@2651c0, Value: [Vertex(1, 2, 1)]
Key: com.catan.model.RoundedPoint2D@263280, Value: [Vertex(1, 1, 0), Vertex(1, 2, 2)]
Key: com.catan.model.RoundedPoint2D@1b9271, Value: [Vertex(0, -2, 3)]
Key: com.catan.model.RoundedPoint2D@1bf031, Value: [Vertex(0, -1, 5), Vertex(0, 0, 3)]
Key: com.catan.model.RoundedPoint2D@1bd0f1, Value: [Vertex(0, -1, 4), Vertex(0, -2, 0)]
Key: com.catan.model.RoundedPoint2D@1c8c71, Value: [Vertex(0, 2, 0)]
Key: com.catan.model.RoundedPoint2D@1c4df1, Value: [Vertex(0, 1, 5)]
Key: com.catan.model.RoundedPoint2D@1c2eb1, Value: [Vertex(0, 0, 0), Vertex(0, 1, 4)]
Key: com.catan.model.RoundedPoint2D@231a51, Value: [Vertex(1, 2, 0)]
Key: com.catan.model.RoundedPoint2D@22dbd1, Value: [Vertex(1, 1, 5), Vertex(0, 1, 1), Vertex(1, 2, 3)]
Key: com.catan.model.RoundedPoint2D@22bc91, Value: [Vertex(1, 1, 4), Vertex(0, 1, 2)]
Key: com.catan.model.RoundedPoint2D@225ed1, Value: [Vertex(0, -1, 2)]
Key: com.catan.model.RoundedPoint2D@227e11, Value: [Vertex(0, -1, 1)]
Key: com.catan.model.RoundedPoint2D@11ec62, Value: [Vertex(-1, -2, 5)]
Key: com.catan.model.RoundedPoint2D@11cd22, Value: [Vertex(-1, -2, 4)]
Key: com.catan.model.RoundedPoint2D@294a90, Value: [Vertex(1, 1, 2)]
Key: com.catan.model.RoundedPoint2D@2969d0, Value: [Vertex(1, 1, 1)]
Key: com.catan.model.RoundedPoint2D@18d821, Value: [Vertex(0, 0, 5)]
Key: com.catan.model.RoundedPoint2D@18b8e1, Value: [Vertex(0, 0, 4)]
Key: com.catan.model.RoundedPoint2D@185b21, Value: [Vertex(-1, -2, 2), Vertex(0, -2, 4)]
Key: com.catan.model.RoundedPoint2D@187a61, Value: [Vertex(-1, -2, 1), Vertex(0, -2, 5)]
Key: com.catan.model.RoundedPoint2D@150491, Value: [Vertex(-1, -2, 3)]
Key: com.catan.model.RoundedPoint2D@154311, Value: [Vertex(-1, -2, 0)]
Key: com.catan.model.RoundedPoint2D@1fc3c1, Value: [Vertex(1, 2, 5), Vertex(0, 2, 1)]
Key: com.catan.model.RoundedPoint2D@1fa481, Value: [Vertex(0, 1, 0), Vertex(1, 2, 4)]
Key: com.catan.model.RoundedPoint2D@1f6601, Value: [Vertex(0, 0, 1), Vertex(0, 1, 3)]
Key: com.catan.model.RoundedPoint2D@1f0841, Value: [Vertex(0, -1, 3), Vertex(0, -2, 1)]
Key: com.catan.model.RoundedPoint2D@1f46c1, Value: [Vertex(0, -1, 0), Vertex(0, 0, 2)]
Key: com.catan.model.RoundedPoint2D@1ee901, Value: [Vertex(0, -2, 2)]
Key: com.catan.model.RoundedPoint2D@25f400, Value: [Vertex(1, 1, 3)]
Key: com.catan.model.RoundedPoint2D@2651c0, Value: [Vertex(1, 2, 1)]
Key: com.catan.model.RoundedPoint2D@263280, Value: [Vertex(1, 1, 0), Vertex(1, 2, 2)]
Key: com.catan.model.RoundedPoint2D@1b9271, Value: [Vertex(0, -2, 3)]
Key: com.catan.model.RoundedPoint2D@1bf031, Value: [Vertex(0, -1, 5), Vertex(0, 0, 3)]
Key: com.catan.model.RoundedPoint2D@1bd0f1, Value: [Vertex(0, -1, 4), Vertex(0, -2, 0)]
Key: com.catan.model.RoundedPoint2D@1c8c71, Value: [Vertex(0, 2, 0)]
Key: com.catan.model.RoundedPoint2D@1c4df1, Value: [Vertex(0, 1, 5)]
Key: com.catan.model.RoundedPoint2D@1c2eb1, Value: [Vertex(0, 0, 0), Vertex(0, 1, 4)]
Key: com.catan.model.RoundedPoint2D@231a51, Value: [Vertex(1, 2, 0)]
Key: com.catan.model.RoundedPoint2D@22dbd1, Value: [Vertex(1, 1, 5), Vertex(0, 1, 1), Vertex(1, 2, 3)]
Key: com.catan.model.RoundedPoint2D@22bc91, Value: [Vertex(1, 1, 4), Vertex(0, 1, 2)]
Key: com.catan.model.RoundedPoint2D@225ed1, Value: [Vertex(0, -1, 2)]
Key: com.catan.model.RoundedPoint2D@227e11, Value: [Vertex(0, -1, 1)]
Key: com.catan.model.RoundedPoint2D@11ec62, Value: [Vertex(-1, -2, 5)]
Key: com.catan.model.RoundedPoint2D@11cd22, Value: [Vertex(-1, -2, 4)]
Key: com.catan.model.RoundedPoint2D@294a90, Value: [Vertex(1, 1, 2)]
Key: com.catan.model.RoundedPoint2D@2969d0, Value: [Vertex(1, 1, 1)]
Key: com.catan.model.RoundedPoint2D@18d821, Value: [Vertex(0, 0, 5)]
Key: com.catan.model.RoundedPoint2D@18b8e1, Value: [Vertex(0, 0, 4)]
Key: com.catan.model.RoundedPoint2D@185b21, Value: [Vertex(-1, -2, 2), Vertex(0, -2, 4)]
Key: com.catan.model.RoundedPoint2D@187a61, Value: [Vertex(-1, -2, 1), Vertex(0, -2, 5)]
Key: com.catan.model.RoundedPoint2D@150491, Value: [Vertex(-1, -2, 3)]
Key: com.catan.model.RoundedPoint2D@154311, Value: [Vertex(-1, -2, 0)]
Key: com.catan.model.RoundedPoint2D@1fc3c1, Value: [Vertex(1, 2, 5), Vertex(0, 2, 1)]
Key: com.catan.model.RoundedPoint2D@1fa481, Value: [Vertex(0, 1, 0), Vertex(1, 2, 4), Vertex(0, 2, 2)]
Key: com.catan.model.RoundedPoint2D@1f6601, Value: [Vertex(0, 0, 1), Vertex(0, 1, 3)]
Key: com.catan.model.RoundedPoint2D@1f0841, Value: [Vertex(0, -1, 3), Vertex(0, -2, 1)]
Key: com.catan.model.RoundedPoint2D@1f46c1, Value: [Vertex(0, -1, 0), Vertex(0, 0, 2)]
Key: com.catan.model.RoundedPoint2D@1ee901, Value: [Vertex(0, -2, 2)]
Key: com.catan.model.RoundedPoint2D@25f400, Value: [Vertex(1, 1, 3)]
Key: com.catan.model.RoundedPoint2D@2651c0, Value: [Vertex(1, 2, 1)]
Key: com.catan.model.RoundedPoint2D@263280, Value: [Vertex(1, 1, 0), Vertex(1, 2, 2)]
Key: com.catan.model.RoundedPoint2D@1b9271, Value: [Vertex(0, -2, 3)]
Key: com.catan.model.RoundedPoint2D@1bf031, Value: [Vertex(0, -1, 5), Vertex(0, 0, 3)]
Key: com.catan.model.RoundedPoint2D@1bd0f1, Value: [Vertex(0, -1, 4), Vertex(0, -2, 0)]
Key: com.catan.model.RoundedPoint2D@1c8c71, Value: [Vertex(0, 2, 0)]
Key: com.catan.model.RoundedPoint2D@1c4df1, Value: [Vertex(0, 1, 5)]
Key: com.catan.model.RoundedPoint2D@1c2eb1, Value: [Vertex(0, 0, 0), Vertex(0, 1, 4)]
Key: com.catan.model.RoundedPoint2D@231a51, Value: [Vertex(1, 2, 0)]
Key: com.catan.model.RoundedPoint2D@22dbd1, Value: [Vertex(1, 1, 5), Vertex(0, 1, 1), Vertex(1, 2, 3)]
Key: com.catan.model.RoundedPoint2D@22bc91, Value: [Vertex(1, 1, 4), Vertex(0, 1, 2)]
Key: com.catan.model.RoundedPoint2D@225ed1, Value: [Vertex(0, -1, 2)]
Key: com.catan.model.RoundedPoint2D@227e11, Value: [Vertex(0, -1, 1)]
Key: com.catan.model.RoundedPoint2D@11ec62, Value: [Vertex(-1, -2, 5)]
Key: com.catan.model.RoundedPoint2D@11cd22, Value: [Vertex(-1, -2, 4)]
Key: com.catan.model.RoundedPoint2D@294a90, Value: [Vertex(1, 1, 2)]
Key: com.catan.model.RoundedPoint2D@2969d0, Value: [Vertex(1, 1, 1)]
Key: com.catan.model.RoundedPoint2D@18d821, Value: [Vertex(0, 0, 5)]
Key: com.catan.model.RoundedPoint2D@18b8e1, Value: [Vertex(0, 0, 4)]
Key: com.catan.model.RoundedPoint2D@185b21, Value: [Vertex(-1, -2, 2), Vertex(0, -2, 4)]
Key: com.catan.model.RoundedPoint2D@187a61, Value: [Vertex(-1, -2, 1), Vertex(0, -2, 5)]
Key: com.catan.model.RoundedPoint2D@150491, Value: [Vertex(-1, -2, 3)]
Key: com.catan.model.RoundedPoint2D@154311, Value: [Vertex(-1, -2, 0)]
Key: com.catan.model.RoundedPoint2D@1fc3c1, Value: [Vertex(1, 2, 5), Vertex(0, 2, 1)]
Key: com.catan.model.RoundedPoint2D@1fa481, Value: [Vertex(0, 1, 0), Vertex(1, 2, 4), Vertex(0, 2, 2)]
Key: com.catan.model.RoundedPoint2D@1f6601, Value: [Vertex(0, 0, 1), Vertex(0, 1, 3)]
Key: com.catan.model.RoundedPoint2D@1f0841, Value: [Vertex(0, -1, 3), Vertex(0, -2, 1)]
Key: com.catan.model.RoundedPoint2D@1f46c1, Value: [Vertex(0, -1, 0), Vertex(0, 0, 2)]
Key: com.catan.model.RoundedPoint2D@1ee901, Value: [Vertex(0, -2, 2)]
Key: com.catan.model.RoundedPoint2D@25f400, Value: [Vertex(1, 1, 3)]
Key: com.catan.model.RoundedPoint2D@2651c0, Value: [Vertex(1, 2, 1)]
Key: com.catan.model.RoundedPoint2D@263280, Value: [Vertex(1, 1, 0), Vertex(1, 2, 2)]
Key: com.catan.model.RoundedPoint2D@1b9271, Value: [Vertex(0, -2, 3)]
Key: com.catan.model.RoundedPoint2D@1bf031, Value: [Vertex(0, -1, 5), Vertex(0, 0, 3)]
Key: com.catan.model.RoundedPoint2D@1bd0f1, Value: [Vertex(0, -1, 4), Vertex(0, -2, 0)]
Key: com.catan.model.RoundedPoint2D@1c8c71, Value: [Vertex(0, 2, 0)]
Key: com.catan.model.RoundedPoint2D@1c4df1, Value: [Vertex(0, 1, 5), Vertex(0, 2, 3)]
Key: com.catan.model.RoundedPoint2D@1c2eb1, Value: [Vertex(0, 0, 0), Vertex(0, 1, 4)]
Key: com.catan.model.RoundedPoint2D@231a51, Value: [Vertex(1, 2, 0)]
Key: com.catan.model.RoundedPoint2D@22dbd1, Value: [Vertex(1, 1, 5), Vertex(0, 1, 1), Vertex(1, 2, 3)]
Key: com.catan.model.RoundedPoint2D@22bc91, Value: [Vertex(1, 1, 4), Vertex(0, 1, 2)]
Key: com.catan.model.RoundedPoint2D@225ed1, Value: [Vertex(0, -1, 2)]
Key: com.catan.model.RoundedPoint2D@227e11, Value: [Vertex(0, -1, 1)]
Key: com.catan.model.RoundedPoint2D@11ec62, Value: [Vertex(-1, -2, 5)]
Key: com.catan.model.RoundedPoint2D@11cd22, Value: [Vertex(-1, -2, 4)]
Key: com.catan.model.RoundedPoint2D@294a90, Value: [Vertex(1, 1, 2)]
Key: com.catan.model.RoundedPoint2D@2969d0, Value: [Vertex(1, 1, 1)]
Key: com.catan.model.RoundedPoint2D@18d821, Value: [Vertex(0, 0, 5)]
Key: com.catan.model.RoundedPoint2D@18b8e1, Value: [Vertex(0, 0, 4)]
Key: com.catan.model.RoundedPoint2D@185b21, Value: [Vertex(-1, -2, 2), Vertex(0, -2, 4)]
Key: com.catan.model.RoundedPoint2D@187a61, Value: [Vertex(-1, -2, 1), Vertex(0, -2, 5)]
Key: com.catan.model.RoundedPoint2D@150491, Value: [Vertex(-1, -2, 3)]
Key: com.catan.model.RoundedPoint2D@154311, Value: [Vertex(-1, -2, 0)]
Key: com.catan.model.RoundedPoint2D@1fc3c1, Value: [Vertex(1, 2, 5), Vertex(0, 2, 1)]
Key: com.catan.model.RoundedPoint2D@1fa481, Value: [Vertex(0, 1, 0), Vertex(1, 2, 4), Vertex(0, 2, 2)]
Key: com.catan.model.RoundedPoint2D@1f6601, Value: [Vertex(0, 0, 1), Vertex(0, 1, 3)]
Key: com.catan.model.RoundedPoint2D@1f0841, Value: [Vertex(0, -1, 3), Vertex(0, -2, 1)]
Key: com.catan.model.RoundedPoint2D@1f46c1, Value: [Vertex(0, -1, 0), Vertex(0, 0, 2)]
Key: com.catan.model.RoundedPoint2D@1ee901, Value: [Vertex(0, -2, 2)]
Key: com.catan.model.RoundedPoint2D@25f400, Value: [Vertex(1, 1, 3)]
Key: com.catan.model.RoundedPoint2D@2651c0, Value: [Vertex(1, 2, 1)]
Key: com.catan.model.RoundedPoint2D@263280, Value: [Vertex(1, 1, 0), Vertex(1, 2, 2)]
Key: com.catan.model.RoundedPoint2D@1b9271, Value: [Vertex(0, -2, 3)]
Key: com.catan.model.RoundedPoint2D@1bf031, Value: [Vertex(0, -1, 5), Vertex(0, 0, 3)]
Key: com.catan.model.RoundedPoint2D@1bd0f1, Value: [Vertex(0, -1, 4), Vertex(0, -2, 0)]
Key: com.catan.model.RoundedPoint2D@1c8c71, Value: [Vertex(0, 2, 0)]
Key: com.catan.model.RoundedPoint2D@1c4df1, Value: [Vertex(0, 1, 5), Vertex(0, 2, 3)]
Key: com.catan.model.RoundedPoint2D@1c2eb1, Value: [Vertex(0, 0, 0), Vertex(0, 1, 4)]
Key: com.catan.model.RoundedPoint2D@231a51, Value: [Vertex(1, 2, 0)]
Key: com.catan.model.RoundedPoint2D@22dbd1, Value: [Vertex(1, 1, 5), Vertex(0, 1, 1), Vertex(1, 2, 3)]
Key: com.catan.model.RoundedPoint2D@22bc91, Value: [Vertex(1, 1, 4), Vertex(0, 1, 2)]
Key: com.catan.model.RoundedPoint2D@225ed1, Value: [Vertex(0, -1, 2)]
Key: com.catan.model.RoundedPoint2D@227e11, Value: [Vertex(0, -1, 1)]
Key: com.catan.model.RoundedPoint2D@11ec62, Value: [Vertex(-1, -2, 5)]
Key: com.catan.model.RoundedPoint2D@11cd22, Value: [Vertex(-1, -2, 4)]
Key: com.catan.model.RoundedPoint2D@1916a1, Value: [Vertex(0, 2, 4)]
Key: com.catan.model.RoundedPoint2D@294a90, Value: [Vertex(1, 1, 2)]
Key: com.catan.model.RoundedPoint2D@2969d0, Value: [Vertex(1, 1, 1)]
Key: com.catan.model.RoundedPoint2D@18d821, Value: [Vertex(0, 0, 5)]
Key: com.catan.model.RoundedPoint2D@18b8e1, Value: [Vertex(0, 0, 4)]
Key: com.catan.model.RoundedPoint2D@185b21, Value: [Vertex(-1, -2, 2), Vertex(0, -2, 4)]
Key: com.catan.model.RoundedPoint2D@187a61, Value: [Vertex(-1, -2, 1), Vertex(0, -2, 5)]
Key: com.catan.model.RoundedPoint2D@150491, Value: [Vertex(-1, -2, 3)]
Key: com.catan.model.RoundedPoint2D@154311, Value: [Vertex(-1, -2, 0)]
Key: com.catan.model.RoundedPoint2D@1fc3c1, Value: [Vertex(1, 2, 5), Vertex(0, 2, 1)]
Key: com.catan.model.RoundedPoint2D@1fa481, Value: [Vertex(0, 1, 0), Vertex(1, 2, 4), Vertex(0, 2, 2)]
Key: com.catan.model.RoundedPoint2D@1f6601, Value: [Vertex(0, 0, 1), Vertex(0, 1, 3)]
Key: com.catan.model.RoundedPoint2D@1f0841, Value: [Vertex(0, -1, 3), Vertex(0, -2, 1)]
Key: com.catan.model.RoundedPoint2D@1f46c1, Value: [Vertex(0, -1, 0), Vertex(0, 0, 2)]
Key: com.catan.model.RoundedPoint2D@1ee901, Value: [Vertex(0, -2, 2)]
Key: com.catan.model.RoundedPoint2D@25f400, Value: [Vertex(1, 1, 3)]
Key: com.catan.model.RoundedPoint2D@2651c0, Value: [Vertex(1, 2, 1)]
Key: com.catan.model.RoundedPoint2D@263280, Value: [Vertex(1, 1, 0), Vertex(1, 2, 2)]
Key: com.catan.model.RoundedPoint2D@1b9271, Value: [Vertex(0, -2, 3)]
Key: com.catan.model.RoundedPoint2D@1bf031, Value: [Vertex(0, -1, 5), Vertex(0, 0, 3)]
Key: com.catan.model.RoundedPoint2D@1bd0f1, Value: [Vertex(0, -1, 4), Vertex(0, -2, 0)]
Key: com.catan.model.RoundedPoint2D@1c8c71, Value: [Vertex(0, 2, 0)]
Key: com.catan.model.RoundedPoint2D@1c4df1, Value: [Vertex(0, 1, 5), Vertex(0, 2, 3)]
Key: com.catan.model.RoundedPoint2D@1c2eb1, Value: [Vertex(0, 0, 0), Vertex(0, 1, 4)]
Key: com.catan.model.RoundedPoint2D@231a51, Value: [Vertex(1, 2, 0)]
Key: com.catan.model.RoundedPoint2D@22dbd1, Value: [Vertex(1, 1, 5), Vertex(0, 1, 1), Vertex(1, 2, 3)]
Key: com.catan.model.RoundedPoint2D@22bc91, Value: [Vertex(1, 1, 4), Vertex(0, 1, 2)]
Key: com.catan.model.RoundedPoint2D@225ed1, Value: [Vertex(0, -1, 2)]
Key: com.catan.model.RoundedPoint2D@227e11, Value: [Vertex(0, -1, 1)]
Key: com.catan.model.RoundedPoint2D@11ec62, Value: [Vertex(-1, -2, 5)]
Key: com.catan.model.RoundedPoint2D@11cd22, Value: [Vertex(-1, -2, 4)]
Key: com.catan.model.RoundedPoint2D@1935e1, Value: [Vertex(0, 2, 5)]
Key: com.catan.model.RoundedPoint2D@1916a1, Value: [Vertex(0, 2, 4)]
Key: com.catan.model.RoundedPoint2D@294a90, Value: [Vertex(1, 1, 2)]
Key: com.catan.model.RoundedPoint2D@2969d0, Value: [Vertex(1, 1, 1)]
Key: com.catan.model.RoundedPoint2D@18d821, Value: [Vertex(0, 0, 5)]
Key: com.catan.model.RoundedPoint2D@18b8e1, Value: [Vertex(0, 0, 4)]
Key: com.catan.model.RoundedPoint2D@185b21, Value: [Vertex(-1, -2, 2), Vertex(0, -2, 4)]
Key: com.catan.model.RoundedPoint2D@187a61, Value: [Vertex(-1, -2, 1), Vertex(0, -2, 5)]
Key: com.catan.model.RoundedPoint2D@150491, Value: [Vertex(-1, -2, 3)]
Key: com.catan.model.RoundedPoint2D@154311, Value: [Vertex(-1, -2, 0)]
Key: com.catan.model.RoundedPoint2D@1fc3c1, Value: [Vertex(1, 2, 5), Vertex(0, 2, 1)]
Key: com.catan.model.RoundedPoint2D@1fa481, Value: [Vertex(0, 1, 0), Vertex(1, 2, 4), Vertex(0, 2, 2)]
Key: com.catan.model.RoundedPoint2D@1f6601, Value: [Vertex(0, 0, 1), Vertex(0, 1, 3)]
Key: com.catan.model.RoundedPoint2D@1f0841, Value: [Vertex(0, -1, 3), Vertex(0, -2, 1)]
Key: com.catan.model.RoundedPoint2D@1f46c1, Value: [Vertex(0, -1, 0), Vertex(0, 0, 2)]
Key: com.catan.model.RoundedPoint2D@1ee901, Value: [Vertex(0, -2, 2)]
Key: com.catan.model.RoundedPoint2D@25f400, Value: [Vertex(1, 1, 3)]
Key: com.catan.model.RoundedPoint2D@2651c0, Value: [Vertex(1, 2, 1)]
Key: com.catan.model.RoundedPoint2D@263280, Value: [Vertex(1, 1, 0), Vertex(1, 2, 2)]
Key: com.catan.model.RoundedPoint2D@1b9271, Value: [Vertex(0, -2, 3)]
Key: com.catan.model.RoundedPoint2D@1bf031, Value: [Vertex(0, -1, 5), Vertex(0, 0, 3)]
Key: com.catan.model.RoundedPoint2D@1bd0f1, Value: [Vertex(0, -1, 4), Vertex(0, -2, 0)]
Key: com.catan.model.RoundedPoint2D@1c8c71, Value: [Vertex(0, 2, 0)]
Key: com.catan.model.RoundedPoint2D@1c4df1, Value: [Vertex(0, 1, 5), Vertex(0, 2, 3)]
Key: com.catan.model.RoundedPoint2D@1c2eb1, Value: [Vertex(0, 0, 0), Vertex(0, 1, 4)]
Key: com.catan.model.RoundedPoint2D@1288a2, Value: [Vertex(-2, 1, 0)]
Key: com.catan.model.RoundedPoint2D@231a51, Value: [Vertex(1, 2, 0)]
Key: com.catan.model.RoundedPoint2D@22dbd1, Value: [Vertex(1, 1, 5), Vertex(0, 1, 1), Vertex(1, 2, 3)]
Key: com.catan.model.RoundedPoint2D@22bc91, Value: [Vertex(1, 1, 4), Vertex(0, 1, 2)]
Key: com.catan.model.RoundedPoint2D@225ed1, Value: [Vertex(0, -1, 2)]
Key: com.catan.model.RoundedPoint2D@227e11, Value: [Vertex(0, -1, 1)]
Key: com.catan.model.RoundedPoint2D@11ec62, Value: [Vertex(-1, -2, 5)]
Key: com.catan.model.RoundedPoint2D@11cd22, Value: [Vertex(-1, -2, 4)]
Key: com.catan.model.RoundedPoint2D@1935e1, Value: [Vertex(0, 2, 5)]
Key: com.catan.model.RoundedPoint2D@1916a1, Value: [Vertex(0, 2, 4)]
Key: com.catan.model.RoundedPoint2D@294a90, Value: [Vertex(1, 1, 2)]
Key: com.catan.model.RoundedPoint2D@2969d0, Value: [Vertex(1, 1, 1)]
Key: com.catan.model.RoundedPoint2D@18d821, Value: [Vertex(0, 0, 5)]
Key: com.catan.model.RoundedPoint2D@18b8e1, Value: [Vertex(0, 0, 4)]
Key: com.catan.model.RoundedPoint2D@185b21, Value: [Vertex(-1, -2, 2), Vertex(0, -2, 4)]
Key: com.catan.model.RoundedPoint2D@187a61, Value: [Vertex(-1, -2, 1), Vertex(0, -2, 5)]
Key: com.catan.model.RoundedPoint2D@15c011, Value: [Vertex(-2, 1, 1)]
Key: com.catan.model.RoundedPoint2D@150491, Value: [Vertex(-1, -2, 3)]
Key: com.catan.model.RoundedPoint2D@154311, Value: [Vertex(-1, -2, 0)]
Key: com.catan.model.RoundedPoint2D@1fc3c1, Value: [Vertex(1, 2, 5), Vertex(0, 2, 1)]
Key: com.catan.model.RoundedPoint2D@1fa481, Value: [Vertex(0, 1, 0), Vertex(1, 2, 4), Vertex(0, 2, 2)]
Key: com.catan.model.RoundedPoint2D@1f6601, Value: [Vertex(0, 0, 1), Vertex(0, 1, 3)]
Key: com.catan.model.RoundedPoint2D@1f0841, Value: [Vertex(0, -1, 3), Vertex(0, -2, 1)]
Key: com.catan.model.RoundedPoint2D@1f46c1, Value: [Vertex(0, -1, 0), Vertex(0, 0, 2)]
Key: com.catan.model.RoundedPoint2D@1ee901, Value: [Vertex(0, -2, 2)]
Key: com.catan.model.RoundedPoint2D@25f400, Value: [Vertex(1, 1, 3)]
Key: com.catan.model.RoundedPoint2D@2651c0, Value: [Vertex(1, 2, 1)]
Key: com.catan.model.RoundedPoint2D@263280, Value: [Vertex(1, 1, 0), Vertex(1, 2, 2)]
Key: com.catan.model.RoundedPoint2D@1b9271, Value: [Vertex(0, -2, 3)]
Key: com.catan.model.RoundedPoint2D@1bf031, Value: [Vertex(0, -1, 5), Vertex(0, 0, 3)]
Key: com.catan.model.RoundedPoint2D@1bd0f1, Value: [Vertex(0, -1, 4), Vertex(0, -2, 0)]
Key: com.catan.model.RoundedPoint2D@1c8c71, Value: [Vertex(0, 2, 0)]
Key: com.catan.model.RoundedPoint2D@1c4df1, Value: [Vertex(0, 1, 5), Vertex(0, 2, 3)]
Key: com.catan.model.RoundedPoint2D@1c2eb1, Value: [Vertex(0, 0, 0), Vertex(0, 1, 4)]
Key: com.catan.model.RoundedPoint2D@1288a2, Value: [Vertex(-2, 1, 0)]
Key: com.catan.model.RoundedPoint2D@231a51, Value: [Vertex(1, 2, 0)]
Key: com.catan.model.RoundedPoint2D@22dbd1, Value: [Vertex(1, 1, 5), Vertex(0, 1, 1), Vertex(1, 2, 3)]
Key: com.catan.model.RoundedPoint2D@22bc91, Value: [Vertex(1, 1, 4), Vertex(0, 1, 2)]
Key: com.catan.model.RoundedPoint2D@225ed1, Value: [Vertex(0, -1, 2)]
Key: com.catan.model.RoundedPoint2D@227e11, Value: [Vertex(0, -1, 1)]
Key: com.catan.model.RoundedPoint2D@11ec62, Value: [Vertex(-1, -2, 5)]
Key: com.catan.model.RoundedPoint2D@11cd22, Value: [Vertex(-1, -2, 4)]
Key: com.catan.model.RoundedPoint2D@1935e1, Value: [Vertex(0, 2, 5)]
Key: com.catan.model.RoundedPoint2D@1916a1, Value: [Vertex(0, 2, 4)]
Key: com.catan.model.RoundedPoint2D@294a90, Value: [Vertex(1, 1, 2)]
Key: com.catan.model.RoundedPoint2D@2969d0, Value: [Vertex(1, 1, 1)]
Key: com.catan.model.RoundedPoint2D@18d821, Value: [Vertex(0, 0, 5)]
Key: com.catan.model.RoundedPoint2D@18b8e1, Value: [Vertex(0, 0, 4)]
Key: com.catan.model.RoundedPoint2D@185b21, Value: [Vertex(-1, -2, 2), Vertex(0, -2, 4)]
Key: com.catan.model.RoundedPoint2D@187a61, Value: [Vertex(-1, -2, 1), Vertex(0, -2, 5)]
Key: com.catan.model.RoundedPoint2D@15a0d1, Value: [Vertex(-2, 1, 2)]
Key: com.catan.model.RoundedPoint2D@15c011, Value: [Vertex(-2, 1, 1)]
Key: com.catan.model.RoundedPoint2D@150491, Value: [Vertex(-1, -2, 3)]
Key: com.catan.model.RoundedPoint2D@154311, Value: [Vertex(-1, -2, 0)]
Key: com.catan.model.RoundedPoint2D@1fc3c1, Value: [Vertex(1, 2, 5), Vertex(0, 2, 1)]
Key: com.catan.model.RoundedPoint2D@1fa481, Value: [Vertex(0, 1, 0), Vertex(1, 2, 4), Vertex(0, 2, 2)]
Key: com.catan.model.RoundedPoint2D@1f6601, Value: [Vertex(0, 0, 1), Vertex(0, 1, 3)]
Key: com.catan.model.RoundedPoint2D@1f0841, Value: [Vertex(0, -1, 3), Vertex(0, -2, 1)]
Key: com.catan.model.RoundedPoint2D@1f46c1, Value: [Vertex(0, -1, 0), Vertex(0, 0, 2)]
Key: com.catan.model.RoundedPoint2D@1ee901, Value: [Vertex(0, -2, 2)]
Key: com.catan.model.RoundedPoint2D@25f400, Value: [Vertex(1, 1, 3)]
Key: com.catan.model.RoundedPoint2D@2651c0, Value: [Vertex(1, 2, 1)]
Key: com.catan.model.RoundedPoint2D@263280, Value: [Vertex(1, 1, 0), Vertex(1, 2, 2)]
Key: com.catan.model.RoundedPoint2D@1b9271, Value: [Vertex(0, -2, 3)]
Key: com.catan.model.RoundedPoint2D@1bf031, Value: [Vertex(0, -1, 5), Vertex(0, 0, 3)]
Key: com.catan.model.RoundedPoint2D@1bd0f1, Value: [Vertex(0, -1, 4), Vertex(0, -2, 0)]
Key: com.catan.model.RoundedPoint2D@1c8c71, Value: [Vertex(0, 2, 0)]
Key: com.catan.model.RoundedPoint2D@1c4df1, Value: [Vertex(0, 1, 5), Vertex(0, 2, 3)]
Key: com.catan.model.RoundedPoint2D@1c2eb1, Value: [Vertex(0, 0, 0), Vertex(0, 1, 4)]
Key: com.catan.model.RoundedPoint2D@1288a2, Value: [Vertex(-2, 1, 0)]
Key: com.catan.model.RoundedPoint2D@231a51, Value: [Vertex(1, 2, 0)]
Key: com.catan.model.RoundedPoint2D@22dbd1, Value: [Vertex(1, 1, 5), Vertex(0, 1, 1), Vertex(1, 2, 3)]
Key: com.catan.model.RoundedPoint2D@22bc91, Value: [Vertex(1, 1, 4), Vertex(0, 1, 2)]
Key: com.catan.model.RoundedPoint2D@225ed1, Value: [Vertex(0, -1, 2)]
Key: com.catan.model.RoundedPoint2D@227e11, Value: [Vertex(0, -1, 1)]
Key: com.catan.model.RoundedPoint2D@11ec62, Value: [Vertex(-1, -2, 5)]
Key: com.catan.model.RoundedPoint2D@11cd22, Value: [Vertex(-1, -2, 4)]
Key: com.catan.model.RoundedPoint2D@1935e1, Value: [Vertex(0, 2, 5)]
Key: com.catan.model.RoundedPoint2D@1916a1, Value: [Vertex(0, 2, 4)]
Key: com.catan.model.RoundedPoint2D@294a90, Value: [Vertex(1, 1, 2)]
Key: com.catan.model.RoundedPoint2D@2969d0, Value: [Vertex(1, 1, 1)]
Key: com.catan.model.RoundedPoint2D@18d821, Value: [Vertex(0, 0, 5)]
Key: com.catan.model.RoundedPoint2D@18b8e1, Value: [Vertex(0, 0, 4)]
Key: com.catan.model.RoundedPoint2D@185b21, Value: [Vertex(-1, -2, 2), Vertex(0, -2, 4)]
Key: com.catan.model.RoundedPoint2D@187a61, Value: [Vertex(-1, -2, 1), Vertex(0, -2, 5)]
Key: com.catan.model.RoundedPoint2D@15a0d1, Value: [Vertex(-2, 1, 2)]
Key: com.catan.model.RoundedPoint2D@15c011, Value: [Vertex(-2, 1, 1)]
Key: com.catan.model.RoundedPoint2D@150491, Value: [Vertex(-1, -2, 3)]
Key: com.catan.model.RoundedPoint2D@154311, Value: [Vertex(-1, -2, 0)]
Key: com.catan.model.RoundedPoint2D@1fc3c1, Value: [Vertex(1, 2, 5), Vertex(0, 2, 1)]
Key: com.catan.model.RoundedPoint2D@1fa481, Value: [Vertex(0, 1, 0), Vertex(1, 2, 4), Vertex(0, 2, 2)]
Key: com.catan.model.RoundedPoint2D@1f6601, Value: [Vertex(0, 0, 1), Vertex(0, 1, 3)]
Key: com.catan.model.RoundedPoint2D@1f0841, Value: [Vertex(0, -1, 3), Vertex(0, -2, 1)]
Key: com.catan.model.RoundedPoint2D@1f46c1, Value: [Vertex(0, -1, 0), Vertex(0, 0, 2)]
Key: com.catan.model.RoundedPoint2D@1ee901, Value: [Vertex(0, -2, 2)]
Key: com.catan.model.RoundedPoint2D@25f400, Value: [Vertex(1, 1, 3)]
Key: com.catan.model.RoundedPoint2D@2651c0, Value: [Vertex(1, 2, 1)]
Key: com.catan.model.RoundedPoint2D@263280, Value: [Vertex(1, 1, 0), Vertex(1, 2, 2)]
Key: com.catan.model.RoundedPoint2D@1b9271, Value: [Vertex(0, -2, 3)]
Key: com.catan.model.RoundedPoint2D@1bf031, Value: [Vertex(0, -1, 5), Vertex(0, 0, 3)]
Key: com.catan.model.RoundedPoint2D@1bd0f1, Value: [Vertex(0, -1, 4), Vertex(0, -2, 0)]
Key: com.catan.model.RoundedPoint2D@1c8c71, Value: [Vertex(0, 2, 0)]
Key: com.catan.model.RoundedPoint2D@1c4df1, Value: [Vertex(0, 1, 5), Vertex(0, 2, 3)]
Key: com.catan.model.RoundedPoint2D@1c2eb1, Value: [Vertex(0, 0, 0), Vertex(0, 1, 4)]
Key: com.catan.model.RoundedPoint2D@124a22, Value: [Vertex(-2, 1, 3)]
Key: com.catan.model.RoundedPoint2D@1288a2, Value: [Vertex(-2, 1, 0)]
Key: com.catan.model.RoundedPoint2D@231a51, Value: [Vertex(1, 2, 0)]
Key: com.catan.model.RoundedPoint2D@22dbd1, Value: [Vertex(1, 1, 5), Vertex(0, 1, 1), Vertex(1, 2, 3)]
Key: com.catan.model.RoundedPoint2D@22bc91, Value: [Vertex(1, 1, 4), Vertex(0, 1, 2)]
Key: com.catan.model.RoundedPoint2D@225ed1, Value: [Vertex(0, -1, 2)]
Key: com.catan.model.RoundedPoint2D@227e11, Value: [Vertex(0, -1, 1)]
Key: com.catan.model.RoundedPoint2D@11ec62, Value: [Vertex(-1, -2, 5)]
Key: com.catan.model.RoundedPoint2D@11cd22, Value: [Vertex(-1, -2, 4)]
Key: com.catan.model.RoundedPoint2D@1935e1, Value: [Vertex(0, 2, 5)]
Key: com.catan.model.RoundedPoint2D@1916a1, Value: [Vertex(0, 2, 4)]
Key: com.catan.model.RoundedPoint2D@294a90, Value: [Vertex(1, 1, 2)]
Key: com.catan.model.RoundedPoint2D@2969d0, Value: [Vertex(1, 1, 1)]
Key: com.catan.model.RoundedPoint2D@18d821, Value: [Vertex(0, 0, 5)]
Key: com.catan.model.RoundedPoint2D@18b8e1, Value: [Vertex(0, 0, 4)]
Key: com.catan.model.RoundedPoint2D@185b21, Value: [Vertex(-1, -2, 2), Vertex(0, -2, 4)]
Key: com.catan.model.RoundedPoint2D@187a61, Value: [Vertex(-1, -2, 1), Vertex(0, -2, 5)]
Key: com.catan.model.RoundedPoint2D@15a0d1, Value: [Vertex(-2, 1, 2)]
Key: com.catan.model.RoundedPoint2D@15c011, Value: [Vertex(-2, 1, 1)]
Key: com.catan.model.RoundedPoint2D@150491, Value: [Vertex(-1, -2, 3)]
Key: com.catan.model.RoundedPoint2D@154311, Value: [Vertex(-1, -2, 0)]
Key: com.catan.model.RoundedPoint2D@f12d2, Value: [Vertex(-2, 1, 4)]
Key: com.catan.model.RoundedPoint2D@1fc3c1, Value: [Vertex(1, 2, 5), Vertex(0, 2, 1)]
Key: com.catan.model.RoundedPoint2D@1fa481, Value: [Vertex(0, 1, 0), Vertex(1, 2, 4), Vertex(0, 2, 2)]
Key: com.catan.model.RoundedPoint2D@1f6601, Value: [Vertex(0, 0, 1), Vertex(0, 1, 3)]
Key: com.catan.model.RoundedPoint2D@1f0841, Value: [Vertex(0, -1, 3), Vertex(0, -2, 1)]
Key: com.catan.model.RoundedPoint2D@1f46c1, Value: [Vertex(0, -1, 0), Vertex(0, 0, 2)]
Key: com.catan.model.RoundedPoint2D@1ee901, Value: [Vertex(0, -2, 2)]
Key: com.catan.model.RoundedPoint2D@25f400, Value: [Vertex(1, 1, 3)]
Key: com.catan.model.RoundedPoint2D@2651c0, Value: [Vertex(1, 2, 1)]
Key: com.catan.model.RoundedPoint2D@263280, Value: [Vertex(1, 1, 0), Vertex(1, 2, 2)]
Key: com.catan.model.RoundedPoint2D@1b9271, Value: [Vertex(0, -2, 3)]
Key: com.catan.model.RoundedPoint2D@1bf031, Value: [Vertex(0, -1, 5), Vertex(0, 0, 3)]
Key: com.catan.model.RoundedPoint2D@1bd0f1, Value: [Vertex(0, -1, 4), Vertex(0, -2, 0)]
Key: com.catan.model.RoundedPoint2D@1c8c71, Value: [Vertex(0, 2, 0)]
Key: com.catan.model.RoundedPoint2D@1c4df1, Value: [Vertex(0, 1, 5), Vertex(0, 2, 3)]
Key: com.catan.model.RoundedPoint2D@1c2eb1, Value: [Vertex(0, 0, 0), Vertex(0, 1, 4)]
Key: com.catan.model.RoundedPoint2D@124a22, Value: [Vertex(-2, 1, 3)]
Key: com.catan.model.RoundedPoint2D@1288a2, Value: [Vertex(-2, 1, 0)]
Key: com.catan.model.RoundedPoint2D@231a51, Value: [Vertex(1, 2, 0)]
Key: com.catan.model.RoundedPoint2D@22dbd1, Value: [Vertex(1, 1, 5), Vertex(0, 1, 1), Vertex(1, 2, 3)]
Key: com.catan.model.RoundedPoint2D@22bc91, Value: [Vertex(1, 1, 4), Vertex(0, 1, 2)]
Key: com.catan.model.RoundedPoint2D@225ed1, Value: [Vertex(0, -1, 2)]
Key: com.catan.model.RoundedPoint2D@227e11, Value: [Vertex(0, -1, 1)]
Key: com.catan.model.RoundedPoint2D@11ec62, Value: [Vertex(-1, -2, 5)]
Key: com.catan.model.RoundedPoint2D@11cd22, Value: [Vertex(-1, -2, 4)]
Key: com.catan.model.RoundedPoint2D@1935e1, Value: [Vertex(0, 2, 5)]
Key: com.catan.model.RoundedPoint2D@1916a1, Value: [Vertex(0, 2, 4)]
Key: com.catan.model.RoundedPoint2D@294a90, Value: [Vertex(1, 1, 2)]
Key: com.catan.model.RoundedPoint2D@2969d0, Value: [Vertex(1, 1, 1)]
Key: com.catan.model.RoundedPoint2D@18d821, Value: [Vertex(0, 0, 5)]
Key: com.catan.model.RoundedPoint2D@18b8e1, Value: [Vertex(0, 0, 4)]
Key: com.catan.model.RoundedPoint2D@185b21, Value: [Vertex(-1, -2, 2), Vertex(0, -2, 4)]
Key: com.catan.model.RoundedPoint2D@187a61, Value: [Vertex(-1, -2, 1), Vertex(0, -2, 5)]
Key: com.catan.model.RoundedPoint2D@15a0d1, Value: [Vertex(-2, 1, 2)]
Key: com.catan.model.RoundedPoint2D@15c011, Value: [Vertex(-2, 1, 1)]
Key: com.catan.model.RoundedPoint2D@150491, Value: [Vertex(-1, -2, 3)]
Key: com.catan.model.RoundedPoint2D@154311, Value: [Vertex(-1, -2, 0)]
Key: com.catan.model.RoundedPoint2D@f3212, Value: [Vertex(-2, 1, 5)]
Key: com.catan.model.RoundedPoint2D@f12d2, Value: [Vertex(-2, 1, 4)]
Key: com.catan.model.RoundedPoint2D@1fc3c1, Value: [Vertex(1, 2, 5), Vertex(0, 2, 1)]
Key: com.catan.model.RoundedPoint2D@1fa481, Value: [Vertex(0, 1, 0), Vertex(1, 2, 4), Vertex(0, 2, 2)]
Key: com.catan.model.RoundedPoint2D@1f6601, Value: [Vertex(0, 0, 1), Vertex(0, 1, 3)]
Key: com.catan.model.RoundedPoint2D@1f0841, Value: [Vertex(0, -1, 3), Vertex(0, -2, 1)]
Key: com.catan.model.RoundedPoint2D@1f46c1, Value: [Vertex(0, -1, 0), Vertex(0, 0, 2)]
Key: com.catan.model.RoundedPoint2D@1ee901, Value: [Vertex(0, -2, 2)]
Key: com.catan.model.RoundedPoint2D@25f400, Value: [Vertex(1, 1, 3)]
Key: com.catan.model.RoundedPoint2D@2651c0, Value: [Vertex(1, 2, 1)]
Key: com.catan.model.RoundedPoint2D@263280, Value: [Vertex(1, 1, 0), Vertex(1, 2, 2)]
Key: com.catan.model.RoundedPoint2D@1b9271, Value: [Vertex(0, -2, 3)]
Key: com.catan.model.RoundedPoint2D@1bf031, Value: [Vertex(0, -1, 5), Vertex(0, 0, 3)]
Key: com.catan.model.RoundedPoint2D@1bd0f1, Value: [Vertex(0, -1, 4), Vertex(0, -2, 0)]
Key: com.catan.model.RoundedPoint2D@1c8c71, Value: [Vertex(0, 2, 0)]
Key: com.catan.model.RoundedPoint2D@1c4df1, Value: [Vertex(0, 1, 5), Vertex(0, 2, 3)]
Key: com.catan.model.RoundedPoint2D@1c2eb1, Value: [Vertex(0, 0, 0), Vertex(0, 1, 4)]
Key: com.catan.model.RoundedPoint2D@124a22, Value: [Vertex(-2, 1, 3)]
Key: com.catan.model.RoundedPoint2D@1288a2, Value: [Vertex(-2, 1, 0)]
Key: com.catan.model.RoundedPoint2D@231a51, Value: [Vertex(1, 2, 0)]
Key: com.catan.model.RoundedPoint2D@22dbd1, Value: [Vertex(1, 1, 5), Vertex(0, 1, 1), Vertex(1, 2, 3)]
Key: com.catan.model.RoundedPoint2D@22bc91, Value: [Vertex(1, 1, 4), Vertex(0, 1, 2)]
Key: com.catan.model.RoundedPoint2D@225ed1, Value: [Vertex(0, -1, 2)]
Key: com.catan.model.RoundedPoint2D@227e11, Value: [Vertex(0, -1, 1)]
Key: com.catan.model.RoundedPoint2D@11ec62, Value: [Vertex(-1, -2, 5)]
Key: com.catan.model.RoundedPoint2D@11cd22, Value: [Vertex(-1, -2, 4)]
Key: com.catan.model.RoundedPoint2D@1935e1, Value: [Vertex(0, 2, 5)]
Key: com.catan.model.RoundedPoint2D@1916a1, Value: [Vertex(0, 2, 4)]
Key: com.catan.model.RoundedPoint2D@294a90, Value: [Vertex(1, 1, 2)]
Key: com.catan.model.RoundedPoint2D@2969d0, Value: [Vertex(1, 1, 1)]
Key: com.catan.model.RoundedPoint2D@18d821, Value: [Vertex(0, 0, 5)]
Key: com.catan.model.RoundedPoint2D@18b8e1, Value: [Vertex(0, 0, 4)]
Key: com.catan.model.RoundedPoint2D@185b21, Value: [Vertex(-1, -2, 2), Vertex(0, -2, 4)]
Key: com.catan.model.RoundedPoint2D@187a61, Value: [Vertex(-1, -2, 1), Vertex(0, -2, 5)]
Key: com.catan.model.RoundedPoint2D@15fe91, Value: [Vertex(-1, 2, 0)]
Key: com.catan.model.RoundedPoint2D@15a0d1, Value: [Vertex(-2, 1, 2)]
Key: com.catan.model.RoundedPoint2D@15c011, Value: [Vertex(-2, 1, 1)]
Key: com.catan.model.RoundedPoint2D@150491, Value: [Vertex(-1, -2, 3)]
Key: com.catan.model.RoundedPoint2D@154311, Value: [Vertex(-1, -2, 0)]
Key: com.catan.model.RoundedPoint2D@f3212, Value: [Vertex(-2, 1, 5)]
Key: com.catan.model.RoundedPoint2D@f12d2, Value: [Vertex(-2, 1, 4)]
Key: com.catan.model.RoundedPoint2D@1fc3c1, Value: [Vertex(1, 2, 5), Vertex(0, 2, 1)]
Key: com.catan.model.RoundedPoint2D@1fa481, Value: [Vertex(0, 1, 0), Vertex(1, 2, 4), Vertex(0, 2, 2)]
Key: com.catan.model.RoundedPoint2D@1f6601, Value: [Vertex(0, 0, 1), Vertex(0, 1, 3)]
Key: com.catan.model.RoundedPoint2D@1f0841, Value: [Vertex(0, -1, 3), Vertex(0, -2, 1)]
Key: com.catan.model.RoundedPoint2D@1f46c1, Value: [Vertex(0, -1, 0), Vertex(0, 0, 2)]
Key: com.catan.model.RoundedPoint2D@1ee901, Value: [Vertex(0, -2, 2)]
Key: com.catan.model.RoundedPoint2D@25f400, Value: [Vertex(1, 1, 3)]
Key: com.catan.model.RoundedPoint2D@2651c0, Value: [Vertex(1, 2, 1)]
Key: com.catan.model.RoundedPoint2D@263280, Value: [Vertex(1, 1, 0), Vertex(1, 2, 2)]
Key: com.catan.model.RoundedPoint2D@1b9271, Value: [Vertex(0, -2, 3)]
Key: com.catan.model.RoundedPoint2D@1bf031, Value: [Vertex(0, -1, 5), Vertex(0, 0, 3)]
Key: com.catan.model.RoundedPoint2D@1bd0f1, Value: [Vertex(0, -1, 4), Vertex(0, -2, 0)]
Key: com.catan.model.RoundedPoint2D@1c8c71, Value: [Vertex(0, 2, 0)]
Key: com.catan.model.RoundedPoint2D@1c4df1, Value: [Vertex(0, 1, 5), Vertex(0, 2, 3)]
Key: com.catan.model.RoundedPoint2D@1c2eb1, Value: [Vertex(0, 0, 0), Vertex(0, 1, 4)]
Key: com.catan.model.RoundedPoint2D@124a22, Value: [Vertex(-2, 1, 3)]
Key: com.catan.model.RoundedPoint2D@1288a2, Value: [Vertex(-2, 1, 0)]
Key: com.catan.model.RoundedPoint2D@231a51, Value: [Vertex(1, 2, 0)]
Key: com.catan.model.RoundedPoint2D@22dbd1, Value: [Vertex(1, 1, 5), Vertex(0, 1, 1), Vertex(1, 2, 3)]
Key: com.catan.model.RoundedPoint2D@22bc91, Value: [Vertex(1, 1, 4), Vertex(0, 1, 2)]
Key: com.catan.model.RoundedPoint2D@225ed1, Value: [Vertex(0, -1, 2)]
Key: com.catan.model.RoundedPoint2D@227e11, Value: [Vertex(0, -1, 1)]
Key: com.catan.model.RoundedPoint2D@11ec62, Value: [Vertex(-1, -2, 5)]
Key: com.catan.model.RoundedPoint2D@11cd22, Value: [Vertex(-1, -2, 4)]
Key: com.catan.model.RoundedPoint2D@1935e1, Value: [Vertex(0, 2, 5)]
Key: com.catan.model.RoundedPoint2D@1916a1, Value: [Vertex(0, 2, 4)]
Key: com.catan.model.RoundedPoint2D@294a90, Value: [Vertex(1, 1, 2)]
Key: com.catan.model.RoundedPoint2D@2969d0, Value: [Vertex(1, 1, 1)]
Key: com.catan.model.RoundedPoint2D@18d821, Value: [Vertex(0, 0, 5)]
Key: com.catan.model.RoundedPoint2D@18b8e1, Value: [Vertex(0, 0, 4)]
Key: com.catan.model.RoundedPoint2D@185b21, Value: [Vertex(-1, -2, 2), Vertex(0, -2, 4)]
Key: com.catan.model.RoundedPoint2D@187a61, Value: [Vertex(-1, -2, 1), Vertex(0, -2, 5)]
Key: com.catan.model.RoundedPoint2D@15fe91, Value: [Vertex(-1, 2, 0)]
Key: com.catan.model.RoundedPoint2D@15a0d1, Value: [Vertex(-2, 1, 2)]
Key: com.catan.model.RoundedPoint2D@15c011, Value: [Vertex(-2, 1, 1)]
Key: com.catan.model.RoundedPoint2D@150491, Value: [Vertex(-1, -2, 3)]
Key: com.catan.model.RoundedPoint2D@154311, Value: [Vertex(-1, -2, 0)]
Key: com.catan.model.RoundedPoint2D@f3212, Value: [Vertex(-2, 1, 5)]
Key: com.catan.model.RoundedPoint2D@f12d2, Value: [Vertex(-2, 1, 4)]
Key: com.catan.model.RoundedPoint2D@1fc3c1, Value: [Vertex(1, 2, 5), Vertex(0, 2, 1)]
Key: com.catan.model.RoundedPoint2D@1fa481, Value: [Vertex(0, 1, 0), Vertex(1, 2, 4), Vertex(0, 2, 2)]
Key: com.catan.model.RoundedPoint2D@1f6601, Value: [Vertex(0, 0, 1), Vertex(0, 1, 3)]
Key: com.catan.model.RoundedPoint2D@1f0841, Value: [Vertex(0, -1, 3), Vertex(0, -2, 1)]
Key: com.catan.model.RoundedPoint2D@1f46c1, Value: [Vertex(0, -1, 0), Vertex(0, 0, 2)]
Key: com.catan.model.RoundedPoint2D@1ee901, Value: [Vertex(0, -2, 2)]
Key: com.catan.model.RoundedPoint2D@25f400, Value: [Vertex(1, 1, 3)]
Key: com.catan.model.RoundedPoint2D@2651c0, Value: [Vertex(1, 2, 1)]
Key: com.catan.model.RoundedPoint2D@263280, Value: [Vertex(1, 1, 0), Vertex(1, 2, 2)]
Key: com.catan.model.RoundedPoint2D@1b9271, Value: [Vertex(0, -2, 3)]
Key: com.catan.model.RoundedPoint2D@1bf031, Value: [Vertex(0, -1, 5), Vertex(0, 0, 3)]
Key: com.catan.model.RoundedPoint2D@1bd0f1, Value: [Vertex(0, -1, 4), Vertex(0, -2, 0)]
Key: com.catan.model.RoundedPoint2D@1c8c71, Value: [Vertex(0, 2, 0)]
Key: com.catan.model.RoundedPoint2D@1c4df1, Value: [Vertex(0, 1, 5), Vertex(0, 2, 3)]
Key: com.catan.model.RoundedPoint2D@1c2eb1, Value: [Vertex(0, 0, 0), Vertex(0, 1, 4)]
Key: com.catan.model.RoundedPoint2D@124a22, Value: [Vertex(-2, 1, 3)]
Key: com.catan.model.RoundedPoint2D@1288a2, Value: [Vertex(-2, 1, 0)]
Key: com.catan.model.RoundedPoint2D@231a51, Value: [Vertex(1, 2, 0)]
Key: com.catan.model.RoundedPoint2D@22dbd1, Value: [Vertex(1, 1, 5), Vertex(0, 1, 1), Vertex(1, 2, 3)]
Key: com.catan.model.RoundedPoint2D@22bc91, Value: [Vertex(1, 1, 4), Vertex(0, 1, 2)]
Key: com.catan.model.RoundedPoint2D@225ed1, Value: [Vertex(0, -1, 2)]
Key: com.catan.model.RoundedPoint2D@227e11, Value: [Vertex(0, -1, 1)]
Key: com.catan.model.RoundedPoint2D@11ec62, Value: [Vertex(-1, -2, 5)]
Key: com.catan.model.RoundedPoint2D@11cd22, Value: [Vertex(-1, -2, 4)]
Key: com.catan.model.RoundedPoint2D@1935e1, Value: [Vertex(0, 2, 5), Vertex(-1, 2, 1)]
Key: com.catan.model.RoundedPoint2D@1916a1, Value: [Vertex(0, 2, 4)]
Key: com.catan.model.RoundedPoint2D@294a90, Value: [Vertex(1, 1, 2)]
Key: com.catan.model.RoundedPoint2D@2969d0, Value: [Vertex(1, 1, 1)]
Key: com.catan.model.RoundedPoint2D@18d821, Value: [Vertex(0, 0, 5)]
Key: com.catan.model.RoundedPoint2D@18b8e1, Value: [Vertex(0, 0, 4)]
Key: com.catan.model.RoundedPoint2D@185b21, Value: [Vertex(-1, -2, 2), Vertex(0, -2, 4)]
Key: com.catan.model.RoundedPoint2D@187a61, Value: [Vertex(-1, -2, 1), Vertex(0, -2, 5)]
Key: com.catan.model.RoundedPoint2D@15fe91, Value: [Vertex(-1, 2, 0)]
Key: com.catan.model.RoundedPoint2D@15a0d1, Value: [Vertex(-2, 1, 2)]
Key: com.catan.model.RoundedPoint2D@15c011, Value: [Vertex(-2, 1, 1)]
Key: com.catan.model.RoundedPoint2D@150491, Value: [Vertex(-1, -2, 3)]
Key: com.catan.model.RoundedPoint2D@154311, Value: [Vertex(-1, -2, 0)]
Key: com.catan.model.RoundedPoint2D@f3212, Value: [Vertex(-2, 1, 5)]
Key: com.catan.model.RoundedPoint2D@f12d2, Value: [Vertex(-2, 1, 4)]
Key: com.catan.model.RoundedPoint2D@1fc3c1, Value: [Vertex(1, 2, 5), Vertex(0, 2, 1)]
Key: com.catan.model.RoundedPoint2D@1fa481, Value: [Vertex(0, 1, 0), Vertex(1, 2, 4), Vertex(0, 2, 2)]
Key: com.catan.model.RoundedPoint2D@1f6601, Value: [Vertex(0, 0, 1), Vertex(0, 1, 3)]
Key: com.catan.model.RoundedPoint2D@1f0841, Value: [Vertex(0, -1, 3), Vertex(0, -2, 1)]
Key: com.catan.model.RoundedPoint2D@1f46c1, Value: [Vertex(0, -1, 0), Vertex(0, 0, 2)]
Key: com.catan.model.RoundedPoint2D@1ee901, Value: [Vertex(0, -2, 2)]
Key: com.catan.model.RoundedPoint2D@25f400, Value: [Vertex(1, 1, 3)]
Key: com.catan.model.RoundedPoint2D@2651c0, Value: [Vertex(1, 2, 1)]
Key: com.catan.model.RoundedPoint2D@263280, Value: [Vertex(1, 1, 0), Vertex(1, 2, 2)]
Key: com.catan.model.RoundedPoint2D@1b9271, Value: [Vertex(0, -2, 3)]
Key: com.catan.model.RoundedPoint2D@1bf031, Value: [Vertex(0, -1, 5), Vertex(0, 0, 3)]
Key: com.catan.model.RoundedPoint2D@1bd0f1, Value: [Vertex(0, -1, 4), Vertex(0, -2, 0)]
Key: com.catan.model.RoundedPoint2D@1c8c71, Value: [Vertex(0, 2, 0)]
Key: com.catan.model.RoundedPoint2D@1c4df1, Value: [Vertex(0, 1, 5), Vertex(0, 2, 3)]
Key: com.catan.model.RoundedPoint2D@1c2eb1, Value: [Vertex(0, 0, 0), Vertex(0, 1, 4)]
Key: com.catan.model.RoundedPoint2D@124a22, Value: [Vertex(-2, 1, 3)]
Key: com.catan.model.RoundedPoint2D@1288a2, Value: [Vertex(-2, 1, 0)]
Key: com.catan.model.RoundedPoint2D@231a51, Value: [Vertex(1, 2, 0)]
Key: com.catan.model.RoundedPoint2D@22dbd1, Value: [Vertex(1, 1, 5), Vertex(0, 1, 1), Vertex(1, 2, 3)]
Key: com.catan.model.RoundedPoint2D@22bc91, Value: [Vertex(1, 1, 4), Vertex(0, 1, 2)]
Key: com.catan.model.RoundedPoint2D@225ed1, Value: [Vertex(0, -1, 2)]
Key: com.catan.model.RoundedPoint2D@227e11, Value: [Vertex(0, -1, 1)]
Key: com.catan.model.RoundedPoint2D@11ec62, Value: [Vertex(-1, -2, 5)]
Key: com.catan.model.RoundedPoint2D@11cd22, Value: [Vertex(-1, -2, 4)]
Key: com.catan.model.RoundedPoint2D@1935e1, Value: [Vertex(0, 2, 5), Vertex(-1, 2, 1)]
Key: com.catan.model.RoundedPoint2D@1916a1, Value: [Vertex(0, 2, 4), Vertex(-1, 2, 2)]
Key: com.catan.model.RoundedPoint2D@294a90, Value: [Vertex(1, 1, 2)]
Key: com.catan.model.RoundedPoint2D@2969d0, Value: [Vertex(1, 1, 1)]
Key: com.catan.model.RoundedPoint2D@18d821, Value: [Vertex(0, 0, 5)]
Key: com.catan.model.RoundedPoint2D@18b8e1, Value: [Vertex(0, 0, 4)]
Key: com.catan.model.RoundedPoint2D@185b21, Value: [Vertex(-1, -2, 2), Vertex(0, -2, 4)]
Key: com.catan.model.RoundedPoint2D@187a61, Value: [Vertex(-1, -2, 1), Vertex(0, -2, 5)]
Key: com.catan.model.RoundedPoint2D@15fe91, Value: [Vertex(-1, 2, 0)]
Key: com.catan.model.RoundedPoint2D@15a0d1, Value: [Vertex(-2, 1, 2)]
Key: com.catan.model.RoundedPoint2D@15c011, Value: [Vertex(-2, 1, 1), Vertex(-1, 2, 3)]
Key: com.catan.model.RoundedPoint2D@150491, Value: [Vertex(-1, -2, 3)]
Key: com.catan.model.RoundedPoint2D@154311, Value: [Vertex(-1, -2, 0)]
Key: com.catan.model.RoundedPoint2D@f3212, Value: [Vertex(-2, 1, 5)]
Key: com.catan.model.RoundedPoint2D@f12d2, Value: [Vertex(-2, 1, 4)]
Key: com.catan.model.RoundedPoint2D@1fc3c1, Value: [Vertex(1, 2, 5), Vertex(0, 2, 1)]
Key: com.catan.model.RoundedPoint2D@1fa481, Value: [Vertex(0, 1, 0), Vertex(1, 2, 4), Vertex(0, 2, 2)]
Key: com.catan.model.RoundedPoint2D@1f6601, Value: [Vertex(0, 0, 1), Vertex(0, 1, 3)]
Key: com.catan.model.RoundedPoint2D@1f0841, Value: [Vertex(0, -1, 3), Vertex(0, -2, 1)]
Key: com.catan.model.RoundedPoint2D@1f46c1, Value: [Vertex(0, -1, 0), Vertex(0, 0, 2)]
Key: com.catan.model.RoundedPoint2D@1ee901, Value: [Vertex(0, -2, 2)]
Key: com.catan.model.RoundedPoint2D@25f400, Value: [Vertex(1, 1, 3)]
Key: com.catan.model.RoundedPoint2D@2651c0, Value: [Vertex(1, 2, 1)]
Key: com.catan.model.RoundedPoint2D@263280, Value: [Vertex(1, 1, 0), Vertex(1, 2, 2)]
Key: com.catan.model.RoundedPoint2D@1b9271, Value: [Vertex(0, -2, 3)]
Key: com.catan.model.RoundedPoint2D@1bf031, Value: [Vertex(0, -1, 5), Vertex(0, 0, 3)]
Key: com.catan.model.RoundedPoint2D@1bd0f1, Value: [Vertex(0, -1, 4), Vertex(0, -2, 0)]
Key: com.catan.model.RoundedPoint2D@1c8c71, Value: [Vertex(0, 2, 0)]
Key: com.catan.model.RoundedPoint2D@1c4df1, Value: [Vertex(0, 1, 5), Vertex(0, 2, 3)]
Key: com.catan.model.RoundedPoint2D@1c2eb1, Value: [Vertex(0, 0, 0), Vertex(0, 1, 4)]
Key: com.catan.model.RoundedPoint2D@124a22, Value: [Vertex(-2, 1, 3)]
Key: com.catan.model.RoundedPoint2D@1288a2, Value: [Vertex(-2, 1, 0)]
Key: com.catan.model.RoundedPoint2D@231a51, Value: [Vertex(1, 2, 0)]
Key: com.catan.model.RoundedPoint2D@22dbd1, Value: [Vertex(1, 1, 5), Vertex(0, 1, 1), Vertex(1, 2, 3)]
Key: com.catan.model.RoundedPoint2D@22bc91, Value: [Vertex(1, 1, 4), Vertex(0, 1, 2)]
Key: com.catan.model.RoundedPoint2D@225ed1, Value: [Vertex(0, -1, 2)]
Key: com.catan.model.RoundedPoint2D@227e11, Value: [Vertex(0, -1, 1)]
Key: com.catan.model.RoundedPoint2D@11ec62, Value: [Vertex(-1, -2, 5)]
Key: com.catan.model.RoundedPoint2D@11cd22, Value: [Vertex(-1, -2, 4)]
Key: com.catan.model.RoundedPoint2D@1935e1, Value: [Vertex(0, 2, 5), Vertex(-1, 2, 1)]
Key: com.catan.model.RoundedPoint2D@1916a1, Value: [Vertex(0, 2, 4), Vertex(-1, 2, 2)]
Key: com.catan.model.RoundedPoint2D@294a90, Value: [Vertex(1, 1, 2)]
Key: com.catan.model.RoundedPoint2D@2969d0, Value: [Vertex(1, 1, 1)]
Key: com.catan.model.RoundedPoint2D@18d821, Value: [Vertex(0, 0, 5)]
Key: com.catan.model.RoundedPoint2D@18b8e1, Value: [Vertex(0, 0, 4)]
Key: com.catan.model.RoundedPoint2D@185b21, Value: [Vertex(-1, -2, 2), Vertex(0, -2, 4)]
Key: com.catan.model.RoundedPoint2D@187a61, Value: [Vertex(-1, -2, 1), Vertex(0, -2, 5)]
Key: com.catan.model.RoundedPoint2D@15fe91, Value: [Vertex(-1, 2, 0)]
Key: com.catan.model.RoundedPoint2D@15a0d1, Value: [Vertex(-2, 1, 2)]
Key: com.catan.model.RoundedPoint2D@15c011, Value: [Vertex(-2, 1, 1), Vertex(-1, 2, 3)]
Key: com.catan.model.RoundedPoint2D@150491, Value: [Vertex(-1, -2, 3)]
Key: com.catan.model.RoundedPoint2D@154311, Value: [Vertex(-1, -2, 0)]
Key: com.catan.model.RoundedPoint2D@f3212, Value: [Vertex(-2, 1, 5)]
Key: com.catan.model.RoundedPoint2D@f12d2, Value: [Vertex(-2, 1, 4)]
Key: com.catan.model.RoundedPoint2D@1fc3c1, Value: [Vertex(1, 2, 5), Vertex(0, 2, 1)]
Key: com.catan.model.RoundedPoint2D@1fa481, Value: [Vertex(0, 1, 0), Vertex(1, 2, 4), Vertex(0, 2, 2)]
Key: com.catan.model.RoundedPoint2D@1f6601, Value: [Vertex(0, 0, 1), Vertex(0, 1, 3)]
Key: com.catan.model.RoundedPoint2D@1f0841, Value: [Vertex(0, -1, 3), Vertex(0, -2, 1)]
Key: com.catan.model.RoundedPoint2D@1f46c1, Value: [Vertex(0, -1, 0), Vertex(0, 0, 2)]
Key: com.catan.model.RoundedPoint2D@1ee901, Value: [Vertex(0, -2, 2)]
Key: com.catan.model.RoundedPoint2D@25f400, Value: [Vertex(1, 1, 3)]
Key: com.catan.model.RoundedPoint2D@2651c0, Value: [Vertex(1, 2, 1)]
Key: com.catan.model.RoundedPoint2D@263280, Value: [Vertex(1, 1, 0), Vertex(1, 2, 2)]
Key: com.catan.model.RoundedPoint2D@1b9271, Value: [Vertex(0, -2, 3)]
Key: com.catan.model.RoundedPoint2D@1bf031, Value: [Vertex(0, -1, 5), Vertex(0, 0, 3)]
Key: com.catan.model.RoundedPoint2D@1bd0f1, Value: [Vertex(0, -1, 4), Vertex(0, -2, 0)]
Key: com.catan.model.RoundedPoint2D@1c8c71, Value: [Vertex(0, 2, 0)]
Key: com.catan.model.RoundedPoint2D@1c4df1, Value: [Vertex(0, 1, 5), Vertex(0, 2, 3)]
Key: com.catan.model.RoundedPoint2D@1c2eb1, Value: [Vertex(0, 0, 0), Vertex(0, 1, 4)]
Key: com.catan.model.RoundedPoint2D@124a22, Value: [Vertex(-2, 1, 3)]
Key: com.catan.model.RoundedPoint2D@1288a2, Value: [Vertex(-2, 1, 0), Vertex(-1, 2, 4)]
Key: com.catan.model.RoundedPoint2D@231a51, Value: [Vertex(1, 2, 0)]
Key: com.catan.model.RoundedPoint2D@22dbd1, Value: [Vertex(1, 1, 5), Vertex(0, 1, 1), Vertex(1, 2, 3)]
Key: com.catan.model.RoundedPoint2D@22bc91, Value: [Vertex(1, 1, 4), Vertex(0, 1, 2)]
Key: com.catan.model.RoundedPoint2D@225ed1, Value: [Vertex(0, -1, 2)]
Key: com.catan.model.RoundedPoint2D@227e11, Value: [Vertex(0, -1, 1)]
Key: com.catan.model.RoundedPoint2D@11ec62, Value: [Vertex(-1, -2, 5)]
Key: com.catan.model.RoundedPoint2D@11cd22, Value: [Vertex(-1, -2, 4)]
Key: com.catan.model.RoundedPoint2D@1935e1, Value: [Vertex(0, 2, 5), Vertex(-1, 2, 1)]
Key: com.catan.model.RoundedPoint2D@1916a1, Value: [Vertex(0, 2, 4), Vertex(-1, 2, 2)]
Key: com.catan.model.RoundedPoint2D@294a90, Value: [Vertex(1, 1, 2)]
Key: com.catan.model.RoundedPoint2D@2969d0, Value: [Vertex(1, 1, 1)]
Key: com.catan.model.RoundedPoint2D@18d821, Value: [Vertex(0, 0, 5)]
Key: com.catan.model.RoundedPoint2D@18b8e1, Value: [Vertex(0, 0, 4)]
Key: com.catan.model.RoundedPoint2D@185b21, Value: [Vertex(-1, -2, 2), Vertex(0, -2, 4)]
Key: com.catan.model.RoundedPoint2D@187a61, Value: [Vertex(-1, -2, 1), Vertex(0, -2, 5)]
Key: com.catan.model.RoundedPoint2D@15fe91, Value: [Vertex(-1, 2, 0)]
Key: com.catan.model.RoundedPoint2D@15a0d1, Value: [Vertex(-2, 1, 2)]
Key: com.catan.model.RoundedPoint2D@15c011, Value: [Vertex(-2, 1, 1), Vertex(-1, 2, 3)]
Key: com.catan.model.RoundedPoint2D@150491, Value: [Vertex(-1, -2, 3)]
Key: com.catan.model.RoundedPoint2D@154311, Value: [Vertex(-1, -2, 0)]
Key: com.catan.model.RoundedPoint2D@f3212, Value: [Vertex(-2, 1, 5)]
Key: com.catan.model.RoundedPoint2D@f12d2, Value: [Vertex(-2, 1, 4)]
Key: com.catan.model.RoundedPoint2D@1fc3c1, Value: [Vertex(1, 2, 5), Vertex(0, 2, 1)]
Key: com.catan.model.RoundedPoint2D@1fa481, Value: [Vertex(0, 1, 0), Vertex(1, 2, 4), Vertex(0, 2, 2)]
Key: com.catan.model.RoundedPoint2D@1f6601, Value: [Vertex(0, 0, 1), Vertex(0, 1, 3)]
Key: com.catan.model.RoundedPoint2D@1f0841, Value: [Vertex(0, -1, 3), Vertex(0, -2, 1)]
Key: com.catan.model.RoundedPoint2D@1f46c1, Value: [Vertex(0, -1, 0), Vertex(0, 0, 2)]
Key: com.catan.model.RoundedPoint2D@1ee901, Value: [Vertex(0, -2, 2)]
Key: com.catan.model.RoundedPoint2D@25f400, Value: [Vertex(1, 1, 3)]
Key: com.catan.model.RoundedPoint2D@2651c0, Value: [Vertex(1, 2, 1)]
Key: com.catan.model.RoundedPoint2D@263280, Value: [Vertex(1, 1, 0), Vertex(1, 2, 2)]
Key: com.catan.model.RoundedPoint2D@1b9271, Value: [Vertex(0, -2, 3)]
Key: com.catan.model.RoundedPoint2D@1bf031, Value: [Vertex(0, -1, 5), Vertex(0, 0, 3)]
Key: com.catan.model.RoundedPoint2D@1bd0f1, Value: [Vertex(0, -1, 4), Vertex(0, -2, 0)]
Key: com.catan.model.RoundedPoint2D@1c8c71, Value: [Vertex(0, 2, 0)]
Key: com.catan.model.RoundedPoint2D@1c4df1, Value: [Vertex(0, 1, 5), Vertex(0, 2, 3)]
Key: com.catan.model.RoundedPoint2D@1c2eb1, Value: [Vertex(0, 0, 0), Vertex(0, 1, 4)]
Key: com.catan.model.RoundedPoint2D@12a7e2, Value: [Vertex(-1, 2, 5)]
Key: com.catan.model.RoundedPoint2D@124a22, Value: [Vertex(-2, 1, 3)]
Key: com.catan.model.RoundedPoint2D@1288a2, Value: [Vertex(-2, 1, 0), Vertex(-1, 2, 4)]
Key: com.catan.model.RoundedPoint2D@231a51, Value: [Vertex(1, 2, 0)]
Key: com.catan.model.RoundedPoint2D@22dbd1, Value: [Vertex(1, 1, 5), Vertex(0, 1, 1), Vertex(1, 2, 3)]
Key: com.catan.model.RoundedPoint2D@22bc91, Value: [Vertex(1, 1, 4), Vertex(0, 1, 2)]
Key: com.catan.model.RoundedPoint2D@225ed1, Value: [Vertex(0, -1, 2)]
Key: com.catan.model.RoundedPoint2D@227e11, Value: [Vertex(0, -1, 1)]
Key: com.catan.model.RoundedPoint2D@11ec62, Value: [Vertex(-1, -2, 5)]
Key: com.catan.model.RoundedPoint2D@11cd22, Value: [Vertex(-1, -2, 4)]
Key: com.catan.model.RoundedPoint2D@1935e1, Value: [Vertex(0, 2, 5), Vertex(-1, 2, 1)]
Key: com.catan.model.RoundedPoint2D@1916a1, Value: [Vertex(0, 2, 4), Vertex(-1, 2, 2)]
Key: com.catan.model.RoundedPoint2D@294a90, Value: [Vertex(1, 1, 2)]
Key: com.catan.model.RoundedPoint2D@2969d0, Value: [Vertex(1, 1, 1)]
Key: com.catan.model.RoundedPoint2D@18d821, Value: [Vertex(0, 0, 5)]
Key: com.catan.model.RoundedPoint2D@18b8e1, Value: [Vertex(0, 0, 4)]
Key: com.catan.model.RoundedPoint2D@185b21, Value: [Vertex(-1, -2, 2), Vertex(0, -2, 4)]
Key: com.catan.model.RoundedPoint2D@187a61, Value: [Vertex(-1, -2, 1), Vertex(0, -2, 5)]
Key: com.catan.model.RoundedPoint2D@15fe91, Value: [Vertex(-1, 2, 0)]
Key: com.catan.model.RoundedPoint2D@15a0d1, Value: [Vertex(-2, 1, 2)]
Key: com.catan.model.RoundedPoint2D@15c011, Value: [Vertex(-2, 1, 1), Vertex(-1, 2, 3)]
Key: com.catan.model.RoundedPoint2D@150491, Value: [Vertex(-1, -2, 3)]
Key: com.catan.model.RoundedPoint2D@154311, Value: [Vertex(-1, -2, 0)]
Key: com.catan.model.RoundedPoint2D@f3212, Value: [Vertex(-2, 1, 5)]
Key: com.catan.model.RoundedPoint2D@f12d2, Value: [Vertex(-2, 1, 4)]
Key: com.catan.model.RoundedPoint2D@1fc3c1, Value: [Vertex(1, 2, 5), Vertex(0, 2, 1)]
Key: com.catan.model.RoundedPoint2D@1fa481, Value: [Vertex(0, 1, 0), Vertex(1, 2, 4), Vertex(0, 2, 2)]
Key: com.catan.model.RoundedPoint2D@1f6601, Value: [Vertex(0, 0, 1), Vertex(0, 1, 3)]
Key: com.catan.model.RoundedPoint2D@1f0841, Value: [Vertex(0, -1, 3), Vertex(0, -2, 1)]
Key: com.catan.model.RoundedPoint2D@1f46c1, Value: [Vertex(0, -1, 0), Vertex(0, 0, 2)]
Key: com.catan.model.RoundedPoint2D@1ee901, Value: [Vertex(0, -2, 2)]
Key: com.catan.model.RoundedPoint2D@25f400, Value: [Vertex(1, 1, 3)]
Key: com.catan.model.RoundedPoint2D@2651c0, Value: [Vertex(1, 2, 1)]
Key: com.catan.model.RoundedPoint2D@263280, Value: [Vertex(1, 1, 0), Vertex(1, 2, 2)]
Key: com.catan.model.RoundedPoint2D@1b9271, Value: [Vertex(0, -2, 3)]
Key: com.catan.model.RoundedPoint2D@1bf031, Value: [Vertex(0, -1, 5), Vertex(0, 0, 3)]
Key: com.catan.model.RoundedPoint2D@1bd0f1, Value: [Vertex(0, -1, 4), Vertex(0, -2, 0)]
Key: com.catan.model.RoundedPoint2D@1c8c71, Value: [Vertex(0, 2, 0)]
Key: com.catan.model.RoundedPoint2D@1c4df1, Value: [Vertex(0, 1, 5), Vertex(0, 2, 3)]
Key: com.catan.model.RoundedPoint2D@1c2eb1, Value: [Vertex(0, 0, 0), Vertex(0, 1, 4)]
Key: com.catan.model.RoundedPoint2D@12a7e2, Value: [Vertex(-1, 2, 5)]
Key: com.catan.model.RoundedPoint2D@124a22, Value: [Vertex(-2, 1, 3)]
Key: com.catan.model.RoundedPoint2D@1288a2, Value: [Vertex(-2, 1, 0), Vertex(-1, 2, 4)]
Key: com.catan.model.RoundedPoint2D@231a51, Value: [Vertex(1, 2, 0)]
Key: com.catan.model.RoundedPoint2D@22dbd1, Value: [Vertex(1, 1, 5), Vertex(0, 1, 1), Vertex(1, 2, 3)]
Key: com.catan.model.RoundedPoint2D@22bc91, Value: [Vertex(1, 1, 4), Vertex(0, 1, 2)]
Key: com.catan.model.RoundedPoint2D@225ed1, Value: [Vertex(0, -1, 2), Vertex(1, -2, 0)]
Key: com.catan.model.RoundedPoint2D@227e11, Value: [Vertex(0, -1, 1)]
Key: com.catan.model.RoundedPoint2D@11ec62, Value: [Vertex(-1, -2, 5)]
Key: com.catan.model.RoundedPoint2D@11cd22, Value: [Vertex(-1, -2, 4)]
Key: com.catan.model.RoundedPoint2D@1935e1, Value: [Vertex(0, 2, 5), Vertex(-1, 2, 1)]
Key: com.catan.model.RoundedPoint2D@1916a1, Value: [Vertex(0, 2, 4), Vertex(-1, 2, 2)]
Key: com.catan.model.RoundedPoint2D@294a90, Value: [Vertex(1, 1, 2)]
Key: com.catan.model.RoundedPoint2D@2969d0, Value: [Vertex(1, 1, 1)]
Key: com.catan.model.RoundedPoint2D@18d821, Value: [Vertex(0, 0, 5)]
Key: com.catan.model.RoundedPoint2D@18b8e1, Value: [Vertex(0, 0, 4)]
Key: com.catan.model.RoundedPoint2D@185b21, Value: [Vertex(-1, -2, 2), Vertex(0, -2, 4)]
Key: com.catan.model.RoundedPoint2D@187a61, Value: [Vertex(-1, -2, 1), Vertex(0, -2, 5)]
Key: com.catan.model.RoundedPoint2D@15fe91, Value: [Vertex(-1, 2, 0)]
Key: com.catan.model.RoundedPoint2D@15a0d1, Value: [Vertex(-2, 1, 2)]
Key: com.catan.model.RoundedPoint2D@15c011, Value: [Vertex(-2, 1, 1), Vertex(-1, 2, 3)]
Key: com.catan.model.RoundedPoint2D@150491, Value: [Vertex(-1, -2, 3)]
Key: com.catan.model.RoundedPoint2D@154311, Value: [Vertex(-1, -2, 0)]
Key: com.catan.model.RoundedPoint2D@f3212, Value: [Vertex(-2, 1, 5)]
Key: com.catan.model.RoundedPoint2D@f12d2, Value: [Vertex(-2, 1, 4)]
Key: com.catan.model.RoundedPoint2D@1fc3c1, Value: [Vertex(1, 2, 5), Vertex(0, 2, 1)]
Key: com.catan.model.RoundedPoint2D@1fa481, Value: [Vertex(0, 1, 0), Vertex(1, 2, 4), Vertex(0, 2, 2)]
Key: com.catan.model.RoundedPoint2D@1f6601, Value: [Vertex(0, 0, 1), Vertex(0, 1, 3)]
Key: com.catan.model.RoundedPoint2D@1f0841, Value: [Vertex(0, -1, 3), Vertex(0, -2, 1)]
Key: com.catan.model.RoundedPoint2D@1f46c1, Value: [Vertex(0, -1, 0), Vertex(0, 0, 2)]
Key: com.catan.model.RoundedPoint2D@1ee901, Value: [Vertex(0, -2, 2)]
Key: com.catan.model.RoundedPoint2D@259640, Value: [Vertex(1, -2, 1)]
Key: com.catan.model.RoundedPoint2D@25f400, Value: [Vertex(1, 1, 3)]
Key: com.catan.model.RoundedPoint2D@2651c0, Value: [Vertex(1, 2, 1)]
Key: com.catan.model.RoundedPoint2D@263280, Value: [Vertex(1, 1, 0), Vertex(1, 2, 2)]
Key: com.catan.model.RoundedPoint2D@1b9271, Value: [Vertex(0, -2, 3)]
Key: com.catan.model.RoundedPoint2D@1bf031, Value: [Vertex(0, -1, 5), Vertex(0, 0, 3)]
Key: com.catan.model.RoundedPoint2D@1bd0f1, Value: [Vertex(0, -1, 4), Vertex(0, -2, 0)]
Key: com.catan.model.RoundedPoint2D@1c8c71, Value: [Vertex(0, 2, 0)]
Key: com.catan.model.RoundedPoint2D@1c4df1, Value: [Vertex(0, 1, 5), Vertex(0, 2, 3)]
Key: com.catan.model.RoundedPoint2D@1c2eb1, Value: [Vertex(0, 0, 0), Vertex(0, 1, 4)]
Key: com.catan.model.RoundedPoint2D@12a7e2, Value: [Vertex(-1, 2, 5)]
Key: com.catan.model.RoundedPoint2D@124a22, Value: [Vertex(-2, 1, 3)]
Key: com.catan.model.RoundedPoint2D@1288a2, Value: [Vertex(-2, 1, 0), Vertex(-1, 2, 4)]
Key: com.catan.model.RoundedPoint2D@231a51, Value: [Vertex(1, 2, 0)]
Key: com.catan.model.RoundedPoint2D@22dbd1, Value: [Vertex(1, 1, 5), Vertex(0, 1, 1), Vertex(1, 2, 3)]
Key: com.catan.model.RoundedPoint2D@22bc91, Value: [Vertex(1, 1, 4), Vertex(0, 1, 2)]
Key: com.catan.model.RoundedPoint2D@225ed1, Value: [Vertex(0, -1, 2), Vertex(1, -2, 0)]
Key: com.catan.model.RoundedPoint2D@227e11, Value: [Vertex(0, -1, 1)]
Key: com.catan.model.RoundedPoint2D@11ec62, Value: [Vertex(-1, -2, 5)]
Key: com.catan.model.RoundedPoint2D@11cd22, Value: [Vertex(-1, -2, 4)]
Key: com.catan.model.RoundedPoint2D@1935e1, Value: [Vertex(0, 2, 5), Vertex(-1, 2, 1)]
Key: com.catan.model.RoundedPoint2D@1916a1, Value: [Vertex(0, 2, 4), Vertex(-1, 2, 2)]
Key: com.catan.model.RoundedPoint2D@294a90, Value: [Vertex(1, 1, 2)]
Key: com.catan.model.RoundedPoint2D@2969d0, Value: [Vertex(1, 1, 1)]
Key: com.catan.model.RoundedPoint2D@18d821, Value: [Vertex(0, 0, 5)]
Key: com.catan.model.RoundedPoint2D@18b8e1, Value: [Vertex(0, 0, 4)]
Key: com.catan.model.RoundedPoint2D@185b21, Value: [Vertex(-1, -2, 2), Vertex(0, -2, 4)]
Key: com.catan.model.RoundedPoint2D@187a61, Value: [Vertex(-1, -2, 1), Vertex(0, -2, 5)]
Key: com.catan.model.RoundedPoint2D@15fe91, Value: [Vertex(-1, 2, 0)]
Key: com.catan.model.RoundedPoint2D@15a0d1, Value: [Vertex(-2, 1, 2)]
Key: com.catan.model.RoundedPoint2D@15c011, Value: [Vertex(-2, 1, 1), Vertex(-1, 2, 3)]
Key: com.catan.model.RoundedPoint2D@150491, Value: [Vertex(-1, -2, 3)]
Key: com.catan.model.RoundedPoint2D@154311, Value: [Vertex(-1, -2, 0)]
Key: com.catan.model.RoundedPoint2D@f3212, Value: [Vertex(-2, 1, 5)]
Key: com.catan.model.RoundedPoint2D@f12d2, Value: [Vertex(-2, 1, 4)]
Key: com.catan.model.RoundedPoint2D@1fc3c1, Value: [Vertex(1, 2, 5), Vertex(0, 2, 1)]
Key: com.catan.model.RoundedPoint2D@1fa481, Value: [Vertex(0, 1, 0), Vertex(1, 2, 4), Vertex(0, 2, 2)]
Key: com.catan.model.RoundedPoint2D@1f6601, Value: [Vertex(0, 0, 1), Vertex(0, 1, 3)]
Key: com.catan.model.RoundedPoint2D@1f0841, Value: [Vertex(0, -1, 3), Vertex(0, -2, 1)]
Key: com.catan.model.RoundedPoint2D@1f46c1, Value: [Vertex(0, -1, 0), Vertex(0, 0, 2)]
Key: com.catan.model.RoundedPoint2D@1ee901, Value: [Vertex(0, -2, 2)]
Key: com.catan.model.RoundedPoint2D@257700, Value: [Vertex(1, -2, 2)]
Key: com.catan.model.RoundedPoint2D@259640, Value: [Vertex(1, -2, 1)]
Key: com.catan.model.RoundedPoint2D@25f400, Value: [Vertex(1, 1, 3)]
Key: com.catan.model.RoundedPoint2D@2651c0, Value: [Vertex(1, 2, 1)]
Key: com.catan.model.RoundedPoint2D@263280, Value: [Vertex(1, 1, 0), Vertex(1, 2, 2)]
Key: com.catan.model.RoundedPoint2D@1b9271, Value: [Vertex(0, -2, 3)]
Key: com.catan.model.RoundedPoint2D@1bf031, Value: [Vertex(0, -1, 5), Vertex(0, 0, 3)]
Key: com.catan.model.RoundedPoint2D@1bd0f1, Value: [Vertex(0, -1, 4), Vertex(0, -2, 0)]
Key: com.catan.model.RoundedPoint2D@1c8c71, Value: [Vertex(0, 2, 0)]
Key: com.catan.model.RoundedPoint2D@1c4df1, Value: [Vertex(0, 1, 5), Vertex(0, 2, 3)]
Key: com.catan.model.RoundedPoint2D@1c2eb1, Value: [Vertex(0, 0, 0), Vertex(0, 1, 4)]
Key: com.catan.model.RoundedPoint2D@12a7e2, Value: [Vertex(-1, 2, 5)]
Key: com.catan.model.RoundedPoint2D@124a22, Value: [Vertex(-2, 1, 3)]
Key: com.catan.model.RoundedPoint2D@1288a2, Value: [Vertex(-2, 1, 0), Vertex(-1, 2, 4)]
Key: com.catan.model.RoundedPoint2D@231a51, Value: [Vertex(1, 2, 0)]
Key: com.catan.model.RoundedPoint2D@22dbd1, Value: [Vertex(1, 1, 5), Vertex(0, 1, 1), Vertex(1, 2, 3)]
Key: com.catan.model.RoundedPoint2D@22bc91, Value: [Vertex(1, 1, 4), Vertex(0, 1, 2)]
Key: com.catan.model.RoundedPoint2D@225ed1, Value: [Vertex(0, -1, 2), Vertex(1, -2, 0)]
Key: com.catan.model.RoundedPoint2D@227e11, Value: [Vertex(0, -1, 1)]
Key: com.catan.model.RoundedPoint2D@11ec62, Value: [Vertex(-1, -2, 5)]
Key: com.catan.model.RoundedPoint2D@11cd22, Value: [Vertex(-1, -2, 4)]
Key: com.catan.model.RoundedPoint2D@1935e1, Value: [Vertex(0, 2, 5), Vertex(-1, 2, 1)]
Key: com.catan.model.RoundedPoint2D@1916a1, Value: [Vertex(0, 2, 4), Vertex(-1, 2, 2)]
Key: com.catan.model.RoundedPoint2D@294a90, Value: [Vertex(1, 1, 2)]
Key: com.catan.model.RoundedPoint2D@2969d0, Value: [Vertex(1, 1, 1)]
Key: com.catan.model.RoundedPoint2D@18d821, Value: [Vertex(0, 0, 5)]
Key: com.catan.model.RoundedPoint2D@18b8e1, Value: [Vertex(0, 0, 4)]
Key: com.catan.model.RoundedPoint2D@185b21, Value: [Vertex(-1, -2, 2), Vertex(0, -2, 4)]
Key: com.catan.model.RoundedPoint2D@187a61, Value: [Vertex(-1, -2, 1), Vertex(0, -2, 5)]
Key: com.catan.model.RoundedPoint2D@15fe91, Value: [Vertex(-1, 2, 0)]
Key: com.catan.model.RoundedPoint2D@15a0d1, Value: [Vertex(-2, 1, 2)]
Key: com.catan.model.RoundedPoint2D@15c011, Value: [Vertex(-2, 1, 1), Vertex(-1, 2, 3)]
Key: com.catan.model.RoundedPoint2D@150491, Value: [Vertex(-1, -2, 3)]
Key: com.catan.model.RoundedPoint2D@154311, Value: [Vertex(-1, -2, 0)]
Key: com.catan.model.RoundedPoint2D@f3212, Value: [Vertex(-2, 1, 5)]
Key: com.catan.model.RoundedPoint2D@f12d2, Value: [Vertex(-2, 1, 4)]
Key: com.catan.model.RoundedPoint2D@1fc3c1, Value: [Vertex(1, 2, 5), Vertex(0, 2, 1)]
Key: com.catan.model.RoundedPoint2D@1fa481, Value: [Vertex(0, 1, 0), Vertex(1, 2, 4), Vertex(0, 2, 2)]
Key: com.catan.model.RoundedPoint2D@1f6601, Value: [Vertex(0, 0, 1), Vertex(0, 1, 3)]
Key: com.catan.model.RoundedPoint2D@1f0841, Value: [Vertex(0, -1, 3), Vertex(0, -2, 1)]
Key: com.catan.model.RoundedPoint2D@1f46c1, Value: [Vertex(0, -1, 0), Vertex(0, 0, 2)]
Key: com.catan.model.RoundedPoint2D@1ee901, Value: [Vertex(0, -2, 2)]
Key: com.catan.model.RoundedPoint2D@257700, Value: [Vertex(1, -2, 2)]
Key: com.catan.model.RoundedPoint2D@259640, Value: [Vertex(1, -2, 1)]
Key: com.catan.model.RoundedPoint2D@25f400, Value: [Vertex(1, 1, 3)]
Key: com.catan.model.RoundedPoint2D@2651c0, Value: [Vertex(1, 2, 1)]
Key: com.catan.model.RoundedPoint2D@263280, Value: [Vertex(1, 1, 0), Vertex(1, 2, 2)]
Key: com.catan.model.RoundedPoint2D@1b9271, Value: [Vertex(0, -2, 3)]
Key: com.catan.model.RoundedPoint2D@1bf031, Value: [Vertex(0, -1, 5), Vertex(0, 0, 3)]
Key: com.catan.model.RoundedPoint2D@1bd0f1, Value: [Vertex(0, -1, 4), Vertex(0, -2, 0)]
Key: com.catan.model.RoundedPoint2D@1c8c71, Value: [Vertex(0, 2, 0)]
Key: com.catan.model.RoundedPoint2D@1c4df1, Value: [Vertex(0, 1, 5), Vertex(0, 2, 3)]
Key: com.catan.model.RoundedPoint2D@1c2eb1, Value: [Vertex(0, 0, 0), Vertex(0, 1, 4)]
Key: com.catan.model.RoundedPoint2D@12a7e2, Value: [Vertex(-1, 2, 5)]
Key: com.catan.model.RoundedPoint2D@124a22, Value: [Vertex(-2, 1, 3)]
Key: com.catan.model.RoundedPoint2D@1288a2, Value: [Vertex(-2, 1, 0), Vertex(-1, 2, 4)]
Key: com.catan.model.RoundedPoint2D@231a51, Value: [Vertex(1, 2, 0)]
Key: com.catan.model.RoundedPoint2D@222051, Value: [Vertex(1, -2, 3)]
Key: com.catan.model.RoundedPoint2D@22dbd1, Value: [Vertex(1, 1, 5), Vertex(0, 1, 1), Vertex(1, 2, 3)]
Key: com.catan.model.RoundedPoint2D@22bc91, Value: [Vertex(1, 1, 4), Vertex(0, 1, 2)]
Key: com.catan.model.RoundedPoint2D@225ed1, Value: [Vertex(0, -1, 2), Vertex(1, -2, 0)]
Key: com.catan.model.RoundedPoint2D@227e11, Value: [Vertex(0, -1, 1)]
Key: com.catan.model.RoundedPoint2D@11ec62, Value: [Vertex(-1, -2, 5)]
Key: com.catan.model.RoundedPoint2D@11cd22, Value: [Vertex(-1, -2, 4)]
Key: com.catan.model.RoundedPoint2D@1935e1, Value: [Vertex(0, 2, 5), Vertex(-1, 2, 1)]
Key: com.catan.model.RoundedPoint2D@1916a1, Value: [Vertex(0, 2, 4), Vertex(-1, 2, 2)]
Key: com.catan.model.RoundedPoint2D@294a90, Value: [Vertex(1, 1, 2)]
Key: com.catan.model.RoundedPoint2D@2969d0, Value: [Vertex(1, 1, 1)]
Key: com.catan.model.RoundedPoint2D@18d821, Value: [Vertex(0, 0, 5)]
Key: com.catan.model.RoundedPoint2D@18b8e1, Value: [Vertex(0, 0, 4)]
Key: com.catan.model.RoundedPoint2D@185b21, Value: [Vertex(-1, -2, 2), Vertex(0, -2, 4)]
Key: com.catan.model.RoundedPoint2D@187a61, Value: [Vertex(-1, -2, 1), Vertex(0, -2, 5)]
Key: com.catan.model.RoundedPoint2D@15fe91, Value: [Vertex(-1, 2, 0)]
Key: com.catan.model.RoundedPoint2D@15a0d1, Value: [Vertex(-2, 1, 2)]
Key: com.catan.model.RoundedPoint2D@15c011, Value: [Vertex(-2, 1, 1), Vertex(-1, 2, 3)]
Key: com.catan.model.RoundedPoint2D@150491, Value: [Vertex(-1, -2, 3)]
Key: com.catan.model.RoundedPoint2D@154311, Value: [Vertex(-1, -2, 0)]
Key: com.catan.model.RoundedPoint2D@f3212, Value: [Vertex(-2, 1, 5)]
Key: com.catan.model.RoundedPoint2D@f12d2, Value: [Vertex(-2, 1, 4)]
Key: com.catan.model.RoundedPoint2D@1fc3c1, Value: [Vertex(1, 2, 5), Vertex(0, 2, 1)]
Key: com.catan.model.RoundedPoint2D@1fa481, Value: [Vertex(0, 1, 0), Vertex(1, 2, 4), Vertex(0, 2, 2)]
Key: com.catan.model.RoundedPoint2D@1f6601, Value: [Vertex(0, 0, 1), Vertex(0, 1, 3)]
Key: com.catan.model.RoundedPoint2D@1f0841, Value: [Vertex(0, -1, 3), Vertex(0, -2, 1)]
Key: com.catan.model.RoundedPoint2D@1f46c1, Value: [Vertex(0, -1, 0), Vertex(0, 0, 2)]
Key: com.catan.model.RoundedPoint2D@1ee901, Value: [Vertex(0, -2, 2), Vertex(1, -2, 4)]
Key: com.catan.model.RoundedPoint2D@257700, Value: [Vertex(1, -2, 2)]
Key: com.catan.model.RoundedPoint2D@259640, Value: [Vertex(1, -2, 1)]
Key: com.catan.model.RoundedPoint2D@25f400, Value: [Vertex(1, 1, 3)]
Key: com.catan.model.RoundedPoint2D@2651c0, Value: [Vertex(1, 2, 1)]
Key: com.catan.model.RoundedPoint2D@263280, Value: [Vertex(1, 1, 0), Vertex(1, 2, 2)]
Key: com.catan.model.RoundedPoint2D@1b9271, Value: [Vertex(0, -2, 3)]
Key: com.catan.model.RoundedPoint2D@1bf031, Value: [Vertex(0, -1, 5), Vertex(0, 0, 3)]
Key: com.catan.model.RoundedPoint2D@1bd0f1, Value: [Vertex(0, -1, 4), Vertex(0, -2, 0)]
Key: com.catan.model.RoundedPoint2D@1c8c71, Value: [Vertex(0, 2, 0)]
Key: com.catan.model.RoundedPoint2D@1c4df1, Value: [Vertex(0, 1, 5), Vertex(0, 2, 3)]
Key: com.catan.model.RoundedPoint2D@1c2eb1, Value: [Vertex(0, 0, 0), Vertex(0, 1, 4)]
Key: com.catan.model.RoundedPoint2D@12a7e2, Value: [Vertex(-1, 2, 5)]
Key: com.catan.model.RoundedPoint2D@124a22, Value: [Vertex(-2, 1, 3)]
Key: com.catan.model.RoundedPoint2D@1288a2, Value: [Vertex(-2, 1, 0), Vertex(-1, 2, 4)]
Key: com.catan.model.RoundedPoint2D@231a51, Value: [Vertex(1, 2, 0)]
Key: com.catan.model.RoundedPoint2D@222051, Value: [Vertex(1, -2, 3)]
Key: com.catan.model.RoundedPoint2D@22dbd1, Value: [Vertex(1, 1, 5), Vertex(0, 1, 1), Vertex(1, 2, 3)]
Key: com.catan.model.RoundedPoint2D@22bc91, Value: [Vertex(1, 1, 4), Vertex(0, 1, 2)]
Key: com.catan.model.RoundedPoint2D@225ed1, Value: [Vertex(0, -1, 2), Vertex(1, -2, 0)]
Key: com.catan.model.RoundedPoint2D@227e11, Value: [Vertex(0, -1, 1)]
Key: com.catan.model.RoundedPoint2D@11ec62, Value: [Vertex(-1, -2, 5)]
Key: com.catan.model.RoundedPoint2D@11cd22, Value: [Vertex(-1, -2, 4)]
Key: com.catan.model.RoundedPoint2D@1935e1, Value: [Vertex(0, 2, 5), Vertex(-1, 2, 1)]
Key: com.catan.model.RoundedPoint2D@1916a1, Value: [Vertex(0, 2, 4), Vertex(-1, 2, 2)]
Key: com.catan.model.RoundedPoint2D@294a90, Value: [Vertex(1, 1, 2)]
Key: com.catan.model.RoundedPoint2D@2969d0, Value: [Vertex(1, 1, 1)]
Key: com.catan.model.RoundedPoint2D@18d821, Value: [Vertex(0, 0, 5)]
Key: com.catan.model.RoundedPoint2D@18b8e1, Value: [Vertex(0, 0, 4)]
Key: com.catan.model.RoundedPoint2D@185b21, Value: [Vertex(-1, -2, 2), Vertex(0, -2, 4)]
Key: com.catan.model.RoundedPoint2D@187a61, Value: [Vertex(-1, -2, 1), Vertex(0, -2, 5)]
Key: com.catan.model.RoundedPoint2D@15fe91, Value: [Vertex(-1, 2, 0)]
Key: com.catan.model.RoundedPoint2D@15a0d1, Value: [Vertex(-2, 1, 2)]
Key: com.catan.model.RoundedPoint2D@15c011, Value: [Vertex(-2, 1, 1), Vertex(-1, 2, 3)]
Key: com.catan.model.RoundedPoint2D@150491, Value: [Vertex(-1, -2, 3)]
Key: com.catan.model.RoundedPoint2D@154311, Value: [Vertex(-1, -2, 0)]
Key: com.catan.model.RoundedPoint2D@f3212, Value: [Vertex(-2, 1, 5)]
Key: com.catan.model.RoundedPoint2D@f12d2, Value: [Vertex(-2, 1, 4)]
Key: com.catan.model.RoundedPoint2D@1fc3c1, Value: [Vertex(1, 2, 5), Vertex(0, 2, 1)]
Key: com.catan.model.RoundedPoint2D@1fa481, Value: [Vertex(0, 1, 0), Vertex(1, 2, 4), Vertex(0, 2, 2)]
Key: com.catan.model.RoundedPoint2D@1f6601, Value: [Vertex(0, 0, 1), Vertex(0, 1, 3)]
Key: com.catan.model.RoundedPoint2D@1f0841, Value: [Vertex(0, -1, 3), Vertex(0, -2, 1), Vertex(1, -2, 5)]
Key: com.catan.model.RoundedPoint2D@1f46c1, Value: [Vertex(0, -1, 0), Vertex(0, 0, 2)]
Key: com.catan.model.RoundedPoint2D@1ee901, Value: [Vertex(0, -2, 2), Vertex(1, -2, 4)]
Key: com.catan.model.RoundedPoint2D@257700, Value: [Vertex(1, -2, 2)]
Key: com.catan.model.RoundedPoint2D@259640, Value: [Vertex(1, -2, 1)]
Key: com.catan.model.RoundedPoint2D@25f400, Value: [Vertex(1, 1, 3)]
Key: com.catan.model.RoundedPoint2D@2651c0, Value: [Vertex(1, 2, 1)]
Key: com.catan.model.RoundedPoint2D@263280, Value: [Vertex(1, 1, 0), Vertex(1, 2, 2)]
Key: com.catan.model.RoundedPoint2D@1b9271, Value: [Vertex(0, -2, 3)]
Key: com.catan.model.RoundedPoint2D@1bf031, Value: [Vertex(0, -1, 5), Vertex(0, 0, 3)]
Key: com.catan.model.RoundedPoint2D@1bd0f1, Value: [Vertex(0, -1, 4), Vertex(0, -2, 0)]
Key: com.catan.model.RoundedPoint2D@1c8c71, Value: [Vertex(0, 2, 0)]
Key: com.catan.model.RoundedPoint2D@1c4df1, Value: [Vertex(0, 1, 5), Vertex(0, 2, 3)]
Key: com.catan.model.RoundedPoint2D@1c2eb1, Value: [Vertex(0, 0, 0), Vertex(0, 1, 4)]
Key: com.catan.model.RoundedPoint2D@12a7e2, Value: [Vertex(-1, 2, 5)]
Key: com.catan.model.RoundedPoint2D@124a22, Value: [Vertex(-2, 1, 3)]
Key: com.catan.model.RoundedPoint2D@1288a2, Value: [Vertex(-2, 1, 0), Vertex(-1, 2, 4)]
Key: com.catan.model.RoundedPoint2D@231a51, Value: [Vertex(1, 2, 0)]
Key: com.catan.model.RoundedPoint2D@222051, Value: [Vertex(1, -2, 3)]
Key: com.catan.model.RoundedPoint2D@22dbd1, Value: [Vertex(1, 1, 5), Vertex(0, 1, 1), Vertex(1, 2, 3)]
Key: com.catan.model.RoundedPoint2D@22bc91, Value: [Vertex(1, 1, 4), Vertex(0, 1, 2)]
Key: com.catan.model.RoundedPoint2D@225ed1, Value: [Vertex(0, -1, 2), Vertex(1, -2, 0)]
Key: com.catan.model.RoundedPoint2D@227e11, Value: [Vertex(0, -1, 1)]
Key: com.catan.model.RoundedPoint2D@11ec62, Value: [Vertex(-1, -2, 5)]
Key: com.catan.model.RoundedPoint2D@11cd22, Value: [Vertex(-1, -2, 4)]
Key: com.catan.model.RoundedPoint2D@1935e1, Value: [Vertex(0, 2, 5), Vertex(-1, 2, 1)]
Key: com.catan.model.RoundedPoint2D@1916a1, Value: [Vertex(0, 2, 4), Vertex(-1, 2, 2)]
Key: com.catan.model.RoundedPoint2D@294a90, Value: [Vertex(1, 1, 2)]
Key: com.catan.model.RoundedPoint2D@2969d0, Value: [Vertex(1, 1, 1)]
Key: com.catan.model.RoundedPoint2D@18d821, Value: [Vertex(0, 0, 5)]
Key: com.catan.model.RoundedPoint2D@18b8e1, Value: [Vertex(0, 0, 4)]
Key: com.catan.model.RoundedPoint2D@185b21, Value: [Vertex(-1, -2, 2), Vertex(0, -2, 4)]
Key: com.catan.model.RoundedPoint2D@187a61, Value: [Vertex(-1, -2, 1), Vertex(0, -2, 5)]
Key: com.catan.model.RoundedPoint2D@15fe91, Value: [Vertex(-1, 2, 0)]
Key: com.catan.model.RoundedPoint2D@15a0d1, Value: [Vertex(-2, 1, 2)]
Key: com.catan.model.RoundedPoint2D@15c011, Value: [Vertex(-2, 1, 1), Vertex(-1, 2, 3)]
Key: com.catan.model.RoundedPoint2D@150491, Value: [Vertex(-1, -2, 3)]
Key: com.catan.model.RoundedPoint2D@154311, Value: [Vertex(-1, -2, 0)]
Key: com.catan.model.RoundedPoint2D@f3212, Value: [Vertex(-2, 1, 5)]
Key: com.catan.model.RoundedPoint2D@f12d2, Value: [Vertex(-2, 1, 4), Vertex(-2, 0, 0)]
Key: com.catan.model.RoundedPoint2D@1fc3c1, Value: [Vertex(1, 2, 5), Vertex(0, 2, 1)]
Key: com.catan.model.RoundedPoint2D@1fa481, Value: [Vertex(0, 1, 0), Vertex(1, 2, 4), Vertex(0, 2, 2)]
Key: com.catan.model.RoundedPoint2D@1f6601, Value: [Vertex(0, 0, 1), Vertex(0, 1, 3)]
Key: com.catan.model.RoundedPoint2D@1f0841, Value: [Vertex(0, -1, 3), Vertex(0, -2, 1), Vertex(1, -2, 5)]
Key: com.catan.model.RoundedPoint2D@1f46c1, Value: [Vertex(0, -1, 0), Vertex(0, 0, 2)]
Key: com.catan.model.RoundedPoint2D@1ee901, Value: [Vertex(0, -2, 2), Vertex(1, -2, 4)]
Key: com.catan.model.RoundedPoint2D@257700, Value: [Vertex(1, -2, 2)]
Key: com.catan.model.RoundedPoint2D@259640, Value: [Vertex(1, -2, 1)]
Key: com.catan.model.RoundedPoint2D@25f400, Value: [Vertex(1, 1, 3)]
Key: com.catan.model.RoundedPoint2D@2651c0, Value: [Vertex(1, 2, 1)]
Key: com.catan.model.RoundedPoint2D@263280, Value: [Vertex(1, 1, 0), Vertex(1, 2, 2)]
Key: com.catan.model.RoundedPoint2D@1b9271, Value: [Vertex(0, -2, 3)]
Key: com.catan.model.RoundedPoint2D@1bf031, Value: [Vertex(0, -1, 5), Vertex(0, 0, 3)]
Key: com.catan.model.RoundedPoint2D@1bd0f1, Value: [Vertex(0, -1, 4), Vertex(0, -2, 0)]
Key: com.catan.model.RoundedPoint2D@1c8c71, Value: [Vertex(0, 2, 0)]
Key: com.catan.model.RoundedPoint2D@1c4df1, Value: [Vertex(0, 1, 5), Vertex(0, 2, 3)]
Key: com.catan.model.RoundedPoint2D@1c2eb1, Value: [Vertex(0, 0, 0), Vertex(0, 1, 4)]
Key: com.catan.model.RoundedPoint2D@12a7e2, Value: [Vertex(-1, 2, 5)]
Key: com.catan.model.RoundedPoint2D@124a22, Value: [Vertex(-2, 1, 3)]
Key: com.catan.model.RoundedPoint2D@1288a2, Value: [Vertex(-2, 1, 0), Vertex(-1, 2, 4)]
Key: com.catan.model.RoundedPoint2D@231a51, Value: [Vertex(1, 2, 0)]
Key: com.catan.model.RoundedPoint2D@222051, Value: [Vertex(1, -2, 3)]
Key: com.catan.model.RoundedPoint2D@22dbd1, Value: [Vertex(1, 1, 5), Vertex(0, 1, 1), Vertex(1, 2, 3)]
Key: com.catan.model.RoundedPoint2D@22bc91, Value: [Vertex(1, 1, 4), Vertex(0, 1, 2)]
Key: com.catan.model.RoundedPoint2D@225ed1, Value: [Vertex(0, -1, 2), Vertex(1, -2, 0)]
Key: com.catan.model.RoundedPoint2D@227e11, Value: [Vertex(0, -1, 1)]
Key: com.catan.model.RoundedPoint2D@11ec62, Value: [Vertex(-1, -2, 5)]
Key: com.catan.model.RoundedPoint2D@11cd22, Value: [Vertex(-1, -2, 4)]
Key: com.catan.model.RoundedPoint2D@1935e1, Value: [Vertex(0, 2, 5), Vertex(-1, 2, 1)]
Key: com.catan.model.RoundedPoint2D@1916a1, Value: [Vertex(0, 2, 4), Vertex(-1, 2, 2)]
Key: com.catan.model.RoundedPoint2D@294a90, Value: [Vertex(1, 1, 2)]
Key: com.catan.model.RoundedPoint2D@2969d0, Value: [Vertex(1, 1, 1)]
Key: com.catan.model.RoundedPoint2D@18d821, Value: [Vertex(0, 0, 5)]
Key: com.catan.model.RoundedPoint2D@18b8e1, Value: [Vertex(0, 0, 4)]
Key: com.catan.model.RoundedPoint2D@185b21, Value: [Vertex(-1, -2, 2), Vertex(0, -2, 4)]
Key: com.catan.model.RoundedPoint2D@187a61, Value: [Vertex(-1, -2, 1), Vertex(0, -2, 5)]
Key: com.catan.model.RoundedPoint2D@15fe91, Value: [Vertex(-1, 2, 0)]
Key: com.catan.model.RoundedPoint2D@15a0d1, Value: [Vertex(-2, 1, 2)]
Key: com.catan.model.RoundedPoint2D@15c011, Value: [Vertex(-2, 1, 1), Vertex(-1, 2, 3)]
Key: com.catan.model.RoundedPoint2D@150491, Value: [Vertex(-1, -2, 3)]
Key: com.catan.model.RoundedPoint2D@154311, Value: [Vertex(-1, -2, 0)]
Key: com.catan.model.RoundedPoint2D@f3212, Value: [Vertex(-2, 1, 5)]
Key: com.catan.model.RoundedPoint2D@f12d2, Value: [Vertex(-2, 1, 4), Vertex(-2, 0, 0)]
Key: com.catan.model.RoundedPoint2D@1fc3c1, Value: [Vertex(1, 2, 5), Vertex(0, 2, 1)]
Key: com.catan.model.RoundedPoint2D@1fa481, Value: [Vertex(0, 1, 0), Vertex(1, 2, 4), Vertex(0, 2, 2)]
Key: com.catan.model.RoundedPoint2D@1f6601, Value: [Vertex(0, 0, 1), Vertex(0, 1, 3)]
Key: com.catan.model.RoundedPoint2D@1f0841, Value: [Vertex(0, -1, 3), Vertex(0, -2, 1), Vertex(1, -2, 5)]
Key: com.catan.model.RoundedPoint2D@1f46c1, Value: [Vertex(0, -1, 0), Vertex(0, 0, 2)]
Key: com.catan.model.RoundedPoint2D@1ee901, Value: [Vertex(0, -2, 2), Vertex(1, -2, 4)]
Key: com.catan.model.RoundedPoint2D@257700, Value: [Vertex(1, -2, 2)]
Key: com.catan.model.RoundedPoint2D@259640, Value: [Vertex(1, -2, 1)]
Key: com.catan.model.RoundedPoint2D@25f400, Value: [Vertex(1, 1, 3)]
Key: com.catan.model.RoundedPoint2D@2651c0, Value: [Vertex(1, 2, 1)]
Key: com.catan.model.RoundedPoint2D@263280, Value: [Vertex(1, 1, 0), Vertex(1, 2, 2)]
Key: com.catan.model.RoundedPoint2D@1b9271, Value: [Vertex(0, -2, 3)]
Key: com.catan.model.RoundedPoint2D@1bf031, Value: [Vertex(0, -1, 5), Vertex(0, 0, 3)]
Key: com.catan.model.RoundedPoint2D@1bd0f1, Value: [Vertex(0, -1, 4), Vertex(0, -2, 0)]
Key: com.catan.model.RoundedPoint2D@1c8c71, Value: [Vertex(0, 2, 0)]
Key: com.catan.model.RoundedPoint2D@1c4df1, Value: [Vertex(0, 1, 5), Vertex(0, 2, 3)]
Key: com.catan.model.RoundedPoint2D@1c2eb1, Value: [Vertex(0, 0, 0), Vertex(0, 1, 4)]
Key: com.catan.model.RoundedPoint2D@12a7e2, Value: [Vertex(-1, 2, 5)]
Key: com.catan.model.RoundedPoint2D@124a22, Value: [Vertex(-2, 1, 3), Vertex(-2, 0, 1)]
Key: com.catan.model.RoundedPoint2D@1288a2, Value: [Vertex(-2, 1, 0), Vertex(-1, 2, 4)]
Key: com.catan.model.RoundedPoint2D@231a51, Value: [Vertex(1, 2, 0)]
Key: com.catan.model.RoundedPoint2D@222051, Value: [Vertex(1, -2, 3)]
Key: com.catan.model.RoundedPoint2D@22dbd1, Value: [Vertex(1, 1, 5), Vertex(0, 1, 1), Vertex(1, 2, 3)]
Key: com.catan.model.RoundedPoint2D@22bc91, Value: [Vertex(1, 1, 4), Vertex(0, 1, 2)]
Key: com.catan.model.RoundedPoint2D@225ed1, Value: [Vertex(0, -1, 2), Vertex(1, -2, 0)]
Key: com.catan.model.RoundedPoint2D@227e11, Value: [Vertex(0, -1, 1)]
Key: com.catan.model.RoundedPoint2D@11ec62, Value: [Vertex(-1, -2, 5)]
Key: com.catan.model.RoundedPoint2D@11cd22, Value: [Vertex(-1, -2, 4)]
Key: com.catan.model.RoundedPoint2D@1935e1, Value: [Vertex(0, 2, 5), Vertex(-1, 2, 1)]
Key: com.catan.model.RoundedPoint2D@1916a1, Value: [Vertex(0, 2, 4), Vertex(-1, 2, 2)]
Key: com.catan.model.RoundedPoint2D@294a90, Value: [Vertex(1, 1, 2)]
Key: com.catan.model.RoundedPoint2D@2969d0, Value: [Vertex(1, 1, 1)]
Key: com.catan.model.RoundedPoint2D@18d821, Value: [Vertex(0, 0, 5)]
Key: com.catan.model.RoundedPoint2D@18b8e1, Value: [Vertex(0, 0, 4)]
Key: com.catan.model.RoundedPoint2D@185b21, Value: [Vertex(-1, -2, 2), Vertex(0, -2, 4)]
Key: com.catan.model.RoundedPoint2D@187a61, Value: [Vertex(-1, -2, 1), Vertex(0, -2, 5)]
Key: com.catan.model.RoundedPoint2D@15fe91, Value: [Vertex(-1, 2, 0)]
Key: com.catan.model.RoundedPoint2D@15a0d1, Value: [Vertex(-2, 1, 2)]
Key: com.catan.model.RoundedPoint2D@15c011, Value: [Vertex(-2, 1, 1), Vertex(-1, 2, 3)]
Key: com.catan.model.RoundedPoint2D@150491, Value: [Vertex(-1, -2, 3)]
Key: com.catan.model.RoundedPoint2D@154311, Value: [Vertex(-1, -2, 0)]
Key: com.catan.model.RoundedPoint2D@f3212, Value: [Vertex(-2, 1, 5)]
Key: com.catan.model.RoundedPoint2D@f12d2, Value: [Vertex(-2, 1, 4), Vertex(-2, 0, 0)]
Key: com.catan.model.RoundedPoint2D@1fc3c1, Value: [Vertex(1, 2, 5), Vertex(0, 2, 1)]
Key: com.catan.model.RoundedPoint2D@1fa481, Value: [Vertex(0, 1, 0), Vertex(1, 2, 4), Vertex(0, 2, 2)]
Key: com.catan.model.RoundedPoint2D@1f6601, Value: [Vertex(0, 0, 1), Vertex(0, 1, 3)]
Key: com.catan.model.RoundedPoint2D@1f0841, Value: [Vertex(0, -1, 3), Vertex(0, -2, 1), Vertex(1, -2, 5)]
Key: com.catan.model.RoundedPoint2D@1f46c1, Value: [Vertex(0, -1, 0), Vertex(0, 0, 2)]
Key: com.catan.model.RoundedPoint2D@1ee901, Value: [Vertex(0, -2, 2), Vertex(1, -2, 4)]
Key: com.catan.model.RoundedPoint2D@257700, Value: [Vertex(1, -2, 2)]
Key: com.catan.model.RoundedPoint2D@259640, Value: [Vertex(1, -2, 1)]
Key: com.catan.model.RoundedPoint2D@25f400, Value: [Vertex(1, 1, 3)]
Key: com.catan.model.RoundedPoint2D@2651c0, Value: [Vertex(1, 2, 1)]
Key: com.catan.model.RoundedPoint2D@263280, Value: [Vertex(1, 1, 0), Vertex(1, 2, 2)]
Key: com.catan.model.RoundedPoint2D@1b9271, Value: [Vertex(0, -2, 3)]
Key: com.catan.model.RoundedPoint2D@1bf031, Value: [Vertex(0, -1, 5), Vertex(0, 0, 3)]
Key: com.catan.model.RoundedPoint2D@1bd0f1, Value: [Vertex(0, -1, 4), Vertex(0, -2, 0)]
Key: com.catan.model.RoundedPoint2D@1c8c71, Value: [Vertex(0, 2, 0)]
Key: com.catan.model.RoundedPoint2D@1c4df1, Value: [Vertex(0, 1, 5), Vertex(0, 2, 3)]
Key: com.catan.model.RoundedPoint2D@1c2eb1, Value: [Vertex(0, 0, 0), Vertex(0, 1, 4)]
Key: com.catan.model.RoundedPoint2D@122ae2, Value: [Vertex(-2, 0, 2)]
Key: com.catan.model.RoundedPoint2D@12a7e2, Value: [Vertex(-1, 2, 5)]
Key: com.catan.model.RoundedPoint2D@124a22, Value: [Vertex(-2, 1, 3), Vertex(-2, 0, 1)]
Key: com.catan.model.RoundedPoint2D@1288a2, Value: [Vertex(-2, 1, 0), Vertex(-1, 2, 4)]
Key: com.catan.model.RoundedPoint2D@231a51, Value: [Vertex(1, 2, 0)]
Key: com.catan.model.RoundedPoint2D@222051, Value: [Vertex(1, -2, 3)]
Key: com.catan.model.RoundedPoint2D@22dbd1, Value: [Vertex(1, 1, 5), Vertex(0, 1, 1), Vertex(1, 2, 3)]
Key: com.catan.model.RoundedPoint2D@22bc91, Value: [Vertex(1, 1, 4), Vertex(0, 1, 2)]
Key: com.catan.model.RoundedPoint2D@225ed1, Value: [Vertex(0, -1, 2), Vertex(1, -2, 0)]
Key: com.catan.model.RoundedPoint2D@227e11, Value: [Vertex(0, -1, 1)]
Key: com.catan.model.RoundedPoint2D@11ec62, Value: [Vertex(-1, -2, 5)]
Key: com.catan.model.RoundedPoint2D@11cd22, Value: [Vertex(-1, -2, 4)]
Key: com.catan.model.RoundedPoint2D@1935e1, Value: [Vertex(0, 2, 5), Vertex(-1, 2, 1)]
Key: com.catan.model.RoundedPoint2D@1916a1, Value: [Vertex(0, 2, 4), Vertex(-1, 2, 2)]
Key: com.catan.model.RoundedPoint2D@294a90, Value: [Vertex(1, 1, 2)]
Key: com.catan.model.RoundedPoint2D@2969d0, Value: [Vertex(1, 1, 1)]
Key: com.catan.model.RoundedPoint2D@18d821, Value: [Vertex(0, 0, 5)]
Key: com.catan.model.RoundedPoint2D@18b8e1, Value: [Vertex(0, 0, 4)]
Key: com.catan.model.RoundedPoint2D@185b21, Value: [Vertex(-1, -2, 2), Vertex(0, -2, 4)]
Key: com.catan.model.RoundedPoint2D@187a61, Value: [Vertex(-1, -2, 1), Vertex(0, -2, 5)]
Key: com.catan.model.RoundedPoint2D@15fe91, Value: [Vertex(-1, 2, 0)]
Key: com.catan.model.RoundedPoint2D@15a0d1, Value: [Vertex(-2, 1, 2)]
Key: com.catan.model.RoundedPoint2D@15c011, Value: [Vertex(-2, 1, 1), Vertex(-1, 2, 3)]
Key: com.catan.model.RoundedPoint2D@150491, Value: [Vertex(-1, -2, 3)]
Key: com.catan.model.RoundedPoint2D@154311, Value: [Vertex(-1, -2, 0)]
Key: com.catan.model.RoundedPoint2D@ed452, Value: [Vertex(-2, 0, 3)]
Key: com.catan.model.RoundedPoint2D@f3212, Value: [Vertex(-2, 1, 5)]
Key: com.catan.model.RoundedPoint2D@f12d2, Value: [Vertex(-2, 1, 4), Vertex(-2, 0, 0)]
Key: com.catan.model.RoundedPoint2D@1fc3c1, Value: [Vertex(1, 2, 5), Vertex(0, 2, 1)]
Key: com.catan.model.RoundedPoint2D@1fa481, Value: [Vertex(0, 1, 0), Vertex(1, 2, 4), Vertex(0, 2, 2)]
Key: com.catan.model.RoundedPoint2D@1f6601, Value: [Vertex(0, 0, 1), Vertex(0, 1, 3)]
Key: com.catan.model.RoundedPoint2D@1f0841, Value: [Vertex(0, -1, 3), Vertex(0, -2, 1), Vertex(1, -2, 5)]
Key: com.catan.model.RoundedPoint2D@1f46c1, Value: [Vertex(0, -1, 0), Vertex(0, 0, 2)]
Key: com.catan.model.RoundedPoint2D@1ee901, Value: [Vertex(0, -2, 2), Vertex(1, -2, 4)]
Key: com.catan.model.RoundedPoint2D@257700, Value: [Vertex(1, -2, 2)]
Key: com.catan.model.RoundedPoint2D@259640, Value: [Vertex(1, -2, 1)]
Key: com.catan.model.RoundedPoint2D@25f400, Value: [Vertex(1, 1, 3)]
Key: com.catan.model.RoundedPoint2D@2651c0, Value: [Vertex(1, 2, 1)]
Key: com.catan.model.RoundedPoint2D@263280, Value: [Vertex(1, 1, 0), Vertex(1, 2, 2)]
Key: com.catan.model.RoundedPoint2D@1b9271, Value: [Vertex(0, -2, 3)]
Key: com.catan.model.RoundedPoint2D@1bf031, Value: [Vertex(0, -1, 5), Vertex(0, 0, 3)]
Key: com.catan.model.RoundedPoint2D@1bd0f1, Value: [Vertex(0, -1, 4), Vertex(0, -2, 0)]
Key: com.catan.model.RoundedPoint2D@1c8c71, Value: [Vertex(0, 2, 0)]
Key: com.catan.model.RoundedPoint2D@1c4df1, Value: [Vertex(0, 1, 5), Vertex(0, 2, 3)]
Key: com.catan.model.RoundedPoint2D@1c2eb1, Value: [Vertex(0, 0, 0), Vertex(0, 1, 4)]
Key: com.catan.model.RoundedPoint2D@122ae2, Value: [Vertex(-2, 0, 2)]
Key: com.catan.model.RoundedPoint2D@12a7e2, Value: [Vertex(-1, 2, 5)]
Key: com.catan.model.RoundedPoint2D@124a22, Value: [Vertex(-2, 1, 3), Vertex(-2, 0, 1)]
Key: com.catan.model.RoundedPoint2D@1288a2, Value: [Vertex(-2, 1, 0), Vertex(-1, 2, 4)]
Key: com.catan.model.RoundedPoint2D@231a51, Value: [Vertex(1, 2, 0)]
Key: com.catan.model.RoundedPoint2D@222051, Value: [Vertex(1, -2, 3)]
Key: com.catan.model.RoundedPoint2D@22dbd1, Value: [Vertex(1, 1, 5), Vertex(0, 1, 1), Vertex(1, 2, 3)]
Key: com.catan.model.RoundedPoint2D@22bc91, Value: [Vertex(1, 1, 4), Vertex(0, 1, 2)]
Key: com.catan.model.RoundedPoint2D@225ed1, Value: [Vertex(0, -1, 2), Vertex(1, -2, 0)]
Key: com.catan.model.RoundedPoint2D@227e11, Value: [Vertex(0, -1, 1)]
Key: com.catan.model.RoundedPoint2D@11ec62, Value: [Vertex(-1, -2, 5)]
Key: com.catan.model.RoundedPoint2D@11cd22, Value: [Vertex(-1, -2, 4)]
Key: com.catan.model.RoundedPoint2D@1935e1, Value: [Vertex(0, 2, 5), Vertex(-1, 2, 1)]
Key: com.catan.model.RoundedPoint2D@1916a1, Value: [Vertex(0, 2, 4), Vertex(-1, 2, 2)]
Key: com.catan.model.RoundedPoint2D@294a90, Value: [Vertex(1, 1, 2)]
Key: com.catan.model.RoundedPoint2D@2969d0, Value: [Vertex(1, 1, 1)]
Key: com.catan.model.RoundedPoint2D@18d821, Value: [Vertex(0, 0, 5)]
Key: com.catan.model.RoundedPoint2D@18b8e1, Value: [Vertex(0, 0, 4)]
Key: com.catan.model.RoundedPoint2D@185b21, Value: [Vertex(-1, -2, 2), Vertex(0, -2, 4)]
Key: com.catan.model.RoundedPoint2D@187a61, Value: [Vertex(-1, -2, 1), Vertex(0, -2, 5)]
Key: com.catan.model.RoundedPoint2D@15fe91, Value: [Vertex(-1, 2, 0)]
Key: com.catan.model.RoundedPoint2D@15a0d1, Value: [Vertex(-2, 1, 2)]
Key: com.catan.model.RoundedPoint2D@15c011, Value: [Vertex(-2, 1, 1), Vertex(-1, 2, 3)]
Key: com.catan.model.RoundedPoint2D@150491, Value: [Vertex(-1, -2, 3)]
Key: com.catan.model.RoundedPoint2D@154311, Value: [Vertex(-1, -2, 0)]
Key: com.catan.model.RoundedPoint2D@b9d02, Value: [Vertex(-2, 0, 4)]
Key: com.catan.model.RoundedPoint2D@ed452, Value: [Vertex(-2, 0, 3)]
Key: com.catan.model.RoundedPoint2D@f3212, Value: [Vertex(-2, 1, 5)]
Key: com.catan.model.RoundedPoint2D@f12d2, Value: [Vertex(-2, 1, 4), Vertex(-2, 0, 0)]
Key: com.catan.model.RoundedPoint2D@1fc3c1, Value: [Vertex(1, 2, 5), Vertex(0, 2, 1)]
Key: com.catan.model.RoundedPoint2D@1fa481, Value: [Vertex(0, 1, 0), Vertex(1, 2, 4), Vertex(0, 2, 2)]
Key: com.catan.model.RoundedPoint2D@1f6601, Value: [Vertex(0, 0, 1), Vertex(0, 1, 3)]
Key: com.catan.model.RoundedPoint2D@1f0841, Value: [Vertex(0, -1, 3), Vertex(0, -2, 1), Vertex(1, -2, 5)]
Key: com.catan.model.RoundedPoint2D@1f46c1, Value: [Vertex(0, -1, 0), Vertex(0, 0, 2)]
Key: com.catan.model.RoundedPoint2D@1ee901, Value: [Vertex(0, -2, 2), Vertex(1, -2, 4)]
Key: com.catan.model.RoundedPoint2D@257700, Value: [Vertex(1, -2, 2)]
Key: com.catan.model.RoundedPoint2D@259640, Value: [Vertex(1, -2, 1)]
Key: com.catan.model.RoundedPoint2D@25f400, Value: [Vertex(1, 1, 3)]
Key: com.catan.model.RoundedPoint2D@2651c0, Value: [Vertex(1, 2, 1)]
Key: com.catan.model.RoundedPoint2D@263280, Value: [Vertex(1, 1, 0), Vertex(1, 2, 2)]
Key: com.catan.model.RoundedPoint2D@1b9271, Value: [Vertex(0, -2, 3)]
Key: com.catan.model.RoundedPoint2D@1bf031, Value: [Vertex(0, -1, 5), Vertex(0, 0, 3)]
Key: com.catan.model.RoundedPoint2D@1bd0f1, Value: [Vertex(0, -1, 4), Vertex(0, -2, 0)]
Key: com.catan.model.RoundedPoint2D@1c8c71, Value: [Vertex(0, 2, 0)]
Key: com.catan.model.RoundedPoint2D@1c4df1, Value: [Vertex(0, 1, 5), Vertex(0, 2, 3)]
Key: com.catan.model.RoundedPoint2D@1c2eb1, Value: [Vertex(0, 0, 0), Vertex(0, 1, 4)]
Key: com.catan.model.RoundedPoint2D@122ae2, Value: [Vertex(-2, 0, 2)]
Key: com.catan.model.RoundedPoint2D@12a7e2, Value: [Vertex(-1, 2, 5)]
Key: com.catan.model.RoundedPoint2D@124a22, Value: [Vertex(-2, 1, 3), Vertex(-2, 0, 1)]
Key: com.catan.model.RoundedPoint2D@1288a2, Value: [Vertex(-2, 1, 0), Vertex(-1, 2, 4)]
Key: com.catan.model.RoundedPoint2D@231a51, Value: [Vertex(1, 2, 0)]
Key: com.catan.model.RoundedPoint2D@222051, Value: [Vertex(1, -2, 3)]
Key: com.catan.model.RoundedPoint2D@22dbd1, Value: [Vertex(1, 1, 5), Vertex(0, 1, 1), Vertex(1, 2, 3)]
Key: com.catan.model.RoundedPoint2D@22bc91, Value: [Vertex(1, 1, 4), Vertex(0, 1, 2)]
Key: com.catan.model.RoundedPoint2D@225ed1, Value: [Vertex(0, -1, 2), Vertex(1, -2, 0)]
Key: com.catan.model.RoundedPoint2D@227e11, Value: [Vertex(0, -1, 1)]
Key: com.catan.model.RoundedPoint2D@11ec62, Value: [Vertex(-1, -2, 5)]
Key: com.catan.model.RoundedPoint2D@11cd22, Value: [Vertex(-1, -2, 4)]
Key: com.catan.model.RoundedPoint2D@1935e1, Value: [Vertex(0, 2, 5), Vertex(-1, 2, 1)]
Key: com.catan.model.RoundedPoint2D@1916a1, Value: [Vertex(0, 2, 4), Vertex(-1, 2, 2)]
Key: com.catan.model.RoundedPoint2D@294a90, Value: [Vertex(1, 1, 2)]
Key: com.catan.model.RoundedPoint2D@2969d0, Value: [Vertex(1, 1, 1)]
Key: com.catan.model.RoundedPoint2D@18d821, Value: [Vertex(0, 0, 5)]
Key: com.catan.model.RoundedPoint2D@18b8e1, Value: [Vertex(0, 0, 4)]
Key: com.catan.model.RoundedPoint2D@185b21, Value: [Vertex(-1, -2, 2), Vertex(0, -2, 4)]
Key: com.catan.model.RoundedPoint2D@187a61, Value: [Vertex(-1, -2, 1), Vertex(0, -2, 5)]
Key: com.catan.model.RoundedPoint2D@15fe91, Value: [Vertex(-1, 2, 0)]
Key: com.catan.model.RoundedPoint2D@15a0d1, Value: [Vertex(-2, 1, 2)]
Key: com.catan.model.RoundedPoint2D@15c011, Value: [Vertex(-2, 1, 1), Vertex(-1, 2, 3)]
Key: com.catan.model.RoundedPoint2D@150491, Value: [Vertex(-1, -2, 3)]
Key: com.catan.model.RoundedPoint2D@154311, Value: [Vertex(-1, -2, 0)]
Key: com.catan.model.RoundedPoint2D@bbc42, Value: [Vertex(-2, 0, 5)]
Key: com.catan.model.RoundedPoint2D@b9d02, Value: [Vertex(-2, 0, 4)]
Key: com.catan.model.RoundedPoint2D@ed452, Value: [Vertex(-2, 0, 3)]
Key: com.catan.model.RoundedPoint2D@f3212, Value: [Vertex(-2, 1, 5)]
Key: com.catan.model.RoundedPoint2D@f12d2, Value: [Vertex(-2, 1, 4), Vertex(-2, 0, 0)]
Key: com.catan.model.RoundedPoint2D@1fc3c1, Value: [Vertex(1, 2, 5), Vertex(0, 2, 1)]
Key: com.catan.model.RoundedPoint2D@1fa481, Value: [Vertex(0, 1, 0), Vertex(1, 2, 4), Vertex(0, 2, 2)]
Key: com.catan.model.RoundedPoint2D@1f6601, Value: [Vertex(0, 0, 1), Vertex(0, 1, 3)]
Key: com.catan.model.RoundedPoint2D@1f0841, Value: [Vertex(0, -1, 3), Vertex(0, -2, 1), Vertex(1, -2, 5)]
Key: com.catan.model.RoundedPoint2D@1f46c1, Value: [Vertex(0, -1, 0), Vertex(0, 0, 2)]
Key: com.catan.model.RoundedPoint2D@1ee901, Value: [Vertex(0, -2, 2), Vertex(1, -2, 4)]
Key: com.catan.model.RoundedPoint2D@257700, Value: [Vertex(1, -2, 2)]
Key: com.catan.model.RoundedPoint2D@259640, Value: [Vertex(1, -2, 1)]
Key: com.catan.model.RoundedPoint2D@25f400, Value: [Vertex(1, 1, 3)]
Key: com.catan.model.RoundedPoint2D@2651c0, Value: [Vertex(1, 2, 1)]
Key: com.catan.model.RoundedPoint2D@263280, Value: [Vertex(1, 1, 0), Vertex(1, 2, 2)]
Key: com.catan.model.RoundedPoint2D@1b9271, Value: [Vertex(0, -2, 3)]
Key: com.catan.model.RoundedPoint2D@1bf031, Value: [Vertex(0, -1, 5), Vertex(0, 0, 3)]
Key: com.catan.model.RoundedPoint2D@1bd0f1, Value: [Vertex(0, -1, 4), Vertex(0, -2, 0)]
Key: com.catan.model.RoundedPoint2D@1c8c71, Value: [Vertex(0, 2, 0)]
Key: com.catan.model.RoundedPoint2D@1c4df1, Value: [Vertex(0, 1, 5), Vertex(0, 2, 3)]
Key: com.catan.model.RoundedPoint2D@1c2eb1, Value: [Vertex(0, 0, 0), Vertex(0, 1, 4)]
Key: com.catan.model.RoundedPoint2D@122ae2, Value: [Vertex(-2, 0, 2)]
Key: com.catan.model.RoundedPoint2D@12a7e2, Value: [Vertex(-1, 2, 5)]
Key: com.catan.model.RoundedPoint2D@124a22, Value: [Vertex(-2, 1, 3), Vertex(-2, 0, 1)]
Key: com.catan.model.RoundedPoint2D@1288a2, Value: [Vertex(-2, 1, 0), Vertex(-1, 2, 4)]
Key: com.catan.model.RoundedPoint2D@231a51, Value: [Vertex(1, 2, 0)]
Key: com.catan.model.RoundedPoint2D@222051, Value: [Vertex(1, -2, 3)]
Key: com.catan.model.RoundedPoint2D@22dbd1, Value: [Vertex(1, 1, 5), Vertex(0, 1, 1), Vertex(1, 2, 3)]
Key: com.catan.model.RoundedPoint2D@22bc91, Value: [Vertex(1, 1, 4), Vertex(0, 1, 2)]
Key: com.catan.model.RoundedPoint2D@225ed1, Value: [Vertex(0, -1, 2), Vertex(1, -2, 0)]
Key: com.catan.model.RoundedPoint2D@227e11, Value: [Vertex(0, -1, 1)]
Key: com.catan.model.RoundedPoint2D@11ec62, Value: [Vertex(-1, -2, 5)]
Key: com.catan.model.RoundedPoint2D@11cd22, Value: [Vertex(-1, -2, 4)]
Key: com.catan.model.RoundedPoint2D@1935e1, Value: [Vertex(0, 2, 5), Vertex(-1, 2, 1)]
Key: com.catan.model.RoundedPoint2D@1916a1, Value: [Vertex(0, 2, 4), Vertex(-1, 2, 2)]
Key: com.catan.model.RoundedPoint2D@294a90, Value: [Vertex(1, 1, 2)]
Key: com.catan.model.RoundedPoint2D@2969d0, Value: [Vertex(1, 1, 1)]
Key: com.catan.model.RoundedPoint2D@18d821, Value: [Vertex(0, 0, 5)]
Key: com.catan.model.RoundedPoint2D@18b8e1, Value: [Vertex(0, 0, 4)]
Key: com.catan.model.RoundedPoint2D@185b21, Value: [Vertex(-1, -2, 2), Vertex(0, -2, 4)]
Key: com.catan.model.RoundedPoint2D@187a61, Value: [Vertex(-1, -2, 1), Vertex(0, -2, 5)]
Key: com.catan.model.RoundedPoint2D@15fe91, Value: [Vertex(-1, 2, 0)]
Key: com.catan.model.RoundedPoint2D@15a0d1, Value: [Vertex(-2, 1, 2)]
Key: com.catan.model.RoundedPoint2D@15c011, Value: [Vertex(-2, 1, 1), Vertex(-1, 2, 3)]
Key: com.catan.model.RoundedPoint2D@150491, Value: [Vertex(-1, -2, 3)]
Key: com.catan.model.RoundedPoint2D@154311, Value: [Vertex(-1, -2, 0)]
Key: com.catan.model.RoundedPoint2D@bbc42, Value: [Vertex(-2, 0, 5)]
Key: com.catan.model.RoundedPoint2D@b9d02, Value: [Vertex(-2, 0, 4)]
Key: com.catan.model.RoundedPoint2D@ed452, Value: [Vertex(-2, 0, 3)]
Key: com.catan.model.RoundedPoint2D@f3212, Value: [Vertex(-2, 1, 5)]
Key: com.catan.model.RoundedPoint2D@f12d2, Value: [Vertex(-2, 1, 4), Vertex(-2, 0, 0)]
Key: com.catan.model.RoundedPoint2D@1fc3c1, Value: [Vertex(1, 2, 5), Vertex(0, 2, 1)]
Key: com.catan.model.RoundedPoint2D@1fa481, Value: [Vertex(0, 1, 0), Vertex(1, 2, 4), Vertex(0, 2, 2)]
Key: com.catan.model.RoundedPoint2D@1f6601, Value: [Vertex(0, 0, 1), Vertex(0, 1, 3)]
Key: com.catan.model.RoundedPoint2D@1f0841, Value: [Vertex(0, -1, 3), Vertex(0, -2, 1), Vertex(1, -2, 5)]
Key: com.catan.model.RoundedPoint2D@1f46c1, Value: [Vertex(0, -1, 0), Vertex(0, 0, 2)]
Key: com.catan.model.RoundedPoint2D@1ee901, Value: [Vertex(0, -2, 2), Vertex(1, -2, 4)]
Key: com.catan.model.RoundedPoint2D@257700, Value: [Vertex(1, -2, 2)]
Key: com.catan.model.RoundedPoint2D@259640, Value: [Vertex(1, -2, 1)]
Key: com.catan.model.RoundedPoint2D@25f400, Value: [Vertex(1, 1, 3)]
Key: com.catan.model.RoundedPoint2D@2651c0, Value: [Vertex(1, 2, 1)]
Key: com.catan.model.RoundedPoint2D@263280, Value: [Vertex(1, 1, 0), Vertex(1, 2, 2)]
Key: com.catan.model.RoundedPoint2D@1b9271, Value: [Vertex(0, -2, 3)]
Key: com.catan.model.RoundedPoint2D@1bf031, Value: [Vertex(0, -1, 5), Vertex(0, 0, 3)]
Key: com.catan.model.RoundedPoint2D@1bd0f1, Value: [Vertex(0, -1, 4), Vertex(0, -2, 0)]
Key: com.catan.model.RoundedPoint2D@1c8c71, Value: [Vertex(0, 2, 0)]
Key: com.catan.model.RoundedPoint2D@1c4df1, Value: [Vertex(0, 1, 5), Vertex(0, 2, 3)]
Key: com.catan.model.RoundedPoint2D@1c2eb1, Value: [Vertex(0, 0, 0), Vertex(0, 1, 4)]
Key: com.catan.model.RoundedPoint2D@122ae2, Value: [Vertex(-2, 0, 2)]
Key: com.catan.model.RoundedPoint2D@12a7e2, Value: [Vertex(-1, 2, 5)]
Key: com.catan.model.RoundedPoint2D@124a22, Value: [Vertex(-2, 1, 3), Vertex(-2, 0, 1)]
Key: com.catan.model.RoundedPoint2D@1288a2, Value: [Vertex(-2, 1, 0), Vertex(-1, 2, 4)]
Key: com.catan.model.RoundedPoint2D@231a51, Value: [Vertex(1, 2, 0)]
Key: com.catan.model.RoundedPoint2D@222051, Value: [Vertex(1, -2, 3)]
Key: com.catan.model.RoundedPoint2D@22dbd1, Value: [Vertex(1, 1, 5), Vertex(0, 1, 1), Vertex(1, 2, 3)]
Key: com.catan.model.RoundedPoint2D@22bc91, Value: [Vertex(1, 1, 4), Vertex(0, 1, 2)]
Key: com.catan.model.RoundedPoint2D@225ed1, Value: [Vertex(0, -1, 2), Vertex(1, -2, 0)]
Key: com.catan.model.RoundedPoint2D@227e11, Value: [Vertex(0, -1, 1)]
Key: com.catan.model.RoundedPoint2D@11ec62, Value: [Vertex(-1, -2, 5)]
Key: com.catan.model.RoundedPoint2D@11cd22, Value: [Vertex(-1, -2, 4)]
Key: com.catan.model.RoundedPoint2D@1935e1, Value: [Vertex(0, 2, 5), Vertex(-1, 2, 1)]
Key: com.catan.model.RoundedPoint2D@1916a1, Value: [Vertex(0, 2, 4), Vertex(-1, 2, 2), Vertex(-1, 1, 0)]
Key: com.catan.model.RoundedPoint2D@294a90, Value: [Vertex(1, 1, 2)]
Key: com.catan.model.RoundedPoint2D@2969d0, Value: [Vertex(1, 1, 1)]
Key: com.catan.model.RoundedPoint2D@18d821, Value: [Vertex(0, 0, 5)]
Key: com.catan.model.RoundedPoint2D@18b8e1, Value: [Vertex(0, 0, 4)]
Key: com.catan.model.RoundedPoint2D@185b21, Value: [Vertex(-1, -2, 2), Vertex(0, -2, 4)]
Key: com.catan.model.RoundedPoint2D@187a61, Value: [Vertex(-1, -2, 1), Vertex(0, -2, 5)]
Key: com.catan.model.RoundedPoint2D@15fe91, Value: [Vertex(-1, 2, 0)]
Key: com.catan.model.RoundedPoint2D@15a0d1, Value: [Vertex(-2, 1, 2)]
Key: com.catan.model.RoundedPoint2D@15c011, Value: [Vertex(-2, 1, 1), Vertex(-1, 2, 3)]
Key: com.catan.model.RoundedPoint2D@150491, Value: [Vertex(-1, -2, 3)]
Key: com.catan.model.RoundedPoint2D@154311, Value: [Vertex(-1, -2, 0)]
Key: com.catan.model.RoundedPoint2D@bbc42, Value: [Vertex(-2, 0, 5)]
Key: com.catan.model.RoundedPoint2D@b9d02, Value: [Vertex(-2, 0, 4)]
Key: com.catan.model.RoundedPoint2D@ed452, Value: [Vertex(-2, 0, 3)]
Key: com.catan.model.RoundedPoint2D@f3212, Value: [Vertex(-2, 1, 5)]
Key: com.catan.model.RoundedPoint2D@f12d2, Value: [Vertex(-2, 1, 4), Vertex(-2, 0, 0)]
Key: com.catan.model.RoundedPoint2D@1fc3c1, Value: [Vertex(1, 2, 5), Vertex(0, 2, 1)]
Key: com.catan.model.RoundedPoint2D@1fa481, Value: [Vertex(0, 1, 0), Vertex(1, 2, 4), Vertex(0, 2, 2)]
Key: com.catan.model.RoundedPoint2D@1f6601, Value: [Vertex(0, 0, 1), Vertex(0, 1, 3)]
Key: com.catan.model.RoundedPoint2D@1f0841, Value: [Vertex(0, -1, 3), Vertex(0, -2, 1), Vertex(1, -2, 5)]
Key: com.catan.model.RoundedPoint2D@1f46c1, Value: [Vertex(0, -1, 0), Vertex(0, 0, 2)]
Key: com.catan.model.RoundedPoint2D@1ee901, Value: [Vertex(0, -2, 2), Vertex(1, -2, 4)]
Key: com.catan.model.RoundedPoint2D@257700, Value: [Vertex(1, -2, 2)]
Key: com.catan.model.RoundedPoint2D@259640, Value: [Vertex(1, -2, 1)]
Key: com.catan.model.RoundedPoint2D@25f400, Value: [Vertex(1, 1, 3)]
Key: com.catan.model.RoundedPoint2D@2651c0, Value: [Vertex(1, 2, 1)]
Key: com.catan.model.RoundedPoint2D@263280, Value: [Vertex(1, 1, 0), Vertex(1, 2, 2)]
Key: com.catan.model.RoundedPoint2D@1b9271, Value: [Vertex(0, -2, 3)]
Key: com.catan.model.RoundedPoint2D@1bf031, Value: [Vertex(0, -1, 5), Vertex(0, 0, 3)]
Key: com.catan.model.RoundedPoint2D@1bd0f1, Value: [Vertex(0, -1, 4), Vertex(0, -2, 0)]
Key: com.catan.model.RoundedPoint2D@1c8c71, Value: [Vertex(0, 2, 0)]
Key: com.catan.model.RoundedPoint2D@1c4df1, Value: [Vertex(0, 1, 5), Vertex(0, 2, 3), Vertex(-1, 1, 1)]
Key: com.catan.model.RoundedPoint2D@1c2eb1, Value: [Vertex(0, 0, 0), Vertex(0, 1, 4)]
Key: com.catan.model.RoundedPoint2D@122ae2, Value: [Vertex(-2, 0, 2)]
Key: com.catan.model.RoundedPoint2D@12a7e2, Value: [Vertex(-1, 2, 5)]
Key: com.catan.model.RoundedPoint2D@124a22, Value: [Vertex(-2, 1, 3), Vertex(-2, 0, 1)]
Key: com.catan.model.RoundedPoint2D@1288a2, Value: [Vertex(-2, 1, 0), Vertex(-1, 2, 4)]
Key: com.catan.model.RoundedPoint2D@231a51, Value: [Vertex(1, 2, 0)]
Key: com.catan.model.RoundedPoint2D@222051, Value: [Vertex(1, -2, 3)]
Key: com.catan.model.RoundedPoint2D@22dbd1, Value: [Vertex(1, 1, 5), Vertex(0, 1, 1), Vertex(1, 2, 3)]
Key: com.catan.model.RoundedPoint2D@22bc91, Value: [Vertex(1, 1, 4), Vertex(0, 1, 2)]
Key: com.catan.model.RoundedPoint2D@225ed1, Value: [Vertex(0, -1, 2), Vertex(1, -2, 0)]
Key: com.catan.model.RoundedPoint2D@227e11, Value: [Vertex(0, -1, 1)]
Key: com.catan.model.RoundedPoint2D@11ec62, Value: [Vertex(-1, -2, 5)]
Key: com.catan.model.RoundedPoint2D@11cd22, Value: [Vertex(-1, -2, 4)]
Key: com.catan.model.RoundedPoint2D@1935e1, Value: [Vertex(0, 2, 5), Vertex(-1, 2, 1)]
Key: com.catan.model.RoundedPoint2D@1916a1, Value: [Vertex(0, 2, 4), Vertex(-1, 2, 2), Vertex(-1, 1, 0)]
Key: com.catan.model.RoundedPoint2D@294a90, Value: [Vertex(1, 1, 2)]
Key: com.catan.model.RoundedPoint2D@2969d0, Value: [Vertex(1, 1, 1)]
Key: com.catan.model.RoundedPoint2D@18d821, Value: [Vertex(0, 0, 5)]
Key: com.catan.model.RoundedPoint2D@18b8e1, Value: [Vertex(0, 0, 4)]
Key: com.catan.model.RoundedPoint2D@185b21, Value: [Vertex(-1, -2, 2), Vertex(0, -2, 4)]
Key: com.catan.model.RoundedPoint2D@187a61, Value: [Vertex(-1, -2, 1), Vertex(0, -2, 5)]
Key: com.catan.model.RoundedPoint2D@15fe91, Value: [Vertex(-1, 2, 0)]
Key: com.catan.model.RoundedPoint2D@15a0d1, Value: [Vertex(-2, 1, 2)]
Key: com.catan.model.RoundedPoint2D@15c011, Value: [Vertex(-2, 1, 1), Vertex(-1, 2, 3)]
Key: com.catan.model.RoundedPoint2D@150491, Value: [Vertex(-1, -2, 3)]
Key: com.catan.model.RoundedPoint2D@154311, Value: [Vertex(-1, -2, 0)]
Key: com.catan.model.RoundedPoint2D@bbc42, Value: [Vertex(-2, 0, 5)]
Key: com.catan.model.RoundedPoint2D@b9d02, Value: [Vertex(-2, 0, 4)]
Key: com.catan.model.RoundedPoint2D@ed452, Value: [Vertex(-2, 0, 3)]
Key: com.catan.model.RoundedPoint2D@f3212, Value: [Vertex(-2, 1, 5)]
Key: com.catan.model.RoundedPoint2D@f12d2, Value: [Vertex(-2, 1, 4), Vertex(-2, 0, 0)]
Key: com.catan.model.RoundedPoint2D@1fc3c1, Value: [Vertex(1, 2, 5), Vertex(0, 2, 1)]
Key: com.catan.model.RoundedPoint2D@1fa481, Value: [Vertex(0, 1, 0), Vertex(1, 2, 4), Vertex(0, 2, 2)]
Key: com.catan.model.RoundedPoint2D@1f6601, Value: [Vertex(0, 0, 1), Vertex(0, 1, 3)]
Key: com.catan.model.RoundedPoint2D@1f0841, Value: [Vertex(0, -1, 3), Vertex(0, -2, 1), Vertex(1, -2, 5)]
Key: com.catan.model.RoundedPoint2D@1f46c1, Value: [Vertex(0, -1, 0), Vertex(0, 0, 2)]
Key: com.catan.model.RoundedPoint2D@1ee901, Value: [Vertex(0, -2, 2), Vertex(1, -2, 4)]
Key: com.catan.model.RoundedPoint2D@257700, Value: [Vertex(1, -2, 2)]
Key: com.catan.model.RoundedPoint2D@259640, Value: [Vertex(1, -2, 1)]
Key: com.catan.model.RoundedPoint2D@25f400, Value: [Vertex(1, 1, 3)]
Key: com.catan.model.RoundedPoint2D@2651c0, Value: [Vertex(1, 2, 1)]
Key: com.catan.model.RoundedPoint2D@263280, Value: [Vertex(1, 1, 0), Vertex(1, 2, 2)]
Key: com.catan.model.RoundedPoint2D@1b9271, Value: [Vertex(0, -2, 3)]
Key: com.catan.model.RoundedPoint2D@1bf031, Value: [Vertex(0, -1, 5), Vertex(0, 0, 3)]
Key: com.catan.model.RoundedPoint2D@1bd0f1, Value: [Vertex(0, -1, 4), Vertex(0, -2, 0)]
Key: com.catan.model.RoundedPoint2D@1c8c71, Value: [Vertex(0, 2, 0)]
Key: com.catan.model.RoundedPoint2D@1c4df1, Value: [Vertex(0, 1, 5), Vertex(0, 2, 3), Vertex(-1, 1, 1)]
Key: com.catan.model.RoundedPoint2D@1c2eb1, Value: [Vertex(0, 0, 0), Vertex(0, 1, 4), Vertex(-1, 1, 2)]
Key: com.catan.model.RoundedPoint2D@122ae2, Value: [Vertex(-2, 0, 2)]
Key: com.catan.model.RoundedPoint2D@12a7e2, Value: [Vertex(-1, 2, 5)]
Key: com.catan.model.RoundedPoint2D@124a22, Value: [Vertex(-2, 1, 3), Vertex(-2, 0, 1)]
Key: com.catan.model.RoundedPoint2D@1288a2, Value: [Vertex(-2, 1, 0), Vertex(-1, 2, 4)]
Key: com.catan.model.RoundedPoint2D@231a51, Value: [Vertex(1, 2, 0)]
Key: com.catan.model.RoundedPoint2D@222051, Value: [Vertex(1, -2, 3)]
Key: com.catan.model.RoundedPoint2D@22dbd1, Value: [Vertex(1, 1, 5), Vertex(0, 1, 1), Vertex(1, 2, 3)]
Key: com.catan.model.RoundedPoint2D@22bc91, Value: [Vertex(1, 1, 4), Vertex(0, 1, 2)]
Key: com.catan.model.RoundedPoint2D@225ed1, Value: [Vertex(0, -1, 2), Vertex(1, -2, 0)]
Key: com.catan.model.RoundedPoint2D@227e11, Value: [Vertex(0, -1, 1)]
Key: com.catan.model.RoundedPoint2D@11ec62, Value: [Vertex(-1, -2, 5)]
Key: com.catan.model.RoundedPoint2D@11cd22, Value: [Vertex(-1, -2, 4)]
Key: com.catan.model.RoundedPoint2D@1935e1, Value: [Vertex(0, 2, 5), Vertex(-1, 2, 1)]
Key: com.catan.model.RoundedPoint2D@1916a1, Value: [Vertex(0, 2, 4), Vertex(-1, 2, 2), Vertex(-1, 1, 0)]
Key: com.catan.model.RoundedPoint2D@294a90, Value: [Vertex(1, 1, 2)]
Key: com.catan.model.RoundedPoint2D@2969d0, Value: [Vertex(1, 1, 1)]
Key: com.catan.model.RoundedPoint2D@18d821, Value: [Vertex(0, 0, 5)]
Key: com.catan.model.RoundedPoint2D@18b8e1, Value: [Vertex(0, 0, 4)]
Key: com.catan.model.RoundedPoint2D@185b21, Value: [Vertex(-1, -2, 2), Vertex(0, -2, 4)]
Key: com.catan.model.RoundedPoint2D@187a61, Value: [Vertex(-1, -2, 1), Vertex(0, -2, 5)]
Key: com.catan.model.RoundedPoint2D@15fe91, Value: [Vertex(-1, 2, 0)]
Key: com.catan.model.RoundedPoint2D@15a0d1, Value: [Vertex(-2, 1, 2)]
Key: com.catan.model.RoundedPoint2D@15c011, Value: [Vertex(-2, 1, 1), Vertex(-1, 2, 3)]
Key: com.catan.model.RoundedPoint2D@150491, Value: [Vertex(-1, -2, 3)]
Key: com.catan.model.RoundedPoint2D@154311, Value: [Vertex(-1, -2, 0)]
Key: com.catan.model.RoundedPoint2D@bbc42, Value: [Vertex(-2, 0, 5)]
Key: com.catan.model.RoundedPoint2D@b9d02, Value: [Vertex(-2, 0, 4)]
Key: com.catan.model.RoundedPoint2D@ed452, Value: [Vertex(-2, 0, 3)]
Key: com.catan.model.RoundedPoint2D@f3212, Value: [Vertex(-2, 1, 5)]
Key: com.catan.model.RoundedPoint2D@f12d2, Value: [Vertex(-2, 1, 4), Vertex(-2, 0, 0)]
Key: com.catan.model.RoundedPoint2D@1fc3c1, Value: [Vertex(1, 2, 5), Vertex(0, 2, 1)]
Key: com.catan.model.RoundedPoint2D@1fa481, Value: [Vertex(0, 1, 0), Vertex(1, 2, 4), Vertex(0, 2, 2)]
Key: com.catan.model.RoundedPoint2D@1f6601, Value: [Vertex(0, 0, 1), Vertex(0, 1, 3)]
Key: com.catan.model.RoundedPoint2D@1f0841, Value: [Vertex(0, -1, 3), Vertex(0, -2, 1), Vertex(1, -2, 5)]
Key: com.catan.model.RoundedPoint2D@1f46c1, Value: [Vertex(0, -1, 0), Vertex(0, 0, 2)]
Key: com.catan.model.RoundedPoint2D@1ee901, Value: [Vertex(0, -2, 2), Vertex(1, -2, 4)]
Key: com.catan.model.RoundedPoint2D@257700, Value: [Vertex(1, -2, 2)]
Key: com.catan.model.RoundedPoint2D@259640, Value: [Vertex(1, -2, 1)]
Key: com.catan.model.RoundedPoint2D@25f400, Value: [Vertex(1, 1, 3)]
Key: com.catan.model.RoundedPoint2D@2651c0, Value: [Vertex(1, 2, 1)]
Key: com.catan.model.RoundedPoint2D@263280, Value: [Vertex(1, 1, 0), Vertex(1, 2, 2)]
Key: com.catan.model.RoundedPoint2D@1b9271, Value: [Vertex(0, -2, 3)]
Key: com.catan.model.RoundedPoint2D@1bf031, Value: [Vertex(0, -1, 5), Vertex(0, 0, 3)]
Key: com.catan.model.RoundedPoint2D@1bd0f1, Value: [Vertex(0, -1, 4), Vertex(0, -2, 0)]
Key: com.catan.model.RoundedPoint2D@1c8c71, Value: [Vertex(0, 2, 0)]
Key: com.catan.model.RoundedPoint2D@1c4df1, Value: [Vertex(0, 1, 5), Vertex(0, 2, 3), Vertex(-1, 1, 1)]
Key: com.catan.model.RoundedPoint2D@1c2eb1, Value: [Vertex(0, 0, 0), Vertex(0, 1, 4), Vertex(-1, 1, 2)]
Key: com.catan.model.RoundedPoint2D@122ae2, Value: [Vertex(-2, 0, 2)]
Key: com.catan.model.RoundedPoint2D@12a7e2, Value: [Vertex(-1, 2, 5)]
Key: com.catan.model.RoundedPoint2D@124a22, Value: [Vertex(-2, 1, 3), Vertex(-2, 0, 1)]
Key: com.catan.model.RoundedPoint2D@1288a2, Value: [Vertex(-2, 1, 0), Vertex(-1, 2, 4)]
Key: com.catan.model.RoundedPoint2D@231a51, Value: [Vertex(1, 2, 0)]
Key: com.catan.model.RoundedPoint2D@222051, Value: [Vertex(1, -2, 3)]
Key: com.catan.model.RoundedPoint2D@22dbd1, Value: [Vertex(1, 1, 5), Vertex(0, 1, 1), Vertex(1, 2, 3)]
Key: com.catan.model.RoundedPoint2D@22bc91, Value: [Vertex(1, 1, 4), Vertex(0, 1, 2)]
Key: com.catan.model.RoundedPoint2D@225ed1, Value: [Vertex(0, -1, 2), Vertex(1, -2, 0)]
Key: com.catan.model.RoundedPoint2D@227e11, Value: [Vertex(0, -1, 1)]
Key: com.catan.model.RoundedPoint2D@11ec62, Value: [Vertex(-1, -2, 5)]
Key: com.catan.model.RoundedPoint2D@11cd22, Value: [Vertex(-1, -2, 4)]
Key: com.catan.model.RoundedPoint2D@1935e1, Value: [Vertex(0, 2, 5), Vertex(-1, 2, 1)]
Key: com.catan.model.RoundedPoint2D@1916a1, Value: [Vertex(0, 2, 4), Vertex(-1, 2, 2), Vertex(-1, 1, 0)]
Key: com.catan.model.RoundedPoint2D@294a90, Value: [Vertex(1, 1, 2)]
Key: com.catan.model.RoundedPoint2D@2969d0, Value: [Vertex(1, 1, 1)]
Key: com.catan.model.RoundedPoint2D@18d821, Value: [Vertex(0, 0, 5), Vertex(-1, 1, 3)]
Key: com.catan.model.RoundedPoint2D@18b8e1, Value: [Vertex(0, 0, 4)]
Key: com.catan.model.RoundedPoint2D@185b21, Value: [Vertex(-1, -2, 2), Vertex(0, -2, 4)]
Key: com.catan.model.RoundedPoint2D@187a61, Value: [Vertex(-1, -2, 1), Vertex(0, -2, 5)]
Key: com.catan.model.RoundedPoint2D@15fe91, Value: [Vertex(-1, 2, 0)]
Key: com.catan.model.RoundedPoint2D@15a0d1, Value: [Vertex(-2, 1, 2), Vertex(-1, 1, 4)]
Key: com.catan.model.RoundedPoint2D@15c011, Value: [Vertex(-2, 1, 1), Vertex(-1, 2, 3)]
Key: com.catan.model.RoundedPoint2D@150491, Value: [Vertex(-1, -2, 3)]
Key: com.catan.model.RoundedPoint2D@154311, Value: [Vertex(-1, -2, 0)]
Key: com.catan.model.RoundedPoint2D@bbc42, Value: [Vertex(-2, 0, 5)]
Key: com.catan.model.RoundedPoint2D@b9d02, Value: [Vertex(-2, 0, 4)]
Key: com.catan.model.RoundedPoint2D@ed452, Value: [Vertex(-2, 0, 3)]
Key: com.catan.model.RoundedPoint2D@f3212, Value: [Vertex(-2, 1, 5)]
Key: com.catan.model.RoundedPoint2D@f12d2, Value: [Vertex(-2, 1, 4), Vertex(-2, 0, 0)]
Key: com.catan.model.RoundedPoint2D@1fc3c1, Value: [Vertex(1, 2, 5), Vertex(0, 2, 1)]
Key: com.catan.model.RoundedPoint2D@1fa481, Value: [Vertex(0, 1, 0), Vertex(1, 2, 4), Vertex(0, 2, 2)]
Key: com.catan.model.RoundedPoint2D@1f6601, Value: [Vertex(0, 0, 1), Vertex(0, 1, 3)]
Key: com.catan.model.RoundedPoint2D@1f0841, Value: [Vertex(0, -1, 3), Vertex(0, -2, 1), Vertex(1, -2, 5)]
Key: com.catan.model.RoundedPoint2D@1f46c1, Value: [Vertex(0, -1, 0), Vertex(0, 0, 2)]
Key: com.catan.model.RoundedPoint2D@1ee901, Value: [Vertex(0, -2, 2), Vertex(1, -2, 4)]
Key: com.catan.model.RoundedPoint2D@257700, Value: [Vertex(1, -2, 2)]
Key: com.catan.model.RoundedPoint2D@259640, Value: [Vertex(1, -2, 1)]
Key: com.catan.model.RoundedPoint2D@25f400, Value: [Vertex(1, 1, 3)]
Key: com.catan.model.RoundedPoint2D@2651c0, Value: [Vertex(1, 2, 1)]
Key: com.catan.model.RoundedPoint2D@263280, Value: [Vertex(1, 1, 0), Vertex(1, 2, 2)]
Key: com.catan.model.RoundedPoint2D@1b9271, Value: [Vertex(0, -2, 3)]
Key: com.catan.model.RoundedPoint2D@1bf031, Value: [Vertex(0, -1, 5), Vertex(0, 0, 3)]
Key: com.catan.model.RoundedPoint2D@1bd0f1, Value: [Vertex(0, -1, 4), Vertex(0, -2, 0)]
Key: com.catan.model.RoundedPoint2D@1c8c71, Value: [Vertex(0, 2, 0)]
Key: com.catan.model.RoundedPoint2D@1c4df1, Value: [Vertex(0, 1, 5), Vertex(0, 2, 3), Vertex(-1, 1, 1)]
Key: com.catan.model.RoundedPoint2D@1c2eb1, Value: [Vertex(0, 0, 0), Vertex(0, 1, 4), Vertex(-1, 1, 2)]
Key: com.catan.model.RoundedPoint2D@122ae2, Value: [Vertex(-2, 0, 2)]
Key: com.catan.model.RoundedPoint2D@12a7e2, Value: [Vertex(-1, 2, 5)]
Key: com.catan.model.RoundedPoint2D@124a22, Value: [Vertex(-2, 1, 3), Vertex(-2, 0, 1)]
Key: com.catan.model.RoundedPoint2D@1288a2, Value: [Vertex(-2, 1, 0), Vertex(-1, 2, 4)]
Key: com.catan.model.RoundedPoint2D@231a51, Value: [Vertex(1, 2, 0)]
Key: com.catan.model.RoundedPoint2D@222051, Value: [Vertex(1, -2, 3)]
Key: com.catan.model.RoundedPoint2D@22dbd1, Value: [Vertex(1, 1, 5), Vertex(0, 1, 1), Vertex(1, 2, 3)]
Key: com.catan.model.RoundedPoint2D@22bc91, Value: [Vertex(1, 1, 4), Vertex(0, 1, 2)]
Key: com.catan.model.RoundedPoint2D@225ed1, Value: [Vertex(0, -1, 2), Vertex(1, -2, 0)]
Key: com.catan.model.RoundedPoint2D@227e11, Value: [Vertex(0, -1, 1)]
Key: com.catan.model.RoundedPoint2D@11ec62, Value: [Vertex(-1, -2, 5)]
Key: com.catan.model.RoundedPoint2D@11cd22, Value: [Vertex(-1, -2, 4)]
Key: com.catan.model.RoundedPoint2D@1935e1, Value: [Vertex(0, 2, 5), Vertex(-1, 2, 1)]
Key: com.catan.model.RoundedPoint2D@1916a1, Value: [Vertex(0, 2, 4), Vertex(-1, 2, 2), Vertex(-1, 1, 0)]
Key: com.catan.model.RoundedPoint2D@294a90, Value: [Vertex(1, 1, 2)]
Key: com.catan.model.RoundedPoint2D@2969d0, Value: [Vertex(1, 1, 1)]
Key: com.catan.model.RoundedPoint2D@18d821, Value: [Vertex(0, 0, 5), Vertex(-1, 1, 3)]
Key: com.catan.model.RoundedPoint2D@18b8e1, Value: [Vertex(0, 0, 4)]
Key: com.catan.model.RoundedPoint2D@185b21, Value: [Vertex(-1, -2, 2), Vertex(0, -2, 4)]
Key: com.catan.model.RoundedPoint2D@187a61, Value: [Vertex(-1, -2, 1), Vertex(0, -2, 5)]
Key: com.catan.model.RoundedPoint2D@15fe91, Value: [Vertex(-1, 2, 0)]
Key: com.catan.model.RoundedPoint2D@15a0d1, Value: [Vertex(-2, 1, 2), Vertex(-1, 1, 4)]
Key: com.catan.model.RoundedPoint2D@15c011, Value: [Vertex(-2, 1, 1), Vertex(-1, 2, 3), Vertex(-1, 1, 5)]
Key: com.catan.model.RoundedPoint2D@150491, Value: [Vertex(-1, -2, 3)]
Key: com.catan.model.RoundedPoint2D@154311, Value: [Vertex(-1, -2, 0)]
Key: com.catan.model.RoundedPoint2D@bbc42, Value: [Vertex(-2, 0, 5)]
Key: com.catan.model.RoundedPoint2D@b9d02, Value: [Vertex(-2, 0, 4)]
Key: com.catan.model.RoundedPoint2D@ed452, Value: [Vertex(-2, 0, 3)]
Key: com.catan.model.RoundedPoint2D@f3212, Value: [Vertex(-2, 1, 5)]
Key: com.catan.model.RoundedPoint2D@f12d2, Value: [Vertex(-2, 1, 4), Vertex(-2, 0, 0)]
Key: com.catan.model.RoundedPoint2D@1fc3c1, Value: [Vertex(1, 2, 5), Vertex(0, 2, 1)]
Key: com.catan.model.RoundedPoint2D@1fa481, Value: [Vertex(0, 1, 0), Vertex(1, 2, 4), Vertex(0, 2, 2)]
Key: com.catan.model.RoundedPoint2D@1f6601, Value: [Vertex(0, 0, 1), Vertex(0, 1, 3)]
Key: com.catan.model.RoundedPoint2D@1f0841, Value: [Vertex(0, -1, 3), Vertex(0, -2, 1), Vertex(1, -2, 5)]
Key: com.catan.model.RoundedPoint2D@1f46c1, Value: [Vertex(0, -1, 0), Vertex(0, 0, 2)]
Key: com.catan.model.RoundedPoint2D@1ee901, Value: [Vertex(0, -2, 2), Vertex(1, -2, 4)]
Key: com.catan.model.RoundedPoint2D@257700, Value: [Vertex(1, -2, 2)]
Key: com.catan.model.RoundedPoint2D@259640, Value: [Vertex(1, -2, 1)]
Key: com.catan.model.RoundedPoint2D@25f400, Value: [Vertex(1, 1, 3)]
Key: com.catan.model.RoundedPoint2D@2651c0, Value: [Vertex(1, 2, 1)]
Key: com.catan.model.RoundedPoint2D@263280, Value: [Vertex(1, 1, 0), Vertex(1, 2, 2)]
Key: com.catan.model.RoundedPoint2D@1b9271, Value: [Vertex(0, -2, 3)]
Key: com.catan.model.RoundedPoint2D@1bf031, Value: [Vertex(0, -1, 5), Vertex(0, 0, 3)]
Key: com.catan.model.RoundedPoint2D@1bd0f1, Value: [Vertex(0, -1, 4), Vertex(0, -2, 0)]
Key: com.catan.model.RoundedPoint2D@1c8c71, Value: [Vertex(0, 2, 0)]
Key: com.catan.model.RoundedPoint2D@1c4df1, Value: [Vertex(0, 1, 5), Vertex(0, 2, 3), Vertex(-1, 1, 1)]
Key: com.catan.model.RoundedPoint2D@1c2eb1, Value: [Vertex(0, 0, 0), Vertex(0, 1, 4), Vertex(-1, 1, 2)]
Key: com.catan.model.RoundedPoint2D@122ae2, Value: [Vertex(-2, 0, 2)]
Key: com.catan.model.RoundedPoint2D@12a7e2, Value: [Vertex(-1, 2, 5)]
Key: com.catan.model.RoundedPoint2D@124a22, Value: [Vertex(-2, 1, 3), Vertex(-2, 0, 1)]
Key: com.catan.model.RoundedPoint2D@1288a2, Value: [Vertex(-2, 1, 0), Vertex(-1, 2, 4)]
Key: com.catan.model.RoundedPoint2D@231a51, Value: [Vertex(1, 2, 0)]
Key: com.catan.model.RoundedPoint2D@222051, Value: [Vertex(1, -2, 3)]
Key: com.catan.model.RoundedPoint2D@22dbd1, Value: [Vertex(1, 1, 5), Vertex(0, 1, 1), Vertex(1, 2, 3)]
Key: com.catan.model.RoundedPoint2D@22bc91, Value: [Vertex(1, 1, 4), Vertex(0, 1, 2)]
Key: com.catan.model.RoundedPoint2D@225ed1, Value: [Vertex(0, -1, 2), Vertex(1, -2, 0)]
Key: com.catan.model.RoundedPoint2D@227e11, Value: [Vertex(0, -1, 1)]
Key: com.catan.model.RoundedPoint2D@11ec62, Value: [Vertex(-1, -2, 5)]
Key: com.catan.model.RoundedPoint2D@11cd22, Value: [Vertex(-1, -2, 4)]
Key: com.catan.model.RoundedPoint2D@1935e1, Value: [Vertex(0, 2, 5), Vertex(-1, 2, 1)]
Key: com.catan.model.RoundedPoint2D@1916a1, Value: [Vertex(0, 2, 4), Vertex(-1, 2, 2), Vertex(-1, 1, 0)]
Key: com.catan.model.RoundedPoint2D@294a90, Value: [Vertex(1, 1, 2)]
Key: com.catan.model.RoundedPoint2D@2969d0, Value: [Vertex(1, 1, 1)]
Key: com.catan.model.RoundedPoint2D@18d821, Value: [Vertex(0, 0, 5), Vertex(-1, 1, 3)]
Key: com.catan.model.RoundedPoint2D@18b8e1, Value: [Vertex(0, 0, 4)]
Key: com.catan.model.RoundedPoint2D@185b21, Value: [Vertex(-1, -2, 2), Vertex(0, -2, 4)]
Key: com.catan.model.RoundedPoint2D@187a61, Value: [Vertex(-1, -2, 1), Vertex(0, -2, 5)]
Key: com.catan.model.RoundedPoint2D@15fe91, Value: [Vertex(-1, 2, 0)]
Key: com.catan.model.RoundedPoint2D@15a0d1, Value: [Vertex(-2, 1, 2), Vertex(-1, 1, 4)]
Key: com.catan.model.RoundedPoint2D@15c011, Value: [Vertex(-2, 1, 1), Vertex(-1, 2, 3), Vertex(-1, 1, 5)]
Key: com.catan.model.RoundedPoint2D@150491, Value: [Vertex(-1, -2, 3)]
Key: com.catan.model.RoundedPoint2D@154311, Value: [Vertex(-1, -2, 0)]
Key: com.catan.model.RoundedPoint2D@bbc42, Value: [Vertex(-2, 0, 5)]
Key: com.catan.model.RoundedPoint2D@b9d02, Value: [Vertex(-2, 0, 4)]
Key: com.catan.model.RoundedPoint2D@ed452, Value: [Vertex(-2, 0, 3)]
Key: com.catan.model.RoundedPoint2D@f3212, Value: [Vertex(-2, 1, 5)]
Key: com.catan.model.RoundedPoint2D@f12d2, Value: [Vertex(-2, 1, 4), Vertex(-2, 0, 0)]
Key: com.catan.model.RoundedPoint2D@1fc3c1, Value: [Vertex(1, 2, 5), Vertex(0, 2, 1)]
Key: com.catan.model.RoundedPoint2D@1fa481, Value: [Vertex(0, 1, 0), Vertex(1, 2, 4), Vertex(0, 2, 2)]
Key: com.catan.model.RoundedPoint2D@1f6601, Value: [Vertex(0, 0, 1), Vertex(0, 1, 3)]
Key: com.catan.model.RoundedPoint2D@1f0841, Value: [Vertex(0, -1, 3), Vertex(0, -2, 1), Vertex(1, -2, 5)]
Key: com.catan.model.RoundedPoint2D@1f46c1, Value: [Vertex(0, -1, 0), Vertex(0, 0, 2)]
Key: com.catan.model.RoundedPoint2D@1ee901, Value: [Vertex(0, -2, 2), Vertex(1, -2, 4)]
Key: com.catan.model.RoundedPoint2D@257700, Value: [Vertex(1, -2, 2)]
Key: com.catan.model.RoundedPoint2D@259640, Value: [Vertex(1, -2, 1)]
Key: com.catan.model.RoundedPoint2D@25f400, Value: [Vertex(1, 1, 3)]
Key: com.catan.model.RoundedPoint2D@2651c0, Value: [Vertex(1, 2, 1)]
Key: com.catan.model.RoundedPoint2D@263280, Value: [Vertex(1, 1, 0), Vertex(1, 2, 2)]
Key: com.catan.model.RoundedPoint2D@1b9271, Value: [Vertex(0, -2, 3)]
Key: com.catan.model.RoundedPoint2D@1bf031, Value: [Vertex(0, -1, 5), Vertex(0, 0, 3)]
Key: com.catan.model.RoundedPoint2D@1bd0f1, Value: [Vertex(0, -1, 4), Vertex(0, -2, 0)]
Key: com.catan.model.RoundedPoint2D@1c8c71, Value: [Vertex(0, 2, 0)]
Key: com.catan.model.RoundedPoint2D@1c4df1, Value: [Vertex(0, 1, 5), Vertex(0, 2, 3), Vertex(-1, 1, 1)]
Key: com.catan.model.RoundedPoint2D@1c2eb1, Value: [Vertex(0, 0, 0), Vertex(0, 1, 4), Vertex(-1, 1, 2)]
Key: com.catan.model.RoundedPoint2D@122ae2, Value: [Vertex(-2, 0, 2), Vertex(-2, -1, 0)]
Key: com.catan.model.RoundedPoint2D@12a7e2, Value: [Vertex(-1, 2, 5)]
Key: com.catan.model.RoundedPoint2D@124a22, Value: [Vertex(-2, 1, 3), Vertex(-2, 0, 1)]
Key: com.catan.model.RoundedPoint2D@1288a2, Value: [Vertex(-2, 1, 0), Vertex(-1, 2, 4)]
Key: com.catan.model.RoundedPoint2D@231a51, Value: [Vertex(1, 2, 0)]
Key: com.catan.model.RoundedPoint2D@222051, Value: [Vertex(1, -2, 3)]
Key: com.catan.model.RoundedPoint2D@22dbd1, Value: [Vertex(1, 1, 5), Vertex(0, 1, 1), Vertex(1, 2, 3)]
Key: com.catan.model.RoundedPoint2D@22bc91, Value: [Vertex(1, 1, 4), Vertex(0, 1, 2)]
Key: com.catan.model.RoundedPoint2D@225ed1, Value: [Vertex(0, -1, 2), Vertex(1, -2, 0)]
Key: com.catan.model.RoundedPoint2D@227e11, Value: [Vertex(0, -1, 1)]
Key: com.catan.model.RoundedPoint2D@11ec62, Value: [Vertex(-1, -2, 5)]
Key: com.catan.model.RoundedPoint2D@11cd22, Value: [Vertex(-1, -2, 4)]
Key: com.catan.model.RoundedPoint2D@1935e1, Value: [Vertex(0, 2, 5), Vertex(-1, 2, 1)]
Key: com.catan.model.RoundedPoint2D@1916a1, Value: [Vertex(0, 2, 4), Vertex(-1, 2, 2), Vertex(-1, 1, 0)]
Key: com.catan.model.RoundedPoint2D@294a90, Value: [Vertex(1, 1, 2)]
Key: com.catan.model.RoundedPoint2D@2969d0, Value: [Vertex(1, 1, 1)]
Key: com.catan.model.RoundedPoint2D@18d821, Value: [Vertex(0, 0, 5), Vertex(-1, 1, 3)]
Key: com.catan.model.RoundedPoint2D@18b8e1, Value: [Vertex(0, 0, 4)]
Key: com.catan.model.RoundedPoint2D@185b21, Value: [Vertex(-1, -2, 2), Vertex(0, -2, 4)]
Key: com.catan.model.RoundedPoint2D@187a61, Value: [Vertex(-1, -2, 1), Vertex(0, -2, 5)]
Key: com.catan.model.RoundedPoint2D@156251, Value: [Vertex(-2, -1, 1)]
Key: com.catan.model.RoundedPoint2D@15fe91, Value: [Vertex(-1, 2, 0)]
Key: com.catan.model.RoundedPoint2D@15a0d1, Value: [Vertex(-2, 1, 2), Vertex(-1, 1, 4)]
Key: com.catan.model.RoundedPoint2D@15c011, Value: [Vertex(-2, 1, 1), Vertex(-1, 2, 3), Vertex(-1, 1, 5)]
Key: com.catan.model.RoundedPoint2D@150491, Value: [Vertex(-1, -2, 3)]
Key: com.catan.model.RoundedPoint2D@154311, Value: [Vertex(-1, -2, 0)]
Key: com.catan.model.RoundedPoint2D@bbc42, Value: [Vertex(-2, 0, 5)]
Key: com.catan.model.RoundedPoint2D@b9d02, Value: [Vertex(-2, 0, 4)]
Key: com.catan.model.RoundedPoint2D@ed452, Value: [Vertex(-2, 0, 3)]
Key: com.catan.model.RoundedPoint2D@f3212, Value: [Vertex(-2, 1, 5)]
Key: com.catan.model.RoundedPoint2D@f12d2, Value: [Vertex(-2, 1, 4), Vertex(-2, 0, 0)]
Key: com.catan.model.RoundedPoint2D@1fc3c1, Value: [Vertex(1, 2, 5), Vertex(0, 2, 1)]
Key: com.catan.model.RoundedPoint2D@1fa481, Value: [Vertex(0, 1, 0), Vertex(1, 2, 4), Vertex(0, 2, 2)]
Key: com.catan.model.RoundedPoint2D@1f6601, Value: [Vertex(0, 0, 1), Vertex(0, 1, 3)]
Key: com.catan.model.RoundedPoint2D@1f0841, Value: [Vertex(0, -1, 3), Vertex(0, -2, 1), Vertex(1, -2, 5)]
Key: com.catan.model.RoundedPoint2D@1f46c1, Value: [Vertex(0, -1, 0), Vertex(0, 0, 2)]
Key: com.catan.model.RoundedPoint2D@1ee901, Value: [Vertex(0, -2, 2), Vertex(1, -2, 4)]
Key: com.catan.model.RoundedPoint2D@257700, Value: [Vertex(1, -2, 2)]
Key: com.catan.model.RoundedPoint2D@259640, Value: [Vertex(1, -2, 1)]
Key: com.catan.model.RoundedPoint2D@25f400, Value: [Vertex(1, 1, 3)]
Key: com.catan.model.RoundedPoint2D@2651c0, Value: [Vertex(1, 2, 1)]
Key: com.catan.model.RoundedPoint2D@263280, Value: [Vertex(1, 1, 0), Vertex(1, 2, 2)]
Key: com.catan.model.RoundedPoint2D@1b9271, Value: [Vertex(0, -2, 3)]
Key: com.catan.model.RoundedPoint2D@1bf031, Value: [Vertex(0, -1, 5), Vertex(0, 0, 3)]
Key: com.catan.model.RoundedPoint2D@1bd0f1, Value: [Vertex(0, -1, 4), Vertex(0, -2, 0)]
Key: com.catan.model.RoundedPoint2D@1c8c71, Value: [Vertex(0, 2, 0)]
Key: com.catan.model.RoundedPoint2D@1c4df1, Value: [Vertex(0, 1, 5), Vertex(0, 2, 3), Vertex(-1, 1, 1)]
Key: com.catan.model.RoundedPoint2D@1c2eb1, Value: [Vertex(0, 0, 0), Vertex(0, 1, 4), Vertex(-1, 1, 2)]
Key: com.catan.model.RoundedPoint2D@122ae2, Value: [Vertex(-2, 0, 2), Vertex(-2, -1, 0)]
Key: com.catan.model.RoundedPoint2D@12a7e2, Value: [Vertex(-1, 2, 5)]
Key: com.catan.model.RoundedPoint2D@124a22, Value: [Vertex(-2, 1, 3), Vertex(-2, 0, 1)]
Key: com.catan.model.RoundedPoint2D@1288a2, Value: [Vertex(-2, 1, 0), Vertex(-1, 2, 4)]
Key: com.catan.model.RoundedPoint2D@231a51, Value: [Vertex(1, 2, 0)]
Key: com.catan.model.RoundedPoint2D@222051, Value: [Vertex(1, -2, 3)]
Key: com.catan.model.RoundedPoint2D@22dbd1, Value: [Vertex(1, 1, 5), Vertex(0, 1, 1), Vertex(1, 2, 3)]
Key: com.catan.model.RoundedPoint2D@22bc91, Value: [Vertex(1, 1, 4), Vertex(0, 1, 2)]
Key: com.catan.model.RoundedPoint2D@225ed1, Value: [Vertex(0, -1, 2), Vertex(1, -2, 0)]
Key: com.catan.model.RoundedPoint2D@227e11, Value: [Vertex(0, -1, 1)]
Key: com.catan.model.RoundedPoint2D@11ec62, Value: [Vertex(-1, -2, 5)]
Key: com.catan.model.RoundedPoint2D@11cd22, Value: [Vertex(-1, -2, 4)]
Key: com.catan.model.RoundedPoint2D@1935e1, Value: [Vertex(0, 2, 5), Vertex(-1, 2, 1)]
Key: com.catan.model.RoundedPoint2D@1916a1, Value: [Vertex(0, 2, 4), Vertex(-1, 2, 2), Vertex(-1, 1, 0)]
Key: com.catan.model.RoundedPoint2D@294a90, Value: [Vertex(1, 1, 2)]
Key: com.catan.model.RoundedPoint2D@2969d0, Value: [Vertex(1, 1, 1)]
Key: com.catan.model.RoundedPoint2D@18d821, Value: [Vertex(0, 0, 5), Vertex(-1, 1, 3)]
Key: com.catan.model.RoundedPoint2D@18b8e1, Value: [Vertex(0, 0, 4)]
Key: com.catan.model.RoundedPoint2D@185b21, Value: [Vertex(-1, -2, 2), Vertex(0, -2, 4)]
Key: com.catan.model.RoundedPoint2D@187a61, Value: [Vertex(-1, -2, 1), Vertex(0, -2, 5)]
Key: com.catan.model.RoundedPoint2D@156251, Value: [Vertex(-2, -1, 1)]
Key: com.catan.model.RoundedPoint2D@15fe91, Value: [Vertex(-1, 2, 0)]
Key: com.catan.model.RoundedPoint2D@15a0d1, Value: [Vertex(-2, 1, 2), Vertex(-1, 1, 4)]
Key: com.catan.model.RoundedPoint2D@15c011, Value: [Vertex(-2, 1, 1), Vertex(-1, 2, 3), Vertex(-1, 1, 5)]
Key: com.catan.model.RoundedPoint2D@150491, Value: [Vertex(-1, -2, 3)]
Key: com.catan.model.RoundedPoint2D@154311, Value: [Vertex(-1, -2, 0), Vertex(-2, -1, 2)]
Key: com.catan.model.RoundedPoint2D@bbc42, Value: [Vertex(-2, 0, 5)]
Key: com.catan.model.RoundedPoint2D@b9d02, Value: [Vertex(-2, 0, 4)]
Key: com.catan.model.RoundedPoint2D@ed452, Value: [Vertex(-2, 0, 3)]
Key: com.catan.model.RoundedPoint2D@f3212, Value: [Vertex(-2, 1, 5)]
Key: com.catan.model.RoundedPoint2D@f12d2, Value: [Vertex(-2, 1, 4), Vertex(-2, 0, 0)]
Key: com.catan.model.RoundedPoint2D@1fc3c1, Value: [Vertex(1, 2, 5), Vertex(0, 2, 1)]
Key: com.catan.model.RoundedPoint2D@1fa481, Value: [Vertex(0, 1, 0), Vertex(1, 2, 4), Vertex(0, 2, 2)]
Key: com.catan.model.RoundedPoint2D@1f6601, Value: [Vertex(0, 0, 1), Vertex(0, 1, 3)]
Key: com.catan.model.RoundedPoint2D@1f0841, Value: [Vertex(0, -1, 3), Vertex(0, -2, 1), Vertex(1, -2, 5)]
Key: com.catan.model.RoundedPoint2D@1f46c1, Value: [Vertex(0, -1, 0), Vertex(0, 0, 2)]
Key: com.catan.model.RoundedPoint2D@1ee901, Value: [Vertex(0, -2, 2), Vertex(1, -2, 4)]
Key: com.catan.model.RoundedPoint2D@257700, Value: [Vertex(1, -2, 2)]
Key: com.catan.model.RoundedPoint2D@259640, Value: [Vertex(1, -2, 1)]
Key: com.catan.model.RoundedPoint2D@25f400, Value: [Vertex(1, 1, 3)]
Key: com.catan.model.RoundedPoint2D@2651c0, Value: [Vertex(1, 2, 1)]
Key: com.catan.model.RoundedPoint2D@263280, Value: [Vertex(1, 1, 0), Vertex(1, 2, 2)]
Key: com.catan.model.RoundedPoint2D@1b9271, Value: [Vertex(0, -2, 3)]
Key: com.catan.model.RoundedPoint2D@1bf031, Value: [Vertex(0, -1, 5), Vertex(0, 0, 3)]
Key: com.catan.model.RoundedPoint2D@1bd0f1, Value: [Vertex(0, -1, 4), Vertex(0, -2, 0)]
Key: com.catan.model.RoundedPoint2D@1c8c71, Value: [Vertex(0, 2, 0)]
Key: com.catan.model.RoundedPoint2D@1c4df1, Value: [Vertex(0, 1, 5), Vertex(0, 2, 3), Vertex(-1, 1, 1)]
Key: com.catan.model.RoundedPoint2D@1c2eb1, Value: [Vertex(0, 0, 0), Vertex(0, 1, 4), Vertex(-1, 1, 2)]
Key: com.catan.model.RoundedPoint2D@122ae2, Value: [Vertex(-2, 0, 2), Vertex(-2, -1, 0)]
Key: com.catan.model.RoundedPoint2D@12a7e2, Value: [Vertex(-1, 2, 5)]
Key: com.catan.model.RoundedPoint2D@124a22, Value: [Vertex(-2, 1, 3), Vertex(-2, 0, 1)]
Key: com.catan.model.RoundedPoint2D@1288a2, Value: [Vertex(-2, 1, 0), Vertex(-1, 2, 4)]
Key: com.catan.model.RoundedPoint2D@231a51, Value: [Vertex(1, 2, 0)]
Key: com.catan.model.RoundedPoint2D@222051, Value: [Vertex(1, -2, 3)]
Key: com.catan.model.RoundedPoint2D@22dbd1, Value: [Vertex(1, 1, 5), Vertex(0, 1, 1), Vertex(1, 2, 3)]
Key: com.catan.model.RoundedPoint2D@22bc91, Value: [Vertex(1, 1, 4), Vertex(0, 1, 2)]
Key: com.catan.model.RoundedPoint2D@225ed1, Value: [Vertex(0, -1, 2), Vertex(1, -2, 0)]
Key: com.catan.model.RoundedPoint2D@227e11, Value: [Vertex(0, -1, 1)]
Key: com.catan.model.RoundedPoint2D@11ec62, Value: [Vertex(-1, -2, 5)]
Key: com.catan.model.RoundedPoint2D@11cd22, Value: [Vertex(-1, -2, 4)]
Key: com.catan.model.RoundedPoint2D@1935e1, Value: [Vertex(0, 2, 5), Vertex(-1, 2, 1)]
Key: com.catan.model.RoundedPoint2D@1916a1, Value: [Vertex(0, 2, 4), Vertex(-1, 2, 2), Vertex(-1, 1, 0)]
Key: com.catan.model.RoundedPoint2D@294a90, Value: [Vertex(1, 1, 2)]
Key: com.catan.model.RoundedPoint2D@2969d0, Value: [Vertex(1, 1, 1)]
Key: com.catan.model.RoundedPoint2D@18d821, Value: [Vertex(0, 0, 5), Vertex(-1, 1, 3)]
Key: com.catan.model.RoundedPoint2D@18b8e1, Value: [Vertex(0, 0, 4)]
Key: com.catan.model.RoundedPoint2D@185b21, Value: [Vertex(-1, -2, 2), Vertex(0, -2, 4)]
Key: com.catan.model.RoundedPoint2D@187a61, Value: [Vertex(-1, -2, 1), Vertex(0, -2, 5)]
Key: com.catan.model.RoundedPoint2D@156251, Value: [Vertex(-2, -1, 1)]
Key: com.catan.model.RoundedPoint2D@15fe91, Value: [Vertex(-1, 2, 0)]
Key: com.catan.model.RoundedPoint2D@15a0d1, Value: [Vertex(-2, 1, 2), Vertex(-1, 1, 4)]
Key: com.catan.model.RoundedPoint2D@15c011, Value: [Vertex(-2, 1, 1), Vertex(-1, 2, 3), Vertex(-1, 1, 5)]
Key: com.catan.model.RoundedPoint2D@150491, Value: [Vertex(-1, -2, 3)]
Key: com.catan.model.RoundedPoint2D@154311, Value: [Vertex(-1, -2, 0), Vertex(-2, -1, 2)]
Key: com.catan.model.RoundedPoint2D@bbc42, Value: [Vertex(-2, 0, 5)]
Key: com.catan.model.RoundedPoint2D@b9d02, Value: [Vertex(-2, 0, 4)]
Key: com.catan.model.RoundedPoint2D@ed452, Value: [Vertex(-2, 0, 3)]
Key: com.catan.model.RoundedPoint2D@f3212, Value: [Vertex(-2, 1, 5)]
Key: com.catan.model.RoundedPoint2D@f12d2, Value: [Vertex(-2, 1, 4), Vertex(-2, 0, 0)]
Key: com.catan.model.RoundedPoint2D@1fc3c1, Value: [Vertex(1, 2, 5), Vertex(0, 2, 1)]
Key: com.catan.model.RoundedPoint2D@1fa481, Value: [Vertex(0, 1, 0), Vertex(1, 2, 4), Vertex(0, 2, 2)]
Key: com.catan.model.RoundedPoint2D@1f6601, Value: [Vertex(0, 0, 1), Vertex(0, 1, 3)]
Key: com.catan.model.RoundedPoint2D@1f0841, Value: [Vertex(0, -1, 3), Vertex(0, -2, 1), Vertex(1, -2, 5)]
Key: com.catan.model.RoundedPoint2D@1f46c1, Value: [Vertex(0, -1, 0), Vertex(0, 0, 2)]
Key: com.catan.model.RoundedPoint2D@1ee901, Value: [Vertex(0, -2, 2), Vertex(1, -2, 4)]
Key: com.catan.model.RoundedPoint2D@257700, Value: [Vertex(1, -2, 2)]
Key: com.catan.model.RoundedPoint2D@259640, Value: [Vertex(1, -2, 1)]
Key: com.catan.model.RoundedPoint2D@25f400, Value: [Vertex(1, 1, 3)]
Key: com.catan.model.RoundedPoint2D@2651c0, Value: [Vertex(1, 2, 1)]
Key: com.catan.model.RoundedPoint2D@263280, Value: [Vertex(1, 1, 0), Vertex(1, 2, 2)]
Key: com.catan.model.RoundedPoint2D@1b9271, Value: [Vertex(0, -2, 3)]
Key: com.catan.model.RoundedPoint2D@1bf031, Value: [Vertex(0, -1, 5), Vertex(0, 0, 3)]
Key: com.catan.model.RoundedPoint2D@1bd0f1, Value: [Vertex(0, -1, 4), Vertex(0, -2, 0)]
Key: com.catan.model.RoundedPoint2D@1c8c71, Value: [Vertex(0, 2, 0)]
Key: com.catan.model.RoundedPoint2D@1c4df1, Value: [Vertex(0, 1, 5), Vertex(0, 2, 3), Vertex(-1, 1, 1)]
Key: com.catan.model.RoundedPoint2D@1c2eb1, Value: [Vertex(0, 0, 0), Vertex(0, 1, 4), Vertex(-1, 1, 2)]
Key: com.catan.model.RoundedPoint2D@122ae2, Value: [Vertex(-2, 0, 2), Vertex(-2, -1, 0)]
Key: com.catan.model.RoundedPoint2D@12a7e2, Value: [Vertex(-1, 2, 5)]
Key: com.catan.model.RoundedPoint2D@124a22, Value: [Vertex(-2, 1, 3), Vertex(-2, 0, 1)]
Key: com.catan.model.RoundedPoint2D@1288a2, Value: [Vertex(-2, 1, 0), Vertex(-1, 2, 4)]
Key: com.catan.model.RoundedPoint2D@231a51, Value: [Vertex(1, 2, 0)]
Key: com.catan.model.RoundedPoint2D@222051, Value: [Vertex(1, -2, 3)]
Key: com.catan.model.RoundedPoint2D@22dbd1, Value: [Vertex(1, 1, 5), Vertex(0, 1, 1), Vertex(1, 2, 3)]
Key: com.catan.model.RoundedPoint2D@22bc91, Value: [Vertex(1, 1, 4), Vertex(0, 1, 2)]
Key: com.catan.model.RoundedPoint2D@225ed1, Value: [Vertex(0, -1, 2), Vertex(1, -2, 0)]
Key: com.catan.model.RoundedPoint2D@227e11, Value: [Vertex(0, -1, 1)]
Key: com.catan.model.RoundedPoint2D@11ec62, Value: [Vertex(-1, -2, 5), Vertex(-2, -1, 3)]
Key: com.catan.model.RoundedPoint2D@11cd22, Value: [Vertex(-1, -2, 4)]
Key: com.catan.model.RoundedPoint2D@1935e1, Value: [Vertex(0, 2, 5), Vertex(-1, 2, 1)]
Key: com.catan.model.RoundedPoint2D@1916a1, Value: [Vertex(0, 2, 4), Vertex(-1, 2, 2), Vertex(-1, 1, 0)]
Key: com.catan.model.RoundedPoint2D@294a90, Value: [Vertex(1, 1, 2)]
Key: com.catan.model.RoundedPoint2D@2969d0, Value: [Vertex(1, 1, 1)]
Key: com.catan.model.RoundedPoint2D@18d821, Value: [Vertex(0, 0, 5), Vertex(-1, 1, 3)]
Key: com.catan.model.RoundedPoint2D@18b8e1, Value: [Vertex(0, 0, 4)]
Key: com.catan.model.RoundedPoint2D@185b21, Value: [Vertex(-1, -2, 2), Vertex(0, -2, 4)]
Key: com.catan.model.RoundedPoint2D@187a61, Value: [Vertex(-1, -2, 1), Vertex(0, -2, 5)]
Key: com.catan.model.RoundedPoint2D@156251, Value: [Vertex(-2, -1, 1)]
Key: com.catan.model.RoundedPoint2D@15fe91, Value: [Vertex(-1, 2, 0)]
Key: com.catan.model.RoundedPoint2D@15a0d1, Value: [Vertex(-2, 1, 2), Vertex(-1, 1, 4)]
Key: com.catan.model.RoundedPoint2D@15c011, Value: [Vertex(-2, 1, 1), Vertex(-1, 2, 3), Vertex(-1, 1, 5)]
Key: com.catan.model.RoundedPoint2D@150491, Value: [Vertex(-1, -2, 3)]
Key: com.catan.model.RoundedPoint2D@154311, Value: [Vertex(-1, -2, 0), Vertex(-2, -1, 2)]
Key: com.catan.model.RoundedPoint2D@bbc42, Value: [Vertex(-2, 0, 5)]
Key: com.catan.model.RoundedPoint2D@b9d02, Value: [Vertex(-2, 0, 4)]
Key: com.catan.model.RoundedPoint2D@eb512, Value: [Vertex(-2, -1, 4)]
Key: com.catan.model.RoundedPoint2D@ed452, Value: [Vertex(-2, 0, 3)]
Key: com.catan.model.RoundedPoint2D@f3212, Value: [Vertex(-2, 1, 5)]
Key: com.catan.model.RoundedPoint2D@f12d2, Value: [Vertex(-2, 1, 4), Vertex(-2, 0, 0)]
Key: com.catan.model.RoundedPoint2D@1fc3c1, Value: [Vertex(1, 2, 5), Vertex(0, 2, 1)]
Key: com.catan.model.RoundedPoint2D@1fa481, Value: [Vertex(0, 1, 0), Vertex(1, 2, 4), Vertex(0, 2, 2)]
Key: com.catan.model.RoundedPoint2D@1f6601, Value: [Vertex(0, 0, 1), Vertex(0, 1, 3)]
Key: com.catan.model.RoundedPoint2D@1f0841, Value: [Vertex(0, -1, 3), Vertex(0, -2, 1), Vertex(1, -2, 5)]
Key: com.catan.model.RoundedPoint2D@1f46c1, Value: [Vertex(0, -1, 0), Vertex(0, 0, 2)]
Key: com.catan.model.RoundedPoint2D@1ee901, Value: [Vertex(0, -2, 2), Vertex(1, -2, 4)]
Key: com.catan.model.RoundedPoint2D@257700, Value: [Vertex(1, -2, 2)]
Key: com.catan.model.RoundedPoint2D@259640, Value: [Vertex(1, -2, 1)]
Key: com.catan.model.RoundedPoint2D@25f400, Value: [Vertex(1, 1, 3)]
Key: com.catan.model.RoundedPoint2D@2651c0, Value: [Vertex(1, 2, 1)]
Key: com.catan.model.RoundedPoint2D@263280, Value: [Vertex(1, 1, 0), Vertex(1, 2, 2)]
Key: com.catan.model.RoundedPoint2D@1b9271, Value: [Vertex(0, -2, 3)]
Key: com.catan.model.RoundedPoint2D@1bf031, Value: [Vertex(0, -1, 5), Vertex(0, 0, 3)]
Key: com.catan.model.RoundedPoint2D@1bd0f1, Value: [Vertex(0, -1, 4), Vertex(0, -2, 0)]
Key: com.catan.model.RoundedPoint2D@1c8c71, Value: [Vertex(0, 2, 0)]
Key: com.catan.model.RoundedPoint2D@1c4df1, Value: [Vertex(0, 1, 5), Vertex(0, 2, 3), Vertex(-1, 1, 1)]
Key: com.catan.model.RoundedPoint2D@1c2eb1, Value: [Vertex(0, 0, 0), Vertex(0, 1, 4), Vertex(-1, 1, 2)]
Key: com.catan.model.RoundedPoint2D@122ae2, Value: [Vertex(-2, 0, 2), Vertex(-2, -1, 0)]
Key: com.catan.model.RoundedPoint2D@12a7e2, Value: [Vertex(-1, 2, 5)]
Key: com.catan.model.RoundedPoint2D@124a22, Value: [Vertex(-2, 1, 3), Vertex(-2, 0, 1)]
Key: com.catan.model.RoundedPoint2D@1288a2, Value: [Vertex(-2, 1, 0), Vertex(-1, 2, 4)]
Key: com.catan.model.RoundedPoint2D@231a51, Value: [Vertex(1, 2, 0)]
Key: com.catan.model.RoundedPoint2D@222051, Value: [Vertex(1, -2, 3)]
Key: com.catan.model.RoundedPoint2D@22dbd1, Value: [Vertex(1, 1, 5), Vertex(0, 1, 1), Vertex(1, 2, 3)]
Key: com.catan.model.RoundedPoint2D@22bc91, Value: [Vertex(1, 1, 4), Vertex(0, 1, 2)]
Key: com.catan.model.RoundedPoint2D@225ed1, Value: [Vertex(0, -1, 2), Vertex(1, -2, 0)]
Key: com.catan.model.RoundedPoint2D@227e11, Value: [Vertex(0, -1, 1)]
Key: com.catan.model.RoundedPoint2D@11ec62, Value: [Vertex(-1, -2, 5), Vertex(-2, -1, 3)]
Key: com.catan.model.RoundedPoint2D@11cd22, Value: [Vertex(-1, -2, 4)]
Key: com.catan.model.RoundedPoint2D@1935e1, Value: [Vertex(0, 2, 5), Vertex(-1, 2, 1)]
Key: com.catan.model.RoundedPoint2D@1916a1, Value: [Vertex(0, 2, 4), Vertex(-1, 2, 2), Vertex(-1, 1, 0)]
Key: com.catan.model.RoundedPoint2D@294a90, Value: [Vertex(1, 1, 2)]
Key: com.catan.model.RoundedPoint2D@2969d0, Value: [Vertex(1, 1, 1)]
Key: com.catan.model.RoundedPoint2D@18d821, Value: [Vertex(0, 0, 5), Vertex(-1, 1, 3)]
Key: com.catan.model.RoundedPoint2D@18b8e1, Value: [Vertex(0, 0, 4)]
Key: com.catan.model.RoundedPoint2D@185b21, Value: [Vertex(-1, -2, 2), Vertex(0, -2, 4)]
Key: com.catan.model.RoundedPoint2D@187a61, Value: [Vertex(-1, -2, 1), Vertex(0, -2, 5)]
Key: com.catan.model.RoundedPoint2D@15fe91, Value: [Vertex(-1, 2, 0)]
Key: com.catan.model.RoundedPoint2D@15c011, Value: [Vertex(-2, 1, 1), Vertex(-1, 2, 3), Vertex(-1, 1, 5)]
Key: com.catan.model.RoundedPoint2D@150491, Value: [Vertex(-1, -2, 3)]
Key: com.catan.model.RoundedPoint2D@154311, Value: [Vertex(-1, -2, 0), Vertex(-2, -1, 2)]
Key: com.catan.model.RoundedPoint2D@b9d02, Value: [Vertex(-2, 0, 4)]
Key: com.catan.model.RoundedPoint2D@eb512, Value: [Vertex(-2, -1, 4)]
Key: com.catan.model.RoundedPoint2D@f3212, Value: [Vertex(-2, 1, 5)]
Key: com.catan.model.RoundedPoint2D@1fa481, Value: [Vertex(0, 1, 0), Vertex(1, 2, 4), Vertex(0, 2, 2)]
Key: com.catan.model.RoundedPoint2D@1f6601, Value: [Vertex(0, 0, 1), Vertex(0, 1, 3)]
Key: com.catan.model.RoundedPoint2D@1ee901, Value: [Vertex(0, -2, 2), Vertex(1, -2, 4)]
Key: com.catan.model.RoundedPoint2D@257700, Value: [Vertex(1, -2, 2)]
Key: com.catan.model.RoundedPoint2D@25f400, Value: [Vertex(1, 1, 3)]
Key: com.catan.model.RoundedPoint2D@263280, Value: [Vertex(1, 1, 0), Vertex(1, 2, 2)]
Key: com.catan.model.RoundedPoint2D@1bf031, Value: [Vertex(0, -1, 5), Vertex(0, 0, 3)]
Key: com.catan.model.RoundedPoint2D@1c2eb1, Value: [Vertex(0, 0, 0), Vertex(0, 1, 4), Vertex(-1, 1, 2)]
Key: com.catan.model.RoundedPoint2D@124a22, Value: [Vertex(-2, 1, 3), Vertex(-2, 0, 1)]
Key: com.catan.model.RoundedPoint2D@1288a2, Value: [Vertex(-2, 1, 0), Vertex(-1, 2, 4)]
Key: com.catan.model.RoundedPoint2D@22bc91, Value: [Vertex(1, 1, 4), Vertex(0, 1, 2)]
Key: com.catan.model.RoundedPoint2D@227e11, Value: [Vertex(0, -1, 1)]
Key: com.catan.model.RoundedPoint2D@11cd22, Value: [Vertex(-1, -2, 4)]
Key: com.catan.model.RoundedPoint2D@1916a1, Value: [Vertex(0, 2, 4), Vertex(-1, 2, 2), Vertex(-1, 1, 0)]
Key: com.catan.model.RoundedPoint2D@294a90, Value: [Vertex(1, 1, 2)]
Key: com.catan.model.RoundedPoint2D@18d821, Value: [Vertex(0, 0, 5), Vertex(-1, 1, 3)]
Key: com.catan.model.RoundedPoint2D@185b21, Value: [Vertex(-1, -2, 2), Vertex(0, -2, 4)]
Key: com.catan.model.RoundedPoint2D@156251, Value: [Vertex(-2, -1, 1)]
Key: com.catan.model.RoundedPoint2D@15a0d1, Value: [Vertex(-2, 1, 2), Vertex(-1, 1, 4)]
Key: com.catan.model.RoundedPoint2D@bbc42, Value: [Vertex(-2, 0, 5)]
Key: com.catan.model.RoundedPoint2D@ed452, Value: [Vertex(-2, 0, 3), Vertex(-2, -1, 5)]
Key: com.catan.model.RoundedPoint2D@f12d2, Value: [Vertex(-2, 1, 4), Vertex(-2, 0, 0)]
Key: com.catan.model.RoundedPoint2D@1fc3c1, Value: [Vertex(1, 2, 5), Vertex(0, 2, 1)]
Key: com.catan.model.RoundedPoint2D@1f0841, Value: [Vertex(0, -1, 3), Vertex(0, -2, 1), Vertex(1, -2, 5)]
Key: com.catan.model.RoundedPoint2D@1f46c1, Value: [Vertex(0, -1, 0), Vertex(0, 0, 2)]
Key: com.catan.model.RoundedPoint2D@259640, Value: [Vertex(1, -2, 1)]
Key: com.catan.model.RoundedPoint2D@2651c0, Value: [Vertex(1, 2, 1)]
Key: com.catan.model.RoundedPoint2D@1b9271, Value: [Vertex(0, -2, 3)]
Key: com.catan.model.RoundedPoint2D@1bd0f1, Value: [Vertex(0, -1, 4), Vertex(0, -2, 0)]
Key: com.catan.model.RoundedPoint2D@1c8c71, Value: [Vertex(0, 2, 0)]
Key: com.catan.model.RoundedPoint2D@1c4df1, Value: [Vertex(0, 1, 5), Vertex(0, 2, 3), Vertex(-1, 1, 1)]
Key: com.catan.model.RoundedPoint2D@122ae2, Value: [Vertex(-2, 0, 2), Vertex(-2, -1, 0)]
Key: com.catan.model.RoundedPoint2D@12a7e2, Value: [Vertex(-1, 2, 5)]
Key: com.catan.model.RoundedPoint2D@231a51, Value: [Vertex(1, 2, 0)]
Key: com.catan.model.RoundedPoint2D@222051, Value: [Vertex(1, -2, 3)]
Key: com.catan.model.RoundedPoint2D@22dbd1, Value: [Vertex(1, 1, 5), Vertex(0, 1, 1), Vertex(1, 2, 3)]
Key: com.catan.model.RoundedPoint2D@225ed1, Value: [Vertex(0, -1, 2), Vertex(1, -2, 0)]
Key: com.catan.model.RoundedPoint2D@11ec62, Value: [Vertex(-1, -2, 5), Vertex(-2, -1, 3)]
Key: com.catan.model.RoundedPoint2D@1935e1, Value: [Vertex(0, 2, 5), Vertex(-1, 2, 1)]
Key: com.catan.model.RoundedPoint2D@2969d0, Value: [Vertex(1, 1, 1)]
Key: com.catan.model.RoundedPoint2D@18b8e1, Value: [Vertex(0, 0, 4)]
Key: com.catan.model.RoundedPoint2D@187a61, Value: [Vertex(-1, -2, 1), Vertex(0, -2, 5)]
Key: com.catan.model.RoundedPoint2D@15fe91, Value: [Vertex(-1, 2, 0)]
Key: com.catan.model.RoundedPoint2D@15c011, Value: [Vertex(-2, 1, 1), Vertex(-1, 2, 3), Vertex(-1, 1, 5)]
Key: com.catan.model.RoundedPoint2D@150491, Value: [Vertex(-1, -2, 3)]
Key: com.catan.model.RoundedPoint2D@154311, Value: [Vertex(-1, -2, 0), Vertex(-2, -1, 2)]
Key: com.catan.model.RoundedPoint2D@b9d02, Value: [Vertex(-2, 0, 4)]
Key: com.catan.model.RoundedPoint2D@eb512, Value: [Vertex(-2, -1, 4)]
Key: com.catan.model.RoundedPoint2D@f3212, Value: [Vertex(-2, 1, 5)]
Key: com.catan.model.RoundedPoint2D@1fa481, Value: [Vertex(0, 1, 0), Vertex(1, 2, 4), Vertex(0, 2, 2)]
Key: com.catan.model.RoundedPoint2D@1f6601, Value: [Vertex(0, 0, 1), Vertex(0, 1, 3)]
Key: com.catan.model.RoundedPoint2D@1ee901, Value: [Vertex(0, -2, 2), Vertex(1, -2, 4)]
Key: com.catan.model.RoundedPoint2D@257700, Value: [Vertex(1, -2, 2)]
Key: com.catan.model.RoundedPoint2D@25f400, Value: [Vertex(1, 1, 3)]
Key: com.catan.model.RoundedPoint2D@263280, Value: [Vertex(1, 1, 0), Vertex(1, 2, 2)]
Key: com.catan.model.RoundedPoint2D@1bf031, Value: [Vertex(0, -1, 5), Vertex(0, 0, 3)]
Key: com.catan.model.RoundedPoint2D@1c2eb1, Value: [Vertex(0, 0, 0), Vertex(0, 1, 4), Vertex(-1, 1, 2)]
Key: com.catan.model.RoundedPoint2D@124a22, Value: [Vertex(-2, 1, 3), Vertex(-2, 0, 1)]
Key: com.catan.model.RoundedPoint2D@1288a2, Value: [Vertex(-2, 1, 0), Vertex(-1, 2, 4)]
Key: com.catan.model.RoundedPoint2D@22bc91, Value: [Vertex(1, 1, 4), Vertex(0, 1, 2)]
Key: com.catan.model.RoundedPoint2D@227e11, Value: [Vertex(0, -1, 1)]
Key: com.catan.model.RoundedPoint2D@11cd22, Value: [Vertex(-1, -2, 4)]
Key: com.catan.model.RoundedPoint2D@1916a1, Value: [Vertex(0, 2, 4), Vertex(-1, 2, 2), Vertex(-1, 1, 0)]
Key: com.catan.model.RoundedPoint2D@294a90, Value: [Vertex(1, 1, 2)]
Key: com.catan.model.RoundedPoint2D@18d821, Value: [Vertex(0, 0, 5), Vertex(-1, 1, 3)]
Key: com.catan.model.RoundedPoint2D@185b21, Value: [Vertex(-1, -2, 2), Vertex(0, -2, 4)]
Key: com.catan.model.RoundedPoint2D@156251, Value: [Vertex(-2, -1, 1)]
Key: com.catan.model.RoundedPoint2D@15a0d1, Value: [Vertex(-2, 1, 2), Vertex(-1, 1, 4)]
Key: com.catan.model.RoundedPoint2D@bbc42, Value: [Vertex(-2, 0, 5)]
Key: com.catan.model.RoundedPoint2D@ed452, Value: [Vertex(-2, 0, 3), Vertex(-2, -1, 5)]
Key: com.catan.model.RoundedPoint2D@f12d2, Value: [Vertex(-2, 1, 4), Vertex(-2, 0, 0)]
Key: com.catan.model.RoundedPoint2D@1fc3c1, Value: [Vertex(1, 2, 5), Vertex(0, 2, 1)]
Key: com.catan.model.RoundedPoint2D@1f0841, Value: [Vertex(0, -1, 3), Vertex(0, -2, 1), Vertex(1, -2, 5)]
Key: com.catan.model.RoundedPoint2D@1f46c1, Value: [Vertex(0, -1, 0), Vertex(0, 0, 2)]
Key: com.catan.model.RoundedPoint2D@25d4c0, Value: [Vertex(1, -1, 0)]
Key: com.catan.model.RoundedPoint2D@259640, Value: [Vertex(1, -2, 1)]
Key: com.catan.model.RoundedPoint2D@2651c0, Value: [Vertex(1, 2, 1)]
Key: com.catan.model.RoundedPoint2D@1b9271, Value: [Vertex(0, -2, 3)]
Key: com.catan.model.RoundedPoint2D@1bd0f1, Value: [Vertex(0, -1, 4), Vertex(0, -2, 0)]
Key: com.catan.model.RoundedPoint2D@1c8c71, Value: [Vertex(0, 2, 0)]
Key: com.catan.model.RoundedPoint2D@1c4df1, Value: [Vertex(0, 1, 5), Vertex(0, 2, 3), Vertex(-1, 1, 1)]
Key: com.catan.model.RoundedPoint2D@122ae2, Value: [Vertex(-2, 0, 2), Vertex(-2, -1, 0)]
Key: com.catan.model.RoundedPoint2D@12a7e2, Value: [Vertex(-1, 2, 5)]
Key: com.catan.model.RoundedPoint2D@231a51, Value: [Vertex(1, 2, 0)]
Key: com.catan.model.RoundedPoint2D@222051, Value: [Vertex(1, -2, 3)]
Key: com.catan.model.RoundedPoint2D@22dbd1, Value: [Vertex(1, 1, 5), Vertex(0, 1, 1), Vertex(1, 2, 3)]
Key: com.catan.model.RoundedPoint2D@225ed1, Value: [Vertex(0, -1, 2), Vertex(1, -2, 0)]
Key: com.catan.model.RoundedPoint2D@11ec62, Value: [Vertex(-1, -2, 5), Vertex(-2, -1, 3)]
Key: com.catan.model.RoundedPoint2D@1935e1, Value: [Vertex(0, 2, 5), Vertex(-1, 2, 1)]
Key: com.catan.model.RoundedPoint2D@2969d0, Value: [Vertex(1, 1, 1)]
Key: com.catan.model.RoundedPoint2D@18b8e1, Value: [Vertex(0, 0, 4)]
Key: com.catan.model.RoundedPoint2D@187a61, Value: [Vertex(-1, -2, 1), Vertex(0, -2, 5)]
Key: com.catan.model.RoundedPoint2D@15fe91, Value: [Vertex(-1, 2, 0)]
Key: com.catan.model.RoundedPoint2D@15c011, Value: [Vertex(-2, 1, 1), Vertex(-1, 2, 3), Vertex(-1, 1, 5)]
Key: com.catan.model.RoundedPoint2D@150491, Value: [Vertex(-1, -2, 3)]
Key: com.catan.model.RoundedPoint2D@154311, Value: [Vertex(-1, -2, 0), Vertex(-2, -1, 2)]
Key: com.catan.model.RoundedPoint2D@b9d02, Value: [Vertex(-2, 0, 4)]
Key: com.catan.model.RoundedPoint2D@eb512, Value: [Vertex(-2, -1, 4)]
Key: com.catan.model.RoundedPoint2D@f3212, Value: [Vertex(-2, 1, 5)]
Key: com.catan.model.RoundedPoint2D@1fa481, Value: [Vertex(0, 1, 0), Vertex(1, 2, 4), Vertex(0, 2, 2)]
Key: com.catan.model.RoundedPoint2D@1f6601, Value: [Vertex(0, 0, 1), Vertex(0, 1, 3)]
Key: com.catan.model.RoundedPoint2D@1ee901, Value: [Vertex(0, -2, 2), Vertex(1, -2, 4)]
Key: com.catan.model.RoundedPoint2D@257700, Value: [Vertex(1, -2, 2)]
Key: com.catan.model.RoundedPoint2D@25f400, Value: [Vertex(1, 1, 3)]
Key: com.catan.model.RoundedPoint2D@263280, Value: [Vertex(1, 1, 0), Vertex(1, 2, 2)]
Key: com.catan.model.RoundedPoint2D@1bf031, Value: [Vertex(0, -1, 5), Vertex(0, 0, 3)]
Key: com.catan.model.RoundedPoint2D@1c2eb1, Value: [Vertex(0, 0, 0), Vertex(0, 1, 4), Vertex(-1, 1, 2)]
Key: com.catan.model.RoundedPoint2D@124a22, Value: [Vertex(-2, 1, 3), Vertex(-2, 0, 1)]
Key: com.catan.model.RoundedPoint2D@1288a2, Value: [Vertex(-2, 1, 0), Vertex(-1, 2, 4)]
Key: com.catan.model.RoundedPoint2D@22bc91, Value: [Vertex(1, 1, 4), Vertex(0, 1, 2)]
Key: com.catan.model.RoundedPoint2D@227e11, Value: [Vertex(0, -1, 1)]
Key: com.catan.model.RoundedPoint2D@11cd22, Value: [Vertex(-1, -2, 4)]
Key: com.catan.model.RoundedPoint2D@1916a1, Value: [Vertex(0, 2, 4), Vertex(-1, 2, 2), Vertex(-1, 1, 0)]
Key: com.catan.model.RoundedPoint2D@290c10, Value: [Vertex(1, -1, 1)]
Key: com.catan.model.RoundedPoint2D@294a90, Value: [Vertex(1, 1, 2)]
Key: com.catan.model.RoundedPoint2D@18d821, Value: [Vertex(0, 0, 5), Vertex(-1, 1, 3)]
Key: com.catan.model.RoundedPoint2D@185b21, Value: [Vertex(-1, -2, 2), Vertex(0, -2, 4)]
Key: com.catan.model.RoundedPoint2D@156251, Value: [Vertex(-2, -1, 1)]
Key: com.catan.model.RoundedPoint2D@15a0d1, Value: [Vertex(-2, 1, 2), Vertex(-1, 1, 4)]
Key: com.catan.model.RoundedPoint2D@bbc42, Value: [Vertex(-2, 0, 5)]
Key: com.catan.model.RoundedPoint2D@ed452, Value: [Vertex(-2, 0, 3), Vertex(-2, -1, 5)]
Key: com.catan.model.RoundedPoint2D@f12d2, Value: [Vertex(-2, 1, 4), Vertex(-2, 0, 0)]
Key: com.catan.model.RoundedPoint2D@1fc3c1, Value: [Vertex(1, 2, 5), Vertex(0, 2, 1)]
Key: com.catan.model.RoundedPoint2D@1f0841, Value: [Vertex(0, -1, 3), Vertex(0, -2, 1), Vertex(1, -2, 5)]
Key: com.catan.model.RoundedPoint2D@1f46c1, Value: [Vertex(0, -1, 0), Vertex(0, 0, 2)]
Key: com.catan.model.RoundedPoint2D@25d4c0, Value: [Vertex(1, -1, 0)]
Key: com.catan.model.RoundedPoint2D@259640, Value: [Vertex(1, -2, 1)]
Key: com.catan.model.RoundedPoint2D@2651c0, Value: [Vertex(1, 2, 1)]
Key: com.catan.model.RoundedPoint2D@1b9271, Value: [Vertex(0, -2, 3)]
Key: com.catan.model.RoundedPoint2D@1bd0f1, Value: [Vertex(0, -1, 4), Vertex(0, -2, 0)]
Key: com.catan.model.RoundedPoint2D@1c8c71, Value: [Vertex(0, 2, 0)]
Key: com.catan.model.RoundedPoint2D@1c4df1, Value: [Vertex(0, 1, 5), Vertex(0, 2, 3), Vertex(-1, 1, 1)]
Key: com.catan.model.RoundedPoint2D@122ae2, Value: [Vertex(-2, 0, 2), Vertex(-2, -1, 0)]
Key: com.catan.model.RoundedPoint2D@12a7e2, Value: [Vertex(-1, 2, 5)]
Key: com.catan.model.RoundedPoint2D@231a51, Value: [Vertex(1, 2, 0)]
Key: com.catan.model.RoundedPoint2D@222051, Value: [Vertex(1, -2, 3)]
Key: com.catan.model.RoundedPoint2D@22dbd1, Value: [Vertex(1, 1, 5), Vertex(0, 1, 1), Vertex(1, 2, 3)]
Key: com.catan.model.RoundedPoint2D@225ed1, Value: [Vertex(0, -1, 2), Vertex(1, -2, 0)]
Key: com.catan.model.RoundedPoint2D@11ec62, Value: [Vertex(-1, -2, 5), Vertex(-2, -1, 3)]
Key: com.catan.model.RoundedPoint2D@1935e1, Value: [Vertex(0, 2, 5), Vertex(-1, 2, 1)]
Key: com.catan.model.RoundedPoint2D@2969d0, Value: [Vertex(1, 1, 1)]
Key: com.catan.model.RoundedPoint2D@18b8e1, Value: [Vertex(0, 0, 4)]
Key: com.catan.model.RoundedPoint2D@187a61, Value: [Vertex(-1, -2, 1), Vertex(0, -2, 5)]
Key: com.catan.model.RoundedPoint2D@15fe91, Value: [Vertex(-1, 2, 0)]
Key: com.catan.model.RoundedPoint2D@15c011, Value: [Vertex(-2, 1, 1), Vertex(-1, 2, 3), Vertex(-1, 1, 5)]
Key: com.catan.model.RoundedPoint2D@150491, Value: [Vertex(-1, -2, 3)]
Key: com.catan.model.RoundedPoint2D@154311, Value: [Vertex(-1, -2, 0), Vertex(-2, -1, 2)]
Key: com.catan.model.RoundedPoint2D@b9d02, Value: [Vertex(-2, 0, 4)]
Key: com.catan.model.RoundedPoint2D@eb512, Value: [Vertex(-2, -1, 4)]
Key: com.catan.model.RoundedPoint2D@f3212, Value: [Vertex(-2, 1, 5)]
Key: com.catan.model.RoundedPoint2D@1fa481, Value: [Vertex(0, 1, 0), Vertex(1, 2, 4), Vertex(0, 2, 2)]
Key: com.catan.model.RoundedPoint2D@1f6601, Value: [Vertex(0, 0, 1), Vertex(0, 1, 3)]
Key: com.catan.model.RoundedPoint2D@1ee901, Value: [Vertex(0, -2, 2), Vertex(1, -2, 4)]
Key: com.catan.model.RoundedPoint2D@257700, Value: [Vertex(1, -2, 2)]
Key: com.catan.model.RoundedPoint2D@25f400, Value: [Vertex(1, 1, 3)]
Key: com.catan.model.RoundedPoint2D@263280, Value: [Vertex(1, 1, 0), Vertex(1, 2, 2)]
Key: com.catan.model.RoundedPoint2D@1bf031, Value: [Vertex(0, -1, 5), Vertex(0, 0, 3)]
Key: com.catan.model.RoundedPoint2D@1c2eb1, Value: [Vertex(0, 0, 0), Vertex(0, 1, 4), Vertex(-1, 1, 2)]
Key: com.catan.model.RoundedPoint2D@124a22, Value: [Vertex(-2, 1, 3), Vertex(-2, 0, 1)]
Key: com.catan.model.RoundedPoint2D@1288a2, Value: [Vertex(-2, 1, 0), Vertex(-1, 2, 4)]
Key: com.catan.model.RoundedPoint2D@22bc91, Value: [Vertex(1, 1, 4), Vertex(0, 1, 2)]
Key: com.catan.model.RoundedPoint2D@227e11, Value: [Vertex(0, -1, 1)]
Key: com.catan.model.RoundedPoint2D@11cd22, Value: [Vertex(-1, -2, 4)]
Key: com.catan.model.RoundedPoint2D@1916a1, Value: [Vertex(0, 2, 4), Vertex(-1, 2, 2), Vertex(-1, 1, 0)]
Key: com.catan.model.RoundedPoint2D@290c10, Value: [Vertex(1, -1, 1)]
Key: com.catan.model.RoundedPoint2D@294a90, Value: [Vertex(1, 1, 2)]
Key: com.catan.model.RoundedPoint2D@18d821, Value: [Vertex(0, 0, 5), Vertex(-1, 1, 3)]
Key: com.catan.model.RoundedPoint2D@185b21, Value: [Vertex(-1, -2, 2), Vertex(0, -2, 4)]
Key: com.catan.model.RoundedPoint2D@156251, Value: [Vertex(-2, -1, 1)]
Key: com.catan.model.RoundedPoint2D@15a0d1, Value: [Vertex(-2, 1, 2), Vertex(-1, 1, 4)]
Key: com.catan.model.RoundedPoint2D@bbc42, Value: [Vertex(-2, 0, 5)]
Key: com.catan.model.RoundedPoint2D@ed452, Value: [Vertex(-2, 0, 3), Vertex(-2, -1, 5)]
Key: com.catan.model.RoundedPoint2D@f12d2, Value: [Vertex(-2, 1, 4), Vertex(-2, 0, 0)]
Key: com.catan.model.RoundedPoint2D@1fc3c1, Value: [Vertex(1, 2, 5), Vertex(0, 2, 1)]
Key: com.catan.model.RoundedPoint2D@1f0841, Value: [Vertex(0, -1, 3), Vertex(0, -2, 1), Vertex(1, -2, 5)]
Key: com.catan.model.RoundedPoint2D@1f46c1, Value: [Vertex(0, -1, 0), Vertex(0, 0, 2)]
Key: com.catan.model.RoundedPoint2D@25d4c0, Value: [Vertex(1, -1, 0)]
Key: com.catan.model.RoundedPoint2D@259640, Value: [Vertex(1, -2, 1)]
Key: com.catan.model.RoundedPoint2D@2651c0, Value: [Vertex(1, 2, 1)]
Key: com.catan.model.RoundedPoint2D@1b9271, Value: [Vertex(0, -2, 3)]
Key: com.catan.model.RoundedPoint2D@1bd0f1, Value: [Vertex(0, -1, 4), Vertex(0, -2, 0)]
Key: com.catan.model.RoundedPoint2D@1c8c71, Value: [Vertex(0, 2, 0)]
Key: com.catan.model.RoundedPoint2D@1c4df1, Value: [Vertex(0, 1, 5), Vertex(0, 2, 3), Vertex(-1, 1, 1)]
Key: com.catan.model.RoundedPoint2D@122ae2, Value: [Vertex(-2, 0, 2), Vertex(-2, -1, 0)]
Key: com.catan.model.RoundedPoint2D@12a7e2, Value: [Vertex(-1, 2, 5)]
Key: com.catan.model.RoundedPoint2D@231a51, Value: [Vertex(1, 2, 0)]
Key: com.catan.model.RoundedPoint2D@222051, Value: [Vertex(1, -2, 3)]
Key: com.catan.model.RoundedPoint2D@22dbd1, Value: [Vertex(1, 1, 5), Vertex(0, 1, 1), Vertex(1, 2, 3)]
Key: com.catan.model.RoundedPoint2D@225ed1, Value: [Vertex(0, -1, 2), Vertex(1, -2, 0)]
Key: com.catan.model.RoundedPoint2D@11ec62, Value: [Vertex(-1, -2, 5), Vertex(-2, -1, 3)]
Key: com.catan.model.RoundedPoint2D@28ecd0, Value: [Vertex(1, -1, 2)]
Key: com.catan.model.RoundedPoint2D@1935e1, Value: [Vertex(0, 2, 5), Vertex(-1, 2, 1)]
Key: com.catan.model.RoundedPoint2D@2969d0, Value: [Vertex(1, 1, 1)]
Key: com.catan.model.RoundedPoint2D@18b8e1, Value: [Vertex(0, 0, 4)]
Key: com.catan.model.RoundedPoint2D@187a61, Value: [Vertex(-1, -2, 1), Vertex(0, -2, 5)]
Key: com.catan.model.RoundedPoint2D@15fe91, Value: [Vertex(-1, 2, 0)]
Key: com.catan.model.RoundedPoint2D@15c011, Value: [Vertex(-2, 1, 1), Vertex(-1, 2, 3), Vertex(-1, 1, 5)]
Key: com.catan.model.RoundedPoint2D@150491, Value: [Vertex(-1, -2, 3)]
Key: com.catan.model.RoundedPoint2D@154311, Value: [Vertex(-1, -2, 0), Vertex(-2, -1, 2)]
Key: com.catan.model.RoundedPoint2D@b9d02, Value: [Vertex(-2, 0, 4)]
Key: com.catan.model.RoundedPoint2D@eb512, Value: [Vertex(-2, -1, 4)]
Key: com.catan.model.RoundedPoint2D@f3212, Value: [Vertex(-2, 1, 5)]
Key: com.catan.model.RoundedPoint2D@1fa481, Value: [Vertex(0, 1, 0), Vertex(1, 2, 4), Vertex(0, 2, 2)]
Key: com.catan.model.RoundedPoint2D@1f6601, Value: [Vertex(0, 0, 1), Vertex(0, 1, 3)]
Key: com.catan.model.RoundedPoint2D@1ee901, Value: [Vertex(0, -2, 2), Vertex(1, -2, 4)]
Key: com.catan.model.RoundedPoint2D@257700, Value: [Vertex(1, -2, 2)]
Key: com.catan.model.RoundedPoint2D@25f400, Value: [Vertex(1, 1, 3)]
Key: com.catan.model.RoundedPoint2D@263280, Value: [Vertex(1, 1, 0), Vertex(1, 2, 2)]
Key: com.catan.model.RoundedPoint2D@1bf031, Value: [Vertex(0, -1, 5), Vertex(0, 0, 3)]
Key: com.catan.model.RoundedPoint2D@1c2eb1, Value: [Vertex(0, 0, 0), Vertex(0, 1, 4), Vertex(-1, 1, 2)]
Key: com.catan.model.RoundedPoint2D@124a22, Value: [Vertex(-2, 1, 3), Vertex(-2, 0, 1)]
Key: com.catan.model.RoundedPoint2D@1288a2, Value: [Vertex(-2, 1, 0), Vertex(-1, 2, 4)]
Key: com.catan.model.RoundedPoint2D@22bc91, Value: [Vertex(1, 1, 4), Vertex(0, 1, 2)]
Key: com.catan.model.RoundedPoint2D@227e11, Value: [Vertex(0, -1, 1)]
Key: com.catan.model.RoundedPoint2D@11cd22, Value: [Vertex(-1, -2, 4)]
Key: com.catan.model.RoundedPoint2D@1916a1, Value: [Vertex(0, 2, 4), Vertex(-1, 2, 2), Vertex(-1, 1, 0)]
Key: com.catan.model.RoundedPoint2D@290c10, Value: [Vertex(1, -1, 1)]
Key: com.catan.model.RoundedPoint2D@294a90, Value: [Vertex(1, 1, 2)]
Key: com.catan.model.RoundedPoint2D@18d821, Value: [Vertex(0, 0, 5), Vertex(-1, 1, 3)]
Key: com.catan.model.RoundedPoint2D@185b21, Value: [Vertex(-1, -2, 2), Vertex(0, -2, 4)]
Key: com.catan.model.RoundedPoint2D@156251, Value: [Vertex(-2, -1, 1)]
Key: com.catan.model.RoundedPoint2D@15a0d1, Value: [Vertex(-2, 1, 2), Vertex(-1, 1, 4)]
Key: com.catan.model.RoundedPoint2D@bbc42, Value: [Vertex(-2, 0, 5)]
Key: com.catan.model.RoundedPoint2D@ed452, Value: [Vertex(-2, 0, 3), Vertex(-2, -1, 5)]
Key: com.catan.model.RoundedPoint2D@f12d2, Value: [Vertex(-2, 1, 4), Vertex(-2, 0, 0)]
Key: com.catan.model.RoundedPoint2D@1fc3c1, Value: [Vertex(1, 2, 5), Vertex(0, 2, 1)]
Key: com.catan.model.RoundedPoint2D@1f0841, Value: [Vertex(0, -1, 3), Vertex(0, -2, 1), Vertex(1, -2, 5)]
Key: com.catan.model.RoundedPoint2D@1f46c1, Value: [Vertex(0, -1, 0), Vertex(0, 0, 2)]
Key: com.catan.model.RoundedPoint2D@25d4c0, Value: [Vertex(1, -1, 0)]
Key: com.catan.model.RoundedPoint2D@259640, Value: [Vertex(1, -2, 1), Vertex(1, -1, 3)]
Key: com.catan.model.RoundedPoint2D@2651c0, Value: [Vertex(1, 2, 1)]
Key: com.catan.model.RoundedPoint2D@1b9271, Value: [Vertex(0, -2, 3)]
Key: com.catan.model.RoundedPoint2D@1bd0f1, Value: [Vertex(0, -1, 4), Vertex(0, -2, 0)]
Key: com.catan.model.RoundedPoint2D@1c8c71, Value: [Vertex(0, 2, 0)]
Key: com.catan.model.RoundedPoint2D@1c4df1, Value: [Vertex(0, 1, 5), Vertex(0, 2, 3), Vertex(-1, 1, 1)]
Key: com.catan.model.RoundedPoint2D@122ae2, Value: [Vertex(-2, 0, 2), Vertex(-2, -1, 0)]
Key: com.catan.model.RoundedPoint2D@12a7e2, Value: [Vertex(-1, 2, 5)]
Key: com.catan.model.RoundedPoint2D@231a51, Value: [Vertex(1, 2, 0)]
Key: com.catan.model.RoundedPoint2D@222051, Value: [Vertex(1, -2, 3)]
Key: com.catan.model.RoundedPoint2D@22dbd1, Value: [Vertex(1, 1, 5), Vertex(0, 1, 1), Vertex(1, 2, 3)]
Key: com.catan.model.RoundedPoint2D@225ed1, Value: [Vertex(0, -1, 2), Vertex(1, -2, 0)]
Key: com.catan.model.RoundedPoint2D@11ec62, Value: [Vertex(-1, -2, 5), Vertex(-2, -1, 3)]
Key: com.catan.model.RoundedPoint2D@28ecd0, Value: [Vertex(1, -1, 2)]
Key: com.catan.model.RoundedPoint2D@1935e1, Value: [Vertex(0, 2, 5), Vertex(-1, 2, 1)]
Key: com.catan.model.RoundedPoint2D@2969d0, Value: [Vertex(1, 1, 1)]
Key: com.catan.model.RoundedPoint2D@18b8e1, Value: [Vertex(0, 0, 4)]
Key: com.catan.model.RoundedPoint2D@187a61, Value: [Vertex(-1, -2, 1), Vertex(0, -2, 5)]
Key: com.catan.model.RoundedPoint2D@15fe91, Value: [Vertex(-1, 2, 0)]
Key: com.catan.model.RoundedPoint2D@15c011, Value: [Vertex(-2, 1, 1), Vertex(-1, 2, 3), Vertex(-1, 1, 5)]
Key: com.catan.model.RoundedPoint2D@150491, Value: [Vertex(-1, -2, 3)]
Key: com.catan.model.RoundedPoint2D@154311, Value: [Vertex(-1, -2, 0), Vertex(-2, -1, 2)]
Key: com.catan.model.RoundedPoint2D@b9d02, Value: [Vertex(-2, 0, 4)]
Key: com.catan.model.RoundedPoint2D@eb512, Value: [Vertex(-2, -1, 4)]
Key: com.catan.model.RoundedPoint2D@f3212, Value: [Vertex(-2, 1, 5)]
Key: com.catan.model.RoundedPoint2D@1fa481, Value: [Vertex(0, 1, 0), Vertex(1, 2, 4), Vertex(0, 2, 2)]
Key: com.catan.model.RoundedPoint2D@1f6601, Value: [Vertex(0, 0, 1), Vertex(0, 1, 3)]
Key: com.catan.model.RoundedPoint2D@1ee901, Value: [Vertex(0, -2, 2), Vertex(1, -2, 4)]
Key: com.catan.model.RoundedPoint2D@257700, Value: [Vertex(1, -2, 2)]
Key: com.catan.model.RoundedPoint2D@25f400, Value: [Vertex(1, 1, 3)]
Key: com.catan.model.RoundedPoint2D@263280, Value: [Vertex(1, 1, 0), Vertex(1, 2, 2)]
Key: com.catan.model.RoundedPoint2D@1bf031, Value: [Vertex(0, -1, 5), Vertex(0, 0, 3)]
Key: com.catan.model.RoundedPoint2D@1c2eb1, Value: [Vertex(0, 0, 0), Vertex(0, 1, 4), Vertex(-1, 1, 2)]
Key: com.catan.model.RoundedPoint2D@124a22, Value: [Vertex(-2, 1, 3), Vertex(-2, 0, 1)]
Key: com.catan.model.RoundedPoint2D@1288a2, Value: [Vertex(-2, 1, 0), Vertex(-1, 2, 4)]
Key: com.catan.model.RoundedPoint2D@22bc91, Value: [Vertex(1, 1, 4), Vertex(0, 1, 2)]
Key: com.catan.model.RoundedPoint2D@227e11, Value: [Vertex(0, -1, 1)]
Key: com.catan.model.RoundedPoint2D@11cd22, Value: [Vertex(-1, -2, 4)]
Key: com.catan.model.RoundedPoint2D@1916a1, Value: [Vertex(0, 2, 4), Vertex(-1, 2, 2), Vertex(-1, 1, 0)]
Key: com.catan.model.RoundedPoint2D@290c10, Value: [Vertex(1, -1, 1)]
Key: com.catan.model.RoundedPoint2D@294a90, Value: [Vertex(1, 1, 2)]
Key: com.catan.model.RoundedPoint2D@18d821, Value: [Vertex(0, 0, 5), Vertex(-1, 1, 3)]
Key: com.catan.model.RoundedPoint2D@185b21, Value: [Vertex(-1, -2, 2), Vertex(0, -2, 4)]
Key: com.catan.model.RoundedPoint2D@156251, Value: [Vertex(-2, -1, 1)]
Key: com.catan.model.RoundedPoint2D@15a0d1, Value: [Vertex(-2, 1, 2), Vertex(-1, 1, 4)]
Key: com.catan.model.RoundedPoint2D@bbc42, Value: [Vertex(-2, 0, 5)]
Key: com.catan.model.RoundedPoint2D@ed452, Value: [Vertex(-2, 0, 3), Vertex(-2, -1, 5)]
Key: com.catan.model.RoundedPoint2D@f12d2, Value: [Vertex(-2, 1, 4), Vertex(-2, 0, 0)]
Key: com.catan.model.RoundedPoint2D@1fc3c1, Value: [Vertex(1, 2, 5), Vertex(0, 2, 1)]
Key: com.catan.model.RoundedPoint2D@1f0841, Value: [Vertex(0, -1, 3), Vertex(0, -2, 1), Vertex(1, -2, 5)]
Key: com.catan.model.RoundedPoint2D@1f46c1, Value: [Vertex(0, -1, 0), Vertex(0, 0, 2)]
Key: com.catan.model.RoundedPoint2D@25d4c0, Value: [Vertex(1, -1, 0)]
Key: com.catan.model.RoundedPoint2D@259640, Value: [Vertex(1, -2, 1), Vertex(1, -1, 3)]
Key: com.catan.model.RoundedPoint2D@2651c0, Value: [Vertex(1, 2, 1)]
Key: com.catan.model.RoundedPoint2D@1b9271, Value: [Vertex(0, -2, 3)]
Key: com.catan.model.RoundedPoint2D@1bd0f1, Value: [Vertex(0, -1, 4), Vertex(0, -2, 0)]
Key: com.catan.model.RoundedPoint2D@1c8c71, Value: [Vertex(0, 2, 0)]
Key: com.catan.model.RoundedPoint2D@1c4df1, Value: [Vertex(0, 1, 5), Vertex(0, 2, 3), Vertex(-1, 1, 1)]
Key: com.catan.model.RoundedPoint2D@122ae2, Value: [Vertex(-2, 0, 2), Vertex(-2, -1, 0)]
Key: com.catan.model.RoundedPoint2D@12a7e2, Value: [Vertex(-1, 2, 5)]
Key: com.catan.model.RoundedPoint2D@231a51, Value: [Vertex(1, 2, 0)]
Key: com.catan.model.RoundedPoint2D@222051, Value: [Vertex(1, -2, 3)]
Key: com.catan.model.RoundedPoint2D@22dbd1, Value: [Vertex(1, 1, 5), Vertex(0, 1, 1), Vertex(1, 2, 3)]
Key: com.catan.model.RoundedPoint2D@225ed1, Value: [Vertex(0, -1, 2), Vertex(1, -2, 0), Vertex(1, -1, 4)]
Key: com.catan.model.RoundedPoint2D@11ec62, Value: [Vertex(-1, -2, 5), Vertex(-2, -1, 3)]
Key: com.catan.model.RoundedPoint2D@28ecd0, Value: [Vertex(1, -1, 2)]
Key: com.catan.model.RoundedPoint2D@1935e1, Value: [Vertex(0, 2, 5), Vertex(-1, 2, 1)]
Key: com.catan.model.RoundedPoint2D@2969d0, Value: [Vertex(1, 1, 1)]
Key: com.catan.model.RoundedPoint2D@18b8e1, Value: [Vertex(0, 0, 4)]
Key: com.catan.model.RoundedPoint2D@187a61, Value: [Vertex(-1, -2, 1), Vertex(0, -2, 5)]
Key: com.catan.model.RoundedPoint2D@15fe91, Value: [Vertex(-1, 2, 0)]
Key: com.catan.model.RoundedPoint2D@15c011, Value: [Vertex(-2, 1, 1), Vertex(-1, 2, 3), Vertex(-1, 1, 5)]
Key: com.catan.model.RoundedPoint2D@150491, Value: [Vertex(-1, -2, 3)]
Key: com.catan.model.RoundedPoint2D@154311, Value: [Vertex(-1, -2, 0), Vertex(-2, -1, 2)]
Key: com.catan.model.RoundedPoint2D@b9d02, Value: [Vertex(-2, 0, 4)]
Key: com.catan.model.RoundedPoint2D@eb512, Value: [Vertex(-2, -1, 4)]
Key: com.catan.model.RoundedPoint2D@f3212, Value: [Vertex(-2, 1, 5)]
Key: com.catan.model.RoundedPoint2D@1fa481, Value: [Vertex(0, 1, 0), Vertex(1, 2, 4), Vertex(0, 2, 2)]
Key: com.catan.model.RoundedPoint2D@1f6601, Value: [Vertex(0, 0, 1), Vertex(0, 1, 3)]
Key: com.catan.model.RoundedPoint2D@1ee901, Value: [Vertex(0, -2, 2), Vertex(1, -2, 4)]
Key: com.catan.model.RoundedPoint2D@257700, Value: [Vertex(1, -2, 2)]
Key: com.catan.model.RoundedPoint2D@25f400, Value: [Vertex(1, 1, 3)]
Key: com.catan.model.RoundedPoint2D@263280, Value: [Vertex(1, 1, 0), Vertex(1, 2, 2)]
Key: com.catan.model.RoundedPoint2D@1bf031, Value: [Vertex(0, -1, 5), Vertex(0, 0, 3)]
Key: com.catan.model.RoundedPoint2D@1c2eb1, Value: [Vertex(0, 0, 0), Vertex(0, 1, 4), Vertex(-1, 1, 2)]
Key: com.catan.model.RoundedPoint2D@124a22, Value: [Vertex(-2, 1, 3), Vertex(-2, 0, 1)]
Key: com.catan.model.RoundedPoint2D@1288a2, Value: [Vertex(-2, 1, 0), Vertex(-1, 2, 4)]
Key: com.catan.model.RoundedPoint2D@22bc91, Value: [Vertex(1, 1, 4), Vertex(0, 1, 2)]
Key: com.catan.model.RoundedPoint2D@227e11, Value: [Vertex(0, -1, 1), Vertex(1, -1, 5)]
Key: com.catan.model.RoundedPoint2D@11cd22, Value: [Vertex(-1, -2, 4)]
Key: com.catan.model.RoundedPoint2D@1916a1, Value: [Vertex(0, 2, 4), Vertex(-1, 2, 2), Vertex(-1, 1, 0)]
Key: com.catan.model.RoundedPoint2D@290c10, Value: [Vertex(1, -1, 1)]
Key: com.catan.model.RoundedPoint2D@294a90, Value: [Vertex(1, 1, 2)]
Key: com.catan.model.RoundedPoint2D@18d821, Value: [Vertex(0, 0, 5), Vertex(-1, 1, 3)]
Key: com.catan.model.RoundedPoint2D@185b21, Value: [Vertex(-1, -2, 2), Vertex(0, -2, 4)]
Key: com.catan.model.RoundedPoint2D@156251, Value: [Vertex(-2, -1, 1)]
Key: com.catan.model.RoundedPoint2D@15a0d1, Value: [Vertex(-2, 1, 2), Vertex(-1, 1, 4)]
Key: com.catan.model.RoundedPoint2D@bbc42, Value: [Vertex(-2, 0, 5)]
Key: com.catan.model.RoundedPoint2D@ed452, Value: [Vertex(-2, 0, 3), Vertex(-2, -1, 5)]
Key: com.catan.model.RoundedPoint2D@f12d2, Value: [Vertex(-2, 1, 4), Vertex(-2, 0, 0)]
Key: com.catan.model.RoundedPoint2D@1fc3c1, Value: [Vertex(1, 2, 5), Vertex(0, 2, 1)]
Key: com.catan.model.RoundedPoint2D@1f0841, Value: [Vertex(0, -1, 3), Vertex(0, -2, 1), Vertex(1, -2, 5)]
Key: com.catan.model.RoundedPoint2D@1f46c1, Value: [Vertex(0, -1, 0), Vertex(0, 0, 2)]
Key: com.catan.model.RoundedPoint2D@25d4c0, Value: [Vertex(1, -1, 0)]
Key: com.catan.model.RoundedPoint2D@259640, Value: [Vertex(1, -2, 1), Vertex(1, -1, 3)]
Key: com.catan.model.RoundedPoint2D@2651c0, Value: [Vertex(1, 2, 1)]
Key: com.catan.model.RoundedPoint2D@1b9271, Value: [Vertex(0, -2, 3)]
Key: com.catan.model.RoundedPoint2D@1bd0f1, Value: [Vertex(0, -1, 4), Vertex(0, -2, 0)]
Key: com.catan.model.RoundedPoint2D@1c8c71, Value: [Vertex(0, 2, 0)]
Key: com.catan.model.RoundedPoint2D@1c4df1, Value: [Vertex(0, 1, 5), Vertex(0, 2, 3), Vertex(-1, 1, 1)]
Key: com.catan.model.RoundedPoint2D@122ae2, Value: [Vertex(-2, 0, 2), Vertex(-2, -1, 0)]
Key: com.catan.model.RoundedPoint2D@12a7e2, Value: [Vertex(-1, 2, 5)]
Key: com.catan.model.RoundedPoint2D@231a51, Value: [Vertex(1, 2, 0)]
Key: com.catan.model.RoundedPoint2D@222051, Value: [Vertex(1, -2, 3)]
Key: com.catan.model.RoundedPoint2D@22dbd1, Value: [Vertex(1, 1, 5), Vertex(0, 1, 1), Vertex(1, 2, 3)]
Key: com.catan.model.RoundedPoint2D@225ed1, Value: [Vertex(0, -1, 2), Vertex(1, -2, 0), Vertex(1, -1, 4)]
Key: com.catan.model.RoundedPoint2D@11ec62, Value: [Vertex(-1, -2, 5), Vertex(-2, -1, 3)]
Key: com.catan.model.RoundedPoint2D@28ecd0, Value: [Vertex(1, -1, 2)]
Key: com.catan.model.RoundedPoint2D@1935e1, Value: [Vertex(0, 2, 5), Vertex(-1, 2, 1)]
Key: com.catan.model.RoundedPoint2D@2969d0, Value: [Vertex(1, 1, 1)]
Key: com.catan.model.RoundedPoint2D@18b8e1, Value: [Vertex(0, 0, 4)]
Key: com.catan.model.RoundedPoint2D@187a61, Value: [Vertex(-1, -2, 1), Vertex(0, -2, 5)]
Key: com.catan.model.RoundedPoint2D@15fe91, Value: [Vertex(-1, 2, 0)]
Key: com.catan.model.RoundedPoint2D@15c011, Value: [Vertex(-2, 1, 1), Vertex(-1, 2, 3), Vertex(-1, 1, 5)]
Key: com.catan.model.RoundedPoint2D@150491, Value: [Vertex(-1, -2, 3)]
Key: com.catan.model.RoundedPoint2D@154311, Value: [Vertex(-1, -2, 0), Vertex(-2, -1, 2)]
Key: com.catan.model.RoundedPoint2D@b9d02, Value: [Vertex(-2, 0, 4)]
Key: com.catan.model.RoundedPoint2D@eb512, Value: [Vertex(-2, -1, 4)]
Key: com.catan.model.RoundedPoint2D@f3212, Value: [Vertex(-2, 1, 5)]
Key: com.catan.model.RoundedPoint2D@1fa481, Value: [Vertex(0, 1, 0), Vertex(1, 2, 4), Vertex(0, 2, 2)]
Key: com.catan.model.RoundedPoint2D@1f6601, Value: [Vertex(0, 0, 1), Vertex(0, 1, 3)]
Key: com.catan.model.RoundedPoint2D@1ee901, Value: [Vertex(0, -2, 2), Vertex(1, -2, 4)]
Key: com.catan.model.RoundedPoint2D@257700, Value: [Vertex(1, -2, 2)]
Key: com.catan.model.RoundedPoint2D@25f400, Value: [Vertex(1, 1, 3)]
Key: com.catan.model.RoundedPoint2D@263280, Value: [Vertex(1, 1, 0), Vertex(1, 2, 2)]
Key: com.catan.model.RoundedPoint2D@1bf031, Value: [Vertex(0, -1, 5), Vertex(0, 0, 3)]
Key: com.catan.model.RoundedPoint2D@1c2eb1, Value: [Vertex(0, 0, 0), Vertex(0, 1, 4), Vertex(-1, 1, 2)]
Key: com.catan.model.RoundedPoint2D@124a22, Value: [Vertex(-2, 1, 3), Vertex(-2, 0, 1)]
Key: com.catan.model.RoundedPoint2D@1288a2, Value: [Vertex(-2, 1, 0), Vertex(-1, 2, 4)]
Key: com.catan.model.RoundedPoint2D@22bc91, Value: [Vertex(1, 1, 4), Vertex(0, 1, 2)]
Key: com.catan.model.RoundedPoint2D@227e11, Value: [Vertex(0, -1, 1), Vertex(1, -1, 5)]
Key: com.catan.model.RoundedPoint2D@11cd22, Value: [Vertex(-1, -2, 4)]
Key: com.catan.model.RoundedPoint2D@1916a1, Value: [Vertex(0, 2, 4), Vertex(-1, 2, 2), Vertex(-1, 1, 0)]
Key: com.catan.model.RoundedPoint2D@290c10, Value: [Vertex(1, -1, 1)]
Key: com.catan.model.RoundedPoint2D@294a90, Value: [Vertex(1, 1, 2)]
Key: com.catan.model.RoundedPoint2D@18d821, Value: [Vertex(0, 0, 5), Vertex(-1, 1, 3)]
Key: com.catan.model.RoundedPoint2D@185b21, Value: [Vertex(-1, -2, 2), Vertex(0, -2, 4)]
Key: com.catan.model.RoundedPoint2D@156251, Value: [Vertex(-2, -1, 1)]
Key: com.catan.model.RoundedPoint2D@15a0d1, Value: [Vertex(-2, 1, 2), Vertex(-1, 1, 4), Vertex(-1, 0, 0)]
Key: com.catan.model.RoundedPoint2D@bbc42, Value: [Vertex(-2, 0, 5)]
Key: com.catan.model.RoundedPoint2D@ed452, Value: [Vertex(-2, 0, 3), Vertex(-2, -1, 5)]
Key: com.catan.model.RoundedPoint2D@f12d2, Value: [Vertex(-2, 1, 4), Vertex(-2, 0, 0)]
Key: com.catan.model.RoundedPoint2D@1fc3c1, Value: [Vertex(1, 2, 5), Vertex(0, 2, 1)]
Key: com.catan.model.RoundedPoint2D@1f0841, Value: [Vertex(0, -1, 3), Vertex(0, -2, 1), Vertex(1, -2, 5)]
Key: com.catan.model.RoundedPoint2D@1f46c1, Value: [Vertex(0, -1, 0), Vertex(0, 0, 2)]
Key: com.catan.model.RoundedPoint2D@25d4c0, Value: [Vertex(1, -1, 0)]
Key: com.catan.model.RoundedPoint2D@259640, Value: [Vertex(1, -2, 1), Vertex(1, -1, 3)]
Key: com.catan.model.RoundedPoint2D@2651c0, Value: [Vertex(1, 2, 1)]
Key: com.catan.model.RoundedPoint2D@1b9271, Value: [Vertex(0, -2, 3)]
Key: com.catan.model.RoundedPoint2D@1bd0f1, Value: [Vertex(0, -1, 4), Vertex(0, -2, 0)]
Key: com.catan.model.RoundedPoint2D@1c8c71, Value: [Vertex(0, 2, 0)]
Key: com.catan.model.RoundedPoint2D@1c4df1, Value: [Vertex(0, 1, 5), Vertex(0, 2, 3), Vertex(-1, 1, 1)]
Key: com.catan.model.RoundedPoint2D@122ae2, Value: [Vertex(-2, 0, 2), Vertex(-2, -1, 0)]
Key: com.catan.model.RoundedPoint2D@12a7e2, Value: [Vertex(-1, 2, 5)]
Key: com.catan.model.RoundedPoint2D@231a51, Value: [Vertex(1, 2, 0)]
Key: com.catan.model.RoundedPoint2D@222051, Value: [Vertex(1, -2, 3)]
Key: com.catan.model.RoundedPoint2D@22dbd1, Value: [Vertex(1, 1, 5), Vertex(0, 1, 1), Vertex(1, 2, 3)]
Key: com.catan.model.RoundedPoint2D@225ed1, Value: [Vertex(0, -1, 2), Vertex(1, -2, 0), Vertex(1, -1, 4)]
Key: com.catan.model.RoundedPoint2D@11ec62, Value: [Vertex(-1, -2, 5), Vertex(-2, -1, 3)]
Key: com.catan.model.RoundedPoint2D@28ecd0, Value: [Vertex(1, -1, 2)]
Key: com.catan.model.RoundedPoint2D@1935e1, Value: [Vertex(0, 2, 5), Vertex(-1, 2, 1)]
Key: com.catan.model.RoundedPoint2D@2969d0, Value: [Vertex(1, 1, 1)]
Key: com.catan.model.RoundedPoint2D@18b8e1, Value: [Vertex(0, 0, 4)]
Key: com.catan.model.RoundedPoint2D@187a61, Value: [Vertex(-1, -2, 1), Vertex(0, -2, 5)]
Key: com.catan.model.RoundedPoint2D@15fe91, Value: [Vertex(-1, 2, 0)]
Key: com.catan.model.RoundedPoint2D@15c011, Value: [Vertex(-2, 1, 1), Vertex(-1, 2, 3), Vertex(-1, 1, 5)]
Key: com.catan.model.RoundedPoint2D@150491, Value: [Vertex(-1, -2, 3)]
Key: com.catan.model.RoundedPoint2D@154311, Value: [Vertex(-1, -2, 0), Vertex(-2, -1, 2)]
Key: com.catan.model.RoundedPoint2D@b9d02, Value: [Vertex(-2, 0, 4)]
Key: com.catan.model.RoundedPoint2D@eb512, Value: [Vertex(-2, -1, 4)]
Key: com.catan.model.RoundedPoint2D@f3212, Value: [Vertex(-2, 1, 5)]
Key: com.catan.model.RoundedPoint2D@1fa481, Value: [Vertex(0, 1, 0), Vertex(1, 2, 4), Vertex(0, 2, 2)]
Key: com.catan.model.RoundedPoint2D@1f6601, Value: [Vertex(0, 0, 1), Vertex(0, 1, 3)]
Key: com.catan.model.RoundedPoint2D@1ee901, Value: [Vertex(0, -2, 2), Vertex(1, -2, 4)]
Key: com.catan.model.RoundedPoint2D@257700, Value: [Vertex(1, -2, 2)]
Key: com.catan.model.RoundedPoint2D@25f400, Value: [Vertex(1, 1, 3)]
Key: com.catan.model.RoundedPoint2D@263280, Value: [Vertex(1, 1, 0), Vertex(1, 2, 2)]
Key: com.catan.model.RoundedPoint2D@1bf031, Value: [Vertex(0, -1, 5), Vertex(0, 0, 3)]
Key: com.catan.model.RoundedPoint2D@1c2eb1, Value: [Vertex(0, 0, 0), Vertex(0, 1, 4), Vertex(-1, 1, 2)]
Key: com.catan.model.RoundedPoint2D@124a22, Value: [Vertex(-2, 1, 3), Vertex(-2, 0, 1)]
Key: com.catan.model.RoundedPoint2D@1288a2, Value: [Vertex(-2, 1, 0), Vertex(-1, 2, 4)]
Key: com.catan.model.RoundedPoint2D@22bc91, Value: [Vertex(1, 1, 4), Vertex(0, 1, 2)]
Key: com.catan.model.RoundedPoint2D@227e11, Value: [Vertex(0, -1, 1), Vertex(1, -1, 5)]
Key: com.catan.model.RoundedPoint2D@11cd22, Value: [Vertex(-1, -2, 4)]
Key: com.catan.model.RoundedPoint2D@1916a1, Value: [Vertex(0, 2, 4), Vertex(-1, 2, 2), Vertex(-1, 1, 0)]
Key: com.catan.model.RoundedPoint2D@290c10, Value: [Vertex(1, -1, 1)]
Key: com.catan.model.RoundedPoint2D@294a90, Value: [Vertex(1, 1, 2)]
Key: com.catan.model.RoundedPoint2D@18d821, Value: [Vertex(0, 0, 5), Vertex(-1, 1, 3), Vertex(-1, 0, 1)]
Key: com.catan.model.RoundedPoint2D@185b21, Value: [Vertex(-1, -2, 2), Vertex(0, -2, 4)]
Key: com.catan.model.RoundedPoint2D@156251, Value: [Vertex(-2, -1, 1)]
Key: com.catan.model.RoundedPoint2D@15a0d1, Value: [Vertex(-2, 1, 2), Vertex(-1, 1, 4), Vertex(-1, 0, 0)]
Key: com.catan.model.RoundedPoint2D@bbc42, Value: [Vertex(-2, 0, 5)]
Key: com.catan.model.RoundedPoint2D@ed452, Value: [Vertex(-2, 0, 3), Vertex(-2, -1, 5)]
Key: com.catan.model.RoundedPoint2D@f12d2, Value: [Vertex(-2, 1, 4), Vertex(-2, 0, 0)]
Key: com.catan.model.RoundedPoint2D@1fc3c1, Value: [Vertex(1, 2, 5), Vertex(0, 2, 1)]
Key: com.catan.model.RoundedPoint2D@1f0841, Value: [Vertex(0, -1, 3), Vertex(0, -2, 1), Vertex(1, -2, 5)]
Key: com.catan.model.RoundedPoint2D@1f46c1, Value: [Vertex(0, -1, 0), Vertex(0, 0, 2)]
Key: com.catan.model.RoundedPoint2D@25d4c0, Value: [Vertex(1, -1, 0)]
Key: com.catan.model.RoundedPoint2D@259640, Value: [Vertex(1, -2, 1), Vertex(1, -1, 3)]
Key: com.catan.model.RoundedPoint2D@2651c0, Value: [Vertex(1, 2, 1)]
Key: com.catan.model.RoundedPoint2D@1b9271, Value: [Vertex(0, -2, 3)]
Key: com.catan.model.RoundedPoint2D@1bd0f1, Value: [Vertex(0, -1, 4), Vertex(0, -2, 0)]
Key: com.catan.model.RoundedPoint2D@1c8c71, Value: [Vertex(0, 2, 0)]
Key: com.catan.model.RoundedPoint2D@1c4df1, Value: [Vertex(0, 1, 5), Vertex(0, 2, 3), Vertex(-1, 1, 1)]
Key: com.catan.model.RoundedPoint2D@122ae2, Value: [Vertex(-2, 0, 2), Vertex(-2, -1, 0)]
Key: com.catan.model.RoundedPoint2D@12a7e2, Value: [Vertex(-1, 2, 5)]
Key: com.catan.model.RoundedPoint2D@231a51, Value: [Vertex(1, 2, 0)]
Key: com.catan.model.RoundedPoint2D@222051, Value: [Vertex(1, -2, 3)]
Key: com.catan.model.RoundedPoint2D@22dbd1, Value: [Vertex(1, 1, 5), Vertex(0, 1, 1), Vertex(1, 2, 3)]
Key: com.catan.model.RoundedPoint2D@225ed1, Value: [Vertex(0, -1, 2), Vertex(1, -2, 0), Vertex(1, -1, 4)]
Key: com.catan.model.RoundedPoint2D@11ec62, Value: [Vertex(-1, -2, 5), Vertex(-2, -1, 3)]
Key: com.catan.model.RoundedPoint2D@28ecd0, Value: [Vertex(1, -1, 2)]
Key: com.catan.model.RoundedPoint2D@1935e1, Value: [Vertex(0, 2, 5), Vertex(-1, 2, 1)]
Key: com.catan.model.RoundedPoint2D@2969d0, Value: [Vertex(1, 1, 1)]
Key: com.catan.model.RoundedPoint2D@18b8e1, Value: [Vertex(0, 0, 4)]
Key: com.catan.model.RoundedPoint2D@187a61, Value: [Vertex(-1, -2, 1), Vertex(0, -2, 5)]
Key: com.catan.model.RoundedPoint2D@15fe91, Value: [Vertex(-1, 2, 0)]
Key: com.catan.model.RoundedPoint2D@15c011, Value: [Vertex(-2, 1, 1), Vertex(-1, 2, 3), Vertex(-1, 1, 5)]
Key: com.catan.model.RoundedPoint2D@150491, Value: [Vertex(-1, -2, 3)]
Key: com.catan.model.RoundedPoint2D@154311, Value: [Vertex(-1, -2, 0), Vertex(-2, -1, 2)]
Key: com.catan.model.RoundedPoint2D@b9d02, Value: [Vertex(-2, 0, 4)]
Key: com.catan.model.RoundedPoint2D@eb512, Value: [Vertex(-2, -1, 4)]
Key: com.catan.model.RoundedPoint2D@f3212, Value: [Vertex(-2, 1, 5)]
Key: com.catan.model.RoundedPoint2D@1fa481, Value: [Vertex(0, 1, 0), Vertex(1, 2, 4), Vertex(0, 2, 2)]
Key: com.catan.model.RoundedPoint2D@1f6601, Value: [Vertex(0, 0, 1), Vertex(0, 1, 3)]
Key: com.catan.model.RoundedPoint2D@1ee901, Value: [Vertex(0, -2, 2), Vertex(1, -2, 4)]
Key: com.catan.model.RoundedPoint2D@257700, Value: [Vertex(1, -2, 2)]
Key: com.catan.model.RoundedPoint2D@25f400, Value: [Vertex(1, 1, 3)]
Key: com.catan.model.RoundedPoint2D@263280, Value: [Vertex(1, 1, 0), Vertex(1, 2, 2)]
Key: com.catan.model.RoundedPoint2D@1bf031, Value: [Vertex(0, -1, 5), Vertex(0, 0, 3)]
Key: com.catan.model.RoundedPoint2D@1c2eb1, Value: [Vertex(0, 0, 0), Vertex(0, 1, 4), Vertex(-1, 1, 2)]
Key: com.catan.model.RoundedPoint2D@124a22, Value: [Vertex(-2, 1, 3), Vertex(-2, 0, 1)]
Key: com.catan.model.RoundedPoint2D@1288a2, Value: [Vertex(-2, 1, 0), Vertex(-1, 2, 4)]
Key: com.catan.model.RoundedPoint2D@22bc91, Value: [Vertex(1, 1, 4), Vertex(0, 1, 2)]
Key: com.catan.model.RoundedPoint2D@227e11, Value: [Vertex(0, -1, 1), Vertex(1, -1, 5)]
Key: com.catan.model.RoundedPoint2D@11cd22, Value: [Vertex(-1, -2, 4)]
Key: com.catan.model.RoundedPoint2D@1916a1, Value: [Vertex(0, 2, 4), Vertex(-1, 2, 2), Vertex(-1, 1, 0)]
Key: com.catan.model.RoundedPoint2D@290c10, Value: [Vertex(1, -1, 1)]
Key: com.catan.model.RoundedPoint2D@294a90, Value: [Vertex(1, 1, 2)]
Key: com.catan.model.RoundedPoint2D@18d821, Value: [Vertex(0, 0, 5), Vertex(-1, 1, 3), Vertex(-1, 0, 1)]
Key: com.catan.model.RoundedPoint2D@185b21, Value: [Vertex(-1, -2, 2), Vertex(0, -2, 4)]
Key: com.catan.model.RoundedPoint2D@156251, Value: [Vertex(-2, -1, 1)]
Key: com.catan.model.RoundedPoint2D@15a0d1, Value: [Vertex(-2, 1, 2), Vertex(-1, 1, 4), Vertex(-1, 0, 0)]
Key: com.catan.model.RoundedPoint2D@bbc42, Value: [Vertex(-2, 0, 5)]
Key: com.catan.model.RoundedPoint2D@ed452, Value: [Vertex(-2, 0, 3), Vertex(-2, -1, 5)]
Key: com.catan.model.RoundedPoint2D@f12d2, Value: [Vertex(-2, 1, 4), Vertex(-2, 0, 0)]
Key: com.catan.model.RoundedPoint2D@1fc3c1, Value: [Vertex(1, 2, 5), Vertex(0, 2, 1)]
Key: com.catan.model.RoundedPoint2D@1f0841, Value: [Vertex(0, -1, 3), Vertex(0, -2, 1), Vertex(1, -2, 5)]
Key: com.catan.model.RoundedPoint2D@1f46c1, Value: [Vertex(0, -1, 0), Vertex(0, 0, 2)]
Key: com.catan.model.RoundedPoint2D@25d4c0, Value: [Vertex(1, -1, 0)]
Key: com.catan.model.RoundedPoint2D@259640, Value: [Vertex(1, -2, 1), Vertex(1, -1, 3)]
Key: com.catan.model.RoundedPoint2D@2651c0, Value: [Vertex(1, 2, 1)]
Key: com.catan.model.RoundedPoint2D@1b9271, Value: [Vertex(0, -2, 3)]
Key: com.catan.model.RoundedPoint2D@1bd0f1, Value: [Vertex(0, -1, 4), Vertex(0, -2, 0)]
Key: com.catan.model.RoundedPoint2D@1c8c71, Value: [Vertex(0, 2, 0)]
Key: com.catan.model.RoundedPoint2D@1c4df1, Value: [Vertex(0, 1, 5), Vertex(0, 2, 3), Vertex(-1, 1, 1)]
Key: com.catan.model.RoundedPoint2D@122ae2, Value: [Vertex(-2, 0, 2), Vertex(-2, -1, 0)]
Key: com.catan.model.RoundedPoint2D@12a7e2, Value: [Vertex(-1, 2, 5)]
Key: com.catan.model.RoundedPoint2D@231a51, Value: [Vertex(1, 2, 0)]
Key: com.catan.model.RoundedPoint2D@222051, Value: [Vertex(1, -2, 3)]
Key: com.catan.model.RoundedPoint2D@22dbd1, Value: [Vertex(1, 1, 5), Vertex(0, 1, 1), Vertex(1, 2, 3)]
Key: com.catan.model.RoundedPoint2D@225ed1, Value: [Vertex(0, -1, 2), Vertex(1, -2, 0), Vertex(1, -1, 4)]
Key: com.catan.model.RoundedPoint2D@11ec62, Value: [Vertex(-1, -2, 5), Vertex(-2, -1, 3)]
Key: com.catan.model.RoundedPoint2D@28ecd0, Value: [Vertex(1, -1, 2)]
Key: com.catan.model.RoundedPoint2D@1935e1, Value: [Vertex(0, 2, 5), Vertex(-1, 2, 1)]
Key: com.catan.model.RoundedPoint2D@2969d0, Value: [Vertex(1, 1, 1)]
Key: com.catan.model.RoundedPoint2D@18b8e1, Value: [Vertex(0, 0, 4), Vertex(-1, 0, 2)]
Key: com.catan.model.RoundedPoint2D@187a61, Value: [Vertex(-1, -2, 1), Vertex(0, -2, 5)]
Key: com.catan.model.RoundedPoint2D@15fe91, Value: [Vertex(-1, 2, 0)]
Key: com.catan.model.RoundedPoint2D@15c011, Value: [Vertex(-2, 1, 1), Vertex(-1, 2, 3), Vertex(-1, 1, 5)]
Key: com.catan.model.RoundedPoint2D@150491, Value: [Vertex(-1, -2, 3)]
Key: com.catan.model.RoundedPoint2D@154311, Value: [Vertex(-1, -2, 0), Vertex(-2, -1, 2)]
Key: com.catan.model.RoundedPoint2D@b9d02, Value: [Vertex(-2, 0, 4)]
Key: com.catan.model.RoundedPoint2D@eb512, Value: [Vertex(-2, -1, 4)]
Key: com.catan.model.RoundedPoint2D@f3212, Value: [Vertex(-2, 1, 5)]
Key: com.catan.model.RoundedPoint2D@1fa481, Value: [Vertex(0, 1, 0), Vertex(1, 2, 4), Vertex(0, 2, 2)]
Key: com.catan.model.RoundedPoint2D@1f6601, Value: [Vertex(0, 0, 1), Vertex(0, 1, 3)]
Key: com.catan.model.RoundedPoint2D@1ee901, Value: [Vertex(0, -2, 2), Vertex(1, -2, 4)]
Key: com.catan.model.RoundedPoint2D@257700, Value: [Vertex(1, -2, 2)]
Key: com.catan.model.RoundedPoint2D@25f400, Value: [Vertex(1, 1, 3)]
Key: com.catan.model.RoundedPoint2D@263280, Value: [Vertex(1, 1, 0), Vertex(1, 2, 2)]
Key: com.catan.model.RoundedPoint2D@1bf031, Value: [Vertex(0, -1, 5), Vertex(0, 0, 3)]
Key: com.catan.model.RoundedPoint2D@1c2eb1, Value: [Vertex(0, 0, 0), Vertex(0, 1, 4), Vertex(-1, 1, 2)]
Key: com.catan.model.RoundedPoint2D@124a22, Value: [Vertex(-2, 1, 3), Vertex(-2, 0, 1)]
Key: com.catan.model.RoundedPoint2D@1288a2, Value: [Vertex(-2, 1, 0), Vertex(-1, 2, 4)]
Key: com.catan.model.RoundedPoint2D@22bc91, Value: [Vertex(1, 1, 4), Vertex(0, 1, 2)]
Key: com.catan.model.RoundedPoint2D@227e11, Value: [Vertex(0, -1, 1), Vertex(1, -1, 5)]
Key: com.catan.model.RoundedPoint2D@11cd22, Value: [Vertex(-1, -2, 4)]
Key: com.catan.model.RoundedPoint2D@1916a1, Value: [Vertex(0, 2, 4), Vertex(-1, 2, 2), Vertex(-1, 1, 0)]
Key: com.catan.model.RoundedPoint2D@290c10, Value: [Vertex(1, -1, 1)]
Key: com.catan.model.RoundedPoint2D@294a90, Value: [Vertex(1, 1, 2)]
Key: com.catan.model.RoundedPoint2D@18d821, Value: [Vertex(0, 0, 5), Vertex(-1, 1, 3), Vertex(-1, 0, 1)]
Key: com.catan.model.RoundedPoint2D@185b21, Value: [Vertex(-1, -2, 2), Vertex(0, -2, 4)]
Key: com.catan.model.RoundedPoint2D@156251, Value: [Vertex(-2, -1, 1), Vertex(-1, 0, 3)]
Key: com.catan.model.RoundedPoint2D@15a0d1, Value: [Vertex(-2, 1, 2), Vertex(-1, 1, 4), Vertex(-1, 0, 0)]
Key: com.catan.model.RoundedPoint2D@bbc42, Value: [Vertex(-2, 0, 5)]
Key: com.catan.model.RoundedPoint2D@ed452, Value: [Vertex(-2, 0, 3), Vertex(-2, -1, 5)]
Key: com.catan.model.RoundedPoint2D@f12d2, Value: [Vertex(-2, 1, 4), Vertex(-2, 0, 0)]
Key: com.catan.model.RoundedPoint2D@1fc3c1, Value: [Vertex(1, 2, 5), Vertex(0, 2, 1)]
Key: com.catan.model.RoundedPoint2D@1f0841, Value: [Vertex(0, -1, 3), Vertex(0, -2, 1), Vertex(1, -2, 5)]
Key: com.catan.model.RoundedPoint2D@1f46c1, Value: [Vertex(0, -1, 0), Vertex(0, 0, 2)]
Key: com.catan.model.RoundedPoint2D@25d4c0, Value: [Vertex(1, -1, 0)]
Key: com.catan.model.RoundedPoint2D@259640, Value: [Vertex(1, -2, 1), Vertex(1, -1, 3)]
Key: com.catan.model.RoundedPoint2D@2651c0, Value: [Vertex(1, 2, 1)]
Key: com.catan.model.RoundedPoint2D@1b9271, Value: [Vertex(0, -2, 3)]
Key: com.catan.model.RoundedPoint2D@1bd0f1, Value: [Vertex(0, -1, 4), Vertex(0, -2, 0)]
Key: com.catan.model.RoundedPoint2D@1c8c71, Value: [Vertex(0, 2, 0)]
Key: com.catan.model.RoundedPoint2D@1c4df1, Value: [Vertex(0, 1, 5), Vertex(0, 2, 3), Vertex(-1, 1, 1)]
Key: com.catan.model.RoundedPoint2D@122ae2, Value: [Vertex(-2, 0, 2), Vertex(-2, -1, 0)]
Key: com.catan.model.RoundedPoint2D@12a7e2, Value: [Vertex(-1, 2, 5)]
Key: com.catan.model.RoundedPoint2D@231a51, Value: [Vertex(1, 2, 0)]
Key: com.catan.model.RoundedPoint2D@222051, Value: [Vertex(1, -2, 3)]
Key: com.catan.model.RoundedPoint2D@22dbd1, Value: [Vertex(1, 1, 5), Vertex(0, 1, 1), Vertex(1, 2, 3)]
Key: com.catan.model.RoundedPoint2D@225ed1, Value: [Vertex(0, -1, 2), Vertex(1, -2, 0), Vertex(1, -1, 4)]
Key: com.catan.model.RoundedPoint2D@11ec62, Value: [Vertex(-1, -2, 5), Vertex(-2, -1, 3)]
Key: com.catan.model.RoundedPoint2D@28ecd0, Value: [Vertex(1, -1, 2)]
Key: com.catan.model.RoundedPoint2D@1935e1, Value: [Vertex(0, 2, 5), Vertex(-1, 2, 1)]
Key: com.catan.model.RoundedPoint2D@2969d0, Value: [Vertex(1, 1, 1)]
Key: com.catan.model.RoundedPoint2D@18b8e1, Value: [Vertex(0, 0, 4), Vertex(-1, 0, 2)]
Key: com.catan.model.RoundedPoint2D@187a61, Value: [Vertex(-1, -2, 1), Vertex(0, -2, 5)]
Key: com.catan.model.RoundedPoint2D@15fe91, Value: [Vertex(-1, 2, 0)]
Key: com.catan.model.RoundedPoint2D@15c011, Value: [Vertex(-2, 1, 1), Vertex(-1, 2, 3), Vertex(-1, 1, 5)]
Key: com.catan.model.RoundedPoint2D@150491, Value: [Vertex(-1, -2, 3)]
Key: com.catan.model.RoundedPoint2D@154311, Value: [Vertex(-1, -2, 0), Vertex(-2, -1, 2)]
Key: com.catan.model.RoundedPoint2D@b9d02, Value: [Vertex(-2, 0, 4)]
Key: com.catan.model.RoundedPoint2D@eb512, Value: [Vertex(-2, -1, 4)]
Key: com.catan.model.RoundedPoint2D@f3212, Value: [Vertex(-2, 1, 5)]
Key: com.catan.model.RoundedPoint2D@1fa481, Value: [Vertex(0, 1, 0), Vertex(1, 2, 4), Vertex(0, 2, 2)]
Key: com.catan.model.RoundedPoint2D@1f6601, Value: [Vertex(0, 0, 1), Vertex(0, 1, 3)]
Key: com.catan.model.RoundedPoint2D@1ee901, Value: [Vertex(0, -2, 2), Vertex(1, -2, 4)]
Key: com.catan.model.RoundedPoint2D@257700, Value: [Vertex(1, -2, 2)]
Key: com.catan.model.RoundedPoint2D@25f400, Value: [Vertex(1, 1, 3)]
Key: com.catan.model.RoundedPoint2D@263280, Value: [Vertex(1, 1, 0), Vertex(1, 2, 2)]
Key: com.catan.model.RoundedPoint2D@1bf031, Value: [Vertex(0, -1, 5), Vertex(0, 0, 3)]
Key: com.catan.model.RoundedPoint2D@1c2eb1, Value: [Vertex(0, 0, 0), Vertex(0, 1, 4), Vertex(-1, 1, 2)]
Key: com.catan.model.RoundedPoint2D@124a22, Value: [Vertex(-2, 1, 3), Vertex(-2, 0, 1)]
Key: com.catan.model.RoundedPoint2D@1288a2, Value: [Vertex(-2, 1, 0), Vertex(-1, 2, 4)]
Key: com.catan.model.RoundedPoint2D@22bc91, Value: [Vertex(1, 1, 4), Vertex(0, 1, 2)]
Key: com.catan.model.RoundedPoint2D@227e11, Value: [Vertex(0, -1, 1), Vertex(1, -1, 5)]
Key: com.catan.model.RoundedPoint2D@11cd22, Value: [Vertex(-1, -2, 4)]
Key: com.catan.model.RoundedPoint2D@1916a1, Value: [Vertex(0, 2, 4), Vertex(-1, 2, 2), Vertex(-1, 1, 0)]
Key: com.catan.model.RoundedPoint2D@290c10, Value: [Vertex(1, -1, 1)]
Key: com.catan.model.RoundedPoint2D@294a90, Value: [Vertex(1, 1, 2)]
Key: com.catan.model.RoundedPoint2D@18d821, Value: [Vertex(0, 0, 5), Vertex(-1, 1, 3), Vertex(-1, 0, 1)]
Key: com.catan.model.RoundedPoint2D@185b21, Value: [Vertex(-1, -2, 2), Vertex(0, -2, 4)]
Key: com.catan.model.RoundedPoint2D@156251, Value: [Vertex(-2, -1, 1), Vertex(-1, 0, 3)]
Key: com.catan.model.RoundedPoint2D@15a0d1, Value: [Vertex(-2, 1, 2), Vertex(-1, 1, 4), Vertex(-1, 0, 0)]
Key: com.catan.model.RoundedPoint2D@bbc42, Value: [Vertex(-2, 0, 5)]
Key: com.catan.model.RoundedPoint2D@ed452, Value: [Vertex(-2, 0, 3), Vertex(-2, -1, 5)]
Key: com.catan.model.RoundedPoint2D@f12d2, Value: [Vertex(-2, 1, 4), Vertex(-2, 0, 0)]
Key: com.catan.model.RoundedPoint2D@1fc3c1, Value: [Vertex(1, 2, 5), Vertex(0, 2, 1)]
Key: com.catan.model.RoundedPoint2D@1f0841, Value: [Vertex(0, -1, 3), Vertex(0, -2, 1), Vertex(1, -2, 5)]
Key: com.catan.model.RoundedPoint2D@1f46c1, Value: [Vertex(0, -1, 0), Vertex(0, 0, 2)]
Key: com.catan.model.RoundedPoint2D@25d4c0, Value: [Vertex(1, -1, 0)]
Key: com.catan.model.RoundedPoint2D@259640, Value: [Vertex(1, -2, 1), Vertex(1, -1, 3)]
Key: com.catan.model.RoundedPoint2D@2651c0, Value: [Vertex(1, 2, 1)]
Key: com.catan.model.RoundedPoint2D@1b9271, Value: [Vertex(0, -2, 3)]
Key: com.catan.model.RoundedPoint2D@1bd0f1, Value: [Vertex(0, -1, 4), Vertex(0, -2, 0)]
Key: com.catan.model.RoundedPoint2D@1c8c71, Value: [Vertex(0, 2, 0)]
Key: com.catan.model.RoundedPoint2D@1c4df1, Value: [Vertex(0, 1, 5), Vertex(0, 2, 3), Vertex(-1, 1, 1)]
Key: com.catan.model.RoundedPoint2D@122ae2, Value: [Vertex(-2, 0, 2), Vertex(-2, -1, 0), Vertex(-1, 0, 4)]
Key: com.catan.model.RoundedPoint2D@12a7e2, Value: [Vertex(-1, 2, 5)]
Key: com.catan.model.RoundedPoint2D@231a51, Value: [Vertex(1, 2, 0)]
Key: com.catan.model.RoundedPoint2D@222051, Value: [Vertex(1, -2, 3)]
Key: com.catan.model.RoundedPoint2D@22dbd1, Value: [Vertex(1, 1, 5), Vertex(0, 1, 1), Vertex(1, 2, 3)]
Key: com.catan.model.RoundedPoint2D@225ed1, Value: [Vertex(0, -1, 2), Vertex(1, -2, 0), Vertex(1, -1, 4)]
Key: com.catan.model.RoundedPoint2D@11ec62, Value: [Vertex(-1, -2, 5), Vertex(-2, -1, 3)]
Key: com.catan.model.RoundedPoint2D@28ecd0, Value: [Vertex(1, -1, 2)]
Key: com.catan.model.RoundedPoint2D@1935e1, Value: [Vertex(0, 2, 5), Vertex(-1, 2, 1)]
Key: com.catan.model.RoundedPoint2D@2969d0, Value: [Vertex(1, 1, 1)]
Key: com.catan.model.RoundedPoint2D@18b8e1, Value: [Vertex(0, 0, 4), Vertex(-1, 0, 2)]
Key: com.catan.model.RoundedPoint2D@187a61, Value: [Vertex(-1, -2, 1), Vertex(0, -2, 5)]
Key: com.catan.model.RoundedPoint2D@15fe91, Value: [Vertex(-1, 2, 0)]
Key: com.catan.model.RoundedPoint2D@15c011, Value: [Vertex(-2, 1, 1), Vertex(-1, 2, 3), Vertex(-1, 1, 5)]
Key: com.catan.model.RoundedPoint2D@150491, Value: [Vertex(-1, -2, 3)]
Key: com.catan.model.RoundedPoint2D@154311, Value: [Vertex(-1, -2, 0), Vertex(-2, -1, 2)]
Key: com.catan.model.RoundedPoint2D@b9d02, Value: [Vertex(-2, 0, 4)]
Key: com.catan.model.RoundedPoint2D@eb512, Value: [Vertex(-2, -1, 4)]
Key: com.catan.model.RoundedPoint2D@f3212, Value: [Vertex(-2, 1, 5)]
Key: com.catan.model.RoundedPoint2D@1fa481, Value: [Vertex(0, 1, 0), Vertex(1, 2, 4), Vertex(0, 2, 2)]
Key: com.catan.model.RoundedPoint2D@1f6601, Value: [Vertex(0, 0, 1), Vertex(0, 1, 3)]
Key: com.catan.model.RoundedPoint2D@1ee901, Value: [Vertex(0, -2, 2), Vertex(1, -2, 4)]
Key: com.catan.model.RoundedPoint2D@257700, Value: [Vertex(1, -2, 2)]
Key: com.catan.model.RoundedPoint2D@25f400, Value: [Vertex(1, 1, 3)]
Key: com.catan.model.RoundedPoint2D@263280, Value: [Vertex(1, 1, 0), Vertex(1, 2, 2)]
Key: com.catan.model.RoundedPoint2D@1bf031, Value: [Vertex(0, -1, 5), Vertex(0, 0, 3)]
Key: com.catan.model.RoundedPoint2D@1c2eb1, Value: [Vertex(0, 0, 0), Vertex(0, 1, 4), Vertex(-1, 1, 2)]
Key: com.catan.model.RoundedPoint2D@124a22, Value: [Vertex(-2, 1, 3), Vertex(-2, 0, 1), Vertex(-1, 0, 5)]
Key: com.catan.model.RoundedPoint2D@1288a2, Value: [Vertex(-2, 1, 0), Vertex(-1, 2, 4)]
Key: com.catan.model.RoundedPoint2D@22bc91, Value: [Vertex(1, 1, 4), Vertex(0, 1, 2)]
Key: com.catan.model.RoundedPoint2D@227e11, Value: [Vertex(0, -1, 1), Vertex(1, -1, 5)]
Key: com.catan.model.RoundedPoint2D@11cd22, Value: [Vertex(-1, -2, 4)]
Key: com.catan.model.RoundedPoint2D@1916a1, Value: [Vertex(0, 2, 4), Vertex(-1, 2, 2), Vertex(-1, 1, 0)]
Key: com.catan.model.RoundedPoint2D@290c10, Value: [Vertex(1, -1, 1)]
Key: com.catan.model.RoundedPoint2D@294a90, Value: [Vertex(1, 1, 2)]
Key: com.catan.model.RoundedPoint2D@18d821, Value: [Vertex(0, 0, 5), Vertex(-1, 1, 3), Vertex(-1, 0, 1)]
Key: com.catan.model.RoundedPoint2D@185b21, Value: [Vertex(-1, -2, 2), Vertex(0, -2, 4)]
Key: com.catan.model.RoundedPoint2D@156251, Value: [Vertex(-2, -1, 1), Vertex(-1, 0, 3)]
Key: com.catan.model.RoundedPoint2D@15a0d1, Value: [Vertex(-2, 1, 2), Vertex(-1, 1, 4), Vertex(-1, 0, 0)]
Key: com.catan.model.RoundedPoint2D@bbc42, Value: [Vertex(-2, 0, 5)]
Key: com.catan.model.RoundedPoint2D@ed452, Value: [Vertex(-2, 0, 3), Vertex(-2, -1, 5)]
Key: com.catan.model.RoundedPoint2D@f12d2, Value: [Vertex(-2, 1, 4), Vertex(-2, 0, 0)]
Key: com.catan.model.RoundedPoint2D@1fc3c1, Value: [Vertex(1, 2, 5), Vertex(0, 2, 1)]
Key: com.catan.model.RoundedPoint2D@1f0841, Value: [Vertex(0, -1, 3), Vertex(0, -2, 1), Vertex(1, -2, 5)]
Key: com.catan.model.RoundedPoint2D@1f46c1, Value: [Vertex(0, -1, 0), Vertex(0, 0, 2)]
Key: com.catan.model.RoundedPoint2D@25d4c0, Value: [Vertex(1, -1, 0)]
Key: com.catan.model.RoundedPoint2D@259640, Value: [Vertex(1, -2, 1), Vertex(1, -1, 3)]
Key: com.catan.model.RoundedPoint2D@2651c0, Value: [Vertex(1, 2, 1)]
Key: com.catan.model.RoundedPoint2D@1b9271, Value: [Vertex(0, -2, 3)]
Key: com.catan.model.RoundedPoint2D@1bd0f1, Value: [Vertex(0, -1, 4), Vertex(0, -2, 0)]
Key: com.catan.model.RoundedPoint2D@1c8c71, Value: [Vertex(0, 2, 0)]
Key: com.catan.model.RoundedPoint2D@1c4df1, Value: [Vertex(0, 1, 5), Vertex(0, 2, 3), Vertex(-1, 1, 1)]
Key: com.catan.model.RoundedPoint2D@122ae2, Value: [Vertex(-2, 0, 2), Vertex(-2, -1, 0), Vertex(-1, 0, 4)]
Key: com.catan.model.RoundedPoint2D@12a7e2, Value: [Vertex(-1, 2, 5)]
Key: com.catan.model.RoundedPoint2D@231a51, Value: [Vertex(1, 2, 0)]
Key: com.catan.model.RoundedPoint2D@222051, Value: [Vertex(1, -2, 3)]
Key: com.catan.model.RoundedPoint2D@22dbd1, Value: [Vertex(1, 1, 5), Vertex(0, 1, 1), Vertex(1, 2, 3)]
Key: com.catan.model.RoundedPoint2D@225ed1, Value: [Vertex(0, -1, 2), Vertex(1, -2, 0), Vertex(1, -1, 4)]
Key: com.catan.model.RoundedPoint2D@11ec62, Value: [Vertex(-1, -2, 5), Vertex(-2, -1, 3)]
Key: com.catan.model.RoundedPoint2D@28ecd0, Value: [Vertex(1, -1, 2)]
Key: com.catan.model.RoundedPoint2D@1935e1, Value: [Vertex(0, 2, 5), Vertex(-1, 2, 1)]
Key: com.catan.model.RoundedPoint2D@2969d0, Value: [Vertex(1, 1, 1)]
Key: com.catan.model.RoundedPoint2D@18b8e1, Value: [Vertex(0, 0, 4), Vertex(-1, 0, 2)]
Key: com.catan.model.RoundedPoint2D@187a61, Value: [Vertex(-1, -2, 1), Vertex(0, -2, 5)]
Key: com.catan.model.RoundedPoint2D@15fe91, Value: [Vertex(-1, 2, 0)]
Key: com.catan.model.RoundedPoint2D@15c011, Value: [Vertex(-2, 1, 1), Vertex(-1, 2, 3), Vertex(-1, 1, 5)]
Key: com.catan.model.RoundedPoint2D@150491, Value: [Vertex(-1, -2, 3)]
Key: com.catan.model.RoundedPoint2D@154311, Value: [Vertex(-1, -2, 0), Vertex(-2, -1, 2)]
Key: com.catan.model.RoundedPoint2D@b9d02, Value: [Vertex(-2, 0, 4)]
Key: com.catan.model.RoundedPoint2D@eb512, Value: [Vertex(-2, -1, 4)]
Key: com.catan.model.RoundedPoint2D@f3212, Value: [Vertex(-2, 1, 5)]
Key: com.catan.model.RoundedPoint2D@1fa481, Value: [Vertex(0, 1, 0), Vertex(1, 2, 4), Vertex(0, 2, 2)]
Key: com.catan.model.RoundedPoint2D@1f6601, Value: [Vertex(0, 0, 1), Vertex(0, 1, 3)]
Key: com.catan.model.RoundedPoint2D@1ee901, Value: [Vertex(0, -2, 2), Vertex(1, -2, 4)]
Key: com.catan.model.RoundedPoint2D@257700, Value: [Vertex(1, -2, 2)]
Key: com.catan.model.RoundedPoint2D@25f400, Value: [Vertex(1, 1, 3)]
Key: com.catan.model.RoundedPoint2D@263280, Value: [Vertex(1, 1, 0), Vertex(1, 2, 2)]
Key: com.catan.model.RoundedPoint2D@1bf031, Value: [Vertex(0, -1, 5), Vertex(0, 0, 3)]
Key: com.catan.model.RoundedPoint2D@1c2eb1, Value: [Vertex(0, 0, 0), Vertex(0, 1, 4), Vertex(-1, 1, 2)]
Key: com.catan.model.RoundedPoint2D@124a22, Value: [Vertex(-2, 1, 3), Vertex(-2, 0, 1), Vertex(-1, 0, 5)]
Key: com.catan.model.RoundedPoint2D@1288a2, Value: [Vertex(-2, 1, 0), Vertex(-1, 2, 4)]
Key: com.catan.model.RoundedPoint2D@22bc91, Value: [Vertex(1, 1, 4), Vertex(0, 1, 2)]
Key: com.catan.model.RoundedPoint2D@227e11, Value: [Vertex(0, -1, 1), Vertex(1, -1, 5)]
Key: com.catan.model.RoundedPoint2D@11cd22, Value: [Vertex(-1, -2, 4)]
Key: com.catan.model.RoundedPoint2D@1916a1, Value: [Vertex(0, 2, 4), Vertex(-1, 2, 2), Vertex(-1, 1, 0)]
Key: com.catan.model.RoundedPoint2D@290c10, Value: [Vertex(1, -1, 1)]
Key: com.catan.model.RoundedPoint2D@294a90, Value: [Vertex(1, 1, 2), Vertex(2, 0, 0)]
Key: com.catan.model.RoundedPoint2D@18d821, Value: [Vertex(0, 0, 5), Vertex(-1, 1, 3), Vertex(-1, 0, 1)]
Key: com.catan.model.RoundedPoint2D@185b21, Value: [Vertex(-1, -2, 2), Vertex(0, -2, 4)]
Key: com.catan.model.RoundedPoint2D@156251, Value: [Vertex(-2, -1, 1), Vertex(-1, 0, 3)]
Key: com.catan.model.RoundedPoint2D@15a0d1, Value: [Vertex(-2, 1, 2), Vertex(-1, 1, 4), Vertex(-1, 0, 0)]
Key: com.catan.model.RoundedPoint2D@bbc42, Value: [Vertex(-2, 0, 5)]
Key: com.catan.model.RoundedPoint2D@ed452, Value: [Vertex(-2, 0, 3), Vertex(-2, -1, 5)]
Key: com.catan.model.RoundedPoint2D@f12d2, Value: [Vertex(-2, 1, 4), Vertex(-2, 0, 0)]
Key: com.catan.model.RoundedPoint2D@1fc3c1, Value: [Vertex(1, 2, 5), Vertex(0, 2, 1)]
Key: com.catan.model.RoundedPoint2D@1f0841, Value: [Vertex(0, -1, 3), Vertex(0, -2, 1), Vertex(1, -2, 5)]
Key: com.catan.model.RoundedPoint2D@1f46c1, Value: [Vertex(0, -1, 0), Vertex(0, 0, 2)]
Key: com.catan.model.RoundedPoint2D@25d4c0, Value: [Vertex(1, -1, 0)]
Key: com.catan.model.RoundedPoint2D@259640, Value: [Vertex(1, -2, 1), Vertex(1, -1, 3)]
Key: com.catan.model.RoundedPoint2D@2651c0, Value: [Vertex(1, 2, 1)]
Key: com.catan.model.RoundedPoint2D@1b9271, Value: [Vertex(0, -2, 3)]
Key: com.catan.model.RoundedPoint2D@1bd0f1, Value: [Vertex(0, -1, 4), Vertex(0, -2, 0)]
Key: com.catan.model.RoundedPoint2D@1c8c71, Value: [Vertex(0, 2, 0)]
Key: com.catan.model.RoundedPoint2D@1c4df1, Value: [Vertex(0, 1, 5), Vertex(0, 2, 3), Vertex(-1, 1, 1)]
Key: com.catan.model.RoundedPoint2D@122ae2, Value: [Vertex(-2, 0, 2), Vertex(-2, -1, 0), Vertex(-1, 0, 4)]
Key: com.catan.model.RoundedPoint2D@12a7e2, Value: [Vertex(-1, 2, 5)]
Key: com.catan.model.RoundedPoint2D@231a51, Value: [Vertex(1, 2, 0)]
Key: com.catan.model.RoundedPoint2D@222051, Value: [Vertex(1, -2, 3)]
Key: com.catan.model.RoundedPoint2D@22dbd1, Value: [Vertex(1, 1, 5), Vertex(0, 1, 1), Vertex(1, 2, 3)]
Key: com.catan.model.RoundedPoint2D@225ed1, Value: [Vertex(0, -1, 2), Vertex(1, -2, 0), Vertex(1, -1, 4)]
Key: com.catan.model.RoundedPoint2D@11ec62, Value: [Vertex(-1, -2, 5), Vertex(-2, -1, 3)]
Key: com.catan.model.RoundedPoint2D@28ecd0, Value: [Vertex(1, -1, 2)]
Key: com.catan.model.RoundedPoint2D@1935e1, Value: [Vertex(0, 2, 5), Vertex(-1, 2, 1)]
Key: com.catan.model.RoundedPoint2D@2969d0, Value: [Vertex(1, 1, 1)]
Key: com.catan.model.RoundedPoint2D@18b8e1, Value: [Vertex(0, 0, 4), Vertex(-1, 0, 2)]
Key: com.catan.model.RoundedPoint2D@187a61, Value: [Vertex(-1, -2, 1), Vertex(0, -2, 5)]
Key: com.catan.model.RoundedPoint2D@15fe91, Value: [Vertex(-1, 2, 0)]
Key: com.catan.model.RoundedPoint2D@15c011, Value: [Vertex(-2, 1, 1), Vertex(-1, 2, 3), Vertex(-1, 1, 5)]
Key: com.catan.model.RoundedPoint2D@150491, Value: [Vertex(-1, -2, 3)]
Key: com.catan.model.RoundedPoint2D@154311, Value: [Vertex(-1, -2, 0), Vertex(-2, -1, 2)]
Key: com.catan.model.RoundedPoint2D@b9d02, Value: [Vertex(-2, 0, 4)]
Key: com.catan.model.RoundedPoint2D@eb512, Value: [Vertex(-2, -1, 4)]
Key: com.catan.model.RoundedPoint2D@f3212, Value: [Vertex(-2, 1, 5)]
Key: com.catan.model.RoundedPoint2D@1fa481, Value: [Vertex(0, 1, 0), Vertex(1, 2, 4), Vertex(0, 2, 2)]
Key: com.catan.model.RoundedPoint2D@1f6601, Value: [Vertex(0, 0, 1), Vertex(0, 1, 3)]
Key: com.catan.model.RoundedPoint2D@1ee901, Value: [Vertex(0, -2, 2), Vertex(1, -2, 4)]
Key: com.catan.model.RoundedPoint2D@257700, Value: [Vertex(1, -2, 2)]
Key: com.catan.model.RoundedPoint2D@25f400, Value: [Vertex(1, 1, 3)]
Key: com.catan.model.RoundedPoint2D@263280, Value: [Vertex(1, 1, 0), Vertex(1, 2, 2)]
Key: com.catan.model.RoundedPoint2D@1bf031, Value: [Vertex(0, -1, 5), Vertex(0, 0, 3)]
Key: com.catan.model.RoundedPoint2D@1c2eb1, Value: [Vertex(0, 0, 0), Vertex(0, 1, 4), Vertex(-1, 1, 2)]
Key: com.catan.model.RoundedPoint2D@124a22, Value: [Vertex(-2, 1, 3), Vertex(-2, 0, 1), Vertex(-1, 0, 5)]
Key: com.catan.model.RoundedPoint2D@1288a2, Value: [Vertex(-2, 1, 0), Vertex(-1, 2, 4)]
Key: com.catan.model.RoundedPoint2D@22bc91, Value: [Vertex(1, 1, 4), Vertex(0, 1, 2)]
Key: com.catan.model.RoundedPoint2D@227e11, Value: [Vertex(0, -1, 1), Vertex(1, -1, 5)]
Key: com.catan.model.RoundedPoint2D@11cd22, Value: [Vertex(-1, -2, 4)]
Key: com.catan.model.RoundedPoint2D@1916a1, Value: [Vertex(0, 2, 4), Vertex(-1, 2, 2), Vertex(-1, 1, 0)]
Key: com.catan.model.RoundedPoint2D@290c10, Value: [Vertex(1, -1, 1)]
Key: com.catan.model.RoundedPoint2D@294a90, Value: [Vertex(1, 1, 2), Vertex(2, 0, 0)]
Key: com.catan.model.RoundedPoint2D@18d821, Value: [Vertex(0, 0, 5), Vertex(-1, 1, 3), Vertex(-1, 0, 1)]
Key: com.catan.model.RoundedPoint2D@185b21, Value: [Vertex(-1, -2, 2), Vertex(0, -2, 4)]
Key: com.catan.model.RoundedPoint2D@156251, Value: [Vertex(-2, -1, 1), Vertex(-1, 0, 3)]
Key: com.catan.model.RoundedPoint2D@15a0d1, Value: [Vertex(-2, 1, 2), Vertex(-1, 1, 4), Vertex(-1, 0, 0)]
Key: com.catan.model.RoundedPoint2D@bbc42, Value: [Vertex(-2, 0, 5)]
Key: com.catan.model.RoundedPoint2D@2c81e0, Value: [Vertex(2, 0, 1)]
Key: com.catan.model.RoundedPoint2D@ed452, Value: [Vertex(-2, 0, 3), Vertex(-2, -1, 5)]
Key: com.catan.model.RoundedPoint2D@f12d2, Value: [Vertex(-2, 1, 4), Vertex(-2, 0, 0)]
Key: com.catan.model.RoundedPoint2D@1fc3c1, Value: [Vertex(1, 2, 5), Vertex(0, 2, 1)]
Key: com.catan.model.RoundedPoint2D@1f0841, Value: [Vertex(0, -1, 3), Vertex(0, -2, 1), Vertex(1, -2, 5)]
Key: com.catan.model.RoundedPoint2D@1f46c1, Value: [Vertex(0, -1, 0), Vertex(0, 0, 2)]
Key: com.catan.model.RoundedPoint2D@25d4c0, Value: [Vertex(1, -1, 0)]
Key: com.catan.model.RoundedPoint2D@259640, Value: [Vertex(1, -2, 1), Vertex(1, -1, 3)]
Key: com.catan.model.RoundedPoint2D@2651c0, Value: [Vertex(1, 2, 1)]
Key: com.catan.model.RoundedPoint2D@1b9271, Value: [Vertex(0, -2, 3)]
Key: com.catan.model.RoundedPoint2D@1bd0f1, Value: [Vertex(0, -1, 4), Vertex(0, -2, 0)]
Key: com.catan.model.RoundedPoint2D@1c8c71, Value: [Vertex(0, 2, 0)]
Key: com.catan.model.RoundedPoint2D@1c4df1, Value: [Vertex(0, 1, 5), Vertex(0, 2, 3), Vertex(-1, 1, 1)]
Key: com.catan.model.RoundedPoint2D@122ae2, Value: [Vertex(-2, 0, 2), Vertex(-2, -1, 0), Vertex(-1, 0, 4)]
Key: com.catan.model.RoundedPoint2D@12a7e2, Value: [Vertex(-1, 2, 5)]
Key: com.catan.model.RoundedPoint2D@231a51, Value: [Vertex(1, 2, 0)]
Key: com.catan.model.RoundedPoint2D@222051, Value: [Vertex(1, -2, 3)]
Key: com.catan.model.RoundedPoint2D@22dbd1, Value: [Vertex(1, 1, 5), Vertex(0, 1, 1), Vertex(1, 2, 3)]
Key: com.catan.model.RoundedPoint2D@225ed1, Value: [Vertex(0, -1, 2), Vertex(1, -2, 0), Vertex(1, -1, 4)]
Key: com.catan.model.RoundedPoint2D@11ec62, Value: [Vertex(-1, -2, 5), Vertex(-2, -1, 3)]
Key: com.catan.model.RoundedPoint2D@28ecd0, Value: [Vertex(1, -1, 2)]
Key: com.catan.model.RoundedPoint2D@1935e1, Value: [Vertex(0, 2, 5), Vertex(-1, 2, 1)]
Key: com.catan.model.RoundedPoint2D@2969d0, Value: [Vertex(1, 1, 1)]
Key: com.catan.model.RoundedPoint2D@18b8e1, Value: [Vertex(0, 0, 4), Vertex(-1, 0, 2)]
Key: com.catan.model.RoundedPoint2D@187a61, Value: [Vertex(-1, -2, 1), Vertex(0, -2, 5)]
Key: com.catan.model.RoundedPoint2D@15fe91, Value: [Vertex(-1, 2, 0)]
Key: com.catan.model.RoundedPoint2D@15c011, Value: [Vertex(-2, 1, 1), Vertex(-1, 2, 3), Vertex(-1, 1, 5)]
Key: com.catan.model.RoundedPoint2D@150491, Value: [Vertex(-1, -2, 3)]
Key: com.catan.model.RoundedPoint2D@154311, Value: [Vertex(-1, -2, 0), Vertex(-2, -1, 2)]
Key: com.catan.model.RoundedPoint2D@b9d02, Value: [Vertex(-2, 0, 4)]
Key: com.catan.model.RoundedPoint2D@2c62a0, Value: [Vertex(2, 0, 2)]
Key: com.catan.model.RoundedPoint2D@eb512, Value: [Vertex(-2, -1, 4)]
Key: com.catan.model.RoundedPoint2D@f3212, Value: [Vertex(-2, 1, 5)]
Key: com.catan.model.RoundedPoint2D@1fa481, Value: [Vertex(0, 1, 0), Vertex(1, 2, 4), Vertex(0, 2, 2)]
Key: com.catan.model.RoundedPoint2D@1f6601, Value: [Vertex(0, 0, 1), Vertex(0, 1, 3)]
Key: com.catan.model.RoundedPoint2D@1ee901, Value: [Vertex(0, -2, 2), Vertex(1, -2, 4)]
Key: com.catan.model.RoundedPoint2D@257700, Value: [Vertex(1, -2, 2)]
Key: com.catan.model.RoundedPoint2D@25f400, Value: [Vertex(1, 1, 3)]
Key: com.catan.model.RoundedPoint2D@263280, Value: [Vertex(1, 1, 0), Vertex(1, 2, 2)]
Key: com.catan.model.RoundedPoint2D@1bf031, Value: [Vertex(0, -1, 5), Vertex(0, 0, 3)]
Key: com.catan.model.RoundedPoint2D@1c2eb1, Value: [Vertex(0, 0, 0), Vertex(0, 1, 4), Vertex(-1, 1, 2)]
Key: com.catan.model.RoundedPoint2D@124a22, Value: [Vertex(-2, 1, 3), Vertex(-2, 0, 1), Vertex(-1, 0, 5)]
Key: com.catan.model.RoundedPoint2D@1288a2, Value: [Vertex(-2, 1, 0), Vertex(-1, 2, 4)]
Key: com.catan.model.RoundedPoint2D@22bc91, Value: [Vertex(1, 1, 4), Vertex(0, 1, 2)]
Key: com.catan.model.RoundedPoint2D@227e11, Value: [Vertex(0, -1, 1), Vertex(1, -1, 5)]
Key: com.catan.model.RoundedPoint2D@11cd22, Value: [Vertex(-1, -2, 4)]
Key: com.catan.model.RoundedPoint2D@1916a1, Value: [Vertex(0, 2, 4), Vertex(-1, 2, 2), Vertex(-1, 1, 0)]
Key: com.catan.model.RoundedPoint2D@290c10, Value: [Vertex(1, -1, 1)]
Key: com.catan.model.RoundedPoint2D@294a90, Value: [Vertex(1, 1, 2), Vertex(2, 0, 0)]
Key: com.catan.model.RoundedPoint2D@18d821, Value: [Vertex(0, 0, 5), Vertex(-1, 1, 3), Vertex(-1, 0, 1)]
Key: com.catan.model.RoundedPoint2D@185b21, Value: [Vertex(-1, -2, 2), Vertex(0, -2, 4)]
Key: com.catan.model.RoundedPoint2D@156251, Value: [Vertex(-2, -1, 1), Vertex(-1, 0, 3)]
Key: com.catan.model.RoundedPoint2D@15a0d1, Value: [Vertex(-2, 1, 2), Vertex(-1, 1, 4), Vertex(-1, 0, 0)]
Key: com.catan.model.RoundedPoint2D@bbc42, Value: [Vertex(-2, 0, 5)]
Key: com.catan.model.RoundedPoint2D@2c81e0, Value: [Vertex(2, 0, 1)]
Key: com.catan.model.RoundedPoint2D@ed452, Value: [Vertex(-2, 0, 3), Vertex(-2, -1, 5)]
Key: com.catan.model.RoundedPoint2D@f12d2, Value: [Vertex(-2, 1, 4), Vertex(-2, 0, 0)]
Key: com.catan.model.RoundedPoint2D@1fc3c1, Value: [Vertex(1, 2, 5), Vertex(0, 2, 1)]
Key: com.catan.model.RoundedPoint2D@1f0841, Value: [Vertex(0, -1, 3), Vertex(0, -2, 1), Vertex(1, -2, 5)]
Key: com.catan.model.RoundedPoint2D@1f46c1, Value: [Vertex(0, -1, 0), Vertex(0, 0, 2)]
Key: com.catan.model.RoundedPoint2D@25d4c0, Value: [Vertex(1, -1, 0)]
Key: com.catan.model.RoundedPoint2D@259640, Value: [Vertex(1, -2, 1), Vertex(1, -1, 3)]
Key: com.catan.model.RoundedPoint2D@2651c0, Value: [Vertex(1, 2, 1)]
Key: com.catan.model.RoundedPoint2D@1b9271, Value: [Vertex(0, -2, 3)]
Key: com.catan.model.RoundedPoint2D@1bd0f1, Value: [Vertex(0, -1, 4), Vertex(0, -2, 0)]
Key: com.catan.model.RoundedPoint2D@1c8c71, Value: [Vertex(0, 2, 0)]
Key: com.catan.model.RoundedPoint2D@1c4df1, Value: [Vertex(0, 1, 5), Vertex(0, 2, 3), Vertex(-1, 1, 1)]
Key: com.catan.model.RoundedPoint2D@122ae2, Value: [Vertex(-2, 0, 2), Vertex(-2, -1, 0), Vertex(-1, 0, 4)]
Key: com.catan.model.RoundedPoint2D@12a7e2, Value: [Vertex(-1, 2, 5)]
Key: com.catan.model.RoundedPoint2D@231a51, Value: [Vertex(1, 2, 0)]
Key: com.catan.model.RoundedPoint2D@222051, Value: [Vertex(1, -2, 3)]
Key: com.catan.model.RoundedPoint2D@22dbd1, Value: [Vertex(1, 1, 5), Vertex(0, 1, 1), Vertex(1, 2, 3)]
Key: com.catan.model.RoundedPoint2D@225ed1, Value: [Vertex(0, -1, 2), Vertex(1, -2, 0), Vertex(1, -1, 4)]
Key: com.catan.model.RoundedPoint2D@11ec62, Value: [Vertex(-1, -2, 5), Vertex(-2, -1, 3)]
Key: com.catan.model.RoundedPoint2D@28ecd0, Value: [Vertex(1, -1, 2)]
Key: com.catan.model.RoundedPoint2D@1935e1, Value: [Vertex(0, 2, 5), Vertex(-1, 2, 1)]
Key: com.catan.model.RoundedPoint2D@2969d0, Value: [Vertex(1, 1, 1)]
Key: com.catan.model.RoundedPoint2D@18b8e1, Value: [Vertex(0, 0, 4), Vertex(-1, 0, 2)]
Key: com.catan.model.RoundedPoint2D@187a61, Value: [Vertex(-1, -2, 1), Vertex(0, -2, 5)]
Key: com.catan.model.RoundedPoint2D@15fe91, Value: [Vertex(-1, 2, 0)]
Key: com.catan.model.RoundedPoint2D@15c011, Value: [Vertex(-2, 1, 1), Vertex(-1, 2, 3), Vertex(-1, 1, 5)]
Key: com.catan.model.RoundedPoint2D@150491, Value: [Vertex(-1, -2, 3)]
Key: com.catan.model.RoundedPoint2D@154311, Value: [Vertex(-1, -2, 0), Vertex(-2, -1, 2)]
Key: com.catan.model.RoundedPoint2D@b9d02, Value: [Vertex(-2, 0, 4)]
Key: com.catan.model.RoundedPoint2D@2c62a0, Value: [Vertex(2, 0, 2)]
Key: com.catan.model.RoundedPoint2D@eb512, Value: [Vertex(-2, -1, 4)]
Key: com.catan.model.RoundedPoint2D@f3212, Value: [Vertex(-2, 1, 5)]
Key: com.catan.model.RoundedPoint2D@1fa481, Value: [Vertex(0, 1, 0), Vertex(1, 2, 4), Vertex(0, 2, 2)]
Key: com.catan.model.RoundedPoint2D@1f6601, Value: [Vertex(0, 0, 1), Vertex(0, 1, 3)]
Key: com.catan.model.RoundedPoint2D@1ee901, Value: [Vertex(0, -2, 2), Vertex(1, -2, 4)]
Key: com.catan.model.RoundedPoint2D@257700, Value: [Vertex(1, -2, 2)]
Key: com.catan.model.RoundedPoint2D@25f400, Value: [Vertex(1, 1, 3)]
Key: com.catan.model.RoundedPoint2D@263280, Value: [Vertex(1, 1, 0), Vertex(1, 2, 2)]
Key: com.catan.model.RoundedPoint2D@1bf031, Value: [Vertex(0, -1, 5), Vertex(0, 0, 3)]
Key: com.catan.model.RoundedPoint2D@1c2eb1, Value: [Vertex(0, 0, 0), Vertex(0, 1, 4), Vertex(-1, 1, 2)]
Key: com.catan.model.RoundedPoint2D@124a22, Value: [Vertex(-2, 1, 3), Vertex(-2, 0, 1), Vertex(-1, 0, 5)]
Key: com.catan.model.RoundedPoint2D@1288a2, Value: [Vertex(-2, 1, 0), Vertex(-1, 2, 4)]
Key: com.catan.model.RoundedPoint2D@22bc91, Value: [Vertex(1, 1, 4), Vertex(0, 1, 2)]
Key: com.catan.model.RoundedPoint2D@227e11, Value: [Vertex(0, -1, 1), Vertex(1, -1, 5)]
Key: com.catan.model.RoundedPoint2D@11cd22, Value: [Vertex(-1, -2, 4)]
Key: com.catan.model.RoundedPoint2D@1916a1, Value: [Vertex(0, 2, 4), Vertex(-1, 2, 2), Vertex(-1, 1, 0)]
Key: com.catan.model.RoundedPoint2D@290c10, Value: [Vertex(1, -1, 1), Vertex(2, 0, 3)]
Key: com.catan.model.RoundedPoint2D@294a90, Value: [Vertex(1, 1, 2), Vertex(2, 0, 0)]
Key: com.catan.model.RoundedPoint2D@18d821, Value: [Vertex(0, 0, 5), Vertex(-1, 1, 3), Vertex(-1, 0, 1)]
Key: com.catan.model.RoundedPoint2D@185b21, Value: [Vertex(-1, -2, 2), Vertex(0, -2, 4)]
Key: com.catan.model.RoundedPoint2D@156251, Value: [Vertex(-2, -1, 1), Vertex(-1, 0, 3)]
Key: com.catan.model.RoundedPoint2D@15a0d1, Value: [Vertex(-2, 1, 2), Vertex(-1, 1, 4), Vertex(-1, 0, 0)]
Key: com.catan.model.RoundedPoint2D@bbc42, Value: [Vertex(-2, 0, 5)]
Key: com.catan.model.RoundedPoint2D@2c81e0, Value: [Vertex(2, 0, 1)]
Key: com.catan.model.RoundedPoint2D@ed452, Value: [Vertex(-2, 0, 3), Vertex(-2, -1, 5)]
Key: com.catan.model.RoundedPoint2D@f12d2, Value: [Vertex(-2, 1, 4), Vertex(-2, 0, 0)]
Key: com.catan.model.RoundedPoint2D@1fc3c1, Value: [Vertex(1, 2, 5), Vertex(0, 2, 1)]
Key: com.catan.model.RoundedPoint2D@1f0841, Value: [Vertex(0, -1, 3), Vertex(0, -2, 1), Vertex(1, -2, 5)]
Key: com.catan.model.RoundedPoint2D@1f46c1, Value: [Vertex(0, -1, 0), Vertex(0, 0, 2)]
Key: com.catan.model.RoundedPoint2D@25d4c0, Value: [Vertex(1, -1, 0)]
Key: com.catan.model.RoundedPoint2D@259640, Value: [Vertex(1, -2, 1), Vertex(1, -1, 3)]
Key: com.catan.model.RoundedPoint2D@2651c0, Value: [Vertex(1, 2, 1)]
Key: com.catan.model.RoundedPoint2D@1b9271, Value: [Vertex(0, -2, 3)]
Key: com.catan.model.RoundedPoint2D@1bd0f1, Value: [Vertex(0, -1, 4), Vertex(0, -2, 0)]
Key: com.catan.model.RoundedPoint2D@1c8c71, Value: [Vertex(0, 2, 0)]
Key: com.catan.model.RoundedPoint2D@1c4df1, Value: [Vertex(0, 1, 5), Vertex(0, 2, 3), Vertex(-1, 1, 1)]
Key: com.catan.model.RoundedPoint2D@122ae2, Value: [Vertex(-2, 0, 2), Vertex(-2, -1, 0), Vertex(-1, 0, 4)]
Key: com.catan.model.RoundedPoint2D@12a7e2, Value: [Vertex(-1, 2, 5)]
Key: com.catan.model.RoundedPoint2D@231a51, Value: [Vertex(1, 2, 0)]
Key: com.catan.model.RoundedPoint2D@222051, Value: [Vertex(1, -2, 3)]
Key: com.catan.model.RoundedPoint2D@22dbd1, Value: [Vertex(1, 1, 5), Vertex(0, 1, 1), Vertex(1, 2, 3)]
Key: com.catan.model.RoundedPoint2D@225ed1, Value: [Vertex(0, -1, 2), Vertex(1, -2, 0), Vertex(1, -1, 4)]
Key: com.catan.model.RoundedPoint2D@11ec62, Value: [Vertex(-1, -2, 5), Vertex(-2, -1, 3)]
Key: com.catan.model.RoundedPoint2D@28ecd0, Value: [Vertex(1, -1, 2)]
Key: com.catan.model.RoundedPoint2D@1935e1, Value: [Vertex(0, 2, 5), Vertex(-1, 2, 1)]
Key: com.catan.model.RoundedPoint2D@2969d0, Value: [Vertex(1, 1, 1)]
Key: com.catan.model.RoundedPoint2D@18b8e1, Value: [Vertex(0, 0, 4), Vertex(-1, 0, 2)]
Key: com.catan.model.RoundedPoint2D@187a61, Value: [Vertex(-1, -2, 1), Vertex(0, -2, 5)]
Key: com.catan.model.RoundedPoint2D@15fe91, Value: [Vertex(-1, 2, 0)]
Key: com.catan.model.RoundedPoint2D@15c011, Value: [Vertex(-2, 1, 1), Vertex(-1, 2, 3), Vertex(-1, 1, 5)]
Key: com.catan.model.RoundedPoint2D@150491, Value: [Vertex(-1, -2, 3)]
Key: com.catan.model.RoundedPoint2D@154311, Value: [Vertex(-1, -2, 0), Vertex(-2, -1, 2)]
Key: com.catan.model.RoundedPoint2D@b9d02, Value: [Vertex(-2, 0, 4)]
Key: com.catan.model.RoundedPoint2D@2c62a0, Value: [Vertex(2, 0, 2)]
Key: com.catan.model.RoundedPoint2D@eb512, Value: [Vertex(-2, -1, 4)]
Key: com.catan.model.RoundedPoint2D@f3212, Value: [Vertex(-2, 1, 5)]
Key: com.catan.model.RoundedPoint2D@1fa481, Value: [Vertex(0, 1, 0), Vertex(1, 2, 4), Vertex(0, 2, 2)]
Key: com.catan.model.RoundedPoint2D@1f6601, Value: [Vertex(0, 0, 1), Vertex(0, 1, 3)]
Key: com.catan.model.RoundedPoint2D@1ee901, Value: [Vertex(0, -2, 2), Vertex(1, -2, 4)]
Key: com.catan.model.RoundedPoint2D@257700, Value: [Vertex(1, -2, 2)]
Key: com.catan.model.RoundedPoint2D@25f400, Value: [Vertex(1, 1, 3)]
Key: com.catan.model.RoundedPoint2D@263280, Value: [Vertex(1, 1, 0), Vertex(1, 2, 2)]
Key: com.catan.model.RoundedPoint2D@1bf031, Value: [Vertex(0, -1, 5), Vertex(0, 0, 3)]
Key: com.catan.model.RoundedPoint2D@1c2eb1, Value: [Vertex(0, 0, 0), Vertex(0, 1, 4), Vertex(-1, 1, 2)]
Key: com.catan.model.RoundedPoint2D@124a22, Value: [Vertex(-2, 1, 3), Vertex(-2, 0, 1), Vertex(-1, 0, 5)]
Key: com.catan.model.RoundedPoint2D@1288a2, Value: [Vertex(-2, 1, 0), Vertex(-1, 2, 4)]
Key: com.catan.model.RoundedPoint2D@22bc91, Value: [Vertex(1, 1, 4), Vertex(0, 1, 2)]
Key: com.catan.model.RoundedPoint2D@227e11, Value: [Vertex(0, -1, 1), Vertex(1, -1, 5)]
Key: com.catan.model.RoundedPoint2D@11cd22, Value: [Vertex(-1, -2, 4)]
Key: com.catan.model.RoundedPoint2D@1916a1, Value: [Vertex(0, 2, 4), Vertex(-1, 2, 2), Vertex(-1, 1, 0)]
Key: com.catan.model.RoundedPoint2D@290c10, Value: [Vertex(1, -1, 1), Vertex(2, 0, 3)]
Key: com.catan.model.RoundedPoint2D@294a90, Value: [Vertex(1, 1, 2), Vertex(2, 0, 0)]
Key: com.catan.model.RoundedPoint2D@18d821, Value: [Vertex(0, 0, 5), Vertex(-1, 1, 3), Vertex(-1, 0, 1)]
Key: com.catan.model.RoundedPoint2D@185b21, Value: [Vertex(-1, -2, 2), Vertex(0, -2, 4)]
Key: com.catan.model.RoundedPoint2D@156251, Value: [Vertex(-2, -1, 1), Vertex(-1, 0, 3)]
Key: com.catan.model.RoundedPoint2D@15a0d1, Value: [Vertex(-2, 1, 2), Vertex(-1, 1, 4), Vertex(-1, 0, 0)]
Key: com.catan.model.RoundedPoint2D@bbc42, Value: [Vertex(-2, 0, 5)]
Key: com.catan.model.RoundedPoint2D@2c81e0, Value: [Vertex(2, 0, 1)]
Key: com.catan.model.RoundedPoint2D@ed452, Value: [Vertex(-2, 0, 3), Vertex(-2, -1, 5)]
Key: com.catan.model.RoundedPoint2D@f12d2, Value: [Vertex(-2, 1, 4), Vertex(-2, 0, 0)]
Key: com.catan.model.RoundedPoint2D@1fc3c1, Value: [Vertex(1, 2, 5), Vertex(0, 2, 1)]
Key: com.catan.model.RoundedPoint2D@1f0841, Value: [Vertex(0, -1, 3), Vertex(0, -2, 1), Vertex(1, -2, 5)]
Key: com.catan.model.RoundedPoint2D@1f46c1, Value: [Vertex(0, -1, 0), Vertex(0, 0, 2)]
Key: com.catan.model.RoundedPoint2D@25d4c0, Value: [Vertex(1, -1, 0), Vertex(2, 0, 4)]
Key: com.catan.model.RoundedPoint2D@259640, Value: [Vertex(1, -2, 1), Vertex(1, -1, 3)]
Key: com.catan.model.RoundedPoint2D@2651c0, Value: [Vertex(1, 2, 1)]
Key: com.catan.model.RoundedPoint2D@1b9271, Value: [Vertex(0, -2, 3)]
Key: com.catan.model.RoundedPoint2D@1bd0f1, Value: [Vertex(0, -1, 4), Vertex(0, -2, 0)]
Key: com.catan.model.RoundedPoint2D@1c8c71, Value: [Vertex(0, 2, 0)]
Key: com.catan.model.RoundedPoint2D@1c4df1, Value: [Vertex(0, 1, 5), Vertex(0, 2, 3), Vertex(-1, 1, 1)]
Key: com.catan.model.RoundedPoint2D@122ae2, Value: [Vertex(-2, 0, 2), Vertex(-2, -1, 0), Vertex(-1, 0, 4)]
Key: com.catan.model.RoundedPoint2D@12a7e2, Value: [Vertex(-1, 2, 5)]
Key: com.catan.model.RoundedPoint2D@231a51, Value: [Vertex(1, 2, 0)]
Key: com.catan.model.RoundedPoint2D@222051, Value: [Vertex(1, -2, 3)]
Key: com.catan.model.RoundedPoint2D@22dbd1, Value: [Vertex(1, 1, 5), Vertex(0, 1, 1), Vertex(1, 2, 3)]
Key: com.catan.model.RoundedPoint2D@225ed1, Value: [Vertex(0, -1, 2), Vertex(1, -2, 0), Vertex(1, -1, 4)]
Key: com.catan.model.RoundedPoint2D@11ec62, Value: [Vertex(-1, -2, 5), Vertex(-2, -1, 3)]
Key: com.catan.model.RoundedPoint2D@28ecd0, Value: [Vertex(1, -1, 2)]
Key: com.catan.model.RoundedPoint2D@1935e1, Value: [Vertex(0, 2, 5), Vertex(-1, 2, 1)]
Key: com.catan.model.RoundedPoint2D@2969d0, Value: [Vertex(1, 1, 1)]
Key: com.catan.model.RoundedPoint2D@18b8e1, Value: [Vertex(0, 0, 4), Vertex(-1, 0, 2)]
Key: com.catan.model.RoundedPoint2D@187a61, Value: [Vertex(-1, -2, 1), Vertex(0, -2, 5)]
Key: com.catan.model.RoundedPoint2D@15fe91, Value: [Vertex(-1, 2, 0)]
Key: com.catan.model.RoundedPoint2D@15c011, Value: [Vertex(-2, 1, 1), Vertex(-1, 2, 3), Vertex(-1, 1, 5)]
Key: com.catan.model.RoundedPoint2D@150491, Value: [Vertex(-1, -2, 3)]
Key: com.catan.model.RoundedPoint2D@154311, Value: [Vertex(-1, -2, 0), Vertex(-2, -1, 2)]
Key: com.catan.model.RoundedPoint2D@b9d02, Value: [Vertex(-2, 0, 4)]
Key: com.catan.model.RoundedPoint2D@2c62a0, Value: [Vertex(2, 0, 2)]
Key: com.catan.model.RoundedPoint2D@eb512, Value: [Vertex(-2, -1, 4)]
Key: com.catan.model.RoundedPoint2D@f3212, Value: [Vertex(-2, 1, 5)]
Key: com.catan.model.RoundedPoint2D@1fa481, Value: [Vertex(0, 1, 0), Vertex(1, 2, 4), Vertex(0, 2, 2)]
Key: com.catan.model.RoundedPoint2D@1f6601, Value: [Vertex(0, 0, 1), Vertex(0, 1, 3)]
Key: com.catan.model.RoundedPoint2D@1ee901, Value: [Vertex(0, -2, 2), Vertex(1, -2, 4)]
Key: com.catan.model.RoundedPoint2D@257700, Value: [Vertex(1, -2, 2)]
Key: com.catan.model.RoundedPoint2D@25f400, Value: [Vertex(1, 1, 3), Vertex(2, 0, 5)]
Key: com.catan.model.RoundedPoint2D@263280, Value: [Vertex(1, 1, 0), Vertex(1, 2, 2)]
Key: com.catan.model.RoundedPoint2D@1bf031, Value: [Vertex(0, -1, 5), Vertex(0, 0, 3)]
Key: com.catan.model.RoundedPoint2D@1c2eb1, Value: [Vertex(0, 0, 0), Vertex(0, 1, 4), Vertex(-1, 1, 2)]
Key: com.catan.model.RoundedPoint2D@124a22, Value: [Vertex(-2, 1, 3), Vertex(-2, 0, 1), Vertex(-1, 0, 5)]
Key: com.catan.model.RoundedPoint2D@1288a2, Value: [Vertex(-2, 1, 0), Vertex(-1, 2, 4)]
Key: com.catan.model.RoundedPoint2D@22bc91, Value: [Vertex(1, 1, 4), Vertex(0, 1, 2)]
Key: com.catan.model.RoundedPoint2D@227e11, Value: [Vertex(0, -1, 1), Vertex(1, -1, 5)]
Key: com.catan.model.RoundedPoint2D@11cd22, Value: [Vertex(-1, -2, 4)]
Key: com.catan.model.RoundedPoint2D@1916a1, Value: [Vertex(0, 2, 4), Vertex(-1, 2, 2), Vertex(-1, 1, 0)]
Key: com.catan.model.RoundedPoint2D@290c10, Value: [Vertex(1, -1, 1), Vertex(2, 0, 3)]
Key: com.catan.model.RoundedPoint2D@294a90, Value: [Vertex(1, 1, 2), Vertex(2, 0, 0)]
Key: com.catan.model.RoundedPoint2D@18d821, Value: [Vertex(0, 0, 5), Vertex(-1, 1, 3), Vertex(-1, 0, 1)]
Key: com.catan.model.RoundedPoint2D@185b21, Value: [Vertex(-1, -2, 2), Vertex(0, -2, 4)]
Key: com.catan.model.RoundedPoint2D@156251, Value: [Vertex(-2, -1, 1), Vertex(-1, 0, 3)]
Key: com.catan.model.RoundedPoint2D@15a0d1, Value: [Vertex(-2, 1, 2), Vertex(-1, 1, 4), Vertex(-1, 0, 0)]
Key: com.catan.model.RoundedPoint2D@bbc42, Value: [Vertex(-2, 0, 5)]
Key: com.catan.model.RoundedPoint2D@2c81e0, Value: [Vertex(2, 0, 1)]
Key: com.catan.model.RoundedPoint2D@ed452, Value: [Vertex(-2, 0, 3), Vertex(-2, -1, 5)]
Key: com.catan.model.RoundedPoint2D@f12d2, Value: [Vertex(-2, 1, 4), Vertex(-2, 0, 0)]
Key: com.catan.model.RoundedPoint2D@1fc3c1, Value: [Vertex(1, 2, 5), Vertex(0, 2, 1)]
Key: com.catan.model.RoundedPoint2D@1f0841, Value: [Vertex(0, -1, 3), Vertex(0, -2, 1), Vertex(1, -2, 5)]
Key: com.catan.model.RoundedPoint2D@1f46c1, Value: [Vertex(0, -1, 0), Vertex(0, 0, 2)]
Key: com.catan.model.RoundedPoint2D@25d4c0, Value: [Vertex(1, -1, 0), Vertex(2, 0, 4)]
Key: com.catan.model.RoundedPoint2D@259640, Value: [Vertex(1, -2, 1), Vertex(1, -1, 3)]
Key: com.catan.model.RoundedPoint2D@2651c0, Value: [Vertex(1, 2, 1)]
Key: com.catan.model.RoundedPoint2D@1b9271, Value: [Vertex(0, -2, 3)]
Key: com.catan.model.RoundedPoint2D@1bd0f1, Value: [Vertex(0, -1, 4), Vertex(0, -2, 0)]
Key: com.catan.model.RoundedPoint2D@1c8c71, Value: [Vertex(0, 2, 0)]
Key: com.catan.model.RoundedPoint2D@1c4df1, Value: [Vertex(0, 1, 5), Vertex(0, 2, 3), Vertex(-1, 1, 1)]
Key: com.catan.model.RoundedPoint2D@122ae2, Value: [Vertex(-2, 0, 2), Vertex(-2, -1, 0), Vertex(-1, 0, 4)]
Key: com.catan.model.RoundedPoint2D@12a7e2, Value: [Vertex(-1, 2, 5)]
Key: com.catan.model.RoundedPoint2D@231a51, Value: [Vertex(1, 2, 0)]
Key: com.catan.model.RoundedPoint2D@222051, Value: [Vertex(1, -2, 3)]
Key: com.catan.model.RoundedPoint2D@22dbd1, Value: [Vertex(1, 1, 5), Vertex(0, 1, 1), Vertex(1, 2, 3)]
Key: com.catan.model.RoundedPoint2D@225ed1, Value: [Vertex(0, -1, 2), Vertex(1, -2, 0), Vertex(1, -1, 4)]
Key: com.catan.model.RoundedPoint2D@11ec62, Value: [Vertex(-1, -2, 5), Vertex(-2, -1, 3)]
Key: com.catan.model.RoundedPoint2D@28ecd0, Value: [Vertex(1, -1, 2)]
Key: com.catan.model.RoundedPoint2D@1935e1, Value: [Vertex(0, 2, 5), Vertex(-1, 2, 1)]
Key: com.catan.model.RoundedPoint2D@2969d0, Value: [Vertex(1, 1, 1)]
Key: com.catan.model.RoundedPoint2D@18b8e1, Value: [Vertex(0, 0, 4), Vertex(-1, 0, 2)]
Key: com.catan.model.RoundedPoint2D@187a61, Value: [Vertex(-1, -2, 1), Vertex(0, -2, 5)]
Key: com.catan.model.RoundedPoint2D@15fe91, Value: [Vertex(-1, 2, 0)]
Key: com.catan.model.RoundedPoint2D@15c011, Value: [Vertex(-2, 1, 1), Vertex(-1, 2, 3), Vertex(-1, 1, 5)]
Key: com.catan.model.RoundedPoint2D@150491, Value: [Vertex(-1, -2, 3)]
Key: com.catan.model.RoundedPoint2D@154311, Value: [Vertex(-1, -2, 0), Vertex(-2, -1, 2)]
Key: com.catan.model.RoundedPoint2D@b9d02, Value: [Vertex(-2, 0, 4)]
Key: com.catan.model.RoundedPoint2D@2c62a0, Value: [Vertex(2, 0, 2)]
Key: com.catan.model.RoundedPoint2D@eb512, Value: [Vertex(-2, -1, 4)]
Key: com.catan.model.RoundedPoint2D@f3212, Value: [Vertex(-2, 1, 5)]
Key: com.catan.model.RoundedPoint2D@1fa481, Value: [Vertex(0, 1, 0), Vertex(1, 2, 4), Vertex(0, 2, 2)]
Key: com.catan.model.RoundedPoint2D@1f6601, Value: [Vertex(0, 0, 1), Vertex(0, 1, 3)]
Key: com.catan.model.RoundedPoint2D@1ee901, Value: [Vertex(0, -2, 2), Vertex(1, -2, 4)]
Key: com.catan.model.RoundedPoint2D@257700, Value: [Vertex(1, -2, 2)]
Key: com.catan.model.RoundedPoint2D@25f400, Value: [Vertex(1, 1, 3), Vertex(2, 0, 5)]
Key: com.catan.model.RoundedPoint2D@263280, Value: [Vertex(1, 1, 0), Vertex(1, 2, 2)]
Key: com.catan.model.RoundedPoint2D@1bf031, Value: [Vertex(0, -1, 5), Vertex(0, 0, 3)]
Key: com.catan.model.RoundedPoint2D@1c2eb1, Value: [Vertex(0, 0, 0), Vertex(0, 1, 4), Vertex(-1, 1, 2)]
Key: com.catan.model.RoundedPoint2D@124a22, Value: [Vertex(-2, 1, 3), Vertex(-2, 0, 1), Vertex(-1, 0, 5)]
Key: com.catan.model.RoundedPoint2D@1288a2, Value: [Vertex(-2, 1, 0), Vertex(-1, 2, 4)]
Key: com.catan.model.RoundedPoint2D@22bc91, Value: [Vertex(1, 1, 4), Vertex(0, 1, 2)]
Key: com.catan.model.RoundedPoint2D@227e11, Value: [Vertex(0, -1, 1), Vertex(1, -1, 5)]
Key: com.catan.model.RoundedPoint2D@11cd22, Value: [Vertex(-1, -2, 4)]
Key: com.catan.model.RoundedPoint2D@1916a1, Value: [Vertex(0, 2, 4), Vertex(-1, 2, 2), Vertex(-1, 1, 0)]
Key: com.catan.model.RoundedPoint2D@290c10, Value: [Vertex(1, -1, 1), Vertex(2, 0, 3)]
Key: com.catan.model.RoundedPoint2D@294a90, Value: [Vertex(1, 1, 2), Vertex(2, 0, 0)]
Key: com.catan.model.RoundedPoint2D@18d821, Value: [Vertex(0, 0, 5), Vertex(-1, 1, 3), Vertex(-1, 0, 1)]
Key: com.catan.model.RoundedPoint2D@185b21, Value: [Vertex(-1, -2, 2), Vertex(0, -2, 4)]
Key: com.catan.model.RoundedPoint2D@156251, Value: [Vertex(-2, -1, 1), Vertex(-1, 0, 3)]
Key: com.catan.model.RoundedPoint2D@15a0d1, Value: [Vertex(-2, 1, 2), Vertex(-1, 1, 4), Vertex(-1, 0, 0)]
Key: com.catan.model.RoundedPoint2D@bbc42, Value: [Vertex(-2, 0, 5)]
Key: com.catan.model.RoundedPoint2D@2c81e0, Value: [Vertex(2, 0, 1)]
Key: com.catan.model.RoundedPoint2D@ed452, Value: [Vertex(-2, 0, 3), Vertex(-2, -1, 5)]
Key: com.catan.model.RoundedPoint2D@f12d2, Value: [Vertex(-2, 1, 4), Vertex(-2, 0, 0)]
Key: com.catan.model.RoundedPoint2D@1fc3c1, Value: [Vertex(1, 2, 5), Vertex(0, 2, 1)]
Key: com.catan.model.RoundedPoint2D@1f0841, Value: [Vertex(0, -1, 3), Vertex(0, -2, 1), Vertex(1, -2, 5)]
Key: com.catan.model.RoundedPoint2D@1f46c1, Value: [Vertex(0, -1, 0), Vertex(0, 0, 2)]
Key: com.catan.model.RoundedPoint2D@25d4c0, Value: [Vertex(1, -1, 0), Vertex(2, 0, 4)]
Key: com.catan.model.RoundedPoint2D@259640, Value: [Vertex(1, -2, 1), Vertex(1, -1, 3)]
Key: com.catan.model.RoundedPoint2D@2651c0, Value: [Vertex(1, 2, 1)]
Key: com.catan.model.RoundedPoint2D@1b9271, Value: [Vertex(0, -2, 3)]
Key: com.catan.model.RoundedPoint2D@1bd0f1, Value: [Vertex(0, -1, 4), Vertex(0, -2, 0)]
Key: com.catan.model.RoundedPoint2D@1c8c71, Value: [Vertex(0, 2, 0)]
Key: com.catan.model.RoundedPoint2D@1c4df1, Value: [Vertex(0, 1, 5), Vertex(0, 2, 3), Vertex(-1, 1, 1)]
Key: com.catan.model.RoundedPoint2D@122ae2, Value: [Vertex(-2, 0, 2), Vertex(-2, -1, 0), Vertex(-1, 0, 4)]
Key: com.catan.model.RoundedPoint2D@12a7e2, Value: [Vertex(-1, 2, 5)]
Key: com.catan.model.RoundedPoint2D@231a51, Value: [Vertex(1, 2, 0)]
Key: com.catan.model.RoundedPoint2D@222051, Value: [Vertex(1, -2, 3)]
Key: com.catan.model.RoundedPoint2D@22dbd1, Value: [Vertex(1, 1, 5), Vertex(0, 1, 1), Vertex(1, 2, 3)]
Key: com.catan.model.RoundedPoint2D@225ed1, Value: [Vertex(0, -1, 2), Vertex(1, -2, 0), Vertex(1, -1, 4)]
Key: com.catan.model.RoundedPoint2D@11ec62, Value: [Vertex(-1, -2, 5), Vertex(-2, -1, 3)]
Key: com.catan.model.RoundedPoint2D@28ecd0, Value: [Vertex(1, -1, 2)]
Key: com.catan.model.RoundedPoint2D@1935e1, Value: [Vertex(0, 2, 5), Vertex(-1, 2, 1)]
Key: com.catan.model.RoundedPoint2D@2969d0, Value: [Vertex(1, 1, 1)]
Key: com.catan.model.RoundedPoint2D@18b8e1, Value: [Vertex(0, 0, 4), Vertex(-1, 0, 2), Vertex(-1, -1, 0)]
Key: com.catan.model.RoundedPoint2D@187a61, Value: [Vertex(-1, -2, 1), Vertex(0, -2, 5)]
Key: com.catan.model.RoundedPoint2D@15fe91, Value: [Vertex(-1, 2, 0)]
Key: com.catan.model.RoundedPoint2D@15c011, Value: [Vertex(-2, 1, 1), Vertex(-1, 2, 3), Vertex(-1, 1, 5)]
Key: com.catan.model.RoundedPoint2D@150491, Value: [Vertex(-1, -2, 3)]
Key: com.catan.model.RoundedPoint2D@154311, Value: [Vertex(-1, -2, 0), Vertex(-2, -1, 2)]
Key: com.catan.model.RoundedPoint2D@b9d02, Value: [Vertex(-2, 0, 4)]
Key: com.catan.model.RoundedPoint2D@2c62a0, Value: [Vertex(2, 0, 2)]
Key: com.catan.model.RoundedPoint2D@eb512, Value: [Vertex(-2, -1, 4)]
Key: com.catan.model.RoundedPoint2D@f3212, Value: [Vertex(-2, 1, 5)]
Key: com.catan.model.RoundedPoint2D@1fa481, Value: [Vertex(0, 1, 0), Vertex(1, 2, 4), Vertex(0, 2, 2)]
Key: com.catan.model.RoundedPoint2D@1f6601, Value: [Vertex(0, 0, 1), Vertex(0, 1, 3)]
Key: com.catan.model.RoundedPoint2D@1ee901, Value: [Vertex(0, -2, 2), Vertex(1, -2, 4)]
Key: com.catan.model.RoundedPoint2D@257700, Value: [Vertex(1, -2, 2)]
Key: com.catan.model.RoundedPoint2D@25f400, Value: [Vertex(1, 1, 3), Vertex(2, 0, 5)]
Key: com.catan.model.RoundedPoint2D@263280, Value: [Vertex(1, 1, 0), Vertex(1, 2, 2)]
Key: com.catan.model.RoundedPoint2D@1bf031, Value: [Vertex(0, -1, 5), Vertex(0, 0, 3), Vertex(-1, -1, 1)]
Key: com.catan.model.RoundedPoint2D@1c2eb1, Value: [Vertex(0, 0, 0), Vertex(0, 1, 4), Vertex(-1, 1, 2)]
Key: com.catan.model.RoundedPoint2D@124a22, Value: [Vertex(-2, 1, 3), Vertex(-2, 0, 1), Vertex(-1, 0, 5)]
Key: com.catan.model.RoundedPoint2D@1288a2, Value: [Vertex(-2, 1, 0), Vertex(-1, 2, 4)]
Key: com.catan.model.RoundedPoint2D@22bc91, Value: [Vertex(1, 1, 4), Vertex(0, 1, 2)]
Key: com.catan.model.RoundedPoint2D@227e11, Value: [Vertex(0, -1, 1), Vertex(1, -1, 5)]
Key: com.catan.model.RoundedPoint2D@11cd22, Value: [Vertex(-1, -2, 4)]
Key: com.catan.model.RoundedPoint2D@1916a1, Value: [Vertex(0, 2, 4), Vertex(-1, 2, 2), Vertex(-1, 1, 0)]
Key: com.catan.model.RoundedPoint2D@290c10, Value: [Vertex(1, -1, 1), Vertex(2, 0, 3)]
Key: com.catan.model.RoundedPoint2D@294a90, Value: [Vertex(1, 1, 2), Vertex(2, 0, 0)]
Key: com.catan.model.RoundedPoint2D@18d821, Value: [Vertex(0, 0, 5), Vertex(-1, 1, 3), Vertex(-1, 0, 1)]
Key: com.catan.model.RoundedPoint2D@185b21, Value: [Vertex(-1, -2, 2), Vertex(0, -2, 4)]
Key: com.catan.model.RoundedPoint2D@156251, Value: [Vertex(-2, -1, 1), Vertex(-1, 0, 3)]
Key: com.catan.model.RoundedPoint2D@15a0d1, Value: [Vertex(-2, 1, 2), Vertex(-1, 1, 4), Vertex(-1, 0, 0)]
Key: com.catan.model.RoundedPoint2D@bbc42, Value: [Vertex(-2, 0, 5)]
Key: com.catan.model.RoundedPoint2D@2c81e0, Value: [Vertex(2, 0, 1)]
Key: com.catan.model.RoundedPoint2D@ed452, Value: [Vertex(-2, 0, 3), Vertex(-2, -1, 5)]
Key: com.catan.model.RoundedPoint2D@f12d2, Value: [Vertex(-2, 1, 4), Vertex(-2, 0, 0)]
Key: com.catan.model.RoundedPoint2D@1fc3c1, Value: [Vertex(1, 2, 5), Vertex(0, 2, 1)]
Key: com.catan.model.RoundedPoint2D@1f0841, Value: [Vertex(0, -1, 3), Vertex(0, -2, 1), Vertex(1, -2, 5)]
Key: com.catan.model.RoundedPoint2D@1f46c1, Value: [Vertex(0, -1, 0), Vertex(0, 0, 2)]
Key: com.catan.model.RoundedPoint2D@25d4c0, Value: [Vertex(1, -1, 0), Vertex(2, 0, 4)]
Key: com.catan.model.RoundedPoint2D@259640, Value: [Vertex(1, -2, 1), Vertex(1, -1, 3)]
Key: com.catan.model.RoundedPoint2D@2651c0, Value: [Vertex(1, 2, 1)]
Key: com.catan.model.RoundedPoint2D@1b9271, Value: [Vertex(0, -2, 3)]
Key: com.catan.model.RoundedPoint2D@1bd0f1, Value: [Vertex(0, -1, 4), Vertex(0, -2, 0)]
Key: com.catan.model.RoundedPoint2D@1c8c71, Value: [Vertex(0, 2, 0)]
Key: com.catan.model.RoundedPoint2D@1c4df1, Value: [Vertex(0, 1, 5), Vertex(0, 2, 3), Vertex(-1, 1, 1)]
Key: com.catan.model.RoundedPoint2D@122ae2, Value: [Vertex(-2, 0, 2), Vertex(-2, -1, 0), Vertex(-1, 0, 4)]
Key: com.catan.model.RoundedPoint2D@12a7e2, Value: [Vertex(-1, 2, 5)]
Key: com.catan.model.RoundedPoint2D@231a51, Value: [Vertex(1, 2, 0)]
Key: com.catan.model.RoundedPoint2D@222051, Value: [Vertex(1, -2, 3)]
Key: com.catan.model.RoundedPoint2D@22dbd1, Value: [Vertex(1, 1, 5), Vertex(0, 1, 1), Vertex(1, 2, 3)]
Key: com.catan.model.RoundedPoint2D@225ed1, Value: [Vertex(0, -1, 2), Vertex(1, -2, 0), Vertex(1, -1, 4)]
Key: com.catan.model.RoundedPoint2D@11ec62, Value: [Vertex(-1, -2, 5), Vertex(-2, -1, 3)]
Key: com.catan.model.RoundedPoint2D@28ecd0, Value: [Vertex(1, -1, 2)]
Key: com.catan.model.RoundedPoint2D@1935e1, Value: [Vertex(0, 2, 5), Vertex(-1, 2, 1)]
Key: com.catan.model.RoundedPoint2D@2969d0, Value: [Vertex(1, 1, 1)]
Key: com.catan.model.RoundedPoint2D@18b8e1, Value: [Vertex(0, 0, 4), Vertex(-1, 0, 2), Vertex(-1, -1, 0)]
Key: com.catan.model.RoundedPoint2D@187a61, Value: [Vertex(-1, -2, 1), Vertex(0, -2, 5)]
Key: com.catan.model.RoundedPoint2D@15fe91, Value: [Vertex(-1, 2, 0)]
Key: com.catan.model.RoundedPoint2D@15c011, Value: [Vertex(-2, 1, 1), Vertex(-1, 2, 3), Vertex(-1, 1, 5)]
Key: com.catan.model.RoundedPoint2D@150491, Value: [Vertex(-1, -2, 3)]
Key: com.catan.model.RoundedPoint2D@154311, Value: [Vertex(-1, -2, 0), Vertex(-2, -1, 2)]
Key: com.catan.model.RoundedPoint2D@b9d02, Value: [Vertex(-2, 0, 4)]
Key: com.catan.model.RoundedPoint2D@2c62a0, Value: [Vertex(2, 0, 2)]
Key: com.catan.model.RoundedPoint2D@eb512, Value: [Vertex(-2, -1, 4)]
Key: com.catan.model.RoundedPoint2D@f3212, Value: [Vertex(-2, 1, 5)]
Key: com.catan.model.RoundedPoint2D@1fa481, Value: [Vertex(0, 1, 0), Vertex(1, 2, 4), Vertex(0, 2, 2)]
Key: com.catan.model.RoundedPoint2D@1f6601, Value: [Vertex(0, 0, 1), Vertex(0, 1, 3)]
Key: com.catan.model.RoundedPoint2D@1ee901, Value: [Vertex(0, -2, 2), Vertex(1, -2, 4)]
Key: com.catan.model.RoundedPoint2D@257700, Value: [Vertex(1, -2, 2)]
Key: com.catan.model.RoundedPoint2D@25f400, Value: [Vertex(1, 1, 3), Vertex(2, 0, 5)]
Key: com.catan.model.RoundedPoint2D@263280, Value: [Vertex(1, 1, 0), Vertex(1, 2, 2)]
Key: com.catan.model.RoundedPoint2D@1bf031, Value: [Vertex(0, -1, 5), Vertex(0, 0, 3), Vertex(-1, -1, 1)]
Key: com.catan.model.RoundedPoint2D@1c2eb1, Value: [Vertex(0, 0, 0), Vertex(0, 1, 4), Vertex(-1, 1, 2)]
Key: com.catan.model.RoundedPoint2D@124a22, Value: [Vertex(-2, 1, 3), Vertex(-2, 0, 1), Vertex(-1, 0, 5)]
Key: com.catan.model.RoundedPoint2D@1288a2, Value: [Vertex(-2, 1, 0), Vertex(-1, 2, 4)]
Key: com.catan.model.RoundedPoint2D@22bc91, Value: [Vertex(1, 1, 4), Vertex(0, 1, 2)]
Key: com.catan.model.RoundedPoint2D@227e11, Value: [Vertex(0, -1, 1), Vertex(1, -1, 5)]
Key: com.catan.model.RoundedPoint2D@11cd22, Value: [Vertex(-1, -2, 4)]
Key: com.catan.model.RoundedPoint2D@1916a1, Value: [Vertex(0, 2, 4), Vertex(-1, 2, 2), Vertex(-1, 1, 0)]
Key: com.catan.model.RoundedPoint2D@290c10, Value: [Vertex(1, -1, 1), Vertex(2, 0, 3)]
Key: com.catan.model.RoundedPoint2D@294a90, Value: [Vertex(1, 1, 2), Vertex(2, 0, 0)]
Key: com.catan.model.RoundedPoint2D@18d821, Value: [Vertex(0, 0, 5), Vertex(-1, 1, 3), Vertex(-1, 0, 1)]
Key: com.catan.model.RoundedPoint2D@185b21, Value: [Vertex(-1, -2, 2), Vertex(0, -2, 4)]
Key: com.catan.model.RoundedPoint2D@156251, Value: [Vertex(-2, -1, 1), Vertex(-1, 0, 3)]
Key: com.catan.model.RoundedPoint2D@15a0d1, Value: [Vertex(-2, 1, 2), Vertex(-1, 1, 4), Vertex(-1, 0, 0)]
Key: com.catan.model.RoundedPoint2D@bbc42, Value: [Vertex(-2, 0, 5)]
Key: com.catan.model.RoundedPoint2D@2c81e0, Value: [Vertex(2, 0, 1)]
Key: com.catan.model.RoundedPoint2D@ed452, Value: [Vertex(-2, 0, 3), Vertex(-2, -1, 5)]
Key: com.catan.model.RoundedPoint2D@f12d2, Value: [Vertex(-2, 1, 4), Vertex(-2, 0, 0)]
Key: com.catan.model.RoundedPoint2D@1fc3c1, Value: [Vertex(1, 2, 5), Vertex(0, 2, 1)]
Key: com.catan.model.RoundedPoint2D@1f0841, Value: [Vertex(0, -1, 3), Vertex(0, -2, 1), Vertex(1, -2, 5)]
Key: com.catan.model.RoundedPoint2D@1f46c1, Value: [Vertex(0, -1, 0), Vertex(0, 0, 2)]
Key: com.catan.model.RoundedPoint2D@25d4c0, Value: [Vertex(1, -1, 0), Vertex(2, 0, 4)]
Key: com.catan.model.RoundedPoint2D@259640, Value: [Vertex(1, -2, 1), Vertex(1, -1, 3)]
Key: com.catan.model.RoundedPoint2D@2651c0, Value: [Vertex(1, 2, 1)]
Key: com.catan.model.RoundedPoint2D@1b9271, Value: [Vertex(0, -2, 3)]
Key: com.catan.model.RoundedPoint2D@1bd0f1, Value: [Vertex(0, -1, 4), Vertex(0, -2, 0), Vertex(-1, -1, 2)]
Key: com.catan.model.RoundedPoint2D@1c8c71, Value: [Vertex(0, 2, 0)]
Key: com.catan.model.RoundedPoint2D@1c4df1, Value: [Vertex(0, 1, 5), Vertex(0, 2, 3), Vertex(-1, 1, 1)]
Key: com.catan.model.RoundedPoint2D@122ae2, Value: [Vertex(-2, 0, 2), Vertex(-2, -1, 0), Vertex(-1, 0, 4)]
Key: com.catan.model.RoundedPoint2D@12a7e2, Value: [Vertex(-1, 2, 5)]
Key: com.catan.model.RoundedPoint2D@231a51, Value: [Vertex(1, 2, 0)]
Key: com.catan.model.RoundedPoint2D@222051, Value: [Vertex(1, -2, 3)]
Key: com.catan.model.RoundedPoint2D@22dbd1, Value: [Vertex(1, 1, 5), Vertex(0, 1, 1), Vertex(1, 2, 3)]
Key: com.catan.model.RoundedPoint2D@225ed1, Value: [Vertex(0, -1, 2), Vertex(1, -2, 0), Vertex(1, -1, 4)]
Key: com.catan.model.RoundedPoint2D@11ec62, Value: [Vertex(-1, -2, 5), Vertex(-2, -1, 3)]
Key: com.catan.model.RoundedPoint2D@28ecd0, Value: [Vertex(1, -1, 2)]
Key: com.catan.model.RoundedPoint2D@1935e1, Value: [Vertex(0, 2, 5), Vertex(-1, 2, 1)]
Key: com.catan.model.RoundedPoint2D@2969d0, Value: [Vertex(1, 1, 1)]
Key: com.catan.model.RoundedPoint2D@18b8e1, Value: [Vertex(0, 0, 4), Vertex(-1, 0, 2), Vertex(-1, -1, 0)]
Key: com.catan.model.RoundedPoint2D@187a61, Value: [Vertex(-1, -2, 1), Vertex(0, -2, 5)]
Key: com.catan.model.RoundedPoint2D@15fe91, Value: [Vertex(-1, 2, 0)]
Key: com.catan.model.RoundedPoint2D@15c011, Value: [Vertex(-2, 1, 1), Vertex(-1, 2, 3), Vertex(-1, 1, 5)]
Key: com.catan.model.RoundedPoint2D@150491, Value: [Vertex(-1, -2, 3)]
Key: com.catan.model.RoundedPoint2D@154311, Value: [Vertex(-1, -2, 0), Vertex(-2, -1, 2)]
Key: com.catan.model.RoundedPoint2D@b9d02, Value: [Vertex(-2, 0, 4)]
Key: com.catan.model.RoundedPoint2D@2c62a0, Value: [Vertex(2, 0, 2)]
Key: com.catan.model.RoundedPoint2D@eb512, Value: [Vertex(-2, -1, 4)]
Key: com.catan.model.RoundedPoint2D@f3212, Value: [Vertex(-2, 1, 5)]
Key: com.catan.model.RoundedPoint2D@1fa481, Value: [Vertex(0, 1, 0), Vertex(1, 2, 4), Vertex(0, 2, 2)]
Key: com.catan.model.RoundedPoint2D@1f6601, Value: [Vertex(0, 0, 1), Vertex(0, 1, 3)]
Key: com.catan.model.RoundedPoint2D@1ee901, Value: [Vertex(0, -2, 2), Vertex(1, -2, 4)]
Key: com.catan.model.RoundedPoint2D@257700, Value: [Vertex(1, -2, 2)]
Key: com.catan.model.RoundedPoint2D@25f400, Value: [Vertex(1, 1, 3), Vertex(2, 0, 5)]
Key: com.catan.model.RoundedPoint2D@263280, Value: [Vertex(1, 1, 0), Vertex(1, 2, 2)]
Key: com.catan.model.RoundedPoint2D@1bf031, Value: [Vertex(0, -1, 5), Vertex(0, 0, 3), Vertex(-1, -1, 1)]
Key: com.catan.model.RoundedPoint2D@1c2eb1, Value: [Vertex(0, 0, 0), Vertex(0, 1, 4), Vertex(-1, 1, 2)]
Key: com.catan.model.RoundedPoint2D@124a22, Value: [Vertex(-2, 1, 3), Vertex(-2, 0, 1), Vertex(-1, 0, 5)]
Key: com.catan.model.RoundedPoint2D@1288a2, Value: [Vertex(-2, 1, 0), Vertex(-1, 2, 4)]
Key: com.catan.model.RoundedPoint2D@22bc91, Value: [Vertex(1, 1, 4), Vertex(0, 1, 2)]
Key: com.catan.model.RoundedPoint2D@227e11, Value: [Vertex(0, -1, 1), Vertex(1, -1, 5)]
Key: com.catan.model.RoundedPoint2D@11cd22, Value: [Vertex(-1, -2, 4)]
Key: com.catan.model.RoundedPoint2D@1916a1, Value: [Vertex(0, 2, 4), Vertex(-1, 2, 2), Vertex(-1, 1, 0)]
Key: com.catan.model.RoundedPoint2D@290c10, Value: [Vertex(1, -1, 1), Vertex(2, 0, 3)]
Key: com.catan.model.RoundedPoint2D@294a90, Value: [Vertex(1, 1, 2), Vertex(2, 0, 0)]
Key: com.catan.model.RoundedPoint2D@18d821, Value: [Vertex(0, 0, 5), Vertex(-1, 1, 3), Vertex(-1, 0, 1)]
Key: com.catan.model.RoundedPoint2D@185b21, Value: [Vertex(-1, -2, 2), Vertex(0, -2, 4)]
Key: com.catan.model.RoundedPoint2D@156251, Value: [Vertex(-2, -1, 1), Vertex(-1, 0, 3)]
Key: com.catan.model.RoundedPoint2D@15a0d1, Value: [Vertex(-2, 1, 2), Vertex(-1, 1, 4), Vertex(-1, 0, 0)]
Key: com.catan.model.RoundedPoint2D@bbc42, Value: [Vertex(-2, 0, 5)]
Key: com.catan.model.RoundedPoint2D@2c81e0, Value: [Vertex(2, 0, 1)]
Key: com.catan.model.RoundedPoint2D@ed452, Value: [Vertex(-2, 0, 3), Vertex(-2, -1, 5)]
Key: com.catan.model.RoundedPoint2D@f12d2, Value: [Vertex(-2, 1, 4), Vertex(-2, 0, 0)]
Key: com.catan.model.RoundedPoint2D@1fc3c1, Value: [Vertex(1, 2, 5), Vertex(0, 2, 1)]
Key: com.catan.model.RoundedPoint2D@1f0841, Value: [Vertex(0, -1, 3), Vertex(0, -2, 1), Vertex(1, -2, 5)]
Key: com.catan.model.RoundedPoint2D@1f46c1, Value: [Vertex(0, -1, 0), Vertex(0, 0, 2)]
Key: com.catan.model.RoundedPoint2D@25d4c0, Value: [Vertex(1, -1, 0), Vertex(2, 0, 4)]
Key: com.catan.model.RoundedPoint2D@259640, Value: [Vertex(1, -2, 1), Vertex(1, -1, 3)]
Key: com.catan.model.RoundedPoint2D@2651c0, Value: [Vertex(1, 2, 1)]
Key: com.catan.model.RoundedPoint2D@1b9271, Value: [Vertex(0, -2, 3)]
Key: com.catan.model.RoundedPoint2D@1bd0f1, Value: [Vertex(0, -1, 4), Vertex(0, -2, 0), Vertex(-1, -1, 2)]
Key: com.catan.model.RoundedPoint2D@1c8c71, Value: [Vertex(0, 2, 0)]
Key: com.catan.model.RoundedPoint2D@1c4df1, Value: [Vertex(0, 1, 5), Vertex(0, 2, 3), Vertex(-1, 1, 1)]
Key: com.catan.model.RoundedPoint2D@122ae2, Value: [Vertex(-2, 0, 2), Vertex(-2, -1, 0), Vertex(-1, 0, 4)]
Key: com.catan.model.RoundedPoint2D@12a7e2, Value: [Vertex(-1, 2, 5)]
Key: com.catan.model.RoundedPoint2D@231a51, Value: [Vertex(1, 2, 0)]
Key: com.catan.model.RoundedPoint2D@222051, Value: [Vertex(1, -2, 3)]
Key: com.catan.model.RoundedPoint2D@22dbd1, Value: [Vertex(1, 1, 5), Vertex(0, 1, 1), Vertex(1, 2, 3)]
Key: com.catan.model.RoundedPoint2D@225ed1, Value: [Vertex(0, -1, 2), Vertex(1, -2, 0), Vertex(1, -1, 4)]
Key: com.catan.model.RoundedPoint2D@11ec62, Value: [Vertex(-1, -2, 5), Vertex(-2, -1, 3)]
Key: com.catan.model.RoundedPoint2D@28ecd0, Value: [Vertex(1, -1, 2)]
Key: com.catan.model.RoundedPoint2D@1935e1, Value: [Vertex(0, 2, 5), Vertex(-1, 2, 1)]
Key: com.catan.model.RoundedPoint2D@2969d0, Value: [Vertex(1, 1, 1)]
Key: com.catan.model.RoundedPoint2D@18b8e1, Value: [Vertex(0, 0, 4), Vertex(-1, 0, 2), Vertex(-1, -1, 0)]
Key: com.catan.model.RoundedPoint2D@187a61, Value: [Vertex(-1, -2, 1), Vertex(0, -2, 5), Vertex(-1, -1, 3)]
Key: com.catan.model.RoundedPoint2D@15fe91, Value: [Vertex(-1, 2, 0)]
Key: com.catan.model.RoundedPoint2D@15c011, Value: [Vertex(-2, 1, 1), Vertex(-1, 2, 3), Vertex(-1, 1, 5)]
Key: com.catan.model.RoundedPoint2D@150491, Value: [Vertex(-1, -2, 3)]
Key: com.catan.model.RoundedPoint2D@154311, Value: [Vertex(-1, -2, 0), Vertex(-2, -1, 2), Vertex(-1, -1, 4)]
Key: com.catan.model.RoundedPoint2D@b9d02, Value: [Vertex(-2, 0, 4)]
Key: com.catan.model.RoundedPoint2D@2c62a0, Value: [Vertex(2, 0, 2)]
Key: com.catan.model.RoundedPoint2D@eb512, Value: [Vertex(-2, -1, 4)]
Key: com.catan.model.RoundedPoint2D@f3212, Value: [Vertex(-2, 1, 5)]
Key: com.catan.model.RoundedPoint2D@1fa481, Value: [Vertex(0, 1, 0), Vertex(1, 2, 4), Vertex(0, 2, 2)]
Key: com.catan.model.RoundedPoint2D@1f6601, Value: [Vertex(0, 0, 1), Vertex(0, 1, 3)]
Key: com.catan.model.RoundedPoint2D@1ee901, Value: [Vertex(0, -2, 2), Vertex(1, -2, 4)]
Key: com.catan.model.RoundedPoint2D@257700, Value: [Vertex(1, -2, 2)]
Key: com.catan.model.RoundedPoint2D@25f400, Value: [Vertex(1, 1, 3), Vertex(2, 0, 5)]
Key: com.catan.model.RoundedPoint2D@263280, Value: [Vertex(1, 1, 0), Vertex(1, 2, 2)]
Key: com.catan.model.RoundedPoint2D@1bf031, Value: [Vertex(0, -1, 5), Vertex(0, 0, 3), Vertex(-1, -1, 1)]
Key: com.catan.model.RoundedPoint2D@1c2eb1, Value: [Vertex(0, 0, 0), Vertex(0, 1, 4), Vertex(-1, 1, 2)]
Key: com.catan.model.RoundedPoint2D@124a22, Value: [Vertex(-2, 1, 3), Vertex(-2, 0, 1), Vertex(-1, 0, 5)]
Key: com.catan.model.RoundedPoint2D@1288a2, Value: [Vertex(-2, 1, 0), Vertex(-1, 2, 4)]
Key: com.catan.model.RoundedPoint2D@22bc91, Value: [Vertex(1, 1, 4), Vertex(0, 1, 2)]
Key: com.catan.model.RoundedPoint2D@227e11, Value: [Vertex(0, -1, 1), Vertex(1, -1, 5)]
Key: com.catan.model.RoundedPoint2D@11cd22, Value: [Vertex(-1, -2, 4)]
Key: com.catan.model.RoundedPoint2D@1916a1, Value: [Vertex(0, 2, 4), Vertex(-1, 2, 2), Vertex(-1, 1, 0)]
Key: com.catan.model.RoundedPoint2D@290c10, Value: [Vertex(1, -1, 1), Vertex(2, 0, 3)]
Key: com.catan.model.RoundedPoint2D@294a90, Value: [Vertex(1, 1, 2), Vertex(2, 0, 0)]
Key: com.catan.model.RoundedPoint2D@18d821, Value: [Vertex(0, 0, 5), Vertex(-1, 1, 3), Vertex(-1, 0, 1)]
Key: com.catan.model.RoundedPoint2D@185b21, Value: [Vertex(-1, -2, 2), Vertex(0, -2, 4)]
Key: com.catan.model.RoundedPoint2D@156251, Value: [Vertex(-2, -1, 1), Vertex(-1, 0, 3)]
Key: com.catan.model.RoundedPoint2D@15a0d1, Value: [Vertex(-2, 1, 2), Vertex(-1, 1, 4), Vertex(-1, 0, 0)]
Key: com.catan.model.RoundedPoint2D@bbc42, Value: [Vertex(-2, 0, 5)]
Key: com.catan.model.RoundedPoint2D@2c81e0, Value: [Vertex(2, 0, 1)]
Key: com.catan.model.RoundedPoint2D@ed452, Value: [Vertex(-2, 0, 3), Vertex(-2, -1, 5)]
Key: com.catan.model.RoundedPoint2D@f12d2, Value: [Vertex(-2, 1, 4), Vertex(-2, 0, 0)]
Key: com.catan.model.RoundedPoint2D@1fc3c1, Value: [Vertex(1, 2, 5), Vertex(0, 2, 1)]
Key: com.catan.model.RoundedPoint2D@1f0841, Value: [Vertex(0, -1, 3), Vertex(0, -2, 1), Vertex(1, -2, 5)]
Key: com.catan.model.RoundedPoint2D@1f46c1, Value: [Vertex(0, -1, 0), Vertex(0, 0, 2)]
Key: com.catan.model.RoundedPoint2D@25d4c0, Value: [Vertex(1, -1, 0), Vertex(2, 0, 4)]
Key: com.catan.model.RoundedPoint2D@259640, Value: [Vertex(1, -2, 1), Vertex(1, -1, 3)]
Key: com.catan.model.RoundedPoint2D@2651c0, Value: [Vertex(1, 2, 1)]
Key: com.catan.model.RoundedPoint2D@1b9271, Value: [Vertex(0, -2, 3)]
Key: com.catan.model.RoundedPoint2D@1bd0f1, Value: [Vertex(0, -1, 4), Vertex(0, -2, 0), Vertex(-1, -1, 2)]
Key: com.catan.model.RoundedPoint2D@1c8c71, Value: [Vertex(0, 2, 0)]
Key: com.catan.model.RoundedPoint2D@1c4df1, Value: [Vertex(0, 1, 5), Vertex(0, 2, 3), Vertex(-1, 1, 1)]
Key: com.catan.model.RoundedPoint2D@122ae2, Value: [Vertex(-2, 0, 2), Vertex(-2, -1, 0), Vertex(-1, 0, 4)]
Key: com.catan.model.RoundedPoint2D@12a7e2, Value: [Vertex(-1, 2, 5)]
Key: com.catan.model.RoundedPoint2D@231a51, Value: [Vertex(1, 2, 0)]
Key: com.catan.model.RoundedPoint2D@222051, Value: [Vertex(1, -2, 3)]
Key: com.catan.model.RoundedPoint2D@22dbd1, Value: [Vertex(1, 1, 5), Vertex(0, 1, 1), Vertex(1, 2, 3)]
Key: com.catan.model.RoundedPoint2D@225ed1, Value: [Vertex(0, -1, 2), Vertex(1, -2, 0), Vertex(1, -1, 4)]
Key: com.catan.model.RoundedPoint2D@11ec62, Value: [Vertex(-1, -2, 5), Vertex(-2, -1, 3)]
Key: com.catan.model.RoundedPoint2D@28ecd0, Value: [Vertex(1, -1, 2)]
Key: com.catan.model.RoundedPoint2D@1935e1, Value: [Vertex(0, 2, 5), Vertex(-1, 2, 1)]
Key: com.catan.model.RoundedPoint2D@2969d0, Value: [Vertex(1, 1, 1)]
Key: com.catan.model.RoundedPoint2D@18b8e1, Value: [Vertex(0, 0, 4), Vertex(-1, 0, 2), Vertex(-1, -1, 0)]
Key: com.catan.model.RoundedPoint2D@187a61, Value: [Vertex(-1, -2, 1), Vertex(0, -2, 5), Vertex(-1, -1, 3)]
Key: com.catan.model.RoundedPoint2D@15fe91, Value: [Vertex(-1, 2, 0)]
Key: com.catan.model.RoundedPoint2D@15c011, Value: [Vertex(-2, 1, 1), Vertex(-1, 2, 3), Vertex(-1, 1, 5)]
Key: com.catan.model.RoundedPoint2D@150491, Value: [Vertex(-1, -2, 3)]
Key: com.catan.model.RoundedPoint2D@154311, Value: [Vertex(-1, -2, 0), Vertex(-2, -1, 2), Vertex(-1, -1, 4)]
Key: com.catan.model.RoundedPoint2D@b9d02, Value: [Vertex(-2, 0, 4)]
Key: com.catan.model.RoundedPoint2D@2c62a0, Value: [Vertex(2, 0, 2)]
Key: com.catan.model.RoundedPoint2D@eb512, Value: [Vertex(-2, -1, 4)]
Key: com.catan.model.RoundedPoint2D@f3212, Value: [Vertex(-2, 1, 5)]
Key: com.catan.model.RoundedPoint2D@1fa481, Value: [Vertex(0, 1, 0), Vertex(1, 2, 4), Vertex(0, 2, 2)]
Key: com.catan.model.RoundedPoint2D@1f6601, Value: [Vertex(0, 0, 1), Vertex(0, 1, 3)]
Key: com.catan.model.RoundedPoint2D@1ee901, Value: [Vertex(0, -2, 2), Vertex(1, -2, 4)]
Key: com.catan.model.RoundedPoint2D@257700, Value: [Vertex(1, -2, 2)]
Key: com.catan.model.RoundedPoint2D@25f400, Value: [Vertex(1, 1, 3), Vertex(2, 0, 5)]
Key: com.catan.model.RoundedPoint2D@263280, Value: [Vertex(1, 1, 0), Vertex(1, 2, 2)]
Key: com.catan.model.RoundedPoint2D@1bf031, Value: [Vertex(0, -1, 5), Vertex(0, 0, 3), Vertex(-1, -1, 1)]
Key: com.catan.model.RoundedPoint2D@1c2eb1, Value: [Vertex(0, 0, 0), Vertex(0, 1, 4), Vertex(-1, 1, 2)]
Key: com.catan.model.RoundedPoint2D@124a22, Value: [Vertex(-2, 1, 3), Vertex(-2, 0, 1), Vertex(-1, 0, 5)]
Key: com.catan.model.RoundedPoint2D@1288a2, Value: [Vertex(-2, 1, 0), Vertex(-1, 2, 4)]
Key: com.catan.model.RoundedPoint2D@22bc91, Value: [Vertex(1, 1, 4), Vertex(0, 1, 2)]
Key: com.catan.model.RoundedPoint2D@227e11, Value: [Vertex(0, -1, 1), Vertex(1, -1, 5)]
Key: com.catan.model.RoundedPoint2D@11cd22, Value: [Vertex(-1, -2, 4)]
Key: com.catan.model.RoundedPoint2D@1916a1, Value: [Vertex(0, 2, 4), Vertex(-1, 2, 2), Vertex(-1, 1, 0)]
Key: com.catan.model.RoundedPoint2D@290c10, Value: [Vertex(1, -1, 1), Vertex(2, 0, 3)]
Key: com.catan.model.RoundedPoint2D@294a90, Value: [Vertex(1, 1, 2), Vertex(2, 0, 0)]
Key: com.catan.model.RoundedPoint2D@18d821, Value: [Vertex(0, 0, 5), Vertex(-1, 1, 3), Vertex(-1, 0, 1)]
Key: com.catan.model.RoundedPoint2D@185b21, Value: [Vertex(-1, -2, 2), Vertex(0, -2, 4)]
Key: com.catan.model.RoundedPoint2D@156251, Value: [Vertex(-2, -1, 1), Vertex(-1, 0, 3), Vertex(-1, -1, 5)]
Key: com.catan.model.RoundedPoint2D@15a0d1, Value: [Vertex(-2, 1, 2), Vertex(-1, 1, 4), Vertex(-1, 0, 0)]
Key: com.catan.model.RoundedPoint2D@bbc42, Value: [Vertex(-2, 0, 5)]
Key: com.catan.model.RoundedPoint2D@2c81e0, Value: [Vertex(2, 0, 1)]
Key: com.catan.model.RoundedPoint2D@ed452, Value: [Vertex(-2, 0, 3), Vertex(-2, -1, 5)]
Key: com.catan.model.RoundedPoint2D@f12d2, Value: [Vertex(-2, 1, 4), Vertex(-2, 0, 0)]
Key: com.catan.model.RoundedPoint2D@1fc3c1, Value: [Vertex(1, 2, 5), Vertex(0, 2, 1)]
Key: com.catan.model.RoundedPoint2D@1f0841, Value: [Vertex(0, -1, 3), Vertex(0, -2, 1), Vertex(1, -2, 5)]
Key: com.catan.model.RoundedPoint2D@1f46c1, Value: [Vertex(0, -1, 0), Vertex(0, 0, 2)]
Key: com.catan.model.RoundedPoint2D@25d4c0, Value: [Vertex(1, -1, 0), Vertex(2, 0, 4)]
Key: com.catan.model.RoundedPoint2D@259640, Value: [Vertex(1, -2, 1), Vertex(1, -1, 3)]
Key: com.catan.model.RoundedPoint2D@2651c0, Value: [Vertex(1, 2, 1)]
Key: com.catan.model.RoundedPoint2D@1b9271, Value: [Vertex(0, -2, 3)]
Key: com.catan.model.RoundedPoint2D@1bd0f1, Value: [Vertex(0, -1, 4), Vertex(0, -2, 0), Vertex(-1, -1, 2)]
Key: com.catan.model.RoundedPoint2D@1c8c71, Value: [Vertex(0, 2, 0)]
Key: com.catan.model.RoundedPoint2D@1c4df1, Value: [Vertex(0, 1, 5), Vertex(0, 2, 3), Vertex(-1, 1, 1)]
Key: com.catan.model.RoundedPoint2D@122ae2, Value: [Vertex(-2, 0, 2), Vertex(-2, -1, 0), Vertex(-1, 0, 4)]
Key: com.catan.model.RoundedPoint2D@12a7e2, Value: [Vertex(-1, 2, 5)]
Key: com.catan.model.RoundedPoint2D@231a51, Value: [Vertex(1, 2, 0)]
Key: com.catan.model.RoundedPoint2D@222051, Value: [Vertex(1, -2, 3)]
Key: com.catan.model.RoundedPoint2D@22dbd1, Value: [Vertex(1, 1, 5), Vertex(0, 1, 1), Vertex(1, 2, 3)]
Key: com.catan.model.RoundedPoint2D@225ed1, Value: [Vertex(0, -1, 2), Vertex(1, -2, 0), Vertex(1, -1, 4)]
Key: com.catan.model.RoundedPoint2D@11ec62, Value: [Vertex(-1, -2, 5), Vertex(-2, -1, 3)]
Key: com.catan.model.RoundedPoint2D@28ecd0, Value: [Vertex(1, -1, 2)]
Key: com.catan.model.RoundedPoint2D@1935e1, Value: [Vertex(0, 2, 5), Vertex(-1, 2, 1)]
Key: com.catan.model.RoundedPoint2D@2969d0, Value: [Vertex(1, 1, 1)]
Key: com.catan.model.RoundedPoint2D@18b8e1, Value: [Vertex(0, 0, 4), Vertex(-1, 0, 2), Vertex(-1, -1, 0)]
Key: com.catan.model.RoundedPoint2D@187a61, Value: [Vertex(-1, -2, 1), Vertex(0, -2, 5), Vertex(-1, -1, 3)]
Key: com.catan.model.RoundedPoint2D@15fe91, Value: [Vertex(-1, 2, 0)]
Key: com.catan.model.RoundedPoint2D@15c011, Value: [Vertex(-2, 1, 1), Vertex(-1, 2, 3), Vertex(-1, 1, 5)]
Key: com.catan.model.RoundedPoint2D@150491, Value: [Vertex(-1, -2, 3)]
Key: com.catan.model.RoundedPoint2D@154311, Value: [Vertex(-1, -2, 0), Vertex(-2, -1, 2), Vertex(-1, -1, 4)]
Key: com.catan.model.RoundedPoint2D@b9d02, Value: [Vertex(-2, 0, 4)]
Key: com.catan.model.RoundedPoint2D@2c62a0, Value: [Vertex(2, 0, 2)]
Key: com.catan.model.RoundedPoint2D@eb512, Value: [Vertex(-2, -1, 4)]
Key: com.catan.model.RoundedPoint2D@f3212, Value: [Vertex(-2, 1, 5)]
Key: com.catan.model.RoundedPoint2D@1fa481, Value: [Vertex(0, 1, 0), Vertex(1, 2, 4), Vertex(0, 2, 2)]
Key: com.catan.model.RoundedPoint2D@1f6601, Value: [Vertex(0, 0, 1), Vertex(0, 1, 3)]
Key: com.catan.model.RoundedPoint2D@1ee901, Value: [Vertex(0, -2, 2), Vertex(1, -2, 4)]
Key: com.catan.model.RoundedPoint2D@257700, Value: [Vertex(1, -2, 2)]
Key: com.catan.model.RoundedPoint2D@25f400, Value: [Vertex(1, 1, 3), Vertex(2, 0, 5)]
Key: com.catan.model.RoundedPoint2D@263280, Value: [Vertex(1, 1, 0), Vertex(1, 2, 2)]
Key: com.catan.model.RoundedPoint2D@1bf031, Value: [Vertex(0, -1, 5), Vertex(0, 0, 3), Vertex(-1, -1, 1)]
Key: com.catan.model.RoundedPoint2D@1c2eb1, Value: [Vertex(0, 0, 0), Vertex(0, 1, 4), Vertex(-1, 1, 2)]
Key: com.catan.model.RoundedPoint2D@124a22, Value: [Vertex(-2, 1, 3), Vertex(-2, 0, 1), Vertex(-1, 0, 5)]
Key: com.catan.model.RoundedPoint2D@1288a2, Value: [Vertex(-2, 1, 0), Vertex(-1, 2, 4)]
Key: com.catan.model.RoundedPoint2D@22bc91, Value: [Vertex(1, 1, 4), Vertex(0, 1, 2), Vertex(1, 0, 0)]
Key: com.catan.model.RoundedPoint2D@227e11, Value: [Vertex(0, -1, 1), Vertex(1, -1, 5)]
Key: com.catan.model.RoundedPoint2D@11cd22, Value: [Vertex(-1, -2, 4)]
Key: com.catan.model.RoundedPoint2D@1916a1, Value: [Vertex(0, 2, 4), Vertex(-1, 2, 2), Vertex(-1, 1, 0)]
Key: com.catan.model.RoundedPoint2D@290c10, Value: [Vertex(1, -1, 1), Vertex(2, 0, 3)]
Key: com.catan.model.RoundedPoint2D@294a90, Value: [Vertex(1, 1, 2), Vertex(2, 0, 0)]
Key: com.catan.model.RoundedPoint2D@18d821, Value: [Vertex(0, 0, 5), Vertex(-1, 1, 3), Vertex(-1, 0, 1)]
Key: com.catan.model.RoundedPoint2D@185b21, Value: [Vertex(-1, -2, 2), Vertex(0, -2, 4)]
Key: com.catan.model.RoundedPoint2D@156251, Value: [Vertex(-2, -1, 1), Vertex(-1, 0, 3), Vertex(-1, -1, 5)]
Key: com.catan.model.RoundedPoint2D@15a0d1, Value: [Vertex(-2, 1, 2), Vertex(-1, 1, 4), Vertex(-1, 0, 0)]
Key: com.catan.model.RoundedPoint2D@bbc42, Value: [Vertex(-2, 0, 5)]
Key: com.catan.model.RoundedPoint2D@2c81e0, Value: [Vertex(2, 0, 1)]
Key: com.catan.model.RoundedPoint2D@ed452, Value: [Vertex(-2, 0, 3), Vertex(-2, -1, 5)]
Key: com.catan.model.RoundedPoint2D@f12d2, Value: [Vertex(-2, 1, 4), Vertex(-2, 0, 0)]
Key: com.catan.model.RoundedPoint2D@1fc3c1, Value: [Vertex(1, 2, 5), Vertex(0, 2, 1)]
Key: com.catan.model.RoundedPoint2D@1f0841, Value: [Vertex(0, -1, 3), Vertex(0, -2, 1), Vertex(1, -2, 5)]
Key: com.catan.model.RoundedPoint2D@1f46c1, Value: [Vertex(0, -1, 0), Vertex(0, 0, 2)]
Key: com.catan.model.RoundedPoint2D@25d4c0, Value: [Vertex(1, -1, 0), Vertex(2, 0, 4)]
Key: com.catan.model.RoundedPoint2D@259640, Value: [Vertex(1, -2, 1), Vertex(1, -1, 3)]
Key: com.catan.model.RoundedPoint2D@2651c0, Value: [Vertex(1, 2, 1)]
Key: com.catan.model.RoundedPoint2D@1b9271, Value: [Vertex(0, -2, 3)]
Key: com.catan.model.RoundedPoint2D@1bd0f1, Value: [Vertex(0, -1, 4), Vertex(0, -2, 0), Vertex(-1, -1, 2)]
Key: com.catan.model.RoundedPoint2D@1c8c71, Value: [Vertex(0, 2, 0)]
Key: com.catan.model.RoundedPoint2D@1c4df1, Value: [Vertex(0, 1, 5), Vertex(0, 2, 3), Vertex(-1, 1, 1)]
Key: com.catan.model.RoundedPoint2D@122ae2, Value: [Vertex(-2, 0, 2), Vertex(-2, -1, 0), Vertex(-1, 0, 4)]
Key: com.catan.model.RoundedPoint2D@12a7e2, Value: [Vertex(-1, 2, 5)]
Key: com.catan.model.RoundedPoint2D@231a51, Value: [Vertex(1, 2, 0)]
Key: com.catan.model.RoundedPoint2D@222051, Value: [Vertex(1, -2, 3)]
Key: com.catan.model.RoundedPoint2D@22dbd1, Value: [Vertex(1, 1, 5), Vertex(0, 1, 1), Vertex(1, 2, 3)]
Key: com.catan.model.RoundedPoint2D@225ed1, Value: [Vertex(0, -1, 2), Vertex(1, -2, 0), Vertex(1, -1, 4)]
Key: com.catan.model.RoundedPoint2D@11ec62, Value: [Vertex(-1, -2, 5), Vertex(-2, -1, 3)]
Key: com.catan.model.RoundedPoint2D@28ecd0, Value: [Vertex(1, -1, 2)]
Key: com.catan.model.RoundedPoint2D@1935e1, Value: [Vertex(0, 2, 5), Vertex(-1, 2, 1)]
Key: com.catan.model.RoundedPoint2D@2969d0, Value: [Vertex(1, 1, 1)]
Key: com.catan.model.RoundedPoint2D@18b8e1, Value: [Vertex(0, 0, 4), Vertex(-1, 0, 2), Vertex(-1, -1, 0)]
Key: com.catan.model.RoundedPoint2D@187a61, Value: [Vertex(-1, -2, 1), Vertex(0, -2, 5), Vertex(-1, -1, 3)]
Key: com.catan.model.RoundedPoint2D@15fe91, Value: [Vertex(-1, 2, 0)]
Key: com.catan.model.RoundedPoint2D@15c011, Value: [Vertex(-2, 1, 1), Vertex(-1, 2, 3), Vertex(-1, 1, 5)]
Key: com.catan.model.RoundedPoint2D@150491, Value: [Vertex(-1, -2, 3)]
Key: com.catan.model.RoundedPoint2D@154311, Value: [Vertex(-1, -2, 0), Vertex(-2, -1, 2), Vertex(-1, -1, 4)]
Key: com.catan.model.RoundedPoint2D@b9d02, Value: [Vertex(-2, 0, 4)]
Key: com.catan.model.RoundedPoint2D@2c62a0, Value: [Vertex(2, 0, 2)]
Key: com.catan.model.RoundedPoint2D@eb512, Value: [Vertex(-2, -1, 4)]
Key: com.catan.model.RoundedPoint2D@f3212, Value: [Vertex(-2, 1, 5)]
Key: com.catan.model.RoundedPoint2D@1fa481, Value: [Vertex(0, 1, 0), Vertex(1, 2, 4), Vertex(0, 2, 2)]
Key: com.catan.model.RoundedPoint2D@1f6601, Value: [Vertex(0, 0, 1), Vertex(0, 1, 3)]
Key: com.catan.model.RoundedPoint2D@1ee901, Value: [Vertex(0, -2, 2), Vertex(1, -2, 4)]
Key: com.catan.model.RoundedPoint2D@257700, Value: [Vertex(1, -2, 2)]
Key: com.catan.model.RoundedPoint2D@25f400, Value: [Vertex(1, 1, 3), Vertex(2, 0, 5), Vertex(1, 0, 1)]
Key: com.catan.model.RoundedPoint2D@263280, Value: [Vertex(1, 1, 0), Vertex(1, 2, 2)]
Key: com.catan.model.RoundedPoint2D@1bf031, Value: [Vertex(0, -1, 5), Vertex(0, 0, 3), Vertex(-1, -1, 1)]
Key: com.catan.model.RoundedPoint2D@1c2eb1, Value: [Vertex(0, 0, 0), Vertex(0, 1, 4), Vertex(-1, 1, 2)]
Key: com.catan.model.RoundedPoint2D@124a22, Value: [Vertex(-2, 1, 3), Vertex(-2, 0, 1), Vertex(-1, 0, 5)]
Key: com.catan.model.RoundedPoint2D@1288a2, Value: [Vertex(-2, 1, 0), Vertex(-1, 2, 4)]
Key: com.catan.model.RoundedPoint2D@22bc91, Value: [Vertex(1, 1, 4), Vertex(0, 1, 2), Vertex(1, 0, 0)]
Key: com.catan.model.RoundedPoint2D@227e11, Value: [Vertex(0, -1, 1), Vertex(1, -1, 5)]
Key: com.catan.model.RoundedPoint2D@11cd22, Value: [Vertex(-1, -2, 4)]
Key: com.catan.model.RoundedPoint2D@1916a1, Value: [Vertex(0, 2, 4), Vertex(-1, 2, 2), Vertex(-1, 1, 0)]
Key: com.catan.model.RoundedPoint2D@290c10, Value: [Vertex(1, -1, 1), Vertex(2, 0, 3)]
Key: com.catan.model.RoundedPoint2D@294a90, Value: [Vertex(1, 1, 2), Vertex(2, 0, 0)]
Key: com.catan.model.RoundedPoint2D@18d821, Value: [Vertex(0, 0, 5), Vertex(-1, 1, 3), Vertex(-1, 0, 1)]
Key: com.catan.model.RoundedPoint2D@185b21, Value: [Vertex(-1, -2, 2), Vertex(0, -2, 4)]
Key: com.catan.model.RoundedPoint2D@156251, Value: [Vertex(-2, -1, 1), Vertex(-1, 0, 3), Vertex(-1, -1, 5)]
Key: com.catan.model.RoundedPoint2D@15a0d1, Value: [Vertex(-2, 1, 2), Vertex(-1, 1, 4), Vertex(-1, 0, 0)]
Key: com.catan.model.RoundedPoint2D@bbc42, Value: [Vertex(-2, 0, 5)]
Key: com.catan.model.RoundedPoint2D@2c81e0, Value: [Vertex(2, 0, 1)]
Key: com.catan.model.RoundedPoint2D@ed452, Value: [Vertex(-2, 0, 3), Vertex(-2, -1, 5)]
Key: com.catan.model.RoundedPoint2D@f12d2, Value: [Vertex(-2, 1, 4), Vertex(-2, 0, 0)]
Key: com.catan.model.RoundedPoint2D@1fc3c1, Value: [Vertex(1, 2, 5), Vertex(0, 2, 1)]
Key: com.catan.model.RoundedPoint2D@1f0841, Value: [Vertex(0, -1, 3), Vertex(0, -2, 1), Vertex(1, -2, 5)]
Key: com.catan.model.RoundedPoint2D@1f46c1, Value: [Vertex(0, -1, 0), Vertex(0, 0, 2)]
Key: com.catan.model.RoundedPoint2D@25d4c0, Value: [Vertex(1, -1, 0), Vertex(2, 0, 4)]
Key: com.catan.model.RoundedPoint2D@259640, Value: [Vertex(1, -2, 1), Vertex(1, -1, 3)]
Key: com.catan.model.RoundedPoint2D@2651c0, Value: [Vertex(1, 2, 1)]
Key: com.catan.model.RoundedPoint2D@1b9271, Value: [Vertex(0, -2, 3)]
Key: com.catan.model.RoundedPoint2D@1bd0f1, Value: [Vertex(0, -1, 4), Vertex(0, -2, 0), Vertex(-1, -1, 2)]
Key: com.catan.model.RoundedPoint2D@1c8c71, Value: [Vertex(0, 2, 0)]
Key: com.catan.model.RoundedPoint2D@1c4df1, Value: [Vertex(0, 1, 5), Vertex(0, 2, 3), Vertex(-1, 1, 1)]
Key: com.catan.model.RoundedPoint2D@122ae2, Value: [Vertex(-2, 0, 2), Vertex(-2, -1, 0), Vertex(-1, 0, 4)]
Key: com.catan.model.RoundedPoint2D@12a7e2, Value: [Vertex(-1, 2, 5)]
Key: com.catan.model.RoundedPoint2D@231a51, Value: [Vertex(1, 2, 0)]
Key: com.catan.model.RoundedPoint2D@222051, Value: [Vertex(1, -2, 3)]
Key: com.catan.model.RoundedPoint2D@22dbd1, Value: [Vertex(1, 1, 5), Vertex(0, 1, 1), Vertex(1, 2, 3)]
Key: com.catan.model.RoundedPoint2D@225ed1, Value: [Vertex(0, -1, 2), Vertex(1, -2, 0), Vertex(1, -1, 4)]
Key: com.catan.model.RoundedPoint2D@11ec62, Value: [Vertex(-1, -2, 5), Vertex(-2, -1, 3)]
Key: com.catan.model.RoundedPoint2D@28ecd0, Value: [Vertex(1, -1, 2)]
Key: com.catan.model.RoundedPoint2D@1935e1, Value: [Vertex(0, 2, 5), Vertex(-1, 2, 1)]
Key: com.catan.model.RoundedPoint2D@2969d0, Value: [Vertex(1, 1, 1)]
Key: com.catan.model.RoundedPoint2D@18b8e1, Value: [Vertex(0, 0, 4), Vertex(-1, 0, 2), Vertex(-1, -1, 0)]
Key: com.catan.model.RoundedPoint2D@187a61, Value: [Vertex(-1, -2, 1), Vertex(0, -2, 5), Vertex(-1, -1, 3)]
Key: com.catan.model.RoundedPoint2D@15fe91, Value: [Vertex(-1, 2, 0)]
Key: com.catan.model.RoundedPoint2D@15c011, Value: [Vertex(-2, 1, 1), Vertex(-1, 2, 3), Vertex(-1, 1, 5)]
Key: com.catan.model.RoundedPoint2D@150491, Value: [Vertex(-1, -2, 3)]
Key: com.catan.model.RoundedPoint2D@154311, Value: [Vertex(-1, -2, 0), Vertex(-2, -1, 2), Vertex(-1, -1, 4)]
Key: com.catan.model.RoundedPoint2D@b9d02, Value: [Vertex(-2, 0, 4)]
Key: com.catan.model.RoundedPoint2D@2c62a0, Value: [Vertex(2, 0, 2)]
Key: com.catan.model.RoundedPoint2D@eb512, Value: [Vertex(-2, -1, 4)]
Key: com.catan.model.RoundedPoint2D@f3212, Value: [Vertex(-2, 1, 5)]
Key: com.catan.model.RoundedPoint2D@1fa481, Value: [Vertex(0, 1, 0), Vertex(1, 2, 4), Vertex(0, 2, 2)]
Key: com.catan.model.RoundedPoint2D@1f6601, Value: [Vertex(0, 0, 1), Vertex(0, 1, 3)]
Key: com.catan.model.RoundedPoint2D@1ee901, Value: [Vertex(0, -2, 2), Vertex(1, -2, 4)]
Key: com.catan.model.RoundedPoint2D@257700, Value: [Vertex(1, -2, 2)]
Key: com.catan.model.RoundedPoint2D@25f400, Value: [Vertex(1, 1, 3), Vertex(2, 0, 5), Vertex(1, 0, 1)]
Key: com.catan.model.RoundedPoint2D@263280, Value: [Vertex(1, 1, 0), Vertex(1, 2, 2)]
Key: com.catan.model.RoundedPoint2D@1bf031, Value: [Vertex(0, -1, 5), Vertex(0, 0, 3), Vertex(-1, -1, 1)]
Key: com.catan.model.RoundedPoint2D@1c2eb1, Value: [Vertex(0, 0, 0), Vertex(0, 1, 4), Vertex(-1, 1, 2)]
Key: com.catan.model.RoundedPoint2D@124a22, Value: [Vertex(-2, 1, 3), Vertex(-2, 0, 1), Vertex(-1, 0, 5)]
Key: com.catan.model.RoundedPoint2D@1288a2, Value: [Vertex(-2, 1, 0), Vertex(-1, 2, 4)]
Key: com.catan.model.RoundedPoint2D@22bc91, Value: [Vertex(1, 1, 4), Vertex(0, 1, 2), Vertex(1, 0, 0)]
Key: com.catan.model.RoundedPoint2D@227e11, Value: [Vertex(0, -1, 1), Vertex(1, -1, 5)]
Key: com.catan.model.RoundedPoint2D@11cd22, Value: [Vertex(-1, -2, 4)]
Key: com.catan.model.RoundedPoint2D@1916a1, Value: [Vertex(0, 2, 4), Vertex(-1, 2, 2), Vertex(-1, 1, 0)]
Key: com.catan.model.RoundedPoint2D@290c10, Value: [Vertex(1, -1, 1), Vertex(2, 0, 3)]
Key: com.catan.model.RoundedPoint2D@294a90, Value: [Vertex(1, 1, 2), Vertex(2, 0, 0)]
Key: com.catan.model.RoundedPoint2D@18d821, Value: [Vertex(0, 0, 5), Vertex(-1, 1, 3), Vertex(-1, 0, 1)]
Key: com.catan.model.RoundedPoint2D@185b21, Value: [Vertex(-1, -2, 2), Vertex(0, -2, 4)]
Key: com.catan.model.RoundedPoint2D@156251, Value: [Vertex(-2, -1, 1), Vertex(-1, 0, 3), Vertex(-1, -1, 5)]
Key: com.catan.model.RoundedPoint2D@15a0d1, Value: [Vertex(-2, 1, 2), Vertex(-1, 1, 4), Vertex(-1, 0, 0)]
Key: com.catan.model.RoundedPoint2D@bbc42, Value: [Vertex(-2, 0, 5)]
Key: com.catan.model.RoundedPoint2D@2c81e0, Value: [Vertex(2, 0, 1)]
Key: com.catan.model.RoundedPoint2D@ed452, Value: [Vertex(-2, 0, 3), Vertex(-2, -1, 5)]
Key: com.catan.model.RoundedPoint2D@f12d2, Value: [Vertex(-2, 1, 4), Vertex(-2, 0, 0)]
Key: com.catan.model.RoundedPoint2D@1fc3c1, Value: [Vertex(1, 2, 5), Vertex(0, 2, 1)]
Key: com.catan.model.RoundedPoint2D@1f0841, Value: [Vertex(0, -1, 3), Vertex(0, -2, 1), Vertex(1, -2, 5)]
Key: com.catan.model.RoundedPoint2D@1f46c1, Value: [Vertex(0, -1, 0), Vertex(0, 0, 2)]
Key: com.catan.model.RoundedPoint2D@25d4c0, Value: [Vertex(1, -1, 0), Vertex(2, 0, 4), Vertex(1, 0, 2)]
Key: com.catan.model.RoundedPoint2D@259640, Value: [Vertex(1, -2, 1), Vertex(1, -1, 3)]
Key: com.catan.model.RoundedPoint2D@2651c0, Value: [Vertex(1, 2, 1)]
Key: com.catan.model.RoundedPoint2D@1b9271, Value: [Vertex(0, -2, 3)]
Key: com.catan.model.RoundedPoint2D@1bd0f1, Value: [Vertex(0, -1, 4), Vertex(0, -2, 0), Vertex(-1, -1, 2)]
Key: com.catan.model.RoundedPoint2D@1c8c71, Value: [Vertex(0, 2, 0)]
Key: com.catan.model.RoundedPoint2D@1c4df1, Value: [Vertex(0, 1, 5), Vertex(0, 2, 3), Vertex(-1, 1, 1)]
Key: com.catan.model.RoundedPoint2D@122ae2, Value: [Vertex(-2, 0, 2), Vertex(-2, -1, 0), Vertex(-1, 0, 4)]
Key: com.catan.model.RoundedPoint2D@12a7e2, Value: [Vertex(-1, 2, 5)]
Key: com.catan.model.RoundedPoint2D@231a51, Value: [Vertex(1, 2, 0)]
Key: com.catan.model.RoundedPoint2D@222051, Value: [Vertex(1, -2, 3)]
Key: com.catan.model.RoundedPoint2D@22dbd1, Value: [Vertex(1, 1, 5), Vertex(0, 1, 1), Vertex(1, 2, 3)]
Key: com.catan.model.RoundedPoint2D@225ed1, Value: [Vertex(0, -1, 2), Vertex(1, -2, 0), Vertex(1, -1, 4)]
Key: com.catan.model.RoundedPoint2D@11ec62, Value: [Vertex(-1, -2, 5), Vertex(-2, -1, 3)]
Key: com.catan.model.RoundedPoint2D@28ecd0, Value: [Vertex(1, -1, 2)]
Key: com.catan.model.RoundedPoint2D@1935e1, Value: [Vertex(0, 2, 5), Vertex(-1, 2, 1)]
Key: com.catan.model.RoundedPoint2D@2969d0, Value: [Vertex(1, 1, 1)]
Key: com.catan.model.RoundedPoint2D@18b8e1, Value: [Vertex(0, 0, 4), Vertex(-1, 0, 2), Vertex(-1, -1, 0)]
Key: com.catan.model.RoundedPoint2D@187a61, Value: [Vertex(-1, -2, 1), Vertex(0, -2, 5), Vertex(-1, -1, 3)]
Key: com.catan.model.RoundedPoint2D@15fe91, Value: [Vertex(-1, 2, 0)]
Key: com.catan.model.RoundedPoint2D@15c011, Value: [Vertex(-2, 1, 1), Vertex(-1, 2, 3), Vertex(-1, 1, 5)]
Key: com.catan.model.RoundedPoint2D@150491, Value: [Vertex(-1, -2, 3)]
Key: com.catan.model.RoundedPoint2D@154311, Value: [Vertex(-1, -2, 0), Vertex(-2, -1, 2), Vertex(-1, -1, 4)]
Key: com.catan.model.RoundedPoint2D@b9d02, Value: [Vertex(-2, 0, 4)]
Key: com.catan.model.RoundedPoint2D@2c62a0, Value: [Vertex(2, 0, 2)]
Key: com.catan.model.RoundedPoint2D@eb512, Value: [Vertex(-2, -1, 4)]
Key: com.catan.model.RoundedPoint2D@f3212, Value: [Vertex(-2, 1, 5)]
Key: com.catan.model.RoundedPoint2D@1fa481, Value: [Vertex(0, 1, 0), Vertex(1, 2, 4), Vertex(0, 2, 2)]
Key: com.catan.model.RoundedPoint2D@1f6601, Value: [Vertex(0, 0, 1), Vertex(0, 1, 3)]
Key: com.catan.model.RoundedPoint2D@1ee901, Value: [Vertex(0, -2, 2), Vertex(1, -2, 4)]
Key: com.catan.model.RoundedPoint2D@257700, Value: [Vertex(1, -2, 2)]
Key: com.catan.model.RoundedPoint2D@25f400, Value: [Vertex(1, 1, 3), Vertex(2, 0, 5), Vertex(1, 0, 1)]
Key: com.catan.model.RoundedPoint2D@263280, Value: [Vertex(1, 1, 0), Vertex(1, 2, 2)]
Key: com.catan.model.RoundedPoint2D@1bf031, Value: [Vertex(0, -1, 5), Vertex(0, 0, 3), Vertex(-1, -1, 1)]
Key: com.catan.model.RoundedPoint2D@1c2eb1, Value: [Vertex(0, 0, 0), Vertex(0, 1, 4), Vertex(-1, 1, 2)]
Key: com.catan.model.RoundedPoint2D@124a22, Value: [Vertex(-2, 1, 3), Vertex(-2, 0, 1), Vertex(-1, 0, 5)]
Key: com.catan.model.RoundedPoint2D@1288a2, Value: [Vertex(-2, 1, 0), Vertex(-1, 2, 4)]
Key: com.catan.model.RoundedPoint2D@22bc91, Value: [Vertex(1, 1, 4), Vertex(0, 1, 2), Vertex(1, 0, 0)]
Key: com.catan.model.RoundedPoint2D@227e11, Value: [Vertex(0, -1, 1), Vertex(1, -1, 5), Vertex(1, 0, 3)]
Key: com.catan.model.RoundedPoint2D@11cd22, Value: [Vertex(-1, -2, 4)]
Key: com.catan.model.RoundedPoint2D@1916a1, Value: [Vertex(0, 2, 4), Vertex(-1, 2, 2), Vertex(-1, 1, 0)]
Key: com.catan.model.RoundedPoint2D@290c10, Value: [Vertex(1, -1, 1), Vertex(2, 0, 3)]
Key: com.catan.model.RoundedPoint2D@294a90, Value: [Vertex(1, 1, 2), Vertex(2, 0, 0)]
Key: com.catan.model.RoundedPoint2D@18d821, Value: [Vertex(0, 0, 5), Vertex(-1, 1, 3), Vertex(-1, 0, 1)]
Key: com.catan.model.RoundedPoint2D@185b21, Value: [Vertex(-1, -2, 2), Vertex(0, -2, 4)]
Key: com.catan.model.RoundedPoint2D@156251, Value: [Vertex(-2, -1, 1), Vertex(-1, 0, 3), Vertex(-1, -1, 5)]
Key: com.catan.model.RoundedPoint2D@15a0d1, Value: [Vertex(-2, 1, 2), Vertex(-1, 1, 4), Vertex(-1, 0, 0)]
Key: com.catan.model.RoundedPoint2D@bbc42, Value: [Vertex(-2, 0, 5)]
Key: com.catan.model.RoundedPoint2D@2c81e0, Value: [Vertex(2, 0, 1)]
Key: com.catan.model.RoundedPoint2D@ed452, Value: [Vertex(-2, 0, 3), Vertex(-2, -1, 5)]
Key: com.catan.model.RoundedPoint2D@f12d2, Value: [Vertex(-2, 1, 4), Vertex(-2, 0, 0)]
Key: com.catan.model.RoundedPoint2D@1fc3c1, Value: [Vertex(1, 2, 5), Vertex(0, 2, 1)]
Key: com.catan.model.RoundedPoint2D@1f0841, Value: [Vertex(0, -1, 3), Vertex(0, -2, 1), Vertex(1, -2, 5)]
Key: com.catan.model.RoundedPoint2D@1f46c1, Value: [Vertex(0, -1, 0), Vertex(0, 0, 2)]
Key: com.catan.model.RoundedPoint2D@25d4c0, Value: [Vertex(1, -1, 0), Vertex(2, 0, 4), Vertex(1, 0, 2)]
Key: com.catan.model.RoundedPoint2D@259640, Value: [Vertex(1, -2, 1), Vertex(1, -1, 3)]
Key: com.catan.model.RoundedPoint2D@2651c0, Value: [Vertex(1, 2, 1)]
Key: com.catan.model.RoundedPoint2D@1b9271, Value: [Vertex(0, -2, 3)]
Key: com.catan.model.RoundedPoint2D@1bd0f1, Value: [Vertex(0, -1, 4), Vertex(0, -2, 0), Vertex(-1, -1, 2)]
Key: com.catan.model.RoundedPoint2D@1c8c71, Value: [Vertex(0, 2, 0)]
Key: com.catan.model.RoundedPoint2D@1c4df1, Value: [Vertex(0, 1, 5), Vertex(0, 2, 3), Vertex(-1, 1, 1)]
Key: com.catan.model.RoundedPoint2D@122ae2, Value: [Vertex(-2, 0, 2), Vertex(-2, -1, 0), Vertex(-1, 0, 4)]
Key: com.catan.model.RoundedPoint2D@12a7e2, Value: [Vertex(-1, 2, 5)]
Key: com.catan.model.RoundedPoint2D@231a51, Value: [Vertex(1, 2, 0)]
Key: com.catan.model.RoundedPoint2D@222051, Value: [Vertex(1, -2, 3)]
Key: com.catan.model.RoundedPoint2D@22dbd1, Value: [Vertex(1, 1, 5), Vertex(0, 1, 1), Vertex(1, 2, 3)]
Key: com.catan.model.RoundedPoint2D@225ed1, Value: [Vertex(0, -1, 2), Vertex(1, -2, 0), Vertex(1, -1, 4)]
Key: com.catan.model.RoundedPoint2D@11ec62, Value: [Vertex(-1, -2, 5), Vertex(-2, -1, 3)]
Key: com.catan.model.RoundedPoint2D@28ecd0, Value: [Vertex(1, -1, 2)]
Key: com.catan.model.RoundedPoint2D@1935e1, Value: [Vertex(0, 2, 5), Vertex(-1, 2, 1)]
Key: com.catan.model.RoundedPoint2D@2969d0, Value: [Vertex(1, 1, 1)]
Key: com.catan.model.RoundedPoint2D@18b8e1, Value: [Vertex(0, 0, 4), Vertex(-1, 0, 2), Vertex(-1, -1, 0)]
Key: com.catan.model.RoundedPoint2D@187a61, Value: [Vertex(-1, -2, 1), Vertex(0, -2, 5), Vertex(-1, -1, 3)]
Key: com.catan.model.RoundedPoint2D@15fe91, Value: [Vertex(-1, 2, 0)]
Key: com.catan.model.RoundedPoint2D@15c011, Value: [Vertex(-2, 1, 1), Vertex(-1, 2, 3), Vertex(-1, 1, 5)]
Key: com.catan.model.RoundedPoint2D@150491, Value: [Vertex(-1, -2, 3)]
Key: com.catan.model.RoundedPoint2D@154311, Value: [Vertex(-1, -2, 0), Vertex(-2, -1, 2), Vertex(-1, -1, 4)]
Key: com.catan.model.RoundedPoint2D@b9d02, Value: [Vertex(-2, 0, 4)]
Key: com.catan.model.RoundedPoint2D@2c62a0, Value: [Vertex(2, 0, 2)]
Key: com.catan.model.RoundedPoint2D@eb512, Value: [Vertex(-2, -1, 4)]
Key: com.catan.model.RoundedPoint2D@f3212, Value: [Vertex(-2, 1, 5)]
Key: com.catan.model.RoundedPoint2D@1fa481, Value: [Vertex(0, 1, 0), Vertex(1, 2, 4), Vertex(0, 2, 2)]
Key: com.catan.model.RoundedPoint2D@1f6601, Value: [Vertex(0, 0, 1), Vertex(0, 1, 3)]
Key: com.catan.model.RoundedPoint2D@1ee901, Value: [Vertex(0, -2, 2), Vertex(1, -2, 4)]
Key: com.catan.model.RoundedPoint2D@257700, Value: [Vertex(1, -2, 2)]
Key: com.catan.model.RoundedPoint2D@25f400, Value: [Vertex(1, 1, 3), Vertex(2, 0, 5), Vertex(1, 0, 1)]
Key: com.catan.model.RoundedPoint2D@263280, Value: [Vertex(1, 1, 0), Vertex(1, 2, 2)]
Key: com.catan.model.RoundedPoint2D@1bf031, Value: [Vertex(0, -1, 5), Vertex(0, 0, 3), Vertex(-1, -1, 1)]
Key: com.catan.model.RoundedPoint2D@1c2eb1, Value: [Vertex(0, 0, 0), Vertex(0, 1, 4), Vertex(-1, 1, 2)]
Key: com.catan.model.RoundedPoint2D@124a22, Value: [Vertex(-2, 1, 3), Vertex(-2, 0, 1), Vertex(-1, 0, 5)]
Key: com.catan.model.RoundedPoint2D@1288a2, Value: [Vertex(-2, 1, 0), Vertex(-1, 2, 4)]
Key: com.catan.model.RoundedPoint2D@22bc91, Value: [Vertex(1, 1, 4), Vertex(0, 1, 2), Vertex(1, 0, 0)]
Key: com.catan.model.RoundedPoint2D@227e11, Value: [Vertex(0, -1, 1), Vertex(1, -1, 5), Vertex(1, 0, 3)]
Key: com.catan.model.RoundedPoint2D@11cd22, Value: [Vertex(-1, -2, 4)]
Key: com.catan.model.RoundedPoint2D@1916a1, Value: [Vertex(0, 2, 4), Vertex(-1, 2, 2), Vertex(-1, 1, 0)]
Key: com.catan.model.RoundedPoint2D@290c10, Value: [Vertex(1, -1, 1), Vertex(2, 0, 3)]
Key: com.catan.model.RoundedPoint2D@294a90, Value: [Vertex(1, 1, 2), Vertex(2, 0, 0)]
Key: com.catan.model.RoundedPoint2D@18d821, Value: [Vertex(0, 0, 5), Vertex(-1, 1, 3), Vertex(-1, 0, 1)]
Key: com.catan.model.RoundedPoint2D@185b21, Value: [Vertex(-1, -2, 2), Vertex(0, -2, 4)]
Key: com.catan.model.RoundedPoint2D@156251, Value: [Vertex(-2, -1, 1), Vertex(-1, 0, 3), Vertex(-1, -1, 5)]
Key: com.catan.model.RoundedPoint2D@15a0d1, Value: [Vertex(-2, 1, 2), Vertex(-1, 1, 4), Vertex(-1, 0, 0)]
Key: com.catan.model.RoundedPoint2D@bbc42, Value: [Vertex(-2, 0, 5)]
Key: com.catan.model.RoundedPoint2D@2c81e0, Value: [Vertex(2, 0, 1)]
Key: com.catan.model.RoundedPoint2D@ed452, Value: [Vertex(-2, 0, 3), Vertex(-2, -1, 5)]
Key: com.catan.model.RoundedPoint2D@f12d2, Value: [Vertex(-2, 1, 4), Vertex(-2, 0, 0)]
Key: com.catan.model.RoundedPoint2D@1fc3c1, Value: [Vertex(1, 2, 5), Vertex(0, 2, 1)]
Key: com.catan.model.RoundedPoint2D@1f0841, Value: [Vertex(0, -1, 3), Vertex(0, -2, 1), Vertex(1, -2, 5)]
Key: com.catan.model.RoundedPoint2D@1f46c1, Value: [Vertex(0, -1, 0), Vertex(0, 0, 2), Vertex(1, 0, 4)]
Key: com.catan.model.RoundedPoint2D@25d4c0, Value: [Vertex(1, -1, 0), Vertex(2, 0, 4), Vertex(1, 0, 2)]
Key: com.catan.model.RoundedPoint2D@259640, Value: [Vertex(1, -2, 1), Vertex(1, -1, 3)]
Key: com.catan.model.RoundedPoint2D@2651c0, Value: [Vertex(1, 2, 1)]
Key: com.catan.model.RoundedPoint2D@1b9271, Value: [Vertex(0, -2, 3)]
Key: com.catan.model.RoundedPoint2D@1bd0f1, Value: [Vertex(0, -1, 4), Vertex(0, -2, 0), Vertex(-1, -1, 2)]
Key: com.catan.model.RoundedPoint2D@1c8c71, Value: [Vertex(0, 2, 0)]
Key: com.catan.model.RoundedPoint2D@1c4df1, Value: [Vertex(0, 1, 5), Vertex(0, 2, 3), Vertex(-1, 1, 1)]
Key: com.catan.model.RoundedPoint2D@122ae2, Value: [Vertex(-2, 0, 2), Vertex(-2, -1, 0), Vertex(-1, 0, 4)]
Key: com.catan.model.RoundedPoint2D@12a7e2, Value: [Vertex(-1, 2, 5)]
Key: com.catan.model.RoundedPoint2D@231a51, Value: [Vertex(1, 2, 0)]
Key: com.catan.model.RoundedPoint2D@222051, Value: [Vertex(1, -2, 3)]
Key: com.catan.model.RoundedPoint2D@22dbd1, Value: [Vertex(1, 1, 5), Vertex(0, 1, 1), Vertex(1, 2, 3)]
Key: com.catan.model.RoundedPoint2D@225ed1, Value: [Vertex(0, -1, 2), Vertex(1, -2, 0), Vertex(1, -1, 4)]
Key: com.catan.model.RoundedPoint2D@11ec62, Value: [Vertex(-1, -2, 5), Vertex(-2, -1, 3)]
Key: com.catan.model.RoundedPoint2D@28ecd0, Value: [Vertex(1, -1, 2)]
Key: com.catan.model.RoundedPoint2D@1935e1, Value: [Vertex(0, 2, 5), Vertex(-1, 2, 1)]
Key: com.catan.model.RoundedPoint2D@2969d0, Value: [Vertex(1, 1, 1)]
Key: com.catan.model.RoundedPoint2D@18b8e1, Value: [Vertex(0, 0, 4), Vertex(-1, 0, 2), Vertex(-1, -1, 0)]
Key: com.catan.model.RoundedPoint2D@187a61, Value: [Vertex(-1, -2, 1), Vertex(0, -2, 5), Vertex(-1, -1, 3)]
Key: com.catan.model.RoundedPoint2D@15fe91, Value: [Vertex(-1, 2, 0)]
Key: com.catan.model.RoundedPoint2D@15c011, Value: [Vertex(-2, 1, 1), Vertex(-1, 2, 3), Vertex(-1, 1, 5)]
Key: com.catan.model.RoundedPoint2D@150491, Value: [Vertex(-1, -2, 3)]
Key: com.catan.model.RoundedPoint2D@154311, Value: [Vertex(-1, -2, 0), Vertex(-2, -1, 2), Vertex(-1, -1, 4)]
Key: com.catan.model.RoundedPoint2D@b9d02, Value: [Vertex(-2, 0, 4)]
Key: com.catan.model.RoundedPoint2D@2c62a0, Value: [Vertex(2, 0, 2)]
Key: com.catan.model.RoundedPoint2D@eb512, Value: [Vertex(-2, -1, 4)]
Key: com.catan.model.RoundedPoint2D@f3212, Value: [Vertex(-2, 1, 5)]
Key: com.catan.model.RoundedPoint2D@1fa481, Value: [Vertex(0, 1, 0), Vertex(1, 2, 4), Vertex(0, 2, 2)]
Key: com.catan.model.RoundedPoint2D@1f6601, Value: [Vertex(0, 0, 1), Vertex(0, 1, 3), Vertex(1, 0, 5)]
Key: com.catan.model.RoundedPoint2D@1ee901, Value: [Vertex(0, -2, 2), Vertex(1, -2, 4)]
Key: com.catan.model.RoundedPoint2D@257700, Value: [Vertex(1, -2, 2)]
Key: com.catan.model.RoundedPoint2D@25f400, Value: [Vertex(1, 1, 3), Vertex(2, 0, 5), Vertex(1, 0, 1)]
Key: com.catan.model.RoundedPoint2D@263280, Value: [Vertex(1, 1, 0), Vertex(1, 2, 2)]
Key: com.catan.model.RoundedPoint2D@1bf031, Value: [Vertex(0, -1, 5), Vertex(0, 0, 3), Vertex(-1, -1, 1)]
Key: com.catan.model.RoundedPoint2D@1c2eb1, Value: [Vertex(0, 0, 0), Vertex(0, 1, 4), Vertex(-1, 1, 2)]
Key: com.catan.model.RoundedPoint2D@124a22, Value: [Vertex(-2, 1, 3), Vertex(-2, 0, 1), Vertex(-1, 0, 5)]
Key: com.catan.model.RoundedPoint2D@1288a2, Value: [Vertex(-2, 1, 0), Vertex(-1, 2, 4)]
Key: com.catan.model.RoundedPoint2D@22bc91, Value: [Vertex(1, 1, 4), Vertex(0, 1, 2), Vertex(1, 0, 0)]
Key: com.catan.model.RoundedPoint2D@227e11, Value: [Vertex(0, -1, 1), Vertex(1, -1, 5), Vertex(1, 0, 3)]
Key: com.catan.model.RoundedPoint2D@11cd22, Value: [Vertex(-1, -2, 4)]
Key: com.catan.model.RoundedPoint2D@1916a1, Value: [Vertex(0, 2, 4), Vertex(-1, 2, 2), Vertex(-1, 1, 0)]
Key: com.catan.model.RoundedPoint2D@290c10, Value: [Vertex(1, -1, 1), Vertex(2, 0, 3)]
Key: com.catan.model.RoundedPoint2D@294a90, Value: [Vertex(1, 1, 2), Vertex(2, 0, 0)]
Key: com.catan.model.RoundedPoint2D@18d821, Value: [Vertex(0, 0, 5), Vertex(-1, 1, 3), Vertex(-1, 0, 1)]
Key: com.catan.model.RoundedPoint2D@185b21, Value: [Vertex(-1, -2, 2), Vertex(0, -2, 4)]
Key: com.catan.model.RoundedPoint2D@156251, Value: [Vertex(-2, -1, 1), Vertex(-1, 0, 3), Vertex(-1, -1, 5)]
Key: com.catan.model.RoundedPoint2D@15a0d1, Value: [Vertex(-2, 1, 2), Vertex(-1, 1, 4), Vertex(-1, 0, 0)]
Key: com.catan.model.RoundedPoint2D@bbc42, Value: [Vertex(-2, 0, 5)]
Key: com.catan.model.RoundedPoint2D@2c81e0, Value: [Vertex(2, 0, 1)]
Key: com.catan.model.RoundedPoint2D@ed452, Value: [Vertex(-2, 0, 3), Vertex(-2, -1, 5)]
Key: com.catan.model.RoundedPoint2D@f12d2, Value: [Vertex(-2, 1, 4), Vertex(-2, 0, 0)]
Key: com.catan.model.RoundedPoint2D@1fc3c1, Value: [Vertex(1, 2, 5), Vertex(0, 2, 1)]
Key: com.catan.model.RoundedPoint2D@1f0841, Value: [Vertex(0, -1, 3), Vertex(0, -2, 1), Vertex(1, -2, 5)]
Key: com.catan.model.RoundedPoint2D@1f46c1, Value: [Vertex(0, -1, 0), Vertex(0, 0, 2), Vertex(1, 0, 4)]
Key: com.catan.model.RoundedPoint2D@25d4c0, Value: [Vertex(1, -1, 0), Vertex(2, 0, 4), Vertex(1, 0, 2)]
Key: com.catan.model.RoundedPoint2D@259640, Value: [Vertex(1, -2, 1), Vertex(1, -1, 3)]
Key: com.catan.model.RoundedPoint2D@2651c0, Value: [Vertex(1, 2, 1)]
Key: com.catan.model.RoundedPoint2D@1b9271, Value: [Vertex(0, -2, 3)]
Key: com.catan.model.RoundedPoint2D@1bd0f1, Value: [Vertex(0, -1, 4), Vertex(0, -2, 0), Vertex(-1, -1, 2)]
Key: com.catan.model.RoundedPoint2D@1c8c71, Value: [Vertex(0, 2, 0)]
Key: com.catan.model.RoundedPoint2D@1c4df1, Value: [Vertex(0, 1, 5), Vertex(0, 2, 3), Vertex(-1, 1, 1)]
Key: com.catan.model.RoundedPoint2D@122ae2, Value: [Vertex(-2, 0, 2), Vertex(-2, -1, 0), Vertex(-1, 0, 4)]
Key: com.catan.model.RoundedPoint2D@12a7e2, Value: [Vertex(-1, 2, 5)]
Key: com.catan.model.RoundedPoint2D@231a51, Value: [Vertex(1, 2, 0)]
Key: com.catan.model.RoundedPoint2D@222051, Value: [Vertex(1, -2, 3)]
Key: com.catan.model.RoundedPoint2D@22dbd1, Value: [Vertex(1, 1, 5), Vertex(0, 1, 1), Vertex(1, 2, 3)]
Key: com.catan.model.RoundedPoint2D@225ed1, Value: [Vertex(0, -1, 2), Vertex(1, -2, 0), Vertex(1, -1, 4)]
Key: com.catan.model.RoundedPoint2D@11ec62, Value: [Vertex(-1, -2, 5), Vertex(-2, -1, 3)]
Key: com.catan.model.RoundedPoint2D@28ecd0, Value: [Vertex(1, -1, 2)]
Key: com.catan.model.RoundedPoint2D@1935e1, Value: [Vertex(0, 2, 5), Vertex(-1, 2, 1)]
Key: com.catan.model.RoundedPoint2D@2969d0, Value: [Vertex(1, 1, 1)]
Key: com.catan.model.RoundedPoint2D@18b8e1, Value: [Vertex(0, 0, 4), Vertex(-1, 0, 2), Vertex(-1, -1, 0)]
Key: com.catan.model.RoundedPoint2D@187a61, Value: [Vertex(-1, -2, 1), Vertex(0, -2, 5), Vertex(-1, -1, 3)]
Berechnete einzigartige Vertices: 0
Berechnete einzigartige Edges: 72
✓ Authentisches CATAN-Board initialisiert: 54 Siedlungen, 72 Straßen
]]></system-out>
  </testcase>
</testsuite>