<?xml version="1.0" encoding="UTF-8"?>
<testsuite xmlns:xsi="http://www.w3.org/2001/XMLSchema-instance" xsi:noNamespaceSchemaLocation="https://maven.apache.org/surefire/maven-surefire-plugin/xsd/surefire-test-report-3.0.xsd" version="3.0" name="com.catan.model.CatanGameTest" time="0.22" tests="6" errors="0" skipped="0" failures="0">
  <properties>
    <property name="java.specification.version" value="21"/>
    <property name="sun.cpu.isalist" value="amd64"/>
    <property name="sun.jnu.encoding" value="Cp1252"/>
    <property name="java.class.path" value="C:\Users\robts\Documents\Catan_Projekt\Java-Catan\target\test-classes;C:\Users\robts\Documents\Catan_Projekt\Java-Catan\target\classes;C:\Users\robts\.m2\repository\org\openjfx\javafx-controls\17.0.2\javafx-controls-17.0.2.jar;C:\Users\robts\.m2\repository\org\openjfx\javafx-controls\17.0.2\javafx-controls-17.0.2-win.jar;C:\Users\robts\.m2\repository\org\openjfx\javafx-graphics\17.0.2\javafx-graphics-17.0.2.jar;C:\Users\robts\.m2\repository\org\openjfx\javafx-graphics\17.0.2\javafx-graphics-17.0.2-win.jar;C:\Users\robts\.m2\repository\org\openjfx\javafx-base\17.0.2\javafx-base-17.0.2.jar;C:\Users\robts\.m2\repository\org\openjfx\javafx-base\17.0.2\javafx-base-17.0.2-win.jar;C:\Users\robts\.m2\repository\org\openjfx\javafx-fxml\17.0.2\javafx-fxml-17.0.2.jar;C:\Users\robts\.m2\repository\org\openjfx\javafx-fxml\17.0.2\javafx-fxml-17.0.2-win.jar;C:\Users\robts\.m2\repository\org\junit\jupiter\junit-jupiter-api\5.8.2\junit-jupiter-api-5.8.2.jar;C:\Users\robts\.m2\repository\org\opentest4j\opentest4j\1.2.0\opentest4j-1.2.0.jar;C:\Users\robts\.m2\repository\org\junit\platform\junit-platform-commons\1.8.2\junit-platform-commons-1.8.2.jar;C:\Users\robts\.m2\repository\org\apiguardian\apiguardian-api\1.1.2\apiguardian-api-1.1.2.jar;C:\Users\robts\.m2\repository\org\junit\jupiter\junit-jupiter-engine\5.8.2\junit-jupiter-engine-5.8.2.jar;C:\Users\robts\.m2\repository\org\junit\platform\junit-platform-engine\1.8.2\junit-platform-engine-1.8.2.jar;"/>
    <property name="java.vm.vendor" value="Eclipse Adoptium"/>
    <property name="sun.arch.data.model" value="64"/>
    <property name="user.variant" value=""/>
    <property name="java.vendor.url" value="https://adoptium.net/"/>
    <property name="user.timezone" value="Europe/Berlin"/>
    <property name="os.name" value="Windows 11"/>
    <property name="java.vm.specification.version" value="21"/>
    <property name="sun.java.launcher" value="SUN_STANDARD"/>
    <property name="user.country" value="DE"/>
    <property name="sun.boot.library.path" value="C:\Users\robts\.p2\pool\plugins\org.eclipse.justj.openjdk.hotspot.jre.full.win32.x86_64_21.0.6.v20250130-0529\jre\bin"/>
    <property name="sun.java.command" value="C:\Users\robts\AppData\Local\Temp\surefire10479176216154495384\surefirebooter-20250707192758150_3.jar C:\Users\robts\AppData\Local\Temp\surefire10479176216154495384 2025-07-07T19-27-57_401-jvmRun1 surefire-20250707192758150_1tmp surefire_0-20250707192758150_2tmp"/>
    <property name="jdk.debug" value="release"/>
    <property name="surefire.test.class.path" value="C:\Users\robts\Documents\Catan_Projekt\Java-Catan\target\test-classes;C:\Users\robts\Documents\Catan_Projekt\Java-Catan\target\classes;C:\Users\robts\.m2\repository\org\openjfx\javafx-controls\17.0.2\javafx-controls-17.0.2.jar;C:\Users\robts\.m2\repository\org\openjfx\javafx-controls\17.0.2\javafx-controls-17.0.2-win.jar;C:\Users\robts\.m2\repository\org\openjfx\javafx-graphics\17.0.2\javafx-graphics-17.0.2.jar;C:\Users\robts\.m2\repository\org\openjfx\javafx-graphics\17.0.2\javafx-graphics-17.0.2-win.jar;C:\Users\robts\.m2\repository\org\openjfx\javafx-base\17.0.2\javafx-base-17.0.2.jar;C:\Users\robts\.m2\repository\org\openjfx\javafx-base\17.0.2\javafx-base-17.0.2-win.jar;C:\Users\robts\.m2\repository\org\openjfx\javafx-fxml\17.0.2\javafx-fxml-17.0.2.jar;C:\Users\robts\.m2\repository\org\openjfx\javafx-fxml\17.0.2\javafx-fxml-17.0.2-win.jar;C:\Users\robts\.m2\repository\org\junit\jupiter\junit-jupiter-api\5.8.2\junit-jupiter-api-5.8.2.jar;C:\Users\robts\.m2\repository\org\opentest4j\opentest4j\1.2.0\opentest4j-1.2.0.jar;C:\Users\robts\.m2\repository\org\junit\platform\junit-platform-commons\1.8.2\junit-platform-commons-1.8.2.jar;C:\Users\robts\.m2\repository\org\apiguardian\apiguardian-api\1.1.2\apiguardian-api-1.1.2.jar;C:\Users\robts\.m2\repository\org\junit\jupiter\junit-jupiter-engine\5.8.2\junit-jupiter-engine-5.8.2.jar;C:\Users\robts\.m2\repository\org\junit\platform\junit-platform-engine\1.8.2\junit-platform-engine-1.8.2.jar;"/>
    <property name="sun.cpu.endian" value="little"/>
    <property name="user.home" value="C:\Users\robts"/>
    <property name="user.language" value="de"/>
    <property name="java.specification.vendor" value="Oracle Corporation"/>
    <property name="java.version.date" value="2025-01-21"/>
    <property name="java.home" value="C:\Users\robts\.p2\pool\plugins\org.eclipse.justj.openjdk.hotspot.jre.full.win32.x86_64_21.0.6.v20250130-0529\jre"/>
    <property name="file.separator" value="\"/>
    <property name="basedir" value="C:\Users\robts\Documents\Catan_Projekt\Java-Catan"/>
    <property name="java.vm.compressedOopsMode" value="Zero based"/>
    <property name="line.separator" value="&#10;"/>
    <property name="java.vm.specification.vendor" value="Oracle Corporation"/>
    <property name="java.specification.name" value="Java Platform API Specification"/>
    <property name="surefire.real.class.path" value="C:\Users\robts\AppData\Local\Temp\surefire10479176216154495384\surefirebooter-20250707192758150_3.jar"/>
    <property name="user.script" value=""/>
    <property name="sun.management.compiler" value="HotSpot 64-Bit Tiered Compilers"/>
    <property name="java.runtime.version" value="21.0.6+7-LTS"/>
    <property name="user.name" value="robts"/>
    <property name="stdout.encoding" value="Cp1252"/>
    <property name="path.separator" value=";"/>
    <property name="os.version" value="10.0"/>
    <property name="java.runtime.name" value="OpenJDK Runtime Environment"/>
    <property name="file.encoding" value="UTF-8"/>
    <property name="java.vm.name" value="OpenJDK 64-Bit Server VM"/>
    <property name="java.vendor.version" value="Temurin-21.0.6+7"/>
    <property name="localRepository" value="C:\Users\robts\.m2\repository"/>
    <property name="java.vendor.url.bug" value="https://github.com/adoptium/adoptium-support/issues"/>
    <property name="java.io.tmpdir" value="C:\Users\robts\AppData\Local\Temp\"/>
    <property name="java.version" value="21.0.6"/>
    <property name="user.dir" value="C:\Users\robts\Documents\Catan_Projekt\Java-Catan"/>
    <property name="os.arch" value="amd64"/>
    <property name="java.vm.specification.name" value="Java Virtual Machine Specification"/>
    <property name="sun.os.patch.level" value=""/>
    <property name="native.encoding" value="Cp1252"/>
    <property name="java.library.path" value="C:\Users\robts\.p2\pool\plugins\org.eclipse.justj.openjdk.hotspot.jre.full.win32.x86_64_21.0.6.v20250130-0529\jre\bin;C:\WINDOWS\Sun\Java\bin;C:\WINDOWS\system32;C:\WINDOWS;C:/Users/robts/.p2/pool/plugins/org.eclipse.justj.openjdk.hotspot.jre.full.win32.x86_64_21.0.6.v20250130-0529/jre/bin/server;C:/Users/robts/.p2/pool/plugins/org.eclipse.justj.openjdk.hotspot.jre.full.win32.x86_64_21.0.6.v20250130-0529/jre/bin;C:\Program Files\Common Files\Oracle\Java\javapath;C:\WINDOWS\system32;C:\WINDOWS;C:\WINDOWS\System32\Wbem;C:\WINDOWS\System32\WindowsPowerShell\v1.0\;C:\WINDOWS\System32\OpenSSH\;C:\Program Files\MATLAB\R2024b\bin;C:\Program Files (x86)\gnupg\bin;C:\Program Files\Git\cmd;C:\Users\robts\AppData\Local\Programs\Python\Python313\Scripts\;C:\Users\robts\AppData\Local\Programs\Python\Python313\;C:\Users\robts\AppData\Local\Microsoft\WindowsApps;C:\Users\robts\AppData\Local\Programs\Microsoft VS Code\bin;C:\Users\robts\Downloads\apache-maven-3.9.10-bin\apache-maven-3.9.10\bin;;C:\Users\robts\Desktop;;."/>
    <property name="java.vm.info" value="mixed mode, sharing"/>
    <property name="stderr.encoding" value="Cp1252"/>
    <property name="java.vendor" value="Eclipse Adoptium"/>
    <property name="java.vm.version" value="21.0.6+7-LTS"/>
    <property name="sun.io.unicode.encoding" value="UnicodeLittle"/>
    <property name="java.class.version" value="65.0"/>
  </properties>
  <testcase name="testInvalidPlayerCount" classname="com.catan.model.CatanGameTest" time="0.146">
    <system-out><![CDATA[Vertex dir=0 q: -1 r: -2 x=441.43593539448983 roundedX=441.0 y=80.0 roundedY=80.0
Vertex dir=1 q: -1 r: -2 x=510.71796769724494 roundedX=511.0 y=120.0 roundedY=120.0
Vertex dir=2 q: -1 r: -2 x=510.71796769724494 roundedX=511.0 y=200.0 roundedY=200.0
Vertex dir=3 q: -1 r: -2 x=441.43593539448983 roundedX=441.0 y=240.0 roundedY=240.0
Vertex dir=4 q: -1 r: -2 x=372.1539030917347 roundedX=372.0 y=200.00000000000003 roundedY=200.0
Vertex dir=5 q: -1 r: -2 x=372.1539030917347 roundedX=372.0 y=120.0 roundedY=120.0
Vertex dir=0 q: 0 r: -1 x=649.282032302755 roundedX=649.0 y=200.0 roundedY=200.0
Vertex dir=1 q: 0 r: -1 x=718.5640646055101 roundedX=719.0 y=240.0 roundedY=240.0
Vertex dir=2 q: 0 r: -1 x=718.5640646055101 roundedX=719.0 y=320.0 roundedY=320.0
Vertex dir=3 q: 0 r: -1 x=649.282032302755 roundedX=649.0 y=360.0 roundedY=360.0
Vertex dir=4 q: 0 r: -1 x=580.0 roundedX=580.0 y=320.0 roundedY=320.0
Vertex dir=5 q: 0 r: -1 x=580.0 roundedX=580.0 y=240.0 roundedY=240.0
Vertex dir=0 q: 0 r: 0 x=580.0 roundedX=580.0 y=320.0 roundedY=320.0
Vertex dir=1 q: 0 r: 0 x=649.282032302755 roundedX=649.0 y=360.0 roundedY=360.0
Vertex dir=2 q: 0 r: 0 x=649.282032302755 roundedX=649.0 y=440.0 roundedY=440.0
Vertex dir=3 q: 0 r: 0 x=580.0 roundedX=580.0 y=480.0 roundedY=480.0
Vertex dir=4 q: 0 r: 0 x=510.71796769724494 roundedX=511.0 y=440.0 roundedY=440.0
Vertex dir=5 q: 0 r: 0 x=510.71796769724494 roundedX=511.0 y=360.0 roundedY=360.0
Vertex dir=0 q: 1 r: 1 x=787.8460969082653 roundedX=788.0 y=440.0 roundedY=440.0
Vertex dir=1 q: 1 r: 1 x=857.1281292110203 roundedX=857.0 y=480.0 roundedY=480.0
Vertex dir=2 q: 1 r: 1 x=857.1281292110203 roundedX=857.0 y=560.0 roundedY=560.0
Vertex dir=3 q: 1 r: 1 x=787.8460969082653 roundedX=788.0 y=600.0 roundedY=600.0
Vertex dir=4 q: 1 r: 1 x=718.5640646055102 roundedX=719.0 y=560.0 roundedY=560.0
Vertex dir=5 q: 1 r: 1 x=718.5640646055102 roundedX=719.0 y=480.0 roundedY=480.0
Vertex dir=0 q: 0 r: -2 x=580.0 roundedX=580.0 y=80.0 roundedY=80.0
Vertex dir=1 q: 0 r: -2 x=649.282032302755 roundedX=649.0 y=120.0 roundedY=120.0
Vertex dir=2 q: 0 r: -2 x=649.282032302755 roundedX=649.0 y=200.0 roundedY=200.0
Vertex dir=3 q: 0 r: -2 x=580.0 roundedX=580.0 y=240.0 roundedY=240.0
Vertex dir=4 q: 0 r: -2 x=510.71796769724494 roundedX=511.0 y=200.00000000000003 roundedY=200.0
Vertex dir=5 q: 0 r: -2 x=510.71796769724494 roundedX=511.0 y=120.0 roundedY=120.0
Vertex dir=0 q: 0 r: 1 x=649.282032302755 roundedX=649.0 y=440.0 roundedY=440.0
Vertex dir=1 q: 0 r: 1 x=718.5640646055101 roundedX=719.0 y=480.0 roundedY=480.0
Vertex dir=2 q: 0 r: 1 x=718.5640646055101 roundedX=719.0 y=560.0 roundedY=560.0
Vertex dir=3 q: 0 r: 1 x=649.282032302755 roundedX=649.0 y=600.0 roundedY=600.0
Vertex dir=4 q: 0 r: 1 x=580.0 roundedX=580.0 y=560.0 roundedY=560.0
Vertex dir=5 q: 0 r: 1 x=580.0 roundedX=580.0 y=480.0 roundedY=480.0
Vertex dir=0 q: 1 r: 2 x=718.5640646055101 roundedX=719.0 y=560.0 roundedY=560.0
Vertex dir=1 q: 1 r: 2 x=787.8460969082652 roundedX=788.0 y=600.0 roundedY=600.0
Vertex dir=2 q: 1 r: 2 x=787.8460969082652 roundedX=788.0 y=680.0 roundedY=680.0
Vertex dir=3 q: 1 r: 2 x=718.5640646055101 roundedX=719.0 y=720.0 roundedY=720.0
Vertex dir=4 q: 1 r: 2 x=649.282032302755 roundedX=649.0 y=680.0 roundedY=680.0
Vertex dir=5 q: 1 r: 2 x=649.282032302755 roundedX=649.0 y=600.0 roundedY=600.0
Vertex dir=0 q: 0 r: 2 x=580.0 roundedX=580.0 y=560.0 roundedY=560.0
Vertex dir=1 q: 0 r: 2 x=649.282032302755 roundedX=649.0 y=600.0 roundedY=600.0
Vertex dir=2 q: 0 r: 2 x=649.282032302755 roundedX=649.0 y=680.0 roundedY=680.0
Vertex dir=3 q: 0 r: 2 x=580.0 roundedX=580.0 y=720.0 roundedY=720.0
Vertex dir=4 q: 0 r: 2 x=510.71796769724494 roundedX=511.0 y=680.0 roundedY=680.0
Vertex dir=5 q: 0 r: 2 x=510.71796769724494 roundedX=511.0 y=600.0 roundedY=600.0
Vertex dir=0 q: -2 r: 1 x=372.1539030917347 roundedX=372.0 y=440.0 roundedY=440.0
Vertex dir=1 q: -2 r: 1 x=441.4359353944898 roundedX=441.0 y=480.0 roundedY=480.0
Vertex dir=2 q: -2 r: 1 x=441.43593539448983 roundedX=441.0 y=560.0 roundedY=560.0
Vertex dir=3 q: -2 r: 1 x=372.1539030917347 roundedX=372.0 y=600.0 roundedY=600.0
Vertex dir=4 q: -2 r: 1 x=302.87187078897966 roundedX=303.0 y=560.0 roundedY=560.0
Vertex dir=5 q: -2 r: 1 x=302.87187078897966 roundedX=303.0 y=480.0 roundedY=480.0
Vertex dir=0 q: -1 r: 2 x=441.43593539448983 roundedX=441.0 y=560.0 roundedY=560.0
Vertex dir=1 q: -1 r: 2 x=510.71796769724494 roundedX=511.0 y=600.0 roundedY=600.0
Vertex dir=2 q: -1 r: 2 x=510.71796769724494 roundedX=511.0 y=680.0 roundedY=680.0
Vertex dir=3 q: -1 r: 2 x=441.43593539448983 roundedX=441.0 y=720.0 roundedY=720.0
Vertex dir=4 q: -1 r: 2 x=372.1539030917347 roundedX=372.0 y=680.0 roundedY=680.0
Vertex dir=5 q: -1 r: 2 x=372.1539030917347 roundedX=372.0 y=600.0 roundedY=600.0
Vertex dir=0 q: 1 r: -2 x=718.5640646055101 roundedX=719.0 y=80.0 roundedY=80.0
Vertex dir=1 q: 1 r: -2 x=787.8460969082652 roundedX=788.0 y=120.0 roundedY=120.0
Vertex dir=2 q: 1 r: -2 x=787.8460969082652 roundedX=788.0 y=200.0 roundedY=200.0
Vertex dir=3 q: 1 r: -2 x=718.5640646055101 roundedX=719.0 y=240.0 roundedY=240.0
Vertex dir=4 q: 1 r: -2 x=649.282032302755 roundedX=649.0 y=200.00000000000003 roundedY=200.0
Vertex dir=5 q: 1 r: -2 x=649.282032302755 roundedX=649.0 y=120.0 roundedY=120.0
Vertex dir=0 q: -2 r: 0 x=302.87187078897966 roundedX=303.0 y=320.0 roundedY=320.0
Vertex dir=1 q: -2 r: 0 x=372.1539030917347 roundedX=372.0 y=360.0 roundedY=360.0
Vertex dir=2 q: -2 r: 0 x=372.1539030917348 roundedX=372.0 y=440.0 roundedY=440.0
Vertex dir=3 q: -2 r: 0 x=302.87187078897966 roundedX=303.0 y=480.0 roundedY=480.0
Vertex dir=4 q: -2 r: 0 x=233.58983848622458 roundedX=234.0 y=440.0 roundedY=440.0
Vertex dir=5 q: -2 r: 0 x=233.58983848622458 roundedX=234.0 y=360.0 roundedY=360.0
Vertex dir=0 q: -1 r: 1 x=510.71796769724494 roundedX=511.0 y=440.0 roundedY=440.0
Vertex dir=1 q: -1 r: 1 x=580.0 roundedX=580.0 y=480.0 roundedY=480.0
Vertex dir=2 q: -1 r: 1 x=580.0 roundedX=580.0 y=560.0 roundedY=560.0
Vertex dir=3 q: -1 r: 1 x=510.71796769724494 roundedX=511.0 y=600.0 roundedY=600.0
Vertex dir=4 q: -1 r: 1 x=441.4359353944899 roundedX=441.0 y=560.0 roundedY=560.0
Vertex dir=5 q: -1 r: 1 x=441.4359353944899 roundedX=441.0 y=480.0 roundedY=480.0
Vertex dir=0 q: -2 r: -1 x=372.1539030917347 roundedX=372.0 y=200.0 roundedY=200.0
Vertex dir=1 q: -2 r: -1 x=441.4359353944898 roundedX=441.0 y=240.0 roundedY=240.0
Vertex dir=2 q: -2 r: -1 x=441.43593539448983 roundedX=441.0 y=320.0 roundedY=320.0
Vertex dir=3 q: -2 r: -1 x=372.1539030917347 roundedX=372.0 y=360.0 roundedY=360.0
Vertex dir=4 q: -2 r: -1 x=302.87187078897966 roundedX=303.0 y=320.0 roundedY=320.0
Vertex dir=5 q: -2 r: -1 x=302.87187078897966 roundedX=303.0 y=240.0 roundedY=240.0
Vertex dir=0 q: 1 r: -1 x=787.8460969082653 roundedX=788.0 y=200.0 roundedY=200.0
Vertex dir=1 q: 1 r: -1 x=857.1281292110203 roundedX=857.0 y=240.0 roundedY=240.0
Vertex dir=2 q: 1 r: -1 x=857.1281292110203 roundedX=857.0 y=320.0 roundedY=320.0
Vertex dir=3 q: 1 r: -1 x=787.8460969082653 roundedX=788.0 y=360.0 roundedY=360.0
Vertex dir=4 q: 1 r: -1 x=718.5640646055102 roundedX=719.0 y=320.0 roundedY=320.0
Vertex dir=5 q: 1 r: -1 x=718.5640646055102 roundedX=719.0 y=240.0 roundedY=240.0
Vertex dir=0 q: -1 r: 0 x=441.43593539448983 roundedX=441.0 y=320.0 roundedY=320.0
Vertex dir=1 q: -1 r: 0 x=510.71796769724494 roundedX=511.0 y=360.0 roundedY=360.0
Vertex dir=2 q: -1 r: 0 x=510.71796769724494 roundedX=511.0 y=440.0 roundedY=440.0
Vertex dir=3 q: -1 r: 0 x=441.43593539448983 roundedX=441.0 y=480.0 roundedY=480.0
Vertex dir=4 q: -1 r: 0 x=372.1539030917347 roundedX=372.0 y=440.0 roundedY=440.0
Vertex dir=5 q: -1 r: 0 x=372.1539030917347 roundedX=372.0 y=360.0 roundedY=360.0
Vertex dir=0 q: 2 r: 0 x=857.1281292110203 roundedX=857.0 y=320.0 roundedY=320.0
Vertex dir=1 q: 2 r: 0 x=926.4101615137754 roundedX=926.0 y=360.0 roundedY=360.0
Vertex dir=2 q: 2 r: 0 x=926.4101615137754 roundedX=926.0 y=440.0 roundedY=440.0
Vertex dir=3 q: 2 r: 0 x=857.1281292110203 roundedX=857.0 y=480.0 roundedY=480.0
Vertex dir=4 q: 2 r: 0 x=787.8460969082653 roundedX=788.0 y=440.0 roundedY=440.0
Vertex dir=5 q: 2 r: 0 x=787.8460969082653 roundedX=788.0 y=360.0 roundedY=360.0
Vertex dir=0 q: -1 r: -1 x=510.71796769724494 roundedX=511.0 y=200.0 roundedY=200.0
Vertex dir=1 q: -1 r: -1 x=580.0 roundedX=580.0 y=240.0 roundedY=240.0
Vertex dir=2 q: -1 r: -1 x=580.0 roundedX=580.0 y=320.0 roundedY=320.0
Vertex dir=3 q: -1 r: -1 x=510.71796769724494 roundedX=511.0 y=360.0 roundedY=360.0
Vertex dir=4 q: -1 r: -1 x=441.4359353944899 roundedX=441.0 y=320.0 roundedY=320.0
Vertex dir=5 q: -1 r: -1 x=441.4359353944899 roundedX=441.0 y=240.0 roundedY=240.0
Vertex dir=0 q: 1 r: 0 x=718.5640646055101 roundedX=719.0 y=320.0 roundedY=320.0
Vertex dir=1 q: 1 r: 0 x=787.8460969082652 roundedX=788.0 y=360.0 roundedY=360.0
Vertex dir=2 q: 1 r: 0 x=787.8460969082652 roundedX=788.0 y=440.0 roundedY=440.0
Vertex dir=3 q: 1 r: 0 x=718.5640646055101 roundedX=719.0 y=480.0 roundedY=480.0
Vertex dir=4 q: 1 r: 0 x=649.282032302755 roundedX=649.0 y=440.0 roundedY=440.0
Vertex dir=5 q: 1 r: 0 x=649.282032302755 roundedX=649.0 y=360.0 roundedY=360.0
Key X: 580.0Key Y: 560.0, Value: [Vertex(0, 1, 4), Vertex(0, 2, 0), Vertex(-1, 1, 2)]
Key X: 857.0Key Y: 320.0, Value: [Vertex(1, -1, 2), Vertex(2, 0, 0)]
Key X: 719.0Key Y: 480.0, Value: [Vertex(1, 1, 5), Vertex(0, 1, 1), Vertex(1, 0, 3)]
Key X: 580.0Key Y: 720.0, Value: [Vertex(0, 2, 3)]
Key X: 719.0Key Y: 560.0, Value: [Vertex(1, 1, 4), Vertex(0, 1, 2), Vertex(1, 2, 0)]
Key X: 441.0Key Y: 80.0, Value: [Vertex(-1, -2, 0)]
Key X: 857.0Key Y: 480.0, Value: [Vertex(1, 1, 1), Vertex(2, 0, 3)]
Key X: 719.0Key Y: 720.0, Value: [Vertex(1, 2, 3)]
Key X: 857.0Key Y: 560.0, Value: [Vertex(1, 1, 2)]
Key X: 372.0Key Y: 120.0, Value: [Vertex(-1, -2, 5)]
Key X: 303.0Key Y: 240.0, Value: [Vertex(-2, -1, 5)]
Key X: 372.0Key Y: 200.0, Value: [Vertex(-1, -2, 4), Vertex(-2, -1, 0)]
Key X: 511.0Key Y: 120.0, Value: [Vertex(-1, -2, 1), Vertex(0, -2, 5)]
Key X: 303.0Key Y: 320.0, Value: [Vertex(-2, 0, 0), Vertex(-2, -1, 4)]
Key X: 649.0Key Y: 120.0, Value: [Vertex(0, -2, 1), Vertex(1, -2, 5)]
Key X: 441.0Key Y: 240.0, Value: [Vertex(-1, -2, 3), Vertex(-2, -1, 1), Vertex(-1, -1, 5)]
Key X: 372.0Key Y: 360.0, Value: [Vertex(-2, 0, 1), Vertex(-2, -1, 3), Vertex(-1, 0, 5)]
Key X: 511.0Key Y: 200.0, Value: [Vertex(-1, -2, 2), Vertex(0, -2, 4), Vertex(-1, -1, 0)]
Key X: 788.0Key Y: 120.0, Value: [Vertex(1, -2, 1)]
Key X: 303.0Key Y: 480.0, Value: [Vertex(-2, 1, 5), Vertex(-2, 0, 3)]
Key X: 441.0Key Y: 320.0, Value: [Vertex(-2, -1, 2), Vertex(-1, 0, 0), Vertex(-1, -1, 4)]
Key X: 649.0Key Y: 200.0, Value: [Vertex(0, -1, 0), Vertex(0, -2, 2), Vertex(1, -2, 4)]
Key X: 303.0Key Y: 560.0, Value: [Vertex(-2, 1, 4)]
Key X: 372.0Key Y: 440.0, Value: [Vertex(-2, 1, 0), Vertex(-2, 0, 2), Vertex(-1, 0, 4)]
Key X: 372.0Key Y: 600.0, Value: [Vertex(-2, 1, 3), Vertex(-1, 2, 5)]
Key X: 788.0Key Y: 200.0, Value: [Vertex(1, -2, 2), Vertex(1, -1, 0)]
Key X: 441.0Key Y: 480.0, Value: [Vertex(-2, 1, 1), Vertex(-1, 1, 5), Vertex(-1, 0, 3)]
Key X: 511.0Key Y: 360.0, Value: [Vertex(0, 0, 5), Vertex(-1, 0, 1), Vertex(-1, -1, 3)]
Key X: 441.0Key Y: 560.0, Value: [Vertex(-2, 1, 2), Vertex(-1, 2, 0), Vertex(-1, 1, 4)]
Key X: 372.0Key Y: 680.0, Value: [Vertex(-1, 2, 4)]
Key X: 511.0Key Y: 440.0, Value: [Vertex(0, 0, 4), Vertex(-1, 1, 0), Vertex(-1, 0, 2)]
Key X: 649.0Key Y: 360.0, Value: [Vertex(0, -1, 3), Vertex(0, 0, 1), Vertex(1, 0, 5)]
Key X: 441.0Key Y: 720.0, Value: [Vertex(-1, 2, 3)]
Key X: 788.0Key Y: 360.0, Value: [Vertex(1, -1, 3), Vertex(2, 0, 5), Vertex(1, 0, 1)]
Key X: 511.0Key Y: 600.0, Value: [Vertex(0, 2, 5), Vertex(-1, 2, 1), Vertex(-1, 1, 3)]
Key X: 649.0Key Y: 440.0, Value: [Vertex(0, 0, 2), Vertex(0, 1, 0), Vertex(1, 0, 4)]
Key X: 511.0Key Y: 680.0, Value: [Vertex(0, 2, 4), Vertex(-1, 2, 2)]
Key X: 926.0Key Y: 360.0, Value: [Vertex(2, 0, 1)]
Key X: 649.0Key Y: 600.0, Value: [Vertex(0, 1, 3), Vertex(1, 2, 5), Vertex(0, 2, 1)]
Key X: 788.0Key Y: 440.0, Value: [Vertex(1, 1, 0), Vertex(2, 0, 4), Vertex(1, 0, 2)]
Key X: 649.0Key Y: 680.0, Value: [Vertex(1, 2, 4), Vertex(0, 2, 2)]
Key X: 926.0Key Y: 440.0, Value: [Vertex(2, 0, 2)]
Key X: 788.0Key Y: 600.0, Value: [Vertex(1, 1, 3), Vertex(1, 2, 1)]
Key X: 788.0Key Y: 680.0, Value: [Vertex(1, 2, 2)]
Key X: 580.0Key Y: 80.0, Value: [Vertex(0, -2, 0)]
Key X: 719.0Key Y: 80.0, Value: [Vertex(1, -2, 0)]
Key X: 580.0Key Y: 240.0, Value: [Vertex(0, -1, 5), Vertex(0, -2, 3), Vertex(-1, -1, 1)]
Key X: 234.0Key Y: 360.0, Value: [Vertex(-2, 0, 5)]
Key X: 580.0Key Y: 320.0, Value: [Vertex(0, -1, 4), Vertex(0, 0, 0), Vertex(-1, -1, 2)]
Key X: 234.0Key Y: 440.0, Value: [Vertex(-2, 0, 4)]
Key X: 719.0Key Y: 240.0, Value: [Vertex(0, -1, 1), Vertex(1, -2, 3), Vertex(1, -1, 5)]
Key X: 857.0Key Y: 240.0, Value: [Vertex(1, -1, 1)]
Key X: 719.0Key Y: 320.0, Value: [Vertex(0, -1, 2), Vertex(1, -1, 4), Vertex(1, 0, 0)]
Key X: 580.0Key Y: 480.0, Value: [Vertex(0, 0, 3), Vertex(0, 1, 5), Vertex(-1, 1, 1)]
Key: Vertex(-2, 1, 4) -> Value: Vertex(-2, 1, 4)
Size: 114
Key: Vertex(-2, 1, 5) -> Value: Vertex(-2, 1, 5)
Size: 114
Key: Vertex(1, -1, 0) -> Value: Vertex(1, -2, 2)
Size: 114
Key: Vertex(1, -1, 1) -> Value: Vertex(1, -1, 1)
Size: 114
Key: Vertex(1, -1, 2) -> Value: Vertex(1, -1, 2)
Size: 114
Key: Vertex(1, -1, 3) -> Value: Vertex(1, -1, 3)
Size: 114
Key: Vertex(1, -1, 4) -> Value: Vertex(0, -1, 2)
Size: 114
Key: Vertex(1, -1, 5) -> Value: Vertex(0, -1, 1)
Size: 114
Key: Vertex(1, 0, 0) -> Value: Vertex(0, -1, 2)
Size: 114
Key: Vertex(1, 0, 1) -> Value: Vertex(1, -1, 3)
Size: 114
Key: Vertex(0, -2, 0) -> Value: Vertex(0, -2, 0)
Size: 114
Key: Vertex(0, -2, 1) -> Value: Vertex(0, -2, 1)
Size: 114
Key: Vertex(1, 0, 2) -> Value: Vertex(1, 1, 0)
Size: 114
Key: Vertex(1, 0, 3) -> Value: Vertex(1, 1, 5)
Size: 114
Key: Vertex(0, -2, 2) -> Value: Vertex(0, -1, 0)
Size: 114
Key: Vertex(1, 0, 4) -> Value: Vertex(0, 0, 2)
Size: 114
Key: Vertex(0, -2, 3) -> Value: Vertex(0, -1, 5)
Size: 114
Key: Vertex(0, -2, 4) -> Value: Vertex(-1, -2, 2)
Size: 114
Key: Vertex(1, 0, 5) -> Value: Vertex(0, -1, 3)
Size: 114
Key: Vertex(0, -2, 5) -> Value: Vertex(-1, -2, 1)
Size: 114
Key: Vertex(1, 1, 0) -> Value: Vertex(1, 1, 0)
Size: 114
Key: Vertex(1, 1, 1) -> Value: Vertex(1, 1, 1)
Size: 114
Key: Vertex(0, -1, 0) -> Value: Vertex(0, -1, 0)
Size: 114
Key: Vertex(1, 1, 2) -> Value: Vertex(1, 1, 2)
Size: 114
Key: Vertex(0, -1, 1) -> Value: Vertex(0, -1, 1)
Size: 114
Key: Vertex(1, 1, 3) -> Value: Vertex(1, 1, 3)
Size: 114
Key: Vertex(0, -1, 2) -> Value: Vertex(0, -1, 2)
Size: 114
Key: Vertex(1, 1, 4) -> Value: Vertex(1, 1, 4)
Size: 114
Key: Vertex(0, -1, 3) -> Value: Vertex(0, -1, 3)
Size: 114
Key: Vertex(1, 1, 5) -> Value: Vertex(1, 1, 5)
Size: 114
Key: Vertex(0, -1, 4) -> Value: Vertex(0, -1, 4)
Size: 114
Key: Vertex(0, -1, 5) -> Value: Vertex(0, -1, 5)
Size: 114
Key: Vertex(1, 2, 0) -> Value: Vertex(1, 1, 4)
Size: 114
Key: Vertex(1, 2, 1) -> Value: Vertex(1, 1, 3)
Size: 114
Key: Vertex(0, 0, 0) -> Value: Vertex(0, -1, 4)
Size: 114
Key: Vertex(-1, -2, 0) -> Value: Vertex(-1, -2, 0)
Size: 114
Key: Vertex(0, 0, 1) -> Value: Vertex(0, -1, 3)
Size: 114
Key: Vertex(1, 2, 2) -> Value: Vertex(1, 2, 2)
Size: 114
Key: Vertex(1, 2, 3) -> Value: Vertex(1, 2, 3)
Size: 114
Key: Vertex(-1, -2, 1) -> Value: Vertex(-1, -2, 1)
Size: 114
Key: Vertex(0, 0, 2) -> Value: Vertex(0, 0, 2)
Size: 114
Key: Vertex(-1, -2, 2) -> Value: Vertex(-1, -2, 2)
Size: 114
Key: Vertex(1, 2, 4) -> Value: Vertex(1, 2, 4)
Size: 114
Key: Vertex(0, 0, 3) -> Value: Vertex(0, 0, 3)
Size: 114
Key: Vertex(-1, -2, 3) -> Value: Vertex(-1, -2, 3)
Size: 114
Key: Vertex(0, 0, 4) -> Value: Vertex(0, 0, 4)
Size: 114
Key: Vertex(1, 2, 5) -> Value: Vertex(0, 1, 3)
Size: 114
Key: Vertex(-1, -2, 4) -> Value: Vertex(-1, -2, 4)
Size: 114
Key: Vertex(0, 0, 5) -> Value: Vertex(0, 0, 5)
Size: 114
Key: Vertex(-1, -2, 5) -> Value: Vertex(-1, -2, 5)
Size: 114
Key: Vertex(0, 1, 0) -> Value: Vertex(0, 0, 2)
Size: 114
Key: Vertex(0, 1, 1) -> Value: Vertex(1, 1, 5)
Size: 114
Key: Vertex(-1, -1, 0) -> Value: Vertex(-1, -2, 2)
Size: 114
Key: Vertex(0, 1, 2) -> Value: Vertex(1, 1, 4)
Size: 114
Key: Vertex(-1, -1, 1) -> Value: Vertex(0, -1, 5)
Size: 114
Key: Vertex(0, 1, 3) -> Value: Vertex(0, 1, 3)
Size: 114
Key: Vertex(-1, -1, 2) -> Value: Vertex(0, -1, 4)
Size: 114
Key: Vertex(0, 1, 4) -> Value: Vertex(0, 1, 4)
Size: 114
Key: Vertex(-1, -1, 3) -> Value: Vertex(0, 0, 5)
Size: 114
Key: Vertex(-1, -1, 4) -> Value: Vertex(-2, -1, 2)
Size: 114
Key: Vertex(0, 1, 5) -> Value: Vertex(0, 0, 3)
Size: 114
Key: Vertex(-1, -1, 5) -> Value: Vertex(-1, -2, 3)
Size: 114
Key: Vertex(0, 2, 0) -> Value: Vertex(0, 1, 4)
Size: 114
Key: Vertex(-1, 0, 0) -> Value: Vertex(-2, -1, 2)
Size: 114
Key: Vertex(0, 2, 1) -> Value: Vertex(0, 1, 3)
Size: 114
Key: Vertex(-1, 0, 1) -> Value: Vertex(0, 0, 5)
Size: 114
Key: Vertex(0, 2, 2) -> Value: Vertex(1, 2, 4)
Size: 114
Key: Vertex(0, 2, 3) -> Value: Vertex(0, 2, 3)
Size: 114
Key: Vertex(-1, 0, 2) -> Value: Vertex(0, 0, 4)
Size: 114
Key: Vertex(-1, 0, 3) -> Value: Vertex(-2, 1, 1)
Size: 114
Key: Vertex(0, 2, 4) -> Value: Vertex(0, 2, 4)
Size: 114
Key: Vertex(-1, 0, 4) -> Value: Vertex(-2, 1, 0)
Size: 114
Key: Vertex(0, 2, 5) -> Value: Vertex(0, 2, 5)
Size: 114
Key: Vertex(-1, 0, 5) -> Value: Vertex(-2, 0, 1)
Size: 114
Key: Vertex(-1, 1, 0) -> Value: Vertex(0, 0, 4)
Size: 114
Key: Vertex(-2, -1, 0) -> Value: Vertex(-1, -2, 4)
Size: 114
Key: Vertex(-1, 1, 1) -> Value: Vertex(0, 0, 3)
Size: 114
Key: Vertex(-1, 1, 2) -> Value: Vertex(0, 1, 4)
Size: 114
Key: Vertex(-2, -1, 1) -> Value: Vertex(-1, -2, 3)
Size: 114
Key: Vertex(-2, -1, 2) -> Value: Vertex(-2, -1, 2)
Size: 114
Key: Vertex(-1, 1, 3) -> Value: Vertex(0, 2, 5)
Size: 114
Key: Vertex(-2, -1, 3) -> Value: Vertex(-2, 0, 1)
Size: 114
Key: Vertex(-1, 1, 4) -> Value: Vertex(-2, 1, 2)
Size: 114
Key: Vertex(-2, -1, 4) -> Value: Vertex(-2, 0, 0)
Size: 114
Key: Vertex(-1, 1, 5) -> Value: Vertex(-2, 1, 1)
Size: 114
Key: Vertex(-2, -1, 5) -> Value: Vertex(-2, -1, 5)
Size: 114
Key: Vertex(-1, 2, 0) -> Value: Vertex(-2, 1, 2)
Size: 114
Key: Vertex(-2, 0, 0) -> Value: Vertex(-2, 0, 0)
Size: 114
Key: Vertex(-1, 2, 1) -> Value: Vertex(0, 2, 5)
Size: 114
Key: Vertex(-2, 0, 1) -> Value: Vertex(-2, 0, 1)
Size: 114
Key: Vertex(-1, 2, 2) -> Value: Vertex(0, 2, 4)
Size: 114
Key: Vertex(-2, 0, 2) -> Value: Vertex(-2, 1, 0)
Size: 114
Key: Vertex(-1, 2, 3) -> Value: Vertex(-1, 2, 3)
Size: 114
Key: Vertex(-2, 0, 3) -> Value: Vertex(-2, 1, 5)
Size: 114
Key: Vertex(-1, 2, 4) -> Value: Vertex(-1, 2, 4)
Size: 114
Key: Vertex(2, 0, 0) -> Value: Vertex(1, -1, 2)
Size: 114
Key: Vertex(-1, 2, 5) -> Value: Vertex(-2, 1, 3)
Size: 114
Key: Vertex(-2, 0, 4) -> Value: Vertex(-2, 0, 4)
Size: 114
Key: Vertex(2, 0, 1) -> Value: Vertex(2, 0, 1)
Size: 114
Key: Vertex(1, -2, 0) -> Value: Vertex(1, -2, 0)
Size: 114
Key: Vertex(-2, 0, 5) -> Value: Vertex(-2, 0, 5)
Size: 114
Key: Vertex(1, -2, 1) -> Value: Vertex(1, -2, 1)
Size: 114
Key: Vertex(2, 0, 2) -> Value: Vertex(2, 0, 2)
Size: 114
Key: Vertex(2, 0, 3) -> Value: Vertex(1, 1, 1)
Size: 114
Key: Vertex(1, -2, 2) -> Value: Vertex(1, -2, 2)
Size: 114
Key: Vertex(2, 0, 4) -> Value: Vertex(1, 1, 0)
Size: 114
Key: Vertex(1, -2, 3) -> Value: Vertex(0, -1, 1)
Size: 114
Key: Vertex(1, -2, 4) -> Value: Vertex(0, -1, 0)
Size: 114
Key: Vertex(2, 0, 5) -> Value: Vertex(1, -1, 3)
Size: 114
Key: Vertex(1, -2, 5) -> Value: Vertex(0, -2, 1)
Size: 114
Key: Vertex(-2, 1, 0) -> Value: Vertex(-2, 1, 0)
Size: 114
Key: Vertex(-2, 1, 1) -> Value: Vertex(-2, 1, 1)
Size: 114
Key: Vertex(-2, 1, 2) -> Value: Vertex(-2, 1, 2)
Size: 114
Key: Vertex(-2, 1, 3) -> Value: Vertex(-2, 1, 3)
Size: 114
Vertex dir=0 q: -1 r: -2 x=441.43593539448983 roundedX=441.0 y=80.0 roundedY=80.0
Vertex dir=1 q: -1 r: -2 x=510.71796769724494 roundedX=511.0 y=120.0 roundedY=120.0
Vertex dir=2 q: -1 r: -2 x=510.71796769724494 roundedX=511.0 y=200.0 roundedY=200.0
Vertex dir=3 q: -1 r: -2 x=441.43593539448983 roundedX=441.0 y=240.0 roundedY=240.0
Vertex dir=4 q: -1 r: -2 x=372.1539030917347 roundedX=372.0 y=200.00000000000003 roundedY=200.0
Vertex dir=5 q: -1 r: -2 x=372.1539030917347 roundedX=372.0 y=120.0 roundedY=120.0
Vertex dir=0 q: 0 r: -1 x=649.282032302755 roundedX=649.0 y=200.0 roundedY=200.0
Vertex dir=1 q: 0 r: -1 x=718.5640646055101 roundedX=719.0 y=240.0 roundedY=240.0
Vertex dir=2 q: 0 r: -1 x=718.5640646055101 roundedX=719.0 y=320.0 roundedY=320.0
Vertex dir=3 q: 0 r: -1 x=649.282032302755 roundedX=649.0 y=360.0 roundedY=360.0
Vertex dir=4 q: 0 r: -1 x=580.0 roundedX=580.0 y=320.0 roundedY=320.0
Vertex dir=5 q: 0 r: -1 x=580.0 roundedX=580.0 y=240.0 roundedY=240.0
Vertex dir=0 q: 0 r: 0 x=580.0 roundedX=580.0 y=320.0 roundedY=320.0
Vertex dir=1 q: 0 r: 0 x=649.282032302755 roundedX=649.0 y=360.0 roundedY=360.0
Vertex dir=2 q: 0 r: 0 x=649.282032302755 roundedX=649.0 y=440.0 roundedY=440.0
Vertex dir=3 q: 0 r: 0 x=580.0 roundedX=580.0 y=480.0 roundedY=480.0
Vertex dir=4 q: 0 r: 0 x=510.71796769724494 roundedX=511.0 y=440.0 roundedY=440.0
Vertex dir=5 q: 0 r: 0 x=510.71796769724494 roundedX=511.0 y=360.0 roundedY=360.0
Vertex dir=0 q: 1 r: 1 x=787.8460969082653 roundedX=788.0 y=440.0 roundedY=440.0
Vertex dir=1 q: 1 r: 1 x=857.1281292110203 roundedX=857.0 y=480.0 roundedY=480.0
Vertex dir=2 q: 1 r: 1 x=857.1281292110203 roundedX=857.0 y=560.0 roundedY=560.0
Vertex dir=3 q: 1 r: 1 x=787.8460969082653 roundedX=788.0 y=600.0 roundedY=600.0
Vertex dir=4 q: 1 r: 1 x=718.5640646055102 roundedX=719.0 y=560.0 roundedY=560.0
Vertex dir=5 q: 1 r: 1 x=718.5640646055102 roundedX=719.0 y=480.0 roundedY=480.0
Vertex dir=0 q: 0 r: -2 x=580.0 roundedX=580.0 y=80.0 roundedY=80.0
Vertex dir=1 q: 0 r: -2 x=649.282032302755 roundedX=649.0 y=120.0 roundedY=120.0
Vertex dir=2 q: 0 r: -2 x=649.282032302755 roundedX=649.0 y=200.0 roundedY=200.0
Vertex dir=3 q: 0 r: -2 x=580.0 roundedX=580.0 y=240.0 roundedY=240.0
Vertex dir=4 q: 0 r: -2 x=510.71796769724494 roundedX=511.0 y=200.00000000000003 roundedY=200.0
Vertex dir=5 q: 0 r: -2 x=510.71796769724494 roundedX=511.0 y=120.0 roundedY=120.0
Vertex dir=0 q: 0 r: 1 x=649.282032302755 roundedX=649.0 y=440.0 roundedY=440.0
Vertex dir=1 q: 0 r: 1 x=718.5640646055101 roundedX=719.0 y=480.0 roundedY=480.0
Vertex dir=2 q: 0 r: 1 x=718.5640646055101 roundedX=719.0 y=560.0 roundedY=560.0
Vertex dir=3 q: 0 r: 1 x=649.282032302755 roundedX=649.0 y=600.0 roundedY=600.0
Vertex dir=4 q: 0 r: 1 x=580.0 roundedX=580.0 y=560.0 roundedY=560.0
Vertex dir=5 q: 0 r: 1 x=580.0 roundedX=580.0 y=480.0 roundedY=480.0
Vertex dir=0 q: 1 r: 2 x=718.5640646055101 roundedX=719.0 y=560.0 roundedY=560.0
Vertex dir=1 q: 1 r: 2 x=787.8460969082652 roundedX=788.0 y=600.0 roundedY=600.0
Vertex dir=2 q: 1 r: 2 x=787.8460969082652 roundedX=788.0 y=680.0 roundedY=680.0
Vertex dir=3 q: 1 r: 2 x=718.5640646055101 roundedX=719.0 y=720.0 roundedY=720.0
Vertex dir=4 q: 1 r: 2 x=649.282032302755 roundedX=649.0 y=680.0 roundedY=680.0
Vertex dir=5 q: 1 r: 2 x=649.282032302755 roundedX=649.0 y=600.0 roundedY=600.0
Vertex dir=0 q: 0 r: 2 x=580.0 roundedX=580.0 y=560.0 roundedY=560.0
Vertex dir=1 q: 0 r: 2 x=649.282032302755 roundedX=649.0 y=600.0 roundedY=600.0
Vertex dir=2 q: 0 r: 2 x=649.282032302755 roundedX=649.0 y=680.0 roundedY=680.0
Vertex dir=3 q: 0 r: 2 x=580.0 roundedX=580.0 y=720.0 roundedY=720.0
Vertex dir=4 q: 0 r: 2 x=510.71796769724494 roundedX=511.0 y=680.0 roundedY=680.0
Vertex dir=5 q: 0 r: 2 x=510.71796769724494 roundedX=511.0 y=600.0 roundedY=600.0
Vertex dir=0 q: -2 r: 1 x=372.1539030917347 roundedX=372.0 y=440.0 roundedY=440.0
Vertex dir=1 q: -2 r: 1 x=441.4359353944898 roundedX=441.0 y=480.0 roundedY=480.0
Vertex dir=2 q: -2 r: 1 x=441.43593539448983 roundedX=441.0 y=560.0 roundedY=560.0
Vertex dir=3 q: -2 r: 1 x=372.1539030917347 roundedX=372.0 y=600.0 roundedY=600.0
Vertex dir=4 q: -2 r: 1 x=302.87187078897966 roundedX=303.0 y=560.0 roundedY=560.0
Vertex dir=5 q: -2 r: 1 x=302.87187078897966 roundedX=303.0 y=480.0 roundedY=480.0
Vertex dir=0 q: -1 r: 2 x=441.43593539448983 roundedX=441.0 y=560.0 roundedY=560.0
Vertex dir=1 q: -1 r: 2 x=510.71796769724494 roundedX=511.0 y=600.0 roundedY=600.0
Vertex dir=2 q: -1 r: 2 x=510.71796769724494 roundedX=511.0 y=680.0 roundedY=680.0
Vertex dir=3 q: -1 r: 2 x=441.43593539448983 roundedX=441.0 y=720.0 roundedY=720.0
Vertex dir=4 q: -1 r: 2 x=372.1539030917347 roundedX=372.0 y=680.0 roundedY=680.0
Vertex dir=5 q: -1 r: 2 x=372.1539030917347 roundedX=372.0 y=600.0 roundedY=600.0
Vertex dir=0 q: 1 r: -2 x=718.5640646055101 roundedX=719.0 y=80.0 roundedY=80.0
Vertex dir=1 q: 1 r: -2 x=787.8460969082652 roundedX=788.0 y=120.0 roundedY=120.0
Vertex dir=2 q: 1 r: -2 x=787.8460969082652 roundedX=788.0 y=200.0 roundedY=200.0
Vertex dir=3 q: 1 r: -2 x=718.5640646055101 roundedX=719.0 y=240.0 roundedY=240.0
Vertex dir=4 q: 1 r: -2 x=649.282032302755 roundedX=649.0 y=200.00000000000003 roundedY=200.0
Vertex dir=5 q: 1 r: -2 x=649.282032302755 roundedX=649.0 y=120.0 roundedY=120.0
Vertex dir=0 q: -2 r: 0 x=302.87187078897966 roundedX=303.0 y=320.0 roundedY=320.0
Vertex dir=1 q: -2 r: 0 x=372.1539030917347 roundedX=372.0 y=360.0 roundedY=360.0
Vertex dir=2 q: -2 r: 0 x=372.1539030917348 roundedX=372.0 y=440.0 roundedY=440.0
Vertex dir=3 q: -2 r: 0 x=302.87187078897966 roundedX=303.0 y=480.0 roundedY=480.0
Vertex dir=4 q: -2 r: 0 x=233.58983848622458 roundedX=234.0 y=440.0 roundedY=440.0
Vertex dir=5 q: -2 r: 0 x=233.58983848622458 roundedX=234.0 y=360.0 roundedY=360.0
Vertex dir=0 q: -1 r: 1 x=510.71796769724494 roundedX=511.0 y=440.0 roundedY=440.0
Vertex dir=1 q: -1 r: 1 x=580.0 roundedX=580.0 y=480.0 roundedY=480.0
Vertex dir=2 q: -1 r: 1 x=580.0 roundedX=580.0 y=560.0 roundedY=560.0
Vertex dir=3 q: -1 r: 1 x=510.71796769724494 roundedX=511.0 y=600.0 roundedY=600.0
Vertex dir=4 q: -1 r: 1 x=441.4359353944899 roundedX=441.0 y=560.0 roundedY=560.0
Vertex dir=5 q: -1 r: 1 x=441.4359353944899 roundedX=441.0 y=480.0 roundedY=480.0
Vertex dir=0 q: -2 r: -1 x=372.1539030917347 roundedX=372.0 y=200.0 roundedY=200.0
Vertex dir=1 q: -2 r: -1 x=441.4359353944898 roundedX=441.0 y=240.0 roundedY=240.0
Vertex dir=2 q: -2 r: -1 x=441.43593539448983 roundedX=441.0 y=320.0 roundedY=320.0
Vertex dir=3 q: -2 r: -1 x=372.1539030917347 roundedX=372.0 y=360.0 roundedY=360.0
Vertex dir=4 q: -2 r: -1 x=302.87187078897966 roundedX=303.0 y=320.0 roundedY=320.0
Vertex dir=5 q: -2 r: -1 x=302.87187078897966 roundedX=303.0 y=240.0 roundedY=240.0
Vertex dir=0 q: 1 r: -1 x=787.8460969082653 roundedX=788.0 y=200.0 roundedY=200.0
Vertex dir=1 q: 1 r: -1 x=857.1281292110203 roundedX=857.0 y=240.0 roundedY=240.0
Vertex dir=2 q: 1 r: -1 x=857.1281292110203 roundedX=857.0 y=320.0 roundedY=320.0
Vertex dir=3 q: 1 r: -1 x=787.8460969082653 roundedX=788.0 y=360.0 roundedY=360.0
Vertex dir=4 q: 1 r: -1 x=718.5640646055102 roundedX=719.0 y=320.0 roundedY=320.0
Vertex dir=5 q: 1 r: -1 x=718.5640646055102 roundedX=719.0 y=240.0 roundedY=240.0
Vertex dir=0 q: -1 r: 0 x=441.43593539448983 roundedX=441.0 y=320.0 roundedY=320.0
Vertex dir=1 q: -1 r: 0 x=510.71796769724494 roundedX=511.0 y=360.0 roundedY=360.0
Vertex dir=2 q: -1 r: 0 x=510.71796769724494 roundedX=511.0 y=440.0 roundedY=440.0
Vertex dir=3 q: -1 r: 0 x=441.43593539448983 roundedX=441.0 y=480.0 roundedY=480.0
Vertex dir=4 q: -1 r: 0 x=372.1539030917347 roundedX=372.0 y=440.0 roundedY=440.0
Vertex dir=5 q: -1 r: 0 x=372.1539030917347 roundedX=372.0 y=360.0 roundedY=360.0
Vertex dir=0 q: 2 r: 0 x=857.1281292110203 roundedX=857.0 y=320.0 roundedY=320.0
Vertex dir=1 q: 2 r: 0 x=926.4101615137754 roundedX=926.0 y=360.0 roundedY=360.0
Vertex dir=2 q: 2 r: 0 x=926.4101615137754 roundedX=926.0 y=440.0 roundedY=440.0
Vertex dir=3 q: 2 r: 0 x=857.1281292110203 roundedX=857.0 y=480.0 roundedY=480.0
Vertex dir=4 q: 2 r: 0 x=787.8460969082653 roundedX=788.0 y=440.0 roundedY=440.0
Vertex dir=5 q: 2 r: 0 x=787.8460969082653 roundedX=788.0 y=360.0 roundedY=360.0
Vertex dir=0 q: -1 r: -1 x=510.71796769724494 roundedX=511.0 y=200.0 roundedY=200.0
Vertex dir=1 q: -1 r: -1 x=580.0 roundedX=580.0 y=240.0 roundedY=240.0
Vertex dir=2 q: -1 r: -1 x=580.0 roundedX=580.0 y=320.0 roundedY=320.0
Vertex dir=3 q: -1 r: -1 x=510.71796769724494 roundedX=511.0 y=360.0 roundedY=360.0
Vertex dir=4 q: -1 r: -1 x=441.4359353944899 roundedX=441.0 y=320.0 roundedY=320.0
Vertex dir=5 q: -1 r: -1 x=441.4359353944899 roundedX=441.0 y=240.0 roundedY=240.0
Vertex dir=0 q: 1 r: 0 x=718.5640646055101 roundedX=719.0 y=320.0 roundedY=320.0
Vertex dir=1 q: 1 r: 0 x=787.8460969082652 roundedX=788.0 y=360.0 roundedY=360.0
Vertex dir=2 q: 1 r: 0 x=787.8460969082652 roundedX=788.0 y=440.0 roundedY=440.0
Vertex dir=3 q: 1 r: 0 x=718.5640646055101 roundedX=719.0 y=480.0 roundedY=480.0
Vertex dir=4 q: 1 r: 0 x=649.282032302755 roundedX=649.0 y=440.0 roundedY=440.0
Vertex dir=5 q: 1 r: 0 x=649.282032302755 roundedX=649.0 y=360.0 roundedY=360.0
Key X: 580.0Key Y: 560.0, Value: [Vertex(0, 1, 4), Vertex(0, 2, 0), Vertex(-1, 1, 2)]
Key X: 857.0Key Y: 320.0, Value: [Vertex(1, -1, 2), Vertex(2, 0, 0)]
Key X: 719.0Key Y: 480.0, Value: [Vertex(1, 1, 5), Vertex(0, 1, 1), Vertex(1, 0, 3)]
Key X: 580.0Key Y: 720.0, Value: [Vertex(0, 2, 3)]
Key X: 719.0Key Y: 560.0, Value: [Vertex(1, 1, 4), Vertex(0, 1, 2), Vertex(1, 2, 0)]
Key X: 441.0Key Y: 80.0, Value: [Vertex(-1, -2, 0)]
Key X: 857.0Key Y: 480.0, Value: [Vertex(1, 1, 1), Vertex(2, 0, 3)]
Key X: 719.0Key Y: 720.0, Value: [Vertex(1, 2, 3)]
Key X: 857.0Key Y: 560.0, Value: [Vertex(1, 1, 2)]
Key X: 372.0Key Y: 120.0, Value: [Vertex(-1, -2, 5)]
Key X: 303.0Key Y: 240.0, Value: [Vertex(-2, -1, 5)]
Key X: 372.0Key Y: 200.0, Value: [Vertex(-1, -2, 4), Vertex(-2, -1, 0)]
Key X: 511.0Key Y: 120.0, Value: [Vertex(-1, -2, 1), Vertex(0, -2, 5)]
Key X: 303.0Key Y: 320.0, Value: [Vertex(-2, 0, 0), Vertex(-2, -1, 4)]
Key X: 649.0Key Y: 120.0, Value: [Vertex(0, -2, 1), Vertex(1, -2, 5)]
Key X: 441.0Key Y: 240.0, Value: [Vertex(-1, -2, 3), Vertex(-2, -1, 1), Vertex(-1, -1, 5)]
Key X: 372.0Key Y: 360.0, Value: [Vertex(-2, 0, 1), Vertex(-2, -1, 3), Vertex(-1, 0, 5)]
Key X: 511.0Key Y: 200.0, Value: [Vertex(-1, -2, 2), Vertex(0, -2, 4), Vertex(-1, -1, 0)]
Key X: 788.0Key Y: 120.0, Value: [Vertex(1, -2, 1)]
Key X: 303.0Key Y: 480.0, Value: [Vertex(-2, 1, 5), Vertex(-2, 0, 3)]
Key X: 441.0Key Y: 320.0, Value: [Vertex(-2, -1, 2), Vertex(-1, 0, 0), Vertex(-1, -1, 4)]
Key X: 649.0Key Y: 200.0, Value: [Vertex(0, -1, 0), Vertex(0, -2, 2), Vertex(1, -2, 4)]
Key X: 303.0Key Y: 560.0, Value: [Vertex(-2, 1, 4)]
Key X: 372.0Key Y: 440.0, Value: [Vertex(-2, 1, 0), Vertex(-2, 0, 2), Vertex(-1, 0, 4)]
Key X: 372.0Key Y: 600.0, Value: [Vertex(-2, 1, 3), Vertex(-1, 2, 5)]
Key X: 788.0Key Y: 200.0, Value: [Vertex(1, -2, 2), Vertex(1, -1, 0)]
Key X: 441.0Key Y: 480.0, Value: [Vertex(-2, 1, 1), Vertex(-1, 1, 5), Vertex(-1, 0, 3)]
Key X: 511.0Key Y: 360.0, Value: [Vertex(0, 0, 5), Vertex(-1, 0, 1), Vertex(-1, -1, 3)]
Key X: 441.0Key Y: 560.0, Value: [Vertex(-2, 1, 2), Vertex(-1, 2, 0), Vertex(-1, 1, 4)]
Key X: 372.0Key Y: 680.0, Value: [Vertex(-1, 2, 4)]
Key X: 511.0Key Y: 440.0, Value: [Vertex(0, 0, 4), Vertex(-1, 1, 0), Vertex(-1, 0, 2)]
Key X: 649.0Key Y: 360.0, Value: [Vertex(0, -1, 3), Vertex(0, 0, 1), Vertex(1, 0, 5)]
Key X: 441.0Key Y: 720.0, Value: [Vertex(-1, 2, 3)]
Key X: 788.0Key Y: 360.0, Value: [Vertex(1, -1, 3), Vertex(2, 0, 5), Vertex(1, 0, 1)]
Key X: 511.0Key Y: 600.0, Value: [Vertex(0, 2, 5), Vertex(-1, 2, 1), Vertex(-1, 1, 3)]
Key X: 649.0Key Y: 440.0, Value: [Vertex(0, 0, 2), Vertex(0, 1, 0), Vertex(1, 0, 4)]
Key X: 511.0Key Y: 680.0, Value: [Vertex(0, 2, 4), Vertex(-1, 2, 2)]
Key X: 926.0Key Y: 360.0, Value: [Vertex(2, 0, 1)]
Key X: 649.0Key Y: 600.0, Value: [Vertex(0, 1, 3), Vertex(1, 2, 5), Vertex(0, 2, 1)]
Key X: 788.0Key Y: 440.0, Value: [Vertex(1, 1, 0), Vertex(2, 0, 4), Vertex(1, 0, 2)]
Key X: 649.0Key Y: 680.0, Value: [Vertex(1, 2, 4), Vertex(0, 2, 2)]
Key X: 926.0Key Y: 440.0, Value: [Vertex(2, 0, 2)]
Key X: 788.0Key Y: 600.0, Value: [Vertex(1, 1, 3), Vertex(1, 2, 1)]
Key X: 788.0Key Y: 680.0, Value: [Vertex(1, 2, 2)]
Key X: 580.0Key Y: 80.0, Value: [Vertex(0, -2, 0)]
Key X: 719.0Key Y: 80.0, Value: [Vertex(1, -2, 0)]
Key X: 580.0Key Y: 240.0, Value: [Vertex(0, -1, 5), Vertex(0, -2, 3), Vertex(-1, -1, 1)]
Key X: 234.0Key Y: 360.0, Value: [Vertex(-2, 0, 5)]
Key X: 580.0Key Y: 320.0, Value: [Vertex(0, -1, 4), Vertex(0, 0, 0), Vertex(-1, -1, 2)]
Key X: 234.0Key Y: 440.0, Value: [Vertex(-2, 0, 4)]
Key X: 719.0Key Y: 240.0, Value: [Vertex(0, -1, 1), Vertex(1, -2, 3), Vertex(1, -1, 5)]
Key X: 857.0Key Y: 240.0, Value: [Vertex(1, -1, 1)]
Key X: 719.0Key Y: 320.0, Value: [Vertex(0, -1, 2), Vertex(1, -1, 4), Vertex(1, 0, 0)]
Key X: 580.0Key Y: 480.0, Value: [Vertex(0, 0, 3), Vertex(0, 1, 5), Vertex(-1, 1, 1)]
Vertex dir=0 q: -1 r: -2 x=441.43593539448983 roundedX=441.0 y=80.0 roundedY=80.0
Vertex dir=1 q: -1 r: -2 x=510.71796769724494 roundedX=511.0 y=120.0 roundedY=120.0
Vertex dir=2 q: -1 r: -2 x=510.71796769724494 roundedX=511.0 y=200.0 roundedY=200.0
Vertex dir=3 q: -1 r: -2 x=441.43593539448983 roundedX=441.0 y=240.0 roundedY=240.0
Vertex dir=4 q: -1 r: -2 x=372.1539030917347 roundedX=372.0 y=200.00000000000003 roundedY=200.0
Vertex dir=5 q: -1 r: -2 x=372.1539030917347 roundedX=372.0 y=120.0 roundedY=120.0
Vertex dir=0 q: 0 r: -1 x=649.282032302755 roundedX=649.0 y=200.0 roundedY=200.0
Vertex dir=1 q: 0 r: -1 x=718.5640646055101 roundedX=719.0 y=240.0 roundedY=240.0
Vertex dir=2 q: 0 r: -1 x=718.5640646055101 roundedX=719.0 y=320.0 roundedY=320.0
Vertex dir=3 q: 0 r: -1 x=649.282032302755 roundedX=649.0 y=360.0 roundedY=360.0
Vertex dir=4 q: 0 r: -1 x=580.0 roundedX=580.0 y=320.0 roundedY=320.0
Vertex dir=5 q: 0 r: -1 x=580.0 roundedX=580.0 y=240.0 roundedY=240.0
Vertex dir=0 q: 0 r: 0 x=580.0 roundedX=580.0 y=320.0 roundedY=320.0
Vertex dir=1 q: 0 r: 0 x=649.282032302755 roundedX=649.0 y=360.0 roundedY=360.0
Vertex dir=2 q: 0 r: 0 x=649.282032302755 roundedX=649.0 y=440.0 roundedY=440.0
Vertex dir=3 q: 0 r: 0 x=580.0 roundedX=580.0 y=480.0 roundedY=480.0
Vertex dir=4 q: 0 r: 0 x=510.71796769724494 roundedX=511.0 y=440.0 roundedY=440.0
Vertex dir=5 q: 0 r: 0 x=510.71796769724494 roundedX=511.0 y=360.0 roundedY=360.0
Vertex dir=0 q: 1 r: 1 x=787.8460969082653 roundedX=788.0 y=440.0 roundedY=440.0
Vertex dir=1 q: 1 r: 1 x=857.1281292110203 roundedX=857.0 y=480.0 roundedY=480.0
Vertex dir=2 q: 1 r: 1 x=857.1281292110203 roundedX=857.0 y=560.0 roundedY=560.0
Vertex dir=3 q: 1 r: 1 x=787.8460969082653 roundedX=788.0 y=600.0 roundedY=600.0
Vertex dir=4 q: 1 r: 1 x=718.5640646055102 roundedX=719.0 y=560.0 roundedY=560.0
Vertex dir=5 q: 1 r: 1 x=718.5640646055102 roundedX=719.0 y=480.0 roundedY=480.0
Vertex dir=0 q: 0 r: -2 x=580.0 roundedX=580.0 y=80.0 roundedY=80.0
Vertex dir=1 q: 0 r: -2 x=649.282032302755 roundedX=649.0 y=120.0 roundedY=120.0
Vertex dir=2 q: 0 r: -2 x=649.282032302755 roundedX=649.0 y=200.0 roundedY=200.0
Vertex dir=3 q: 0 r: -2 x=580.0 roundedX=580.0 y=240.0 roundedY=240.0
Vertex dir=4 q: 0 r: -2 x=510.71796769724494 roundedX=511.0 y=200.00000000000003 roundedY=200.0
Vertex dir=5 q: 0 r: -2 x=510.71796769724494 roundedX=511.0 y=120.0 roundedY=120.0
Vertex dir=0 q: 0 r: 1 x=649.282032302755 roundedX=649.0 y=440.0 roundedY=440.0
Vertex dir=1 q: 0 r: 1 x=718.5640646055101 roundedX=719.0 y=480.0 roundedY=480.0
Vertex dir=2 q: 0 r: 1 x=718.5640646055101 roundedX=719.0 y=560.0 roundedY=560.0
Vertex dir=3 q: 0 r: 1 x=649.282032302755 roundedX=649.0 y=600.0 roundedY=600.0
Vertex dir=4 q: 0 r: 1 x=580.0 roundedX=580.0 y=560.0 roundedY=560.0
Vertex dir=5 q: 0 r: 1 x=580.0 roundedX=580.0 y=480.0 roundedY=480.0
Vertex dir=0 q: 1 r: 2 x=718.5640646055101 roundedX=719.0 y=560.0 roundedY=560.0
Vertex dir=1 q: 1 r: 2 x=787.8460969082652 roundedX=788.0 y=600.0 roundedY=600.0
Vertex dir=2 q: 1 r: 2 x=787.8460969082652 roundedX=788.0 y=680.0 roundedY=680.0
Vertex dir=3 q: 1 r: 2 x=718.5640646055101 roundedX=719.0 y=720.0 roundedY=720.0
Vertex dir=4 q: 1 r: 2 x=649.282032302755 roundedX=649.0 y=680.0 roundedY=680.0
Vertex dir=5 q: 1 r: 2 x=649.282032302755 roundedX=649.0 y=600.0 roundedY=600.0
Vertex dir=0 q: 0 r: 2 x=580.0 roundedX=580.0 y=560.0 roundedY=560.0
Vertex dir=1 q: 0 r: 2 x=649.282032302755 roundedX=649.0 y=600.0 roundedY=600.0
Vertex dir=2 q: 0 r: 2 x=649.282032302755 roundedX=649.0 y=680.0 roundedY=680.0
Vertex dir=3 q: 0 r: 2 x=580.0 roundedX=580.0 y=720.0 roundedY=720.0
Vertex dir=4 q: 0 r: 2 x=510.71796769724494 roundedX=511.0 y=680.0 roundedY=680.0
Vertex dir=5 q: 0 r: 2 x=510.71796769724494 roundedX=511.0 y=600.0 roundedY=600.0
Vertex dir=0 q: -2 r: 1 x=372.1539030917347 roundedX=372.0 y=440.0 roundedY=440.0
Vertex dir=1 q: -2 r: 1 x=441.4359353944898 roundedX=441.0 y=480.0 roundedY=480.0
Vertex dir=2 q: -2 r: 1 x=441.43593539448983 roundedX=441.0 y=560.0 roundedY=560.0
Vertex dir=3 q: -2 r: 1 x=372.1539030917347 roundedX=372.0 y=600.0 roundedY=600.0
Vertex dir=4 q: -2 r: 1 x=302.87187078897966 roundedX=303.0 y=560.0 roundedY=560.0
Vertex dir=5 q: -2 r: 1 x=302.87187078897966 roundedX=303.0 y=480.0 roundedY=480.0
Vertex dir=0 q: -1 r: 2 x=441.43593539448983 roundedX=441.0 y=560.0 roundedY=560.0
Vertex dir=1 q: -1 r: 2 x=510.71796769724494 roundedX=511.0 y=600.0 roundedY=600.0
Vertex dir=2 q: -1 r: 2 x=510.71796769724494 roundedX=511.0 y=680.0 roundedY=680.0
Vertex dir=3 q: -1 r: 2 x=441.43593539448983 roundedX=441.0 y=720.0 roundedY=720.0
Vertex dir=4 q: -1 r: 2 x=372.1539030917347 roundedX=372.0 y=680.0 roundedY=680.0
Vertex dir=5 q: -1 r: 2 x=372.1539030917347 roundedX=372.0 y=600.0 roundedY=600.0
Vertex dir=0 q: 1 r: -2 x=718.5640646055101 roundedX=719.0 y=80.0 roundedY=80.0
Vertex dir=1 q: 1 r: -2 x=787.8460969082652 roundedX=788.0 y=120.0 roundedY=120.0
Vertex dir=2 q: 1 r: -2 x=787.8460969082652 roundedX=788.0 y=200.0 roundedY=200.0
Vertex dir=3 q: 1 r: -2 x=718.5640646055101 roundedX=719.0 y=240.0 roundedY=240.0
Vertex dir=4 q: 1 r: -2 x=649.282032302755 roundedX=649.0 y=200.00000000000003 roundedY=200.0
Vertex dir=5 q: 1 r: -2 x=649.282032302755 roundedX=649.0 y=120.0 roundedY=120.0
Vertex dir=0 q: -2 r: 0 x=302.87187078897966 roundedX=303.0 y=320.0 roundedY=320.0
Vertex dir=1 q: -2 r: 0 x=372.1539030917347 roundedX=372.0 y=360.0 roundedY=360.0
Vertex dir=2 q: -2 r: 0 x=372.1539030917348 roundedX=372.0 y=440.0 roundedY=440.0
Vertex dir=3 q: -2 r: 0 x=302.87187078897966 roundedX=303.0 y=480.0 roundedY=480.0
Vertex dir=4 q: -2 r: 0 x=233.58983848622458 roundedX=234.0 y=440.0 roundedY=440.0
Vertex dir=5 q: -2 r: 0 x=233.58983848622458 roundedX=234.0 y=360.0 roundedY=360.0
Vertex dir=0 q: -1 r: 1 x=510.71796769724494 roundedX=511.0 y=440.0 roundedY=440.0
Vertex dir=1 q: -1 r: 1 x=580.0 roundedX=580.0 y=480.0 roundedY=480.0
Vertex dir=2 q: -1 r: 1 x=580.0 roundedX=580.0 y=560.0 roundedY=560.0
Vertex dir=3 q: -1 r: 1 x=510.71796769724494 roundedX=511.0 y=600.0 roundedY=600.0
Vertex dir=4 q: -1 r: 1 x=441.4359353944899 roundedX=441.0 y=560.0 roundedY=560.0
Vertex dir=5 q: -1 r: 1 x=441.4359353944899 roundedX=441.0 y=480.0 roundedY=480.0
Vertex dir=0 q: -2 r: -1 x=372.1539030917347 roundedX=372.0 y=200.0 roundedY=200.0
Vertex dir=1 q: -2 r: -1 x=441.4359353944898 roundedX=441.0 y=240.0 roundedY=240.0
Vertex dir=2 q: -2 r: -1 x=441.43593539448983 roundedX=441.0 y=320.0 roundedY=320.0
Vertex dir=3 q: -2 r: -1 x=372.1539030917347 roundedX=372.0 y=360.0 roundedY=360.0
Vertex dir=4 q: -2 r: -1 x=302.87187078897966 roundedX=303.0 y=320.0 roundedY=320.0
Vertex dir=5 q: -2 r: -1 x=302.87187078897966 roundedX=303.0 y=240.0 roundedY=240.0
Vertex dir=0 q: 1 r: -1 x=787.8460969082653 roundedX=788.0 y=200.0 roundedY=200.0
Vertex dir=1 q: 1 r: -1 x=857.1281292110203 roundedX=857.0 y=240.0 roundedY=240.0
Vertex dir=2 q: 1 r: -1 x=857.1281292110203 roundedX=857.0 y=320.0 roundedY=320.0
Vertex dir=3 q: 1 r: -1 x=787.8460969082653 roundedX=788.0 y=360.0 roundedY=360.0
Vertex dir=4 q: 1 r: -1 x=718.5640646055102 roundedX=719.0 y=320.0 roundedY=320.0
Vertex dir=5 q: 1 r: -1 x=718.5640646055102 roundedX=719.0 y=240.0 roundedY=240.0
Vertex dir=0 q: -1 r: 0 x=441.43593539448983 roundedX=441.0 y=320.0 roundedY=320.0
Vertex dir=1 q: -1 r: 0 x=510.71796769724494 roundedX=511.0 y=360.0 roundedY=360.0
Vertex dir=2 q: -1 r: 0 x=510.71796769724494 roundedX=511.0 y=440.0 roundedY=440.0
Vertex dir=3 q: -1 r: 0 x=441.43593539448983 roundedX=441.0 y=480.0 roundedY=480.0
Vertex dir=4 q: -1 r: 0 x=372.1539030917347 roundedX=372.0 y=440.0 roundedY=440.0
Vertex dir=5 q: -1 r: 0 x=372.1539030917347 roundedX=372.0 y=360.0 roundedY=360.0
Vertex dir=0 q: 2 r: 0 x=857.1281292110203 roundedX=857.0 y=320.0 roundedY=320.0
Vertex dir=1 q: 2 r: 0 x=926.4101615137754 roundedX=926.0 y=360.0 roundedY=360.0
Vertex dir=2 q: 2 r: 0 x=926.4101615137754 roundedX=926.0 y=440.0 roundedY=440.0
Vertex dir=3 q: 2 r: 0 x=857.1281292110203 roundedX=857.0 y=480.0 roundedY=480.0
Vertex dir=4 q: 2 r: 0 x=787.8460969082653 roundedX=788.0 y=440.0 roundedY=440.0
Vertex dir=5 q: 2 r: 0 x=787.8460969082653 roundedX=788.0 y=360.0 roundedY=360.0
Vertex dir=0 q: -1 r: -1 x=510.71796769724494 roundedX=511.0 y=200.0 roundedY=200.0
Vertex dir=1 q: -1 r: -1 x=580.0 roundedX=580.0 y=240.0 roundedY=240.0
Vertex dir=2 q: -1 r: -1 x=580.0 roundedX=580.0 y=320.0 roundedY=320.0
Vertex dir=3 q: -1 r: -1 x=510.71796769724494 roundedX=511.0 y=360.0 roundedY=360.0
Vertex dir=4 q: -1 r: -1 x=441.4359353944899 roundedX=441.0 y=320.0 roundedY=320.0
Vertex dir=5 q: -1 r: -1 x=441.4359353944899 roundedX=441.0 y=240.0 roundedY=240.0
Vertex dir=0 q: 1 r: 0 x=718.5640646055101 roundedX=719.0 y=320.0 roundedY=320.0
Vertex dir=1 q: 1 r: 0 x=787.8460969082652 roundedX=788.0 y=360.0 roundedY=360.0
Vertex dir=2 q: 1 r: 0 x=787.8460969082652 roundedX=788.0 y=440.0 roundedY=440.0
Vertex dir=3 q: 1 r: 0 x=718.5640646055101 roundedX=719.0 y=480.0 roundedY=480.0
Vertex dir=4 q: 1 r: 0 x=649.282032302755 roundedX=649.0 y=440.0 roundedY=440.0
Vertex dir=5 q: 1 r: 0 x=649.282032302755 roundedX=649.0 y=360.0 roundedY=360.0
Key X: 580.0Key Y: 560.0, Value: [Vertex(0, 1, 4), Vertex(0, 2, 0), Vertex(-1, 1, 2)]
Key X: 857.0Key Y: 320.0, Value: [Vertex(1, -1, 2), Vertex(2, 0, 0)]
Key X: 719.0Key Y: 480.0, Value: [Vertex(1, 1, 5), Vertex(0, 1, 1), Vertex(1, 0, 3)]
Key X: 580.0Key Y: 720.0, Value: [Vertex(0, 2, 3)]
Key X: 719.0Key Y: 560.0, Value: [Vertex(1, 1, 4), Vertex(0, 1, 2), Vertex(1, 2, 0)]
Key X: 441.0Key Y: 80.0, Value: [Vertex(-1, -2, 0)]
Key X: 857.0Key Y: 480.0, Value: [Vertex(1, 1, 1), Vertex(2, 0, 3)]
Key X: 719.0Key Y: 720.0, Value: [Vertex(1, 2, 3)]
Key X: 857.0Key Y: 560.0, Value: [Vertex(1, 1, 2)]
Key X: 372.0Key Y: 120.0, Value: [Vertex(-1, -2, 5)]
Key X: 303.0Key Y: 240.0, Value: [Vertex(-2, -1, 5)]
Key X: 372.0Key Y: 200.0, Value: [Vertex(-1, -2, 4), Vertex(-2, -1, 0)]
Key X: 511.0Key Y: 120.0, Value: [Vertex(-1, -2, 1), Vertex(0, -2, 5)]
Key X: 303.0Key Y: 320.0, Value: [Vertex(-2, 0, 0), Vertex(-2, -1, 4)]
Key X: 649.0Key Y: 120.0, Value: [Vertex(0, -2, 1), Vertex(1, -2, 5)]
Key X: 441.0Key Y: 240.0, Value: [Vertex(-1, -2, 3), Vertex(-2, -1, 1), Vertex(-1, -1, 5)]
Key X: 372.0Key Y: 360.0, Value: [Vertex(-2, 0, 1), Vertex(-2, -1, 3), Vertex(-1, 0, 5)]
Key X: 511.0Key Y: 200.0, Value: [Vertex(-1, -2, 2), Vertex(0, -2, 4), Vertex(-1, -1, 0)]
Key X: 788.0Key Y: 120.0, Value: [Vertex(1, -2, 1)]
Key X: 303.0Key Y: 480.0, Value: [Vertex(-2, 1, 5), Vertex(-2, 0, 3)]
Key X: 441.0Key Y: 320.0, Value: [Vertex(-2, -1, 2), Vertex(-1, 0, 0), Vertex(-1, -1, 4)]
Key X: 649.0Key Y: 200.0, Value: [Vertex(0, -1, 0), Vertex(0, -2, 2), Vertex(1, -2, 4)]
Key X: 303.0Key Y: 560.0, Value: [Vertex(-2, 1, 4)]
Key X: 372.0Key Y: 440.0, Value: [Vertex(-2, 1, 0), Vertex(-2, 0, 2), Vertex(-1, 0, 4)]
Key X: 372.0Key Y: 600.0, Value: [Vertex(-2, 1, 3), Vertex(-1, 2, 5)]
Key X: 788.0Key Y: 200.0, Value: [Vertex(1, -2, 2), Vertex(1, -1, 0)]
Key X: 441.0Key Y: 480.0, Value: [Vertex(-2, 1, 1), Vertex(-1, 1, 5), Vertex(-1, 0, 3)]
Key X: 511.0Key Y: 360.0, Value: [Vertex(0, 0, 5), Vertex(-1, 0, 1), Vertex(-1, -1, 3)]
Key X: 441.0Key Y: 560.0, Value: [Vertex(-2, 1, 2), Vertex(-1, 2, 0), Vertex(-1, 1, 4)]
Key X: 372.0Key Y: 680.0, Value: [Vertex(-1, 2, 4)]
Key X: 511.0Key Y: 440.0, Value: [Vertex(0, 0, 4), Vertex(-1, 1, 0), Vertex(-1, 0, 2)]
Key X: 649.0Key Y: 360.0, Value: [Vertex(0, -1, 3), Vertex(0, 0, 1), Vertex(1, 0, 5)]
Key X: 441.0Key Y: 720.0, Value: [Vertex(-1, 2, 3)]
Key X: 788.0Key Y: 360.0, Value: [Vertex(1, -1, 3), Vertex(2, 0, 5), Vertex(1, 0, 1)]
Key X: 511.0Key Y: 600.0, Value: [Vertex(0, 2, 5), Vertex(-1, 2, 1), Vertex(-1, 1, 3)]
Key X: 649.0Key Y: 440.0, Value: [Vertex(0, 0, 2), Vertex(0, 1, 0), Vertex(1, 0, 4)]
Key X: 511.0Key Y: 680.0, Value: [Vertex(0, 2, 4), Vertex(-1, 2, 2)]
Key X: 926.0Key Y: 360.0, Value: [Vertex(2, 0, 1)]
Key X: 649.0Key Y: 600.0, Value: [Vertex(0, 1, 3), Vertex(1, 2, 5), Vertex(0, 2, 1)]
Key X: 788.0Key Y: 440.0, Value: [Vertex(1, 1, 0), Vertex(2, 0, 4), Vertex(1, 0, 2)]
Key X: 649.0Key Y: 680.0, Value: [Vertex(1, 2, 4), Vertex(0, 2, 2)]
Key X: 926.0Key Y: 440.0, Value: [Vertex(2, 0, 2)]
Key X: 788.0Key Y: 600.0, Value: [Vertex(1, 1, 3), Vertex(1, 2, 1)]
Key X: 788.0Key Y: 680.0, Value: [Vertex(1, 2, 2)]
Key X: 580.0Key Y: 80.0, Value: [Vertex(0, -2, 0)]
Key X: 719.0Key Y: 80.0, Value: [Vertex(1, -2, 0)]
Key X: 580.0Key Y: 240.0, Value: [Vertex(0, -1, 5), Vertex(0, -2, 3), Vertex(-1, -1, 1)]
Key X: 234.0Key Y: 360.0, Value: [Vertex(-2, 0, 5)]
Key X: 580.0Key Y: 320.0, Value: [Vertex(0, -1, 4), Vertex(0, 0, 0), Vertex(-1, -1, 2)]
Key X: 234.0Key Y: 440.0, Value: [Vertex(-2, 0, 4)]
Key X: 719.0Key Y: 240.0, Value: [Vertex(0, -1, 1), Vertex(1, -2, 3), Vertex(1, -1, 5)]
Key X: 857.0Key Y: 240.0, Value: [Vertex(1, -1, 1)]
Key X: 719.0Key Y: 320.0, Value: [Vertex(0, -1, 2), Vertex(1, -1, 4), Vertex(1, 0, 0)]
Key X: 580.0Key Y: 480.0, Value: [Vertex(0, 0, 3), Vertex(0, 1, 5), Vertex(-1, 1, 1)]
Key: Vertex(-2, 1, 4) -> Value: Vertex(-2, 1, 4)
Size: 114
Key: Vertex(-2, 1, 5) -> Value: Vertex(-2, 1, 5)
Size: 114
Key: Vertex(1, -1, 0) -> Value: Vertex(1, -2, 2)
Size: 114
Key: Vertex(1, -1, 1) -> Value: Vertex(1, -1, 1)
Size: 114
Key: Vertex(1, -1, 2) -> Value: Vertex(1, -1, 2)
Size: 114
Key: Vertex(1, -1, 3) -> Value: Vertex(1, -1, 3)
Size: 114
Key: Vertex(1, -1, 4) -> Value: Vertex(0, -1, 2)
Size: 114
Key: Vertex(1, -1, 5) -> Value: Vertex(0, -1, 1)
Size: 114
Key: Vertex(1, 0, 0) -> Value: Vertex(0, -1, 2)
Size: 114
Key: Vertex(1, 0, 1) -> Value: Vertex(1, -1, 3)
Size: 114
Key: Vertex(0, -2, 0) -> Value: Vertex(0, -2, 0)
Size: 114
Key: Vertex(0, -2, 1) -> Value: Vertex(0, -2, 1)
Size: 114
Key: Vertex(1, 0, 2) -> Value: Vertex(1, 1, 0)
Size: 114
Key: Vertex(1, 0, 3) -> Value: Vertex(1, 1, 5)
Size: 114
Key: Vertex(0, -2, 2) -> Value: Vertex(0, -1, 0)
Size: 114
Key: Vertex(1, 0, 4) -> Value: Vertex(0, 0, 2)
Size: 114
Key: Vertex(0, -2, 3) -> Value: Vertex(0, -1, 5)
Size: 114
Key: Vertex(0, -2, 4) -> Value: Vertex(-1, -2, 2)
Size: 114
Key: Vertex(1, 0, 5) -> Value: Vertex(0, -1, 3)
Size: 114
Key: Vertex(0, -2, 5) -> Value: Vertex(-1, -2, 1)
Size: 114
Key: Vertex(1, 1, 0) -> Value: Vertex(1, 1, 0)
Size: 114
Key: Vertex(1, 1, 1) -> Value: Vertex(1, 1, 1)
Size: 114
Key: Vertex(0, -1, 0) -> Value: Vertex(0, -1, 0)
Size: 114
Key: Vertex(1, 1, 2) -> Value: Vertex(1, 1, 2)
Size: 114
Key: Vertex(0, -1, 1) -> Value: Vertex(0, -1, 1)
Size: 114
Key: Vertex(1, 1, 3) -> Value: Vertex(1, 1, 3)
Size: 114
Key: Vertex(0, -1, 2) -> Value: Vertex(0, -1, 2)
Size: 114
Key: Vertex(1, 1, 4) -> Value: Vertex(1, 1, 4)
Size: 114
Key: Vertex(0, -1, 3) -> Value: Vertex(0, -1, 3)
Size: 114
Key: Vertex(1, 1, 5) -> Value: Vertex(1, 1, 5)
Size: 114
Key: Vertex(0, -1, 4) -> Value: Vertex(0, -1, 4)
Size: 114
Key: Vertex(0, -1, 5) -> Value: Vertex(0, -1, 5)
Size: 114
Key: Vertex(1, 2, 0) -> Value: Vertex(1, 1, 4)
Size: 114
Key: Vertex(1, 2, 1) -> Value: Vertex(1, 1, 3)
Size: 114
Key: Vertex(0, 0, 0) -> Value: Vertex(0, -1, 4)
Size: 114
Key: Vertex(-1, -2, 0) -> Value: Vertex(-1, -2, 0)
Size: 114
Key: Vertex(0, 0, 1) -> Value: Vertex(0, -1, 3)
Size: 114
Key: Vertex(1, 2, 2) -> Value: Vertex(1, 2, 2)
Size: 114
Key: Vertex(1, 2, 3) -> Value: Vertex(1, 2, 3)
Size: 114
Key: Vertex(-1, -2, 1) -> Value: Vertex(-1, -2, 1)
Size: 114
Key: Vertex(0, 0, 2) -> Value: Vertex(0, 0, 2)
Size: 114
Key: Vertex(-1, -2, 2) -> Value: Vertex(-1, -2, 2)
Size: 114
Key: Vertex(1, 2, 4) -> Value: Vertex(1, 2, 4)
Size: 114
Key: Vertex(0, 0, 3) -> Value: Vertex(0, 0, 3)
Size: 114
Key: Vertex(-1, -2, 3) -> Value: Vertex(-1, -2, 3)
Size: 114
Key: Vertex(0, 0, 4) -> Value: Vertex(0, 0, 4)
Size: 114
Key: Vertex(1, 2, 5) -> Value: Vertex(0, 1, 3)
Size: 114
Key: Vertex(-1, -2, 4) -> Value: Vertex(-1, -2, 4)
Size: 114
Key: Vertex(0, 0, 5) -> Value: Vertex(0, 0, 5)
Size: 114
Key: Vertex(-1, -2, 5) -> Value: Vertex(-1, -2, 5)
Size: 114
Key: Vertex(0, 1, 0) -> Value: Vertex(0, 0, 2)
Size: 114
Key: Vertex(0, 1, 1) -> Value: Vertex(1, 1, 5)
Size: 114
Key: Vertex(-1, -1, 0) -> Value: Vertex(-1, -2, 2)
Size: 114
Key: Vertex(0, 1, 2) -> Value: Vertex(1, 1, 4)
Size: 114
Key: Vertex(-1, -1, 1) -> Value: Vertex(0, -1, 5)
Size: 114
Key: Vertex(0, 1, 3) -> Value: Vertex(0, 1, 3)
Size: 114
Key: Vertex(-1, -1, 2) -> Value: Vertex(0, -1, 4)
Size: 114
Key: Vertex(0, 1, 4) -> Value: Vertex(0, 1, 4)
Size: 114
Key: Vertex(-1, -1, 3) -> Value: Vertex(0, 0, 5)
Size: 114
Key: Vertex(-1, -1, 4) -> Value: Vertex(-2, -1, 2)
Size: 114
Key: Vertex(0, 1, 5) -> Value: Vertex(0, 0, 3)
Size: 114
Key: Vertex(-1, -1, 5) -> Value: Vertex(-1, -2, 3)
Size: 114
Key: Vertex(0, 2, 0) -> Value: Vertex(0, 1, 4)
Size: 114
Key: Vertex(-1, 0, 0) -> Value: Vertex(-2, -1, 2)
Size: 114
Key: Vertex(0, 2, 1) -> Value: Vertex(0, 1, 3)
Size: 114
Key: Vertex(-1, 0, 1) -> Value: Vertex(0, 0, 5)
Size: 114
Key: Vertex(0, 2, 2) -> Value: Vertex(1, 2, 4)
Size: 114
Key: Vertex(0, 2, 3) -> Value: Vertex(0, 2, 3)
Size: 114
Key: Vertex(-1, 0, 2) -> Value: Vertex(0, 0, 4)
Size: 114
Key: Vertex(-1, 0, 3) -> Value: Vertex(-2, 1, 1)
Size: 114
Key: Vertex(0, 2, 4) -> Value: Vertex(0, 2, 4)
Size: 114
Key: Vertex(-1, 0, 4) -> Value: Vertex(-2, 1, 0)
Size: 114
Key: Vertex(0, 2, 5) -> Value: Vertex(0, 2, 5)
Size: 114
Key: Vertex(-1, 0, 5) -> Value: Vertex(-2, 0, 1)
Size: 114
Key: Vertex(-1, 1, 0) -> Value: Vertex(0, 0, 4)
Size: 114
Key: Vertex(-2, -1, 0) -> Value: Vertex(-1, -2, 4)
Size: 114
Key: Vertex(-1, 1, 1) -> Value: Vertex(0, 0, 3)
Size: 114
Key: Vertex(-1, 1, 2) -> Value: Vertex(0, 1, 4)
Size: 114
Key: Vertex(-2, -1, 1) -> Value: Vertex(-1, -2, 3)
Size: 114
Key: Vertex(-2, -1, 2) -> Value: Vertex(-2, -1, 2)
Size: 114
Key: Vertex(-1, 1, 3) -> Value: Vertex(0, 2, 5)
Size: 114
Key: Vertex(-2, -1, 3) -> Value: Vertex(-2, 0, 1)
Size: 114
Key: Vertex(-1, 1, 4) -> Value: Vertex(-2, 1, 2)
Size: 114
Key: Vertex(-2, -1, 4) -> Value: Vertex(-2, 0, 0)
Size: 114
Key: Vertex(-1, 1, 5) -> Value: Vertex(-2, 1, 1)
Size: 114
Key: Vertex(-2, -1, 5) -> Value: Vertex(-2, -1, 5)
Size: 114
Key: Vertex(-1, 2, 0) -> Value: Vertex(-2, 1, 2)
Size: 114
Key: Vertex(-2, 0, 0) -> Value: Vertex(-2, 0, 0)
Size: 114
Key: Vertex(-1, 2, 1) -> Value: Vertex(0, 2, 5)
Size: 114
Key: Vertex(-2, 0, 1) -> Value: Vertex(-2, 0, 1)
Size: 114
Key: Vertex(-1, 2, 2) -> Value: Vertex(0, 2, 4)
Size: 114
Key: Vertex(-2, 0, 2) -> Value: Vertex(-2, 1, 0)
Size: 114
Key: Vertex(-1, 2, 3) -> Value: Vertex(-1, 2, 3)
Size: 114
Key: Vertex(-2, 0, 3) -> Value: Vertex(-2, 1, 5)
Size: 114
Key: Vertex(-1, 2, 4) -> Value: Vertex(-1, 2, 4)
Size: 114
Key: Vertex(2, 0, 0) -> Value: Vertex(1, -1, 2)
Size: 114
Key: Vertex(-1, 2, 5) -> Value: Vertex(-2, 1, 3)
Size: 114
Key: Vertex(-2, 0, 4) -> Value: Vertex(-2, 0, 4)
Size: 114
Key: Vertex(2, 0, 1) -> Value: Vertex(2, 0, 1)
Size: 114
Key: Vertex(1, -2, 0) -> Value: Vertex(1, -2, 0)
Size: 114
Key: Vertex(-2, 0, 5) -> Value: Vertex(-2, 0, 5)
Size: 114
Key: Vertex(1, -2, 1) -> Value: Vertex(1, -2, 1)
Size: 114
Key: Vertex(2, 0, 2) -> Value: Vertex(2, 0, 2)
Size: 114
Key: Vertex(2, 0, 3) -> Value: Vertex(1, 1, 1)
Size: 114
Key: Vertex(1, -2, 2) -> Value: Vertex(1, -2, 2)
Size: 114
Key: Vertex(2, 0, 4) -> Value: Vertex(1, 1, 0)
Size: 114
Key: Vertex(1, -2, 3) -> Value: Vertex(0, -1, 1)
Size: 114
Key: Vertex(1, -2, 4) -> Value: Vertex(0, -1, 0)
Size: 114
Key: Vertex(2, 0, 5) -> Value: Vertex(1, -1, 3)
Size: 114
Key: Vertex(1, -2, 5) -> Value: Vertex(0, -2, 1)
Size: 114
Key: Vertex(-2, 1, 0) -> Value: Vertex(-2, 1, 0)
Size: 114
Key: Vertex(-2, 1, 1) -> Value: Vertex(-2, 1, 1)
Size: 114
Key: Vertex(-2, 1, 2) -> Value: Vertex(-2, 1, 2)
Size: 114
Key: Vertex(-2, 1, 3) -> Value: Vertex(-2, 1, 3)
Size: 114
Berechnete einzigartige Edges: 72
✓ Authentisches CATAN-Board initialisiert: 54 Siedlungen, 72 Straßen
]]></system-out>
  </testcase>
  <testcase name="testTrading" classname="com.catan.model.CatanGameTest" time="0.016">
    <system-out><![CDATA[Vertex dir=0 q: -1 r: -2 x=441.43593539448983 roundedX=441.0 y=80.0 roundedY=80.0
Vertex dir=1 q: -1 r: -2 x=510.71796769724494 roundedX=511.0 y=120.0 roundedY=120.0
Vertex dir=2 q: -1 r: -2 x=510.71796769724494 roundedX=511.0 y=200.0 roundedY=200.0
Vertex dir=3 q: -1 r: -2 x=441.43593539448983 roundedX=441.0 y=240.0 roundedY=240.0
Vertex dir=4 q: -1 r: -2 x=372.1539030917347 roundedX=372.0 y=200.00000000000003 roundedY=200.0
Vertex dir=5 q: -1 r: -2 x=372.1539030917347 roundedX=372.0 y=120.0 roundedY=120.0
Vertex dir=0 q: 0 r: -1 x=649.282032302755 roundedX=649.0 y=200.0 roundedY=200.0
Vertex dir=1 q: 0 r: -1 x=718.5640646055101 roundedX=719.0 y=240.0 roundedY=240.0
Vertex dir=2 q: 0 r: -1 x=718.5640646055101 roundedX=719.0 y=320.0 roundedY=320.0
Vertex dir=3 q: 0 r: -1 x=649.282032302755 roundedX=649.0 y=360.0 roundedY=360.0
Vertex dir=4 q: 0 r: -1 x=580.0 roundedX=580.0 y=320.0 roundedY=320.0
Vertex dir=5 q: 0 r: -1 x=580.0 roundedX=580.0 y=240.0 roundedY=240.0
Vertex dir=0 q: 0 r: 0 x=580.0 roundedX=580.0 y=320.0 roundedY=320.0
Vertex dir=1 q: 0 r: 0 x=649.282032302755 roundedX=649.0 y=360.0 roundedY=360.0
Vertex dir=2 q: 0 r: 0 x=649.282032302755 roundedX=649.0 y=440.0 roundedY=440.0
Vertex dir=3 q: 0 r: 0 x=580.0 roundedX=580.0 y=480.0 roundedY=480.0
Vertex dir=4 q: 0 r: 0 x=510.71796769724494 roundedX=511.0 y=440.0 roundedY=440.0
Vertex dir=5 q: 0 r: 0 x=510.71796769724494 roundedX=511.0 y=360.0 roundedY=360.0
Vertex dir=0 q: 1 r: 1 x=787.8460969082653 roundedX=788.0 y=440.0 roundedY=440.0
Vertex dir=1 q: 1 r: 1 x=857.1281292110203 roundedX=857.0 y=480.0 roundedY=480.0
Vertex dir=2 q: 1 r: 1 x=857.1281292110203 roundedX=857.0 y=560.0 roundedY=560.0
Vertex dir=3 q: 1 r: 1 x=787.8460969082653 roundedX=788.0 y=600.0 roundedY=600.0
Vertex dir=4 q: 1 r: 1 x=718.5640646055102 roundedX=719.0 y=560.0 roundedY=560.0
Vertex dir=5 q: 1 r: 1 x=718.5640646055102 roundedX=719.0 y=480.0 roundedY=480.0
Vertex dir=0 q: 0 r: -2 x=580.0 roundedX=580.0 y=80.0 roundedY=80.0
Vertex dir=1 q: 0 r: -2 x=649.282032302755 roundedX=649.0 y=120.0 roundedY=120.0
Vertex dir=2 q: 0 r: -2 x=649.282032302755 roundedX=649.0 y=200.0 roundedY=200.0
Vertex dir=3 q: 0 r: -2 x=580.0 roundedX=580.0 y=240.0 roundedY=240.0
Vertex dir=4 q: 0 r: -2 x=510.71796769724494 roundedX=511.0 y=200.00000000000003 roundedY=200.0
Vertex dir=5 q: 0 r: -2 x=510.71796769724494 roundedX=511.0 y=120.0 roundedY=120.0
Vertex dir=0 q: 0 r: 1 x=649.282032302755 roundedX=649.0 y=440.0 roundedY=440.0
Vertex dir=1 q: 0 r: 1 x=718.5640646055101 roundedX=719.0 y=480.0 roundedY=480.0
Vertex dir=2 q: 0 r: 1 x=718.5640646055101 roundedX=719.0 y=560.0 roundedY=560.0
Vertex dir=3 q: 0 r: 1 x=649.282032302755 roundedX=649.0 y=600.0 roundedY=600.0
Vertex dir=4 q: 0 r: 1 x=580.0 roundedX=580.0 y=560.0 roundedY=560.0
Vertex dir=5 q: 0 r: 1 x=580.0 roundedX=580.0 y=480.0 roundedY=480.0
Vertex dir=0 q: 1 r: 2 x=718.5640646055101 roundedX=719.0 y=560.0 roundedY=560.0
Vertex dir=1 q: 1 r: 2 x=787.8460969082652 roundedX=788.0 y=600.0 roundedY=600.0
Vertex dir=2 q: 1 r: 2 x=787.8460969082652 roundedX=788.0 y=680.0 roundedY=680.0
Vertex dir=3 q: 1 r: 2 x=718.5640646055101 roundedX=719.0 y=720.0 roundedY=720.0
Vertex dir=4 q: 1 r: 2 x=649.282032302755 roundedX=649.0 y=680.0 roundedY=680.0
Vertex dir=5 q: 1 r: 2 x=649.282032302755 roundedX=649.0 y=600.0 roundedY=600.0
Vertex dir=0 q: 0 r: 2 x=580.0 roundedX=580.0 y=560.0 roundedY=560.0
Vertex dir=1 q: 0 r: 2 x=649.282032302755 roundedX=649.0 y=600.0 roundedY=600.0
Vertex dir=2 q: 0 r: 2 x=649.282032302755 roundedX=649.0 y=680.0 roundedY=680.0
Vertex dir=3 q: 0 r: 2 x=580.0 roundedX=580.0 y=720.0 roundedY=720.0
Vertex dir=4 q: 0 r: 2 x=510.71796769724494 roundedX=511.0 y=680.0 roundedY=680.0
Vertex dir=5 q: 0 r: 2 x=510.71796769724494 roundedX=511.0 y=600.0 roundedY=600.0
Vertex dir=0 q: -2 r: 1 x=372.1539030917347 roundedX=372.0 y=440.0 roundedY=440.0
Vertex dir=1 q: -2 r: 1 x=441.4359353944898 roundedX=441.0 y=480.0 roundedY=480.0
Vertex dir=2 q: -2 r: 1 x=441.43593539448983 roundedX=441.0 y=560.0 roundedY=560.0
Vertex dir=3 q: -2 r: 1 x=372.1539030917347 roundedX=372.0 y=600.0 roundedY=600.0
Vertex dir=4 q: -2 r: 1 x=302.87187078897966 roundedX=303.0 y=560.0 roundedY=560.0
Vertex dir=5 q: -2 r: 1 x=302.87187078897966 roundedX=303.0 y=480.0 roundedY=480.0
Vertex dir=0 q: -1 r: 2 x=441.43593539448983 roundedX=441.0 y=560.0 roundedY=560.0
Vertex dir=1 q: -1 r: 2 x=510.71796769724494 roundedX=511.0 y=600.0 roundedY=600.0
Vertex dir=2 q: -1 r: 2 x=510.71796769724494 roundedX=511.0 y=680.0 roundedY=680.0
Vertex dir=3 q: -1 r: 2 x=441.43593539448983 roundedX=441.0 y=720.0 roundedY=720.0
Vertex dir=4 q: -1 r: 2 x=372.1539030917347 roundedX=372.0 y=680.0 roundedY=680.0
Vertex dir=5 q: -1 r: 2 x=372.1539030917347 roundedX=372.0 y=600.0 roundedY=600.0
Vertex dir=0 q: 1 r: -2 x=718.5640646055101 roundedX=719.0 y=80.0 roundedY=80.0
Vertex dir=1 q: 1 r: -2 x=787.8460969082652 roundedX=788.0 y=120.0 roundedY=120.0
Vertex dir=2 q: 1 r: -2 x=787.8460969082652 roundedX=788.0 y=200.0 roundedY=200.0
Vertex dir=3 q: 1 r: -2 x=718.5640646055101 roundedX=719.0 y=240.0 roundedY=240.0
Vertex dir=4 q: 1 r: -2 x=649.282032302755 roundedX=649.0 y=200.00000000000003 roundedY=200.0
Vertex dir=5 q: 1 r: -2 x=649.282032302755 roundedX=649.0 y=120.0 roundedY=120.0
Vertex dir=0 q: -2 r: 0 x=302.87187078897966 roundedX=303.0 y=320.0 roundedY=320.0
Vertex dir=1 q: -2 r: 0 x=372.1539030917347 roundedX=372.0 y=360.0 roundedY=360.0
Vertex dir=2 q: -2 r: 0 x=372.1539030917348 roundedX=372.0 y=440.0 roundedY=440.0
Vertex dir=3 q: -2 r: 0 x=302.87187078897966 roundedX=303.0 y=480.0 roundedY=480.0
Vertex dir=4 q: -2 r: 0 x=233.58983848622458 roundedX=234.0 y=440.0 roundedY=440.0
Vertex dir=5 q: -2 r: 0 x=233.58983848622458 roundedX=234.0 y=360.0 roundedY=360.0
Vertex dir=0 q: -1 r: 1 x=510.71796769724494 roundedX=511.0 y=440.0 roundedY=440.0
Vertex dir=1 q: -1 r: 1 x=580.0 roundedX=580.0 y=480.0 roundedY=480.0
Vertex dir=2 q: -1 r: 1 x=580.0 roundedX=580.0 y=560.0 roundedY=560.0
Vertex dir=3 q: -1 r: 1 x=510.71796769724494 roundedX=511.0 y=600.0 roundedY=600.0
Vertex dir=4 q: -1 r: 1 x=441.4359353944899 roundedX=441.0 y=560.0 roundedY=560.0
Vertex dir=5 q: -1 r: 1 x=441.4359353944899 roundedX=441.0 y=480.0 roundedY=480.0
Vertex dir=0 q: -2 r: -1 x=372.1539030917347 roundedX=372.0 y=200.0 roundedY=200.0
Vertex dir=1 q: -2 r: -1 x=441.4359353944898 roundedX=441.0 y=240.0 roundedY=240.0
Vertex dir=2 q: -2 r: -1 x=441.43593539448983 roundedX=441.0 y=320.0 roundedY=320.0
Vertex dir=3 q: -2 r: -1 x=372.1539030917347 roundedX=372.0 y=360.0 roundedY=360.0
Vertex dir=4 q: -2 r: -1 x=302.87187078897966 roundedX=303.0 y=320.0 roundedY=320.0
Vertex dir=5 q: -2 r: -1 x=302.87187078897966 roundedX=303.0 y=240.0 roundedY=240.0
Vertex dir=0 q: 1 r: -1 x=787.8460969082653 roundedX=788.0 y=200.0 roundedY=200.0
Vertex dir=1 q: 1 r: -1 x=857.1281292110203 roundedX=857.0 y=240.0 roundedY=240.0
Vertex dir=2 q: 1 r: -1 x=857.1281292110203 roundedX=857.0 y=320.0 roundedY=320.0
Vertex dir=3 q: 1 r: -1 x=787.8460969082653 roundedX=788.0 y=360.0 roundedY=360.0
Vertex dir=4 q: 1 r: -1 x=718.5640646055102 roundedX=719.0 y=320.0 roundedY=320.0
Vertex dir=5 q: 1 r: -1 x=718.5640646055102 roundedX=719.0 y=240.0 roundedY=240.0
Vertex dir=0 q: -1 r: 0 x=441.43593539448983 roundedX=441.0 y=320.0 roundedY=320.0
Vertex dir=1 q: -1 r: 0 x=510.71796769724494 roundedX=511.0 y=360.0 roundedY=360.0
Vertex dir=2 q: -1 r: 0 x=510.71796769724494 roundedX=511.0 y=440.0 roundedY=440.0
Vertex dir=3 q: -1 r: 0 x=441.43593539448983 roundedX=441.0 y=480.0 roundedY=480.0
Vertex dir=4 q: -1 r: 0 x=372.1539030917347 roundedX=372.0 y=440.0 roundedY=440.0
Vertex dir=5 q: -1 r: 0 x=372.1539030917347 roundedX=372.0 y=360.0 roundedY=360.0
Vertex dir=0 q: 2 r: 0 x=857.1281292110203 roundedX=857.0 y=320.0 roundedY=320.0
Vertex dir=1 q: 2 r: 0 x=926.4101615137754 roundedX=926.0 y=360.0 roundedY=360.0
Vertex dir=2 q: 2 r: 0 x=926.4101615137754 roundedX=926.0 y=440.0 roundedY=440.0
Vertex dir=3 q: 2 r: 0 x=857.1281292110203 roundedX=857.0 y=480.0 roundedY=480.0
Vertex dir=4 q: 2 r: 0 x=787.8460969082653 roundedX=788.0 y=440.0 roundedY=440.0
Vertex dir=5 q: 2 r: 0 x=787.8460969082653 roundedX=788.0 y=360.0 roundedY=360.0
Vertex dir=0 q: -1 r: -1 x=510.71796769724494 roundedX=511.0 y=200.0 roundedY=200.0
Vertex dir=1 q: -1 r: -1 x=580.0 roundedX=580.0 y=240.0 roundedY=240.0
Vertex dir=2 q: -1 r: -1 x=580.0 roundedX=580.0 y=320.0 roundedY=320.0
Vertex dir=3 q: -1 r: -1 x=510.71796769724494 roundedX=511.0 y=360.0 roundedY=360.0
Vertex dir=4 q: -1 r: -1 x=441.4359353944899 roundedX=441.0 y=320.0 roundedY=320.0
Vertex dir=5 q: -1 r: -1 x=441.4359353944899 roundedX=441.0 y=240.0 roundedY=240.0
Vertex dir=0 q: 1 r: 0 x=718.5640646055101 roundedX=719.0 y=320.0 roundedY=320.0
Vertex dir=1 q: 1 r: 0 x=787.8460969082652 roundedX=788.0 y=360.0 roundedY=360.0
Vertex dir=2 q: 1 r: 0 x=787.8460969082652 roundedX=788.0 y=440.0 roundedY=440.0
Vertex dir=3 q: 1 r: 0 x=718.5640646055101 roundedX=719.0 y=480.0 roundedY=480.0
Vertex dir=4 q: 1 r: 0 x=649.282032302755 roundedX=649.0 y=440.0 roundedY=440.0
Vertex dir=5 q: 1 r: 0 x=649.282032302755 roundedX=649.0 y=360.0 roundedY=360.0
Key X: 580.0Key Y: 560.0, Value: [Vertex(0, 1, 4), Vertex(0, 2, 0), Vertex(-1, 1, 2)]
Key X: 857.0Key Y: 320.0, Value: [Vertex(1, -1, 2), Vertex(2, 0, 0)]
Key X: 719.0Key Y: 480.0, Value: [Vertex(1, 1, 5), Vertex(0, 1, 1), Vertex(1, 0, 3)]
Key X: 580.0Key Y: 720.0, Value: [Vertex(0, 2, 3)]
Key X: 719.0Key Y: 560.0, Value: [Vertex(1, 1, 4), Vertex(0, 1, 2), Vertex(1, 2, 0)]
Key X: 441.0Key Y: 80.0, Value: [Vertex(-1, -2, 0)]
Key X: 857.0Key Y: 480.0, Value: [Vertex(1, 1, 1), Vertex(2, 0, 3)]
Key X: 719.0Key Y: 720.0, Value: [Vertex(1, 2, 3)]
Key X: 857.0Key Y: 560.0, Value: [Vertex(1, 1, 2)]
Key X: 372.0Key Y: 120.0, Value: [Vertex(-1, -2, 5)]
Key X: 303.0Key Y: 240.0, Value: [Vertex(-2, -1, 5)]
Key X: 372.0Key Y: 200.0, Value: [Vertex(-1, -2, 4), Vertex(-2, -1, 0)]
Key X: 511.0Key Y: 120.0, Value: [Vertex(-1, -2, 1), Vertex(0, -2, 5)]
Key X: 303.0Key Y: 320.0, Value: [Vertex(-2, 0, 0), Vertex(-2, -1, 4)]
Key X: 649.0Key Y: 120.0, Value: [Vertex(0, -2, 1), Vertex(1, -2, 5)]
Key X: 441.0Key Y: 240.0, Value: [Vertex(-1, -2, 3), Vertex(-2, -1, 1), Vertex(-1, -1, 5)]
Key X: 372.0Key Y: 360.0, Value: [Vertex(-2, 0, 1), Vertex(-2, -1, 3), Vertex(-1, 0, 5)]
Key X: 511.0Key Y: 200.0, Value: [Vertex(-1, -2, 2), Vertex(0, -2, 4), Vertex(-1, -1, 0)]
Key X: 788.0Key Y: 120.0, Value: [Vertex(1, -2, 1)]
Key X: 303.0Key Y: 480.0, Value: [Vertex(-2, 1, 5), Vertex(-2, 0, 3)]
Key X: 441.0Key Y: 320.0, Value: [Vertex(-2, -1, 2), Vertex(-1, 0, 0), Vertex(-1, -1, 4)]
Key X: 649.0Key Y: 200.0, Value: [Vertex(0, -1, 0), Vertex(0, -2, 2), Vertex(1, -2, 4)]
Key X: 303.0Key Y: 560.0, Value: [Vertex(-2, 1, 4)]
Key X: 372.0Key Y: 440.0, Value: [Vertex(-2, 1, 0), Vertex(-2, 0, 2), Vertex(-1, 0, 4)]
Key X: 372.0Key Y: 600.0, Value: [Vertex(-2, 1, 3), Vertex(-1, 2, 5)]
Key X: 788.0Key Y: 200.0, Value: [Vertex(1, -2, 2), Vertex(1, -1, 0)]
Key X: 441.0Key Y: 480.0, Value: [Vertex(-2, 1, 1), Vertex(-1, 1, 5), Vertex(-1, 0, 3)]
Key X: 511.0Key Y: 360.0, Value: [Vertex(0, 0, 5), Vertex(-1, 0, 1), Vertex(-1, -1, 3)]
Key X: 441.0Key Y: 560.0, Value: [Vertex(-2, 1, 2), Vertex(-1, 2, 0), Vertex(-1, 1, 4)]
Key X: 372.0Key Y: 680.0, Value: [Vertex(-1, 2, 4)]
Key X: 511.0Key Y: 440.0, Value: [Vertex(0, 0, 4), Vertex(-1, 1, 0), Vertex(-1, 0, 2)]
Key X: 649.0Key Y: 360.0, Value: [Vertex(0, -1, 3), Vertex(0, 0, 1), Vertex(1, 0, 5)]
Key X: 441.0Key Y: 720.0, Value: [Vertex(-1, 2, 3)]
Key X: 788.0Key Y: 360.0, Value: [Vertex(1, -1, 3), Vertex(2, 0, 5), Vertex(1, 0, 1)]
Key X: 511.0Key Y: 600.0, Value: [Vertex(0, 2, 5), Vertex(-1, 2, 1), Vertex(-1, 1, 3)]
Key X: 649.0Key Y: 440.0, Value: [Vertex(0, 0, 2), Vertex(0, 1, 0), Vertex(1, 0, 4)]
Key X: 511.0Key Y: 680.0, Value: [Vertex(0, 2, 4), Vertex(-1, 2, 2)]
Key X: 926.0Key Y: 360.0, Value: [Vertex(2, 0, 1)]
Key X: 649.0Key Y: 600.0, Value: [Vertex(0, 1, 3), Vertex(1, 2, 5), Vertex(0, 2, 1)]
Key X: 788.0Key Y: 440.0, Value: [Vertex(1, 1, 0), Vertex(2, 0, 4), Vertex(1, 0, 2)]
Key X: 649.0Key Y: 680.0, Value: [Vertex(1, 2, 4), Vertex(0, 2, 2)]
Key X: 926.0Key Y: 440.0, Value: [Vertex(2, 0, 2)]
Key X: 788.0Key Y: 600.0, Value: [Vertex(1, 1, 3), Vertex(1, 2, 1)]
Key X: 788.0Key Y: 680.0, Value: [Vertex(1, 2, 2)]
Key X: 580.0Key Y: 80.0, Value: [Vertex(0, -2, 0)]
Key X: 719.0Key Y: 80.0, Value: [Vertex(1, -2, 0)]
Key X: 580.0Key Y: 240.0, Value: [Vertex(0, -1, 5), Vertex(0, -2, 3), Vertex(-1, -1, 1)]
Key X: 234.0Key Y: 360.0, Value: [Vertex(-2, 0, 5)]
Key X: 580.0Key Y: 320.0, Value: [Vertex(0, -1, 4), Vertex(0, 0, 0), Vertex(-1, -1, 2)]
Key X: 234.0Key Y: 440.0, Value: [Vertex(-2, 0, 4)]
Key X: 719.0Key Y: 240.0, Value: [Vertex(0, -1, 1), Vertex(1, -2, 3), Vertex(1, -1, 5)]
Key X: 857.0Key Y: 240.0, Value: [Vertex(1, -1, 1)]
Key X: 719.0Key Y: 320.0, Value: [Vertex(0, -1, 2), Vertex(1, -1, 4), Vertex(1, 0, 0)]
Key X: 580.0Key Y: 480.0, Value: [Vertex(0, 0, 3), Vertex(0, 1, 5), Vertex(-1, 1, 1)]
Key: Vertex(-2, 1, 4) -> Value: Vertex(-2, 1, 4)
Size: 114
Key: Vertex(-2, 1, 5) -> Value: Vertex(-2, 1, 5)
Size: 114
Key: Vertex(1, -1, 0) -> Value: Vertex(1, -2, 2)
Size: 114
Key: Vertex(1, -1, 1) -> Value: Vertex(1, -1, 1)
Size: 114
Key: Vertex(1, -1, 2) -> Value: Vertex(1, -1, 2)
Size: 114
Key: Vertex(1, -1, 3) -> Value: Vertex(1, -1, 3)
Size: 114
Key: Vertex(1, -1, 4) -> Value: Vertex(0, -1, 2)
Size: 114
Key: Vertex(1, -1, 5) -> Value: Vertex(0, -1, 1)
Size: 114
Key: Vertex(1, 0, 0) -> Value: Vertex(0, -1, 2)
Size: 114
Key: Vertex(1, 0, 1) -> Value: Vertex(1, -1, 3)
Size: 114
Key: Vertex(0, -2, 0) -> Value: Vertex(0, -2, 0)
Size: 114
Key: Vertex(0, -2, 1) -> Value: Vertex(0, -2, 1)
Size: 114
Key: Vertex(1, 0, 2) -> Value: Vertex(1, 1, 0)
Size: 114
Key: Vertex(1, 0, 3) -> Value: Vertex(1, 1, 5)
Size: 114
Key: Vertex(0, -2, 2) -> Value: Vertex(0, -1, 0)
Size: 114
Key: Vertex(1, 0, 4) -> Value: Vertex(0, 0, 2)
Size: 114
Key: Vertex(0, -2, 3) -> Value: Vertex(0, -1, 5)
Size: 114
Key: Vertex(0, -2, 4) -> Value: Vertex(-1, -2, 2)
Size: 114
Key: Vertex(1, 0, 5) -> Value: Vertex(0, -1, 3)
Size: 114
Key: Vertex(0, -2, 5) -> Value: Vertex(-1, -2, 1)
Size: 114
Key: Vertex(1, 1, 0) -> Value: Vertex(1, 1, 0)
Size: 114
Key: Vertex(1, 1, 1) -> Value: Vertex(1, 1, 1)
Size: 114
Key: Vertex(0, -1, 0) -> Value: Vertex(0, -1, 0)
Size: 114
Key: Vertex(1, 1, 2) -> Value: Vertex(1, 1, 2)
Size: 114
Key: Vertex(0, -1, 1) -> Value: Vertex(0, -1, 1)
Size: 114
Key: Vertex(1, 1, 3) -> Value: Vertex(1, 1, 3)
Size: 114
Key: Vertex(0, -1, 2) -> Value: Vertex(0, -1, 2)
Size: 114
Key: Vertex(1, 1, 4) -> Value: Vertex(1, 1, 4)
Size: 114
Key: Vertex(0, -1, 3) -> Value: Vertex(0, -1, 3)
Size: 114
Key: Vertex(1, 1, 5) -> Value: Vertex(1, 1, 5)
Size: 114
Key: Vertex(0, -1, 4) -> Value: Vertex(0, -1, 4)
Size: 114
Key: Vertex(0, -1, 5) -> Value: Vertex(0, -1, 5)
Size: 114
Key: Vertex(1, 2, 0) -> Value: Vertex(1, 1, 4)
Size: 114
Key: Vertex(1, 2, 1) -> Value: Vertex(1, 1, 3)
Size: 114
Key: Vertex(0, 0, 0) -> Value: Vertex(0, -1, 4)
Size: 114
Key: Vertex(-1, -2, 0) -> Value: Vertex(-1, -2, 0)
Size: 114
Key: Vertex(0, 0, 1) -> Value: Vertex(0, -1, 3)
Size: 114
Key: Vertex(1, 2, 2) -> Value: Vertex(1, 2, 2)
Size: 114
Key: Vertex(1, 2, 3) -> Value: Vertex(1, 2, 3)
Size: 114
Key: Vertex(-1, -2, 1) -> Value: Vertex(-1, -2, 1)
Size: 114
Key: Vertex(0, 0, 2) -> Value: Vertex(0, 0, 2)
Size: 114
Key: Vertex(-1, -2, 2) -> Value: Vertex(-1, -2, 2)
Size: 114
Key: Vertex(1, 2, 4) -> Value: Vertex(1, 2, 4)
Size: 114
Key: Vertex(0, 0, 3) -> Value: Vertex(0, 0, 3)
Size: 114
Key: Vertex(-1, -2, 3) -> Value: Vertex(-1, -2, 3)
Size: 114
Key: Vertex(0, 0, 4) -> Value: Vertex(0, 0, 4)
Size: 114
Key: Vertex(1, 2, 5) -> Value: Vertex(0, 1, 3)
Size: 114
Key: Vertex(-1, -2, 4) -> Value: Vertex(-1, -2, 4)
Size: 114
Key: Vertex(0, 0, 5) -> Value: Vertex(0, 0, 5)
Size: 114
Key: Vertex(-1, -2, 5) -> Value: Vertex(-1, -2, 5)
Size: 114
Key: Vertex(0, 1, 0) -> Value: Vertex(0, 0, 2)
Size: 114
Key: Vertex(0, 1, 1) -> Value: Vertex(1, 1, 5)
Size: 114
Key: Vertex(-1, -1, 0) -> Value: Vertex(-1, -2, 2)
Size: 114
Key: Vertex(0, 1, 2) -> Value: Vertex(1, 1, 4)
Size: 114
Key: Vertex(-1, -1, 1) -> Value: Vertex(0, -1, 5)
Size: 114
Key: Vertex(0, 1, 3) -> Value: Vertex(0, 1, 3)
Size: 114
Key: Vertex(-1, -1, 2) -> Value: Vertex(0, -1, 4)
Size: 114
Key: Vertex(0, 1, 4) -> Value: Vertex(0, 1, 4)
Size: 114
Key: Vertex(-1, -1, 3) -> Value: Vertex(0, 0, 5)
Size: 114
Key: Vertex(-1, -1, 4) -> Value: Vertex(-2, -1, 2)
Size: 114
Key: Vertex(0, 1, 5) -> Value: Vertex(0, 0, 3)
Size: 114
Key: Vertex(-1, -1, 5) -> Value: Vertex(-1, -2, 3)
Size: 114
Key: Vertex(0, 2, 0) -> Value: Vertex(0, 1, 4)
Size: 114
Key: Vertex(-1, 0, 0) -> Value: Vertex(-2, -1, 2)
Size: 114
Key: Vertex(0, 2, 1) -> Value: Vertex(0, 1, 3)
Size: 114
Key: Vertex(-1, 0, 1) -> Value: Vertex(0, 0, 5)
Size: 114
Key: Vertex(0, 2, 2) -> Value: Vertex(1, 2, 4)
Size: 114
Key: Vertex(0, 2, 3) -> Value: Vertex(0, 2, 3)
Size: 114
Key: Vertex(-1, 0, 2) -> Value: Vertex(0, 0, 4)
Size: 114
Key: Vertex(-1, 0, 3) -> Value: Vertex(-2, 1, 1)
Size: 114
Key: Vertex(0, 2, 4) -> Value: Vertex(0, 2, 4)
Size: 114
Key: Vertex(-1, 0, 4) -> Value: Vertex(-2, 1, 0)
Size: 114
Key: Vertex(0, 2, 5) -> Value: Vertex(0, 2, 5)
Size: 114
Key: Vertex(-1, 0, 5) -> Value: Vertex(-2, 0, 1)
Size: 114
Key: Vertex(-1, 1, 0) -> Value: Vertex(0, 0, 4)
Size: 114
Key: Vertex(-2, -1, 0) -> Value: Vertex(-1, -2, 4)
Size: 114
Key: Vertex(-1, 1, 1) -> Value: Vertex(0, 0, 3)
Size: 114
Key: Vertex(-1, 1, 2) -> Value: Vertex(0, 1, 4)
Size: 114
Key: Vertex(-2, -1, 1) -> Value: Vertex(-1, -2, 3)
Size: 114
Key: Vertex(-2, -1, 2) -> Value: Vertex(-2, -1, 2)
Size: 114
Key: Vertex(-1, 1, 3) -> Value: Vertex(0, 2, 5)
Size: 114
Key: Vertex(-2, -1, 3) -> Value: Vertex(-2, 0, 1)
Size: 114
Key: Vertex(-1, 1, 4) -> Value: Vertex(-2, 1, 2)
Size: 114
Key: Vertex(-2, -1, 4) -> Value: Vertex(-2, 0, 0)
Size: 114
Key: Vertex(-1, 1, 5) -> Value: Vertex(-2, 1, 1)
Size: 114
Key: Vertex(-2, -1, 5) -> Value: Vertex(-2, -1, 5)
Size: 114
Key: Vertex(-1, 2, 0) -> Value: Vertex(-2, 1, 2)
Size: 114
Key: Vertex(-2, 0, 0) -> Value: Vertex(-2, 0, 0)
Size: 114
Key: Vertex(-1, 2, 1) -> Value: Vertex(0, 2, 5)
Size: 114
Key: Vertex(-2, 0, 1) -> Value: Vertex(-2, 0, 1)
Size: 114
Key: Vertex(-1, 2, 2) -> Value: Vertex(0, 2, 4)
Size: 114
Key: Vertex(-2, 0, 2) -> Value: Vertex(-2, 1, 0)
Size: 114
Key: Vertex(-1, 2, 3) -> Value: Vertex(-1, 2, 3)
Size: 114
Key: Vertex(-2, 0, 3) -> Value: Vertex(-2, 1, 5)
Size: 114
Key: Vertex(-1, 2, 4) -> Value: Vertex(-1, 2, 4)
Size: 114
Key: Vertex(2, 0, 0) -> Value: Vertex(1, -1, 2)
Size: 114
Key: Vertex(-1, 2, 5) -> Value: Vertex(-2, 1, 3)
Size: 114
Key: Vertex(-2, 0, 4) -> Value: Vertex(-2, 0, 4)
Size: 114
Key: Vertex(2, 0, 1) -> Value: Vertex(2, 0, 1)
Size: 114
Key: Vertex(1, -2, 0) -> Value: Vertex(1, -2, 0)
Size: 114
Key: Vertex(-2, 0, 5) -> Value: Vertex(-2, 0, 5)
Size: 114
Key: Vertex(1, -2, 1) -> Value: Vertex(1, -2, 1)
Size: 114
Key: Vertex(2, 0, 2) -> Value: Vertex(2, 0, 2)
Size: 114
Key: Vertex(2, 0, 3) -> Value: Vertex(1, 1, 1)
Size: 114
Key: Vertex(1, -2, 2) -> Value: Vertex(1, -2, 2)
Size: 114
Key: Vertex(2, 0, 4) -> Value: Vertex(1, 1, 0)
Size: 114
Key: Vertex(1, -2, 3) -> Value: Vertex(0, -1, 1)
Size: 114
Key: Vertex(1, -2, 4) -> Value: Vertex(0, -1, 0)
Size: 114
Key: Vertex(2, 0, 5) -> Value: Vertex(1, -1, 3)
Size: 114
Key: Vertex(1, -2, 5) -> Value: Vertex(0, -2, 1)
Size: 114
Key: Vertex(-2, 1, 0) -> Value: Vertex(-2, 1, 0)
Size: 114
Key: Vertex(-2, 1, 1) -> Value: Vertex(-2, 1, 1)
Size: 114
Key: Vertex(-2, 1, 2) -> Value: Vertex(-2, 1, 2)
Size: 114
Key: Vertex(-2, 1, 3) -> Value: Vertex(-2, 1, 3)
Size: 114
Vertex dir=0 q: -1 r: -2 x=441.43593539448983 roundedX=441.0 y=80.0 roundedY=80.0
Vertex dir=1 q: -1 r: -2 x=510.71796769724494 roundedX=511.0 y=120.0 roundedY=120.0
Vertex dir=2 q: -1 r: -2 x=510.71796769724494 roundedX=511.0 y=200.0 roundedY=200.0
Vertex dir=3 q: -1 r: -2 x=441.43593539448983 roundedX=441.0 y=240.0 roundedY=240.0
Vertex dir=4 q: -1 r: -2 x=372.1539030917347 roundedX=372.0 y=200.00000000000003 roundedY=200.0
Vertex dir=5 q: -1 r: -2 x=372.1539030917347 roundedX=372.0 y=120.0 roundedY=120.0
Vertex dir=0 q: 0 r: -1 x=649.282032302755 roundedX=649.0 y=200.0 roundedY=200.0
Vertex dir=1 q: 0 r: -1 x=718.5640646055101 roundedX=719.0 y=240.0 roundedY=240.0
Vertex dir=2 q: 0 r: -1 x=718.5640646055101 roundedX=719.0 y=320.0 roundedY=320.0
Vertex dir=3 q: 0 r: -1 x=649.282032302755 roundedX=649.0 y=360.0 roundedY=360.0
Vertex dir=4 q: 0 r: -1 x=580.0 roundedX=580.0 y=320.0 roundedY=320.0
Vertex dir=5 q: 0 r: -1 x=580.0 roundedX=580.0 y=240.0 roundedY=240.0
Vertex dir=0 q: 0 r: 0 x=580.0 roundedX=580.0 y=320.0 roundedY=320.0
Vertex dir=1 q: 0 r: 0 x=649.282032302755 roundedX=649.0 y=360.0 roundedY=360.0
Vertex dir=2 q: 0 r: 0 x=649.282032302755 roundedX=649.0 y=440.0 roundedY=440.0
Vertex dir=3 q: 0 r: 0 x=580.0 roundedX=580.0 y=480.0 roundedY=480.0
Vertex dir=4 q: 0 r: 0 x=510.71796769724494 roundedX=511.0 y=440.0 roundedY=440.0
Vertex dir=5 q: 0 r: 0 x=510.71796769724494 roundedX=511.0 y=360.0 roundedY=360.0
Vertex dir=0 q: 1 r: 1 x=787.8460969082653 roundedX=788.0 y=440.0 roundedY=440.0
Vertex dir=1 q: 1 r: 1 x=857.1281292110203 roundedX=857.0 y=480.0 roundedY=480.0
Vertex dir=2 q: 1 r: 1 x=857.1281292110203 roundedX=857.0 y=560.0 roundedY=560.0
Vertex dir=3 q: 1 r: 1 x=787.8460969082653 roundedX=788.0 y=600.0 roundedY=600.0
Vertex dir=4 q: 1 r: 1 x=718.5640646055102 roundedX=719.0 y=560.0 roundedY=560.0
Vertex dir=5 q: 1 r: 1 x=718.5640646055102 roundedX=719.0 y=480.0 roundedY=480.0
Vertex dir=0 q: 0 r: -2 x=580.0 roundedX=580.0 y=80.0 roundedY=80.0
Vertex dir=1 q: 0 r: -2 x=649.282032302755 roundedX=649.0 y=120.0 roundedY=120.0
Vertex dir=2 q: 0 r: -2 x=649.282032302755 roundedX=649.0 y=200.0 roundedY=200.0
Vertex dir=3 q: 0 r: -2 x=580.0 roundedX=580.0 y=240.0 roundedY=240.0
Vertex dir=4 q: 0 r: -2 x=510.71796769724494 roundedX=511.0 y=200.00000000000003 roundedY=200.0
Vertex dir=5 q: 0 r: -2 x=510.71796769724494 roundedX=511.0 y=120.0 roundedY=120.0
Vertex dir=0 q: 0 r: 1 x=649.282032302755 roundedX=649.0 y=440.0 roundedY=440.0
Vertex dir=1 q: 0 r: 1 x=718.5640646055101 roundedX=719.0 y=480.0 roundedY=480.0
Vertex dir=2 q: 0 r: 1 x=718.5640646055101 roundedX=719.0 y=560.0 roundedY=560.0
Vertex dir=3 q: 0 r: 1 x=649.282032302755 roundedX=649.0 y=600.0 roundedY=600.0
Vertex dir=4 q: 0 r: 1 x=580.0 roundedX=580.0 y=560.0 roundedY=560.0
Vertex dir=5 q: 0 r: 1 x=580.0 roundedX=580.0 y=480.0 roundedY=480.0
Vertex dir=0 q: 1 r: 2 x=718.5640646055101 roundedX=719.0 y=560.0 roundedY=560.0
Vertex dir=1 q: 1 r: 2 x=787.8460969082652 roundedX=788.0 y=600.0 roundedY=600.0
Vertex dir=2 q: 1 r: 2 x=787.8460969082652 roundedX=788.0 y=680.0 roundedY=680.0
Vertex dir=3 q: 1 r: 2 x=718.5640646055101 roundedX=719.0 y=720.0 roundedY=720.0
Vertex dir=4 q: 1 r: 2 x=649.282032302755 roundedX=649.0 y=680.0 roundedY=680.0
Vertex dir=5 q: 1 r: 2 x=649.282032302755 roundedX=649.0 y=600.0 roundedY=600.0
Vertex dir=0 q: 0 r: 2 x=580.0 roundedX=580.0 y=560.0 roundedY=560.0
Vertex dir=1 q: 0 r: 2 x=649.282032302755 roundedX=649.0 y=600.0 roundedY=600.0
Vertex dir=2 q: 0 r: 2 x=649.282032302755 roundedX=649.0 y=680.0 roundedY=680.0
Vertex dir=3 q: 0 r: 2 x=580.0 roundedX=580.0 y=720.0 roundedY=720.0
Vertex dir=4 q: 0 r: 2 x=510.71796769724494 roundedX=511.0 y=680.0 roundedY=680.0
Vertex dir=5 q: 0 r: 2 x=510.71796769724494 roundedX=511.0 y=600.0 roundedY=600.0
Vertex dir=0 q: -2 r: 1 x=372.1539030917347 roundedX=372.0 y=440.0 roundedY=440.0
Vertex dir=1 q: -2 r: 1 x=441.4359353944898 roundedX=441.0 y=480.0 roundedY=480.0
Vertex dir=2 q: -2 r: 1 x=441.43593539448983 roundedX=441.0 y=560.0 roundedY=560.0
Vertex dir=3 q: -2 r: 1 x=372.1539030917347 roundedX=372.0 y=600.0 roundedY=600.0
Vertex dir=4 q: -2 r: 1 x=302.87187078897966 roundedX=303.0 y=560.0 roundedY=560.0
Vertex dir=5 q: -2 r: 1 x=302.87187078897966 roundedX=303.0 y=480.0 roundedY=480.0
Vertex dir=0 q: -1 r: 2 x=441.43593539448983 roundedX=441.0 y=560.0 roundedY=560.0
Vertex dir=1 q: -1 r: 2 x=510.71796769724494 roundedX=511.0 y=600.0 roundedY=600.0
Vertex dir=2 q: -1 r: 2 x=510.71796769724494 roundedX=511.0 y=680.0 roundedY=680.0
Vertex dir=3 q: -1 r: 2 x=441.43593539448983 roundedX=441.0 y=720.0 roundedY=720.0
Vertex dir=4 q: -1 r: 2 x=372.1539030917347 roundedX=372.0 y=680.0 roundedY=680.0
Vertex dir=5 q: -1 r: 2 x=372.1539030917347 roundedX=372.0 y=600.0 roundedY=600.0
Vertex dir=0 q: 1 r: -2 x=718.5640646055101 roundedX=719.0 y=80.0 roundedY=80.0
Vertex dir=1 q: 1 r: -2 x=787.8460969082652 roundedX=788.0 y=120.0 roundedY=120.0
Vertex dir=2 q: 1 r: -2 x=787.8460969082652 roundedX=788.0 y=200.0 roundedY=200.0
Vertex dir=3 q: 1 r: -2 x=718.5640646055101 roundedX=719.0 y=240.0 roundedY=240.0
Vertex dir=4 q: 1 r: -2 x=649.282032302755 roundedX=649.0 y=200.00000000000003 roundedY=200.0
Vertex dir=5 q: 1 r: -2 x=649.282032302755 roundedX=649.0 y=120.0 roundedY=120.0
Vertex dir=0 q: -2 r: 0 x=302.87187078897966 roundedX=303.0 y=320.0 roundedY=320.0
Vertex dir=1 q: -2 r: 0 x=372.1539030917347 roundedX=372.0 y=360.0 roundedY=360.0
Vertex dir=2 q: -2 r: 0 x=372.1539030917348 roundedX=372.0 y=440.0 roundedY=440.0
Vertex dir=3 q: -2 r: 0 x=302.87187078897966 roundedX=303.0 y=480.0 roundedY=480.0
Vertex dir=4 q: -2 r: 0 x=233.58983848622458 roundedX=234.0 y=440.0 roundedY=440.0
Vertex dir=5 q: -2 r: 0 x=233.58983848622458 roundedX=234.0 y=360.0 roundedY=360.0
Vertex dir=0 q: -1 r: 1 x=510.71796769724494 roundedX=511.0 y=440.0 roundedY=440.0
Vertex dir=1 q: -1 r: 1 x=580.0 roundedX=580.0 y=480.0 roundedY=480.0
Vertex dir=2 q: -1 r: 1 x=580.0 roundedX=580.0 y=560.0 roundedY=560.0
Vertex dir=3 q: -1 r: 1 x=510.71796769724494 roundedX=511.0 y=600.0 roundedY=600.0
Vertex dir=4 q: -1 r: 1 x=441.4359353944899 roundedX=441.0 y=560.0 roundedY=560.0
Vertex dir=5 q: -1 r: 1 x=441.4359353944899 roundedX=441.0 y=480.0 roundedY=480.0
Vertex dir=0 q: -2 r: -1 x=372.1539030917347 roundedX=372.0 y=200.0 roundedY=200.0
Vertex dir=1 q: -2 r: -1 x=441.4359353944898 roundedX=441.0 y=240.0 roundedY=240.0
Vertex dir=2 q: -2 r: -1 x=441.43593539448983 roundedX=441.0 y=320.0 roundedY=320.0
Vertex dir=3 q: -2 r: -1 x=372.1539030917347 roundedX=372.0 y=360.0 roundedY=360.0
Vertex dir=4 q: -2 r: -1 x=302.87187078897966 roundedX=303.0 y=320.0 roundedY=320.0
Vertex dir=5 q: -2 r: -1 x=302.87187078897966 roundedX=303.0 y=240.0 roundedY=240.0
Vertex dir=0 q: 1 r: -1 x=787.8460969082653 roundedX=788.0 y=200.0 roundedY=200.0
Vertex dir=1 q: 1 r: -1 x=857.1281292110203 roundedX=857.0 y=240.0 roundedY=240.0
Vertex dir=2 q: 1 r: -1 x=857.1281292110203 roundedX=857.0 y=320.0 roundedY=320.0
Vertex dir=3 q: 1 r: -1 x=787.8460969082653 roundedX=788.0 y=360.0 roundedY=360.0
Vertex dir=4 q: 1 r: -1 x=718.5640646055102 roundedX=719.0 y=320.0 roundedY=320.0
Vertex dir=5 q: 1 r: -1 x=718.5640646055102 roundedX=719.0 y=240.0 roundedY=240.0
Vertex dir=0 q: -1 r: 0 x=441.43593539448983 roundedX=441.0 y=320.0 roundedY=320.0
Vertex dir=1 q: -1 r: 0 x=510.71796769724494 roundedX=511.0 y=360.0 roundedY=360.0
Vertex dir=2 q: -1 r: 0 x=510.71796769724494 roundedX=511.0 y=440.0 roundedY=440.0
Vertex dir=3 q: -1 r: 0 x=441.43593539448983 roundedX=441.0 y=480.0 roundedY=480.0
Vertex dir=4 q: -1 r: 0 x=372.1539030917347 roundedX=372.0 y=440.0 roundedY=440.0
Vertex dir=5 q: -1 r: 0 x=372.1539030917347 roundedX=372.0 y=360.0 roundedY=360.0
Vertex dir=0 q: 2 r: 0 x=857.1281292110203 roundedX=857.0 y=320.0 roundedY=320.0
Vertex dir=1 q: 2 r: 0 x=926.4101615137754 roundedX=926.0 y=360.0 roundedY=360.0
Vertex dir=2 q: 2 r: 0 x=926.4101615137754 roundedX=926.0 y=440.0 roundedY=440.0
Vertex dir=3 q: 2 r: 0 x=857.1281292110203 roundedX=857.0 y=480.0 roundedY=480.0
Vertex dir=4 q: 2 r: 0 x=787.8460969082653 roundedX=788.0 y=440.0 roundedY=440.0
Vertex dir=5 q: 2 r: 0 x=787.8460969082653 roundedX=788.0 y=360.0 roundedY=360.0
Vertex dir=0 q: -1 r: -1 x=510.71796769724494 roundedX=511.0 y=200.0 roundedY=200.0
Vertex dir=1 q: -1 r: -1 x=580.0 roundedX=580.0 y=240.0 roundedY=240.0
Vertex dir=2 q: -1 r: -1 x=580.0 roundedX=580.0 y=320.0 roundedY=320.0
Vertex dir=3 q: -1 r: -1 x=510.71796769724494 roundedX=511.0 y=360.0 roundedY=360.0
Vertex dir=4 q: -1 r: -1 x=441.4359353944899 roundedX=441.0 y=320.0 roundedY=320.0
Vertex dir=5 q: -1 r: -1 x=441.4359353944899 roundedX=441.0 y=240.0 roundedY=240.0
Vertex dir=0 q: 1 r: 0 x=718.5640646055101 roundedX=719.0 y=320.0 roundedY=320.0
Vertex dir=1 q: 1 r: 0 x=787.8460969082652 roundedX=788.0 y=360.0 roundedY=360.0
Vertex dir=2 q: 1 r: 0 x=787.8460969082652 roundedX=788.0 y=440.0 roundedY=440.0
Vertex dir=3 q: 1 r: 0 x=718.5640646055101 roundedX=719.0 y=480.0 roundedY=480.0
Vertex dir=4 q: 1 r: 0 x=649.282032302755 roundedX=649.0 y=440.0 roundedY=440.0
Vertex dir=5 q: 1 r: 0 x=649.282032302755 roundedX=649.0 y=360.0 roundedY=360.0
Key X: 580.0Key Y: 560.0, Value: [Vertex(0, 1, 4), Vertex(0, 2, 0), Vertex(-1, 1, 2)]
Key X: 857.0Key Y: 320.0, Value: [Vertex(1, -1, 2), Vertex(2, 0, 0)]
Key X: 719.0Key Y: 480.0, Value: [Vertex(1, 1, 5), Vertex(0, 1, 1), Vertex(1, 0, 3)]
Key X: 580.0Key Y: 720.0, Value: [Vertex(0, 2, 3)]
Key X: 719.0Key Y: 560.0, Value: [Vertex(1, 1, 4), Vertex(0, 1, 2), Vertex(1, 2, 0)]
Key X: 441.0Key Y: 80.0, Value: [Vertex(-1, -2, 0)]
Key X: 857.0Key Y: 480.0, Value: [Vertex(1, 1, 1), Vertex(2, 0, 3)]
Key X: 719.0Key Y: 720.0, Value: [Vertex(1, 2, 3)]
Key X: 857.0Key Y: 560.0, Value: [Vertex(1, 1, 2)]
Key X: 372.0Key Y: 120.0, Value: [Vertex(-1, -2, 5)]
Key X: 303.0Key Y: 240.0, Value: [Vertex(-2, -1, 5)]
Key X: 372.0Key Y: 200.0, Value: [Vertex(-1, -2, 4), Vertex(-2, -1, 0)]
Key X: 511.0Key Y: 120.0, Value: [Vertex(-1, -2, 1), Vertex(0, -2, 5)]
Key X: 303.0Key Y: 320.0, Value: [Vertex(-2, 0, 0), Vertex(-2, -1, 4)]
Key X: 649.0Key Y: 120.0, Value: [Vertex(0, -2, 1), Vertex(1, -2, 5)]
Key X: 441.0Key Y: 240.0, Value: [Vertex(-1, -2, 3), Vertex(-2, -1, 1), Vertex(-1, -1, 5)]
Key X: 372.0Key Y: 360.0, Value: [Vertex(-2, 0, 1), Vertex(-2, -1, 3), Vertex(-1, 0, 5)]
Key X: 511.0Key Y: 200.0, Value: [Vertex(-1, -2, 2), Vertex(0, -2, 4), Vertex(-1, -1, 0)]
Key X: 788.0Key Y: 120.0, Value: [Vertex(1, -2, 1)]
Key X: 303.0Key Y: 480.0, Value: [Vertex(-2, 1, 5), Vertex(-2, 0, 3)]
Key X: 441.0Key Y: 320.0, Value: [Vertex(-2, -1, 2), Vertex(-1, 0, 0), Vertex(-1, -1, 4)]
Key X: 649.0Key Y: 200.0, Value: [Vertex(0, -1, 0), Vertex(0, -2, 2), Vertex(1, -2, 4)]
Key X: 303.0Key Y: 560.0, Value: [Vertex(-2, 1, 4)]
Key X: 372.0Key Y: 440.0, Value: [Vertex(-2, 1, 0), Vertex(-2, 0, 2), Vertex(-1, 0, 4)]
Key X: 372.0Key Y: 600.0, Value: [Vertex(-2, 1, 3), Vertex(-1, 2, 5)]
Key X: 788.0Key Y: 200.0, Value: [Vertex(1, -2, 2), Vertex(1, -1, 0)]
Key X: 441.0Key Y: 480.0, Value: [Vertex(-2, 1, 1), Vertex(-1, 1, 5), Vertex(-1, 0, 3)]
Key X: 511.0Key Y: 360.0, Value: [Vertex(0, 0, 5), Vertex(-1, 0, 1), Vertex(-1, -1, 3)]
Key X: 441.0Key Y: 560.0, Value: [Vertex(-2, 1, 2), Vertex(-1, 2, 0), Vertex(-1, 1, 4)]
Key X: 372.0Key Y: 680.0, Value: [Vertex(-1, 2, 4)]
Key X: 511.0Key Y: 440.0, Value: [Vertex(0, 0, 4), Vertex(-1, 1, 0), Vertex(-1, 0, 2)]
Key X: 649.0Key Y: 360.0, Value: [Vertex(0, -1, 3), Vertex(0, 0, 1), Vertex(1, 0, 5)]
Key X: 441.0Key Y: 720.0, Value: [Vertex(-1, 2, 3)]
Key X: 788.0Key Y: 360.0, Value: [Vertex(1, -1, 3), Vertex(2, 0, 5), Vertex(1, 0, 1)]
Key X: 511.0Key Y: 600.0, Value: [Vertex(0, 2, 5), Vertex(-1, 2, 1), Vertex(-1, 1, 3)]
Key X: 649.0Key Y: 440.0, Value: [Vertex(0, 0, 2), Vertex(0, 1, 0), Vertex(1, 0, 4)]
Key X: 511.0Key Y: 680.0, Value: [Vertex(0, 2, 4), Vertex(-1, 2, 2)]
Key X: 926.0Key Y: 360.0, Value: [Vertex(2, 0, 1)]
Key X: 649.0Key Y: 600.0, Value: [Vertex(0, 1, 3), Vertex(1, 2, 5), Vertex(0, 2, 1)]
Key X: 788.0Key Y: 440.0, Value: [Vertex(1, 1, 0), Vertex(2, 0, 4), Vertex(1, 0, 2)]
Key X: 649.0Key Y: 680.0, Value: [Vertex(1, 2, 4), Vertex(0, 2, 2)]
Key X: 926.0Key Y: 440.0, Value: [Vertex(2, 0, 2)]
Key X: 788.0Key Y: 600.0, Value: [Vertex(1, 1, 3), Vertex(1, 2, 1)]
Key X: 788.0Key Y: 680.0, Value: [Vertex(1, 2, 2)]
Key X: 580.0Key Y: 80.0, Value: [Vertex(0, -2, 0)]
Key X: 719.0Key Y: 80.0, Value: [Vertex(1, -2, 0)]
Key X: 580.0Key Y: 240.0, Value: [Vertex(0, -1, 5), Vertex(0, -2, 3), Vertex(-1, -1, 1)]
Key X: 234.0Key Y: 360.0, Value: [Vertex(-2, 0, 5)]
Key X: 580.0Key Y: 320.0, Value: [Vertex(0, -1, 4), Vertex(0, 0, 0), Vertex(-1, -1, 2)]
Key X: 234.0Key Y: 440.0, Value: [Vertex(-2, 0, 4)]
Key X: 719.0Key Y: 240.0, Value: [Vertex(0, -1, 1), Vertex(1, -2, 3), Vertex(1, -1, 5)]
Key X: 857.0Key Y: 240.0, Value: [Vertex(1, -1, 1)]
Key X: 719.0Key Y: 320.0, Value: [Vertex(0, -1, 2), Vertex(1, -1, 4), Vertex(1, 0, 0)]
Key X: 580.0Key Y: 480.0, Value: [Vertex(0, 0, 3), Vertex(0, 1, 5), Vertex(-1, 1, 1)]
Vertex dir=0 q: -1 r: -2 x=441.43593539448983 roundedX=441.0 y=80.0 roundedY=80.0
Vertex dir=1 q: -1 r: -2 x=510.71796769724494 roundedX=511.0 y=120.0 roundedY=120.0
Vertex dir=2 q: -1 r: -2 x=510.71796769724494 roundedX=511.0 y=200.0 roundedY=200.0
Vertex dir=3 q: -1 r: -2 x=441.43593539448983 roundedX=441.0 y=240.0 roundedY=240.0
Vertex dir=4 q: -1 r: -2 x=372.1539030917347 roundedX=372.0 y=200.00000000000003 roundedY=200.0
Vertex dir=5 q: -1 r: -2 x=372.1539030917347 roundedX=372.0 y=120.0 roundedY=120.0
Vertex dir=0 q: 0 r: -1 x=649.282032302755 roundedX=649.0 y=200.0 roundedY=200.0
Vertex dir=1 q: 0 r: -1 x=718.5640646055101 roundedX=719.0 y=240.0 roundedY=240.0
Vertex dir=2 q: 0 r: -1 x=718.5640646055101 roundedX=719.0 y=320.0 roundedY=320.0
Vertex dir=3 q: 0 r: -1 x=649.282032302755 roundedX=649.0 y=360.0 roundedY=360.0
Vertex dir=4 q: 0 r: -1 x=580.0 roundedX=580.0 y=320.0 roundedY=320.0
Vertex dir=5 q: 0 r: -1 x=580.0 roundedX=580.0 y=240.0 roundedY=240.0
Vertex dir=0 q: 0 r: 0 x=580.0 roundedX=580.0 y=320.0 roundedY=320.0
Vertex dir=1 q: 0 r: 0 x=649.282032302755 roundedX=649.0 y=360.0 roundedY=360.0
Vertex dir=2 q: 0 r: 0 x=649.282032302755 roundedX=649.0 y=440.0 roundedY=440.0
Vertex dir=3 q: 0 r: 0 x=580.0 roundedX=580.0 y=480.0 roundedY=480.0
Vertex dir=4 q: 0 r: 0 x=510.71796769724494 roundedX=511.0 y=440.0 roundedY=440.0
Vertex dir=5 q: 0 r: 0 x=510.71796769724494 roundedX=511.0 y=360.0 roundedY=360.0
Vertex dir=0 q: 1 r: 1 x=787.8460969082653 roundedX=788.0 y=440.0 roundedY=440.0
Vertex dir=1 q: 1 r: 1 x=857.1281292110203 roundedX=857.0 y=480.0 roundedY=480.0
Vertex dir=2 q: 1 r: 1 x=857.1281292110203 roundedX=857.0 y=560.0 roundedY=560.0
Vertex dir=3 q: 1 r: 1 x=787.8460969082653 roundedX=788.0 y=600.0 roundedY=600.0
Vertex dir=4 q: 1 r: 1 x=718.5640646055102 roundedX=719.0 y=560.0 roundedY=560.0
Vertex dir=5 q: 1 r: 1 x=718.5640646055102 roundedX=719.0 y=480.0 roundedY=480.0
Vertex dir=0 q: 0 r: -2 x=580.0 roundedX=580.0 y=80.0 roundedY=80.0
Vertex dir=1 q: 0 r: -2 x=649.282032302755 roundedX=649.0 y=120.0 roundedY=120.0
Vertex dir=2 q: 0 r: -2 x=649.282032302755 roundedX=649.0 y=200.0 roundedY=200.0
Vertex dir=3 q: 0 r: -2 x=580.0 roundedX=580.0 y=240.0 roundedY=240.0
Vertex dir=4 q: 0 r: -2 x=510.71796769724494 roundedX=511.0 y=200.00000000000003 roundedY=200.0
Vertex dir=5 q: 0 r: -2 x=510.71796769724494 roundedX=511.0 y=120.0 roundedY=120.0
Vertex dir=0 q: 0 r: 1 x=649.282032302755 roundedX=649.0 y=440.0 roundedY=440.0
Vertex dir=1 q: 0 r: 1 x=718.5640646055101 roundedX=719.0 y=480.0 roundedY=480.0
Vertex dir=2 q: 0 r: 1 x=718.5640646055101 roundedX=719.0 y=560.0 roundedY=560.0
Vertex dir=3 q: 0 r: 1 x=649.282032302755 roundedX=649.0 y=600.0 roundedY=600.0
Vertex dir=4 q: 0 r: 1 x=580.0 roundedX=580.0 y=560.0 roundedY=560.0
Vertex dir=5 q: 0 r: 1 x=580.0 roundedX=580.0 y=480.0 roundedY=480.0
Vertex dir=0 q: 1 r: 2 x=718.5640646055101 roundedX=719.0 y=560.0 roundedY=560.0
Vertex dir=1 q: 1 r: 2 x=787.8460969082652 roundedX=788.0 y=600.0 roundedY=600.0
Vertex dir=2 q: 1 r: 2 x=787.8460969082652 roundedX=788.0 y=680.0 roundedY=680.0
Vertex dir=3 q: 1 r: 2 x=718.5640646055101 roundedX=719.0 y=720.0 roundedY=720.0
Vertex dir=4 q: 1 r: 2 x=649.282032302755 roundedX=649.0 y=680.0 roundedY=680.0
Vertex dir=5 q: 1 r: 2 x=649.282032302755 roundedX=649.0 y=600.0 roundedY=600.0
Vertex dir=0 q: 0 r: 2 x=580.0 roundedX=580.0 y=560.0 roundedY=560.0
Vertex dir=1 q: 0 r: 2 x=649.282032302755 roundedX=649.0 y=600.0 roundedY=600.0
Vertex dir=2 q: 0 r: 2 x=649.282032302755 roundedX=649.0 y=680.0 roundedY=680.0
Vertex dir=3 q: 0 r: 2 x=580.0 roundedX=580.0 y=720.0 roundedY=720.0
Vertex dir=4 q: 0 r: 2 x=510.71796769724494 roundedX=511.0 y=680.0 roundedY=680.0
Vertex dir=5 q: 0 r: 2 x=510.71796769724494 roundedX=511.0 y=600.0 roundedY=600.0
Vertex dir=0 q: -2 r: 1 x=372.1539030917347 roundedX=372.0 y=440.0 roundedY=440.0
Vertex dir=1 q: -2 r: 1 x=441.4359353944898 roundedX=441.0 y=480.0 roundedY=480.0
Vertex dir=2 q: -2 r: 1 x=441.43593539448983 roundedX=441.0 y=560.0 roundedY=560.0
Vertex dir=3 q: -2 r: 1 x=372.1539030917347 roundedX=372.0 y=600.0 roundedY=600.0
Vertex dir=4 q: -2 r: 1 x=302.87187078897966 roundedX=303.0 y=560.0 roundedY=560.0
Vertex dir=5 q: -2 r: 1 x=302.87187078897966 roundedX=303.0 y=480.0 roundedY=480.0
Vertex dir=0 q: -1 r: 2 x=441.43593539448983 roundedX=441.0 y=560.0 roundedY=560.0
Vertex dir=1 q: -1 r: 2 x=510.71796769724494 roundedX=511.0 y=600.0 roundedY=600.0
Vertex dir=2 q: -1 r: 2 x=510.71796769724494 roundedX=511.0 y=680.0 roundedY=680.0
Vertex dir=3 q: -1 r: 2 x=441.43593539448983 roundedX=441.0 y=720.0 roundedY=720.0
Vertex dir=4 q: -1 r: 2 x=372.1539030917347 roundedX=372.0 y=680.0 roundedY=680.0
Vertex dir=5 q: -1 r: 2 x=372.1539030917347 roundedX=372.0 y=600.0 roundedY=600.0
Vertex dir=0 q: 1 r: -2 x=718.5640646055101 roundedX=719.0 y=80.0 roundedY=80.0
Vertex dir=1 q: 1 r: -2 x=787.8460969082652 roundedX=788.0 y=120.0 roundedY=120.0
Vertex dir=2 q: 1 r: -2 x=787.8460969082652 roundedX=788.0 y=200.0 roundedY=200.0
Vertex dir=3 q: 1 r: -2 x=718.5640646055101 roundedX=719.0 y=240.0 roundedY=240.0
Vertex dir=4 q: 1 r: -2 x=649.282032302755 roundedX=649.0 y=200.00000000000003 roundedY=200.0
Vertex dir=5 q: 1 r: -2 x=649.282032302755 roundedX=649.0 y=120.0 roundedY=120.0
Vertex dir=0 q: -2 r: 0 x=302.87187078897966 roundedX=303.0 y=320.0 roundedY=320.0
Vertex dir=1 q: -2 r: 0 x=372.1539030917347 roundedX=372.0 y=360.0 roundedY=360.0
Vertex dir=2 q: -2 r: 0 x=372.1539030917348 roundedX=372.0 y=440.0 roundedY=440.0
Vertex dir=3 q: -2 r: 0 x=302.87187078897966 roundedX=303.0 y=480.0 roundedY=480.0
Vertex dir=4 q: -2 r: 0 x=233.58983848622458 roundedX=234.0 y=440.0 roundedY=440.0
Vertex dir=5 q: -2 r: 0 x=233.58983848622458 roundedX=234.0 y=360.0 roundedY=360.0
Vertex dir=0 q: -1 r: 1 x=510.71796769724494 roundedX=511.0 y=440.0 roundedY=440.0
Vertex dir=1 q: -1 r: 1 x=580.0 roundedX=580.0 y=480.0 roundedY=480.0
Vertex dir=2 q: -1 r: 1 x=580.0 roundedX=580.0 y=560.0 roundedY=560.0
Vertex dir=3 q: -1 r: 1 x=510.71796769724494 roundedX=511.0 y=600.0 roundedY=600.0
Vertex dir=4 q: -1 r: 1 x=441.4359353944899 roundedX=441.0 y=560.0 roundedY=560.0
Vertex dir=5 q: -1 r: 1 x=441.4359353944899 roundedX=441.0 y=480.0 roundedY=480.0
Vertex dir=0 q: -2 r: -1 x=372.1539030917347 roundedX=372.0 y=200.0 roundedY=200.0
Vertex dir=1 q: -2 r: -1 x=441.4359353944898 roundedX=441.0 y=240.0 roundedY=240.0
Vertex dir=2 q: -2 r: -1 x=441.43593539448983 roundedX=441.0 y=320.0 roundedY=320.0
Vertex dir=3 q: -2 r: -1 x=372.1539030917347 roundedX=372.0 y=360.0 roundedY=360.0
Vertex dir=4 q: -2 r: -1 x=302.87187078897966 roundedX=303.0 y=320.0 roundedY=320.0
Vertex dir=5 q: -2 r: -1 x=302.87187078897966 roundedX=303.0 y=240.0 roundedY=240.0
Vertex dir=0 q: 1 r: -1 x=787.8460969082653 roundedX=788.0 y=200.0 roundedY=200.0
Vertex dir=1 q: 1 r: -1 x=857.1281292110203 roundedX=857.0 y=240.0 roundedY=240.0
Vertex dir=2 q: 1 r: -1 x=857.1281292110203 roundedX=857.0 y=320.0 roundedY=320.0
Vertex dir=3 q: 1 r: -1 x=787.8460969082653 roundedX=788.0 y=360.0 roundedY=360.0
Vertex dir=4 q: 1 r: -1 x=718.5640646055102 roundedX=719.0 y=320.0 roundedY=320.0
Vertex dir=5 q: 1 r: -1 x=718.5640646055102 roundedX=719.0 y=240.0 roundedY=240.0
Vertex dir=0 q: -1 r: 0 x=441.43593539448983 roundedX=441.0 y=320.0 roundedY=320.0
Vertex dir=1 q: -1 r: 0 x=510.71796769724494 roundedX=511.0 y=360.0 roundedY=360.0
Vertex dir=2 q: -1 r: 0 x=510.71796769724494 roundedX=511.0 y=440.0 roundedY=440.0
Vertex dir=3 q: -1 r: 0 x=441.43593539448983 roundedX=441.0 y=480.0 roundedY=480.0
Vertex dir=4 q: -1 r: 0 x=372.1539030917347 roundedX=372.0 y=440.0 roundedY=440.0
Vertex dir=5 q: -1 r: 0 x=372.1539030917347 roundedX=372.0 y=360.0 roundedY=360.0
Vertex dir=0 q: 2 r: 0 x=857.1281292110203 roundedX=857.0 y=320.0 roundedY=320.0
Vertex dir=1 q: 2 r: 0 x=926.4101615137754 roundedX=926.0 y=360.0 roundedY=360.0
Vertex dir=2 q: 2 r: 0 x=926.4101615137754 roundedX=926.0 y=440.0 roundedY=440.0
Vertex dir=3 q: 2 r: 0 x=857.1281292110203 roundedX=857.0 y=480.0 roundedY=480.0
Vertex dir=4 q: 2 r: 0 x=787.8460969082653 roundedX=788.0 y=440.0 roundedY=440.0
Vertex dir=5 q: 2 r: 0 x=787.8460969082653 roundedX=788.0 y=360.0 roundedY=360.0
Vertex dir=0 q: -1 r: -1 x=510.71796769724494 roundedX=511.0 y=200.0 roundedY=200.0
Vertex dir=1 q: -1 r: -1 x=580.0 roundedX=580.0 y=240.0 roundedY=240.0
Vertex dir=2 q: -1 r: -1 x=580.0 roundedX=580.0 y=320.0 roundedY=320.0
Vertex dir=3 q: -1 r: -1 x=510.71796769724494 roundedX=511.0 y=360.0 roundedY=360.0
Vertex dir=4 q: -1 r: -1 x=441.4359353944899 roundedX=441.0 y=320.0 roundedY=320.0
Vertex dir=5 q: -1 r: -1 x=441.4359353944899 roundedX=441.0 y=240.0 roundedY=240.0
Vertex dir=0 q: 1 r: 0 x=718.5640646055101 roundedX=719.0 y=320.0 roundedY=320.0
Vertex dir=1 q: 1 r: 0 x=787.8460969082652 roundedX=788.0 y=360.0 roundedY=360.0
Vertex dir=2 q: 1 r: 0 x=787.8460969082652 roundedX=788.0 y=440.0 roundedY=440.0
Vertex dir=3 q: 1 r: 0 x=718.5640646055101 roundedX=719.0 y=480.0 roundedY=480.0
Vertex dir=4 q: 1 r: 0 x=649.282032302755 roundedX=649.0 y=440.0 roundedY=440.0
Vertex dir=5 q: 1 r: 0 x=649.282032302755 roundedX=649.0 y=360.0 roundedY=360.0
Key X: 580.0Key Y: 560.0, Value: [Vertex(0, 1, 4), Vertex(0, 2, 0), Vertex(-1, 1, 2)]
Key X: 857.0Key Y: 320.0, Value: [Vertex(1, -1, 2), Vertex(2, 0, 0)]
Key X: 719.0Key Y: 480.0, Value: [Vertex(1, 1, 5), Vertex(0, 1, 1), Vertex(1, 0, 3)]
Key X: 580.0Key Y: 720.0, Value: [Vertex(0, 2, 3)]
Key X: 719.0Key Y: 560.0, Value: [Vertex(1, 1, 4), Vertex(0, 1, 2), Vertex(1, 2, 0)]
Key X: 441.0Key Y: 80.0, Value: [Vertex(-1, -2, 0)]
Key X: 857.0Key Y: 480.0, Value: [Vertex(1, 1, 1), Vertex(2, 0, 3)]
Key X: 719.0Key Y: 720.0, Value: [Vertex(1, 2, 3)]
Key X: 857.0Key Y: 560.0, Value: [Vertex(1, 1, 2)]
Key X: 372.0Key Y: 120.0, Value: [Vertex(-1, -2, 5)]
Key X: 303.0Key Y: 240.0, Value: [Vertex(-2, -1, 5)]
Key X: 372.0Key Y: 200.0, Value: [Vertex(-1, -2, 4), Vertex(-2, -1, 0)]
Key X: 511.0Key Y: 120.0, Value: [Vertex(-1, -2, 1), Vertex(0, -2, 5)]
Key X: 303.0Key Y: 320.0, Value: [Vertex(-2, 0, 0), Vertex(-2, -1, 4)]
Key X: 649.0Key Y: 120.0, Value: [Vertex(0, -2, 1), Vertex(1, -2, 5)]
Key X: 441.0Key Y: 240.0, Value: [Vertex(-1, -2, 3), Vertex(-2, -1, 1), Vertex(-1, -1, 5)]
Key X: 372.0Key Y: 360.0, Value: [Vertex(-2, 0, 1), Vertex(-2, -1, 3), Vertex(-1, 0, 5)]
Key X: 511.0Key Y: 200.0, Value: [Vertex(-1, -2, 2), Vertex(0, -2, 4), Vertex(-1, -1, 0)]
Key X: 788.0Key Y: 120.0, Value: [Vertex(1, -2, 1)]
Key X: 303.0Key Y: 480.0, Value: [Vertex(-2, 1, 5), Vertex(-2, 0, 3)]
Key X: 441.0Key Y: 320.0, Value: [Vertex(-2, -1, 2), Vertex(-1, 0, 0), Vertex(-1, -1, 4)]
Key X: 649.0Key Y: 200.0, Value: [Vertex(0, -1, 0), Vertex(0, -2, 2), Vertex(1, -2, 4)]
Key X: 303.0Key Y: 560.0, Value: [Vertex(-2, 1, 4)]
Key X: 372.0Key Y: 440.0, Value: [Vertex(-2, 1, 0), Vertex(-2, 0, 2), Vertex(-1, 0, 4)]
Key X: 372.0Key Y: 600.0, Value: [Vertex(-2, 1, 3), Vertex(-1, 2, 5)]
Key X: 788.0Key Y: 200.0, Value: [Vertex(1, -2, 2), Vertex(1, -1, 0)]
Key X: 441.0Key Y: 480.0, Value: [Vertex(-2, 1, 1), Vertex(-1, 1, 5), Vertex(-1, 0, 3)]
Key X: 511.0Key Y: 360.0, Value: [Vertex(0, 0, 5), Vertex(-1, 0, 1), Vertex(-1, -1, 3)]
Key X: 441.0Key Y: 560.0, Value: [Vertex(-2, 1, 2), Vertex(-1, 2, 0), Vertex(-1, 1, 4)]
Key X: 372.0Key Y: 680.0, Value: [Vertex(-1, 2, 4)]
Key X: 511.0Key Y: 440.0, Value: [Vertex(0, 0, 4), Vertex(-1, 1, 0), Vertex(-1, 0, 2)]
Key X: 649.0Key Y: 360.0, Value: [Vertex(0, -1, 3), Vertex(0, 0, 1), Vertex(1, 0, 5)]
Key X: 441.0Key Y: 720.0, Value: [Vertex(-1, 2, 3)]
Key X: 788.0Key Y: 360.0, Value: [Vertex(1, -1, 3), Vertex(2, 0, 5), Vertex(1, 0, 1)]
Key X: 511.0Key Y: 600.0, Value: [Vertex(0, 2, 5), Vertex(-1, 2, 1), Vertex(-1, 1, 3)]
Key X: 649.0Key Y: 440.0, Value: [Vertex(0, 0, 2), Vertex(0, 1, 0), Vertex(1, 0, 4)]
Key X: 511.0Key Y: 680.0, Value: [Vertex(0, 2, 4), Vertex(-1, 2, 2)]
Key X: 926.0Key Y: 360.0, Value: [Vertex(2, 0, 1)]
Key X: 649.0Key Y: 600.0, Value: [Vertex(0, 1, 3), Vertex(1, 2, 5), Vertex(0, 2, 1)]
Key X: 788.0Key Y: 440.0, Value: [Vertex(1, 1, 0), Vertex(2, 0, 4), Vertex(1, 0, 2)]
Key X: 649.0Key Y: 680.0, Value: [Vertex(1, 2, 4), Vertex(0, 2, 2)]
Key X: 926.0Key Y: 440.0, Value: [Vertex(2, 0, 2)]
Key X: 788.0Key Y: 600.0, Value: [Vertex(1, 1, 3), Vertex(1, 2, 1)]
Key X: 788.0Key Y: 680.0, Value: [Vertex(1, 2, 2)]
Key X: 580.0Key Y: 80.0, Value: [Vertex(0, -2, 0)]
Key X: 719.0Key Y: 80.0, Value: [Vertex(1, -2, 0)]
Key X: 580.0Key Y: 240.0, Value: [Vertex(0, -1, 5), Vertex(0, -2, 3), Vertex(-1, -1, 1)]
Key X: 234.0Key Y: 360.0, Value: [Vertex(-2, 0, 5)]
Key X: 580.0Key Y: 320.0, Value: [Vertex(0, -1, 4), Vertex(0, 0, 0), Vertex(-1, -1, 2)]
Key X: 234.0Key Y: 440.0, Value: [Vertex(-2, 0, 4)]
Key X: 719.0Key Y: 240.0, Value: [Vertex(0, -1, 1), Vertex(1, -2, 3), Vertex(1, -1, 5)]
Key X: 857.0Key Y: 240.0, Value: [Vertex(1, -1, 1)]
Key X: 719.0Key Y: 320.0, Value: [Vertex(0, -1, 2), Vertex(1, -1, 4), Vertex(1, 0, 0)]
Key X: 580.0Key Y: 480.0, Value: [Vertex(0, 0, 3), Vertex(0, 1, 5), Vertex(-1, 1, 1)]
Key: Vertex(-2, 1, 4) -> Value: Vertex(-2, 1, 4)
Size: 114
Key: Vertex(-2, 1, 5) -> Value: Vertex(-2, 1, 5)
Size: 114
Key: Vertex(1, -1, 0) -> Value: Vertex(1, -2, 2)
Size: 114
Key: Vertex(1, -1, 1) -> Value: Vertex(1, -1, 1)
Size: 114
Key: Vertex(1, -1, 2) -> Value: Vertex(1, -1, 2)
Size: 114
Key: Vertex(1, -1, 3) -> Value: Vertex(1, -1, 3)
Size: 114
Key: Vertex(1, -1, 4) -> Value: Vertex(0, -1, 2)
Size: 114
Key: Vertex(1, -1, 5) -> Value: Vertex(0, -1, 1)
Size: 114
Key: Vertex(1, 0, 0) -> Value: Vertex(0, -1, 2)
Size: 114
Key: Vertex(1, 0, 1) -> Value: Vertex(1, -1, 3)
Size: 114
Key: Vertex(0, -2, 0) -> Value: Vertex(0, -2, 0)
Size: 114
Key: Vertex(0, -2, 1) -> Value: Vertex(0, -2, 1)
Size: 114
Key: Vertex(1, 0, 2) -> Value: Vertex(1, 1, 0)
Size: 114
Key: Vertex(1, 0, 3) -> Value: Vertex(1, 1, 5)
Size: 114
Key: Vertex(0, -2, 2) -> Value: Vertex(0, -1, 0)
Size: 114
Key: Vertex(1, 0, 4) -> Value: Vertex(0, 0, 2)
Size: 114
Key: Vertex(0, -2, 3) -> Value: Vertex(0, -1, 5)
Size: 114
Key: Vertex(0, -2, 4) -> Value: Vertex(-1, -2, 2)
Size: 114
Key: Vertex(1, 0, 5) -> Value: Vertex(0, -1, 3)
Size: 114
Key: Vertex(0, -2, 5) -> Value: Vertex(-1, -2, 1)
Size: 114
Key: Vertex(1, 1, 0) -> Value: Vertex(1, 1, 0)
Size: 114
Key: Vertex(1, 1, 1) -> Value: Vertex(1, 1, 1)
Size: 114
Key: Vertex(0, -1, 0) -> Value: Vertex(0, -1, 0)
Size: 114
Key: Vertex(1, 1, 2) -> Value: Vertex(1, 1, 2)
Size: 114
Key: Vertex(0, -1, 1) -> Value: Vertex(0, -1, 1)
Size: 114
Key: Vertex(1, 1, 3) -> Value: Vertex(1, 1, 3)
Size: 114
Key: Vertex(0, -1, 2) -> Value: Vertex(0, -1, 2)
Size: 114
Key: Vertex(1, 1, 4) -> Value: Vertex(1, 1, 4)
Size: 114
Key: Vertex(0, -1, 3) -> Value: Vertex(0, -1, 3)
Size: 114
Key: Vertex(1, 1, 5) -> Value: Vertex(1, 1, 5)
Size: 114
Key: Vertex(0, -1, 4) -> Value: Vertex(0, -1, 4)
Size: 114
Key: Vertex(0, -1, 5) -> Value: Vertex(0, -1, 5)
Size: 114
Key: Vertex(1, 2, 0) -> Value: Vertex(1, 1, 4)
Size: 114
Key: Vertex(1, 2, 1) -> Value: Vertex(1, 1, 3)
Size: 114
Key: Vertex(0, 0, 0) -> Value: Vertex(0, -1, 4)
Size: 114
Key: Vertex(-1, -2, 0) -> Value: Vertex(-1, -2, 0)
Size: 114
Key: Vertex(0, 0, 1) -> Value: Vertex(0, -1, 3)
Size: 114
Key: Vertex(1, 2, 2) -> Value: Vertex(1, 2, 2)
Size: 114
Key: Vertex(1, 2, 3) -> Value: Vertex(1, 2, 3)
Size: 114
Key: Vertex(-1, -2, 1) -> Value: Vertex(-1, -2, 1)
Size: 114
Key: Vertex(0, 0, 2) -> Value: Vertex(0, 0, 2)
Size: 114
Key: Vertex(-1, -2, 2) -> Value: Vertex(-1, -2, 2)
Size: 114
Key: Vertex(1, 2, 4) -> Value: Vertex(1, 2, 4)
Size: 114
Key: Vertex(0, 0, 3) -> Value: Vertex(0, 0, 3)
Size: 114
Key: Vertex(-1, -2, 3) -> Value: Vertex(-1, -2, 3)
Size: 114
Key: Vertex(0, 0, 4) -> Value: Vertex(0, 0, 4)
Size: 114
Key: Vertex(1, 2, 5) -> Value: Vertex(0, 1, 3)
Size: 114
Key: Vertex(-1, -2, 4) -> Value: Vertex(-1, -2, 4)
Size: 114
Key: Vertex(0, 0, 5) -> Value: Vertex(0, 0, 5)
Size: 114
Key: Vertex(-1, -2, 5) -> Value: Vertex(-1, -2, 5)
Size: 114
Key: Vertex(0, 1, 0) -> Value: Vertex(0, 0, 2)
Size: 114
Key: Vertex(0, 1, 1) -> Value: Vertex(1, 1, 5)
Size: 114
Key: Vertex(-1, -1, 0) -> Value: Vertex(-1, -2, 2)
Size: 114
Key: Vertex(0, 1, 2) -> Value: Vertex(1, 1, 4)
Size: 114
Key: Vertex(-1, -1, 1) -> Value: Vertex(0, -1, 5)
Size: 114
Key: Vertex(0, 1, 3) -> Value: Vertex(0, 1, 3)
Size: 114
Key: Vertex(-1, -1, 2) -> Value: Vertex(0, -1, 4)
Size: 114
Key: Vertex(0, 1, 4) -> Value: Vertex(0, 1, 4)
Size: 114
Key: Vertex(-1, -1, 3) -> Value: Vertex(0, 0, 5)
Size: 114
Key: Vertex(-1, -1, 4) -> Value: Vertex(-2, -1, 2)
Size: 114
Key: Vertex(0, 1, 5) -> Value: Vertex(0, 0, 3)
Size: 114
Key: Vertex(-1, -1, 5) -> Value: Vertex(-1, -2, 3)
Size: 114
Key: Vertex(0, 2, 0) -> Value: Vertex(0, 1, 4)
Size: 114
Key: Vertex(-1, 0, 0) -> Value: Vertex(-2, -1, 2)
Size: 114
Key: Vertex(0, 2, 1) -> Value: Vertex(0, 1, 3)
Size: 114
Key: Vertex(-1, 0, 1) -> Value: Vertex(0, 0, 5)
Size: 114
Key: Vertex(0, 2, 2) -> Value: Vertex(1, 2, 4)
Size: 114
Key: Vertex(0, 2, 3) -> Value: Vertex(0, 2, 3)
Size: 114
Key: Vertex(-1, 0, 2) -> Value: Vertex(0, 0, 4)
Size: 114
Key: Vertex(-1, 0, 3) -> Value: Vertex(-2, 1, 1)
Size: 114
Key: Vertex(0, 2, 4) -> Value: Vertex(0, 2, 4)
Size: 114
Key: Vertex(-1, 0, 4) -> Value: Vertex(-2, 1, 0)
Size: 114
Key: Vertex(0, 2, 5) -> Value: Vertex(0, 2, 5)
Size: 114
Key: Vertex(-1, 0, 5) -> Value: Vertex(-2, 0, 1)
Size: 114
Key: Vertex(-1, 1, 0) -> Value: Vertex(0, 0, 4)
Size: 114
Key: Vertex(-2, -1, 0) -> Value: Vertex(-1, -2, 4)
Size: 114
Key: Vertex(-1, 1, 1) -> Value: Vertex(0, 0, 3)
Size: 114
Key: Vertex(-1, 1, 2) -> Value: Vertex(0, 1, 4)
Size: 114
Key: Vertex(-2, -1, 1) -> Value: Vertex(-1, -2, 3)
Size: 114
Key: Vertex(-2, -1, 2) -> Value: Vertex(-2, -1, 2)
Size: 114
Key: Vertex(-1, 1, 3) -> Value: Vertex(0, 2, 5)
Size: 114
Key: Vertex(-2, -1, 3) -> Value: Vertex(-2, 0, 1)
Size: 114
Key: Vertex(-1, 1, 4) -> Value: Vertex(-2, 1, 2)
Size: 114
Key: Vertex(-2, -1, 4) -> Value: Vertex(-2, 0, 0)
Size: 114
Key: Vertex(-1, 1, 5) -> Value: Vertex(-2, 1, 1)
Size: 114
Key: Vertex(-2, -1, 5) -> Value: Vertex(-2, -1, 5)
Size: 114
Key: Vertex(-1, 2, 0) -> Value: Vertex(-2, 1, 2)
Size: 114
Key: Vertex(-2, 0, 0) -> Value: Vertex(-2, 0, 0)
Size: 114
Key: Vertex(-1, 2, 1) -> Value: Vertex(0, 2, 5)
Size: 114
Key: Vertex(-2, 0, 1) -> Value: Vertex(-2, 0, 1)
Size: 114
Key: Vertex(-1, 2, 2) -> Value: Vertex(0, 2, 4)
Size: 114
Key: Vertex(-2, 0, 2) -> Value: Vertex(-2, 1, 0)
Size: 114
Key: Vertex(-1, 2, 3) -> Value: Vertex(-1, 2, 3)
Size: 114
Key: Vertex(-2, 0, 3) -> Value: Vertex(-2, 1, 5)
Size: 114
Key: Vertex(-1, 2, 4) -> Value: Vertex(-1, 2, 4)
Size: 114
Key: Vertex(2, 0, 0) -> Value: Vertex(1, -1, 2)
Size: 114
Key: Vertex(-1, 2, 5) -> Value: Vertex(-2, 1, 3)
Size: 114
Key: Vertex(-2, 0, 4) -> Value: Vertex(-2, 0, 4)
Size: 114
Key: Vertex(2, 0, 1) -> Value: Vertex(2, 0, 1)
Size: 114
Key: Vertex(1, -2, 0) -> Value: Vertex(1, -2, 0)
Size: 114
Key: Vertex(-2, 0, 5) -> Value: Vertex(-2, 0, 5)
Size: 114
Key: Vertex(1, -2, 1) -> Value: Vertex(1, -2, 1)
Size: 114
Key: Vertex(2, 0, 2) -> Value: Vertex(2, 0, 2)
Size: 114
Key: Vertex(2, 0, 3) -> Value: Vertex(1, 1, 1)
Size: 114
Key: Vertex(1, -2, 2) -> Value: Vertex(1, -2, 2)
Size: 114
Key: Vertex(2, 0, 4) -> Value: Vertex(1, 1, 0)
Size: 114
Key: Vertex(1, -2, 3) -> Value: Vertex(0, -1, 1)
Size: 114
Key: Vertex(1, -2, 4) -> Value: Vertex(0, -1, 0)
Size: 114
Key: Vertex(2, 0, 5) -> Value: Vertex(1, -1, 3)
Size: 114
Key: Vertex(1, -2, 5) -> Value: Vertex(0, -2, 1)
Size: 114
Key: Vertex(-2, 1, 0) -> Value: Vertex(-2, 1, 0)
Size: 114
Key: Vertex(-2, 1, 1) -> Value: Vertex(-2, 1, 1)
Size: 114
Key: Vertex(-2, 1, 2) -> Value: Vertex(-2, 1, 2)
Size: 114
Key: Vertex(-2, 1, 3) -> Value: Vertex(-2, 1, 3)
Size: 114
Berechnete einzigartige Edges: 72
✓ Authentisches CATAN-Board initialisiert: 54 Siedlungen, 72 Straßen
]]></system-out>
  </testcase>
  <testcase name="testGameInitialization" classname="com.catan.model.CatanGameTest" time="0.01">
    <system-out><![CDATA[Vertex dir=0 q: -1 r: -2 x=441.43593539448983 roundedX=441.0 y=80.0 roundedY=80.0
Vertex dir=1 q: -1 r: -2 x=510.71796769724494 roundedX=511.0 y=120.0 roundedY=120.0
Vertex dir=2 q: -1 r: -2 x=510.71796769724494 roundedX=511.0 y=200.0 roundedY=200.0
Vertex dir=3 q: -1 r: -2 x=441.43593539448983 roundedX=441.0 y=240.0 roundedY=240.0
Vertex dir=4 q: -1 r: -2 x=372.1539030917347 roundedX=372.0 y=200.00000000000003 roundedY=200.0
Vertex dir=5 q: -1 r: -2 x=372.1539030917347 roundedX=372.0 y=120.0 roundedY=120.0
Vertex dir=0 q: 0 r: -1 x=649.282032302755 roundedX=649.0 y=200.0 roundedY=200.0
Vertex dir=1 q: 0 r: -1 x=718.5640646055101 roundedX=719.0 y=240.0 roundedY=240.0
Vertex dir=2 q: 0 r: -1 x=718.5640646055101 roundedX=719.0 y=320.0 roundedY=320.0
Vertex dir=3 q: 0 r: -1 x=649.282032302755 roundedX=649.0 y=360.0 roundedY=360.0
Vertex dir=4 q: 0 r: -1 x=580.0 roundedX=580.0 y=320.0 roundedY=320.0
Vertex dir=5 q: 0 r: -1 x=580.0 roundedX=580.0 y=240.0 roundedY=240.0
Vertex dir=0 q: 0 r: 0 x=580.0 roundedX=580.0 y=320.0 roundedY=320.0
Vertex dir=1 q: 0 r: 0 x=649.282032302755 roundedX=649.0 y=360.0 roundedY=360.0
Vertex dir=2 q: 0 r: 0 x=649.282032302755 roundedX=649.0 y=440.0 roundedY=440.0
Vertex dir=3 q: 0 r: 0 x=580.0 roundedX=580.0 y=480.0 roundedY=480.0
Vertex dir=4 q: 0 r: 0 x=510.71796769724494 roundedX=511.0 y=440.0 roundedY=440.0
Vertex dir=5 q: 0 r: 0 x=510.71796769724494 roundedX=511.0 y=360.0 roundedY=360.0
Vertex dir=0 q: 1 r: 1 x=787.8460969082653 roundedX=788.0 y=440.0 roundedY=440.0
Vertex dir=1 q: 1 r: 1 x=857.1281292110203 roundedX=857.0 y=480.0 roundedY=480.0
Vertex dir=2 q: 1 r: 1 x=857.1281292110203 roundedX=857.0 y=560.0 roundedY=560.0
Vertex dir=3 q: 1 r: 1 x=787.8460969082653 roundedX=788.0 y=600.0 roundedY=600.0
Vertex dir=4 q: 1 r: 1 x=718.5640646055102 roundedX=719.0 y=560.0 roundedY=560.0
Vertex dir=5 q: 1 r: 1 x=718.5640646055102 roundedX=719.0 y=480.0 roundedY=480.0
Vertex dir=0 q: 0 r: -2 x=580.0 roundedX=580.0 y=80.0 roundedY=80.0
Vertex dir=1 q: 0 r: -2 x=649.282032302755 roundedX=649.0 y=120.0 roundedY=120.0
Vertex dir=2 q: 0 r: -2 x=649.282032302755 roundedX=649.0 y=200.0 roundedY=200.0
Vertex dir=3 q: 0 r: -2 x=580.0 roundedX=580.0 y=240.0 roundedY=240.0
Vertex dir=4 q: 0 r: -2 x=510.71796769724494 roundedX=511.0 y=200.00000000000003 roundedY=200.0
Vertex dir=5 q: 0 r: -2 x=510.71796769724494 roundedX=511.0 y=120.0 roundedY=120.0
Vertex dir=0 q: 0 r: 1 x=649.282032302755 roundedX=649.0 y=440.0 roundedY=440.0
Vertex dir=1 q: 0 r: 1 x=718.5640646055101 roundedX=719.0 y=480.0 roundedY=480.0
Vertex dir=2 q: 0 r: 1 x=718.5640646055101 roundedX=719.0 y=560.0 roundedY=560.0
Vertex dir=3 q: 0 r: 1 x=649.282032302755 roundedX=649.0 y=600.0 roundedY=600.0
Vertex dir=4 q: 0 r: 1 x=580.0 roundedX=580.0 y=560.0 roundedY=560.0
Vertex dir=5 q: 0 r: 1 x=580.0 roundedX=580.0 y=480.0 roundedY=480.0
Vertex dir=0 q: 1 r: 2 x=718.5640646055101 roundedX=719.0 y=560.0 roundedY=560.0
Vertex dir=1 q: 1 r: 2 x=787.8460969082652 roundedX=788.0 y=600.0 roundedY=600.0
Vertex dir=2 q: 1 r: 2 x=787.8460969082652 roundedX=788.0 y=680.0 roundedY=680.0
Vertex dir=3 q: 1 r: 2 x=718.5640646055101 roundedX=719.0 y=720.0 roundedY=720.0
Vertex dir=4 q: 1 r: 2 x=649.282032302755 roundedX=649.0 y=680.0 roundedY=680.0
Vertex dir=5 q: 1 r: 2 x=649.282032302755 roundedX=649.0 y=600.0 roundedY=600.0
Vertex dir=0 q: 0 r: 2 x=580.0 roundedX=580.0 y=560.0 roundedY=560.0
Vertex dir=1 q: 0 r: 2 x=649.282032302755 roundedX=649.0 y=600.0 roundedY=600.0
Vertex dir=2 q: 0 r: 2 x=649.282032302755 roundedX=649.0 y=680.0 roundedY=680.0
Vertex dir=3 q: 0 r: 2 x=580.0 roundedX=580.0 y=720.0 roundedY=720.0
Vertex dir=4 q: 0 r: 2 x=510.71796769724494 roundedX=511.0 y=680.0 roundedY=680.0
Vertex dir=5 q: 0 r: 2 x=510.71796769724494 roundedX=511.0 y=600.0 roundedY=600.0
Vertex dir=0 q: -2 r: 1 x=372.1539030917347 roundedX=372.0 y=440.0 roundedY=440.0
Vertex dir=1 q: -2 r: 1 x=441.4359353944898 roundedX=441.0 y=480.0 roundedY=480.0
Vertex dir=2 q: -2 r: 1 x=441.43593539448983 roundedX=441.0 y=560.0 roundedY=560.0
Vertex dir=3 q: -2 r: 1 x=372.1539030917347 roundedX=372.0 y=600.0 roundedY=600.0
Vertex dir=4 q: -2 r: 1 x=302.87187078897966 roundedX=303.0 y=560.0 roundedY=560.0
Vertex dir=5 q: -2 r: 1 x=302.87187078897966 roundedX=303.0 y=480.0 roundedY=480.0
Vertex dir=0 q: -1 r: 2 x=441.43593539448983 roundedX=441.0 y=560.0 roundedY=560.0
Vertex dir=1 q: -1 r: 2 x=510.71796769724494 roundedX=511.0 y=600.0 roundedY=600.0
Vertex dir=2 q: -1 r: 2 x=510.71796769724494 roundedX=511.0 y=680.0 roundedY=680.0
Vertex dir=3 q: -1 r: 2 x=441.43593539448983 roundedX=441.0 y=720.0 roundedY=720.0
Vertex dir=4 q: -1 r: 2 x=372.1539030917347 roundedX=372.0 y=680.0 roundedY=680.0
Vertex dir=5 q: -1 r: 2 x=372.1539030917347 roundedX=372.0 y=600.0 roundedY=600.0
Vertex dir=0 q: 1 r: -2 x=718.5640646055101 roundedX=719.0 y=80.0 roundedY=80.0
Vertex dir=1 q: 1 r: -2 x=787.8460969082652 roundedX=788.0 y=120.0 roundedY=120.0
Vertex dir=2 q: 1 r: -2 x=787.8460969082652 roundedX=788.0 y=200.0 roundedY=200.0
Vertex dir=3 q: 1 r: -2 x=718.5640646055101 roundedX=719.0 y=240.0 roundedY=240.0
Vertex dir=4 q: 1 r: -2 x=649.282032302755 roundedX=649.0 y=200.00000000000003 roundedY=200.0
Vertex dir=5 q: 1 r: -2 x=649.282032302755 roundedX=649.0 y=120.0 roundedY=120.0
Vertex dir=0 q: -2 r: 0 x=302.87187078897966 roundedX=303.0 y=320.0 roundedY=320.0
Vertex dir=1 q: -2 r: 0 x=372.1539030917347 roundedX=372.0 y=360.0 roundedY=360.0
Vertex dir=2 q: -2 r: 0 x=372.1539030917348 roundedX=372.0 y=440.0 roundedY=440.0
Vertex dir=3 q: -2 r: 0 x=302.87187078897966 roundedX=303.0 y=480.0 roundedY=480.0
Vertex dir=4 q: -2 r: 0 x=233.58983848622458 roundedX=234.0 y=440.0 roundedY=440.0
Vertex dir=5 q: -2 r: 0 x=233.58983848622458 roundedX=234.0 y=360.0 roundedY=360.0
Vertex dir=0 q: -1 r: 1 x=510.71796769724494 roundedX=511.0 y=440.0 roundedY=440.0
Vertex dir=1 q: -1 r: 1 x=580.0 roundedX=580.0 y=480.0 roundedY=480.0
Vertex dir=2 q: -1 r: 1 x=580.0 roundedX=580.0 y=560.0 roundedY=560.0
Vertex dir=3 q: -1 r: 1 x=510.71796769724494 roundedX=511.0 y=600.0 roundedY=600.0
Vertex dir=4 q: -1 r: 1 x=441.4359353944899 roundedX=441.0 y=560.0 roundedY=560.0
Vertex dir=5 q: -1 r: 1 x=441.4359353944899 roundedX=441.0 y=480.0 roundedY=480.0
Vertex dir=0 q: -2 r: -1 x=372.1539030917347 roundedX=372.0 y=200.0 roundedY=200.0
Vertex dir=1 q: -2 r: -1 x=441.4359353944898 roundedX=441.0 y=240.0 roundedY=240.0
Vertex dir=2 q: -2 r: -1 x=441.43593539448983 roundedX=441.0 y=320.0 roundedY=320.0
Vertex dir=3 q: -2 r: -1 x=372.1539030917347 roundedX=372.0 y=360.0 roundedY=360.0
Vertex dir=4 q: -2 r: -1 x=302.87187078897966 roundedX=303.0 y=320.0 roundedY=320.0
Vertex dir=5 q: -2 r: -1 x=302.87187078897966 roundedX=303.0 y=240.0 roundedY=240.0
Vertex dir=0 q: 1 r: -1 x=787.8460969082653 roundedX=788.0 y=200.0 roundedY=200.0
Vertex dir=1 q: 1 r: -1 x=857.1281292110203 roundedX=857.0 y=240.0 roundedY=240.0
Vertex dir=2 q: 1 r: -1 x=857.1281292110203 roundedX=857.0 y=320.0 roundedY=320.0
Vertex dir=3 q: 1 r: -1 x=787.8460969082653 roundedX=788.0 y=360.0 roundedY=360.0
Vertex dir=4 q: 1 r: -1 x=718.5640646055102 roundedX=719.0 y=320.0 roundedY=320.0
Vertex dir=5 q: 1 r: -1 x=718.5640646055102 roundedX=719.0 y=240.0 roundedY=240.0
Vertex dir=0 q: -1 r: 0 x=441.43593539448983 roundedX=441.0 y=320.0 roundedY=320.0
Vertex dir=1 q: -1 r: 0 x=510.71796769724494 roundedX=511.0 y=360.0 roundedY=360.0
Vertex dir=2 q: -1 r: 0 x=510.71796769724494 roundedX=511.0 y=440.0 roundedY=440.0
Vertex dir=3 q: -1 r: 0 x=441.43593539448983 roundedX=441.0 y=480.0 roundedY=480.0
Vertex dir=4 q: -1 r: 0 x=372.1539030917347 roundedX=372.0 y=440.0 roundedY=440.0
Vertex dir=5 q: -1 r: 0 x=372.1539030917347 roundedX=372.0 y=360.0 roundedY=360.0
Vertex dir=0 q: 2 r: 0 x=857.1281292110203 roundedX=857.0 y=320.0 roundedY=320.0
Vertex dir=1 q: 2 r: 0 x=926.4101615137754 roundedX=926.0 y=360.0 roundedY=360.0
Vertex dir=2 q: 2 r: 0 x=926.4101615137754 roundedX=926.0 y=440.0 roundedY=440.0
Vertex dir=3 q: 2 r: 0 x=857.1281292110203 roundedX=857.0 y=480.0 roundedY=480.0
Vertex dir=4 q: 2 r: 0 x=787.8460969082653 roundedX=788.0 y=440.0 roundedY=440.0
Vertex dir=5 q: 2 r: 0 x=787.8460969082653 roundedX=788.0 y=360.0 roundedY=360.0
Vertex dir=0 q: -1 r: -1 x=510.71796769724494 roundedX=511.0 y=200.0 roundedY=200.0
Vertex dir=1 q: -1 r: -1 x=580.0 roundedX=580.0 y=240.0 roundedY=240.0
Vertex dir=2 q: -1 r: -1 x=580.0 roundedX=580.0 y=320.0 roundedY=320.0
Vertex dir=3 q: -1 r: -1 x=510.71796769724494 roundedX=511.0 y=360.0 roundedY=360.0
Vertex dir=4 q: -1 r: -1 x=441.4359353944899 roundedX=441.0 y=320.0 roundedY=320.0
Vertex dir=5 q: -1 r: -1 x=441.4359353944899 roundedX=441.0 y=240.0 roundedY=240.0
Vertex dir=0 q: 1 r: 0 x=718.5640646055101 roundedX=719.0 y=320.0 roundedY=320.0
Vertex dir=1 q: 1 r: 0 x=787.8460969082652 roundedX=788.0 y=360.0 roundedY=360.0
Vertex dir=2 q: 1 r: 0 x=787.8460969082652 roundedX=788.0 y=440.0 roundedY=440.0
Vertex dir=3 q: 1 r: 0 x=718.5640646055101 roundedX=719.0 y=480.0 roundedY=480.0
Vertex dir=4 q: 1 r: 0 x=649.282032302755 roundedX=649.0 y=440.0 roundedY=440.0
Vertex dir=5 q: 1 r: 0 x=649.282032302755 roundedX=649.0 y=360.0 roundedY=360.0
Key X: 580.0Key Y: 560.0, Value: [Vertex(0, 1, 4), Vertex(0, 2, 0), Vertex(-1, 1, 2)]
Key X: 857.0Key Y: 320.0, Value: [Vertex(1, -1, 2), Vertex(2, 0, 0)]
Key X: 719.0Key Y: 480.0, Value: [Vertex(1, 1, 5), Vertex(0, 1, 1), Vertex(1, 0, 3)]
Key X: 580.0Key Y: 720.0, Value: [Vertex(0, 2, 3)]
Key X: 719.0Key Y: 560.0, Value: [Vertex(1, 1, 4), Vertex(0, 1, 2), Vertex(1, 2, 0)]
Key X: 441.0Key Y: 80.0, Value: [Vertex(-1, -2, 0)]
Key X: 857.0Key Y: 480.0, Value: [Vertex(1, 1, 1), Vertex(2, 0, 3)]
Key X: 719.0Key Y: 720.0, Value: [Vertex(1, 2, 3)]
Key X: 857.0Key Y: 560.0, Value: [Vertex(1, 1, 2)]
Key X: 372.0Key Y: 120.0, Value: [Vertex(-1, -2, 5)]
Key X: 303.0Key Y: 240.0, Value: [Vertex(-2, -1, 5)]
Key X: 372.0Key Y: 200.0, Value: [Vertex(-1, -2, 4), Vertex(-2, -1, 0)]
Key X: 511.0Key Y: 120.0, Value: [Vertex(-1, -2, 1), Vertex(0, -2, 5)]
Key X: 303.0Key Y: 320.0, Value: [Vertex(-2, 0, 0), Vertex(-2, -1, 4)]
Key X: 649.0Key Y: 120.0, Value: [Vertex(0, -2, 1), Vertex(1, -2, 5)]
Key X: 441.0Key Y: 240.0, Value: [Vertex(-1, -2, 3), Vertex(-2, -1, 1), Vertex(-1, -1, 5)]
Key X: 372.0Key Y: 360.0, Value: [Vertex(-2, 0, 1), Vertex(-2, -1, 3), Vertex(-1, 0, 5)]
Key X: 511.0Key Y: 200.0, Value: [Vertex(-1, -2, 2), Vertex(0, -2, 4), Vertex(-1, -1, 0)]
Key X: 788.0Key Y: 120.0, Value: [Vertex(1, -2, 1)]
Key X: 303.0Key Y: 480.0, Value: [Vertex(-2, 1, 5), Vertex(-2, 0, 3)]
Key X: 441.0Key Y: 320.0, Value: [Vertex(-2, -1, 2), Vertex(-1, 0, 0), Vertex(-1, -1, 4)]
Key X: 649.0Key Y: 200.0, Value: [Vertex(0, -1, 0), Vertex(0, -2, 2), Vertex(1, -2, 4)]
Key X: 303.0Key Y: 560.0, Value: [Vertex(-2, 1, 4)]
Key X: 372.0Key Y: 440.0, Value: [Vertex(-2, 1, 0), Vertex(-2, 0, 2), Vertex(-1, 0, 4)]
Key X: 372.0Key Y: 600.0, Value: [Vertex(-2, 1, 3), Vertex(-1, 2, 5)]
Key X: 788.0Key Y: 200.0, Value: [Vertex(1, -2, 2), Vertex(1, -1, 0)]
Key X: 441.0Key Y: 480.0, Value: [Vertex(-2, 1, 1), Vertex(-1, 1, 5), Vertex(-1, 0, 3)]
Key X: 511.0Key Y: 360.0, Value: [Vertex(0, 0, 5), Vertex(-1, 0, 1), Vertex(-1, -1, 3)]
Key X: 441.0Key Y: 560.0, Value: [Vertex(-2, 1, 2), Vertex(-1, 2, 0), Vertex(-1, 1, 4)]
Key X: 372.0Key Y: 680.0, Value: [Vertex(-1, 2, 4)]
Key X: 511.0Key Y: 440.0, Value: [Vertex(0, 0, 4), Vertex(-1, 1, 0), Vertex(-1, 0, 2)]
Key X: 649.0Key Y: 360.0, Value: [Vertex(0, -1, 3), Vertex(0, 0, 1), Vertex(1, 0, 5)]
Key X: 441.0Key Y: 720.0, Value: [Vertex(-1, 2, 3)]
Key X: 788.0Key Y: 360.0, Value: [Vertex(1, -1, 3), Vertex(2, 0, 5), Vertex(1, 0, 1)]
Key X: 511.0Key Y: 600.0, Value: [Vertex(0, 2, 5), Vertex(-1, 2, 1), Vertex(-1, 1, 3)]
Key X: 649.0Key Y: 440.0, Value: [Vertex(0, 0, 2), Vertex(0, 1, 0), Vertex(1, 0, 4)]
Key X: 511.0Key Y: 680.0, Value: [Vertex(0, 2, 4), Vertex(-1, 2, 2)]
Key X: 926.0Key Y: 360.0, Value: [Vertex(2, 0, 1)]
Key X: 649.0Key Y: 600.0, Value: [Vertex(0, 1, 3), Vertex(1, 2, 5), Vertex(0, 2, 1)]
Key X: 788.0Key Y: 440.0, Value: [Vertex(1, 1, 0), Vertex(2, 0, 4), Vertex(1, 0, 2)]
Key X: 649.0Key Y: 680.0, Value: [Vertex(1, 2, 4), Vertex(0, 2, 2)]
Key X: 926.0Key Y: 440.0, Value: [Vertex(2, 0, 2)]
Key X: 788.0Key Y: 600.0, Value: [Vertex(1, 1, 3), Vertex(1, 2, 1)]
Key X: 788.0Key Y: 680.0, Value: [Vertex(1, 2, 2)]
Key X: 580.0Key Y: 80.0, Value: [Vertex(0, -2, 0)]
Key X: 719.0Key Y: 80.0, Value: [Vertex(1, -2, 0)]
Key X: 580.0Key Y: 240.0, Value: [Vertex(0, -1, 5), Vertex(0, -2, 3), Vertex(-1, -1, 1)]
Key X: 234.0Key Y: 360.0, Value: [Vertex(-2, 0, 5)]
Key X: 580.0Key Y: 320.0, Value: [Vertex(0, -1, 4), Vertex(0, 0, 0), Vertex(-1, -1, 2)]
Key X: 234.0Key Y: 440.0, Value: [Vertex(-2, 0, 4)]
Key X: 719.0Key Y: 240.0, Value: [Vertex(0, -1, 1), Vertex(1, -2, 3), Vertex(1, -1, 5)]
Key X: 857.0Key Y: 240.0, Value: [Vertex(1, -1, 1)]
Key X: 719.0Key Y: 320.0, Value: [Vertex(0, -1, 2), Vertex(1, -1, 4), Vertex(1, 0, 0)]
Key X: 580.0Key Y: 480.0, Value: [Vertex(0, 0, 3), Vertex(0, 1, 5), Vertex(-1, 1, 1)]
Key: Vertex(-2, 1, 4) -> Value: Vertex(-2, 1, 4)
Size: 114
Key: Vertex(-2, 1, 5) -> Value: Vertex(-2, 1, 5)
Size: 114
Key: Vertex(1, -1, 0) -> Value: Vertex(1, -2, 2)
Size: 114
Key: Vertex(1, -1, 1) -> Value: Vertex(1, -1, 1)
Size: 114
Key: Vertex(1, -1, 2) -> Value: Vertex(1, -1, 2)
Size: 114
Key: Vertex(1, -1, 3) -> Value: Vertex(1, -1, 3)
Size: 114
Key: Vertex(1, -1, 4) -> Value: Vertex(0, -1, 2)
Size: 114
Key: Vertex(1, -1, 5) -> Value: Vertex(0, -1, 1)
Size: 114
Key: Vertex(1, 0, 0) -> Value: Vertex(0, -1, 2)
Size: 114
Key: Vertex(1, 0, 1) -> Value: Vertex(1, -1, 3)
Size: 114
Key: Vertex(0, -2, 0) -> Value: Vertex(0, -2, 0)
Size: 114
Key: Vertex(0, -2, 1) -> Value: Vertex(0, -2, 1)
Size: 114
Key: Vertex(1, 0, 2) -> Value: Vertex(1, 1, 0)
Size: 114
Key: Vertex(1, 0, 3) -> Value: Vertex(1, 1, 5)
Size: 114
Key: Vertex(0, -2, 2) -> Value: Vertex(0, -1, 0)
Size: 114
Key: Vertex(1, 0, 4) -> Value: Vertex(0, 0, 2)
Size: 114
Key: Vertex(0, -2, 3) -> Value: Vertex(0, -1, 5)
Size: 114
Key: Vertex(0, -2, 4) -> Value: Vertex(-1, -2, 2)
Size: 114
Key: Vertex(1, 0, 5) -> Value: Vertex(0, -1, 3)
Size: 114
Key: Vertex(0, -2, 5) -> Value: Vertex(-1, -2, 1)
Size: 114
Key: Vertex(1, 1, 0) -> Value: Vertex(1, 1, 0)
Size: 114
Key: Vertex(1, 1, 1) -> Value: Vertex(1, 1, 1)
Size: 114
Key: Vertex(0, -1, 0) -> Value: Vertex(0, -1, 0)
Size: 114
Key: Vertex(1, 1, 2) -> Value: Vertex(1, 1, 2)
Size: 114
Key: Vertex(0, -1, 1) -> Value: Vertex(0, -1, 1)
Size: 114
Key: Vertex(1, 1, 3) -> Value: Vertex(1, 1, 3)
Size: 114
Key: Vertex(0, -1, 2) -> Value: Vertex(0, -1, 2)
Size: 114
Key: Vertex(1, 1, 4) -> Value: Vertex(1, 1, 4)
Size: 114
Key: Vertex(0, -1, 3) -> Value: Vertex(0, -1, 3)
Size: 114
Key: Vertex(1, 1, 5) -> Value: Vertex(1, 1, 5)
Size: 114
Key: Vertex(0, -1, 4) -> Value: Vertex(0, -1, 4)
Size: 114
Key: Vertex(0, -1, 5) -> Value: Vertex(0, -1, 5)
Size: 114
Key: Vertex(1, 2, 0) -> Value: Vertex(1, 1, 4)
Size: 114
Key: Vertex(1, 2, 1) -> Value: Vertex(1, 1, 3)
Size: 114
Key: Vertex(0, 0, 0) -> Value: Vertex(0, -1, 4)
Size: 114
Key: Vertex(-1, -2, 0) -> Value: Vertex(-1, -2, 0)
Size: 114
Key: Vertex(0, 0, 1) -> Value: Vertex(0, -1, 3)
Size: 114
Key: Vertex(1, 2, 2) -> Value: Vertex(1, 2, 2)
Size: 114
Key: Vertex(1, 2, 3) -> Value: Vertex(1, 2, 3)
Size: 114
Key: Vertex(-1, -2, 1) -> Value: Vertex(-1, -2, 1)
Size: 114
Key: Vertex(0, 0, 2) -> Value: Vertex(0, 0, 2)
Size: 114
Key: Vertex(-1, -2, 2) -> Value: Vertex(-1, -2, 2)
Size: 114
Key: Vertex(1, 2, 4) -> Value: Vertex(1, 2, 4)
Size: 114
Key: Vertex(0, 0, 3) -> Value: Vertex(0, 0, 3)
Size: 114
Key: Vertex(-1, -2, 3) -> Value: Vertex(-1, -2, 3)
Size: 114
Key: Vertex(0, 0, 4) -> Value: Vertex(0, 0, 4)
Size: 114
Key: Vertex(1, 2, 5) -> Value: Vertex(0, 1, 3)
Size: 114
Key: Vertex(-1, -2, 4) -> Value: Vertex(-1, -2, 4)
Size: 114
Key: Vertex(0, 0, 5) -> Value: Vertex(0, 0, 5)
Size: 114
Key: Vertex(-1, -2, 5) -> Value: Vertex(-1, -2, 5)
Size: 114
Key: Vertex(0, 1, 0) -> Value: Vertex(0, 0, 2)
Size: 114
Key: Vertex(0, 1, 1) -> Value: Vertex(1, 1, 5)
Size: 114
Key: Vertex(-1, -1, 0) -> Value: Vertex(-1, -2, 2)
Size: 114
Key: Vertex(0, 1, 2) -> Value: Vertex(1, 1, 4)
Size: 114
Key: Vertex(-1, -1, 1) -> Value: Vertex(0, -1, 5)
Size: 114
Key: Vertex(0, 1, 3) -> Value: Vertex(0, 1, 3)
Size: 114
Key: Vertex(-1, -1, 2) -> Value: Vertex(0, -1, 4)
Size: 114
Key: Vertex(0, 1, 4) -> Value: Vertex(0, 1, 4)
Size: 114
Key: Vertex(-1, -1, 3) -> Value: Vertex(0, 0, 5)
Size: 114
Key: Vertex(-1, -1, 4) -> Value: Vertex(-2, -1, 2)
Size: 114
Key: Vertex(0, 1, 5) -> Value: Vertex(0, 0, 3)
Size: 114
Key: Vertex(-1, -1, 5) -> Value: Vertex(-1, -2, 3)
Size: 114
Key: Vertex(0, 2, 0) -> Value: Vertex(0, 1, 4)
Size: 114
Key: Vertex(-1, 0, 0) -> Value: Vertex(-2, -1, 2)
Size: 114
Key: Vertex(0, 2, 1) -> Value: Vertex(0, 1, 3)
Size: 114
Key: Vertex(-1, 0, 1) -> Value: Vertex(0, 0, 5)
Size: 114
Key: Vertex(0, 2, 2) -> Value: Vertex(1, 2, 4)
Size: 114
Key: Vertex(0, 2, 3) -> Value: Vertex(0, 2, 3)
Size: 114
Key: Vertex(-1, 0, 2) -> Value: Vertex(0, 0, 4)
Size: 114
Key: Vertex(-1, 0, 3) -> Value: Vertex(-2, 1, 1)
Size: 114
Key: Vertex(0, 2, 4) -> Value: Vertex(0, 2, 4)
Size: 114
Key: Vertex(-1, 0, 4) -> Value: Vertex(-2, 1, 0)
Size: 114
Key: Vertex(0, 2, 5) -> Value: Vertex(0, 2, 5)
Size: 114
Key: Vertex(-1, 0, 5) -> Value: Vertex(-2, 0, 1)
Size: 114
Key: Vertex(-1, 1, 0) -> Value: Vertex(0, 0, 4)
Size: 114
Key: Vertex(-2, -1, 0) -> Value: Vertex(-1, -2, 4)
Size: 114
Key: Vertex(-1, 1, 1) -> Value: Vertex(0, 0, 3)
Size: 114
Key: Vertex(-1, 1, 2) -> Value: Vertex(0, 1, 4)
Size: 114
Key: Vertex(-2, -1, 1) -> Value: Vertex(-1, -2, 3)
Size: 114
Key: Vertex(-2, -1, 2) -> Value: Vertex(-2, -1, 2)
Size: 114
Key: Vertex(-1, 1, 3) -> Value: Vertex(0, 2, 5)
Size: 114
Key: Vertex(-2, -1, 3) -> Value: Vertex(-2, 0, 1)
Size: 114
Key: Vertex(-1, 1, 4) -> Value: Vertex(-2, 1, 2)
Size: 114
Key: Vertex(-2, -1, 4) -> Value: Vertex(-2, 0, 0)
Size: 114
Key: Vertex(-1, 1, 5) -> Value: Vertex(-2, 1, 1)
Size: 114
Key: Vertex(-2, -1, 5) -> Value: Vertex(-2, -1, 5)
Size: 114
Key: Vertex(-1, 2, 0) -> Value: Vertex(-2, 1, 2)
Size: 114
Key: Vertex(-2, 0, 0) -> Value: Vertex(-2, 0, 0)
Size: 114
Key: Vertex(-1, 2, 1) -> Value: Vertex(0, 2, 5)
Size: 114
Key: Vertex(-2, 0, 1) -> Value: Vertex(-2, 0, 1)
Size: 114
Key: Vertex(-1, 2, 2) -> Value: Vertex(0, 2, 4)
Size: 114
Key: Vertex(-2, 0, 2) -> Value: Vertex(-2, 1, 0)
Size: 114
Key: Vertex(-1, 2, 3) -> Value: Vertex(-1, 2, 3)
Size: 114
Key: Vertex(-2, 0, 3) -> Value: Vertex(-2, 1, 5)
Size: 114
Key: Vertex(-1, 2, 4) -> Value: Vertex(-1, 2, 4)
Size: 114
Key: Vertex(2, 0, 0) -> Value: Vertex(1, -1, 2)
Size: 114
Key: Vertex(-1, 2, 5) -> Value: Vertex(-2, 1, 3)
Size: 114
Key: Vertex(-2, 0, 4) -> Value: Vertex(-2, 0, 4)
Size: 114
Key: Vertex(2, 0, 1) -> Value: Vertex(2, 0, 1)
Size: 114
Key: Vertex(1, -2, 0) -> Value: Vertex(1, -2, 0)
Size: 114
Key: Vertex(-2, 0, 5) -> Value: Vertex(-2, 0, 5)
Size: 114
Key: Vertex(1, -2, 1) -> Value: Vertex(1, -2, 1)
Size: 114
Key: Vertex(2, 0, 2) -> Value: Vertex(2, 0, 2)
Size: 114
Key: Vertex(2, 0, 3) -> Value: Vertex(1, 1, 1)
Size: 114
Key: Vertex(1, -2, 2) -> Value: Vertex(1, -2, 2)
Size: 114
Key: Vertex(2, 0, 4) -> Value: Vertex(1, 1, 0)
Size: 114
Key: Vertex(1, -2, 3) -> Value: Vertex(0, -1, 1)
Size: 114
Key: Vertex(1, -2, 4) -> Value: Vertex(0, -1, 0)
Size: 114
Key: Vertex(2, 0, 5) -> Value: Vertex(1, -1, 3)
Size: 114
Key: Vertex(1, -2, 5) -> Value: Vertex(0, -2, 1)
Size: 114
Key: Vertex(-2, 1, 0) -> Value: Vertex(-2, 1, 0)
Size: 114
Key: Vertex(-2, 1, 1) -> Value: Vertex(-2, 1, 1)
Size: 114
Key: Vertex(-2, 1, 2) -> Value: Vertex(-2, 1, 2)
Size: 114
Key: Vertex(-2, 1, 3) -> Value: Vertex(-2, 1, 3)
Size: 114
Vertex dir=0 q: -1 r: -2 x=441.43593539448983 roundedX=441.0 y=80.0 roundedY=80.0
Vertex dir=1 q: -1 r: -2 x=510.71796769724494 roundedX=511.0 y=120.0 roundedY=120.0
Vertex dir=2 q: -1 r: -2 x=510.71796769724494 roundedX=511.0 y=200.0 roundedY=200.0
Vertex dir=3 q: -1 r: -2 x=441.43593539448983 roundedX=441.0 y=240.0 roundedY=240.0
Vertex dir=4 q: -1 r: -2 x=372.1539030917347 roundedX=372.0 y=200.00000000000003 roundedY=200.0
Vertex dir=5 q: -1 r: -2 x=372.1539030917347 roundedX=372.0 y=120.0 roundedY=120.0
Vertex dir=0 q: 0 r: -1 x=649.282032302755 roundedX=649.0 y=200.0 roundedY=200.0
Vertex dir=1 q: 0 r: -1 x=718.5640646055101 roundedX=719.0 y=240.0 roundedY=240.0
Vertex dir=2 q: 0 r: -1 x=718.5640646055101 roundedX=719.0 y=320.0 roundedY=320.0
Vertex dir=3 q: 0 r: -1 x=649.282032302755 roundedX=649.0 y=360.0 roundedY=360.0
Vertex dir=4 q: 0 r: -1 x=580.0 roundedX=580.0 y=320.0 roundedY=320.0
Vertex dir=5 q: 0 r: -1 x=580.0 roundedX=580.0 y=240.0 roundedY=240.0
Vertex dir=0 q: 0 r: 0 x=580.0 roundedX=580.0 y=320.0 roundedY=320.0
Vertex dir=1 q: 0 r: 0 x=649.282032302755 roundedX=649.0 y=360.0 roundedY=360.0
Vertex dir=2 q: 0 r: 0 x=649.282032302755 roundedX=649.0 y=440.0 roundedY=440.0
Vertex dir=3 q: 0 r: 0 x=580.0 roundedX=580.0 y=480.0 roundedY=480.0
Vertex dir=4 q: 0 r: 0 x=510.71796769724494 roundedX=511.0 y=440.0 roundedY=440.0
Vertex dir=5 q: 0 r: 0 x=510.71796769724494 roundedX=511.0 y=360.0 roundedY=360.0
Vertex dir=0 q: 1 r: 1 x=787.8460969082653 roundedX=788.0 y=440.0 roundedY=440.0
Vertex dir=1 q: 1 r: 1 x=857.1281292110203 roundedX=857.0 y=480.0 roundedY=480.0
Vertex dir=2 q: 1 r: 1 x=857.1281292110203 roundedX=857.0 y=560.0 roundedY=560.0
Vertex dir=3 q: 1 r: 1 x=787.8460969082653 roundedX=788.0 y=600.0 roundedY=600.0
Vertex dir=4 q: 1 r: 1 x=718.5640646055102 roundedX=719.0 y=560.0 roundedY=560.0
Vertex dir=5 q: 1 r: 1 x=718.5640646055102 roundedX=719.0 y=480.0 roundedY=480.0
Vertex dir=0 q: 0 r: -2 x=580.0 roundedX=580.0 y=80.0 roundedY=80.0
Vertex dir=1 q: 0 r: -2 x=649.282032302755 roundedX=649.0 y=120.0 roundedY=120.0
Vertex dir=2 q: 0 r: -2 x=649.282032302755 roundedX=649.0 y=200.0 roundedY=200.0
Vertex dir=3 q: 0 r: -2 x=580.0 roundedX=580.0 y=240.0 roundedY=240.0
Vertex dir=4 q: 0 r: -2 x=510.71796769724494 roundedX=511.0 y=200.00000000000003 roundedY=200.0
Vertex dir=5 q: 0 r: -2 x=510.71796769724494 roundedX=511.0 y=120.0 roundedY=120.0
Vertex dir=0 q: 0 r: 1 x=649.282032302755 roundedX=649.0 y=440.0 roundedY=440.0
Vertex dir=1 q: 0 r: 1 x=718.5640646055101 roundedX=719.0 y=480.0 roundedY=480.0
Vertex dir=2 q: 0 r: 1 x=718.5640646055101 roundedX=719.0 y=560.0 roundedY=560.0
Vertex dir=3 q: 0 r: 1 x=649.282032302755 roundedX=649.0 y=600.0 roundedY=600.0
Vertex dir=4 q: 0 r: 1 x=580.0 roundedX=580.0 y=560.0 roundedY=560.0
Vertex dir=5 q: 0 r: 1 x=580.0 roundedX=580.0 y=480.0 roundedY=480.0
Vertex dir=0 q: 1 r: 2 x=718.5640646055101 roundedX=719.0 y=560.0 roundedY=560.0
Vertex dir=1 q: 1 r: 2 x=787.8460969082652 roundedX=788.0 y=600.0 roundedY=600.0
Vertex dir=2 q: 1 r: 2 x=787.8460969082652 roundedX=788.0 y=680.0 roundedY=680.0
Vertex dir=3 q: 1 r: 2 x=718.5640646055101 roundedX=719.0 y=720.0 roundedY=720.0
Vertex dir=4 q: 1 r: 2 x=649.282032302755 roundedX=649.0 y=680.0 roundedY=680.0
Vertex dir=5 q: 1 r: 2 x=649.282032302755 roundedX=649.0 y=600.0 roundedY=600.0
Vertex dir=0 q: 0 r: 2 x=580.0 roundedX=580.0 y=560.0 roundedY=560.0
Vertex dir=1 q: 0 r: 2 x=649.282032302755 roundedX=649.0 y=600.0 roundedY=600.0
Vertex dir=2 q: 0 r: 2 x=649.282032302755 roundedX=649.0 y=680.0 roundedY=680.0
Vertex dir=3 q: 0 r: 2 x=580.0 roundedX=580.0 y=720.0 roundedY=720.0
Vertex dir=4 q: 0 r: 2 x=510.71796769724494 roundedX=511.0 y=680.0 roundedY=680.0
Vertex dir=5 q: 0 r: 2 x=510.71796769724494 roundedX=511.0 y=600.0 roundedY=600.0
Vertex dir=0 q: -2 r: 1 x=372.1539030917347 roundedX=372.0 y=440.0 roundedY=440.0
Vertex dir=1 q: -2 r: 1 x=441.4359353944898 roundedX=441.0 y=480.0 roundedY=480.0
Vertex dir=2 q: -2 r: 1 x=441.43593539448983 roundedX=441.0 y=560.0 roundedY=560.0
Vertex dir=3 q: -2 r: 1 x=372.1539030917347 roundedX=372.0 y=600.0 roundedY=600.0
Vertex dir=4 q: -2 r: 1 x=302.87187078897966 roundedX=303.0 y=560.0 roundedY=560.0
Vertex dir=5 q: -2 r: 1 x=302.87187078897966 roundedX=303.0 y=480.0 roundedY=480.0
Vertex dir=0 q: -1 r: 2 x=441.43593539448983 roundedX=441.0 y=560.0 roundedY=560.0
Vertex dir=1 q: -1 r: 2 x=510.71796769724494 roundedX=511.0 y=600.0 roundedY=600.0
Vertex dir=2 q: -1 r: 2 x=510.71796769724494 roundedX=511.0 y=680.0 roundedY=680.0
Vertex dir=3 q: -1 r: 2 x=441.43593539448983 roundedX=441.0 y=720.0 roundedY=720.0
Vertex dir=4 q: -1 r: 2 x=372.1539030917347 roundedX=372.0 y=680.0 roundedY=680.0
Vertex dir=5 q: -1 r: 2 x=372.1539030917347 roundedX=372.0 y=600.0 roundedY=600.0
Vertex dir=0 q: 1 r: -2 x=718.5640646055101 roundedX=719.0 y=80.0 roundedY=80.0
Vertex dir=1 q: 1 r: -2 x=787.8460969082652 roundedX=788.0 y=120.0 roundedY=120.0
Vertex dir=2 q: 1 r: -2 x=787.8460969082652 roundedX=788.0 y=200.0 roundedY=200.0
Vertex dir=3 q: 1 r: -2 x=718.5640646055101 roundedX=719.0 y=240.0 roundedY=240.0
Vertex dir=4 q: 1 r: -2 x=649.282032302755 roundedX=649.0 y=200.00000000000003 roundedY=200.0
Vertex dir=5 q: 1 r: -2 x=649.282032302755 roundedX=649.0 y=120.0 roundedY=120.0
Vertex dir=0 q: -2 r: 0 x=302.87187078897966 roundedX=303.0 y=320.0 roundedY=320.0
Vertex dir=1 q: -2 r: 0 x=372.1539030917347 roundedX=372.0 y=360.0 roundedY=360.0
Vertex dir=2 q: -2 r: 0 x=372.1539030917348 roundedX=372.0 y=440.0 roundedY=440.0
Vertex dir=3 q: -2 r: 0 x=302.87187078897966 roundedX=303.0 y=480.0 roundedY=480.0
Vertex dir=4 q: -2 r: 0 x=233.58983848622458 roundedX=234.0 y=440.0 roundedY=440.0
Vertex dir=5 q: -2 r: 0 x=233.58983848622458 roundedX=234.0 y=360.0 roundedY=360.0
Vertex dir=0 q: -1 r: 1 x=510.71796769724494 roundedX=511.0 y=440.0 roundedY=440.0
Vertex dir=1 q: -1 r: 1 x=580.0 roundedX=580.0 y=480.0 roundedY=480.0
Vertex dir=2 q: -1 r: 1 x=580.0 roundedX=580.0 y=560.0 roundedY=560.0
Vertex dir=3 q: -1 r: 1 x=510.71796769724494 roundedX=511.0 y=600.0 roundedY=600.0
Vertex dir=4 q: -1 r: 1 x=441.4359353944899 roundedX=441.0 y=560.0 roundedY=560.0
Vertex dir=5 q: -1 r: 1 x=441.4359353944899 roundedX=441.0 y=480.0 roundedY=480.0
Vertex dir=0 q: -2 r: -1 x=372.1539030917347 roundedX=372.0 y=200.0 roundedY=200.0
Vertex dir=1 q: -2 r: -1 x=441.4359353944898 roundedX=441.0 y=240.0 roundedY=240.0
Vertex dir=2 q: -2 r: -1 x=441.43593539448983 roundedX=441.0 y=320.0 roundedY=320.0
Vertex dir=3 q: -2 r: -1 x=372.1539030917347 roundedX=372.0 y=360.0 roundedY=360.0
Vertex dir=4 q: -2 r: -1 x=302.87187078897966 roundedX=303.0 y=320.0 roundedY=320.0
Vertex dir=5 q: -2 r: -1 x=302.87187078897966 roundedX=303.0 y=240.0 roundedY=240.0
Vertex dir=0 q: 1 r: -1 x=787.8460969082653 roundedX=788.0 y=200.0 roundedY=200.0
Vertex dir=1 q: 1 r: -1 x=857.1281292110203 roundedX=857.0 y=240.0 roundedY=240.0
Vertex dir=2 q: 1 r: -1 x=857.1281292110203 roundedX=857.0 y=320.0 roundedY=320.0
Vertex dir=3 q: 1 r: -1 x=787.8460969082653 roundedX=788.0 y=360.0 roundedY=360.0
Vertex dir=4 q: 1 r: -1 x=718.5640646055102 roundedX=719.0 y=320.0 roundedY=320.0
Vertex dir=5 q: 1 r: -1 x=718.5640646055102 roundedX=719.0 y=240.0 roundedY=240.0
Vertex dir=0 q: -1 r: 0 x=441.43593539448983 roundedX=441.0 y=320.0 roundedY=320.0
Vertex dir=1 q: -1 r: 0 x=510.71796769724494 roundedX=511.0 y=360.0 roundedY=360.0
Vertex dir=2 q: -1 r: 0 x=510.71796769724494 roundedX=511.0 y=440.0 roundedY=440.0
Vertex dir=3 q: -1 r: 0 x=441.43593539448983 roundedX=441.0 y=480.0 roundedY=480.0
Vertex dir=4 q: -1 r: 0 x=372.1539030917347 roundedX=372.0 y=440.0 roundedY=440.0
Vertex dir=5 q: -1 r: 0 x=372.1539030917347 roundedX=372.0 y=360.0 roundedY=360.0
Vertex dir=0 q: 2 r: 0 x=857.1281292110203 roundedX=857.0 y=320.0 roundedY=320.0
Vertex dir=1 q: 2 r: 0 x=926.4101615137754 roundedX=926.0 y=360.0 roundedY=360.0
Vertex dir=2 q: 2 r: 0 x=926.4101615137754 roundedX=926.0 y=440.0 roundedY=440.0
Vertex dir=3 q: 2 r: 0 x=857.1281292110203 roundedX=857.0 y=480.0 roundedY=480.0
Vertex dir=4 q: 2 r: 0 x=787.8460969082653 roundedX=788.0 y=440.0 roundedY=440.0
Vertex dir=5 q: 2 r: 0 x=787.8460969082653 roundedX=788.0 y=360.0 roundedY=360.0
Vertex dir=0 q: -1 r: -1 x=510.71796769724494 roundedX=511.0 y=200.0 roundedY=200.0
Vertex dir=1 q: -1 r: -1 x=580.0 roundedX=580.0 y=240.0 roundedY=240.0
Vertex dir=2 q: -1 r: -1 x=580.0 roundedX=580.0 y=320.0 roundedY=320.0
Vertex dir=3 q: -1 r: -1 x=510.71796769724494 roundedX=511.0 y=360.0 roundedY=360.0
Vertex dir=4 q: -1 r: -1 x=441.4359353944899 roundedX=441.0 y=320.0 roundedY=320.0
Vertex dir=5 q: -1 r: -1 x=441.4359353944899 roundedX=441.0 y=240.0 roundedY=240.0
Vertex dir=0 q: 1 r: 0 x=718.5640646055101 roundedX=719.0 y=320.0 roundedY=320.0
Vertex dir=1 q: 1 r: 0 x=787.8460969082652 roundedX=788.0 y=360.0 roundedY=360.0
Vertex dir=2 q: 1 r: 0 x=787.8460969082652 roundedX=788.0 y=440.0 roundedY=440.0
Vertex dir=3 q: 1 r: 0 x=718.5640646055101 roundedX=719.0 y=480.0 roundedY=480.0
Vertex dir=4 q: 1 r: 0 x=649.282032302755 roundedX=649.0 y=440.0 roundedY=440.0
Vertex dir=5 q: 1 r: 0 x=649.282032302755 roundedX=649.0 y=360.0 roundedY=360.0
Key X: 580.0Key Y: 560.0, Value: [Vertex(0, 1, 4), Vertex(0, 2, 0), Vertex(-1, 1, 2)]
Key X: 857.0Key Y: 320.0, Value: [Vertex(1, -1, 2), Vertex(2, 0, 0)]
Key X: 719.0Key Y: 480.0, Value: [Vertex(1, 1, 5), Vertex(0, 1, 1), Vertex(1, 0, 3)]
Key X: 580.0Key Y: 720.0, Value: [Vertex(0, 2, 3)]
Key X: 719.0Key Y: 560.0, Value: [Vertex(1, 1, 4), Vertex(0, 1, 2), Vertex(1, 2, 0)]
Key X: 441.0Key Y: 80.0, Value: [Vertex(-1, -2, 0)]
Key X: 857.0Key Y: 480.0, Value: [Vertex(1, 1, 1), Vertex(2, 0, 3)]
Key X: 719.0Key Y: 720.0, Value: [Vertex(1, 2, 3)]
Key X: 857.0Key Y: 560.0, Value: [Vertex(1, 1, 2)]
Key X: 372.0Key Y: 120.0, Value: [Vertex(-1, -2, 5)]
Key X: 303.0Key Y: 240.0, Value: [Vertex(-2, -1, 5)]
Key X: 372.0Key Y: 200.0, Value: [Vertex(-1, -2, 4), Vertex(-2, -1, 0)]
Key X: 511.0Key Y: 120.0, Value: [Vertex(-1, -2, 1), Vertex(0, -2, 5)]
Key X: 303.0Key Y: 320.0, Value: [Vertex(-2, 0, 0), Vertex(-2, -1, 4)]
Key X: 649.0Key Y: 120.0, Value: [Vertex(0, -2, 1), Vertex(1, -2, 5)]
Key X: 441.0Key Y: 240.0, Value: [Vertex(-1, -2, 3), Vertex(-2, -1, 1), Vertex(-1, -1, 5)]
Key X: 372.0Key Y: 360.0, Value: [Vertex(-2, 0, 1), Vertex(-2, -1, 3), Vertex(-1, 0, 5)]
Key X: 511.0Key Y: 200.0, Value: [Vertex(-1, -2, 2), Vertex(0, -2, 4), Vertex(-1, -1, 0)]
Key X: 788.0Key Y: 120.0, Value: [Vertex(1, -2, 1)]
Key X: 303.0Key Y: 480.0, Value: [Vertex(-2, 1, 5), Vertex(-2, 0, 3)]
Key X: 441.0Key Y: 320.0, Value: [Vertex(-2, -1, 2), Vertex(-1, 0, 0), Vertex(-1, -1, 4)]
Key X: 649.0Key Y: 200.0, Value: [Vertex(0, -1, 0), Vertex(0, -2, 2), Vertex(1, -2, 4)]
Key X: 303.0Key Y: 560.0, Value: [Vertex(-2, 1, 4)]
Key X: 372.0Key Y: 440.0, Value: [Vertex(-2, 1, 0), Vertex(-2, 0, 2), Vertex(-1, 0, 4)]
Key X: 372.0Key Y: 600.0, Value: [Vertex(-2, 1, 3), Vertex(-1, 2, 5)]
Key X: 788.0Key Y: 200.0, Value: [Vertex(1, -2, 2), Vertex(1, -1, 0)]
Key X: 441.0Key Y: 480.0, Value: [Vertex(-2, 1, 1), Vertex(-1, 1, 5), Vertex(-1, 0, 3)]
Key X: 511.0Key Y: 360.0, Value: [Vertex(0, 0, 5), Vertex(-1, 0, 1), Vertex(-1, -1, 3)]
Key X: 441.0Key Y: 560.0, Value: [Vertex(-2, 1, 2), Vertex(-1, 2, 0), Vertex(-1, 1, 4)]
Key X: 372.0Key Y: 680.0, Value: [Vertex(-1, 2, 4)]
Key X: 511.0Key Y: 440.0, Value: [Vertex(0, 0, 4), Vertex(-1, 1, 0), Vertex(-1, 0, 2)]
Key X: 649.0Key Y: 360.0, Value: [Vertex(0, -1, 3), Vertex(0, 0, 1), Vertex(1, 0, 5)]
Key X: 441.0Key Y: 720.0, Value: [Vertex(-1, 2, 3)]
Key X: 788.0Key Y: 360.0, Value: [Vertex(1, -1, 3), Vertex(2, 0, 5), Vertex(1, 0, 1)]
Key X: 511.0Key Y: 600.0, Value: [Vertex(0, 2, 5), Vertex(-1, 2, 1), Vertex(-1, 1, 3)]
Key X: 649.0Key Y: 440.0, Value: [Vertex(0, 0, 2), Vertex(0, 1, 0), Vertex(1, 0, 4)]
Key X: 511.0Key Y: 680.0, Value: [Vertex(0, 2, 4), Vertex(-1, 2, 2)]
Key X: 926.0Key Y: 360.0, Value: [Vertex(2, 0, 1)]
Key X: 649.0Key Y: 600.0, Value: [Vertex(0, 1, 3), Vertex(1, 2, 5), Vertex(0, 2, 1)]
Key X: 788.0Key Y: 440.0, Value: [Vertex(1, 1, 0), Vertex(2, 0, 4), Vertex(1, 0, 2)]
Key X: 649.0Key Y: 680.0, Value: [Vertex(1, 2, 4), Vertex(0, 2, 2)]
Key X: 926.0Key Y: 440.0, Value: [Vertex(2, 0, 2)]
Key X: 788.0Key Y: 600.0, Value: [Vertex(1, 1, 3), Vertex(1, 2, 1)]
Key X: 788.0Key Y: 680.0, Value: [Vertex(1, 2, 2)]
Key X: 580.0Key Y: 80.0, Value: [Vertex(0, -2, 0)]
Key X: 719.0Key Y: 80.0, Value: [Vertex(1, -2, 0)]
Key X: 580.0Key Y: 240.0, Value: [Vertex(0, -1, 5), Vertex(0, -2, 3), Vertex(-1, -1, 1)]
Key X: 234.0Key Y: 360.0, Value: [Vertex(-2, 0, 5)]
Key X: 580.0Key Y: 320.0, Value: [Vertex(0, -1, 4), Vertex(0, 0, 0), Vertex(-1, -1, 2)]
Key X: 234.0Key Y: 440.0, Value: [Vertex(-2, 0, 4)]
Key X: 719.0Key Y: 240.0, Value: [Vertex(0, -1, 1), Vertex(1, -2, 3), Vertex(1, -1, 5)]
Key X: 857.0Key Y: 240.0, Value: [Vertex(1, -1, 1)]
Key X: 719.0Key Y: 320.0, Value: [Vertex(0, -1, 2), Vertex(1, -1, 4), Vertex(1, 0, 0)]
Key X: 580.0Key Y: 480.0, Value: [Vertex(0, 0, 3), Vertex(0, 1, 5), Vertex(-1, 1, 1)]
Vertex dir=0 q: -1 r: -2 x=441.43593539448983 roundedX=441.0 y=80.0 roundedY=80.0
Vertex dir=1 q: -1 r: -2 x=510.71796769724494 roundedX=511.0 y=120.0 roundedY=120.0
Vertex dir=2 q: -1 r: -2 x=510.71796769724494 roundedX=511.0 y=200.0 roundedY=200.0
Vertex dir=3 q: -1 r: -2 x=441.43593539448983 roundedX=441.0 y=240.0 roundedY=240.0
Vertex dir=4 q: -1 r: -2 x=372.1539030917347 roundedX=372.0 y=200.00000000000003 roundedY=200.0
Vertex dir=5 q: -1 r: -2 x=372.1539030917347 roundedX=372.0 y=120.0 roundedY=120.0
Vertex dir=0 q: 0 r: -1 x=649.282032302755 roundedX=649.0 y=200.0 roundedY=200.0
Vertex dir=1 q: 0 r: -1 x=718.5640646055101 roundedX=719.0 y=240.0 roundedY=240.0
Vertex dir=2 q: 0 r: -1 x=718.5640646055101 roundedX=719.0 y=320.0 roundedY=320.0
Vertex dir=3 q: 0 r: -1 x=649.282032302755 roundedX=649.0 y=360.0 roundedY=360.0
Vertex dir=4 q: 0 r: -1 x=580.0 roundedX=580.0 y=320.0 roundedY=320.0
Vertex dir=5 q: 0 r: -1 x=580.0 roundedX=580.0 y=240.0 roundedY=240.0
Vertex dir=0 q: 0 r: 0 x=580.0 roundedX=580.0 y=320.0 roundedY=320.0
Vertex dir=1 q: 0 r: 0 x=649.282032302755 roundedX=649.0 y=360.0 roundedY=360.0
Vertex dir=2 q: 0 r: 0 x=649.282032302755 roundedX=649.0 y=440.0 roundedY=440.0
Vertex dir=3 q: 0 r: 0 x=580.0 roundedX=580.0 y=480.0 roundedY=480.0
Vertex dir=4 q: 0 r: 0 x=510.71796769724494 roundedX=511.0 y=440.0 roundedY=440.0
Vertex dir=5 q: 0 r: 0 x=510.71796769724494 roundedX=511.0 y=360.0 roundedY=360.0
Vertex dir=0 q: 1 r: 1 x=787.8460969082653 roundedX=788.0 y=440.0 roundedY=440.0
Vertex dir=1 q: 1 r: 1 x=857.1281292110203 roundedX=857.0 y=480.0 roundedY=480.0
Vertex dir=2 q: 1 r: 1 x=857.1281292110203 roundedX=857.0 y=560.0 roundedY=560.0
Vertex dir=3 q: 1 r: 1 x=787.8460969082653 roundedX=788.0 y=600.0 roundedY=600.0
Vertex dir=4 q: 1 r: 1 x=718.5640646055102 roundedX=719.0 y=560.0 roundedY=560.0
Vertex dir=5 q: 1 r: 1 x=718.5640646055102 roundedX=719.0 y=480.0 roundedY=480.0
Vertex dir=0 q: 0 r: -2 x=580.0 roundedX=580.0 y=80.0 roundedY=80.0
Vertex dir=1 q: 0 r: -2 x=649.282032302755 roundedX=649.0 y=120.0 roundedY=120.0
Vertex dir=2 q: 0 r: -2 x=649.282032302755 roundedX=649.0 y=200.0 roundedY=200.0
Vertex dir=3 q: 0 r: -2 x=580.0 roundedX=580.0 y=240.0 roundedY=240.0
Vertex dir=4 q: 0 r: -2 x=510.71796769724494 roundedX=511.0 y=200.00000000000003 roundedY=200.0
Vertex dir=5 q: 0 r: -2 x=510.71796769724494 roundedX=511.0 y=120.0 roundedY=120.0
Vertex dir=0 q: 0 r: 1 x=649.282032302755 roundedX=649.0 y=440.0 roundedY=440.0
Vertex dir=1 q: 0 r: 1 x=718.5640646055101 roundedX=719.0 y=480.0 roundedY=480.0
Vertex dir=2 q: 0 r: 1 x=718.5640646055101 roundedX=719.0 y=560.0 roundedY=560.0
Vertex dir=3 q: 0 r: 1 x=649.282032302755 roundedX=649.0 y=600.0 roundedY=600.0
Vertex dir=4 q: 0 r: 1 x=580.0 roundedX=580.0 y=560.0 roundedY=560.0
Vertex dir=5 q: 0 r: 1 x=580.0 roundedX=580.0 y=480.0 roundedY=480.0
Vertex dir=0 q: 1 r: 2 x=718.5640646055101 roundedX=719.0 y=560.0 roundedY=560.0
Vertex dir=1 q: 1 r: 2 x=787.8460969082652 roundedX=788.0 y=600.0 roundedY=600.0
Vertex dir=2 q: 1 r: 2 x=787.8460969082652 roundedX=788.0 y=680.0 roundedY=680.0
Vertex dir=3 q: 1 r: 2 x=718.5640646055101 roundedX=719.0 y=720.0 roundedY=720.0
Vertex dir=4 q: 1 r: 2 x=649.282032302755 roundedX=649.0 y=680.0 roundedY=680.0
Vertex dir=5 q: 1 r: 2 x=649.282032302755 roundedX=649.0 y=600.0 roundedY=600.0
Vertex dir=0 q: 0 r: 2 x=580.0 roundedX=580.0 y=560.0 roundedY=560.0
Vertex dir=1 q: 0 r: 2 x=649.282032302755 roundedX=649.0 y=600.0 roundedY=600.0
Vertex dir=2 q: 0 r: 2 x=649.282032302755 roundedX=649.0 y=680.0 roundedY=680.0
Vertex dir=3 q: 0 r: 2 x=580.0 roundedX=580.0 y=720.0 roundedY=720.0
Vertex dir=4 q: 0 r: 2 x=510.71796769724494 roundedX=511.0 y=680.0 roundedY=680.0
Vertex dir=5 q: 0 r: 2 x=510.71796769724494 roundedX=511.0 y=600.0 roundedY=600.0
Vertex dir=0 q: -2 r: 1 x=372.1539030917347 roundedX=372.0 y=440.0 roundedY=440.0
Vertex dir=1 q: -2 r: 1 x=441.4359353944898 roundedX=441.0 y=480.0 roundedY=480.0
Vertex dir=2 q: -2 r: 1 x=441.43593539448983 roundedX=441.0 y=560.0 roundedY=560.0
Vertex dir=3 q: -2 r: 1 x=372.1539030917347 roundedX=372.0 y=600.0 roundedY=600.0
Vertex dir=4 q: -2 r: 1 x=302.87187078897966 roundedX=303.0 y=560.0 roundedY=560.0
Vertex dir=5 q: -2 r: 1 x=302.87187078897966 roundedX=303.0 y=480.0 roundedY=480.0
Vertex dir=0 q: -1 r: 2 x=441.43593539448983 roundedX=441.0 y=560.0 roundedY=560.0
Vertex dir=1 q: -1 r: 2 x=510.71796769724494 roundedX=511.0 y=600.0 roundedY=600.0
Vertex dir=2 q: -1 r: 2 x=510.71796769724494 roundedX=511.0 y=680.0 roundedY=680.0
Vertex dir=3 q: -1 r: 2 x=441.43593539448983 roundedX=441.0 y=720.0 roundedY=720.0
Vertex dir=4 q: -1 r: 2 x=372.1539030917347 roundedX=372.0 y=680.0 roundedY=680.0
Vertex dir=5 q: -1 r: 2 x=372.1539030917347 roundedX=372.0 y=600.0 roundedY=600.0
Vertex dir=0 q: 1 r: -2 x=718.5640646055101 roundedX=719.0 y=80.0 roundedY=80.0
Vertex dir=1 q: 1 r: -2 x=787.8460969082652 roundedX=788.0 y=120.0 roundedY=120.0
Vertex dir=2 q: 1 r: -2 x=787.8460969082652 roundedX=788.0 y=200.0 roundedY=200.0
Vertex dir=3 q: 1 r: -2 x=718.5640646055101 roundedX=719.0 y=240.0 roundedY=240.0
Vertex dir=4 q: 1 r: -2 x=649.282032302755 roundedX=649.0 y=200.00000000000003 roundedY=200.0
Vertex dir=5 q: 1 r: -2 x=649.282032302755 roundedX=649.0 y=120.0 roundedY=120.0
Vertex dir=0 q: -2 r: 0 x=302.87187078897966 roundedX=303.0 y=320.0 roundedY=320.0
Vertex dir=1 q: -2 r: 0 x=372.1539030917347 roundedX=372.0 y=360.0 roundedY=360.0
Vertex dir=2 q: -2 r: 0 x=372.1539030917348 roundedX=372.0 y=440.0 roundedY=440.0
Vertex dir=3 q: -2 r: 0 x=302.87187078897966 roundedX=303.0 y=480.0 roundedY=480.0
Vertex dir=4 q: -2 r: 0 x=233.58983848622458 roundedX=234.0 y=440.0 roundedY=440.0
Vertex dir=5 q: -2 r: 0 x=233.58983848622458 roundedX=234.0 y=360.0 roundedY=360.0
Vertex dir=0 q: -1 r: 1 x=510.71796769724494 roundedX=511.0 y=440.0 roundedY=440.0
Vertex dir=1 q: -1 r: 1 x=580.0 roundedX=580.0 y=480.0 roundedY=480.0
Vertex dir=2 q: -1 r: 1 x=580.0 roundedX=580.0 y=560.0 roundedY=560.0
Vertex dir=3 q: -1 r: 1 x=510.71796769724494 roundedX=511.0 y=600.0 roundedY=600.0
Vertex dir=4 q: -1 r: 1 x=441.4359353944899 roundedX=441.0 y=560.0 roundedY=560.0
Vertex dir=5 q: -1 r: 1 x=441.4359353944899 roundedX=441.0 y=480.0 roundedY=480.0
Vertex dir=0 q: -2 r: -1 x=372.1539030917347 roundedX=372.0 y=200.0 roundedY=200.0
Vertex dir=1 q: -2 r: -1 x=441.4359353944898 roundedX=441.0 y=240.0 roundedY=240.0
Vertex dir=2 q: -2 r: -1 x=441.43593539448983 roundedX=441.0 y=320.0 roundedY=320.0
Vertex dir=3 q: -2 r: -1 x=372.1539030917347 roundedX=372.0 y=360.0 roundedY=360.0
Vertex dir=4 q: -2 r: -1 x=302.87187078897966 roundedX=303.0 y=320.0 roundedY=320.0
Vertex dir=5 q: -2 r: -1 x=302.87187078897966 roundedX=303.0 y=240.0 roundedY=240.0
Vertex dir=0 q: 1 r: -1 x=787.8460969082653 roundedX=788.0 y=200.0 roundedY=200.0
Vertex dir=1 q: 1 r: -1 x=857.1281292110203 roundedX=857.0 y=240.0 roundedY=240.0
Vertex dir=2 q: 1 r: -1 x=857.1281292110203 roundedX=857.0 y=320.0 roundedY=320.0
Vertex dir=3 q: 1 r: -1 x=787.8460969082653 roundedX=788.0 y=360.0 roundedY=360.0
Vertex dir=4 q: 1 r: -1 x=718.5640646055102 roundedX=719.0 y=320.0 roundedY=320.0
Vertex dir=5 q: 1 r: -1 x=718.5640646055102 roundedX=719.0 y=240.0 roundedY=240.0
Vertex dir=0 q: -1 r: 0 x=441.43593539448983 roundedX=441.0 y=320.0 roundedY=320.0
Vertex dir=1 q: -1 r: 0 x=510.71796769724494 roundedX=511.0 y=360.0 roundedY=360.0
Vertex dir=2 q: -1 r: 0 x=510.71796769724494 roundedX=511.0 y=440.0 roundedY=440.0
Vertex dir=3 q: -1 r: 0 x=441.43593539448983 roundedX=441.0 y=480.0 roundedY=480.0
Vertex dir=4 q: -1 r: 0 x=372.1539030917347 roundedX=372.0 y=440.0 roundedY=440.0
Vertex dir=5 q: -1 r: 0 x=372.1539030917347 roundedX=372.0 y=360.0 roundedY=360.0
Vertex dir=0 q: 2 r: 0 x=857.1281292110203 roundedX=857.0 y=320.0 roundedY=320.0
Vertex dir=1 q: 2 r: 0 x=926.4101615137754 roundedX=926.0 y=360.0 roundedY=360.0
Vertex dir=2 q: 2 r: 0 x=926.4101615137754 roundedX=926.0 y=440.0 roundedY=440.0
Vertex dir=3 q: 2 r: 0 x=857.1281292110203 roundedX=857.0 y=480.0 roundedY=480.0
Vertex dir=4 q: 2 r: 0 x=787.8460969082653 roundedX=788.0 y=440.0 roundedY=440.0
Vertex dir=5 q: 2 r: 0 x=787.8460969082653 roundedX=788.0 y=360.0 roundedY=360.0
Vertex dir=0 q: -1 r: -1 x=510.71796769724494 roundedX=511.0 y=200.0 roundedY=200.0
Vertex dir=1 q: -1 r: -1 x=580.0 roundedX=580.0 y=240.0 roundedY=240.0
Vertex dir=2 q: -1 r: -1 x=580.0 roundedX=580.0 y=320.0 roundedY=320.0
Vertex dir=3 q: -1 r: -1 x=510.71796769724494 roundedX=511.0 y=360.0 roundedY=360.0
Vertex dir=4 q: -1 r: -1 x=441.4359353944899 roundedX=441.0 y=320.0 roundedY=320.0
Vertex dir=5 q: -1 r: -1 x=441.4359353944899 roundedX=441.0 y=240.0 roundedY=240.0
Vertex dir=0 q: 1 r: 0 x=718.5640646055101 roundedX=719.0 y=320.0 roundedY=320.0
Vertex dir=1 q: 1 r: 0 x=787.8460969082652 roundedX=788.0 y=360.0 roundedY=360.0
Vertex dir=2 q: 1 r: 0 x=787.8460969082652 roundedX=788.0 y=440.0 roundedY=440.0
Vertex dir=3 q: 1 r: 0 x=718.5640646055101 roundedX=719.0 y=480.0 roundedY=480.0
Vertex dir=4 q: 1 r: 0 x=649.282032302755 roundedX=649.0 y=440.0 roundedY=440.0
Vertex dir=5 q: 1 r: 0 x=649.282032302755 roundedX=649.0 y=360.0 roundedY=360.0
Key X: 580.0Key Y: 560.0, Value: [Vertex(0, 1, 4), Vertex(0, 2, 0), Vertex(-1, 1, 2)]
Key X: 857.0Key Y: 320.0, Value: [Vertex(1, -1, 2), Vertex(2, 0, 0)]
Key X: 719.0Key Y: 480.0, Value: [Vertex(1, 1, 5), Vertex(0, 1, 1), Vertex(1, 0, 3)]
Key X: 580.0Key Y: 720.0, Value: [Vertex(0, 2, 3)]
Key X: 719.0Key Y: 560.0, Value: [Vertex(1, 1, 4), Vertex(0, 1, 2), Vertex(1, 2, 0)]
Key X: 441.0Key Y: 80.0, Value: [Vertex(-1, -2, 0)]
Key X: 857.0Key Y: 480.0, Value: [Vertex(1, 1, 1), Vertex(2, 0, 3)]
Key X: 719.0Key Y: 720.0, Value: [Vertex(1, 2, 3)]
Key X: 857.0Key Y: 560.0, Value: [Vertex(1, 1, 2)]
Key X: 372.0Key Y: 120.0, Value: [Vertex(-1, -2, 5)]
Key X: 303.0Key Y: 240.0, Value: [Vertex(-2, -1, 5)]
Key X: 372.0Key Y: 200.0, Value: [Vertex(-1, -2, 4), Vertex(-2, -1, 0)]
Key X: 511.0Key Y: 120.0, Value: [Vertex(-1, -2, 1), Vertex(0, -2, 5)]
Key X: 303.0Key Y: 320.0, Value: [Vertex(-2, 0, 0), Vertex(-2, -1, 4)]
Key X: 649.0Key Y: 120.0, Value: [Vertex(0, -2, 1), Vertex(1, -2, 5)]
Key X: 441.0Key Y: 240.0, Value: [Vertex(-1, -2, 3), Vertex(-2, -1, 1), Vertex(-1, -1, 5)]
Key X: 372.0Key Y: 360.0, Value: [Vertex(-2, 0, 1), Vertex(-2, -1, 3), Vertex(-1, 0, 5)]
Key X: 511.0Key Y: 200.0, Value: [Vertex(-1, -2, 2), Vertex(0, -2, 4), Vertex(-1, -1, 0)]
Key X: 788.0Key Y: 120.0, Value: [Vertex(1, -2, 1)]
Key X: 303.0Key Y: 480.0, Value: [Vertex(-2, 1, 5), Vertex(-2, 0, 3)]
Key X: 441.0Key Y: 320.0, Value: [Vertex(-2, -1, 2), Vertex(-1, 0, 0), Vertex(-1, -1, 4)]
Key X: 649.0Key Y: 200.0, Value: [Vertex(0, -1, 0), Vertex(0, -2, 2), Vertex(1, -2, 4)]
Key X: 303.0Key Y: 560.0, Value: [Vertex(-2, 1, 4)]
Key X: 372.0Key Y: 440.0, Value: [Vertex(-2, 1, 0), Vertex(-2, 0, 2), Vertex(-1, 0, 4)]
Key X: 372.0Key Y: 600.0, Value: [Vertex(-2, 1, 3), Vertex(-1, 2, 5)]
Key X: 788.0Key Y: 200.0, Value: [Vertex(1, -2, 2), Vertex(1, -1, 0)]
Key X: 441.0Key Y: 480.0, Value: [Vertex(-2, 1, 1), Vertex(-1, 1, 5), Vertex(-1, 0, 3)]
Key X: 511.0Key Y: 360.0, Value: [Vertex(0, 0, 5), Vertex(-1, 0, 1), Vertex(-1, -1, 3)]
Key X: 441.0Key Y: 560.0, Value: [Vertex(-2, 1, 2), Vertex(-1, 2, 0), Vertex(-1, 1, 4)]
Key X: 372.0Key Y: 680.0, Value: [Vertex(-1, 2, 4)]
Key X: 511.0Key Y: 440.0, Value: [Vertex(0, 0, 4), Vertex(-1, 1, 0), Vertex(-1, 0, 2)]
Key X: 649.0Key Y: 360.0, Value: [Vertex(0, -1, 3), Vertex(0, 0, 1), Vertex(1, 0, 5)]
Key X: 441.0Key Y: 720.0, Value: [Vertex(-1, 2, 3)]
Key X: 788.0Key Y: 360.0, Value: [Vertex(1, -1, 3), Vertex(2, 0, 5), Vertex(1, 0, 1)]
Key X: 511.0Key Y: 600.0, Value: [Vertex(0, 2, 5), Vertex(-1, 2, 1), Vertex(-1, 1, 3)]
Key X: 649.0Key Y: 440.0, Value: [Vertex(0, 0, 2), Vertex(0, 1, 0), Vertex(1, 0, 4)]
Key X: 511.0Key Y: 680.0, Value: [Vertex(0, 2, 4), Vertex(-1, 2, 2)]
Key X: 926.0Key Y: 360.0, Value: [Vertex(2, 0, 1)]
Key X: 649.0Key Y: 600.0, Value: [Vertex(0, 1, 3), Vertex(1, 2, 5), Vertex(0, 2, 1)]
Key X: 788.0Key Y: 440.0, Value: [Vertex(1, 1, 0), Vertex(2, 0, 4), Vertex(1, 0, 2)]
Key X: 649.0Key Y: 680.0, Value: [Vertex(1, 2, 4), Vertex(0, 2, 2)]
Key X: 926.0Key Y: 440.0, Value: [Vertex(2, 0, 2)]
Key X: 788.0Key Y: 600.0, Value: [Vertex(1, 1, 3), Vertex(1, 2, 1)]
Key X: 788.0Key Y: 680.0, Value: [Vertex(1, 2, 2)]
Key X: 580.0Key Y: 80.0, Value: [Vertex(0, -2, 0)]
Key X: 719.0Key Y: 80.0, Value: [Vertex(1, -2, 0)]
Key X: 580.0Key Y: 240.0, Value: [Vertex(0, -1, 5), Vertex(0, -2, 3), Vertex(-1, -1, 1)]
Key X: 234.0Key Y: 360.0, Value: [Vertex(-2, 0, 5)]
Key X: 580.0Key Y: 320.0, Value: [Vertex(0, -1, 4), Vertex(0, 0, 0), Vertex(-1, -1, 2)]
Key X: 234.0Key Y: 440.0, Value: [Vertex(-2, 0, 4)]
Key X: 719.0Key Y: 240.0, Value: [Vertex(0, -1, 1), Vertex(1, -2, 3), Vertex(1, -1, 5)]
Key X: 857.0Key Y: 240.0, Value: [Vertex(1, -1, 1)]
Key X: 719.0Key Y: 320.0, Value: [Vertex(0, -1, 2), Vertex(1, -1, 4), Vertex(1, 0, 0)]
Key X: 580.0Key Y: 480.0, Value: [Vertex(0, 0, 3), Vertex(0, 1, 5), Vertex(-1, 1, 1)]
Key: Vertex(-2, 1, 4) -> Value: Vertex(-2, 1, 4)
Size: 114
Key: Vertex(-2, 1, 5) -> Value: Vertex(-2, 1, 5)
Size: 114
Key: Vertex(1, -1, 0) -> Value: Vertex(1, -2, 2)
Size: 114
Key: Vertex(1, -1, 1) -> Value: Vertex(1, -1, 1)
Size: 114
Key: Vertex(1, -1, 2) -> Value: Vertex(1, -1, 2)
Size: 114
Key: Vertex(1, -1, 3) -> Value: Vertex(1, -1, 3)
Size: 114
Key: Vertex(1, -1, 4) -> Value: Vertex(0, -1, 2)
Size: 114
Key: Vertex(1, -1, 5) -> Value: Vertex(0, -1, 1)
Size: 114
Key: Vertex(1, 0, 0) -> Value: Vertex(0, -1, 2)
Size: 114
Key: Vertex(1, 0, 1) -> Value: Vertex(1, -1, 3)
Size: 114
Key: Vertex(0, -2, 0) -> Value: Vertex(0, -2, 0)
Size: 114
Key: Vertex(0, -2, 1) -> Value: Vertex(0, -2, 1)
Size: 114
Key: Vertex(1, 0, 2) -> Value: Vertex(1, 1, 0)
Size: 114
Key: Vertex(1, 0, 3) -> Value: Vertex(1, 1, 5)
Size: 114
Key: Vertex(0, -2, 2) -> Value: Vertex(0, -1, 0)
Size: 114
Key: Vertex(1, 0, 4) -> Value: Vertex(0, 0, 2)
Size: 114
Key: Vertex(0, -2, 3) -> Value: Vertex(0, -1, 5)
Size: 114
Key: Vertex(0, -2, 4) -> Value: Vertex(-1, -2, 2)
Size: 114
Key: Vertex(1, 0, 5) -> Value: Vertex(0, -1, 3)
Size: 114
Key: Vertex(0, -2, 5) -> Value: Vertex(-1, -2, 1)
Size: 114
Key: Vertex(1, 1, 0) -> Value: Vertex(1, 1, 0)
Size: 114
Key: Vertex(1, 1, 1) -> Value: Vertex(1, 1, 1)
Size: 114
Key: Vertex(0, -1, 0) -> Value: Vertex(0, -1, 0)
Size: 114
Key: Vertex(1, 1, 2) -> Value: Vertex(1, 1, 2)
Size: 114
Key: Vertex(0, -1, 1) -> Value: Vertex(0, -1, 1)
Size: 114
Key: Vertex(1, 1, 3) -> Value: Vertex(1, 1, 3)
Size: 114
Key: Vertex(0, -1, 2) -> Value: Vertex(0, -1, 2)
Size: 114
Key: Vertex(1, 1, 4) -> Value: Vertex(1, 1, 4)
Size: 114
Key: Vertex(0, -1, 3) -> Value: Vertex(0, -1, 3)
Size: 114
Key: Vertex(1, 1, 5) -> Value: Vertex(1, 1, 5)
Size: 114
Key: Vertex(0, -1, 4) -> Value: Vertex(0, -1, 4)
Size: 114
Key: Vertex(0, -1, 5) -> Value: Vertex(0, -1, 5)
Size: 114
Key: Vertex(1, 2, 0) -> Value: Vertex(1, 1, 4)
Size: 114
Key: Vertex(1, 2, 1) -> Value: Vertex(1, 1, 3)
Size: 114
Key: Vertex(0, 0, 0) -> Value: Vertex(0, -1, 4)
Size: 114
Key: Vertex(-1, -2, 0) -> Value: Vertex(-1, -2, 0)
Size: 114
Key: Vertex(0, 0, 1) -> Value: Vertex(0, -1, 3)
Size: 114
Key: Vertex(1, 2, 2) -> Value: Vertex(1, 2, 2)
Size: 114
Key: Vertex(1, 2, 3) -> Value: Vertex(1, 2, 3)
Size: 114
Key: Vertex(-1, -2, 1) -> Value: Vertex(-1, -2, 1)
Size: 114
Key: Vertex(0, 0, 2) -> Value: Vertex(0, 0, 2)
Size: 114
Key: Vertex(-1, -2, 2) -> Value: Vertex(-1, -2, 2)
Size: 114
Key: Vertex(1, 2, 4) -> Value: Vertex(1, 2, 4)
Size: 114
Key: Vertex(0, 0, 3) -> Value: Vertex(0, 0, 3)
Size: 114
Key: Vertex(-1, -2, 3) -> Value: Vertex(-1, -2, 3)
Size: 114
Key: Vertex(0, 0, 4) -> Value: Vertex(0, 0, 4)
Size: 114
Key: Vertex(1, 2, 5) -> Value: Vertex(0, 1, 3)
Size: 114
Key: Vertex(-1, -2, 4) -> Value: Vertex(-1, -2, 4)
Size: 114
Key: Vertex(0, 0, 5) -> Value: Vertex(0, 0, 5)
Size: 114
Key: Vertex(-1, -2, 5) -> Value: Vertex(-1, -2, 5)
Size: 114
Key: Vertex(0, 1, 0) -> Value: Vertex(0, 0, 2)
Size: 114
Key: Vertex(0, 1, 1) -> Value: Vertex(1, 1, 5)
Size: 114
Key: Vertex(-1, -1, 0) -> Value: Vertex(-1, -2, 2)
Size: 114
Key: Vertex(0, 1, 2) -> Value: Vertex(1, 1, 4)
Size: 114
Key: Vertex(-1, -1, 1) -> Value: Vertex(0, -1, 5)
Size: 114
Key: Vertex(0, 1, 3) -> Value: Vertex(0, 1, 3)
Size: 114
Key: Vertex(-1, -1, 2) -> Value: Vertex(0, -1, 4)
Size: 114
Key: Vertex(0, 1, 4) -> Value: Vertex(0, 1, 4)
Size: 114
Key: Vertex(-1, -1, 3) -> Value: Vertex(0, 0, 5)
Size: 114
Key: Vertex(-1, -1, 4) -> Value: Vertex(-2, -1, 2)
Size: 114
Key: Vertex(0, 1, 5) -> Value: Vertex(0, 0, 3)
Size: 114
Key: Vertex(-1, -1, 5) -> Value: Vertex(-1, -2, 3)
Size: 114
Key: Vertex(0, 2, 0) -> Value: Vertex(0, 1, 4)
Size: 114
Key: Vertex(-1, 0, 0) -> Value: Vertex(-2, -1, 2)
Size: 114
Key: Vertex(0, 2, 1) -> Value: Vertex(0, 1, 3)
Size: 114
Key: Vertex(-1, 0, 1) -> Value: Vertex(0, 0, 5)
Size: 114
Key: Vertex(0, 2, 2) -> Value: Vertex(1, 2, 4)
Size: 114
Key: Vertex(0, 2, 3) -> Value: Vertex(0, 2, 3)
Size: 114
Key: Vertex(-1, 0, 2) -> Value: Vertex(0, 0, 4)
Size: 114
Key: Vertex(-1, 0, 3) -> Value: Vertex(-2, 1, 1)
Size: 114
Key: Vertex(0, 2, 4) -> Value: Vertex(0, 2, 4)
Size: 114
Key: Vertex(-1, 0, 4) -> Value: Vertex(-2, 1, 0)
Size: 114
Key: Vertex(0, 2, 5) -> Value: Vertex(0, 2, 5)
Size: 114
Key: Vertex(-1, 0, 5) -> Value: Vertex(-2, 0, 1)
Size: 114
Key: Vertex(-1, 1, 0) -> Value: Vertex(0, 0, 4)
Size: 114
Key: Vertex(-2, -1, 0) -> Value: Vertex(-1, -2, 4)
Size: 114
Key: Vertex(-1, 1, 1) -> Value: Vertex(0, 0, 3)
Size: 114
Key: Vertex(-1, 1, 2) -> Value: Vertex(0, 1, 4)
Size: 114
Key: Vertex(-2, -1, 1) -> Value: Vertex(-1, -2, 3)
Size: 114
Key: Vertex(-2, -1, 2) -> Value: Vertex(-2, -1, 2)
Size: 114
Key: Vertex(-1, 1, 3) -> Value: Vertex(0, 2, 5)
Size: 114
Key: Vertex(-2, -1, 3) -> Value: Vertex(-2, 0, 1)
Size: 114
Key: Vertex(-1, 1, 4) -> Value: Vertex(-2, 1, 2)
Size: 114
Key: Vertex(-2, -1, 4) -> Value: Vertex(-2, 0, 0)
Size: 114
Key: Vertex(-1, 1, 5) -> Value: Vertex(-2, 1, 1)
Size: 114
Key: Vertex(-2, -1, 5) -> Value: Vertex(-2, -1, 5)
Size: 114
Key: Vertex(-1, 2, 0) -> Value: Vertex(-2, 1, 2)
Size: 114
Key: Vertex(-2, 0, 0) -> Value: Vertex(-2, 0, 0)
Size: 114
Key: Vertex(-1, 2, 1) -> Value: Vertex(0, 2, 5)
Size: 114
Key: Vertex(-2, 0, 1) -> Value: Vertex(-2, 0, 1)
Size: 114
Key: Vertex(-1, 2, 2) -> Value: Vertex(0, 2, 4)
Size: 114
Key: Vertex(-2, 0, 2) -> Value: Vertex(-2, 1, 0)
Size: 114
Key: Vertex(-1, 2, 3) -> Value: Vertex(-1, 2, 3)
Size: 114
Key: Vertex(-2, 0, 3) -> Value: Vertex(-2, 1, 5)
Size: 114
Key: Vertex(-1, 2, 4) -> Value: Vertex(-1, 2, 4)
Size: 114
Key: Vertex(2, 0, 0) -> Value: Vertex(1, -1, 2)
Size: 114
Key: Vertex(-1, 2, 5) -> Value: Vertex(-2, 1, 3)
Size: 114
Key: Vertex(-2, 0, 4) -> Value: Vertex(-2, 0, 4)
Size: 114
Key: Vertex(2, 0, 1) -> Value: Vertex(2, 0, 1)
Size: 114
Key: Vertex(1, -2, 0) -> Value: Vertex(1, -2, 0)
Size: 114
Key: Vertex(-2, 0, 5) -> Value: Vertex(-2, 0, 5)
Size: 114
Key: Vertex(1, -2, 1) -> Value: Vertex(1, -2, 1)
Size: 114
Key: Vertex(2, 0, 2) -> Value: Vertex(2, 0, 2)
Size: 114
Key: Vertex(2, 0, 3) -> Value: Vertex(1, 1, 1)
Size: 114
Key: Vertex(1, -2, 2) -> Value: Vertex(1, -2, 2)
Size: 114
Key: Vertex(2, 0, 4) -> Value: Vertex(1, 1, 0)
Size: 114
Key: Vertex(1, -2, 3) -> Value: Vertex(0, -1, 1)
Size: 114
Key: Vertex(1, -2, 4) -> Value: Vertex(0, -1, 0)
Size: 114
Key: Vertex(2, 0, 5) -> Value: Vertex(1, -1, 3)
Size: 114
Key: Vertex(1, -2, 5) -> Value: Vertex(0, -2, 1)
Size: 114
Key: Vertex(-2, 1, 0) -> Value: Vertex(-2, 1, 0)
Size: 114
Key: Vertex(-2, 1, 1) -> Value: Vertex(-2, 1, 1)
Size: 114
Key: Vertex(-2, 1, 2) -> Value: Vertex(-2, 1, 2)
Size: 114
Key: Vertex(-2, 1, 3) -> Value: Vertex(-2, 1, 3)
Size: 114
Berechnete einzigartige Edges: 72
✓ Authentisches CATAN-Board initialisiert: 54 Siedlungen, 72 Straßen
]]></system-out>
  </testcase>
  <testcase name="testDiceRolling" classname="com.catan.model.CatanGameTest" time="0.007">
    <system-out><![CDATA[Vertex dir=0 q: -1 r: -2 x=441.43593539448983 roundedX=441.0 y=80.0 roundedY=80.0
Vertex dir=1 q: -1 r: -2 x=510.71796769724494 roundedX=511.0 y=120.0 roundedY=120.0
Vertex dir=2 q: -1 r: -2 x=510.71796769724494 roundedX=511.0 y=200.0 roundedY=200.0
Vertex dir=3 q: -1 r: -2 x=441.43593539448983 roundedX=441.0 y=240.0 roundedY=240.0
Vertex dir=4 q: -1 r: -2 x=372.1539030917347 roundedX=372.0 y=200.00000000000003 roundedY=200.0
Vertex dir=5 q: -1 r: -2 x=372.1539030917347 roundedX=372.0 y=120.0 roundedY=120.0
Vertex dir=0 q: 0 r: -1 x=649.282032302755 roundedX=649.0 y=200.0 roundedY=200.0
Vertex dir=1 q: 0 r: -1 x=718.5640646055101 roundedX=719.0 y=240.0 roundedY=240.0
Vertex dir=2 q: 0 r: -1 x=718.5640646055101 roundedX=719.0 y=320.0 roundedY=320.0
Vertex dir=3 q: 0 r: -1 x=649.282032302755 roundedX=649.0 y=360.0 roundedY=360.0
Vertex dir=4 q: 0 r: -1 x=580.0 roundedX=580.0 y=320.0 roundedY=320.0
Vertex dir=5 q: 0 r: -1 x=580.0 roundedX=580.0 y=240.0 roundedY=240.0
Vertex dir=0 q: 0 r: 0 x=580.0 roundedX=580.0 y=320.0 roundedY=320.0
Vertex dir=1 q: 0 r: 0 x=649.282032302755 roundedX=649.0 y=360.0 roundedY=360.0
Vertex dir=2 q: 0 r: 0 x=649.282032302755 roundedX=649.0 y=440.0 roundedY=440.0
Vertex dir=3 q: 0 r: 0 x=580.0 roundedX=580.0 y=480.0 roundedY=480.0
Vertex dir=4 q: 0 r: 0 x=510.71796769724494 roundedX=511.0 y=440.0 roundedY=440.0
Vertex dir=5 q: 0 r: 0 x=510.71796769724494 roundedX=511.0 y=360.0 roundedY=360.0
Vertex dir=0 q: 1 r: 1 x=787.8460969082653 roundedX=788.0 y=440.0 roundedY=440.0
Vertex dir=1 q: 1 r: 1 x=857.1281292110203 roundedX=857.0 y=480.0 roundedY=480.0
Vertex dir=2 q: 1 r: 1 x=857.1281292110203 roundedX=857.0 y=560.0 roundedY=560.0
Vertex dir=3 q: 1 r: 1 x=787.8460969082653 roundedX=788.0 y=600.0 roundedY=600.0
Vertex dir=4 q: 1 r: 1 x=718.5640646055102 roundedX=719.0 y=560.0 roundedY=560.0
Vertex dir=5 q: 1 r: 1 x=718.5640646055102 roundedX=719.0 y=480.0 roundedY=480.0
Vertex dir=0 q: 0 r: -2 x=580.0 roundedX=580.0 y=80.0 roundedY=80.0
Vertex dir=1 q: 0 r: -2 x=649.282032302755 roundedX=649.0 y=120.0 roundedY=120.0
Vertex dir=2 q: 0 r: -2 x=649.282032302755 roundedX=649.0 y=200.0 roundedY=200.0
Vertex dir=3 q: 0 r: -2 x=580.0 roundedX=580.0 y=240.0 roundedY=240.0
Vertex dir=4 q: 0 r: -2 x=510.71796769724494 roundedX=511.0 y=200.00000000000003 roundedY=200.0
Vertex dir=5 q: 0 r: -2 x=510.71796769724494 roundedX=511.0 y=120.0 roundedY=120.0
Vertex dir=0 q: 0 r: 1 x=649.282032302755 roundedX=649.0 y=440.0 roundedY=440.0
Vertex dir=1 q: 0 r: 1 x=718.5640646055101 roundedX=719.0 y=480.0 roundedY=480.0
Vertex dir=2 q: 0 r: 1 x=718.5640646055101 roundedX=719.0 y=560.0 roundedY=560.0
Vertex dir=3 q: 0 r: 1 x=649.282032302755 roundedX=649.0 y=600.0 roundedY=600.0
Vertex dir=4 q: 0 r: 1 x=580.0 roundedX=580.0 y=560.0 roundedY=560.0
Vertex dir=5 q: 0 r: 1 x=580.0 roundedX=580.0 y=480.0 roundedY=480.0
Vertex dir=0 q: 1 r: 2 x=718.5640646055101 roundedX=719.0 y=560.0 roundedY=560.0
Vertex dir=1 q: 1 r: 2 x=787.8460969082652 roundedX=788.0 y=600.0 roundedY=600.0
Vertex dir=2 q: 1 r: 2 x=787.8460969082652 roundedX=788.0 y=680.0 roundedY=680.0
Vertex dir=3 q: 1 r: 2 x=718.5640646055101 roundedX=719.0 y=720.0 roundedY=720.0
Vertex dir=4 q: 1 r: 2 x=649.282032302755 roundedX=649.0 y=680.0 roundedY=680.0
Vertex dir=5 q: 1 r: 2 x=649.282032302755 roundedX=649.0 y=600.0 roundedY=600.0
Vertex dir=0 q: 0 r: 2 x=580.0 roundedX=580.0 y=560.0 roundedY=560.0
Vertex dir=1 q: 0 r: 2 x=649.282032302755 roundedX=649.0 y=600.0 roundedY=600.0
Vertex dir=2 q: 0 r: 2 x=649.282032302755 roundedX=649.0 y=680.0 roundedY=680.0
Vertex dir=3 q: 0 r: 2 x=580.0 roundedX=580.0 y=720.0 roundedY=720.0
Vertex dir=4 q: 0 r: 2 x=510.71796769724494 roundedX=511.0 y=680.0 roundedY=680.0
Vertex dir=5 q: 0 r: 2 x=510.71796769724494 roundedX=511.0 y=600.0 roundedY=600.0
Vertex dir=0 q: -2 r: 1 x=372.1539030917347 roundedX=372.0 y=440.0 roundedY=440.0
Vertex dir=1 q: -2 r: 1 x=441.4359353944898 roundedX=441.0 y=480.0 roundedY=480.0
Vertex dir=2 q: -2 r: 1 x=441.43593539448983 roundedX=441.0 y=560.0 roundedY=560.0
Vertex dir=3 q: -2 r: 1 x=372.1539030917347 roundedX=372.0 y=600.0 roundedY=600.0
Vertex dir=4 q: -2 r: 1 x=302.87187078897966 roundedX=303.0 y=560.0 roundedY=560.0
Vertex dir=5 q: -2 r: 1 x=302.87187078897966 roundedX=303.0 y=480.0 roundedY=480.0
Vertex dir=0 q: -1 r: 2 x=441.43593539448983 roundedX=441.0 y=560.0 roundedY=560.0
Vertex dir=1 q: -1 r: 2 x=510.71796769724494 roundedX=511.0 y=600.0 roundedY=600.0
Vertex dir=2 q: -1 r: 2 x=510.71796769724494 roundedX=511.0 y=680.0 roundedY=680.0
Vertex dir=3 q: -1 r: 2 x=441.43593539448983 roundedX=441.0 y=720.0 roundedY=720.0
Vertex dir=4 q: -1 r: 2 x=372.1539030917347 roundedX=372.0 y=680.0 roundedY=680.0
Vertex dir=5 q: -1 r: 2 x=372.1539030917347 roundedX=372.0 y=600.0 roundedY=600.0
Vertex dir=0 q: 1 r: -2 x=718.5640646055101 roundedX=719.0 y=80.0 roundedY=80.0
Vertex dir=1 q: 1 r: -2 x=787.8460969082652 roundedX=788.0 y=120.0 roundedY=120.0
Vertex dir=2 q: 1 r: -2 x=787.8460969082652 roundedX=788.0 y=200.0 roundedY=200.0
Vertex dir=3 q: 1 r: -2 x=718.5640646055101 roundedX=719.0 y=240.0 roundedY=240.0
Vertex dir=4 q: 1 r: -2 x=649.282032302755 roundedX=649.0 y=200.00000000000003 roundedY=200.0
Vertex dir=5 q: 1 r: -2 x=649.282032302755 roundedX=649.0 y=120.0 roundedY=120.0
Vertex dir=0 q: -2 r: 0 x=302.87187078897966 roundedX=303.0 y=320.0 roundedY=320.0
Vertex dir=1 q: -2 r: 0 x=372.1539030917347 roundedX=372.0 y=360.0 roundedY=360.0
Vertex dir=2 q: -2 r: 0 x=372.1539030917348 roundedX=372.0 y=440.0 roundedY=440.0
Vertex dir=3 q: -2 r: 0 x=302.87187078897966 roundedX=303.0 y=480.0 roundedY=480.0
Vertex dir=4 q: -2 r: 0 x=233.58983848622458 roundedX=234.0 y=440.0 roundedY=440.0
Vertex dir=5 q: -2 r: 0 x=233.58983848622458 roundedX=234.0 y=360.0 roundedY=360.0
Vertex dir=0 q: -1 r: 1 x=510.71796769724494 roundedX=511.0 y=440.0 roundedY=440.0
Vertex dir=1 q: -1 r: 1 x=580.0 roundedX=580.0 y=480.0 roundedY=480.0
Vertex dir=2 q: -1 r: 1 x=580.0 roundedX=580.0 y=560.0 roundedY=560.0
Vertex dir=3 q: -1 r: 1 x=510.71796769724494 roundedX=511.0 y=600.0 roundedY=600.0
Vertex dir=4 q: -1 r: 1 x=441.4359353944899 roundedX=441.0 y=560.0 roundedY=560.0
Vertex dir=5 q: -1 r: 1 x=441.4359353944899 roundedX=441.0 y=480.0 roundedY=480.0
Vertex dir=0 q: -2 r: -1 x=372.1539030917347 roundedX=372.0 y=200.0 roundedY=200.0
Vertex dir=1 q: -2 r: -1 x=441.4359353944898 roundedX=441.0 y=240.0 roundedY=240.0
Vertex dir=2 q: -2 r: -1 x=441.43593539448983 roundedX=441.0 y=320.0 roundedY=320.0
Vertex dir=3 q: -2 r: -1 x=372.1539030917347 roundedX=372.0 y=360.0 roundedY=360.0
Vertex dir=4 q: -2 r: -1 x=302.87187078897966 roundedX=303.0 y=320.0 roundedY=320.0
Vertex dir=5 q: -2 r: -1 x=302.87187078897966 roundedX=303.0 y=240.0 roundedY=240.0
Vertex dir=0 q: 1 r: -1 x=787.8460969082653 roundedX=788.0 y=200.0 roundedY=200.0
Vertex dir=1 q: 1 r: -1 x=857.1281292110203 roundedX=857.0 y=240.0 roundedY=240.0
Vertex dir=2 q: 1 r: -1 x=857.1281292110203 roundedX=857.0 y=320.0 roundedY=320.0
Vertex dir=3 q: 1 r: -1 x=787.8460969082653 roundedX=788.0 y=360.0 roundedY=360.0
Vertex dir=4 q: 1 r: -1 x=718.5640646055102 roundedX=719.0 y=320.0 roundedY=320.0
Vertex dir=5 q: 1 r: -1 x=718.5640646055102 roundedX=719.0 y=240.0 roundedY=240.0
Vertex dir=0 q: -1 r: 0 x=441.43593539448983 roundedX=441.0 y=320.0 roundedY=320.0
Vertex dir=1 q: -1 r: 0 x=510.71796769724494 roundedX=511.0 y=360.0 roundedY=360.0
Vertex dir=2 q: -1 r: 0 x=510.71796769724494 roundedX=511.0 y=440.0 roundedY=440.0
Vertex dir=3 q: -1 r: 0 x=441.43593539448983 roundedX=441.0 y=480.0 roundedY=480.0
Vertex dir=4 q: -1 r: 0 x=372.1539030917347 roundedX=372.0 y=440.0 roundedY=440.0
Vertex dir=5 q: -1 r: 0 x=372.1539030917347 roundedX=372.0 y=360.0 roundedY=360.0
Vertex dir=0 q: 2 r: 0 x=857.1281292110203 roundedX=857.0 y=320.0 roundedY=320.0
Vertex dir=1 q: 2 r: 0 x=926.4101615137754 roundedX=926.0 y=360.0 roundedY=360.0
Vertex dir=2 q: 2 r: 0 x=926.4101615137754 roundedX=926.0 y=440.0 roundedY=440.0
Vertex dir=3 q: 2 r: 0 x=857.1281292110203 roundedX=857.0 y=480.0 roundedY=480.0
Vertex dir=4 q: 2 r: 0 x=787.8460969082653 roundedX=788.0 y=440.0 roundedY=440.0
Vertex dir=5 q: 2 r: 0 x=787.8460969082653 roundedX=788.0 y=360.0 roundedY=360.0
Vertex dir=0 q: -1 r: -1 x=510.71796769724494 roundedX=511.0 y=200.0 roundedY=200.0
Vertex dir=1 q: -1 r: -1 x=580.0 roundedX=580.0 y=240.0 roundedY=240.0
Vertex dir=2 q: -1 r: -1 x=580.0 roundedX=580.0 y=320.0 roundedY=320.0
Vertex dir=3 q: -1 r: -1 x=510.71796769724494 roundedX=511.0 y=360.0 roundedY=360.0
Vertex dir=4 q: -1 r: -1 x=441.4359353944899 roundedX=441.0 y=320.0 roundedY=320.0
Vertex dir=5 q: -1 r: -1 x=441.4359353944899 roundedX=441.0 y=240.0 roundedY=240.0
Vertex dir=0 q: 1 r: 0 x=718.5640646055101 roundedX=719.0 y=320.0 roundedY=320.0
Vertex dir=1 q: 1 r: 0 x=787.8460969082652 roundedX=788.0 y=360.0 roundedY=360.0
Vertex dir=2 q: 1 r: 0 x=787.8460969082652 roundedX=788.0 y=440.0 roundedY=440.0
Vertex dir=3 q: 1 r: 0 x=718.5640646055101 roundedX=719.0 y=480.0 roundedY=480.0
Vertex dir=4 q: 1 r: 0 x=649.282032302755 roundedX=649.0 y=440.0 roundedY=440.0
Vertex dir=5 q: 1 r: 0 x=649.282032302755 roundedX=649.0 y=360.0 roundedY=360.0
Key X: 580.0Key Y: 560.0, Value: [Vertex(0, 1, 4), Vertex(0, 2, 0), Vertex(-1, 1, 2)]
Key X: 857.0Key Y: 320.0, Value: [Vertex(1, -1, 2), Vertex(2, 0, 0)]
Key X: 719.0Key Y: 480.0, Value: [Vertex(1, 1, 5), Vertex(0, 1, 1), Vertex(1, 0, 3)]
Key X: 580.0Key Y: 720.0, Value: [Vertex(0, 2, 3)]
Key X: 719.0Key Y: 560.0, Value: [Vertex(1, 1, 4), Vertex(0, 1, 2), Vertex(1, 2, 0)]
Key X: 441.0Key Y: 80.0, Value: [Vertex(-1, -2, 0)]
Key X: 857.0Key Y: 480.0, Value: [Vertex(1, 1, 1), Vertex(2, 0, 3)]
Key X: 719.0Key Y: 720.0, Value: [Vertex(1, 2, 3)]
Key X: 857.0Key Y: 560.0, Value: [Vertex(1, 1, 2)]
Key X: 372.0Key Y: 120.0, Value: [Vertex(-1, -2, 5)]
Key X: 303.0Key Y: 240.0, Value: [Vertex(-2, -1, 5)]
Key X: 372.0Key Y: 200.0, Value: [Vertex(-1, -2, 4), Vertex(-2, -1, 0)]
Key X: 511.0Key Y: 120.0, Value: [Vertex(-1, -2, 1), Vertex(0, -2, 5)]
Key X: 303.0Key Y: 320.0, Value: [Vertex(-2, 0, 0), Vertex(-2, -1, 4)]
Key X: 649.0Key Y: 120.0, Value: [Vertex(0, -2, 1), Vertex(1, -2, 5)]
Key X: 441.0Key Y: 240.0, Value: [Vertex(-1, -2, 3), Vertex(-2, -1, 1), Vertex(-1, -1, 5)]
Key X: 372.0Key Y: 360.0, Value: [Vertex(-2, 0, 1), Vertex(-2, -1, 3), Vertex(-1, 0, 5)]
Key X: 511.0Key Y: 200.0, Value: [Vertex(-1, -2, 2), Vertex(0, -2, 4), Vertex(-1, -1, 0)]
Key X: 788.0Key Y: 120.0, Value: [Vertex(1, -2, 1)]
Key X: 303.0Key Y: 480.0, Value: [Vertex(-2, 1, 5), Vertex(-2, 0, 3)]
Key X: 441.0Key Y: 320.0, Value: [Vertex(-2, -1, 2), Vertex(-1, 0, 0), Vertex(-1, -1, 4)]
Key X: 649.0Key Y: 200.0, Value: [Vertex(0, -1, 0), Vertex(0, -2, 2), Vertex(1, -2, 4)]
Key X: 303.0Key Y: 560.0, Value: [Vertex(-2, 1, 4)]
Key X: 372.0Key Y: 440.0, Value: [Vertex(-2, 1, 0), Vertex(-2, 0, 2), Vertex(-1, 0, 4)]
Key X: 372.0Key Y: 600.0, Value: [Vertex(-2, 1, 3), Vertex(-1, 2, 5)]
Key X: 788.0Key Y: 200.0, Value: [Vertex(1, -2, 2), Vertex(1, -1, 0)]
Key X: 441.0Key Y: 480.0, Value: [Vertex(-2, 1, 1), Vertex(-1, 1, 5), Vertex(-1, 0, 3)]
Key X: 511.0Key Y: 360.0, Value: [Vertex(0, 0, 5), Vertex(-1, 0, 1), Vertex(-1, -1, 3)]
Key X: 441.0Key Y: 560.0, Value: [Vertex(-2, 1, 2), Vertex(-1, 2, 0), Vertex(-1, 1, 4)]
Key X: 372.0Key Y: 680.0, Value: [Vertex(-1, 2, 4)]
Key X: 511.0Key Y: 440.0, Value: [Vertex(0, 0, 4), Vertex(-1, 1, 0), Vertex(-1, 0, 2)]
Key X: 649.0Key Y: 360.0, Value: [Vertex(0, -1, 3), Vertex(0, 0, 1), Vertex(1, 0, 5)]
Key X: 441.0Key Y: 720.0, Value: [Vertex(-1, 2, 3)]
Key X: 788.0Key Y: 360.0, Value: [Vertex(1, -1, 3), Vertex(2, 0, 5), Vertex(1, 0, 1)]
Key X: 511.0Key Y: 600.0, Value: [Vertex(0, 2, 5), Vertex(-1, 2, 1), Vertex(-1, 1, 3)]
Key X: 649.0Key Y: 440.0, Value: [Vertex(0, 0, 2), Vertex(0, 1, 0), Vertex(1, 0, 4)]
Key X: 511.0Key Y: 680.0, Value: [Vertex(0, 2, 4), Vertex(-1, 2, 2)]
Key X: 926.0Key Y: 360.0, Value: [Vertex(2, 0, 1)]
Key X: 649.0Key Y: 600.0, Value: [Vertex(0, 1, 3), Vertex(1, 2, 5), Vertex(0, 2, 1)]
Key X: 788.0Key Y: 440.0, Value: [Vertex(1, 1, 0), Vertex(2, 0, 4), Vertex(1, 0, 2)]
Key X: 649.0Key Y: 680.0, Value: [Vertex(1, 2, 4), Vertex(0, 2, 2)]
Key X: 926.0Key Y: 440.0, Value: [Vertex(2, 0, 2)]
Key X: 788.0Key Y: 600.0, Value: [Vertex(1, 1, 3), Vertex(1, 2, 1)]
Key X: 788.0Key Y: 680.0, Value: [Vertex(1, 2, 2)]
Key X: 580.0Key Y: 80.0, Value: [Vertex(0, -2, 0)]
Key X: 719.0Key Y: 80.0, Value: [Vertex(1, -2, 0)]
Key X: 580.0Key Y: 240.0, Value: [Vertex(0, -1, 5), Vertex(0, -2, 3), Vertex(-1, -1, 1)]
Key X: 234.0Key Y: 360.0, Value: [Vertex(-2, 0, 5)]
Key X: 580.0Key Y: 320.0, Value: [Vertex(0, -1, 4), Vertex(0, 0, 0), Vertex(-1, -1, 2)]
Key X: 234.0Key Y: 440.0, Value: [Vertex(-2, 0, 4)]
Key X: 719.0Key Y: 240.0, Value: [Vertex(0, -1, 1), Vertex(1, -2, 3), Vertex(1, -1, 5)]
Key X: 857.0Key Y: 240.0, Value: [Vertex(1, -1, 1)]
Key X: 719.0Key Y: 320.0, Value: [Vertex(0, -1, 2), Vertex(1, -1, 4), Vertex(1, 0, 0)]
Key X: 580.0Key Y: 480.0, Value: [Vertex(0, 0, 3), Vertex(0, 1, 5), Vertex(-1, 1, 1)]
Key: Vertex(-2, 1, 4) -> Value: Vertex(-2, 1, 4)
Size: 114
Key: Vertex(-2, 1, 5) -> Value: Vertex(-2, 1, 5)
Size: 114
Key: Vertex(1, -1, 0) -> Value: Vertex(1, -2, 2)
Size: 114
Key: Vertex(1, -1, 1) -> Value: Vertex(1, -1, 1)
Size: 114
Key: Vertex(1, -1, 2) -> Value: Vertex(1, -1, 2)
Size: 114
Key: Vertex(1, -1, 3) -> Value: Vertex(1, -1, 3)
Size: 114
Key: Vertex(1, -1, 4) -> Value: Vertex(0, -1, 2)
Size: 114
Key: Vertex(1, -1, 5) -> Value: Vertex(0, -1, 1)
Size: 114
Key: Vertex(1, 0, 0) -> Value: Vertex(0, -1, 2)
Size: 114
Key: Vertex(1, 0, 1) -> Value: Vertex(1, -1, 3)
Size: 114
Key: Vertex(0, -2, 0) -> Value: Vertex(0, -2, 0)
Size: 114
Key: Vertex(0, -2, 1) -> Value: Vertex(0, -2, 1)
Size: 114
Key: Vertex(1, 0, 2) -> Value: Vertex(1, 1, 0)
Size: 114
Key: Vertex(1, 0, 3) -> Value: Vertex(1, 1, 5)
Size: 114
Key: Vertex(0, -2, 2) -> Value: Vertex(0, -1, 0)
Size: 114
Key: Vertex(1, 0, 4) -> Value: Vertex(0, 0, 2)
Size: 114
Key: Vertex(0, -2, 3) -> Value: Vertex(0, -1, 5)
Size: 114
Key: Vertex(0, -2, 4) -> Value: Vertex(-1, -2, 2)
Size: 114
Key: Vertex(1, 0, 5) -> Value: Vertex(0, -1, 3)
Size: 114
Key: Vertex(0, -2, 5) -> Value: Vertex(-1, -2, 1)
Size: 114
Key: Vertex(1, 1, 0) -> Value: Vertex(1, 1, 0)
Size: 114
Key: Vertex(1, 1, 1) -> Value: Vertex(1, 1, 1)
Size: 114
Key: Vertex(0, -1, 0) -> Value: Vertex(0, -1, 0)
Size: 114
Key: Vertex(1, 1, 2) -> Value: Vertex(1, 1, 2)
Size: 114
Key: Vertex(0, -1, 1) -> Value: Vertex(0, -1, 1)
Size: 114
Key: Vertex(1, 1, 3) -> Value: Vertex(1, 1, 3)
Size: 114
Key: Vertex(0, -1, 2) -> Value: Vertex(0, -1, 2)
Size: 114
Key: Vertex(1, 1, 4) -> Value: Vertex(1, 1, 4)
Size: 114
Key: Vertex(0, -1, 3) -> Value: Vertex(0, -1, 3)
Size: 114
Key: Vertex(1, 1, 5) -> Value: Vertex(1, 1, 5)
Size: 114
Key: Vertex(0, -1, 4) -> Value: Vertex(0, -1, 4)
Size: 114
Key: Vertex(0, -1, 5) -> Value: Vertex(0, -1, 5)
Size: 114
Key: Vertex(1, 2, 0) -> Value: Vertex(1, 1, 4)
Size: 114
Key: Vertex(1, 2, 1) -> Value: Vertex(1, 1, 3)
Size: 114
Key: Vertex(0, 0, 0) -> Value: Vertex(0, -1, 4)
Size: 114
Key: Vertex(-1, -2, 0) -> Value: Vertex(-1, -2, 0)
Size: 114
Key: Vertex(0, 0, 1) -> Value: Vertex(0, -1, 3)
Size: 114
Key: Vertex(1, 2, 2) -> Value: Vertex(1, 2, 2)
Size: 114
Key: Vertex(1, 2, 3) -> Value: Vertex(1, 2, 3)
Size: 114
Key: Vertex(-1, -2, 1) -> Value: Vertex(-1, -2, 1)
Size: 114
Key: Vertex(0, 0, 2) -> Value: Vertex(0, 0, 2)
Size: 114
Key: Vertex(-1, -2, 2) -> Value: Vertex(-1, -2, 2)
Size: 114
Key: Vertex(1, 2, 4) -> Value: Vertex(1, 2, 4)
Size: 114
Key: Vertex(0, 0, 3) -> Value: Vertex(0, 0, 3)
Size: 114
Key: Vertex(-1, -2, 3) -> Value: Vertex(-1, -2, 3)
Size: 114
Key: Vertex(0, 0, 4) -> Value: Vertex(0, 0, 4)
Size: 114
Key: Vertex(1, 2, 5) -> Value: Vertex(0, 1, 3)
Size: 114
Key: Vertex(-1, -2, 4) -> Value: Vertex(-1, -2, 4)
Size: 114
Key: Vertex(0, 0, 5) -> Value: Vertex(0, 0, 5)
Size: 114
Key: Vertex(-1, -2, 5) -> Value: Vertex(-1, -2, 5)
Size: 114
Key: Vertex(0, 1, 0) -> Value: Vertex(0, 0, 2)
Size: 114
Key: Vertex(0, 1, 1) -> Value: Vertex(1, 1, 5)
Size: 114
Key: Vertex(-1, -1, 0) -> Value: Vertex(-1, -2, 2)
Size: 114
Key: Vertex(0, 1, 2) -> Value: Vertex(1, 1, 4)
Size: 114
Key: Vertex(-1, -1, 1) -> Value: Vertex(0, -1, 5)
Size: 114
Key: Vertex(0, 1, 3) -> Value: Vertex(0, 1, 3)
Size: 114
Key: Vertex(-1, -1, 2) -> Value: Vertex(0, -1, 4)
Size: 114
Key: Vertex(0, 1, 4) -> Value: Vertex(0, 1, 4)
Size: 114
Key: Vertex(-1, -1, 3) -> Value: Vertex(0, 0, 5)
Size: 114
Key: Vertex(-1, -1, 4) -> Value: Vertex(-2, -1, 2)
Size: 114
Key: Vertex(0, 1, 5) -> Value: Vertex(0, 0, 3)
Size: 114
Key: Vertex(-1, -1, 5) -> Value: Vertex(-1, -2, 3)
Size: 114
Key: Vertex(0, 2, 0) -> Value: Vertex(0, 1, 4)
Size: 114
Key: Vertex(-1, 0, 0) -> Value: Vertex(-2, -1, 2)
Size: 114
Key: Vertex(0, 2, 1) -> Value: Vertex(0, 1, 3)
Size: 114
Key: Vertex(-1, 0, 1) -> Value: Vertex(0, 0, 5)
Size: 114
Key: Vertex(0, 2, 2) -> Value: Vertex(1, 2, 4)
Size: 114
Key: Vertex(0, 2, 3) -> Value: Vertex(0, 2, 3)
Size: 114
Key: Vertex(-1, 0, 2) -> Value: Vertex(0, 0, 4)
Size: 114
Key: Vertex(-1, 0, 3) -> Value: Vertex(-2, 1, 1)
Size: 114
Key: Vertex(0, 2, 4) -> Value: Vertex(0, 2, 4)
Size: 114
Key: Vertex(-1, 0, 4) -> Value: Vertex(-2, 1, 0)
Size: 114
Key: Vertex(0, 2, 5) -> Value: Vertex(0, 2, 5)
Size: 114
Key: Vertex(-1, 0, 5) -> Value: Vertex(-2, 0, 1)
Size: 114
Key: Vertex(-1, 1, 0) -> Value: Vertex(0, 0, 4)
Size: 114
Key: Vertex(-2, -1, 0) -> Value: Vertex(-1, -2, 4)
Size: 114
Key: Vertex(-1, 1, 1) -> Value: Vertex(0, 0, 3)
Size: 114
Key: Vertex(-1, 1, 2) -> Value: Vertex(0, 1, 4)
Size: 114
Key: Vertex(-2, -1, 1) -> Value: Vertex(-1, -2, 3)
Size: 114
Key: Vertex(-2, -1, 2) -> Value: Vertex(-2, -1, 2)
Size: 114
Key: Vertex(-1, 1, 3) -> Value: Vertex(0, 2, 5)
Size: 114
Key: Vertex(-2, -1, 3) -> Value: Vertex(-2, 0, 1)
Size: 114
Key: Vertex(-1, 1, 4) -> Value: Vertex(-2, 1, 2)
Size: 114
Key: Vertex(-2, -1, 4) -> Value: Vertex(-2, 0, 0)
Size: 114
Key: Vertex(-1, 1, 5) -> Value: Vertex(-2, 1, 1)
Size: 114
Key: Vertex(-2, -1, 5) -> Value: Vertex(-2, -1, 5)
Size: 114
Key: Vertex(-1, 2, 0) -> Value: Vertex(-2, 1, 2)
Size: 114
Key: Vertex(-2, 0, 0) -> Value: Vertex(-2, 0, 0)
Size: 114
Key: Vertex(-1, 2, 1) -> Value: Vertex(0, 2, 5)
Size: 114
Key: Vertex(-2, 0, 1) -> Value: Vertex(-2, 0, 1)
Size: 114
Key: Vertex(-1, 2, 2) -> Value: Vertex(0, 2, 4)
Size: 114
Key: Vertex(-2, 0, 2) -> Value: Vertex(-2, 1, 0)
Size: 114
Key: Vertex(-1, 2, 3) -> Value: Vertex(-1, 2, 3)
Size: 114
Key: Vertex(-2, 0, 3) -> Value: Vertex(-2, 1, 5)
Size: 114
Key: Vertex(-1, 2, 4) -> Value: Vertex(-1, 2, 4)
Size: 114
Key: Vertex(2, 0, 0) -> Value: Vertex(1, -1, 2)
Size: 114
Key: Vertex(-1, 2, 5) -> Value: Vertex(-2, 1, 3)
Size: 114
Key: Vertex(-2, 0, 4) -> Value: Vertex(-2, 0, 4)
Size: 114
Key: Vertex(2, 0, 1) -> Value: Vertex(2, 0, 1)
Size: 114
Key: Vertex(1, -2, 0) -> Value: Vertex(1, -2, 0)
Size: 114
Key: Vertex(-2, 0, 5) -> Value: Vertex(-2, 0, 5)
Size: 114
Key: Vertex(1, -2, 1) -> Value: Vertex(1, -2, 1)
Size: 114
Key: Vertex(2, 0, 2) -> Value: Vertex(2, 0, 2)
Size: 114
Key: Vertex(2, 0, 3) -> Value: Vertex(1, 1, 1)
Size: 114
Key: Vertex(1, -2, 2) -> Value: Vertex(1, -2, 2)
Size: 114
Key: Vertex(2, 0, 4) -> Value: Vertex(1, 1, 0)
Size: 114
Key: Vertex(1, -2, 3) -> Value: Vertex(0, -1, 1)
Size: 114
Key: Vertex(1, -2, 4) -> Value: Vertex(0, -1, 0)
Size: 114
Key: Vertex(2, 0, 5) -> Value: Vertex(1, -1, 3)
Size: 114
Key: Vertex(1, -2, 5) -> Value: Vertex(0, -2, 1)
Size: 114
Key: Vertex(-2, 1, 0) -> Value: Vertex(-2, 1, 0)
Size: 114
Key: Vertex(-2, 1, 1) -> Value: Vertex(-2, 1, 1)
Size: 114
Key: Vertex(-2, 1, 2) -> Value: Vertex(-2, 1, 2)
Size: 114
Key: Vertex(-2, 1, 3) -> Value: Vertex(-2, 1, 3)
Size: 114
Vertex dir=0 q: -1 r: -2 x=441.43593539448983 roundedX=441.0 y=80.0 roundedY=80.0
Vertex dir=1 q: -1 r: -2 x=510.71796769724494 roundedX=511.0 y=120.0 roundedY=120.0
Vertex dir=2 q: -1 r: -2 x=510.71796769724494 roundedX=511.0 y=200.0 roundedY=200.0
Vertex dir=3 q: -1 r: -2 x=441.43593539448983 roundedX=441.0 y=240.0 roundedY=240.0
Vertex dir=4 q: -1 r: -2 x=372.1539030917347 roundedX=372.0 y=200.00000000000003 roundedY=200.0
Vertex dir=5 q: -1 r: -2 x=372.1539030917347 roundedX=372.0 y=120.0 roundedY=120.0
Vertex dir=0 q: 0 r: -1 x=649.282032302755 roundedX=649.0 y=200.0 roundedY=200.0
Vertex dir=1 q: 0 r: -1 x=718.5640646055101 roundedX=719.0 y=240.0 roundedY=240.0
Vertex dir=2 q: 0 r: -1 x=718.5640646055101 roundedX=719.0 y=320.0 roundedY=320.0
Vertex dir=3 q: 0 r: -1 x=649.282032302755 roundedX=649.0 y=360.0 roundedY=360.0
Vertex dir=4 q: 0 r: -1 x=580.0 roundedX=580.0 y=320.0 roundedY=320.0
Vertex dir=5 q: 0 r: -1 x=580.0 roundedX=580.0 y=240.0 roundedY=240.0
Vertex dir=0 q: 0 r: 0 x=580.0 roundedX=580.0 y=320.0 roundedY=320.0
Vertex dir=1 q: 0 r: 0 x=649.282032302755 roundedX=649.0 y=360.0 roundedY=360.0
Vertex dir=2 q: 0 r: 0 x=649.282032302755 roundedX=649.0 y=440.0 roundedY=440.0
Vertex dir=3 q: 0 r: 0 x=580.0 roundedX=580.0 y=480.0 roundedY=480.0
Vertex dir=4 q: 0 r: 0 x=510.71796769724494 roundedX=511.0 y=440.0 roundedY=440.0
Vertex dir=5 q: 0 r: 0 x=510.71796769724494 roundedX=511.0 y=360.0 roundedY=360.0
Vertex dir=0 q: 1 r: 1 x=787.8460969082653 roundedX=788.0 y=440.0 roundedY=440.0
Vertex dir=1 q: 1 r: 1 x=857.1281292110203 roundedX=857.0 y=480.0 roundedY=480.0
Vertex dir=2 q: 1 r: 1 x=857.1281292110203 roundedX=857.0 y=560.0 roundedY=560.0
Vertex dir=3 q: 1 r: 1 x=787.8460969082653 roundedX=788.0 y=600.0 roundedY=600.0
Vertex dir=4 q: 1 r: 1 x=718.5640646055102 roundedX=719.0 y=560.0 roundedY=560.0
Vertex dir=5 q: 1 r: 1 x=718.5640646055102 roundedX=719.0 y=480.0 roundedY=480.0
Vertex dir=0 q: 0 r: -2 x=580.0 roundedX=580.0 y=80.0 roundedY=80.0
Vertex dir=1 q: 0 r: -2 x=649.282032302755 roundedX=649.0 y=120.0 roundedY=120.0
Vertex dir=2 q: 0 r: -2 x=649.282032302755 roundedX=649.0 y=200.0 roundedY=200.0
Vertex dir=3 q: 0 r: -2 x=580.0 roundedX=580.0 y=240.0 roundedY=240.0
Vertex dir=4 q: 0 r: -2 x=510.71796769724494 roundedX=511.0 y=200.00000000000003 roundedY=200.0
Vertex dir=5 q: 0 r: -2 x=510.71796769724494 roundedX=511.0 y=120.0 roundedY=120.0
Vertex dir=0 q: 0 r: 1 x=649.282032302755 roundedX=649.0 y=440.0 roundedY=440.0
Vertex dir=1 q: 0 r: 1 x=718.5640646055101 roundedX=719.0 y=480.0 roundedY=480.0
Vertex dir=2 q: 0 r: 1 x=718.5640646055101 roundedX=719.0 y=560.0 roundedY=560.0
Vertex dir=3 q: 0 r: 1 x=649.282032302755 roundedX=649.0 y=600.0 roundedY=600.0
Vertex dir=4 q: 0 r: 1 x=580.0 roundedX=580.0 y=560.0 roundedY=560.0
Vertex dir=5 q: 0 r: 1 x=580.0 roundedX=580.0 y=480.0 roundedY=480.0
Vertex dir=0 q: 1 r: 2 x=718.5640646055101 roundedX=719.0 y=560.0 roundedY=560.0
Vertex dir=1 q: 1 r: 2 x=787.8460969082652 roundedX=788.0 y=600.0 roundedY=600.0
Vertex dir=2 q: 1 r: 2 x=787.8460969082652 roundedX=788.0 y=680.0 roundedY=680.0
Vertex dir=3 q: 1 r: 2 x=718.5640646055101 roundedX=719.0 y=720.0 roundedY=720.0
Vertex dir=4 q: 1 r: 2 x=649.282032302755 roundedX=649.0 y=680.0 roundedY=680.0
Vertex dir=5 q: 1 r: 2 x=649.282032302755 roundedX=649.0 y=600.0 roundedY=600.0
Vertex dir=0 q: 0 r: 2 x=580.0 roundedX=580.0 y=560.0 roundedY=560.0
Vertex dir=1 q: 0 r: 2 x=649.282032302755 roundedX=649.0 y=600.0 roundedY=600.0
Vertex dir=2 q: 0 r: 2 x=649.282032302755 roundedX=649.0 y=680.0 roundedY=680.0
Vertex dir=3 q: 0 r: 2 x=580.0 roundedX=580.0 y=720.0 roundedY=720.0
Vertex dir=4 q: 0 r: 2 x=510.71796769724494 roundedX=511.0 y=680.0 roundedY=680.0
Vertex dir=5 q: 0 r: 2 x=510.71796769724494 roundedX=511.0 y=600.0 roundedY=600.0
Vertex dir=0 q: -2 r: 1 x=372.1539030917347 roundedX=372.0 y=440.0 roundedY=440.0
Vertex dir=1 q: -2 r: 1 x=441.4359353944898 roundedX=441.0 y=480.0 roundedY=480.0
Vertex dir=2 q: -2 r: 1 x=441.43593539448983 roundedX=441.0 y=560.0 roundedY=560.0
Vertex dir=3 q: -2 r: 1 x=372.1539030917347 roundedX=372.0 y=600.0 roundedY=600.0
Vertex dir=4 q: -2 r: 1 x=302.87187078897966 roundedX=303.0 y=560.0 roundedY=560.0
Vertex dir=5 q: -2 r: 1 x=302.87187078897966 roundedX=303.0 y=480.0 roundedY=480.0
Vertex dir=0 q: -1 r: 2 x=441.43593539448983 roundedX=441.0 y=560.0 roundedY=560.0
Vertex dir=1 q: -1 r: 2 x=510.71796769724494 roundedX=511.0 y=600.0 roundedY=600.0
Vertex dir=2 q: -1 r: 2 x=510.71796769724494 roundedX=511.0 y=680.0 roundedY=680.0
Vertex dir=3 q: -1 r: 2 x=441.43593539448983 roundedX=441.0 y=720.0 roundedY=720.0
Vertex dir=4 q: -1 r: 2 x=372.1539030917347 roundedX=372.0 y=680.0 roundedY=680.0
Vertex dir=5 q: -1 r: 2 x=372.1539030917347 roundedX=372.0 y=600.0 roundedY=600.0
Vertex dir=0 q: 1 r: -2 x=718.5640646055101 roundedX=719.0 y=80.0 roundedY=80.0
Vertex dir=1 q: 1 r: -2 x=787.8460969082652 roundedX=788.0 y=120.0 roundedY=120.0
Vertex dir=2 q: 1 r: -2 x=787.8460969082652 roundedX=788.0 y=200.0 roundedY=200.0
Vertex dir=3 q: 1 r: -2 x=718.5640646055101 roundedX=719.0 y=240.0 roundedY=240.0
Vertex dir=4 q: 1 r: -2 x=649.282032302755 roundedX=649.0 y=200.00000000000003 roundedY=200.0
Vertex dir=5 q: 1 r: -2 x=649.282032302755 roundedX=649.0 y=120.0 roundedY=120.0
Vertex dir=0 q: -2 r: 0 x=302.87187078897966 roundedX=303.0 y=320.0 roundedY=320.0
Vertex dir=1 q: -2 r: 0 x=372.1539030917347 roundedX=372.0 y=360.0 roundedY=360.0
Vertex dir=2 q: -2 r: 0 x=372.1539030917348 roundedX=372.0 y=440.0 roundedY=440.0
Vertex dir=3 q: -2 r: 0 x=302.87187078897966 roundedX=303.0 y=480.0 roundedY=480.0
Vertex dir=4 q: -2 r: 0 x=233.58983848622458 roundedX=234.0 y=440.0 roundedY=440.0
Vertex dir=5 q: -2 r: 0 x=233.58983848622458 roundedX=234.0 y=360.0 roundedY=360.0
Vertex dir=0 q: -1 r: 1 x=510.71796769724494 roundedX=511.0 y=440.0 roundedY=440.0
Vertex dir=1 q: -1 r: 1 x=580.0 roundedX=580.0 y=480.0 roundedY=480.0
Vertex dir=2 q: -1 r: 1 x=580.0 roundedX=580.0 y=560.0 roundedY=560.0
Vertex dir=3 q: -1 r: 1 x=510.71796769724494 roundedX=511.0 y=600.0 roundedY=600.0
Vertex dir=4 q: -1 r: 1 x=441.4359353944899 roundedX=441.0 y=560.0 roundedY=560.0
Vertex dir=5 q: -1 r: 1 x=441.4359353944899 roundedX=441.0 y=480.0 roundedY=480.0
Vertex dir=0 q: -2 r: -1 x=372.1539030917347 roundedX=372.0 y=200.0 roundedY=200.0
Vertex dir=1 q: -2 r: -1 x=441.4359353944898 roundedX=441.0 y=240.0 roundedY=240.0
Vertex dir=2 q: -2 r: -1 x=441.43593539448983 roundedX=441.0 y=320.0 roundedY=320.0
Vertex dir=3 q: -2 r: -1 x=372.1539030917347 roundedX=372.0 y=360.0 roundedY=360.0
Vertex dir=4 q: -2 r: -1 x=302.87187078897966 roundedX=303.0 y=320.0 roundedY=320.0
Vertex dir=5 q: -2 r: -1 x=302.87187078897966 roundedX=303.0 y=240.0 roundedY=240.0
Vertex dir=0 q: 1 r: -1 x=787.8460969082653 roundedX=788.0 y=200.0 roundedY=200.0
Vertex dir=1 q: 1 r: -1 x=857.1281292110203 roundedX=857.0 y=240.0 roundedY=240.0
Vertex dir=2 q: 1 r: -1 x=857.1281292110203 roundedX=857.0 y=320.0 roundedY=320.0
Vertex dir=3 q: 1 r: -1 x=787.8460969082653 roundedX=788.0 y=360.0 roundedY=360.0
Vertex dir=4 q: 1 r: -1 x=718.5640646055102 roundedX=719.0 y=320.0 roundedY=320.0
Vertex dir=5 q: 1 r: -1 x=718.5640646055102 roundedX=719.0 y=240.0 roundedY=240.0
Vertex dir=0 q: -1 r: 0 x=441.43593539448983 roundedX=441.0 y=320.0 roundedY=320.0
Vertex dir=1 q: -1 r: 0 x=510.71796769724494 roundedX=511.0 y=360.0 roundedY=360.0
Vertex dir=2 q: -1 r: 0 x=510.71796769724494 roundedX=511.0 y=440.0 roundedY=440.0
Vertex dir=3 q: -1 r: 0 x=441.43593539448983 roundedX=441.0 y=480.0 roundedY=480.0
Vertex dir=4 q: -1 r: 0 x=372.1539030917347 roundedX=372.0 y=440.0 roundedY=440.0
Vertex dir=5 q: -1 r: 0 x=372.1539030917347 roundedX=372.0 y=360.0 roundedY=360.0
Vertex dir=0 q: 2 r: 0 x=857.1281292110203 roundedX=857.0 y=320.0 roundedY=320.0
Vertex dir=1 q: 2 r: 0 x=926.4101615137754 roundedX=926.0 y=360.0 roundedY=360.0
Vertex dir=2 q: 2 r: 0 x=926.4101615137754 roundedX=926.0 y=440.0 roundedY=440.0
Vertex dir=3 q: 2 r: 0 x=857.1281292110203 roundedX=857.0 y=480.0 roundedY=480.0
Vertex dir=4 q: 2 r: 0 x=787.8460969082653 roundedX=788.0 y=440.0 roundedY=440.0
Vertex dir=5 q: 2 r: 0 x=787.8460969082653 roundedX=788.0 y=360.0 roundedY=360.0
Vertex dir=0 q: -1 r: -1 x=510.71796769724494 roundedX=511.0 y=200.0 roundedY=200.0
Vertex dir=1 q: -1 r: -1 x=580.0 roundedX=580.0 y=240.0 roundedY=240.0
Vertex dir=2 q: -1 r: -1 x=580.0 roundedX=580.0 y=320.0 roundedY=320.0
Vertex dir=3 q: -1 r: -1 x=510.71796769724494 roundedX=511.0 y=360.0 roundedY=360.0
Vertex dir=4 q: -1 r: -1 x=441.4359353944899 roundedX=441.0 y=320.0 roundedY=320.0
Vertex dir=5 q: -1 r: -1 x=441.4359353944899 roundedX=441.0 y=240.0 roundedY=240.0
Vertex dir=0 q: 1 r: 0 x=718.5640646055101 roundedX=719.0 y=320.0 roundedY=320.0
Vertex dir=1 q: 1 r: 0 x=787.8460969082652 roundedX=788.0 y=360.0 roundedY=360.0
Vertex dir=2 q: 1 r: 0 x=787.8460969082652 roundedX=788.0 y=440.0 roundedY=440.0
Vertex dir=3 q: 1 r: 0 x=718.5640646055101 roundedX=719.0 y=480.0 roundedY=480.0
Vertex dir=4 q: 1 r: 0 x=649.282032302755 roundedX=649.0 y=440.0 roundedY=440.0
Vertex dir=5 q: 1 r: 0 x=649.282032302755 roundedX=649.0 y=360.0 roundedY=360.0
Key X: 580.0Key Y: 560.0, Value: [Vertex(0, 1, 4), Vertex(0, 2, 0), Vertex(-1, 1, 2)]
Key X: 857.0Key Y: 320.0, Value: [Vertex(1, -1, 2), Vertex(2, 0, 0)]
Key X: 719.0Key Y: 480.0, Value: [Vertex(1, 1, 5), Vertex(0, 1, 1), Vertex(1, 0, 3)]
Key X: 580.0Key Y: 720.0, Value: [Vertex(0, 2, 3)]
Key X: 719.0Key Y: 560.0, Value: [Vertex(1, 1, 4), Vertex(0, 1, 2), Vertex(1, 2, 0)]
Key X: 441.0Key Y: 80.0, Value: [Vertex(-1, -2, 0)]
Key X: 857.0Key Y: 480.0, Value: [Vertex(1, 1, 1), Vertex(2, 0, 3)]
Key X: 719.0Key Y: 720.0, Value: [Vertex(1, 2, 3)]
Key X: 857.0Key Y: 560.0, Value: [Vertex(1, 1, 2)]
Key X: 372.0Key Y: 120.0, Value: [Vertex(-1, -2, 5)]
Key X: 303.0Key Y: 240.0, Value: [Vertex(-2, -1, 5)]
Key X: 372.0Key Y: 200.0, Value: [Vertex(-1, -2, 4), Vertex(-2, -1, 0)]
Key X: 511.0Key Y: 120.0, Value: [Vertex(-1, -2, 1), Vertex(0, -2, 5)]
Key X: 303.0Key Y: 320.0, Value: [Vertex(-2, 0, 0), Vertex(-2, -1, 4)]
Key X: 649.0Key Y: 120.0, Value: [Vertex(0, -2, 1), Vertex(1, -2, 5)]
Key X: 441.0Key Y: 240.0, Value: [Vertex(-1, -2, 3), Vertex(-2, -1, 1), Vertex(-1, -1, 5)]
Key X: 372.0Key Y: 360.0, Value: [Vertex(-2, 0, 1), Vertex(-2, -1, 3), Vertex(-1, 0, 5)]
Key X: 511.0Key Y: 200.0, Value: [Vertex(-1, -2, 2), Vertex(0, -2, 4), Vertex(-1, -1, 0)]
Key X: 788.0Key Y: 120.0, Value: [Vertex(1, -2, 1)]
Key X: 303.0Key Y: 480.0, Value: [Vertex(-2, 1, 5), Vertex(-2, 0, 3)]
Key X: 441.0Key Y: 320.0, Value: [Vertex(-2, -1, 2), Vertex(-1, 0, 0), Vertex(-1, -1, 4)]
Key X: 649.0Key Y: 200.0, Value: [Vertex(0, -1, 0), Vertex(0, -2, 2), Vertex(1, -2, 4)]
Key X: 303.0Key Y: 560.0, Value: [Vertex(-2, 1, 4)]
Key X: 372.0Key Y: 440.0, Value: [Vertex(-2, 1, 0), Vertex(-2, 0, 2), Vertex(-1, 0, 4)]
Key X: 372.0Key Y: 600.0, Value: [Vertex(-2, 1, 3), Vertex(-1, 2, 5)]
Key X: 788.0Key Y: 200.0, Value: [Vertex(1, -2, 2), Vertex(1, -1, 0)]
Key X: 441.0Key Y: 480.0, Value: [Vertex(-2, 1, 1), Vertex(-1, 1, 5), Vertex(-1, 0, 3)]
Key X: 511.0Key Y: 360.0, Value: [Vertex(0, 0, 5), Vertex(-1, 0, 1), Vertex(-1, -1, 3)]
Key X: 441.0Key Y: 560.0, Value: [Vertex(-2, 1, 2), Vertex(-1, 2, 0), Vertex(-1, 1, 4)]
Key X: 372.0Key Y: 680.0, Value: [Vertex(-1, 2, 4)]
Key X: 511.0Key Y: 440.0, Value: [Vertex(0, 0, 4), Vertex(-1, 1, 0), Vertex(-1, 0, 2)]
Key X: 649.0Key Y: 360.0, Value: [Vertex(0, -1, 3), Vertex(0, 0, 1), Vertex(1, 0, 5)]
Key X: 441.0Key Y: 720.0, Value: [Vertex(-1, 2, 3)]
Key X: 788.0Key Y: 360.0, Value: [Vertex(1, -1, 3), Vertex(2, 0, 5), Vertex(1, 0, 1)]
Key X: 511.0Key Y: 600.0, Value: [Vertex(0, 2, 5), Vertex(-1, 2, 1), Vertex(-1, 1, 3)]
Key X: 649.0Key Y: 440.0, Value: [Vertex(0, 0, 2), Vertex(0, 1, 0), Vertex(1, 0, 4)]
Key X: 511.0Key Y: 680.0, Value: [Vertex(0, 2, 4), Vertex(-1, 2, 2)]
Key X: 926.0Key Y: 360.0, Value: [Vertex(2, 0, 1)]
Key X: 649.0Key Y: 600.0, Value: [Vertex(0, 1, 3), Vertex(1, 2, 5), Vertex(0, 2, 1)]
Key X: 788.0Key Y: 440.0, Value: [Vertex(1, 1, 0), Vertex(2, 0, 4), Vertex(1, 0, 2)]
Key X: 649.0Key Y: 680.0, Value: [Vertex(1, 2, 4), Vertex(0, 2, 2)]
Key X: 926.0Key Y: 440.0, Value: [Vertex(2, 0, 2)]
Key X: 788.0Key Y: 600.0, Value: [Vertex(1, 1, 3), Vertex(1, 2, 1)]
Key X: 788.0Key Y: 680.0, Value: [Vertex(1, 2, 2)]
Key X: 580.0Key Y: 80.0, Value: [Vertex(0, -2, 0)]
Key X: 719.0Key Y: 80.0, Value: [Vertex(1, -2, 0)]
Key X: 580.0Key Y: 240.0, Value: [Vertex(0, -1, 5), Vertex(0, -2, 3), Vertex(-1, -1, 1)]
Key X: 234.0Key Y: 360.0, Value: [Vertex(-2, 0, 5)]
Key X: 580.0Key Y: 320.0, Value: [Vertex(0, -1, 4), Vertex(0, 0, 0), Vertex(-1, -1, 2)]
Key X: 234.0Key Y: 440.0, Value: [Vertex(-2, 0, 4)]
Key X: 719.0Key Y: 240.0, Value: [Vertex(0, -1, 1), Vertex(1, -2, 3), Vertex(1, -1, 5)]
Key X: 857.0Key Y: 240.0, Value: [Vertex(1, -1, 1)]
Key X: 719.0Key Y: 320.0, Value: [Vertex(0, -1, 2), Vertex(1, -1, 4), Vertex(1, 0, 0)]
Key X: 580.0Key Y: 480.0, Value: [Vertex(0, 0, 3), Vertex(0, 1, 5), Vertex(-1, 1, 1)]
Vertex dir=0 q: -1 r: -2 x=441.43593539448983 roundedX=441.0 y=80.0 roundedY=80.0
Vertex dir=1 q: -1 r: -2 x=510.71796769724494 roundedX=511.0 y=120.0 roundedY=120.0
Vertex dir=2 q: -1 r: -2 x=510.71796769724494 roundedX=511.0 y=200.0 roundedY=200.0
Vertex dir=3 q: -1 r: -2 x=441.43593539448983 roundedX=441.0 y=240.0 roundedY=240.0
Vertex dir=4 q: -1 r: -2 x=372.1539030917347 roundedX=372.0 y=200.00000000000003 roundedY=200.0
Vertex dir=5 q: -1 r: -2 x=372.1539030917347 roundedX=372.0 y=120.0 roundedY=120.0
Vertex dir=0 q: 0 r: -1 x=649.282032302755 roundedX=649.0 y=200.0 roundedY=200.0
Vertex dir=1 q: 0 r: -1 x=718.5640646055101 roundedX=719.0 y=240.0 roundedY=240.0
Vertex dir=2 q: 0 r: -1 x=718.5640646055101 roundedX=719.0 y=320.0 roundedY=320.0
Vertex dir=3 q: 0 r: -1 x=649.282032302755 roundedX=649.0 y=360.0 roundedY=360.0
Vertex dir=4 q: 0 r: -1 x=580.0 roundedX=580.0 y=320.0 roundedY=320.0
Vertex dir=5 q: 0 r: -1 x=580.0 roundedX=580.0 y=240.0 roundedY=240.0
Vertex dir=0 q: 0 r: 0 x=580.0 roundedX=580.0 y=320.0 roundedY=320.0
Vertex dir=1 q: 0 r: 0 x=649.282032302755 roundedX=649.0 y=360.0 roundedY=360.0
Vertex dir=2 q: 0 r: 0 x=649.282032302755 roundedX=649.0 y=440.0 roundedY=440.0
Vertex dir=3 q: 0 r: 0 x=580.0 roundedX=580.0 y=480.0 roundedY=480.0
Vertex dir=4 q: 0 r: 0 x=510.71796769724494 roundedX=511.0 y=440.0 roundedY=440.0
Vertex dir=5 q: 0 r: 0 x=510.71796769724494 roundedX=511.0 y=360.0 roundedY=360.0
Vertex dir=0 q: 1 r: 1 x=787.8460969082653 roundedX=788.0 y=440.0 roundedY=440.0
Vertex dir=1 q: 1 r: 1 x=857.1281292110203 roundedX=857.0 y=480.0 roundedY=480.0
Vertex dir=2 q: 1 r: 1 x=857.1281292110203 roundedX=857.0 y=560.0 roundedY=560.0
Vertex dir=3 q: 1 r: 1 x=787.8460969082653 roundedX=788.0 y=600.0 roundedY=600.0
Vertex dir=4 q: 1 r: 1 x=718.5640646055102 roundedX=719.0 y=560.0 roundedY=560.0
Vertex dir=5 q: 1 r: 1 x=718.5640646055102 roundedX=719.0 y=480.0 roundedY=480.0
Vertex dir=0 q: 0 r: -2 x=580.0 roundedX=580.0 y=80.0 roundedY=80.0
Vertex dir=1 q: 0 r: -2 x=649.282032302755 roundedX=649.0 y=120.0 roundedY=120.0
Vertex dir=2 q: 0 r: -2 x=649.282032302755 roundedX=649.0 y=200.0 roundedY=200.0
Vertex dir=3 q: 0 r: -2 x=580.0 roundedX=580.0 y=240.0 roundedY=240.0
Vertex dir=4 q: 0 r: -2 x=510.71796769724494 roundedX=511.0 y=200.00000000000003 roundedY=200.0
Vertex dir=5 q: 0 r: -2 x=510.71796769724494 roundedX=511.0 y=120.0 roundedY=120.0
Vertex dir=0 q: 0 r: 1 x=649.282032302755 roundedX=649.0 y=440.0 roundedY=440.0
Vertex dir=1 q: 0 r: 1 x=718.5640646055101 roundedX=719.0 y=480.0 roundedY=480.0
Vertex dir=2 q: 0 r: 1 x=718.5640646055101 roundedX=719.0 y=560.0 roundedY=560.0
Vertex dir=3 q: 0 r: 1 x=649.282032302755 roundedX=649.0 y=600.0 roundedY=600.0
Vertex dir=4 q: 0 r: 1 x=580.0 roundedX=580.0 y=560.0 roundedY=560.0
Vertex dir=5 q: 0 r: 1 x=580.0 roundedX=580.0 y=480.0 roundedY=480.0
Vertex dir=0 q: 1 r: 2 x=718.5640646055101 roundedX=719.0 y=560.0 roundedY=560.0
Vertex dir=1 q: 1 r: 2 x=787.8460969082652 roundedX=788.0 y=600.0 roundedY=600.0
Vertex dir=2 q: 1 r: 2 x=787.8460969082652 roundedX=788.0 y=680.0 roundedY=680.0
Vertex dir=3 q: 1 r: 2 x=718.5640646055101 roundedX=719.0 y=720.0 roundedY=720.0
Vertex dir=4 q: 1 r: 2 x=649.282032302755 roundedX=649.0 y=680.0 roundedY=680.0
Vertex dir=5 q: 1 r: 2 x=649.282032302755 roundedX=649.0 y=600.0 roundedY=600.0
Vertex dir=0 q: 0 r: 2 x=580.0 roundedX=580.0 y=560.0 roundedY=560.0
Vertex dir=1 q: 0 r: 2 x=649.282032302755 roundedX=649.0 y=600.0 roundedY=600.0
Vertex dir=2 q: 0 r: 2 x=649.282032302755 roundedX=649.0 y=680.0 roundedY=680.0
Vertex dir=3 q: 0 r: 2 x=580.0 roundedX=580.0 y=720.0 roundedY=720.0
Vertex dir=4 q: 0 r: 2 x=510.71796769724494 roundedX=511.0 y=680.0 roundedY=680.0
Vertex dir=5 q: 0 r: 2 x=510.71796769724494 roundedX=511.0 y=600.0 roundedY=600.0
Vertex dir=0 q: -2 r: 1 x=372.1539030917347 roundedX=372.0 y=440.0 roundedY=440.0
Vertex dir=1 q: -2 r: 1 x=441.4359353944898 roundedX=441.0 y=480.0 roundedY=480.0
Vertex dir=2 q: -2 r: 1 x=441.43593539448983 roundedX=441.0 y=560.0 roundedY=560.0
Vertex dir=3 q: -2 r: 1 x=372.1539030917347 roundedX=372.0 y=600.0 roundedY=600.0
Vertex dir=4 q: -2 r: 1 x=302.87187078897966 roundedX=303.0 y=560.0 roundedY=560.0
Vertex dir=5 q: -2 r: 1 x=302.87187078897966 roundedX=303.0 y=480.0 roundedY=480.0
Vertex dir=0 q: -1 r: 2 x=441.43593539448983 roundedX=441.0 y=560.0 roundedY=560.0
Vertex dir=1 q: -1 r: 2 x=510.71796769724494 roundedX=511.0 y=600.0 roundedY=600.0
Vertex dir=2 q: -1 r: 2 x=510.71796769724494 roundedX=511.0 y=680.0 roundedY=680.0
Vertex dir=3 q: -1 r: 2 x=441.43593539448983 roundedX=441.0 y=720.0 roundedY=720.0
Vertex dir=4 q: -1 r: 2 x=372.1539030917347 roundedX=372.0 y=680.0 roundedY=680.0
Vertex dir=5 q: -1 r: 2 x=372.1539030917347 roundedX=372.0 y=600.0 roundedY=600.0
Vertex dir=0 q: 1 r: -2 x=718.5640646055101 roundedX=719.0 y=80.0 roundedY=80.0
Vertex dir=1 q: 1 r: -2 x=787.8460969082652 roundedX=788.0 y=120.0 roundedY=120.0
Vertex dir=2 q: 1 r: -2 x=787.8460969082652 roundedX=788.0 y=200.0 roundedY=200.0
Vertex dir=3 q: 1 r: -2 x=718.5640646055101 roundedX=719.0 y=240.0 roundedY=240.0
Vertex dir=4 q: 1 r: -2 x=649.282032302755 roundedX=649.0 y=200.00000000000003 roundedY=200.0
Vertex dir=5 q: 1 r: -2 x=649.282032302755 roundedX=649.0 y=120.0 roundedY=120.0
Vertex dir=0 q: -2 r: 0 x=302.87187078897966 roundedX=303.0 y=320.0 roundedY=320.0
Vertex dir=1 q: -2 r: 0 x=372.1539030917347 roundedX=372.0 y=360.0 roundedY=360.0
Vertex dir=2 q: -2 r: 0 x=372.1539030917348 roundedX=372.0 y=440.0 roundedY=440.0
Vertex dir=3 q: -2 r: 0 x=302.87187078897966 roundedX=303.0 y=480.0 roundedY=480.0
Vertex dir=4 q: -2 r: 0 x=233.58983848622458 roundedX=234.0 y=440.0 roundedY=440.0
Vertex dir=5 q: -2 r: 0 x=233.58983848622458 roundedX=234.0 y=360.0 roundedY=360.0
Vertex dir=0 q: -1 r: 1 x=510.71796769724494 roundedX=511.0 y=440.0 roundedY=440.0
Vertex dir=1 q: -1 r: 1 x=580.0 roundedX=580.0 y=480.0 roundedY=480.0
Vertex dir=2 q: -1 r: 1 x=580.0 roundedX=580.0 y=560.0 roundedY=560.0
Vertex dir=3 q: -1 r: 1 x=510.71796769724494 roundedX=511.0 y=600.0 roundedY=600.0
Vertex dir=4 q: -1 r: 1 x=441.4359353944899 roundedX=441.0 y=560.0 roundedY=560.0
Vertex dir=5 q: -1 r: 1 x=441.4359353944899 roundedX=441.0 y=480.0 roundedY=480.0
Vertex dir=0 q: -2 r: -1 x=372.1539030917347 roundedX=372.0 y=200.0 roundedY=200.0
Vertex dir=1 q: -2 r: -1 x=441.4359353944898 roundedX=441.0 y=240.0 roundedY=240.0
Vertex dir=2 q: -2 r: -1 x=441.43593539448983 roundedX=441.0 y=320.0 roundedY=320.0
Vertex dir=3 q: -2 r: -1 x=372.1539030917347 roundedX=372.0 y=360.0 roundedY=360.0
Vertex dir=4 q: -2 r: -1 x=302.87187078897966 roundedX=303.0 y=320.0 roundedY=320.0
Vertex dir=5 q: -2 r: -1 x=302.87187078897966 roundedX=303.0 y=240.0 roundedY=240.0
Vertex dir=0 q: 1 r: -1 x=787.8460969082653 roundedX=788.0 y=200.0 roundedY=200.0
Vertex dir=1 q: 1 r: -1 x=857.1281292110203 roundedX=857.0 y=240.0 roundedY=240.0
Vertex dir=2 q: 1 r: -1 x=857.1281292110203 roundedX=857.0 y=320.0 roundedY=320.0
Vertex dir=3 q: 1 r: -1 x=787.8460969082653 roundedX=788.0 y=360.0 roundedY=360.0
Vertex dir=4 q: 1 r: -1 x=718.5640646055102 roundedX=719.0 y=320.0 roundedY=320.0
Vertex dir=5 q: 1 r: -1 x=718.5640646055102 roundedX=719.0 y=240.0 roundedY=240.0
Vertex dir=0 q: -1 r: 0 x=441.43593539448983 roundedX=441.0 y=320.0 roundedY=320.0
Vertex dir=1 q: -1 r: 0 x=510.71796769724494 roundedX=511.0 y=360.0 roundedY=360.0
Vertex dir=2 q: -1 r: 0 x=510.71796769724494 roundedX=511.0 y=440.0 roundedY=440.0
Vertex dir=3 q: -1 r: 0 x=441.43593539448983 roundedX=441.0 y=480.0 roundedY=480.0
Vertex dir=4 q: -1 r: 0 x=372.1539030917347 roundedX=372.0 y=440.0 roundedY=440.0
Vertex dir=5 q: -1 r: 0 x=372.1539030917347 roundedX=372.0 y=360.0 roundedY=360.0
Vertex dir=0 q: 2 r: 0 x=857.1281292110203 roundedX=857.0 y=320.0 roundedY=320.0
Vertex dir=1 q: 2 r: 0 x=926.4101615137754 roundedX=926.0 y=360.0 roundedY=360.0
Vertex dir=2 q: 2 r: 0 x=926.4101615137754 roundedX=926.0 y=440.0 roundedY=440.0
Vertex dir=3 q: 2 r: 0 x=857.1281292110203 roundedX=857.0 y=480.0 roundedY=480.0
Vertex dir=4 q: 2 r: 0 x=787.8460969082653 roundedX=788.0 y=440.0 roundedY=440.0
Vertex dir=5 q: 2 r: 0 x=787.8460969082653 roundedX=788.0 y=360.0 roundedY=360.0
Vertex dir=0 q: -1 r: -1 x=510.71796769724494 roundedX=511.0 y=200.0 roundedY=200.0
Vertex dir=1 q: -1 r: -1 x=580.0 roundedX=580.0 y=240.0 roundedY=240.0
Vertex dir=2 q: -1 r: -1 x=580.0 roundedX=580.0 y=320.0 roundedY=320.0
Vertex dir=3 q: -1 r: -1 x=510.71796769724494 roundedX=511.0 y=360.0 roundedY=360.0
Vertex dir=4 q: -1 r: -1 x=441.4359353944899 roundedX=441.0 y=320.0 roundedY=320.0
Vertex dir=5 q: -1 r: -1 x=441.4359353944899 roundedX=441.0 y=240.0 roundedY=240.0
Vertex dir=0 q: 1 r: 0 x=718.5640646055101 roundedX=719.0 y=320.0 roundedY=320.0
Vertex dir=1 q: 1 r: 0 x=787.8460969082652 roundedX=788.0 y=360.0 roundedY=360.0
Vertex dir=2 q: 1 r: 0 x=787.8460969082652 roundedX=788.0 y=440.0 roundedY=440.0
Vertex dir=3 q: 1 r: 0 x=718.5640646055101 roundedX=719.0 y=480.0 roundedY=480.0
Vertex dir=4 q: 1 r: 0 x=649.282032302755 roundedX=649.0 y=440.0 roundedY=440.0
Vertex dir=5 q: 1 r: 0 x=649.282032302755 roundedX=649.0 y=360.0 roundedY=360.0
Key X: 580.0Key Y: 560.0, Value: [Vertex(0, 1, 4), Vertex(0, 2, 0), Vertex(-1, 1, 2)]
Key X: 857.0Key Y: 320.0, Value: [Vertex(1, -1, 2), Vertex(2, 0, 0)]
Key X: 719.0Key Y: 480.0, Value: [Vertex(1, 1, 5), Vertex(0, 1, 1), Vertex(1, 0, 3)]
Key X: 580.0Key Y: 720.0, Value: [Vertex(0, 2, 3)]
Key X: 719.0Key Y: 560.0, Value: [Vertex(1, 1, 4), Vertex(0, 1, 2), Vertex(1, 2, 0)]
Key X: 441.0Key Y: 80.0, Value: [Vertex(-1, -2, 0)]
Key X: 857.0Key Y: 480.0, Value: [Vertex(1, 1, 1), Vertex(2, 0, 3)]
Key X: 719.0Key Y: 720.0, Value: [Vertex(1, 2, 3)]
Key X: 857.0Key Y: 560.0, Value: [Vertex(1, 1, 2)]
Key X: 372.0Key Y: 120.0, Value: [Vertex(-1, -2, 5)]
Key X: 303.0Key Y: 240.0, Value: [Vertex(-2, -1, 5)]
Key X: 372.0Key Y: 200.0, Value: [Vertex(-1, -2, 4), Vertex(-2, -1, 0)]
Key X: 511.0Key Y: 120.0, Value: [Vertex(-1, -2, 1), Vertex(0, -2, 5)]
Key X: 303.0Key Y: 320.0, Value: [Vertex(-2, 0, 0), Vertex(-2, -1, 4)]
Key X: 649.0Key Y: 120.0, Value: [Vertex(0, -2, 1), Vertex(1, -2, 5)]
Key X: 441.0Key Y: 240.0, Value: [Vertex(-1, -2, 3), Vertex(-2, -1, 1), Vertex(-1, -1, 5)]
Key X: 372.0Key Y: 360.0, Value: [Vertex(-2, 0, 1), Vertex(-2, -1, 3), Vertex(-1, 0, 5)]
Key X: 511.0Key Y: 200.0, Value: [Vertex(-1, -2, 2), Vertex(0, -2, 4), Vertex(-1, -1, 0)]
Key X: 788.0Key Y: 120.0, Value: [Vertex(1, -2, 1)]
Key X: 303.0Key Y: 480.0, Value: [Vertex(-2, 1, 5), Vertex(-2, 0, 3)]
Key X: 441.0Key Y: 320.0, Value: [Vertex(-2, -1, 2), Vertex(-1, 0, 0), Vertex(-1, -1, 4)]
Key X: 649.0Key Y: 200.0, Value: [Vertex(0, -1, 0), Vertex(0, -2, 2), Vertex(1, -2, 4)]
Key X: 303.0Key Y: 560.0, Value: [Vertex(-2, 1, 4)]
Key X: 372.0Key Y: 440.0, Value: [Vertex(-2, 1, 0), Vertex(-2, 0, 2), Vertex(-1, 0, 4)]
Key X: 372.0Key Y: 600.0, Value: [Vertex(-2, 1, 3), Vertex(-1, 2, 5)]
Key X: 788.0Key Y: 200.0, Value: [Vertex(1, -2, 2), Vertex(1, -1, 0)]
Key X: 441.0Key Y: 480.0, Value: [Vertex(-2, 1, 1), Vertex(-1, 1, 5), Vertex(-1, 0, 3)]
Key X: 511.0Key Y: 360.0, Value: [Vertex(0, 0, 5), Vertex(-1, 0, 1), Vertex(-1, -1, 3)]
Key X: 441.0Key Y: 560.0, Value: [Vertex(-2, 1, 2), Vertex(-1, 2, 0), Vertex(-1, 1, 4)]
Key X: 372.0Key Y: 680.0, Value: [Vertex(-1, 2, 4)]
Key X: 511.0Key Y: 440.0, Value: [Vertex(0, 0, 4), Vertex(-1, 1, 0), Vertex(-1, 0, 2)]
Key X: 649.0Key Y: 360.0, Value: [Vertex(0, -1, 3), Vertex(0, 0, 1), Vertex(1, 0, 5)]
Key X: 441.0Key Y: 720.0, Value: [Vertex(-1, 2, 3)]
Key X: 788.0Key Y: 360.0, Value: [Vertex(1, -1, 3), Vertex(2, 0, 5), Vertex(1, 0, 1)]
Key X: 511.0Key Y: 600.0, Value: [Vertex(0, 2, 5), Vertex(-1, 2, 1), Vertex(-1, 1, 3)]
Key X: 649.0Key Y: 440.0, Value: [Vertex(0, 0, 2), Vertex(0, 1, 0), Vertex(1, 0, 4)]
Key X: 511.0Key Y: 680.0, Value: [Vertex(0, 2, 4), Vertex(-1, 2, 2)]
Key X: 926.0Key Y: 360.0, Value: [Vertex(2, 0, 1)]
Key X: 649.0Key Y: 600.0, Value: [Vertex(0, 1, 3), Vertex(1, 2, 5), Vertex(0, 2, 1)]
Key X: 788.0Key Y: 440.0, Value: [Vertex(1, 1, 0), Vertex(2, 0, 4), Vertex(1, 0, 2)]
Key X: 649.0Key Y: 680.0, Value: [Vertex(1, 2, 4), Vertex(0, 2, 2)]
Key X: 926.0Key Y: 440.0, Value: [Vertex(2, 0, 2)]
Key X: 788.0Key Y: 600.0, Value: [Vertex(1, 1, 3), Vertex(1, 2, 1)]
Key X: 788.0Key Y: 680.0, Value: [Vertex(1, 2, 2)]
Key X: 580.0Key Y: 80.0, Value: [Vertex(0, -2, 0)]
Key X: 719.0Key Y: 80.0, Value: [Vertex(1, -2, 0)]
Key X: 580.0Key Y: 240.0, Value: [Vertex(0, -1, 5), Vertex(0, -2, 3), Vertex(-1, -1, 1)]
Key X: 234.0Key Y: 360.0, Value: [Vertex(-2, 0, 5)]
Key X: 580.0Key Y: 320.0, Value: [Vertex(0, -1, 4), Vertex(0, 0, 0), Vertex(-1, -1, 2)]
Key X: 234.0Key Y: 440.0, Value: [Vertex(-2, 0, 4)]
Key X: 719.0Key Y: 240.0, Value: [Vertex(0, -1, 1), Vertex(1, -2, 3), Vertex(1, -1, 5)]
Key X: 857.0Key Y: 240.0, Value: [Vertex(1, -1, 1)]
Key X: 719.0Key Y: 320.0, Value: [Vertex(0, -1, 2), Vertex(1, -1, 4), Vertex(1, 0, 0)]
Key X: 580.0Key Y: 480.0, Value: [Vertex(0, 0, 3), Vertex(0, 1, 5), Vertex(-1, 1, 1)]
Key: Vertex(-2, 1, 4) -> Value: Vertex(-2, 1, 4)
Size: 114
Key: Vertex(-2, 1, 5) -> Value: Vertex(-2, 1, 5)
Size: 114
Key: Vertex(1, -1, 0) -> Value: Vertex(1, -2, 2)
Size: 114
Key: Vertex(1, -1, 1) -> Value: Vertex(1, -1, 1)
Size: 114
Key: Vertex(1, -1, 2) -> Value: Vertex(1, -1, 2)
Size: 114
Key: Vertex(1, -1, 3) -> Value: Vertex(1, -1, 3)
Size: 114
Key: Vertex(1, -1, 4) -> Value: Vertex(0, -1, 2)
Size: 114
Key: Vertex(1, -1, 5) -> Value: Vertex(0, -1, 1)
Size: 114
Key: Vertex(1, 0, 0) -> Value: Vertex(0, -1, 2)
Size: 114
Key: Vertex(1, 0, 1) -> Value: Vertex(1, -1, 3)
Size: 114
Key: Vertex(0, -2, 0) -> Value: Vertex(0, -2, 0)
Size: 114
Key: Vertex(0, -2, 1) -> Value: Vertex(0, -2, 1)
Size: 114
Key: Vertex(1, 0, 2) -> Value: Vertex(1, 1, 0)
Size: 114
Key: Vertex(1, 0, 3) -> Value: Vertex(1, 1, 5)
Size: 114
Key: Vertex(0, -2, 2) -> Value: Vertex(0, -1, 0)
Size: 114
Key: Vertex(1, 0, 4) -> Value: Vertex(0, 0, 2)
Size: 114
Key: Vertex(0, -2, 3) -> Value: Vertex(0, -1, 5)
Size: 114
Key: Vertex(0, -2, 4) -> Value: Vertex(-1, -2, 2)
Size: 114
Key: Vertex(1, 0, 5) -> Value: Vertex(0, -1, 3)
Size: 114
Key: Vertex(0, -2, 5) -> Value: Vertex(-1, -2, 1)
Size: 114
Key: Vertex(1, 1, 0) -> Value: Vertex(1, 1, 0)
Size: 114
Key: Vertex(1, 1, 1) -> Value: Vertex(1, 1, 1)
Size: 114
Key: Vertex(0, -1, 0) -> Value: Vertex(0, -1, 0)
Size: 114
Key: Vertex(1, 1, 2) -> Value: Vertex(1, 1, 2)
Size: 114
Key: Vertex(0, -1, 1) -> Value: Vertex(0, -1, 1)
Size: 114
Key: Vertex(1, 1, 3) -> Value: Vertex(1, 1, 3)
Size: 114
Key: Vertex(0, -1, 2) -> Value: Vertex(0, -1, 2)
Size: 114
Key: Vertex(1, 1, 4) -> Value: Vertex(1, 1, 4)
Size: 114
Key: Vertex(0, -1, 3) -> Value: Vertex(0, -1, 3)
Size: 114
Key: Vertex(1, 1, 5) -> Value: Vertex(1, 1, 5)
Size: 114
Key: Vertex(0, -1, 4) -> Value: Vertex(0, -1, 4)
Size: 114
Key: Vertex(0, -1, 5) -> Value: Vertex(0, -1, 5)
Size: 114
Key: Vertex(1, 2, 0) -> Value: Vertex(1, 1, 4)
Size: 114
Key: Vertex(1, 2, 1) -> Value: Vertex(1, 1, 3)
Size: 114
Key: Vertex(0, 0, 0) -> Value: Vertex(0, -1, 4)
Size: 114
Key: Vertex(-1, -2, 0) -> Value: Vertex(-1, -2, 0)
Size: 114
Key: Vertex(0, 0, 1) -> Value: Vertex(0, -1, 3)
Size: 114
Key: Vertex(1, 2, 2) -> Value: Vertex(1, 2, 2)
Size: 114
Key: Vertex(1, 2, 3) -> Value: Vertex(1, 2, 3)
Size: 114
Key: Vertex(-1, -2, 1) -> Value: Vertex(-1, -2, 1)
Size: 114
Key: Vertex(0, 0, 2) -> Value: Vertex(0, 0, 2)
Size: 114
Key: Vertex(-1, -2, 2) -> Value: Vertex(-1, -2, 2)
Size: 114
Key: Vertex(1, 2, 4) -> Value: Vertex(1, 2, 4)
Size: 114
Key: Vertex(0, 0, 3) -> Value: Vertex(0, 0, 3)
Size: 114
Key: Vertex(-1, -2, 3) -> Value: Vertex(-1, -2, 3)
Size: 114
Key: Vertex(0, 0, 4) -> Value: Vertex(0, 0, 4)
Size: 114
Key: Vertex(1, 2, 5) -> Value: Vertex(0, 1, 3)
Size: 114
Key: Vertex(-1, -2, 4) -> Value: Vertex(-1, -2, 4)
Size: 114
Key: Vertex(0, 0, 5) -> Value: Vertex(0, 0, 5)
Size: 114
Key: Vertex(-1, -2, 5) -> Value: Vertex(-1, -2, 5)
Size: 114
Key: Vertex(0, 1, 0) -> Value: Vertex(0, 0, 2)
Size: 114
Key: Vertex(0, 1, 1) -> Value: Vertex(1, 1, 5)
Size: 114
Key: Vertex(-1, -1, 0) -> Value: Vertex(-1, -2, 2)
Size: 114
Key: Vertex(0, 1, 2) -> Value: Vertex(1, 1, 4)
Size: 114
Key: Vertex(-1, -1, 1) -> Value: Vertex(0, -1, 5)
Size: 114
Key: Vertex(0, 1, 3) -> Value: Vertex(0, 1, 3)
Size: 114
Key: Vertex(-1, -1, 2) -> Value: Vertex(0, -1, 4)
Size: 114
Key: Vertex(0, 1, 4) -> Value: Vertex(0, 1, 4)
Size: 114
Key: Vertex(-1, -1, 3) -> Value: Vertex(0, 0, 5)
Size: 114
Key: Vertex(-1, -1, 4) -> Value: Vertex(-2, -1, 2)
Size: 114
Key: Vertex(0, 1, 5) -> Value: Vertex(0, 0, 3)
Size: 114
Key: Vertex(-1, -1, 5) -> Value: Vertex(-1, -2, 3)
Size: 114
Key: Vertex(0, 2, 0) -> Value: Vertex(0, 1, 4)
Size: 114
Key: Vertex(-1, 0, 0) -> Value: Vertex(-2, -1, 2)
Size: 114
Key: Vertex(0, 2, 1) -> Value: Vertex(0, 1, 3)
Size: 114
Key: Vertex(-1, 0, 1) -> Value: Vertex(0, 0, 5)
Size: 114
Key: Vertex(0, 2, 2) -> Value: Vertex(1, 2, 4)
Size: 114
Key: Vertex(0, 2, 3) -> Value: Vertex(0, 2, 3)
Size: 114
Key: Vertex(-1, 0, 2) -> Value: Vertex(0, 0, 4)
Size: 114
Key: Vertex(-1, 0, 3) -> Value: Vertex(-2, 1, 1)
Size: 114
Key: Vertex(0, 2, 4) -> Value: Vertex(0, 2, 4)
Size: 114
Key: Vertex(-1, 0, 4) -> Value: Vertex(-2, 1, 0)
Size: 114
Key: Vertex(0, 2, 5) -> Value: Vertex(0, 2, 5)
Size: 114
Key: Vertex(-1, 0, 5) -> Value: Vertex(-2, 0, 1)
Size: 114
Key: Vertex(-1, 1, 0) -> Value: Vertex(0, 0, 4)
Size: 114
Key: Vertex(-2, -1, 0) -> Value: Vertex(-1, -2, 4)
Size: 114
Key: Vertex(-1, 1, 1) -> Value: Vertex(0, 0, 3)
Size: 114
Key: Vertex(-1, 1, 2) -> Value: Vertex(0, 1, 4)
Size: 114
Key: Vertex(-2, -1, 1) -> Value: Vertex(-1, -2, 3)
Size: 114
Key: Vertex(-2, -1, 2) -> Value: Vertex(-2, -1, 2)
Size: 114
Key: Vertex(-1, 1, 3) -> Value: Vertex(0, 2, 5)
Size: 114
Key: Vertex(-2, -1, 3) -> Value: Vertex(-2, 0, 1)
Size: 114
Key: Vertex(-1, 1, 4) -> Value: Vertex(-2, 1, 2)
Size: 114
Key: Vertex(-2, -1, 4) -> Value: Vertex(-2, 0, 0)
Size: 114
Key: Vertex(-1, 1, 5) -> Value: Vertex(-2, 1, 1)
Size: 114
Key: Vertex(-2, -1, 5) -> Value: Vertex(-2, -1, 5)
Size: 114
Key: Vertex(-1, 2, 0) -> Value: Vertex(-2, 1, 2)
Size: 114
Key: Vertex(-2, 0, 0) -> Value: Vertex(-2, 0, 0)
Size: 114
Key: Vertex(-1, 2, 1) -> Value: Vertex(0, 2, 5)
Size: 114
Key: Vertex(-2, 0, 1) -> Value: Vertex(-2, 0, 1)
Size: 114
Key: Vertex(-1, 2, 2) -> Value: Vertex(0, 2, 4)
Size: 114
Key: Vertex(-2, 0, 2) -> Value: Vertex(-2, 1, 0)
Size: 114
Key: Vertex(-1, 2, 3) -> Value: Vertex(-1, 2, 3)
Size: 114
Key: Vertex(-2, 0, 3) -> Value: Vertex(-2, 1, 5)
Size: 114
Key: Vertex(-1, 2, 4) -> Value: Vertex(-1, 2, 4)
Size: 114
Key: Vertex(2, 0, 0) -> Value: Vertex(1, -1, 2)
Size: 114
Key: Vertex(-1, 2, 5) -> Value: Vertex(-2, 1, 3)
Size: 114
Key: Vertex(-2, 0, 4) -> Value: Vertex(-2, 0, 4)
Size: 114
Key: Vertex(2, 0, 1) -> Value: Vertex(2, 0, 1)
Size: 114
Key: Vertex(1, -2, 0) -> Value: Vertex(1, -2, 0)
Size: 114
Key: Vertex(-2, 0, 5) -> Value: Vertex(-2, 0, 5)
Size: 114
Key: Vertex(1, -2, 1) -> Value: Vertex(1, -2, 1)
Size: 114
Key: Vertex(2, 0, 2) -> Value: Vertex(2, 0, 2)
Size: 114
Key: Vertex(2, 0, 3) -> Value: Vertex(1, 1, 1)
Size: 114
Key: Vertex(1, -2, 2) -> Value: Vertex(1, -2, 2)
Size: 114
Key: Vertex(2, 0, 4) -> Value: Vertex(1, 1, 0)
Size: 114
Key: Vertex(1, -2, 3) -> Value: Vertex(0, -1, 1)
Size: 114
Key: Vertex(1, -2, 4) -> Value: Vertex(0, -1, 0)
Size: 114
Key: Vertex(2, 0, 5) -> Value: Vertex(1, -1, 3)
Size: 114
Key: Vertex(1, -2, 5) -> Value: Vertex(0, -2, 1)
Size: 114
Key: Vertex(-2, 1, 0) -> Value: Vertex(-2, 1, 0)
Size: 114
Key: Vertex(-2, 1, 1) -> Value: Vertex(-2, 1, 1)
Size: 114
Key: Vertex(-2, 1, 2) -> Value: Vertex(-2, 1, 2)
Size: 114
Key: Vertex(-2, 1, 3) -> Value: Vertex(-2, 1, 3)
Size: 114
Berechnete einzigartige Edges: 72
✓ Authentisches CATAN-Board initialisiert: 54 Siedlungen, 72 Straßen
]]></system-out>
  </testcase>
  <testcase name="testResourceProduction" classname="com.catan.model.CatanGameTest" time="0.009">
    <system-out><![CDATA[Vertex dir=0 q: -1 r: -2 x=441.43593539448983 roundedX=441.0 y=80.0 roundedY=80.0
Vertex dir=1 q: -1 r: -2 x=510.71796769724494 roundedX=511.0 y=120.0 roundedY=120.0
Vertex dir=2 q: -1 r: -2 x=510.71796769724494 roundedX=511.0 y=200.0 roundedY=200.0
Vertex dir=3 q: -1 r: -2 x=441.43593539448983 roundedX=441.0 y=240.0 roundedY=240.0
Vertex dir=4 q: -1 r: -2 x=372.1539030917347 roundedX=372.0 y=200.00000000000003 roundedY=200.0
Vertex dir=5 q: -1 r: -2 x=372.1539030917347 roundedX=372.0 y=120.0 roundedY=120.0
Vertex dir=0 q: 0 r: -1 x=649.282032302755 roundedX=649.0 y=200.0 roundedY=200.0
Vertex dir=1 q: 0 r: -1 x=718.5640646055101 roundedX=719.0 y=240.0 roundedY=240.0
Vertex dir=2 q: 0 r: -1 x=718.5640646055101 roundedX=719.0 y=320.0 roundedY=320.0
Vertex dir=3 q: 0 r: -1 x=649.282032302755 roundedX=649.0 y=360.0 roundedY=360.0
Vertex dir=4 q: 0 r: -1 x=580.0 roundedX=580.0 y=320.0 roundedY=320.0
Vertex dir=5 q: 0 r: -1 x=580.0 roundedX=580.0 y=240.0 roundedY=240.0
Vertex dir=0 q: 0 r: 0 x=580.0 roundedX=580.0 y=320.0 roundedY=320.0
Vertex dir=1 q: 0 r: 0 x=649.282032302755 roundedX=649.0 y=360.0 roundedY=360.0
Vertex dir=2 q: 0 r: 0 x=649.282032302755 roundedX=649.0 y=440.0 roundedY=440.0
Vertex dir=3 q: 0 r: 0 x=580.0 roundedX=580.0 y=480.0 roundedY=480.0
Vertex dir=4 q: 0 r: 0 x=510.71796769724494 roundedX=511.0 y=440.0 roundedY=440.0
Vertex dir=5 q: 0 r: 0 x=510.71796769724494 roundedX=511.0 y=360.0 roundedY=360.0
Vertex dir=0 q: 1 r: 1 x=787.8460969082653 roundedX=788.0 y=440.0 roundedY=440.0
Vertex dir=1 q: 1 r: 1 x=857.1281292110203 roundedX=857.0 y=480.0 roundedY=480.0
Vertex dir=2 q: 1 r: 1 x=857.1281292110203 roundedX=857.0 y=560.0 roundedY=560.0
Vertex dir=3 q: 1 r: 1 x=787.8460969082653 roundedX=788.0 y=600.0 roundedY=600.0
Vertex dir=4 q: 1 r: 1 x=718.5640646055102 roundedX=719.0 y=560.0 roundedY=560.0
Vertex dir=5 q: 1 r: 1 x=718.5640646055102 roundedX=719.0 y=480.0 roundedY=480.0
Vertex dir=0 q: 0 r: -2 x=580.0 roundedX=580.0 y=80.0 roundedY=80.0
Vertex dir=1 q: 0 r: -2 x=649.282032302755 roundedX=649.0 y=120.0 roundedY=120.0
Vertex dir=2 q: 0 r: -2 x=649.282032302755 roundedX=649.0 y=200.0 roundedY=200.0
Vertex dir=3 q: 0 r: -2 x=580.0 roundedX=580.0 y=240.0 roundedY=240.0
Vertex dir=4 q: 0 r: -2 x=510.71796769724494 roundedX=511.0 y=200.00000000000003 roundedY=200.0
Vertex dir=5 q: 0 r: -2 x=510.71796769724494 roundedX=511.0 y=120.0 roundedY=120.0
Vertex dir=0 q: 0 r: 1 x=649.282032302755 roundedX=649.0 y=440.0 roundedY=440.0
Vertex dir=1 q: 0 r: 1 x=718.5640646055101 roundedX=719.0 y=480.0 roundedY=480.0
Vertex dir=2 q: 0 r: 1 x=718.5640646055101 roundedX=719.0 y=560.0 roundedY=560.0
Vertex dir=3 q: 0 r: 1 x=649.282032302755 roundedX=649.0 y=600.0 roundedY=600.0
Vertex dir=4 q: 0 r: 1 x=580.0 roundedX=580.0 y=560.0 roundedY=560.0
Vertex dir=5 q: 0 r: 1 x=580.0 roundedX=580.0 y=480.0 roundedY=480.0
Vertex dir=0 q: 1 r: 2 x=718.5640646055101 roundedX=719.0 y=560.0 roundedY=560.0
Vertex dir=1 q: 1 r: 2 x=787.8460969082652 roundedX=788.0 y=600.0 roundedY=600.0
Vertex dir=2 q: 1 r: 2 x=787.8460969082652 roundedX=788.0 y=680.0 roundedY=680.0
Vertex dir=3 q: 1 r: 2 x=718.5640646055101 roundedX=719.0 y=720.0 roundedY=720.0
Vertex dir=4 q: 1 r: 2 x=649.282032302755 roundedX=649.0 y=680.0 roundedY=680.0
Vertex dir=5 q: 1 r: 2 x=649.282032302755 roundedX=649.0 y=600.0 roundedY=600.0
Vertex dir=0 q: 0 r: 2 x=580.0 roundedX=580.0 y=560.0 roundedY=560.0
Vertex dir=1 q: 0 r: 2 x=649.282032302755 roundedX=649.0 y=600.0 roundedY=600.0
Vertex dir=2 q: 0 r: 2 x=649.282032302755 roundedX=649.0 y=680.0 roundedY=680.0
Vertex dir=3 q: 0 r: 2 x=580.0 roundedX=580.0 y=720.0 roundedY=720.0
Vertex dir=4 q: 0 r: 2 x=510.71796769724494 roundedX=511.0 y=680.0 roundedY=680.0
Vertex dir=5 q: 0 r: 2 x=510.71796769724494 roundedX=511.0 y=600.0 roundedY=600.0
Vertex dir=0 q: -2 r: 1 x=372.1539030917347 roundedX=372.0 y=440.0 roundedY=440.0
Vertex dir=1 q: -2 r: 1 x=441.4359353944898 roundedX=441.0 y=480.0 roundedY=480.0
Vertex dir=2 q: -2 r: 1 x=441.43593539448983 roundedX=441.0 y=560.0 roundedY=560.0
Vertex dir=3 q: -2 r: 1 x=372.1539030917347 roundedX=372.0 y=600.0 roundedY=600.0
Vertex dir=4 q: -2 r: 1 x=302.87187078897966 roundedX=303.0 y=560.0 roundedY=560.0
Vertex dir=5 q: -2 r: 1 x=302.87187078897966 roundedX=303.0 y=480.0 roundedY=480.0
Vertex dir=0 q: -1 r: 2 x=441.43593539448983 roundedX=441.0 y=560.0 roundedY=560.0
Vertex dir=1 q: -1 r: 2 x=510.71796769724494 roundedX=511.0 y=600.0 roundedY=600.0
Vertex dir=2 q: -1 r: 2 x=510.71796769724494 roundedX=511.0 y=680.0 roundedY=680.0
Vertex dir=3 q: -1 r: 2 x=441.43593539448983 roundedX=441.0 y=720.0 roundedY=720.0
Vertex dir=4 q: -1 r: 2 x=372.1539030917347 roundedX=372.0 y=680.0 roundedY=680.0
Vertex dir=5 q: -1 r: 2 x=372.1539030917347 roundedX=372.0 y=600.0 roundedY=600.0
Vertex dir=0 q: 1 r: -2 x=718.5640646055101 roundedX=719.0 y=80.0 roundedY=80.0
Vertex dir=1 q: 1 r: -2 x=787.8460969082652 roundedX=788.0 y=120.0 roundedY=120.0
Vertex dir=2 q: 1 r: -2 x=787.8460969082652 roundedX=788.0 y=200.0 roundedY=200.0
Vertex dir=3 q: 1 r: -2 x=718.5640646055101 roundedX=719.0 y=240.0 roundedY=240.0
Vertex dir=4 q: 1 r: -2 x=649.282032302755 roundedX=649.0 y=200.00000000000003 roundedY=200.0
Vertex dir=5 q: 1 r: -2 x=649.282032302755 roundedX=649.0 y=120.0 roundedY=120.0
Vertex dir=0 q: -2 r: 0 x=302.87187078897966 roundedX=303.0 y=320.0 roundedY=320.0
Vertex dir=1 q: -2 r: 0 x=372.1539030917347 roundedX=372.0 y=360.0 roundedY=360.0
Vertex dir=2 q: -2 r: 0 x=372.1539030917348 roundedX=372.0 y=440.0 roundedY=440.0
Vertex dir=3 q: -2 r: 0 x=302.87187078897966 roundedX=303.0 y=480.0 roundedY=480.0
Vertex dir=4 q: -2 r: 0 x=233.58983848622458 roundedX=234.0 y=440.0 roundedY=440.0
Vertex dir=5 q: -2 r: 0 x=233.58983848622458 roundedX=234.0 y=360.0 roundedY=360.0
Vertex dir=0 q: -1 r: 1 x=510.71796769724494 roundedX=511.0 y=440.0 roundedY=440.0
Vertex dir=1 q: -1 r: 1 x=580.0 roundedX=580.0 y=480.0 roundedY=480.0
Vertex dir=2 q: -1 r: 1 x=580.0 roundedX=580.0 y=560.0 roundedY=560.0
Vertex dir=3 q: -1 r: 1 x=510.71796769724494 roundedX=511.0 y=600.0 roundedY=600.0
Vertex dir=4 q: -1 r: 1 x=441.4359353944899 roundedX=441.0 y=560.0 roundedY=560.0
Vertex dir=5 q: -1 r: 1 x=441.4359353944899 roundedX=441.0 y=480.0 roundedY=480.0
Vertex dir=0 q: -2 r: -1 x=372.1539030917347 roundedX=372.0 y=200.0 roundedY=200.0
Vertex dir=1 q: -2 r: -1 x=441.4359353944898 roundedX=441.0 y=240.0 roundedY=240.0
Vertex dir=2 q: -2 r: -1 x=441.43593539448983 roundedX=441.0 y=320.0 roundedY=320.0
Vertex dir=3 q: -2 r: -1 x=372.1539030917347 roundedX=372.0 y=360.0 roundedY=360.0
Vertex dir=4 q: -2 r: -1 x=302.87187078897966 roundedX=303.0 y=320.0 roundedY=320.0
Vertex dir=5 q: -2 r: -1 x=302.87187078897966 roundedX=303.0 y=240.0 roundedY=240.0
Vertex dir=0 q: 1 r: -1 x=787.8460969082653 roundedX=788.0 y=200.0 roundedY=200.0
Vertex dir=1 q: 1 r: -1 x=857.1281292110203 roundedX=857.0 y=240.0 roundedY=240.0
Vertex dir=2 q: 1 r: -1 x=857.1281292110203 roundedX=857.0 y=320.0 roundedY=320.0
Vertex dir=3 q: 1 r: -1 x=787.8460969082653 roundedX=788.0 y=360.0 roundedY=360.0
Vertex dir=4 q: 1 r: -1 x=718.5640646055102 roundedX=719.0 y=320.0 roundedY=320.0
Vertex dir=5 q: 1 r: -1 x=718.5640646055102 roundedX=719.0 y=240.0 roundedY=240.0
Vertex dir=0 q: -1 r: 0 x=441.43593539448983 roundedX=441.0 y=320.0 roundedY=320.0
Vertex dir=1 q: -1 r: 0 x=510.71796769724494 roundedX=511.0 y=360.0 roundedY=360.0
Vertex dir=2 q: -1 r: 0 x=510.71796769724494 roundedX=511.0 y=440.0 roundedY=440.0
Vertex dir=3 q: -1 r: 0 x=441.43593539448983 roundedX=441.0 y=480.0 roundedY=480.0
Vertex dir=4 q: -1 r: 0 x=372.1539030917347 roundedX=372.0 y=440.0 roundedY=440.0
Vertex dir=5 q: -1 r: 0 x=372.1539030917347 roundedX=372.0 y=360.0 roundedY=360.0
Vertex dir=0 q: 2 r: 0 x=857.1281292110203 roundedX=857.0 y=320.0 roundedY=320.0
Vertex dir=1 q: 2 r: 0 x=926.4101615137754 roundedX=926.0 y=360.0 roundedY=360.0
Vertex dir=2 q: 2 r: 0 x=926.4101615137754 roundedX=926.0 y=440.0 roundedY=440.0
Vertex dir=3 q: 2 r: 0 x=857.1281292110203 roundedX=857.0 y=480.0 roundedY=480.0
Vertex dir=4 q: 2 r: 0 x=787.8460969082653 roundedX=788.0 y=440.0 roundedY=440.0
Vertex dir=5 q: 2 r: 0 x=787.8460969082653 roundedX=788.0 y=360.0 roundedY=360.0
Vertex dir=0 q: -1 r: -1 x=510.71796769724494 roundedX=511.0 y=200.0 roundedY=200.0
Vertex dir=1 q: -1 r: -1 x=580.0 roundedX=580.0 y=240.0 roundedY=240.0
Vertex dir=2 q: -1 r: -1 x=580.0 roundedX=580.0 y=320.0 roundedY=320.0
Vertex dir=3 q: -1 r: -1 x=510.71796769724494 roundedX=511.0 y=360.0 roundedY=360.0
Vertex dir=4 q: -1 r: -1 x=441.4359353944899 roundedX=441.0 y=320.0 roundedY=320.0
Vertex dir=5 q: -1 r: -1 x=441.4359353944899 roundedX=441.0 y=240.0 roundedY=240.0
Vertex dir=0 q: 1 r: 0 x=718.5640646055101 roundedX=719.0 y=320.0 roundedY=320.0
Vertex dir=1 q: 1 r: 0 x=787.8460969082652 roundedX=788.0 y=360.0 roundedY=360.0
Vertex dir=2 q: 1 r: 0 x=787.8460969082652 roundedX=788.0 y=440.0 roundedY=440.0
Vertex dir=3 q: 1 r: 0 x=718.5640646055101 roundedX=719.0 y=480.0 roundedY=480.0
Vertex dir=4 q: 1 r: 0 x=649.282032302755 roundedX=649.0 y=440.0 roundedY=440.0
Vertex dir=5 q: 1 r: 0 x=649.282032302755 roundedX=649.0 y=360.0 roundedY=360.0
Key X: 580.0Key Y: 560.0, Value: [Vertex(0, 1, 4), Vertex(0, 2, 0), Vertex(-1, 1, 2)]
Key X: 857.0Key Y: 320.0, Value: [Vertex(1, -1, 2), Vertex(2, 0, 0)]
Key X: 719.0Key Y: 480.0, Value: [Vertex(1, 1, 5), Vertex(0, 1, 1), Vertex(1, 0, 3)]
Key X: 580.0Key Y: 720.0, Value: [Vertex(0, 2, 3)]
Key X: 719.0Key Y: 560.0, Value: [Vertex(1, 1, 4), Vertex(0, 1, 2), Vertex(1, 2, 0)]
Key X: 441.0Key Y: 80.0, Value: [Vertex(-1, -2, 0)]
Key X: 857.0Key Y: 480.0, Value: [Vertex(1, 1, 1), Vertex(2, 0, 3)]
Key X: 719.0Key Y: 720.0, Value: [Vertex(1, 2, 3)]
Key X: 857.0Key Y: 560.0, Value: [Vertex(1, 1, 2)]
Key X: 372.0Key Y: 120.0, Value: [Vertex(-1, -2, 5)]
Key X: 303.0Key Y: 240.0, Value: [Vertex(-2, -1, 5)]
Key X: 372.0Key Y: 200.0, Value: [Vertex(-1, -2, 4), Vertex(-2, -1, 0)]
Key X: 511.0Key Y: 120.0, Value: [Vertex(-1, -2, 1), Vertex(0, -2, 5)]
Key X: 303.0Key Y: 320.0, Value: [Vertex(-2, 0, 0), Vertex(-2, -1, 4)]
Key X: 649.0Key Y: 120.0, Value: [Vertex(0, -2, 1), Vertex(1, -2, 5)]
Key X: 441.0Key Y: 240.0, Value: [Vertex(-1, -2, 3), Vertex(-2, -1, 1), Vertex(-1, -1, 5)]
Key X: 372.0Key Y: 360.0, Value: [Vertex(-2, 0, 1), Vertex(-2, -1, 3), Vertex(-1, 0, 5)]
Key X: 511.0Key Y: 200.0, Value: [Vertex(-1, -2, 2), Vertex(0, -2, 4), Vertex(-1, -1, 0)]
Key X: 788.0Key Y: 120.0, Value: [Vertex(1, -2, 1)]
Key X: 303.0Key Y: 480.0, Value: [Vertex(-2, 1, 5), Vertex(-2, 0, 3)]
Key X: 441.0Key Y: 320.0, Value: [Vertex(-2, -1, 2), Vertex(-1, 0, 0), Vertex(-1, -1, 4)]
Key X: 649.0Key Y: 200.0, Value: [Vertex(0, -1, 0), Vertex(0, -2, 2), Vertex(1, -2, 4)]
Key X: 303.0Key Y: 560.0, Value: [Vertex(-2, 1, 4)]
Key X: 372.0Key Y: 440.0, Value: [Vertex(-2, 1, 0), Vertex(-2, 0, 2), Vertex(-1, 0, 4)]
Key X: 372.0Key Y: 600.0, Value: [Vertex(-2, 1, 3), Vertex(-1, 2, 5)]
Key X: 788.0Key Y: 200.0, Value: [Vertex(1, -2, 2), Vertex(1, -1, 0)]
Key X: 441.0Key Y: 480.0, Value: [Vertex(-2, 1, 1), Vertex(-1, 1, 5), Vertex(-1, 0, 3)]
Key X: 511.0Key Y: 360.0, Value: [Vertex(0, 0, 5), Vertex(-1, 0, 1), Vertex(-1, -1, 3)]
Key X: 441.0Key Y: 560.0, Value: [Vertex(-2, 1, 2), Vertex(-1, 2, 0), Vertex(-1, 1, 4)]
Key X: 372.0Key Y: 680.0, Value: [Vertex(-1, 2, 4)]
Key X: 511.0Key Y: 440.0, Value: [Vertex(0, 0, 4), Vertex(-1, 1, 0), Vertex(-1, 0, 2)]
Key X: 649.0Key Y: 360.0, Value: [Vertex(0, -1, 3), Vertex(0, 0, 1), Vertex(1, 0, 5)]
Key X: 441.0Key Y: 720.0, Value: [Vertex(-1, 2, 3)]
Key X: 788.0Key Y: 360.0, Value: [Vertex(1, -1, 3), Vertex(2, 0, 5), Vertex(1, 0, 1)]
Key X: 511.0Key Y: 600.0, Value: [Vertex(0, 2, 5), Vertex(-1, 2, 1), Vertex(-1, 1, 3)]
Key X: 649.0Key Y: 440.0, Value: [Vertex(0, 0, 2), Vertex(0, 1, 0), Vertex(1, 0, 4)]
Key X: 511.0Key Y: 680.0, Value: [Vertex(0, 2, 4), Vertex(-1, 2, 2)]
Key X: 926.0Key Y: 360.0, Value: [Vertex(2, 0, 1)]
Key X: 649.0Key Y: 600.0, Value: [Vertex(0, 1, 3), Vertex(1, 2, 5), Vertex(0, 2, 1)]
Key X: 788.0Key Y: 440.0, Value: [Vertex(1, 1, 0), Vertex(2, 0, 4), Vertex(1, 0, 2)]
Key X: 649.0Key Y: 680.0, Value: [Vertex(1, 2, 4), Vertex(0, 2, 2)]
Key X: 926.0Key Y: 440.0, Value: [Vertex(2, 0, 2)]
Key X: 788.0Key Y: 600.0, Value: [Vertex(1, 1, 3), Vertex(1, 2, 1)]
Key X: 788.0Key Y: 680.0, Value: [Vertex(1, 2, 2)]
Key X: 580.0Key Y: 80.0, Value: [Vertex(0, -2, 0)]
Key X: 719.0Key Y: 80.0, Value: [Vertex(1, -2, 0)]
Key X: 580.0Key Y: 240.0, Value: [Vertex(0, -1, 5), Vertex(0, -2, 3), Vertex(-1, -1, 1)]
Key X: 234.0Key Y: 360.0, Value: [Vertex(-2, 0, 5)]
Key X: 580.0Key Y: 320.0, Value: [Vertex(0, -1, 4), Vertex(0, 0, 0), Vertex(-1, -1, 2)]
Key X: 234.0Key Y: 440.0, Value: [Vertex(-2, 0, 4)]
Key X: 719.0Key Y: 240.0, Value: [Vertex(0, -1, 1), Vertex(1, -2, 3), Vertex(1, -1, 5)]
Key X: 857.0Key Y: 240.0, Value: [Vertex(1, -1, 1)]
Key X: 719.0Key Y: 320.0, Value: [Vertex(0, -1, 2), Vertex(1, -1, 4), Vertex(1, 0, 0)]
Key X: 580.0Key Y: 480.0, Value: [Vertex(0, 0, 3), Vertex(0, 1, 5), Vertex(-1, 1, 1)]
Key: Vertex(-2, 1, 4) -> Value: Vertex(-2, 1, 4)
Size: 114
Key: Vertex(-2, 1, 5) -> Value: Vertex(-2, 1, 5)
Size: 114
Key: Vertex(1, -1, 0) -> Value: Vertex(1, -2, 2)
Size: 114
Key: Vertex(1, -1, 1) -> Value: Vertex(1, -1, 1)
Size: 114
Key: Vertex(1, -1, 2) -> Value: Vertex(1, -1, 2)
Size: 114
Key: Vertex(1, -1, 3) -> Value: Vertex(1, -1, 3)
Size: 114
Key: Vertex(1, -1, 4) -> Value: Vertex(0, -1, 2)
Size: 114
Key: Vertex(1, -1, 5) -> Value: Vertex(0, -1, 1)
Size: 114
Key: Vertex(1, 0, 0) -> Value: Vertex(0, -1, 2)
Size: 114
Key: Vertex(1, 0, 1) -> Value: Vertex(1, -1, 3)
Size: 114
Key: Vertex(0, -2, 0) -> Value: Vertex(0, -2, 0)
Size: 114
Key: Vertex(0, -2, 1) -> Value: Vertex(0, -2, 1)
Size: 114
Key: Vertex(1, 0, 2) -> Value: Vertex(1, 1, 0)
Size: 114
Key: Vertex(1, 0, 3) -> Value: Vertex(1, 1, 5)
Size: 114
Key: Vertex(0, -2, 2) -> Value: Vertex(0, -1, 0)
Size: 114
Key: Vertex(1, 0, 4) -> Value: Vertex(0, 0, 2)
Size: 114
Key: Vertex(0, -2, 3) -> Value: Vertex(0, -1, 5)
Size: 114
Key: Vertex(0, -2, 4) -> Value: Vertex(-1, -2, 2)
Size: 114
Key: Vertex(1, 0, 5) -> Value: Vertex(0, -1, 3)
Size: 114
Key: Vertex(0, -2, 5) -> Value: Vertex(-1, -2, 1)
Size: 114
Key: Vertex(1, 1, 0) -> Value: Vertex(1, 1, 0)
Size: 114
Key: Vertex(1, 1, 1) -> Value: Vertex(1, 1, 1)
Size: 114
Key: Vertex(0, -1, 0) -> Value: Vertex(0, -1, 0)
Size: 114
Key: Vertex(1, 1, 2) -> Value: Vertex(1, 1, 2)
Size: 114
Key: Vertex(0, -1, 1) -> Value: Vertex(0, -1, 1)
Size: 114
Key: Vertex(1, 1, 3) -> Value: Vertex(1, 1, 3)
Size: 114
Key: Vertex(0, -1, 2) -> Value: Vertex(0, -1, 2)
Size: 114
Key: Vertex(1, 1, 4) -> Value: Vertex(1, 1, 4)
Size: 114
Key: Vertex(0, -1, 3) -> Value: Vertex(0, -1, 3)
Size: 114
Key: Vertex(1, 1, 5) -> Value: Vertex(1, 1, 5)
Size: 114
Key: Vertex(0, -1, 4) -> Value: Vertex(0, -1, 4)
Size: 114
Key: Vertex(0, -1, 5) -> Value: Vertex(0, -1, 5)
Size: 114
Key: Vertex(1, 2, 0) -> Value: Vertex(1, 1, 4)
Size: 114
Key: Vertex(1, 2, 1) -> Value: Vertex(1, 1, 3)
Size: 114
Key: Vertex(0, 0, 0) -> Value: Vertex(0, -1, 4)
Size: 114
Key: Vertex(-1, -2, 0) -> Value: Vertex(-1, -2, 0)
Size: 114
Key: Vertex(0, 0, 1) -> Value: Vertex(0, -1, 3)
Size: 114
Key: Vertex(1, 2, 2) -> Value: Vertex(1, 2, 2)
Size: 114
Key: Vertex(1, 2, 3) -> Value: Vertex(1, 2, 3)
Size: 114
Key: Vertex(-1, -2, 1) -> Value: Vertex(-1, -2, 1)
Size: 114
Key: Vertex(0, 0, 2) -> Value: Vertex(0, 0, 2)
Size: 114
Key: Vertex(-1, -2, 2) -> Value: Vertex(-1, -2, 2)
Size: 114
Key: Vertex(1, 2, 4) -> Value: Vertex(1, 2, 4)
Size: 114
Key: Vertex(0, 0, 3) -> Value: Vertex(0, 0, 3)
Size: 114
Key: Vertex(-1, -2, 3) -> Value: Vertex(-1, -2, 3)
Size: 114
Key: Vertex(0, 0, 4) -> Value: Vertex(0, 0, 4)
Size: 114
Key: Vertex(1, 2, 5) -> Value: Vertex(0, 1, 3)
Size: 114
Key: Vertex(-1, -2, 4) -> Value: Vertex(-1, -2, 4)
Size: 114
Key: Vertex(0, 0, 5) -> Value: Vertex(0, 0, 5)
Size: 114
Key: Vertex(-1, -2, 5) -> Value: Vertex(-1, -2, 5)
Size: 114
Key: Vertex(0, 1, 0) -> Value: Vertex(0, 0, 2)
Size: 114
Key: Vertex(0, 1, 1) -> Value: Vertex(1, 1, 5)
Size: 114
Key: Vertex(-1, -1, 0) -> Value: Vertex(-1, -2, 2)
Size: 114
Key: Vertex(0, 1, 2) -> Value: Vertex(1, 1, 4)
Size: 114
Key: Vertex(-1, -1, 1) -> Value: Vertex(0, -1, 5)
Size: 114
Key: Vertex(0, 1, 3) -> Value: Vertex(0, 1, 3)
Size: 114
Key: Vertex(-1, -1, 2) -> Value: Vertex(0, -1, 4)
Size: 114
Key: Vertex(0, 1, 4) -> Value: Vertex(0, 1, 4)
Size: 114
Key: Vertex(-1, -1, 3) -> Value: Vertex(0, 0, 5)
Size: 114
Key: Vertex(-1, -1, 4) -> Value: Vertex(-2, -1, 2)
Size: 114
Key: Vertex(0, 1, 5) -> Value: Vertex(0, 0, 3)
Size: 114
Key: Vertex(-1, -1, 5) -> Value: Vertex(-1, -2, 3)
Size: 114
Key: Vertex(0, 2, 0) -> Value: Vertex(0, 1, 4)
Size: 114
Key: Vertex(-1, 0, 0) -> Value: Vertex(-2, -1, 2)
Size: 114
Key: Vertex(0, 2, 1) -> Value: Vertex(0, 1, 3)
Size: 114
Key: Vertex(-1, 0, 1) -> Value: Vertex(0, 0, 5)
Size: 114
Key: Vertex(0, 2, 2) -> Value: Vertex(1, 2, 4)
Size: 114
Key: Vertex(0, 2, 3) -> Value: Vertex(0, 2, 3)
Size: 114
Key: Vertex(-1, 0, 2) -> Value: Vertex(0, 0, 4)
Size: 114
Key: Vertex(-1, 0, 3) -> Value: Vertex(-2, 1, 1)
Size: 114
Key: Vertex(0, 2, 4) -> Value: Vertex(0, 2, 4)
Size: 114
Key: Vertex(-1, 0, 4) -> Value: Vertex(-2, 1, 0)
Size: 114
Key: Vertex(0, 2, 5) -> Value: Vertex(0, 2, 5)
Size: 114
Key: Vertex(-1, 0, 5) -> Value: Vertex(-2, 0, 1)
Size: 114
Key: Vertex(-1, 1, 0) -> Value: Vertex(0, 0, 4)
Size: 114
Key: Vertex(-2, -1, 0) -> Value: Vertex(-1, -2, 4)
Size: 114
Key: Vertex(-1, 1, 1) -> Value: Vertex(0, 0, 3)
Size: 114
Key: Vertex(-1, 1, 2) -> Value: Vertex(0, 1, 4)
Size: 114
Key: Vertex(-2, -1, 1) -> Value: Vertex(-1, -2, 3)
Size: 114
Key: Vertex(-2, -1, 2) -> Value: Vertex(-2, -1, 2)
Size: 114
Key: Vertex(-1, 1, 3) -> Value: Vertex(0, 2, 5)
Size: 114
Key: Vertex(-2, -1, 3) -> Value: Vertex(-2, 0, 1)
Size: 114
Key: Vertex(-1, 1, 4) -> Value: Vertex(-2, 1, 2)
Size: 114
Key: Vertex(-2, -1, 4) -> Value: Vertex(-2, 0, 0)
Size: 114
Key: Vertex(-1, 1, 5) -> Value: Vertex(-2, 1, 1)
Size: 114
Key: Vertex(-2, -1, 5) -> Value: Vertex(-2, -1, 5)
Size: 114
Key: Vertex(-1, 2, 0) -> Value: Vertex(-2, 1, 2)
Size: 114
Key: Vertex(-2, 0, 0) -> Value: Vertex(-2, 0, 0)
Size: 114
Key: Vertex(-1, 2, 1) -> Value: Vertex(0, 2, 5)
Size: 114
Key: Vertex(-2, 0, 1) -> Value: Vertex(-2, 0, 1)
Size: 114
Key: Vertex(-1, 2, 2) -> Value: Vertex(0, 2, 4)
Size: 114
Key: Vertex(-2, 0, 2) -> Value: Vertex(-2, 1, 0)
Size: 114
Key: Vertex(-1, 2, 3) -> Value: Vertex(-1, 2, 3)
Size: 114
Key: Vertex(-2, 0, 3) -> Value: Vertex(-2, 1, 5)
Size: 114
Key: Vertex(-1, 2, 4) -> Value: Vertex(-1, 2, 4)
Size: 114
Key: Vertex(2, 0, 0) -> Value: Vertex(1, -1, 2)
Size: 114
Key: Vertex(-1, 2, 5) -> Value: Vertex(-2, 1, 3)
Size: 114
Key: Vertex(-2, 0, 4) -> Value: Vertex(-2, 0, 4)
Size: 114
Key: Vertex(2, 0, 1) -> Value: Vertex(2, 0, 1)
Size: 114
Key: Vertex(1, -2, 0) -> Value: Vertex(1, -2, 0)
Size: 114
Key: Vertex(-2, 0, 5) -> Value: Vertex(-2, 0, 5)
Size: 114
Key: Vertex(1, -2, 1) -> Value: Vertex(1, -2, 1)
Size: 114
Key: Vertex(2, 0, 2) -> Value: Vertex(2, 0, 2)
Size: 114
Key: Vertex(2, 0, 3) -> Value: Vertex(1, 1, 1)
Size: 114
Key: Vertex(1, -2, 2) -> Value: Vertex(1, -2, 2)
Size: 114
Key: Vertex(2, 0, 4) -> Value: Vertex(1, 1, 0)
Size: 114
Key: Vertex(1, -2, 3) -> Value: Vertex(0, -1, 1)
Size: 114
Key: Vertex(1, -2, 4) -> Value: Vertex(0, -1, 0)
Size: 114
Key: Vertex(2, 0, 5) -> Value: Vertex(1, -1, 3)
Size: 114
Key: Vertex(1, -2, 5) -> Value: Vertex(0, -2, 1)
Size: 114
Key: Vertex(-2, 1, 0) -> Value: Vertex(-2, 1, 0)
Size: 114
Key: Vertex(-2, 1, 1) -> Value: Vertex(-2, 1, 1)
Size: 114
Key: Vertex(-2, 1, 2) -> Value: Vertex(-2, 1, 2)
Size: 114
Key: Vertex(-2, 1, 3) -> Value: Vertex(-2, 1, 3)
Size: 114
Vertex dir=0 q: -1 r: -2 x=441.43593539448983 roundedX=441.0 y=80.0 roundedY=80.0
Vertex dir=1 q: -1 r: -2 x=510.71796769724494 roundedX=511.0 y=120.0 roundedY=120.0
Vertex dir=2 q: -1 r: -2 x=510.71796769724494 roundedX=511.0 y=200.0 roundedY=200.0
Vertex dir=3 q: -1 r: -2 x=441.43593539448983 roundedX=441.0 y=240.0 roundedY=240.0
Vertex dir=4 q: -1 r: -2 x=372.1539030917347 roundedX=372.0 y=200.00000000000003 roundedY=200.0
Vertex dir=5 q: -1 r: -2 x=372.1539030917347 roundedX=372.0 y=120.0 roundedY=120.0
Vertex dir=0 q: 0 r: -1 x=649.282032302755 roundedX=649.0 y=200.0 roundedY=200.0
Vertex dir=1 q: 0 r: -1 x=718.5640646055101 roundedX=719.0 y=240.0 roundedY=240.0
Vertex dir=2 q: 0 r: -1 x=718.5640646055101 roundedX=719.0 y=320.0 roundedY=320.0
Vertex dir=3 q: 0 r: -1 x=649.282032302755 roundedX=649.0 y=360.0 roundedY=360.0
Vertex dir=4 q: 0 r: -1 x=580.0 roundedX=580.0 y=320.0 roundedY=320.0
Vertex dir=5 q: 0 r: -1 x=580.0 roundedX=580.0 y=240.0 roundedY=240.0
Vertex dir=0 q: 0 r: 0 x=580.0 roundedX=580.0 y=320.0 roundedY=320.0
Vertex dir=1 q: 0 r: 0 x=649.282032302755 roundedX=649.0 y=360.0 roundedY=360.0
Vertex dir=2 q: 0 r: 0 x=649.282032302755 roundedX=649.0 y=440.0 roundedY=440.0
Vertex dir=3 q: 0 r: 0 x=580.0 roundedX=580.0 y=480.0 roundedY=480.0
Vertex dir=4 q: 0 r: 0 x=510.71796769724494 roundedX=511.0 y=440.0 roundedY=440.0
Vertex dir=5 q: 0 r: 0 x=510.71796769724494 roundedX=511.0 y=360.0 roundedY=360.0
Vertex dir=0 q: 1 r: 1 x=787.8460969082653 roundedX=788.0 y=440.0 roundedY=440.0
Vertex dir=1 q: 1 r: 1 x=857.1281292110203 roundedX=857.0 y=480.0 roundedY=480.0
Vertex dir=2 q: 1 r: 1 x=857.1281292110203 roundedX=857.0 y=560.0 roundedY=560.0
Vertex dir=3 q: 1 r: 1 x=787.8460969082653 roundedX=788.0 y=600.0 roundedY=600.0
Vertex dir=4 q: 1 r: 1 x=718.5640646055102 roundedX=719.0 y=560.0 roundedY=560.0
Vertex dir=5 q: 1 r: 1 x=718.5640646055102 roundedX=719.0 y=480.0 roundedY=480.0
Vertex dir=0 q: 0 r: -2 x=580.0 roundedX=580.0 y=80.0 roundedY=80.0
Vertex dir=1 q: 0 r: -2 x=649.282032302755 roundedX=649.0 y=120.0 roundedY=120.0
Vertex dir=2 q: 0 r: -2 x=649.282032302755 roundedX=649.0 y=200.0 roundedY=200.0
Vertex dir=3 q: 0 r: -2 x=580.0 roundedX=580.0 y=240.0 roundedY=240.0
Vertex dir=4 q: 0 r: -2 x=510.71796769724494 roundedX=511.0 y=200.00000000000003 roundedY=200.0
Vertex dir=5 q: 0 r: -2 x=510.71796769724494 roundedX=511.0 y=120.0 roundedY=120.0
Vertex dir=0 q: 0 r: 1 x=649.282032302755 roundedX=649.0 y=440.0 roundedY=440.0
Vertex dir=1 q: 0 r: 1 x=718.5640646055101 roundedX=719.0 y=480.0 roundedY=480.0
Vertex dir=2 q: 0 r: 1 x=718.5640646055101 roundedX=719.0 y=560.0 roundedY=560.0
Vertex dir=3 q: 0 r: 1 x=649.282032302755 roundedX=649.0 y=600.0 roundedY=600.0
Vertex dir=4 q: 0 r: 1 x=580.0 roundedX=580.0 y=560.0 roundedY=560.0
Vertex dir=5 q: 0 r: 1 x=580.0 roundedX=580.0 y=480.0 roundedY=480.0
Vertex dir=0 q: 1 r: 2 x=718.5640646055101 roundedX=719.0 y=560.0 roundedY=560.0
Vertex dir=1 q: 1 r: 2 x=787.8460969082652 roundedX=788.0 y=600.0 roundedY=600.0
Vertex dir=2 q: 1 r: 2 x=787.8460969082652 roundedX=788.0 y=680.0 roundedY=680.0
Vertex dir=3 q: 1 r: 2 x=718.5640646055101 roundedX=719.0 y=720.0 roundedY=720.0
Vertex dir=4 q: 1 r: 2 x=649.282032302755 roundedX=649.0 y=680.0 roundedY=680.0
Vertex dir=5 q: 1 r: 2 x=649.282032302755 roundedX=649.0 y=600.0 roundedY=600.0
Vertex dir=0 q: 0 r: 2 x=580.0 roundedX=580.0 y=560.0 roundedY=560.0
Vertex dir=1 q: 0 r: 2 x=649.282032302755 roundedX=649.0 y=600.0 roundedY=600.0
Vertex dir=2 q: 0 r: 2 x=649.282032302755 roundedX=649.0 y=680.0 roundedY=680.0
Vertex dir=3 q: 0 r: 2 x=580.0 roundedX=580.0 y=720.0 roundedY=720.0
Vertex dir=4 q: 0 r: 2 x=510.71796769724494 roundedX=511.0 y=680.0 roundedY=680.0
Vertex dir=5 q: 0 r: 2 x=510.71796769724494 roundedX=511.0 y=600.0 roundedY=600.0
Vertex dir=0 q: -2 r: 1 x=372.1539030917347 roundedX=372.0 y=440.0 roundedY=440.0
Vertex dir=1 q: -2 r: 1 x=441.4359353944898 roundedX=441.0 y=480.0 roundedY=480.0
Vertex dir=2 q: -2 r: 1 x=441.43593539448983 roundedX=441.0 y=560.0 roundedY=560.0
Vertex dir=3 q: -2 r: 1 x=372.1539030917347 roundedX=372.0 y=600.0 roundedY=600.0
Vertex dir=4 q: -2 r: 1 x=302.87187078897966 roundedX=303.0 y=560.0 roundedY=560.0
Vertex dir=5 q: -2 r: 1 x=302.87187078897966 roundedX=303.0 y=480.0 roundedY=480.0
Vertex dir=0 q: -1 r: 2 x=441.43593539448983 roundedX=441.0 y=560.0 roundedY=560.0
Vertex dir=1 q: -1 r: 2 x=510.71796769724494 roundedX=511.0 y=600.0 roundedY=600.0
Vertex dir=2 q: -1 r: 2 x=510.71796769724494 roundedX=511.0 y=680.0 roundedY=680.0
Vertex dir=3 q: -1 r: 2 x=441.43593539448983 roundedX=441.0 y=720.0 roundedY=720.0
Vertex dir=4 q: -1 r: 2 x=372.1539030917347 roundedX=372.0 y=680.0 roundedY=680.0
Vertex dir=5 q: -1 r: 2 x=372.1539030917347 roundedX=372.0 y=600.0 roundedY=600.0
Vertex dir=0 q: 1 r: -2 x=718.5640646055101 roundedX=719.0 y=80.0 roundedY=80.0
Vertex dir=1 q: 1 r: -2 x=787.8460969082652 roundedX=788.0 y=120.0 roundedY=120.0
Vertex dir=2 q: 1 r: -2 x=787.8460969082652 roundedX=788.0 y=200.0 roundedY=200.0
Vertex dir=3 q: 1 r: -2 x=718.5640646055101 roundedX=719.0 y=240.0 roundedY=240.0
Vertex dir=4 q: 1 r: -2 x=649.282032302755 roundedX=649.0 y=200.00000000000003 roundedY=200.0
Vertex dir=5 q: 1 r: -2 x=649.282032302755 roundedX=649.0 y=120.0 roundedY=120.0
Vertex dir=0 q: -2 r: 0 x=302.87187078897966 roundedX=303.0 y=320.0 roundedY=320.0
Vertex dir=1 q: -2 r: 0 x=372.1539030917347 roundedX=372.0 y=360.0 roundedY=360.0
Vertex dir=2 q: -2 r: 0 x=372.1539030917348 roundedX=372.0 y=440.0 roundedY=440.0
Vertex dir=3 q: -2 r: 0 x=302.87187078897966 roundedX=303.0 y=480.0 roundedY=480.0
Vertex dir=4 q: -2 r: 0 x=233.58983848622458 roundedX=234.0 y=440.0 roundedY=440.0
Vertex dir=5 q: -2 r: 0 x=233.58983848622458 roundedX=234.0 y=360.0 roundedY=360.0
Vertex dir=0 q: -1 r: 1 x=510.71796769724494 roundedX=511.0 y=440.0 roundedY=440.0
Vertex dir=1 q: -1 r: 1 x=580.0 roundedX=580.0 y=480.0 roundedY=480.0
Vertex dir=2 q: -1 r: 1 x=580.0 roundedX=580.0 y=560.0 roundedY=560.0
Vertex dir=3 q: -1 r: 1 x=510.71796769724494 roundedX=511.0 y=600.0 roundedY=600.0
Vertex dir=4 q: -1 r: 1 x=441.4359353944899 roundedX=441.0 y=560.0 roundedY=560.0
Vertex dir=5 q: -1 r: 1 x=441.4359353944899 roundedX=441.0 y=480.0 roundedY=480.0
Vertex dir=0 q: -2 r: -1 x=372.1539030917347 roundedX=372.0 y=200.0 roundedY=200.0
Vertex dir=1 q: -2 r: -1 x=441.4359353944898 roundedX=441.0 y=240.0 roundedY=240.0
Vertex dir=2 q: -2 r: -1 x=441.43593539448983 roundedX=441.0 y=320.0 roundedY=320.0
Vertex dir=3 q: -2 r: -1 x=372.1539030917347 roundedX=372.0 y=360.0 roundedY=360.0
Vertex dir=4 q: -2 r: -1 x=302.87187078897966 roundedX=303.0 y=320.0 roundedY=320.0
Vertex dir=5 q: -2 r: -1 x=302.87187078897966 roundedX=303.0 y=240.0 roundedY=240.0
Vertex dir=0 q: 1 r: -1 x=787.8460969082653 roundedX=788.0 y=200.0 roundedY=200.0
Vertex dir=1 q: 1 r: -1 x=857.1281292110203 roundedX=857.0 y=240.0 roundedY=240.0
Vertex dir=2 q: 1 r: -1 x=857.1281292110203 roundedX=857.0 y=320.0 roundedY=320.0
Vertex dir=3 q: 1 r: -1 x=787.8460969082653 roundedX=788.0 y=360.0 roundedY=360.0
Vertex dir=4 q: 1 r: -1 x=718.5640646055102 roundedX=719.0 y=320.0 roundedY=320.0
Vertex dir=5 q: 1 r: -1 x=718.5640646055102 roundedX=719.0 y=240.0 roundedY=240.0
Vertex dir=0 q: -1 r: 0 x=441.43593539448983 roundedX=441.0 y=320.0 roundedY=320.0
Vertex dir=1 q: -1 r: 0 x=510.71796769724494 roundedX=511.0 y=360.0 roundedY=360.0
Vertex dir=2 q: -1 r: 0 x=510.71796769724494 roundedX=511.0 y=440.0 roundedY=440.0
Vertex dir=3 q: -1 r: 0 x=441.43593539448983 roundedX=441.0 y=480.0 roundedY=480.0
Vertex dir=4 q: -1 r: 0 x=372.1539030917347 roundedX=372.0 y=440.0 roundedY=440.0
Vertex dir=5 q: -1 r: 0 x=372.1539030917347 roundedX=372.0 y=360.0 roundedY=360.0
Vertex dir=0 q: 2 r: 0 x=857.1281292110203 roundedX=857.0 y=320.0 roundedY=320.0
Vertex dir=1 q: 2 r: 0 x=926.4101615137754 roundedX=926.0 y=360.0 roundedY=360.0
Vertex dir=2 q: 2 r: 0 x=926.4101615137754 roundedX=926.0 y=440.0 roundedY=440.0
Vertex dir=3 q: 2 r: 0 x=857.1281292110203 roundedX=857.0 y=480.0 roundedY=480.0
Vertex dir=4 q: 2 r: 0 x=787.8460969082653 roundedX=788.0 y=440.0 roundedY=440.0
Vertex dir=5 q: 2 r: 0 x=787.8460969082653 roundedX=788.0 y=360.0 roundedY=360.0
Vertex dir=0 q: -1 r: -1 x=510.71796769724494 roundedX=511.0 y=200.0 roundedY=200.0
Vertex dir=1 q: -1 r: -1 x=580.0 roundedX=580.0 y=240.0 roundedY=240.0
Vertex dir=2 q: -1 r: -1 x=580.0 roundedX=580.0 y=320.0 roundedY=320.0
Vertex dir=3 q: -1 r: -1 x=510.71796769724494 roundedX=511.0 y=360.0 roundedY=360.0
Vertex dir=4 q: -1 r: -1 x=441.4359353944899 roundedX=441.0 y=320.0 roundedY=320.0
Vertex dir=5 q: -1 r: -1 x=441.4359353944899 roundedX=441.0 y=240.0 roundedY=240.0
Vertex dir=0 q: 1 r: 0 x=718.5640646055101 roundedX=719.0 y=320.0 roundedY=320.0
Vertex dir=1 q: 1 r: 0 x=787.8460969082652 roundedX=788.0 y=360.0 roundedY=360.0
Vertex dir=2 q: 1 r: 0 x=787.8460969082652 roundedX=788.0 y=440.0 roundedY=440.0
Vertex dir=3 q: 1 r: 0 x=718.5640646055101 roundedX=719.0 y=480.0 roundedY=480.0
Vertex dir=4 q: 1 r: 0 x=649.282032302755 roundedX=649.0 y=440.0 roundedY=440.0
Vertex dir=5 q: 1 r: 0 x=649.282032302755 roundedX=649.0 y=360.0 roundedY=360.0
Key X: 580.0Key Y: 560.0, Value: [Vertex(0, 1, 4), Vertex(0, 2, 0), Vertex(-1, 1, 2)]
Key X: 857.0Key Y: 320.0, Value: [Vertex(1, -1, 2), Vertex(2, 0, 0)]
Key X: 719.0Key Y: 480.0, Value: [Vertex(1, 1, 5), Vertex(0, 1, 1), Vertex(1, 0, 3)]
Key X: 580.0Key Y: 720.0, Value: [Vertex(0, 2, 3)]
Key X: 719.0Key Y: 560.0, Value: [Vertex(1, 1, 4), Vertex(0, 1, 2), Vertex(1, 2, 0)]
Key X: 441.0Key Y: 80.0, Value: [Vertex(-1, -2, 0)]
Key X: 857.0Key Y: 480.0, Value: [Vertex(1, 1, 1), Vertex(2, 0, 3)]
Key X: 719.0Key Y: 720.0, Value: [Vertex(1, 2, 3)]
Key X: 857.0Key Y: 560.0, Value: [Vertex(1, 1, 2)]
Key X: 372.0Key Y: 120.0, Value: [Vertex(-1, -2, 5)]
Key X: 303.0Key Y: 240.0, Value: [Vertex(-2, -1, 5)]
Key X: 372.0Key Y: 200.0, Value: [Vertex(-1, -2, 4), Vertex(-2, -1, 0)]
Key X: 511.0Key Y: 120.0, Value: [Vertex(-1, -2, 1), Vertex(0, -2, 5)]
Key X: 303.0Key Y: 320.0, Value: [Vertex(-2, 0, 0), Vertex(-2, -1, 4)]
Key X: 649.0Key Y: 120.0, Value: [Vertex(0, -2, 1), Vertex(1, -2, 5)]
Key X: 441.0Key Y: 240.0, Value: [Vertex(-1, -2, 3), Vertex(-2, -1, 1), Vertex(-1, -1, 5)]
Key X: 372.0Key Y: 360.0, Value: [Vertex(-2, 0, 1), Vertex(-2, -1, 3), Vertex(-1, 0, 5)]
Key X: 511.0Key Y: 200.0, Value: [Vertex(-1, -2, 2), Vertex(0, -2, 4), Vertex(-1, -1, 0)]
Key X: 788.0Key Y: 120.0, Value: [Vertex(1, -2, 1)]
Key X: 303.0Key Y: 480.0, Value: [Vertex(-2, 1, 5), Vertex(-2, 0, 3)]
Key X: 441.0Key Y: 320.0, Value: [Vertex(-2, -1, 2), Vertex(-1, 0, 0), Vertex(-1, -1, 4)]
Key X: 649.0Key Y: 200.0, Value: [Vertex(0, -1, 0), Vertex(0, -2, 2), Vertex(1, -2, 4)]
Key X: 303.0Key Y: 560.0, Value: [Vertex(-2, 1, 4)]
Key X: 372.0Key Y: 440.0, Value: [Vertex(-2, 1, 0), Vertex(-2, 0, 2), Vertex(-1, 0, 4)]
Key X: 372.0Key Y: 600.0, Value: [Vertex(-2, 1, 3), Vertex(-1, 2, 5)]
Key X: 788.0Key Y: 200.0, Value: [Vertex(1, -2, 2), Vertex(1, -1, 0)]
Key X: 441.0Key Y: 480.0, Value: [Vertex(-2, 1, 1), Vertex(-1, 1, 5), Vertex(-1, 0, 3)]
Key X: 511.0Key Y: 360.0, Value: [Vertex(0, 0, 5), Vertex(-1, 0, 1), Vertex(-1, -1, 3)]
Key X: 441.0Key Y: 560.0, Value: [Vertex(-2, 1, 2), Vertex(-1, 2, 0), Vertex(-1, 1, 4)]
Key X: 372.0Key Y: 680.0, Value: [Vertex(-1, 2, 4)]
Key X: 511.0Key Y: 440.0, Value: [Vertex(0, 0, 4), Vertex(-1, 1, 0), Vertex(-1, 0, 2)]
Key X: 649.0Key Y: 360.0, Value: [Vertex(0, -1, 3), Vertex(0, 0, 1), Vertex(1, 0, 5)]
Key X: 441.0Key Y: 720.0, Value: [Vertex(-1, 2, 3)]
Key X: 788.0Key Y: 360.0, Value: [Vertex(1, -1, 3), Vertex(2, 0, 5), Vertex(1, 0, 1)]
Key X: 511.0Key Y: 600.0, Value: [Vertex(0, 2, 5), Vertex(-1, 2, 1), Vertex(-1, 1, 3)]
Key X: 649.0Key Y: 440.0, Value: [Vertex(0, 0, 2), Vertex(0, 1, 0), Vertex(1, 0, 4)]
Key X: 511.0Key Y: 680.0, Value: [Vertex(0, 2, 4), Vertex(-1, 2, 2)]
Key X: 926.0Key Y: 360.0, Value: [Vertex(2, 0, 1)]
Key X: 649.0Key Y: 600.0, Value: [Vertex(0, 1, 3), Vertex(1, 2, 5), Vertex(0, 2, 1)]
Key X: 788.0Key Y: 440.0, Value: [Vertex(1, 1, 0), Vertex(2, 0, 4), Vertex(1, 0, 2)]
Key X: 649.0Key Y: 680.0, Value: [Vertex(1, 2, 4), Vertex(0, 2, 2)]
Key X: 926.0Key Y: 440.0, Value: [Vertex(2, 0, 2)]
Key X: 788.0Key Y: 600.0, Value: [Vertex(1, 1, 3), Vertex(1, 2, 1)]
Key X: 788.0Key Y: 680.0, Value: [Vertex(1, 2, 2)]
Key X: 580.0Key Y: 80.0, Value: [Vertex(0, -2, 0)]
Key X: 719.0Key Y: 80.0, Value: [Vertex(1, -2, 0)]
Key X: 580.0Key Y: 240.0, Value: [Vertex(0, -1, 5), Vertex(0, -2, 3), Vertex(-1, -1, 1)]
Key X: 234.0Key Y: 360.0, Value: [Vertex(-2, 0, 5)]
Key X: 580.0Key Y: 320.0, Value: [Vertex(0, -1, 4), Vertex(0, 0, 0), Vertex(-1, -1, 2)]
Key X: 234.0Key Y: 440.0, Value: [Vertex(-2, 0, 4)]
Key X: 719.0Key Y: 240.0, Value: [Vertex(0, -1, 1), Vertex(1, -2, 3), Vertex(1, -1, 5)]
Key X: 857.0Key Y: 240.0, Value: [Vertex(1, -1, 1)]
Key X: 719.0Key Y: 320.0, Value: [Vertex(0, -1, 2), Vertex(1, -1, 4), Vertex(1, 0, 0)]
Key X: 580.0Key Y: 480.0, Value: [Vertex(0, 0, 3), Vertex(0, 1, 5), Vertex(-1, 1, 1)]
Vertex dir=0 q: -1 r: -2 x=441.43593539448983 roundedX=441.0 y=80.0 roundedY=80.0
Vertex dir=1 q: -1 r: -2 x=510.71796769724494 roundedX=511.0 y=120.0 roundedY=120.0
Vertex dir=2 q: -1 r: -2 x=510.71796769724494 roundedX=511.0 y=200.0 roundedY=200.0
Vertex dir=3 q: -1 r: -2 x=441.43593539448983 roundedX=441.0 y=240.0 roundedY=240.0
Vertex dir=4 q: -1 r: -2 x=372.1539030917347 roundedX=372.0 y=200.00000000000003 roundedY=200.0
Vertex dir=5 q: -1 r: -2 x=372.1539030917347 roundedX=372.0 y=120.0 roundedY=120.0
Vertex dir=0 q: 0 r: -1 x=649.282032302755 roundedX=649.0 y=200.0 roundedY=200.0
Vertex dir=1 q: 0 r: -1 x=718.5640646055101 roundedX=719.0 y=240.0 roundedY=240.0
Vertex dir=2 q: 0 r: -1 x=718.5640646055101 roundedX=719.0 y=320.0 roundedY=320.0
Vertex dir=3 q: 0 r: -1 x=649.282032302755 roundedX=649.0 y=360.0 roundedY=360.0
Vertex dir=4 q: 0 r: -1 x=580.0 roundedX=580.0 y=320.0 roundedY=320.0
Vertex dir=5 q: 0 r: -1 x=580.0 roundedX=580.0 y=240.0 roundedY=240.0
Vertex dir=0 q: 0 r: 0 x=580.0 roundedX=580.0 y=320.0 roundedY=320.0
Vertex dir=1 q: 0 r: 0 x=649.282032302755 roundedX=649.0 y=360.0 roundedY=360.0
Vertex dir=2 q: 0 r: 0 x=649.282032302755 roundedX=649.0 y=440.0 roundedY=440.0
Vertex dir=3 q: 0 r: 0 x=580.0 roundedX=580.0 y=480.0 roundedY=480.0
Vertex dir=4 q: 0 r: 0 x=510.71796769724494 roundedX=511.0 y=440.0 roundedY=440.0
Vertex dir=5 q: 0 r: 0 x=510.71796769724494 roundedX=511.0 y=360.0 roundedY=360.0
Vertex dir=0 q: 1 r: 1 x=787.8460969082653 roundedX=788.0 y=440.0 roundedY=440.0
Vertex dir=1 q: 1 r: 1 x=857.1281292110203 roundedX=857.0 y=480.0 roundedY=480.0
Vertex dir=2 q: 1 r: 1 x=857.1281292110203 roundedX=857.0 y=560.0 roundedY=560.0
Vertex dir=3 q: 1 r: 1 x=787.8460969082653 roundedX=788.0 y=600.0 roundedY=600.0
Vertex dir=4 q: 1 r: 1 x=718.5640646055102 roundedX=719.0 y=560.0 roundedY=560.0
Vertex dir=5 q: 1 r: 1 x=718.5640646055102 roundedX=719.0 y=480.0 roundedY=480.0
Vertex dir=0 q: 0 r: -2 x=580.0 roundedX=580.0 y=80.0 roundedY=80.0
Vertex dir=1 q: 0 r: -2 x=649.282032302755 roundedX=649.0 y=120.0 roundedY=120.0
Vertex dir=2 q: 0 r: -2 x=649.282032302755 roundedX=649.0 y=200.0 roundedY=200.0
Vertex dir=3 q: 0 r: -2 x=580.0 roundedX=580.0 y=240.0 roundedY=240.0
Vertex dir=4 q: 0 r: -2 x=510.71796769724494 roundedX=511.0 y=200.00000000000003 roundedY=200.0
Vertex dir=5 q: 0 r: -2 x=510.71796769724494 roundedX=511.0 y=120.0 roundedY=120.0
Vertex dir=0 q: 0 r: 1 x=649.282032302755 roundedX=649.0 y=440.0 roundedY=440.0
Vertex dir=1 q: 0 r: 1 x=718.5640646055101 roundedX=719.0 y=480.0 roundedY=480.0
Vertex dir=2 q: 0 r: 1 x=718.5640646055101 roundedX=719.0 y=560.0 roundedY=560.0
Vertex dir=3 q: 0 r: 1 x=649.282032302755 roundedX=649.0 y=600.0 roundedY=600.0
Vertex dir=4 q: 0 r: 1 x=580.0 roundedX=580.0 y=560.0 roundedY=560.0
Vertex dir=5 q: 0 r: 1 x=580.0 roundedX=580.0 y=480.0 roundedY=480.0
Vertex dir=0 q: 1 r: 2 x=718.5640646055101 roundedX=719.0 y=560.0 roundedY=560.0
Vertex dir=1 q: 1 r: 2 x=787.8460969082652 roundedX=788.0 y=600.0 roundedY=600.0
Vertex dir=2 q: 1 r: 2 x=787.8460969082652 roundedX=788.0 y=680.0 roundedY=680.0
Vertex dir=3 q: 1 r: 2 x=718.5640646055101 roundedX=719.0 y=720.0 roundedY=720.0
Vertex dir=4 q: 1 r: 2 x=649.282032302755 roundedX=649.0 y=680.0 roundedY=680.0
Vertex dir=5 q: 1 r: 2 x=649.282032302755 roundedX=649.0 y=600.0 roundedY=600.0
Vertex dir=0 q: 0 r: 2 x=580.0 roundedX=580.0 y=560.0 roundedY=560.0
Vertex dir=1 q: 0 r: 2 x=649.282032302755 roundedX=649.0 y=600.0 roundedY=600.0
Vertex dir=2 q: 0 r: 2 x=649.282032302755 roundedX=649.0 y=680.0 roundedY=680.0
Vertex dir=3 q: 0 r: 2 x=580.0 roundedX=580.0 y=720.0 roundedY=720.0
Vertex dir=4 q: 0 r: 2 x=510.71796769724494 roundedX=511.0 y=680.0 roundedY=680.0
Vertex dir=5 q: 0 r: 2 x=510.71796769724494 roundedX=511.0 y=600.0 roundedY=600.0
Vertex dir=0 q: -2 r: 1 x=372.1539030917347 roundedX=372.0 y=440.0 roundedY=440.0
Vertex dir=1 q: -2 r: 1 x=441.4359353944898 roundedX=441.0 y=480.0 roundedY=480.0
Vertex dir=2 q: -2 r: 1 x=441.43593539448983 roundedX=441.0 y=560.0 roundedY=560.0
Vertex dir=3 q: -2 r: 1 x=372.1539030917347 roundedX=372.0 y=600.0 roundedY=600.0
Vertex dir=4 q: -2 r: 1 x=302.87187078897966 roundedX=303.0 y=560.0 roundedY=560.0
Vertex dir=5 q: -2 r: 1 x=302.87187078897966 roundedX=303.0 y=480.0 roundedY=480.0
Vertex dir=0 q: -1 r: 2 x=441.43593539448983 roundedX=441.0 y=560.0 roundedY=560.0
Vertex dir=1 q: -1 r: 2 x=510.71796769724494 roundedX=511.0 y=600.0 roundedY=600.0
Vertex dir=2 q: -1 r: 2 x=510.71796769724494 roundedX=511.0 y=680.0 roundedY=680.0
Vertex dir=3 q: -1 r: 2 x=441.43593539448983 roundedX=441.0 y=720.0 roundedY=720.0
Vertex dir=4 q: -1 r: 2 x=372.1539030917347 roundedX=372.0 y=680.0 roundedY=680.0
Vertex dir=5 q: -1 r: 2 x=372.1539030917347 roundedX=372.0 y=600.0 roundedY=600.0
Vertex dir=0 q: 1 r: -2 x=718.5640646055101 roundedX=719.0 y=80.0 roundedY=80.0
Vertex dir=1 q: 1 r: -2 x=787.8460969082652 roundedX=788.0 y=120.0 roundedY=120.0
Vertex dir=2 q: 1 r: -2 x=787.8460969082652 roundedX=788.0 y=200.0 roundedY=200.0
Vertex dir=3 q: 1 r: -2 x=718.5640646055101 roundedX=719.0 y=240.0 roundedY=240.0
Vertex dir=4 q: 1 r: -2 x=649.282032302755 roundedX=649.0 y=200.00000000000003 roundedY=200.0
Vertex dir=5 q: 1 r: -2 x=649.282032302755 roundedX=649.0 y=120.0 roundedY=120.0
Vertex dir=0 q: -2 r: 0 x=302.87187078897966 roundedX=303.0 y=320.0 roundedY=320.0
Vertex dir=1 q: -2 r: 0 x=372.1539030917347 roundedX=372.0 y=360.0 roundedY=360.0
Vertex dir=2 q: -2 r: 0 x=372.1539030917348 roundedX=372.0 y=440.0 roundedY=440.0
Vertex dir=3 q: -2 r: 0 x=302.87187078897966 roundedX=303.0 y=480.0 roundedY=480.0
Vertex dir=4 q: -2 r: 0 x=233.58983848622458 roundedX=234.0 y=440.0 roundedY=440.0
Vertex dir=5 q: -2 r: 0 x=233.58983848622458 roundedX=234.0 y=360.0 roundedY=360.0
Vertex dir=0 q: -1 r: 1 x=510.71796769724494 roundedX=511.0 y=440.0 roundedY=440.0
Vertex dir=1 q: -1 r: 1 x=580.0 roundedX=580.0 y=480.0 roundedY=480.0
Vertex dir=2 q: -1 r: 1 x=580.0 roundedX=580.0 y=560.0 roundedY=560.0
Vertex dir=3 q: -1 r: 1 x=510.71796769724494 roundedX=511.0 y=600.0 roundedY=600.0
Vertex dir=4 q: -1 r: 1 x=441.4359353944899 roundedX=441.0 y=560.0 roundedY=560.0
Vertex dir=5 q: -1 r: 1 x=441.4359353944899 roundedX=441.0 y=480.0 roundedY=480.0
Vertex dir=0 q: -2 r: -1 x=372.1539030917347 roundedX=372.0 y=200.0 roundedY=200.0
Vertex dir=1 q: -2 r: -1 x=441.4359353944898 roundedX=441.0 y=240.0 roundedY=240.0
Vertex dir=2 q: -2 r: -1 x=441.43593539448983 roundedX=441.0 y=320.0 roundedY=320.0
Vertex dir=3 q: -2 r: -1 x=372.1539030917347 roundedX=372.0 y=360.0 roundedY=360.0
Vertex dir=4 q: -2 r: -1 x=302.87187078897966 roundedX=303.0 y=320.0 roundedY=320.0
Vertex dir=5 q: -2 r: -1 x=302.87187078897966 roundedX=303.0 y=240.0 roundedY=240.0
Vertex dir=0 q: 1 r: -1 x=787.8460969082653 roundedX=788.0 y=200.0 roundedY=200.0
Vertex dir=1 q: 1 r: -1 x=857.1281292110203 roundedX=857.0 y=240.0 roundedY=240.0
Vertex dir=2 q: 1 r: -1 x=857.1281292110203 roundedX=857.0 y=320.0 roundedY=320.0
Vertex dir=3 q: 1 r: -1 x=787.8460969082653 roundedX=788.0 y=360.0 roundedY=360.0
Vertex dir=4 q: 1 r: -1 x=718.5640646055102 roundedX=719.0 y=320.0 roundedY=320.0
Vertex dir=5 q: 1 r: -1 x=718.5640646055102 roundedX=719.0 y=240.0 roundedY=240.0
Vertex dir=0 q: -1 r: 0 x=441.43593539448983 roundedX=441.0 y=320.0 roundedY=320.0
Vertex dir=1 q: -1 r: 0 x=510.71796769724494 roundedX=511.0 y=360.0 roundedY=360.0
Vertex dir=2 q: -1 r: 0 x=510.71796769724494 roundedX=511.0 y=440.0 roundedY=440.0
Vertex dir=3 q: -1 r: 0 x=441.43593539448983 roundedX=441.0 y=480.0 roundedY=480.0
Vertex dir=4 q: -1 r: 0 x=372.1539030917347 roundedX=372.0 y=440.0 roundedY=440.0
Vertex dir=5 q: -1 r: 0 x=372.1539030917347 roundedX=372.0 y=360.0 roundedY=360.0
Vertex dir=0 q: 2 r: 0 x=857.1281292110203 roundedX=857.0 y=320.0 roundedY=320.0
Vertex dir=1 q: 2 r: 0 x=926.4101615137754 roundedX=926.0 y=360.0 roundedY=360.0
Vertex dir=2 q: 2 r: 0 x=926.4101615137754 roundedX=926.0 y=440.0 roundedY=440.0
Vertex dir=3 q: 2 r: 0 x=857.1281292110203 roundedX=857.0 y=480.0 roundedY=480.0
Vertex dir=4 q: 2 r: 0 x=787.8460969082653 roundedX=788.0 y=440.0 roundedY=440.0
Vertex dir=5 q: 2 r: 0 x=787.8460969082653 roundedX=788.0 y=360.0 roundedY=360.0
Vertex dir=0 q: -1 r: -1 x=510.71796769724494 roundedX=511.0 y=200.0 roundedY=200.0
Vertex dir=1 q: -1 r: -1 x=580.0 roundedX=580.0 y=240.0 roundedY=240.0
Vertex dir=2 q: -1 r: -1 x=580.0 roundedX=580.0 y=320.0 roundedY=320.0
Vertex dir=3 q: -1 r: -1 x=510.71796769724494 roundedX=511.0 y=360.0 roundedY=360.0
Vertex dir=4 q: -1 r: -1 x=441.4359353944899 roundedX=441.0 y=320.0 roundedY=320.0
Vertex dir=5 q: -1 r: -1 x=441.4359353944899 roundedX=441.0 y=240.0 roundedY=240.0
Vertex dir=0 q: 1 r: 0 x=718.5640646055101 roundedX=719.0 y=320.0 roundedY=320.0
Vertex dir=1 q: 1 r: 0 x=787.8460969082652 roundedX=788.0 y=360.0 roundedY=360.0
Vertex dir=2 q: 1 r: 0 x=787.8460969082652 roundedX=788.0 y=440.0 roundedY=440.0
Vertex dir=3 q: 1 r: 0 x=718.5640646055101 roundedX=719.0 y=480.0 roundedY=480.0
Vertex dir=4 q: 1 r: 0 x=649.282032302755 roundedX=649.0 y=440.0 roundedY=440.0
Vertex dir=5 q: 1 r: 0 x=649.282032302755 roundedX=649.0 y=360.0 roundedY=360.0
Key X: 580.0Key Y: 560.0, Value: [Vertex(0, 1, 4), Vertex(0, 2, 0), Vertex(-1, 1, 2)]
Key X: 857.0Key Y: 320.0, Value: [Vertex(1, -1, 2), Vertex(2, 0, 0)]
Key X: 719.0Key Y: 480.0, Value: [Vertex(1, 1, 5), Vertex(0, 1, 1), Vertex(1, 0, 3)]
Key X: 580.0Key Y: 720.0, Value: [Vertex(0, 2, 3)]
Key X: 719.0Key Y: 560.0, Value: [Vertex(1, 1, 4), Vertex(0, 1, 2), Vertex(1, 2, 0)]
Key X: 441.0Key Y: 80.0, Value: [Vertex(-1, -2, 0)]
Key X: 857.0Key Y: 480.0, Value: [Vertex(1, 1, 1), Vertex(2, 0, 3)]
Key X: 719.0Key Y: 720.0, Value: [Vertex(1, 2, 3)]
Key X: 857.0Key Y: 560.0, Value: [Vertex(1, 1, 2)]
Key X: 372.0Key Y: 120.0, Value: [Vertex(-1, -2, 5)]
Key X: 303.0Key Y: 240.0, Value: [Vertex(-2, -1, 5)]
Key X: 372.0Key Y: 200.0, Value: [Vertex(-1, -2, 4), Vertex(-2, -1, 0)]
Key X: 511.0Key Y: 120.0, Value: [Vertex(-1, -2, 1), Vertex(0, -2, 5)]
Key X: 303.0Key Y: 320.0, Value: [Vertex(-2, 0, 0), Vertex(-2, -1, 4)]
Key X: 649.0Key Y: 120.0, Value: [Vertex(0, -2, 1), Vertex(1, -2, 5)]
Key X: 441.0Key Y: 240.0, Value: [Vertex(-1, -2, 3), Vertex(-2, -1, 1), Vertex(-1, -1, 5)]
Key X: 372.0Key Y: 360.0, Value: [Vertex(-2, 0, 1), Vertex(-2, -1, 3), Vertex(-1, 0, 5)]
Key X: 511.0Key Y: 200.0, Value: [Vertex(-1, -2, 2), Vertex(0, -2, 4), Vertex(-1, -1, 0)]
Key X: 788.0Key Y: 120.0, Value: [Vertex(1, -2, 1)]
Key X: 303.0Key Y: 480.0, Value: [Vertex(-2, 1, 5), Vertex(-2, 0, 3)]
Key X: 441.0Key Y: 320.0, Value: [Vertex(-2, -1, 2), Vertex(-1, 0, 0), Vertex(-1, -1, 4)]
Key X: 649.0Key Y: 200.0, Value: [Vertex(0, -1, 0), Vertex(0, -2, 2), Vertex(1, -2, 4)]
Key X: 303.0Key Y: 560.0, Value: [Vertex(-2, 1, 4)]
Key X: 372.0Key Y: 440.0, Value: [Vertex(-2, 1, 0), Vertex(-2, 0, 2), Vertex(-1, 0, 4)]
Key X: 372.0Key Y: 600.0, Value: [Vertex(-2, 1, 3), Vertex(-1, 2, 5)]
Key X: 788.0Key Y: 200.0, Value: [Vertex(1, -2, 2), Vertex(1, -1, 0)]
Key X: 441.0Key Y: 480.0, Value: [Vertex(-2, 1, 1), Vertex(-1, 1, 5), Vertex(-1, 0, 3)]
Key X: 511.0Key Y: 360.0, Value: [Vertex(0, 0, 5), Vertex(-1, 0, 1), Vertex(-1, -1, 3)]
Key X: 441.0Key Y: 560.0, Value: [Vertex(-2, 1, 2), Vertex(-1, 2, 0), Vertex(-1, 1, 4)]
Key X: 372.0Key Y: 680.0, Value: [Vertex(-1, 2, 4)]
Key X: 511.0Key Y: 440.0, Value: [Vertex(0, 0, 4), Vertex(-1, 1, 0), Vertex(-1, 0, 2)]
Key X: 649.0Key Y: 360.0, Value: [Vertex(0, -1, 3), Vertex(0, 0, 1), Vertex(1, 0, 5)]
Key X: 441.0Key Y: 720.0, Value: [Vertex(-1, 2, 3)]
Key X: 788.0Key Y: 360.0, Value: [Vertex(1, -1, 3), Vertex(2, 0, 5), Vertex(1, 0, 1)]
Key X: 511.0Key Y: 600.0, Value: [Vertex(0, 2, 5), Vertex(-1, 2, 1), Vertex(-1, 1, 3)]
Key X: 649.0Key Y: 440.0, Value: [Vertex(0, 0, 2), Vertex(0, 1, 0), Vertex(1, 0, 4)]
Key X: 511.0Key Y: 680.0, Value: [Vertex(0, 2, 4), Vertex(-1, 2, 2)]
Key X: 926.0Key Y: 360.0, Value: [Vertex(2, 0, 1)]
Key X: 649.0Key Y: 600.0, Value: [Vertex(0, 1, 3), Vertex(1, 2, 5), Vertex(0, 2, 1)]
Key X: 788.0Key Y: 440.0, Value: [Vertex(1, 1, 0), Vertex(2, 0, 4), Vertex(1, 0, 2)]
Key X: 649.0Key Y: 680.0, Value: [Vertex(1, 2, 4), Vertex(0, 2, 2)]
Key X: 926.0Key Y: 440.0, Value: [Vertex(2, 0, 2)]
Key X: 788.0Key Y: 600.0, Value: [Vertex(1, 1, 3), Vertex(1, 2, 1)]
Key X: 788.0Key Y: 680.0, Value: [Vertex(1, 2, 2)]
Key X: 580.0Key Y: 80.0, Value: [Vertex(0, -2, 0)]
Key X: 719.0Key Y: 80.0, Value: [Vertex(1, -2, 0)]
Key X: 580.0Key Y: 240.0, Value: [Vertex(0, -1, 5), Vertex(0, -2, 3), Vertex(-1, -1, 1)]
Key X: 234.0Key Y: 360.0, Value: [Vertex(-2, 0, 5)]
Key X: 580.0Key Y: 320.0, Value: [Vertex(0, -1, 4), Vertex(0, 0, 0), Vertex(-1, -1, 2)]
Key X: 234.0Key Y: 440.0, Value: [Vertex(-2, 0, 4)]
Key X: 719.0Key Y: 240.0, Value: [Vertex(0, -1, 1), Vertex(1, -2, 3), Vertex(1, -1, 5)]
Key X: 857.0Key Y: 240.0, Value: [Vertex(1, -1, 1)]
Key X: 719.0Key Y: 320.0, Value: [Vertex(0, -1, 2), Vertex(1, -1, 4), Vertex(1, 0, 0)]
Key X: 580.0Key Y: 480.0, Value: [Vertex(0, 0, 3), Vertex(0, 1, 5), Vertex(-1, 1, 1)]
Key: Vertex(-2, 1, 4) -> Value: Vertex(-2, 1, 4)
Size: 114
Key: Vertex(-2, 1, 5) -> Value: Vertex(-2, 1, 5)
Size: 114
Key: Vertex(1, -1, 0) -> Value: Vertex(1, -2, 2)
Size: 114
Key: Vertex(1, -1, 1) -> Value: Vertex(1, -1, 1)
Size: 114
Key: Vertex(1, -1, 2) -> Value: Vertex(1, -1, 2)
Size: 114
Key: Vertex(1, -1, 3) -> Value: Vertex(1, -1, 3)
Size: 114
Key: Vertex(1, -1, 4) -> Value: Vertex(0, -1, 2)
Size: 114
Key: Vertex(1, -1, 5) -> Value: Vertex(0, -1, 1)
Size: 114
Key: Vertex(1, 0, 0) -> Value: Vertex(0, -1, 2)
Size: 114
Key: Vertex(1, 0, 1) -> Value: Vertex(1, -1, 3)
Size: 114
Key: Vertex(0, -2, 0) -> Value: Vertex(0, -2, 0)
Size: 114
Key: Vertex(0, -2, 1) -> Value: Vertex(0, -2, 1)
Size: 114
Key: Vertex(1, 0, 2) -> Value: Vertex(1, 1, 0)
Size: 114
Key: Vertex(1, 0, 3) -> Value: Vertex(1, 1, 5)
Size: 114
Key: Vertex(0, -2, 2) -> Value: Vertex(0, -1, 0)
Size: 114
Key: Vertex(1, 0, 4) -> Value: Vertex(0, 0, 2)
Size: 114
Key: Vertex(0, -2, 3) -> Value: Vertex(0, -1, 5)
Size: 114
Key: Vertex(0, -2, 4) -> Value: Vertex(-1, -2, 2)
Size: 114
Key: Vertex(1, 0, 5) -> Value: Vertex(0, -1, 3)
Size: 114
Key: Vertex(0, -2, 5) -> Value: Vertex(-1, -2, 1)
Size: 114
Key: Vertex(1, 1, 0) -> Value: Vertex(1, 1, 0)
Size: 114
Key: Vertex(1, 1, 1) -> Value: Vertex(1, 1, 1)
Size: 114
Key: Vertex(0, -1, 0) -> Value: Vertex(0, -1, 0)
Size: 114
Key: Vertex(1, 1, 2) -> Value: Vertex(1, 1, 2)
Size: 114
Key: Vertex(0, -1, 1) -> Value: Vertex(0, -1, 1)
Size: 114
Key: Vertex(1, 1, 3) -> Value: Vertex(1, 1, 3)
Size: 114
Key: Vertex(0, -1, 2) -> Value: Vertex(0, -1, 2)
Size: 114
Key: Vertex(1, 1, 4) -> Value: Vertex(1, 1, 4)
Size: 114
Key: Vertex(0, -1, 3) -> Value: Vertex(0, -1, 3)
Size: 114
Key: Vertex(1, 1, 5) -> Value: Vertex(1, 1, 5)
Size: 114
Key: Vertex(0, -1, 4) -> Value: Vertex(0, -1, 4)
Size: 114
Key: Vertex(0, -1, 5) -> Value: Vertex(0, -1, 5)
Size: 114
Key: Vertex(1, 2, 0) -> Value: Vertex(1, 1, 4)
Size: 114
Key: Vertex(1, 2, 1) -> Value: Vertex(1, 1, 3)
Size: 114
Key: Vertex(0, 0, 0) -> Value: Vertex(0, -1, 4)
Size: 114
Key: Vertex(-1, -2, 0) -> Value: Vertex(-1, -2, 0)
Size: 114
Key: Vertex(0, 0, 1) -> Value: Vertex(0, -1, 3)
Size: 114
Key: Vertex(1, 2, 2) -> Value: Vertex(1, 2, 2)
Size: 114
Key: Vertex(1, 2, 3) -> Value: Vertex(1, 2, 3)
Size: 114
Key: Vertex(-1, -2, 1) -> Value: Vertex(-1, -2, 1)
Size: 114
Key: Vertex(0, 0, 2) -> Value: Vertex(0, 0, 2)
Size: 114
Key: Vertex(-1, -2, 2) -> Value: Vertex(-1, -2, 2)
Size: 114
Key: Vertex(1, 2, 4) -> Value: Vertex(1, 2, 4)
Size: 114
Key: Vertex(0, 0, 3) -> Value: Vertex(0, 0, 3)
Size: 114
Key: Vertex(-1, -2, 3) -> Value: Vertex(-1, -2, 3)
Size: 114
Key: Vertex(0, 0, 4) -> Value: Vertex(0, 0, 4)
Size: 114
Key: Vertex(1, 2, 5) -> Value: Vertex(0, 1, 3)
Size: 114
Key: Vertex(-1, -2, 4) -> Value: Vertex(-1, -2, 4)
Size: 114
Key: Vertex(0, 0, 5) -> Value: Vertex(0, 0, 5)
Size: 114
Key: Vertex(-1, -2, 5) -> Value: Vertex(-1, -2, 5)
Size: 114
Key: Vertex(0, 1, 0) -> Value: Vertex(0, 0, 2)
Size: 114
Key: Vertex(0, 1, 1) -> Value: Vertex(1, 1, 5)
Size: 114
Key: Vertex(-1, -1, 0) -> Value: Vertex(-1, -2, 2)
Size: 114
Key: Vertex(0, 1, 2) -> Value: Vertex(1, 1, 4)
Size: 114
Key: Vertex(-1, -1, 1) -> Value: Vertex(0, -1, 5)
Size: 114
Key: Vertex(0, 1, 3) -> Value: Vertex(0, 1, 3)
Size: 114
Key: Vertex(-1, -1, 2) -> Value: Vertex(0, -1, 4)
Size: 114
Key: Vertex(0, 1, 4) -> Value: Vertex(0, 1, 4)
Size: 114
Key: Vertex(-1, -1, 3) -> Value: Vertex(0, 0, 5)
Size: 114
Key: Vertex(-1, -1, 4) -> Value: Vertex(-2, -1, 2)
Size: 114
Key: Vertex(0, 1, 5) -> Value: Vertex(0, 0, 3)
Size: 114
Key: Vertex(-1, -1, 5) -> Value: Vertex(-1, -2, 3)
Size: 114
Key: Vertex(0, 2, 0) -> Value: Vertex(0, 1, 4)
Size: 114
Key: Vertex(-1, 0, 0) -> Value: Vertex(-2, -1, 2)
Size: 114
Key: Vertex(0, 2, 1) -> Value: Vertex(0, 1, 3)
Size: 114
Key: Vertex(-1, 0, 1) -> Value: Vertex(0, 0, 5)
Size: 114
Key: Vertex(0, 2, 2) -> Value: Vertex(1, 2, 4)
Size: 114
Key: Vertex(0, 2, 3) -> Value: Vertex(0, 2, 3)
Size: 114
Key: Vertex(-1, 0, 2) -> Value: Vertex(0, 0, 4)
Size: 114
Key: Vertex(-1, 0, 3) -> Value: Vertex(-2, 1, 1)
Size: 114
Key: Vertex(0, 2, 4) -> Value: Vertex(0, 2, 4)
Size: 114
Key: Vertex(-1, 0, 4) -> Value: Vertex(-2, 1, 0)
Size: 114
Key: Vertex(0, 2, 5) -> Value: Vertex(0, 2, 5)
Size: 114
Key: Vertex(-1, 0, 5) -> Value: Vertex(-2, 0, 1)
Size: 114
Key: Vertex(-1, 1, 0) -> Value: Vertex(0, 0, 4)
Size: 114
Key: Vertex(-2, -1, 0) -> Value: Vertex(-1, -2, 4)
Size: 114
Key: Vertex(-1, 1, 1) -> Value: Vertex(0, 0, 3)
Size: 114
Key: Vertex(-1, 1, 2) -> Value: Vertex(0, 1, 4)
Size: 114
Key: Vertex(-2, -1, 1) -> Value: Vertex(-1, -2, 3)
Size: 114
Key: Vertex(-2, -1, 2) -> Value: Vertex(-2, -1, 2)
Size: 114
Key: Vertex(-1, 1, 3) -> Value: Vertex(0, 2, 5)
Size: 114
Key: Vertex(-2, -1, 3) -> Value: Vertex(-2, 0, 1)
Size: 114
Key: Vertex(-1, 1, 4) -> Value: Vertex(-2, 1, 2)
Size: 114
Key: Vertex(-2, -1, 4) -> Value: Vertex(-2, 0, 0)
Size: 114
Key: Vertex(-1, 1, 5) -> Value: Vertex(-2, 1, 1)
Size: 114
Key: Vertex(-2, -1, 5) -> Value: Vertex(-2, -1, 5)
Size: 114
Key: Vertex(-1, 2, 0) -> Value: Vertex(-2, 1, 2)
Size: 114
Key: Vertex(-2, 0, 0) -> Value: Vertex(-2, 0, 0)
Size: 114
Key: Vertex(-1, 2, 1) -> Value: Vertex(0, 2, 5)
Size: 114
Key: Vertex(-2, 0, 1) -> Value: Vertex(-2, 0, 1)
Size: 114
Key: Vertex(-1, 2, 2) -> Value: Vertex(0, 2, 4)
Size: 114
Key: Vertex(-2, 0, 2) -> Value: Vertex(-2, 1, 0)
Size: 114
Key: Vertex(-1, 2, 3) -> Value: Vertex(-1, 2, 3)
Size: 114
Key: Vertex(-2, 0, 3) -> Value: Vertex(-2, 1, 5)
Size: 114
Key: Vertex(-1, 2, 4) -> Value: Vertex(-1, 2, 4)
Size: 114
Key: Vertex(2, 0, 0) -> Value: Vertex(1, -1, 2)
Size: 114
Key: Vertex(-1, 2, 5) -> Value: Vertex(-2, 1, 3)
Size: 114
Key: Vertex(-2, 0, 4) -> Value: Vertex(-2, 0, 4)
Size: 114
Key: Vertex(2, 0, 1) -> Value: Vertex(2, 0, 1)
Size: 114
Key: Vertex(1, -2, 0) -> Value: Vertex(1, -2, 0)
Size: 114
Key: Vertex(-2, 0, 5) -> Value: Vertex(-2, 0, 5)
Size: 114
Key: Vertex(1, -2, 1) -> Value: Vertex(1, -2, 1)
Size: 114
Key: Vertex(2, 0, 2) -> Value: Vertex(2, 0, 2)
Size: 114
Key: Vertex(2, 0, 3) -> Value: Vertex(1, 1, 1)
Size: 114
Key: Vertex(1, -2, 2) -> Value: Vertex(1, -2, 2)
Size: 114
Key: Vertex(2, 0, 4) -> Value: Vertex(1, 1, 0)
Size: 114
Key: Vertex(1, -2, 3) -> Value: Vertex(0, -1, 1)
Size: 114
Key: Vertex(1, -2, 4) -> Value: Vertex(0, -1, 0)
Size: 114
Key: Vertex(2, 0, 5) -> Value: Vertex(1, -1, 3)
Size: 114
Key: Vertex(1, -2, 5) -> Value: Vertex(0, -2, 1)
Size: 114
Key: Vertex(-2, 1, 0) -> Value: Vertex(-2, 1, 0)
Size: 114
Key: Vertex(-2, 1, 1) -> Value: Vertex(-2, 1, 1)
Size: 114
Key: Vertex(-2, 1, 2) -> Value: Vertex(-2, 1, 2)
Size: 114
Key: Vertex(-2, 1, 3) -> Value: Vertex(-2, 1, 3)
Size: 114
Berechnete einzigartige Edges: 72
✓ Authentisches CATAN-Board initialisiert: 54 Siedlungen, 72 Straßen
]]></system-out>
  </testcase>
  <testcase name="testBuildingCosts" classname="com.catan.model.CatanGameTest" time="0.01">
    <system-out><![CDATA[Vertex dir=0 q: -1 r: -2 x=441.43593539448983 roundedX=441.0 y=80.0 roundedY=80.0
Vertex dir=1 q: -1 r: -2 x=510.71796769724494 roundedX=511.0 y=120.0 roundedY=120.0
Vertex dir=2 q: -1 r: -2 x=510.71796769724494 roundedX=511.0 y=200.0 roundedY=200.0
Vertex dir=3 q: -1 r: -2 x=441.43593539448983 roundedX=441.0 y=240.0 roundedY=240.0
Vertex dir=4 q: -1 r: -2 x=372.1539030917347 roundedX=372.0 y=200.00000000000003 roundedY=200.0
Vertex dir=5 q: -1 r: -2 x=372.1539030917347 roundedX=372.0 y=120.0 roundedY=120.0
Vertex dir=0 q: 0 r: -1 x=649.282032302755 roundedX=649.0 y=200.0 roundedY=200.0
Vertex dir=1 q: 0 r: -1 x=718.5640646055101 roundedX=719.0 y=240.0 roundedY=240.0
Vertex dir=2 q: 0 r: -1 x=718.5640646055101 roundedX=719.0 y=320.0 roundedY=320.0
Vertex dir=3 q: 0 r: -1 x=649.282032302755 roundedX=649.0 y=360.0 roundedY=360.0
Vertex dir=4 q: 0 r: -1 x=580.0 roundedX=580.0 y=320.0 roundedY=320.0
Vertex dir=5 q: 0 r: -1 x=580.0 roundedX=580.0 y=240.0 roundedY=240.0
Vertex dir=0 q: 0 r: 0 x=580.0 roundedX=580.0 y=320.0 roundedY=320.0
Vertex dir=1 q: 0 r: 0 x=649.282032302755 roundedX=649.0 y=360.0 roundedY=360.0
Vertex dir=2 q: 0 r: 0 x=649.282032302755 roundedX=649.0 y=440.0 roundedY=440.0
Vertex dir=3 q: 0 r: 0 x=580.0 roundedX=580.0 y=480.0 roundedY=480.0
Vertex dir=4 q: 0 r: 0 x=510.71796769724494 roundedX=511.0 y=440.0 roundedY=440.0
Vertex dir=5 q: 0 r: 0 x=510.71796769724494 roundedX=511.0 y=360.0 roundedY=360.0
Vertex dir=0 q: 1 r: 1 x=787.8460969082653 roundedX=788.0 y=440.0 roundedY=440.0
Vertex dir=1 q: 1 r: 1 x=857.1281292110203 roundedX=857.0 y=480.0 roundedY=480.0
Vertex dir=2 q: 1 r: 1 x=857.1281292110203 roundedX=857.0 y=560.0 roundedY=560.0
Vertex dir=3 q: 1 r: 1 x=787.8460969082653 roundedX=788.0 y=600.0 roundedY=600.0
Vertex dir=4 q: 1 r: 1 x=718.5640646055102 roundedX=719.0 y=560.0 roundedY=560.0
Vertex dir=5 q: 1 r: 1 x=718.5640646055102 roundedX=719.0 y=480.0 roundedY=480.0
Vertex dir=0 q: 0 r: -2 x=580.0 roundedX=580.0 y=80.0 roundedY=80.0
Vertex dir=1 q: 0 r: -2 x=649.282032302755 roundedX=649.0 y=120.0 roundedY=120.0
Vertex dir=2 q: 0 r: -2 x=649.282032302755 roundedX=649.0 y=200.0 roundedY=200.0
Vertex dir=3 q: 0 r: -2 x=580.0 roundedX=580.0 y=240.0 roundedY=240.0
Vertex dir=4 q: 0 r: -2 x=510.71796769724494 roundedX=511.0 y=200.00000000000003 roundedY=200.0
Vertex dir=5 q: 0 r: -2 x=510.71796769724494 roundedX=511.0 y=120.0 roundedY=120.0
Vertex dir=0 q: 0 r: 1 x=649.282032302755 roundedX=649.0 y=440.0 roundedY=440.0
Vertex dir=1 q: 0 r: 1 x=718.5640646055101 roundedX=719.0 y=480.0 roundedY=480.0
Vertex dir=2 q: 0 r: 1 x=718.5640646055101 roundedX=719.0 y=560.0 roundedY=560.0
Vertex dir=3 q: 0 r: 1 x=649.282032302755 roundedX=649.0 y=600.0 roundedY=600.0
Vertex dir=4 q: 0 r: 1 x=580.0 roundedX=580.0 y=560.0 roundedY=560.0
Vertex dir=5 q: 0 r: 1 x=580.0 roundedX=580.0 y=480.0 roundedY=480.0
Vertex dir=0 q: 1 r: 2 x=718.5640646055101 roundedX=719.0 y=560.0 roundedY=560.0
Vertex dir=1 q: 1 r: 2 x=787.8460969082652 roundedX=788.0 y=600.0 roundedY=600.0
Vertex dir=2 q: 1 r: 2 x=787.8460969082652 roundedX=788.0 y=680.0 roundedY=680.0
Vertex dir=3 q: 1 r: 2 x=718.5640646055101 roundedX=719.0 y=720.0 roundedY=720.0
Vertex dir=4 q: 1 r: 2 x=649.282032302755 roundedX=649.0 y=680.0 roundedY=680.0
Vertex dir=5 q: 1 r: 2 x=649.282032302755 roundedX=649.0 y=600.0 roundedY=600.0
Vertex dir=0 q: 0 r: 2 x=580.0 roundedX=580.0 y=560.0 roundedY=560.0
Vertex dir=1 q: 0 r: 2 x=649.282032302755 roundedX=649.0 y=600.0 roundedY=600.0
Vertex dir=2 q: 0 r: 2 x=649.282032302755 roundedX=649.0 y=680.0 roundedY=680.0
Vertex dir=3 q: 0 r: 2 x=580.0 roundedX=580.0 y=720.0 roundedY=720.0
Vertex dir=4 q: 0 r: 2 x=510.71796769724494 roundedX=511.0 y=680.0 roundedY=680.0
Vertex dir=5 q: 0 r: 2 x=510.71796769724494 roundedX=511.0 y=600.0 roundedY=600.0
Vertex dir=0 q: -2 r: 1 x=372.1539030917347 roundedX=372.0 y=440.0 roundedY=440.0
Vertex dir=1 q: -2 r: 1 x=441.4359353944898 roundedX=441.0 y=480.0 roundedY=480.0
Vertex dir=2 q: -2 r: 1 x=441.43593539448983 roundedX=441.0 y=560.0 roundedY=560.0
Vertex dir=3 q: -2 r: 1 x=372.1539030917347 roundedX=372.0 y=600.0 roundedY=600.0
Vertex dir=4 q: -2 r: 1 x=302.87187078897966 roundedX=303.0 y=560.0 roundedY=560.0
Vertex dir=5 q: -2 r: 1 x=302.87187078897966 roundedX=303.0 y=480.0 roundedY=480.0
Vertex dir=0 q: -1 r: 2 x=441.43593539448983 roundedX=441.0 y=560.0 roundedY=560.0
Vertex dir=1 q: -1 r: 2 x=510.71796769724494 roundedX=511.0 y=600.0 roundedY=600.0
Vertex dir=2 q: -1 r: 2 x=510.71796769724494 roundedX=511.0 y=680.0 roundedY=680.0
Vertex dir=3 q: -1 r: 2 x=441.43593539448983 roundedX=441.0 y=720.0 roundedY=720.0
Vertex dir=4 q: -1 r: 2 x=372.1539030917347 roundedX=372.0 y=680.0 roundedY=680.0
Vertex dir=5 q: -1 r: 2 x=372.1539030917347 roundedX=372.0 y=600.0 roundedY=600.0
Vertex dir=0 q: 1 r: -2 x=718.5640646055101 roundedX=719.0 y=80.0 roundedY=80.0
Vertex dir=1 q: 1 r: -2 x=787.8460969082652 roundedX=788.0 y=120.0 roundedY=120.0
Vertex dir=2 q: 1 r: -2 x=787.8460969082652 roundedX=788.0 y=200.0 roundedY=200.0
Vertex dir=3 q: 1 r: -2 x=718.5640646055101 roundedX=719.0 y=240.0 roundedY=240.0
Vertex dir=4 q: 1 r: -2 x=649.282032302755 roundedX=649.0 y=200.00000000000003 roundedY=200.0
Vertex dir=5 q: 1 r: -2 x=649.282032302755 roundedX=649.0 y=120.0 roundedY=120.0
Vertex dir=0 q: -2 r: 0 x=302.87187078897966 roundedX=303.0 y=320.0 roundedY=320.0
Vertex dir=1 q: -2 r: 0 x=372.1539030917347 roundedX=372.0 y=360.0 roundedY=360.0
Vertex dir=2 q: -2 r: 0 x=372.1539030917348 roundedX=372.0 y=440.0 roundedY=440.0
Vertex dir=3 q: -2 r: 0 x=302.87187078897966 roundedX=303.0 y=480.0 roundedY=480.0
Vertex dir=4 q: -2 r: 0 x=233.58983848622458 roundedX=234.0 y=440.0 roundedY=440.0
Vertex dir=5 q: -2 r: 0 x=233.58983848622458 roundedX=234.0 y=360.0 roundedY=360.0
Vertex dir=0 q: -1 r: 1 x=510.71796769724494 roundedX=511.0 y=440.0 roundedY=440.0
Vertex dir=1 q: -1 r: 1 x=580.0 roundedX=580.0 y=480.0 roundedY=480.0
Vertex dir=2 q: -1 r: 1 x=580.0 roundedX=580.0 y=560.0 roundedY=560.0
Vertex dir=3 q: -1 r: 1 x=510.71796769724494 roundedX=511.0 y=600.0 roundedY=600.0
Vertex dir=4 q: -1 r: 1 x=441.4359353944899 roundedX=441.0 y=560.0 roundedY=560.0
Vertex dir=5 q: -1 r: 1 x=441.4359353944899 roundedX=441.0 y=480.0 roundedY=480.0
Vertex dir=0 q: -2 r: -1 x=372.1539030917347 roundedX=372.0 y=200.0 roundedY=200.0
Vertex dir=1 q: -2 r: -1 x=441.4359353944898 roundedX=441.0 y=240.0 roundedY=240.0
Vertex dir=2 q: -2 r: -1 x=441.43593539448983 roundedX=441.0 y=320.0 roundedY=320.0
Vertex dir=3 q: -2 r: -1 x=372.1539030917347 roundedX=372.0 y=360.0 roundedY=360.0
Vertex dir=4 q: -2 r: -1 x=302.87187078897966 roundedX=303.0 y=320.0 roundedY=320.0
Vertex dir=5 q: -2 r: -1 x=302.87187078897966 roundedX=303.0 y=240.0 roundedY=240.0
Vertex dir=0 q: 1 r: -1 x=787.8460969082653 roundedX=788.0 y=200.0 roundedY=200.0
Vertex dir=1 q: 1 r: -1 x=857.1281292110203 roundedX=857.0 y=240.0 roundedY=240.0
Vertex dir=2 q: 1 r: -1 x=857.1281292110203 roundedX=857.0 y=320.0 roundedY=320.0
Vertex dir=3 q: 1 r: -1 x=787.8460969082653 roundedX=788.0 y=360.0 roundedY=360.0
Vertex dir=4 q: 1 r: -1 x=718.5640646055102 roundedX=719.0 y=320.0 roundedY=320.0
Vertex dir=5 q: 1 r: -1 x=718.5640646055102 roundedX=719.0 y=240.0 roundedY=240.0
Vertex dir=0 q: -1 r: 0 x=441.43593539448983 roundedX=441.0 y=320.0 roundedY=320.0
Vertex dir=1 q: -1 r: 0 x=510.71796769724494 roundedX=511.0 y=360.0 roundedY=360.0
Vertex dir=2 q: -1 r: 0 x=510.71796769724494 roundedX=511.0 y=440.0 roundedY=440.0
Vertex dir=3 q: -1 r: 0 x=441.43593539448983 roundedX=441.0 y=480.0 roundedY=480.0
Vertex dir=4 q: -1 r: 0 x=372.1539030917347 roundedX=372.0 y=440.0 roundedY=440.0
Vertex dir=5 q: -1 r: 0 x=372.1539030917347 roundedX=372.0 y=360.0 roundedY=360.0
Vertex dir=0 q: 2 r: 0 x=857.1281292110203 roundedX=857.0 y=320.0 roundedY=320.0
Vertex dir=1 q: 2 r: 0 x=926.4101615137754 roundedX=926.0 y=360.0 roundedY=360.0
Vertex dir=2 q: 2 r: 0 x=926.4101615137754 roundedX=926.0 y=440.0 roundedY=440.0
Vertex dir=3 q: 2 r: 0 x=857.1281292110203 roundedX=857.0 y=480.0 roundedY=480.0
Vertex dir=4 q: 2 r: 0 x=787.8460969082653 roundedX=788.0 y=440.0 roundedY=440.0
Vertex dir=5 q: 2 r: 0 x=787.8460969082653 roundedX=788.0 y=360.0 roundedY=360.0
Vertex dir=0 q: -1 r: -1 x=510.71796769724494 roundedX=511.0 y=200.0 roundedY=200.0
Vertex dir=1 q: -1 r: -1 x=580.0 roundedX=580.0 y=240.0 roundedY=240.0
Vertex dir=2 q: -1 r: -1 x=580.0 roundedX=580.0 y=320.0 roundedY=320.0
Vertex dir=3 q: -1 r: -1 x=510.71796769724494 roundedX=511.0 y=360.0 roundedY=360.0
Vertex dir=4 q: -1 r: -1 x=441.4359353944899 roundedX=441.0 y=320.0 roundedY=320.0
Vertex dir=5 q: -1 r: -1 x=441.4359353944899 roundedX=441.0 y=240.0 roundedY=240.0
Vertex dir=0 q: 1 r: 0 x=718.5640646055101 roundedX=719.0 y=320.0 roundedY=320.0
Vertex dir=1 q: 1 r: 0 x=787.8460969082652 roundedX=788.0 y=360.0 roundedY=360.0
Vertex dir=2 q: 1 r: 0 x=787.8460969082652 roundedX=788.0 y=440.0 roundedY=440.0
Vertex dir=3 q: 1 r: 0 x=718.5640646055101 roundedX=719.0 y=480.0 roundedY=480.0
Vertex dir=4 q: 1 r: 0 x=649.282032302755 roundedX=649.0 y=440.0 roundedY=440.0
Vertex dir=5 q: 1 r: 0 x=649.282032302755 roundedX=649.0 y=360.0 roundedY=360.0
Key X: 580.0Key Y: 560.0, Value: [Vertex(0, 1, 4), Vertex(0, 2, 0), Vertex(-1, 1, 2)]
Key X: 857.0Key Y: 320.0, Value: [Vertex(1, -1, 2), Vertex(2, 0, 0)]
Key X: 719.0Key Y: 480.0, Value: [Vertex(1, 1, 5), Vertex(0, 1, 1), Vertex(1, 0, 3)]
Key X: 580.0Key Y: 720.0, Value: [Vertex(0, 2, 3)]
Key X: 719.0Key Y: 560.0, Value: [Vertex(1, 1, 4), Vertex(0, 1, 2), Vertex(1, 2, 0)]
Key X: 441.0Key Y: 80.0, Value: [Vertex(-1, -2, 0)]
Key X: 857.0Key Y: 480.0, Value: [Vertex(1, 1, 1), Vertex(2, 0, 3)]
Key X: 719.0Key Y: 720.0, Value: [Vertex(1, 2, 3)]
Key X: 857.0Key Y: 560.0, Value: [Vertex(1, 1, 2)]
Key X: 372.0Key Y: 120.0, Value: [Vertex(-1, -2, 5)]
Key X: 303.0Key Y: 240.0, Value: [Vertex(-2, -1, 5)]
Key X: 372.0Key Y: 200.0, Value: [Vertex(-1, -2, 4), Vertex(-2, -1, 0)]
Key X: 511.0Key Y: 120.0, Value: [Vertex(-1, -2, 1), Vertex(0, -2, 5)]
Key X: 303.0Key Y: 320.0, Value: [Vertex(-2, 0, 0), Vertex(-2, -1, 4)]
Key X: 649.0Key Y: 120.0, Value: [Vertex(0, -2, 1), Vertex(1, -2, 5)]
Key X: 441.0Key Y: 240.0, Value: [Vertex(-1, -2, 3), Vertex(-2, -1, 1), Vertex(-1, -1, 5)]
Key X: 372.0Key Y: 360.0, Value: [Vertex(-2, 0, 1), Vertex(-2, -1, 3), Vertex(-1, 0, 5)]
Key X: 511.0Key Y: 200.0, Value: [Vertex(-1, -2, 2), Vertex(0, -2, 4), Vertex(-1, -1, 0)]
Key X: 788.0Key Y: 120.0, Value: [Vertex(1, -2, 1)]
Key X: 303.0Key Y: 480.0, Value: [Vertex(-2, 1, 5), Vertex(-2, 0, 3)]
Key X: 441.0Key Y: 320.0, Value: [Vertex(-2, -1, 2), Vertex(-1, 0, 0), Vertex(-1, -1, 4)]
Key X: 649.0Key Y: 200.0, Value: [Vertex(0, -1, 0), Vertex(0, -2, 2), Vertex(1, -2, 4)]
Key X: 303.0Key Y: 560.0, Value: [Vertex(-2, 1, 4)]
Key X: 372.0Key Y: 440.0, Value: [Vertex(-2, 1, 0), Vertex(-2, 0, 2), Vertex(-1, 0, 4)]
Key X: 372.0Key Y: 600.0, Value: [Vertex(-2, 1, 3), Vertex(-1, 2, 5)]
Key X: 788.0Key Y: 200.0, Value: [Vertex(1, -2, 2), Vertex(1, -1, 0)]
Key X: 441.0Key Y: 480.0, Value: [Vertex(-2, 1, 1), Vertex(-1, 1, 5), Vertex(-1, 0, 3)]
Key X: 511.0Key Y: 360.0, Value: [Vertex(0, 0, 5), Vertex(-1, 0, 1), Vertex(-1, -1, 3)]
Key X: 441.0Key Y: 560.0, Value: [Vertex(-2, 1, 2), Vertex(-1, 2, 0), Vertex(-1, 1, 4)]
Key X: 372.0Key Y: 680.0, Value: [Vertex(-1, 2, 4)]
Key X: 511.0Key Y: 440.0, Value: [Vertex(0, 0, 4), Vertex(-1, 1, 0), Vertex(-1, 0, 2)]
Key X: 649.0Key Y: 360.0, Value: [Vertex(0, -1, 3), Vertex(0, 0, 1), Vertex(1, 0, 5)]
Key X: 441.0Key Y: 720.0, Value: [Vertex(-1, 2, 3)]
Key X: 788.0Key Y: 360.0, Value: [Vertex(1, -1, 3), Vertex(2, 0, 5), Vertex(1, 0, 1)]
Key X: 511.0Key Y: 600.0, Value: [Vertex(0, 2, 5), Vertex(-1, 2, 1), Vertex(-1, 1, 3)]
Key X: 649.0Key Y: 440.0, Value: [Vertex(0, 0, 2), Vertex(0, 1, 0), Vertex(1, 0, 4)]
Key X: 511.0Key Y: 680.0, Value: [Vertex(0, 2, 4), Vertex(-1, 2, 2)]
Key X: 926.0Key Y: 360.0, Value: [Vertex(2, 0, 1)]
Key X: 649.0Key Y: 600.0, Value: [Vertex(0, 1, 3), Vertex(1, 2, 5), Vertex(0, 2, 1)]
Key X: 788.0Key Y: 440.0, Value: [Vertex(1, 1, 0), Vertex(2, 0, 4), Vertex(1, 0, 2)]
Key X: 649.0Key Y: 680.0, Value: [Vertex(1, 2, 4), Vertex(0, 2, 2)]
Key X: 926.0Key Y: 440.0, Value: [Vertex(2, 0, 2)]
Key X: 788.0Key Y: 600.0, Value: [Vertex(1, 1, 3), Vertex(1, 2, 1)]
Key X: 788.0Key Y: 680.0, Value: [Vertex(1, 2, 2)]
Key X: 580.0Key Y: 80.0, Value: [Vertex(0, -2, 0)]
Key X: 719.0Key Y: 80.0, Value: [Vertex(1, -2, 0)]
Key X: 580.0Key Y: 240.0, Value: [Vertex(0, -1, 5), Vertex(0, -2, 3), Vertex(-1, -1, 1)]
Key X: 234.0Key Y: 360.0, Value: [Vertex(-2, 0, 5)]
Key X: 580.0Key Y: 320.0, Value: [Vertex(0, -1, 4), Vertex(0, 0, 0), Vertex(-1, -1, 2)]
Key X: 234.0Key Y: 440.0, Value: [Vertex(-2, 0, 4)]
Key X: 719.0Key Y: 240.0, Value: [Vertex(0, -1, 1), Vertex(1, -2, 3), Vertex(1, -1, 5)]
Key X: 857.0Key Y: 240.0, Value: [Vertex(1, -1, 1)]
Key X: 719.0Key Y: 320.0, Value: [Vertex(0, -1, 2), Vertex(1, -1, 4), Vertex(1, 0, 0)]
Key X: 580.0Key Y: 480.0, Value: [Vertex(0, 0, 3), Vertex(0, 1, 5), Vertex(-1, 1, 1)]
Key: Vertex(-2, 1, 4) -> Value: Vertex(-2, 1, 4)
Size: 114
Key: Vertex(-2, 1, 5) -> Value: Vertex(-2, 1, 5)
Size: 114
Key: Vertex(1, -1, 0) -> Value: Vertex(1, -2, 2)
Size: 114
Key: Vertex(1, -1, 1) -> Value: Vertex(1, -1, 1)
Size: 114
Key: Vertex(1, -1, 2) -> Value: Vertex(1, -1, 2)
Size: 114
Key: Vertex(1, -1, 3) -> Value: Vertex(1, -1, 3)
Size: 114
Key: Vertex(1, -1, 4) -> Value: Vertex(0, -1, 2)
Size: 114
Key: Vertex(1, -1, 5) -> Value: Vertex(0, -1, 1)
Size: 114
Key: Vertex(1, 0, 0) -> Value: Vertex(0, -1, 2)
Size: 114
Key: Vertex(1, 0, 1) -> Value: Vertex(1, -1, 3)
Size: 114
Key: Vertex(0, -2, 0) -> Value: Vertex(0, -2, 0)
Size: 114
Key: Vertex(0, -2, 1) -> Value: Vertex(0, -2, 1)
Size: 114
Key: Vertex(1, 0, 2) -> Value: Vertex(1, 1, 0)
Size: 114
Key: Vertex(1, 0, 3) -> Value: Vertex(1, 1, 5)
Size: 114
Key: Vertex(0, -2, 2) -> Value: Vertex(0, -1, 0)
Size: 114
Key: Vertex(1, 0, 4) -> Value: Vertex(0, 0, 2)
Size: 114
Key: Vertex(0, -2, 3) -> Value: Vertex(0, -1, 5)
Size: 114
Key: Vertex(0, -2, 4) -> Value: Vertex(-1, -2, 2)
Size: 114
Key: Vertex(1, 0, 5) -> Value: Vertex(0, -1, 3)
Size: 114
Key: Vertex(0, -2, 5) -> Value: Vertex(-1, -2, 1)
Size: 114
Key: Vertex(1, 1, 0) -> Value: Vertex(1, 1, 0)
Size: 114
Key: Vertex(1, 1, 1) -> Value: Vertex(1, 1, 1)
Size: 114
Key: Vertex(0, -1, 0) -> Value: Vertex(0, -1, 0)
Size: 114
Key: Vertex(1, 1, 2) -> Value: Vertex(1, 1, 2)
Size: 114
Key: Vertex(0, -1, 1) -> Value: Vertex(0, -1, 1)
Size: 114
Key: Vertex(1, 1, 3) -> Value: Vertex(1, 1, 3)
Size: 114
Key: Vertex(0, -1, 2) -> Value: Vertex(0, -1, 2)
Size: 114
Key: Vertex(1, 1, 4) -> Value: Vertex(1, 1, 4)
Size: 114
Key: Vertex(0, -1, 3) -> Value: Vertex(0, -1, 3)
Size: 114
Key: Vertex(1, 1, 5) -> Value: Vertex(1, 1, 5)
Size: 114
Key: Vertex(0, -1, 4) -> Value: Vertex(0, -1, 4)
Size: 114
Key: Vertex(0, -1, 5) -> Value: Vertex(0, -1, 5)
Size: 114
Key: Vertex(1, 2, 0) -> Value: Vertex(1, 1, 4)
Size: 114
Key: Vertex(1, 2, 1) -> Value: Vertex(1, 1, 3)
Size: 114
Key: Vertex(0, 0, 0) -> Value: Vertex(0, -1, 4)
Size: 114
Key: Vertex(-1, -2, 0) -> Value: Vertex(-1, -2, 0)
Size: 114
Key: Vertex(0, 0, 1) -> Value: Vertex(0, -1, 3)
Size: 114
Key: Vertex(1, 2, 2) -> Value: Vertex(1, 2, 2)
Size: 114
Key: Vertex(1, 2, 3) -> Value: Vertex(1, 2, 3)
Size: 114
Key: Vertex(-1, -2, 1) -> Value: Vertex(-1, -2, 1)
Size: 114
Key: Vertex(0, 0, 2) -> Value: Vertex(0, 0, 2)
Size: 114
Key: Vertex(-1, -2, 2) -> Value: Vertex(-1, -2, 2)
Size: 114
Key: Vertex(1, 2, 4) -> Value: Vertex(1, 2, 4)
Size: 114
Key: Vertex(0, 0, 3) -> Value: Vertex(0, 0, 3)
Size: 114
Key: Vertex(-1, -2, 3) -> Value: Vertex(-1, -2, 3)
Size: 114
Key: Vertex(0, 0, 4) -> Value: Vertex(0, 0, 4)
Size: 114
Key: Vertex(1, 2, 5) -> Value: Vertex(0, 1, 3)
Size: 114
Key: Vertex(-1, -2, 4) -> Value: Vertex(-1, -2, 4)
Size: 114
Key: Vertex(0, 0, 5) -> Value: Vertex(0, 0, 5)
Size: 114
Key: Vertex(-1, -2, 5) -> Value: Vertex(-1, -2, 5)
Size: 114
Key: Vertex(0, 1, 0) -> Value: Vertex(0, 0, 2)
Size: 114
Key: Vertex(0, 1, 1) -> Value: Vertex(1, 1, 5)
Size: 114
Key: Vertex(-1, -1, 0) -> Value: Vertex(-1, -2, 2)
Size: 114
Key: Vertex(0, 1, 2) -> Value: Vertex(1, 1, 4)
Size: 114
Key: Vertex(-1, -1, 1) -> Value: Vertex(0, -1, 5)
Size: 114
Key: Vertex(0, 1, 3) -> Value: Vertex(0, 1, 3)
Size: 114
Key: Vertex(-1, -1, 2) -> Value: Vertex(0, -1, 4)
Size: 114
Key: Vertex(0, 1, 4) -> Value: Vertex(0, 1, 4)
Size: 114
Key: Vertex(-1, -1, 3) -> Value: Vertex(0, 0, 5)
Size: 114
Key: Vertex(-1, -1, 4) -> Value: Vertex(-2, -1, 2)
Size: 114
Key: Vertex(0, 1, 5) -> Value: Vertex(0, 0, 3)
Size: 114
Key: Vertex(-1, -1, 5) -> Value: Vertex(-1, -2, 3)
Size: 114
Key: Vertex(0, 2, 0) -> Value: Vertex(0, 1, 4)
Size: 114
Key: Vertex(-1, 0, 0) -> Value: Vertex(-2, -1, 2)
Size: 114
Key: Vertex(0, 2, 1) -> Value: Vertex(0, 1, 3)
Size: 114
Key: Vertex(-1, 0, 1) -> Value: Vertex(0, 0, 5)
Size: 114
Key: Vertex(0, 2, 2) -> Value: Vertex(1, 2, 4)
Size: 114
Key: Vertex(0, 2, 3) -> Value: Vertex(0, 2, 3)
Size: 114
Key: Vertex(-1, 0, 2) -> Value: Vertex(0, 0, 4)
Size: 114
Key: Vertex(-1, 0, 3) -> Value: Vertex(-2, 1, 1)
Size: 114
Key: Vertex(0, 2, 4) -> Value: Vertex(0, 2, 4)
Size: 114
Key: Vertex(-1, 0, 4) -> Value: Vertex(-2, 1, 0)
Size: 114
Key: Vertex(0, 2, 5) -> Value: Vertex(0, 2, 5)
Size: 114
Key: Vertex(-1, 0, 5) -> Value: Vertex(-2, 0, 1)
Size: 114
Key: Vertex(-1, 1, 0) -> Value: Vertex(0, 0, 4)
Size: 114
Key: Vertex(-2, -1, 0) -> Value: Vertex(-1, -2, 4)
Size: 114
Key: Vertex(-1, 1, 1) -> Value: Vertex(0, 0, 3)
Size: 114
Key: Vertex(-1, 1, 2) -> Value: Vertex(0, 1, 4)
Size: 114
Key: Vertex(-2, -1, 1) -> Value: Vertex(-1, -2, 3)
Size: 114
Key: Vertex(-2, -1, 2) -> Value: Vertex(-2, -1, 2)
Size: 114
Key: Vertex(-1, 1, 3) -> Value: Vertex(0, 2, 5)
Size: 114
Key: Vertex(-2, -1, 3) -> Value: Vertex(-2, 0, 1)
Size: 114
Key: Vertex(-1, 1, 4) -> Value: Vertex(-2, 1, 2)
Size: 114
Key: Vertex(-2, -1, 4) -> Value: Vertex(-2, 0, 0)
Size: 114
Key: Vertex(-1, 1, 5) -> Value: Vertex(-2, 1, 1)
Size: 114
Key: Vertex(-2, -1, 5) -> Value: Vertex(-2, -1, 5)
Size: 114
Key: Vertex(-1, 2, 0) -> Value: Vertex(-2, 1, 2)
Size: 114
Key: Vertex(-2, 0, 0) -> Value: Vertex(-2, 0, 0)
Size: 114
Key: Vertex(-1, 2, 1) -> Value: Vertex(0, 2, 5)
Size: 114
Key: Vertex(-2, 0, 1) -> Value: Vertex(-2, 0, 1)
Size: 114
Key: Vertex(-1, 2, 2) -> Value: Vertex(0, 2, 4)
Size: 114
Key: Vertex(-2, 0, 2) -> Value: Vertex(-2, 1, 0)
Size: 114
Key: Vertex(-1, 2, 3) -> Value: Vertex(-1, 2, 3)
Size: 114
Key: Vertex(-2, 0, 3) -> Value: Vertex(-2, 1, 5)
Size: 114
Key: Vertex(-1, 2, 4) -> Value: Vertex(-1, 2, 4)
Size: 114
Key: Vertex(2, 0, 0) -> Value: Vertex(1, -1, 2)
Size: 114
Key: Vertex(-1, 2, 5) -> Value: Vertex(-2, 1, 3)
Size: 114
Key: Vertex(-2, 0, 4) -> Value: Vertex(-2, 0, 4)
Size: 114
Key: Vertex(2, 0, 1) -> Value: Vertex(2, 0, 1)
Size: 114
Key: Vertex(1, -2, 0) -> Value: Vertex(1, -2, 0)
Size: 114
Key: Vertex(-2, 0, 5) -> Value: Vertex(-2, 0, 5)
Size: 114
Key: Vertex(1, -2, 1) -> Value: Vertex(1, -2, 1)
Size: 114
Key: Vertex(2, 0, 2) -> Value: Vertex(2, 0, 2)
Size: 114
Key: Vertex(2, 0, 3) -> Value: Vertex(1, 1, 1)
Size: 114
Key: Vertex(1, -2, 2) -> Value: Vertex(1, -2, 2)
Size: 114
Key: Vertex(2, 0, 4) -> Value: Vertex(1, 1, 0)
Size: 114
Key: Vertex(1, -2, 3) -> Value: Vertex(0, -1, 1)
Size: 114
Key: Vertex(1, -2, 4) -> Value: Vertex(0, -1, 0)
Size: 114
Key: Vertex(2, 0, 5) -> Value: Vertex(1, -1, 3)
Size: 114
Key: Vertex(1, -2, 5) -> Value: Vertex(0, -2, 1)
Size: 114
Key: Vertex(-2, 1, 0) -> Value: Vertex(-2, 1, 0)
Size: 114
Key: Vertex(-2, 1, 1) -> Value: Vertex(-2, 1, 1)
Size: 114
Key: Vertex(-2, 1, 2) -> Value: Vertex(-2, 1, 2)
Size: 114
Key: Vertex(-2, 1, 3) -> Value: Vertex(-2, 1, 3)
Size: 114
Vertex dir=0 q: -1 r: -2 x=441.43593539448983 roundedX=441.0 y=80.0 roundedY=80.0
Vertex dir=1 q: -1 r: -2 x=510.71796769724494 roundedX=511.0 y=120.0 roundedY=120.0
Vertex dir=2 q: -1 r: -2 x=510.71796769724494 roundedX=511.0 y=200.0 roundedY=200.0
Vertex dir=3 q: -1 r: -2 x=441.43593539448983 roundedX=441.0 y=240.0 roundedY=240.0
Vertex dir=4 q: -1 r: -2 x=372.1539030917347 roundedX=372.0 y=200.00000000000003 roundedY=200.0
Vertex dir=5 q: -1 r: -2 x=372.1539030917347 roundedX=372.0 y=120.0 roundedY=120.0
Vertex dir=0 q: 0 r: -1 x=649.282032302755 roundedX=649.0 y=200.0 roundedY=200.0
Vertex dir=1 q: 0 r: -1 x=718.5640646055101 roundedX=719.0 y=240.0 roundedY=240.0
Vertex dir=2 q: 0 r: -1 x=718.5640646055101 roundedX=719.0 y=320.0 roundedY=320.0
Vertex dir=3 q: 0 r: -1 x=649.282032302755 roundedX=649.0 y=360.0 roundedY=360.0
Vertex dir=4 q: 0 r: -1 x=580.0 roundedX=580.0 y=320.0 roundedY=320.0
Vertex dir=5 q: 0 r: -1 x=580.0 roundedX=580.0 y=240.0 roundedY=240.0
Vertex dir=0 q: 0 r: 0 x=580.0 roundedX=580.0 y=320.0 roundedY=320.0
Vertex dir=1 q: 0 r: 0 x=649.282032302755 roundedX=649.0 y=360.0 roundedY=360.0
Vertex dir=2 q: 0 r: 0 x=649.282032302755 roundedX=649.0 y=440.0 roundedY=440.0
Vertex dir=3 q: 0 r: 0 x=580.0 roundedX=580.0 y=480.0 roundedY=480.0
Vertex dir=4 q: 0 r: 0 x=510.71796769724494 roundedX=511.0 y=440.0 roundedY=440.0
Vertex dir=5 q: 0 r: 0 x=510.71796769724494 roundedX=511.0 y=360.0 roundedY=360.0
Vertex dir=0 q: 1 r: 1 x=787.8460969082653 roundedX=788.0 y=440.0 roundedY=440.0
Vertex dir=1 q: 1 r: 1 x=857.1281292110203 roundedX=857.0 y=480.0 roundedY=480.0
Vertex dir=2 q: 1 r: 1 x=857.1281292110203 roundedX=857.0 y=560.0 roundedY=560.0
Vertex dir=3 q: 1 r: 1 x=787.8460969082653 roundedX=788.0 y=600.0 roundedY=600.0
Vertex dir=4 q: 1 r: 1 x=718.5640646055102 roundedX=719.0 y=560.0 roundedY=560.0
Vertex dir=5 q: 1 r: 1 x=718.5640646055102 roundedX=719.0 y=480.0 roundedY=480.0
Vertex dir=0 q: 0 r: -2 x=580.0 roundedX=580.0 y=80.0 roundedY=80.0
Vertex dir=1 q: 0 r: -2 x=649.282032302755 roundedX=649.0 y=120.0 roundedY=120.0
Vertex dir=2 q: 0 r: -2 x=649.282032302755 roundedX=649.0 y=200.0 roundedY=200.0
Vertex dir=3 q: 0 r: -2 x=580.0 roundedX=580.0 y=240.0 roundedY=240.0
Vertex dir=4 q: 0 r: -2 x=510.71796769724494 roundedX=511.0 y=200.00000000000003 roundedY=200.0
Vertex dir=5 q: 0 r: -2 x=510.71796769724494 roundedX=511.0 y=120.0 roundedY=120.0
Vertex dir=0 q: 0 r: 1 x=649.282032302755 roundedX=649.0 y=440.0 roundedY=440.0
Vertex dir=1 q: 0 r: 1 x=718.5640646055101 roundedX=719.0 y=480.0 roundedY=480.0
Vertex dir=2 q: 0 r: 1 x=718.5640646055101 roundedX=719.0 y=560.0 roundedY=560.0
Vertex dir=3 q: 0 r: 1 x=649.282032302755 roundedX=649.0 y=600.0 roundedY=600.0
Vertex dir=4 q: 0 r: 1 x=580.0 roundedX=580.0 y=560.0 roundedY=560.0
Vertex dir=5 q: 0 r: 1 x=580.0 roundedX=580.0 y=480.0 roundedY=480.0
Vertex dir=0 q: 1 r: 2 x=718.5640646055101 roundedX=719.0 y=560.0 roundedY=560.0
Vertex dir=1 q: 1 r: 2 x=787.8460969082652 roundedX=788.0 y=600.0 roundedY=600.0
Vertex dir=2 q: 1 r: 2 x=787.8460969082652 roundedX=788.0 y=680.0 roundedY=680.0
Vertex dir=3 q: 1 r: 2 x=718.5640646055101 roundedX=719.0 y=720.0 roundedY=720.0
Vertex dir=4 q: 1 r: 2 x=649.282032302755 roundedX=649.0 y=680.0 roundedY=680.0
Vertex dir=5 q: 1 r: 2 x=649.282032302755 roundedX=649.0 y=600.0 roundedY=600.0
Vertex dir=0 q: 0 r: 2 x=580.0 roundedX=580.0 y=560.0 roundedY=560.0
Vertex dir=1 q: 0 r: 2 x=649.282032302755 roundedX=649.0 y=600.0 roundedY=600.0
Vertex dir=2 q: 0 r: 2 x=649.282032302755 roundedX=649.0 y=680.0 roundedY=680.0
Vertex dir=3 q: 0 r: 2 x=580.0 roundedX=580.0 y=720.0 roundedY=720.0
Vertex dir=4 q: 0 r: 2 x=510.71796769724494 roundedX=511.0 y=680.0 roundedY=680.0
Vertex dir=5 q: 0 r: 2 x=510.71796769724494 roundedX=511.0 y=600.0 roundedY=600.0
Vertex dir=0 q: -2 r: 1 x=372.1539030917347 roundedX=372.0 y=440.0 roundedY=440.0
Vertex dir=1 q: -2 r: 1 x=441.4359353944898 roundedX=441.0 y=480.0 roundedY=480.0
Vertex dir=2 q: -2 r: 1 x=441.43593539448983 roundedX=441.0 y=560.0 roundedY=560.0
Vertex dir=3 q: -2 r: 1 x=372.1539030917347 roundedX=372.0 y=600.0 roundedY=600.0
Vertex dir=4 q: -2 r: 1 x=302.87187078897966 roundedX=303.0 y=560.0 roundedY=560.0
Vertex dir=5 q: -2 r: 1 x=302.87187078897966 roundedX=303.0 y=480.0 roundedY=480.0
Vertex dir=0 q: -1 r: 2 x=441.43593539448983 roundedX=441.0 y=560.0 roundedY=560.0
Vertex dir=1 q: -1 r: 2 x=510.71796769724494 roundedX=511.0 y=600.0 roundedY=600.0
Vertex dir=2 q: -1 r: 2 x=510.71796769724494 roundedX=511.0 y=680.0 roundedY=680.0
Vertex dir=3 q: -1 r: 2 x=441.43593539448983 roundedX=441.0 y=720.0 roundedY=720.0
Vertex dir=4 q: -1 r: 2 x=372.1539030917347 roundedX=372.0 y=680.0 roundedY=680.0
Vertex dir=5 q: -1 r: 2 x=372.1539030917347 roundedX=372.0 y=600.0 roundedY=600.0
Vertex dir=0 q: 1 r: -2 x=718.5640646055101 roundedX=719.0 y=80.0 roundedY=80.0
Vertex dir=1 q: 1 r: -2 x=787.8460969082652 roundedX=788.0 y=120.0 roundedY=120.0
Vertex dir=2 q: 1 r: -2 x=787.8460969082652 roundedX=788.0 y=200.0 roundedY=200.0
Vertex dir=3 q: 1 r: -2 x=718.5640646055101 roundedX=719.0 y=240.0 roundedY=240.0
Vertex dir=4 q: 1 r: -2 x=649.282032302755 roundedX=649.0 y=200.00000000000003 roundedY=200.0
Vertex dir=5 q: 1 r: -2 x=649.282032302755 roundedX=649.0 y=120.0 roundedY=120.0
Vertex dir=0 q: -2 r: 0 x=302.87187078897966 roundedX=303.0 y=320.0 roundedY=320.0
Vertex dir=1 q: -2 r: 0 x=372.1539030917347 roundedX=372.0 y=360.0 roundedY=360.0
Vertex dir=2 q: -2 r: 0 x=372.1539030917348 roundedX=372.0 y=440.0 roundedY=440.0
Vertex dir=3 q: -2 r: 0 x=302.87187078897966 roundedX=303.0 y=480.0 roundedY=480.0
Vertex dir=4 q: -2 r: 0 x=233.58983848622458 roundedX=234.0 y=440.0 roundedY=440.0
Vertex dir=5 q: -2 r: 0 x=233.58983848622458 roundedX=234.0 y=360.0 roundedY=360.0
Vertex dir=0 q: -1 r: 1 x=510.71796769724494 roundedX=511.0 y=440.0 roundedY=440.0
Vertex dir=1 q: -1 r: 1 x=580.0 roundedX=580.0 y=480.0 roundedY=480.0
Vertex dir=2 q: -1 r: 1 x=580.0 roundedX=580.0 y=560.0 roundedY=560.0
Vertex dir=3 q: -1 r: 1 x=510.71796769724494 roundedX=511.0 y=600.0 roundedY=600.0
Vertex dir=4 q: -1 r: 1 x=441.4359353944899 roundedX=441.0 y=560.0 roundedY=560.0
Vertex dir=5 q: -1 r: 1 x=441.4359353944899 roundedX=441.0 y=480.0 roundedY=480.0
Vertex dir=0 q: -2 r: -1 x=372.1539030917347 roundedX=372.0 y=200.0 roundedY=200.0
Vertex dir=1 q: -2 r: -1 x=441.4359353944898 roundedX=441.0 y=240.0 roundedY=240.0
Vertex dir=2 q: -2 r: -1 x=441.43593539448983 roundedX=441.0 y=320.0 roundedY=320.0
Vertex dir=3 q: -2 r: -1 x=372.1539030917347 roundedX=372.0 y=360.0 roundedY=360.0
Vertex dir=4 q: -2 r: -1 x=302.87187078897966 roundedX=303.0 y=320.0 roundedY=320.0
Vertex dir=5 q: -2 r: -1 x=302.87187078897966 roundedX=303.0 y=240.0 roundedY=240.0
Vertex dir=0 q: 1 r: -1 x=787.8460969082653 roundedX=788.0 y=200.0 roundedY=200.0
Vertex dir=1 q: 1 r: -1 x=857.1281292110203 roundedX=857.0 y=240.0 roundedY=240.0
Vertex dir=2 q: 1 r: -1 x=857.1281292110203 roundedX=857.0 y=320.0 roundedY=320.0
Vertex dir=3 q: 1 r: -1 x=787.8460969082653 roundedX=788.0 y=360.0 roundedY=360.0
Vertex dir=4 q: 1 r: -1 x=718.5640646055102 roundedX=719.0 y=320.0 roundedY=320.0
Vertex dir=5 q: 1 r: -1 x=718.5640646055102 roundedX=719.0 y=240.0 roundedY=240.0
Vertex dir=0 q: -1 r: 0 x=441.43593539448983 roundedX=441.0 y=320.0 roundedY=320.0
Vertex dir=1 q: -1 r: 0 x=510.71796769724494 roundedX=511.0 y=360.0 roundedY=360.0
Vertex dir=2 q: -1 r: 0 x=510.71796769724494 roundedX=511.0 y=440.0 roundedY=440.0
Vertex dir=3 q: -1 r: 0 x=441.43593539448983 roundedX=441.0 y=480.0 roundedY=480.0
Vertex dir=4 q: -1 r: 0 x=372.1539030917347 roundedX=372.0 y=440.0 roundedY=440.0
Vertex dir=5 q: -1 r: 0 x=372.1539030917347 roundedX=372.0 y=360.0 roundedY=360.0
Vertex dir=0 q: 2 r: 0 x=857.1281292110203 roundedX=857.0 y=320.0 roundedY=320.0
Vertex dir=1 q: 2 r: 0 x=926.4101615137754 roundedX=926.0 y=360.0 roundedY=360.0
Vertex dir=2 q: 2 r: 0 x=926.4101615137754 roundedX=926.0 y=440.0 roundedY=440.0
Vertex dir=3 q: 2 r: 0 x=857.1281292110203 roundedX=857.0 y=480.0 roundedY=480.0
Vertex dir=4 q: 2 r: 0 x=787.8460969082653 roundedX=788.0 y=440.0 roundedY=440.0
Vertex dir=5 q: 2 r: 0 x=787.8460969082653 roundedX=788.0 y=360.0 roundedY=360.0
Vertex dir=0 q: -1 r: -1 x=510.71796769724494 roundedX=511.0 y=200.0 roundedY=200.0
Vertex dir=1 q: -1 r: -1 x=580.0 roundedX=580.0 y=240.0 roundedY=240.0
Vertex dir=2 q: -1 r: -1 x=580.0 roundedX=580.0 y=320.0 roundedY=320.0
Vertex dir=3 q: -1 r: -1 x=510.71796769724494 roundedX=511.0 y=360.0 roundedY=360.0
Vertex dir=4 q: -1 r: -1 x=441.4359353944899 roundedX=441.0 y=320.0 roundedY=320.0
Vertex dir=5 q: -1 r: -1 x=441.4359353944899 roundedX=441.0 y=240.0 roundedY=240.0
Vertex dir=0 q: 1 r: 0 x=718.5640646055101 roundedX=719.0 y=320.0 roundedY=320.0
Vertex dir=1 q: 1 r: 0 x=787.8460969082652 roundedX=788.0 y=360.0 roundedY=360.0
Vertex dir=2 q: 1 r: 0 x=787.8460969082652 roundedX=788.0 y=440.0 roundedY=440.0
Vertex dir=3 q: 1 r: 0 x=718.5640646055101 roundedX=719.0 y=480.0 roundedY=480.0
Vertex dir=4 q: 1 r: 0 x=649.282032302755 roundedX=649.0 y=440.0 roundedY=440.0
Vertex dir=5 q: 1 r: 0 x=649.282032302755 roundedX=649.0 y=360.0 roundedY=360.0
Key X: 580.0Key Y: 560.0, Value: [Vertex(0, 1, 4), Vertex(0, 2, 0), Vertex(-1, 1, 2)]
Key X: 857.0Key Y: 320.0, Value: [Vertex(1, -1, 2), Vertex(2, 0, 0)]
Key X: 719.0Key Y: 480.0, Value: [Vertex(1, 1, 5), Vertex(0, 1, 1), Vertex(1, 0, 3)]
Key X: 580.0Key Y: 720.0, Value: [Vertex(0, 2, 3)]
Key X: 719.0Key Y: 560.0, Value: [Vertex(1, 1, 4), Vertex(0, 1, 2), Vertex(1, 2, 0)]
Key X: 441.0Key Y: 80.0, Value: [Vertex(-1, -2, 0)]
Key X: 857.0Key Y: 480.0, Value: [Vertex(1, 1, 1), Vertex(2, 0, 3)]
Key X: 719.0Key Y: 720.0, Value: [Vertex(1, 2, 3)]
Key X: 857.0Key Y: 560.0, Value: [Vertex(1, 1, 2)]
Key X: 372.0Key Y: 120.0, Value: [Vertex(-1, -2, 5)]
Key X: 303.0Key Y: 240.0, Value: [Vertex(-2, -1, 5)]
Key X: 372.0Key Y: 200.0, Value: [Vertex(-1, -2, 4), Vertex(-2, -1, 0)]
Key X: 511.0Key Y: 120.0, Value: [Vertex(-1, -2, 1), Vertex(0, -2, 5)]
Key X: 303.0Key Y: 320.0, Value: [Vertex(-2, 0, 0), Vertex(-2, -1, 4)]
Key X: 649.0Key Y: 120.0, Value: [Vertex(0, -2, 1), Vertex(1, -2, 5)]
Key X: 441.0Key Y: 240.0, Value: [Vertex(-1, -2, 3), Vertex(-2, -1, 1), Vertex(-1, -1, 5)]
Key X: 372.0Key Y: 360.0, Value: [Vertex(-2, 0, 1), Vertex(-2, -1, 3), Vertex(-1, 0, 5)]
Key X: 511.0Key Y: 200.0, Value: [Vertex(-1, -2, 2), Vertex(0, -2, 4), Vertex(-1, -1, 0)]
Key X: 788.0Key Y: 120.0, Value: [Vertex(1, -2, 1)]
Key X: 303.0Key Y: 480.0, Value: [Vertex(-2, 1, 5), Vertex(-2, 0, 3)]
Key X: 441.0Key Y: 320.0, Value: [Vertex(-2, -1, 2), Vertex(-1, 0, 0), Vertex(-1, -1, 4)]
Key X: 649.0Key Y: 200.0, Value: [Vertex(0, -1, 0), Vertex(0, -2, 2), Vertex(1, -2, 4)]
Key X: 303.0Key Y: 560.0, Value: [Vertex(-2, 1, 4)]
Key X: 372.0Key Y: 440.0, Value: [Vertex(-2, 1, 0), Vertex(-2, 0, 2), Vertex(-1, 0, 4)]
Key X: 372.0Key Y: 600.0, Value: [Vertex(-2, 1, 3), Vertex(-1, 2, 5)]
Key X: 788.0Key Y: 200.0, Value: [Vertex(1, -2, 2), Vertex(1, -1, 0)]
Key X: 441.0Key Y: 480.0, Value: [Vertex(-2, 1, 1), Vertex(-1, 1, 5), Vertex(-1, 0, 3)]
Key X: 511.0Key Y: 360.0, Value: [Vertex(0, 0, 5), Vertex(-1, 0, 1), Vertex(-1, -1, 3)]
Key X: 441.0Key Y: 560.0, Value: [Vertex(-2, 1, 2), Vertex(-1, 2, 0), Vertex(-1, 1, 4)]
Key X: 372.0Key Y: 680.0, Value: [Vertex(-1, 2, 4)]
Key X: 511.0Key Y: 440.0, Value: [Vertex(0, 0, 4), Vertex(-1, 1, 0), Vertex(-1, 0, 2)]
Key X: 649.0Key Y: 360.0, Value: [Vertex(0, -1, 3), Vertex(0, 0, 1), Vertex(1, 0, 5)]
Key X: 441.0Key Y: 720.0, Value: [Vertex(-1, 2, 3)]
Key X: 788.0Key Y: 360.0, Value: [Vertex(1, -1, 3), Vertex(2, 0, 5), Vertex(1, 0, 1)]
Key X: 511.0Key Y: 600.0, Value: [Vertex(0, 2, 5), Vertex(-1, 2, 1), Vertex(-1, 1, 3)]
Key X: 649.0Key Y: 440.0, Value: [Vertex(0, 0, 2), Vertex(0, 1, 0), Vertex(1, 0, 4)]
Key X: 511.0Key Y: 680.0, Value: [Vertex(0, 2, 4), Vertex(-1, 2, 2)]
Key X: 926.0Key Y: 360.0, Value: [Vertex(2, 0, 1)]
Key X: 649.0Key Y: 600.0, Value: [Vertex(0, 1, 3), Vertex(1, 2, 5), Vertex(0, 2, 1)]
Key X: 788.0Key Y: 440.0, Value: [Vertex(1, 1, 0), Vertex(2, 0, 4), Vertex(1, 0, 2)]
Key X: 649.0Key Y: 680.0, Value: [Vertex(1, 2, 4), Vertex(0, 2, 2)]
Key X: 926.0Key Y: 440.0, Value: [Vertex(2, 0, 2)]
Key X: 788.0Key Y: 600.0, Value: [Vertex(1, 1, 3), Vertex(1, 2, 1)]
Key X: 788.0Key Y: 680.0, Value: [Vertex(1, 2, 2)]
Key X: 580.0Key Y: 80.0, Value: [Vertex(0, -2, 0)]
Key X: 719.0Key Y: 80.0, Value: [Vertex(1, -2, 0)]
Key X: 580.0Key Y: 240.0, Value: [Vertex(0, -1, 5), Vertex(0, -2, 3), Vertex(-1, -1, 1)]
Key X: 234.0Key Y: 360.0, Value: [Vertex(-2, 0, 5)]
Key X: 580.0Key Y: 320.0, Value: [Vertex(0, -1, 4), Vertex(0, 0, 0), Vertex(-1, -1, 2)]
Key X: 234.0Key Y: 440.0, Value: [Vertex(-2, 0, 4)]
Key X: 719.0Key Y: 240.0, Value: [Vertex(0, -1, 1), Vertex(1, -2, 3), Vertex(1, -1, 5)]
Key X: 857.0Key Y: 240.0, Value: [Vertex(1, -1, 1)]
Key X: 719.0Key Y: 320.0, Value: [Vertex(0, -1, 2), Vertex(1, -1, 4), Vertex(1, 0, 0)]
Key X: 580.0Key Y: 480.0, Value: [Vertex(0, 0, 3), Vertex(0, 1, 5), Vertex(-1, 1, 1)]
Vertex dir=0 q: -1 r: -2 x=441.43593539448983 roundedX=441.0 y=80.0 roundedY=80.0
Vertex dir=1 q: -1 r: -2 x=510.71796769724494 roundedX=511.0 y=120.0 roundedY=120.0
Vertex dir=2 q: -1 r: -2 x=510.71796769724494 roundedX=511.0 y=200.0 roundedY=200.0
Vertex dir=3 q: -1 r: -2 x=441.43593539448983 roundedX=441.0 y=240.0 roundedY=240.0
Vertex dir=4 q: -1 r: -2 x=372.1539030917347 roundedX=372.0 y=200.00000000000003 roundedY=200.0
Vertex dir=5 q: -1 r: -2 x=372.1539030917347 roundedX=372.0 y=120.0 roundedY=120.0
Vertex dir=0 q: 0 r: -1 x=649.282032302755 roundedX=649.0 y=200.0 roundedY=200.0
Vertex dir=1 q: 0 r: -1 x=718.5640646055101 roundedX=719.0 y=240.0 roundedY=240.0
Vertex dir=2 q: 0 r: -1 x=718.5640646055101 roundedX=719.0 y=320.0 roundedY=320.0
Vertex dir=3 q: 0 r: -1 x=649.282032302755 roundedX=649.0 y=360.0 roundedY=360.0
Vertex dir=4 q: 0 r: -1 x=580.0 roundedX=580.0 y=320.0 roundedY=320.0
Vertex dir=5 q: 0 r: -1 x=580.0 roundedX=580.0 y=240.0 roundedY=240.0
Vertex dir=0 q: 0 r: 0 x=580.0 roundedX=580.0 y=320.0 roundedY=320.0
Vertex dir=1 q: 0 r: 0 x=649.282032302755 roundedX=649.0 y=360.0 roundedY=360.0
Vertex dir=2 q: 0 r: 0 x=649.282032302755 roundedX=649.0 y=440.0 roundedY=440.0
Vertex dir=3 q: 0 r: 0 x=580.0 roundedX=580.0 y=480.0 roundedY=480.0
Vertex dir=4 q: 0 r: 0 x=510.71796769724494 roundedX=511.0 y=440.0 roundedY=440.0
Vertex dir=5 q: 0 r: 0 x=510.71796769724494 roundedX=511.0 y=360.0 roundedY=360.0
Vertex dir=0 q: 1 r: 1 x=787.8460969082653 roundedX=788.0 y=440.0 roundedY=440.0
Vertex dir=1 q: 1 r: 1 x=857.1281292110203 roundedX=857.0 y=480.0 roundedY=480.0
Vertex dir=2 q: 1 r: 1 x=857.1281292110203 roundedX=857.0 y=560.0 roundedY=560.0
Vertex dir=3 q: 1 r: 1 x=787.8460969082653 roundedX=788.0 y=600.0 roundedY=600.0
Vertex dir=4 q: 1 r: 1 x=718.5640646055102 roundedX=719.0 y=560.0 roundedY=560.0
Vertex dir=5 q: 1 r: 1 x=718.5640646055102 roundedX=719.0 y=480.0 roundedY=480.0
Vertex dir=0 q: 0 r: -2 x=580.0 roundedX=580.0 y=80.0 roundedY=80.0
Vertex dir=1 q: 0 r: -2 x=649.282032302755 roundedX=649.0 y=120.0 roundedY=120.0
Vertex dir=2 q: 0 r: -2 x=649.282032302755 roundedX=649.0 y=200.0 roundedY=200.0
Vertex dir=3 q: 0 r: -2 x=580.0 roundedX=580.0 y=240.0 roundedY=240.0
Vertex dir=4 q: 0 r: -2 x=510.71796769724494 roundedX=511.0 y=200.00000000000003 roundedY=200.0
Vertex dir=5 q: 0 r: -2 x=510.71796769724494 roundedX=511.0 y=120.0 roundedY=120.0
Vertex dir=0 q: 0 r: 1 x=649.282032302755 roundedX=649.0 y=440.0 roundedY=440.0
Vertex dir=1 q: 0 r: 1 x=718.5640646055101 roundedX=719.0 y=480.0 roundedY=480.0
Vertex dir=2 q: 0 r: 1 x=718.5640646055101 roundedX=719.0 y=560.0 roundedY=560.0
Vertex dir=3 q: 0 r: 1 x=649.282032302755 roundedX=649.0 y=600.0 roundedY=600.0
Vertex dir=4 q: 0 r: 1 x=580.0 roundedX=580.0 y=560.0 roundedY=560.0
Vertex dir=5 q: 0 r: 1 x=580.0 roundedX=580.0 y=480.0 roundedY=480.0
Vertex dir=0 q: 1 r: 2 x=718.5640646055101 roundedX=719.0 y=560.0 roundedY=560.0
Vertex dir=1 q: 1 r: 2 x=787.8460969082652 roundedX=788.0 y=600.0 roundedY=600.0
Vertex dir=2 q: 1 r: 2 x=787.8460969082652 roundedX=788.0 y=680.0 roundedY=680.0
Vertex dir=3 q: 1 r: 2 x=718.5640646055101 roundedX=719.0 y=720.0 roundedY=720.0
Vertex dir=4 q: 1 r: 2 x=649.282032302755 roundedX=649.0 y=680.0 roundedY=680.0
Vertex dir=5 q: 1 r: 2 x=649.282032302755 roundedX=649.0 y=600.0 roundedY=600.0
Vertex dir=0 q: 0 r: 2 x=580.0 roundedX=580.0 y=560.0 roundedY=560.0
Vertex dir=1 q: 0 r: 2 x=649.282032302755 roundedX=649.0 y=600.0 roundedY=600.0
Vertex dir=2 q: 0 r: 2 x=649.282032302755 roundedX=649.0 y=680.0 roundedY=680.0
Vertex dir=3 q: 0 r: 2 x=580.0 roundedX=580.0 y=720.0 roundedY=720.0
Vertex dir=4 q: 0 r: 2 x=510.71796769724494 roundedX=511.0 y=680.0 roundedY=680.0
Vertex dir=5 q: 0 r: 2 x=510.71796769724494 roundedX=511.0 y=600.0 roundedY=600.0
Vertex dir=0 q: -2 r: 1 x=372.1539030917347 roundedX=372.0 y=440.0 roundedY=440.0
Vertex dir=1 q: -2 r: 1 x=441.4359353944898 roundedX=441.0 y=480.0 roundedY=480.0
Vertex dir=2 q: -2 r: 1 x=441.43593539448983 roundedX=441.0 y=560.0 roundedY=560.0
Vertex dir=3 q: -2 r: 1 x=372.1539030917347 roundedX=372.0 y=600.0 roundedY=600.0
Vertex dir=4 q: -2 r: 1 x=302.87187078897966 roundedX=303.0 y=560.0 roundedY=560.0
Vertex dir=5 q: -2 r: 1 x=302.87187078897966 roundedX=303.0 y=480.0 roundedY=480.0
Vertex dir=0 q: -1 r: 2 x=441.43593539448983 roundedX=441.0 y=560.0 roundedY=560.0
Vertex dir=1 q: -1 r: 2 x=510.71796769724494 roundedX=511.0 y=600.0 roundedY=600.0
Vertex dir=2 q: -1 r: 2 x=510.71796769724494 roundedX=511.0 y=680.0 roundedY=680.0
Vertex dir=3 q: -1 r: 2 x=441.43593539448983 roundedX=441.0 y=720.0 roundedY=720.0
Vertex dir=4 q: -1 r: 2 x=372.1539030917347 roundedX=372.0 y=680.0 roundedY=680.0
Vertex dir=5 q: -1 r: 2 x=372.1539030917347 roundedX=372.0 y=600.0 roundedY=600.0
Vertex dir=0 q: 1 r: -2 x=718.5640646055101 roundedX=719.0 y=80.0 roundedY=80.0
Vertex dir=1 q: 1 r: -2 x=787.8460969082652 roundedX=788.0 y=120.0 roundedY=120.0
Vertex dir=2 q: 1 r: -2 x=787.8460969082652 roundedX=788.0 y=200.0 roundedY=200.0
Vertex dir=3 q: 1 r: -2 x=718.5640646055101 roundedX=719.0 y=240.0 roundedY=240.0
Vertex dir=4 q: 1 r: -2 x=649.282032302755 roundedX=649.0 y=200.00000000000003 roundedY=200.0
Vertex dir=5 q: 1 r: -2 x=649.282032302755 roundedX=649.0 y=120.0 roundedY=120.0
Vertex dir=0 q: -2 r: 0 x=302.87187078897966 roundedX=303.0 y=320.0 roundedY=320.0
Vertex dir=1 q: -2 r: 0 x=372.1539030917347 roundedX=372.0 y=360.0 roundedY=360.0
Vertex dir=2 q: -2 r: 0 x=372.1539030917348 roundedX=372.0 y=440.0 roundedY=440.0
Vertex dir=3 q: -2 r: 0 x=302.87187078897966 roundedX=303.0 y=480.0 roundedY=480.0
Vertex dir=4 q: -2 r: 0 x=233.58983848622458 roundedX=234.0 y=440.0 roundedY=440.0
Vertex dir=5 q: -2 r: 0 x=233.58983848622458 roundedX=234.0 y=360.0 roundedY=360.0
Vertex dir=0 q: -1 r: 1 x=510.71796769724494 roundedX=511.0 y=440.0 roundedY=440.0
Vertex dir=1 q: -1 r: 1 x=580.0 roundedX=580.0 y=480.0 roundedY=480.0
Vertex dir=2 q: -1 r: 1 x=580.0 roundedX=580.0 y=560.0 roundedY=560.0
Vertex dir=3 q: -1 r: 1 x=510.71796769724494 roundedX=511.0 y=600.0 roundedY=600.0
Vertex dir=4 q: -1 r: 1 x=441.4359353944899 roundedX=441.0 y=560.0 roundedY=560.0
Vertex dir=5 q: -1 r: 1 x=441.4359353944899 roundedX=441.0 y=480.0 roundedY=480.0
Vertex dir=0 q: -2 r: -1 x=372.1539030917347 roundedX=372.0 y=200.0 roundedY=200.0
Vertex dir=1 q: -2 r: -1 x=441.4359353944898 roundedX=441.0 y=240.0 roundedY=240.0
Vertex dir=2 q: -2 r: -1 x=441.43593539448983 roundedX=441.0 y=320.0 roundedY=320.0
Vertex dir=3 q: -2 r: -1 x=372.1539030917347 roundedX=372.0 y=360.0 roundedY=360.0
Vertex dir=4 q: -2 r: -1 x=302.87187078897966 roundedX=303.0 y=320.0 roundedY=320.0
Vertex dir=5 q: -2 r: -1 x=302.87187078897966 roundedX=303.0 y=240.0 roundedY=240.0
Vertex dir=0 q: 1 r: -1 x=787.8460969082653 roundedX=788.0 y=200.0 roundedY=200.0
Vertex dir=1 q: 1 r: -1 x=857.1281292110203 roundedX=857.0 y=240.0 roundedY=240.0
Vertex dir=2 q: 1 r: -1 x=857.1281292110203 roundedX=857.0 y=320.0 roundedY=320.0
Vertex dir=3 q: 1 r: -1 x=787.8460969082653 roundedX=788.0 y=360.0 roundedY=360.0
Vertex dir=4 q: 1 r: -1 x=718.5640646055102 roundedX=719.0 y=320.0 roundedY=320.0
Vertex dir=5 q: 1 r: -1 x=718.5640646055102 roundedX=719.0 y=240.0 roundedY=240.0
Vertex dir=0 q: -1 r: 0 x=441.43593539448983 roundedX=441.0 y=320.0 roundedY=320.0
Vertex dir=1 q: -1 r: 0 x=510.71796769724494 roundedX=511.0 y=360.0 roundedY=360.0
Vertex dir=2 q: -1 r: 0 x=510.71796769724494 roundedX=511.0 y=440.0 roundedY=440.0
Vertex dir=3 q: -1 r: 0 x=441.43593539448983 roundedX=441.0 y=480.0 roundedY=480.0
Vertex dir=4 q: -1 r: 0 x=372.1539030917347 roundedX=372.0 y=440.0 roundedY=440.0
Vertex dir=5 q: -1 r: 0 x=372.1539030917347 roundedX=372.0 y=360.0 roundedY=360.0
Vertex dir=0 q: 2 r: 0 x=857.1281292110203 roundedX=857.0 y=320.0 roundedY=320.0
Vertex dir=1 q: 2 r: 0 x=926.4101615137754 roundedX=926.0 y=360.0 roundedY=360.0
Vertex dir=2 q: 2 r: 0 x=926.4101615137754 roundedX=926.0 y=440.0 roundedY=440.0
Vertex dir=3 q: 2 r: 0 x=857.1281292110203 roundedX=857.0 y=480.0 roundedY=480.0
Vertex dir=4 q: 2 r: 0 x=787.8460969082653 roundedX=788.0 y=440.0 roundedY=440.0
Vertex dir=5 q: 2 r: 0 x=787.8460969082653 roundedX=788.0 y=360.0 roundedY=360.0
Vertex dir=0 q: -1 r: -1 x=510.71796769724494 roundedX=511.0 y=200.0 roundedY=200.0
Vertex dir=1 q: -1 r: -1 x=580.0 roundedX=580.0 y=240.0 roundedY=240.0
Vertex dir=2 q: -1 r: -1 x=580.0 roundedX=580.0 y=320.0 roundedY=320.0
Vertex dir=3 q: -1 r: -1 x=510.71796769724494 roundedX=511.0 y=360.0 roundedY=360.0
Vertex dir=4 q: -1 r: -1 x=441.4359353944899 roundedX=441.0 y=320.0 roundedY=320.0
Vertex dir=5 q: -1 r: -1 x=441.4359353944899 roundedX=441.0 y=240.0 roundedY=240.0
Vertex dir=0 q: 1 r: 0 x=718.5640646055101 roundedX=719.0 y=320.0 roundedY=320.0
Vertex dir=1 q: 1 r: 0 x=787.8460969082652 roundedX=788.0 y=360.0 roundedY=360.0
Vertex dir=2 q: 1 r: 0 x=787.8460969082652 roundedX=788.0 y=440.0 roundedY=440.0
Vertex dir=3 q: 1 r: 0 x=718.5640646055101 roundedX=719.0 y=480.0 roundedY=480.0
Vertex dir=4 q: 1 r: 0 x=649.282032302755 roundedX=649.0 y=440.0 roundedY=440.0
Vertex dir=5 q: 1 r: 0 x=649.282032302755 roundedX=649.0 y=360.0 roundedY=360.0
Key X: 580.0Key Y: 560.0, Value: [Vertex(0, 1, 4), Vertex(0, 2, 0), Vertex(-1, 1, 2)]
Key X: 857.0Key Y: 320.0, Value: [Vertex(1, -1, 2), Vertex(2, 0, 0)]
Key X: 719.0Key Y: 480.0, Value: [Vertex(1, 1, 5), Vertex(0, 1, 1), Vertex(1, 0, 3)]
Key X: 580.0Key Y: 720.0, Value: [Vertex(0, 2, 3)]
Key X: 719.0Key Y: 560.0, Value: [Vertex(1, 1, 4), Vertex(0, 1, 2), Vertex(1, 2, 0)]
Key X: 441.0Key Y: 80.0, Value: [Vertex(-1, -2, 0)]
Key X: 857.0Key Y: 480.0, Value: [Vertex(1, 1, 1), Vertex(2, 0, 3)]
Key X: 719.0Key Y: 720.0, Value: [Vertex(1, 2, 3)]
Key X: 857.0Key Y: 560.0, Value: [Vertex(1, 1, 2)]
Key X: 372.0Key Y: 120.0, Value: [Vertex(-1, -2, 5)]
Key X: 303.0Key Y: 240.0, Value: [Vertex(-2, -1, 5)]
Key X: 372.0Key Y: 200.0, Value: [Vertex(-1, -2, 4), Vertex(-2, -1, 0)]
Key X: 511.0Key Y: 120.0, Value: [Vertex(-1, -2, 1), Vertex(0, -2, 5)]
Key X: 303.0Key Y: 320.0, Value: [Vertex(-2, 0, 0), Vertex(-2, -1, 4)]
Key X: 649.0Key Y: 120.0, Value: [Vertex(0, -2, 1), Vertex(1, -2, 5)]
Key X: 441.0Key Y: 240.0, Value: [Vertex(-1, -2, 3), Vertex(-2, -1, 1), Vertex(-1, -1, 5)]
Key X: 372.0Key Y: 360.0, Value: [Vertex(-2, 0, 1), Vertex(-2, -1, 3), Vertex(-1, 0, 5)]
Key X: 511.0Key Y: 200.0, Value: [Vertex(-1, -2, 2), Vertex(0, -2, 4), Vertex(-1, -1, 0)]
Key X: 788.0Key Y: 120.0, Value: [Vertex(1, -2, 1)]
Key X: 303.0Key Y: 480.0, Value: [Vertex(-2, 1, 5), Vertex(-2, 0, 3)]
Key X: 441.0Key Y: 320.0, Value: [Vertex(-2, -1, 2), Vertex(-1, 0, 0), Vertex(-1, -1, 4)]
Key X: 649.0Key Y: 200.0, Value: [Vertex(0, -1, 0), Vertex(0, -2, 2), Vertex(1, -2, 4)]
Key X: 303.0Key Y: 560.0, Value: [Vertex(-2, 1, 4)]
Key X: 372.0Key Y: 440.0, Value: [Vertex(-2, 1, 0), Vertex(-2, 0, 2), Vertex(-1, 0, 4)]
Key X: 372.0Key Y: 600.0, Value: [Vertex(-2, 1, 3), Vertex(-1, 2, 5)]
Key X: 788.0Key Y: 200.0, Value: [Vertex(1, -2, 2), Vertex(1, -1, 0)]
Key X: 441.0Key Y: 480.0, Value: [Vertex(-2, 1, 1), Vertex(-1, 1, 5), Vertex(-1, 0, 3)]
Key X: 511.0Key Y: 360.0, Value: [Vertex(0, 0, 5), Vertex(-1, 0, 1), Vertex(-1, -1, 3)]
Key X: 441.0Key Y: 560.0, Value: [Vertex(-2, 1, 2), Vertex(-1, 2, 0), Vertex(-1, 1, 4)]
Key X: 372.0Key Y: 680.0, Value: [Vertex(-1, 2, 4)]
Key X: 511.0Key Y: 440.0, Value: [Vertex(0, 0, 4), Vertex(-1, 1, 0), Vertex(-1, 0, 2)]
Key X: 649.0Key Y: 360.0, Value: [Vertex(0, -1, 3), Vertex(0, 0, 1), Vertex(1, 0, 5)]
Key X: 441.0Key Y: 720.0, Value: [Vertex(-1, 2, 3)]
Key X: 788.0Key Y: 360.0, Value: [Vertex(1, -1, 3), Vertex(2, 0, 5), Vertex(1, 0, 1)]
Key X: 511.0Key Y: 600.0, Value: [Vertex(0, 2, 5), Vertex(-1, 2, 1), Vertex(-1, 1, 3)]
Key X: 649.0Key Y: 440.0, Value: [Vertex(0, 0, 2), Vertex(0, 1, 0), Vertex(1, 0, 4)]
Key X: 511.0Key Y: 680.0, Value: [Vertex(0, 2, 4), Vertex(-1, 2, 2)]
Key X: 926.0Key Y: 360.0, Value: [Vertex(2, 0, 1)]
Key X: 649.0Key Y: 600.0, Value: [Vertex(0, 1, 3), Vertex(1, 2, 5), Vertex(0, 2, 1)]
Key X: 788.0Key Y: 440.0, Value: [Vertex(1, 1, 0), Vertex(2, 0, 4), Vertex(1, 0, 2)]
Key X: 649.0Key Y: 680.0, Value: [Vertex(1, 2, 4), Vertex(0, 2, 2)]
Key X: 926.0Key Y: 440.0, Value: [Vertex(2, 0, 2)]
Key X: 788.0Key Y: 600.0, Value: [Vertex(1, 1, 3), Vertex(1, 2, 1)]
Key X: 788.0Key Y: 680.0, Value: [Vertex(1, 2, 2)]
Key X: 580.0Key Y: 80.0, Value: [Vertex(0, -2, 0)]
Key X: 719.0Key Y: 80.0, Value: [Vertex(1, -2, 0)]
Key X: 580.0Key Y: 240.0, Value: [Vertex(0, -1, 5), Vertex(0, -2, 3), Vertex(-1, -1, 1)]
Key X: 234.0Key Y: 360.0, Value: [Vertex(-2, 0, 5)]
Key X: 580.0Key Y: 320.0, Value: [Vertex(0, -1, 4), Vertex(0, 0, 0), Vertex(-1, -1, 2)]
Key X: 234.0Key Y: 440.0, Value: [Vertex(-2, 0, 4)]
Key X: 719.0Key Y: 240.0, Value: [Vertex(0, -1, 1), Vertex(1, -2, 3), Vertex(1, -1, 5)]
Key X: 857.0Key Y: 240.0, Value: [Vertex(1, -1, 1)]
Key X: 719.0Key Y: 320.0, Value: [Vertex(0, -1, 2), Vertex(1, -1, 4), Vertex(1, 0, 0)]
Key X: 580.0Key Y: 480.0, Value: [Vertex(0, 0, 3), Vertex(0, 1, 5), Vertex(-1, 1, 1)]
Key: Vertex(-2, 1, 4) -> Value: Vertex(-2, 1, 4)
Size: 114
Key: Vertex(-2, 1, 5) -> Value: Vertex(-2, 1, 5)
Size: 114
Key: Vertex(1, -1, 0) -> Value: Vertex(1, -2, 2)
Size: 114
Key: Vertex(1, -1, 1) -> Value: Vertex(1, -1, 1)
Size: 114
Key: Vertex(1, -1, 2) -> Value: Vertex(1, -1, 2)
Size: 114
Key: Vertex(1, -1, 3) -> Value: Vertex(1, -1, 3)
Size: 114
Key: Vertex(1, -1, 4) -> Value: Vertex(0, -1, 2)
Size: 114
Key: Vertex(1, -1, 5) -> Value: Vertex(0, -1, 1)
Size: 114
Key: Vertex(1, 0, 0) -> Value: Vertex(0, -1, 2)
Size: 114
Key: Vertex(1, 0, 1) -> Value: Vertex(1, -1, 3)
Size: 114
Key: Vertex(0, -2, 0) -> Value: Vertex(0, -2, 0)
Size: 114
Key: Vertex(0, -2, 1) -> Value: Vertex(0, -2, 1)
Size: 114
Key: Vertex(1, 0, 2) -> Value: Vertex(1, 1, 0)
Size: 114
Key: Vertex(1, 0, 3) -> Value: Vertex(1, 1, 5)
Size: 114
Key: Vertex(0, -2, 2) -> Value: Vertex(0, -1, 0)
Size: 114
Key: Vertex(1, 0, 4) -> Value: Vertex(0, 0, 2)
Size: 114
Key: Vertex(0, -2, 3) -> Value: Vertex(0, -1, 5)
Size: 114
Key: Vertex(0, -2, 4) -> Value: Vertex(-1, -2, 2)
Size: 114
Key: Vertex(1, 0, 5) -> Value: Vertex(0, -1, 3)
Size: 114
Key: Vertex(0, -2, 5) -> Value: Vertex(-1, -2, 1)
Size: 114
Key: Vertex(1, 1, 0) -> Value: Vertex(1, 1, 0)
Size: 114
Key: Vertex(1, 1, 1) -> Value: Vertex(1, 1, 1)
Size: 114
Key: Vertex(0, -1, 0) -> Value: Vertex(0, -1, 0)
Size: 114
Key: Vertex(1, 1, 2) -> Value: Vertex(1, 1, 2)
Size: 114
Key: Vertex(0, -1, 1) -> Value: Vertex(0, -1, 1)
Size: 114
Key: Vertex(1, 1, 3) -> Value: Vertex(1, 1, 3)
Size: 114
Key: Vertex(0, -1, 2) -> Value: Vertex(0, -1, 2)
Size: 114
Key: Vertex(1, 1, 4) -> Value: Vertex(1, 1, 4)
Size: 114
Key: Vertex(0, -1, 3) -> Value: Vertex(0, -1, 3)
Size: 114
Key: Vertex(1, 1, 5) -> Value: Vertex(1, 1, 5)
Size: 114
Key: Vertex(0, -1, 4) -> Value: Vertex(0, -1, 4)
Size: 114
Key: Vertex(0, -1, 5) -> Value: Vertex(0, -1, 5)
Size: 114
Key: Vertex(1, 2, 0) -> Value: Vertex(1, 1, 4)
Size: 114
Key: Vertex(1, 2, 1) -> Value: Vertex(1, 1, 3)
Size: 114
Key: Vertex(0, 0, 0) -> Value: Vertex(0, -1, 4)
Size: 114
Key: Vertex(-1, -2, 0) -> Value: Vertex(-1, -2, 0)
Size: 114
Key: Vertex(0, 0, 1) -> Value: Vertex(0, -1, 3)
Size: 114
Key: Vertex(1, 2, 2) -> Value: Vertex(1, 2, 2)
Size: 114
Key: Vertex(1, 2, 3) -> Value: Vertex(1, 2, 3)
Size: 114
Key: Vertex(-1, -2, 1) -> Value: Vertex(-1, -2, 1)
Size: 114
Key: Vertex(0, 0, 2) -> Value: Vertex(0, 0, 2)
Size: 114
Key: Vertex(-1, -2, 2) -> Value: Vertex(-1, -2, 2)
Size: 114
Key: Vertex(1, 2, 4) -> Value: Vertex(1, 2, 4)
Size: 114
Key: Vertex(0, 0, 3) -> Value: Vertex(0, 0, 3)
Size: 114
Key: Vertex(-1, -2, 3) -> Value: Vertex(-1, -2, 3)
Size: 114
Key: Vertex(0, 0, 4) -> Value: Vertex(0, 0, 4)
Size: 114
Key: Vertex(1, 2, 5) -> Value: Vertex(0, 1, 3)
Size: 114
Key: Vertex(-1, -2, 4) -> Value: Vertex(-1, -2, 4)
Size: 114
Key: Vertex(0, 0, 5) -> Value: Vertex(0, 0, 5)
Size: 114
Key: Vertex(-1, -2, 5) -> Value: Vertex(-1, -2, 5)
Size: 114
Key: Vertex(0, 1, 0) -> Value: Vertex(0, 0, 2)
Size: 114
Key: Vertex(0, 1, 1) -> Value: Vertex(1, 1, 5)
Size: 114
Key: Vertex(-1, -1, 0) -> Value: Vertex(-1, -2, 2)
Size: 114
Key: Vertex(0, 1, 2) -> Value: Vertex(1, 1, 4)
Size: 114
Key: Vertex(-1, -1, 1) -> Value: Vertex(0, -1, 5)
Size: 114
Key: Vertex(0, 1, 3) -> Value: Vertex(0, 1, 3)
Size: 114
Key: Vertex(-1, -1, 2) -> Value: Vertex(0, -1, 4)
Size: 114
Key: Vertex(0, 1, 4) -> Value: Vertex(0, 1, 4)
Size: 114
Key: Vertex(-1, -1, 3) -> Value: Vertex(0, 0, 5)
Size: 114
Key: Vertex(-1, -1, 4) -> Value: Vertex(-2, -1, 2)
Size: 114
Key: Vertex(0, 1, 5) -> Value: Vertex(0, 0, 3)
Size: 114
Key: Vertex(-1, -1, 5) -> Value: Vertex(-1, -2, 3)
Size: 114
Key: Vertex(0, 2, 0) -> Value: Vertex(0, 1, 4)
Size: 114
Key: Vertex(-1, 0, 0) -> Value: Vertex(-2, -1, 2)
Size: 114
Key: Vertex(0, 2, 1) -> Value: Vertex(0, 1, 3)
Size: 114
Key: Vertex(-1, 0, 1) -> Value: Vertex(0, 0, 5)
Size: 114
Key: Vertex(0, 2, 2) -> Value: Vertex(1, 2, 4)
Size: 114
Key: Vertex(0, 2, 3) -> Value: Vertex(0, 2, 3)
Size: 114
Key: Vertex(-1, 0, 2) -> Value: Vertex(0, 0, 4)
Size: 114
Key: Vertex(-1, 0, 3) -> Value: Vertex(-2, 1, 1)
Size: 114
Key: Vertex(0, 2, 4) -> Value: Vertex(0, 2, 4)
Size: 114
Key: Vertex(-1, 0, 4) -> Value: Vertex(-2, 1, 0)
Size: 114
Key: Vertex(0, 2, 5) -> Value: Vertex(0, 2, 5)
Size: 114
Key: Vertex(-1, 0, 5) -> Value: Vertex(-2, 0, 1)
Size: 114
Key: Vertex(-1, 1, 0) -> Value: Vertex(0, 0, 4)
Size: 114
Key: Vertex(-2, -1, 0) -> Value: Vertex(-1, -2, 4)
Size: 114
Key: Vertex(-1, 1, 1) -> Value: Vertex(0, 0, 3)
Size: 114
Key: Vertex(-1, 1, 2) -> Value: Vertex(0, 1, 4)
Size: 114
Key: Vertex(-2, -1, 1) -> Value: Vertex(-1, -2, 3)
Size: 114
Key: Vertex(-2, -1, 2) -> Value: Vertex(-2, -1, 2)
Size: 114
Key: Vertex(-1, 1, 3) -> Value: Vertex(0, 2, 5)
Size: 114
Key: Vertex(-2, -1, 3) -> Value: Vertex(-2, 0, 1)
Size: 114
Key: Vertex(-1, 1, 4) -> Value: Vertex(-2, 1, 2)
Size: 114
Key: Vertex(-2, -1, 4) -> Value: Vertex(-2, 0, 0)
Size: 114
Key: Vertex(-1, 1, 5) -> Value: Vertex(-2, 1, 1)
Size: 114
Key: Vertex(-2, -1, 5) -> Value: Vertex(-2, -1, 5)
Size: 114
Key: Vertex(-1, 2, 0) -> Value: Vertex(-2, 1, 2)
Size: 114
Key: Vertex(-2, 0, 0) -> Value: Vertex(-2, 0, 0)
Size: 114
Key: Vertex(-1, 2, 1) -> Value: Vertex(0, 2, 5)
Size: 114
Key: Vertex(-2, 0, 1) -> Value: Vertex(-2, 0, 1)
Size: 114
Key: Vertex(-1, 2, 2) -> Value: Vertex(0, 2, 4)
Size: 114
Key: Vertex(-2, 0, 2) -> Value: Vertex(-2, 1, 0)
Size: 114
Key: Vertex(-1, 2, 3) -> Value: Vertex(-1, 2, 3)
Size: 114
Key: Vertex(-2, 0, 3) -> Value: Vertex(-2, 1, 5)
Size: 114
Key: Vertex(-1, 2, 4) -> Value: Vertex(-1, 2, 4)
Size: 114
Key: Vertex(2, 0, 0) -> Value: Vertex(1, -1, 2)
Size: 114
Key: Vertex(-1, 2, 5) -> Value: Vertex(-2, 1, 3)
Size: 114
Key: Vertex(-2, 0, 4) -> Value: Vertex(-2, 0, 4)
Size: 114
Key: Vertex(2, 0, 1) -> Value: Vertex(2, 0, 1)
Size: 114
Key: Vertex(1, -2, 0) -> Value: Vertex(1, -2, 0)
Size: 114
Key: Vertex(-2, 0, 5) -> Value: Vertex(-2, 0, 5)
Size: 114
Key: Vertex(1, -2, 1) -> Value: Vertex(1, -2, 1)
Size: 114
Key: Vertex(2, 0, 2) -> Value: Vertex(2, 0, 2)
Size: 114
Key: Vertex(2, 0, 3) -> Value: Vertex(1, 1, 1)
Size: 114
Key: Vertex(1, -2, 2) -> Value: Vertex(1, -2, 2)
Size: 114
Key: Vertex(2, 0, 4) -> Value: Vertex(1, 1, 0)
Size: 114
Key: Vertex(1, -2, 3) -> Value: Vertex(0, -1, 1)
Size: 114
Key: Vertex(1, -2, 4) -> Value: Vertex(0, -1, 0)
Size: 114
Key: Vertex(2, 0, 5) -> Value: Vertex(1, -1, 3)
Size: 114
Key: Vertex(1, -2, 5) -> Value: Vertex(0, -2, 1)
Size: 114
Key: Vertex(-2, 1, 0) -> Value: Vertex(-2, 1, 0)
Size: 114
Key: Vertex(-2, 1, 1) -> Value: Vertex(-2, 1, 1)
Size: 114
Key: Vertex(-2, 1, 2) -> Value: Vertex(-2, 1, 2)
Size: 114
Key: Vertex(-2, 1, 3) -> Value: Vertex(-2, 1, 3)
Size: 114
Berechnete einzigartige Edges: 72
✓ Authentisches CATAN-Board initialisiert: 54 Siedlungen, 72 Straßen
]]></system-out>
  </testcase>
</testsuite>